<?xml version="1.0" encoding="UTF-8"?>
<!-- Generated by org.testng.reporters.JUnitReportReporter -->
<testsuite hostname="ozonetel-santosh" failures="0" tests="10" name="com.CA.qa.TestCases.AddCampaignPageTest" time="444.630" errors="0" timestamp="2021-01-12T19:35:22 IST" skipped="0">
  <testcase classname="com.CA.qa.TestCases.AddCampaignPageTest" name="AddCampaign" time="28.689"/>
  <system-out/>
  <testcase classname="com.CA.qa.TestCases.AddCampaignPageTest" name="AddCampaign" time="28.465"/>
  <system-out/>
  <testcase classname="com.CA.qa.TestCases.AddCampaignPageTest" name="AddCampaign" time="55.740"/>
  <system-out/>
  <testcase classname="com.CA.qa.TestCases.AddCampaignPageTest" name="AddCampaign" time="27.621"/>
  <system-out/>
  <testcase classname="com.CA.qa.TestCases.AddCampaignPageTest" name="AddCampaign" time="27.568"/>
  <system-out/>
  <testcase classname="com.CA.qa.TestCases.AddCampaignPageTest" name="AddCampaign" time="87.536"/>
  <system-out/>
  <testcase classname="com.CA.qa.TestCases.AddCampaignPageTest" name="AddCampaign" time="45.243"/>
  <system-out/>
  <testcase classname="com.CA.qa.TestCases.AddCampaignPageTest" name="AddCampaign" time="52.070"/>
  <system-out/>
  <testcase classname="com.CA.qa.TestCases.AddCampaignPageTest" name="AddCampaign" time="63.408"/>
  <system-out/>
  <testcase classname="com.CA.qa.TestCases.AddCampaignPageTest" name="AddCampaign" time="28.290"/>
  <system-out/>
</testsuite> <!-- com.CA.qa.TestCases.AddCampaignPageTest -->
