<?xml version="1.0" encoding="UTF-8"?>
<!-- Generated by org.testng.reporters.JUnitReportReporter -->
<testsuite hostname="ozonetel-santosh" failures="0" tests="25" name="com.CA.qa.TestCases.ConfigurationPageTest" time="708.688" errors="0" timestamp="2021-06-09T15:36:26 IST" skipped="0">
  <testcase classname="com.CA.qa.TestCases.ConfigurationPageTest" name="AddPhoneNos" time="19.694"/>
  <system-out/>
  <testcase classname="com.CA.qa.TestCases.ConfigurationPageTest" name="AddPhoneNos" time="15.233"/>
  <system-out/>
  <testcase classname="com.CA.qa.TestCases.ConfigurationPageTest" name="AddPhoneNos" time="37.021"/>
  <system-out/>
  <testcase classname="com.CA.qa.TestCases.ConfigurationPageTest" name="AddTransferNos" time="12.433"/>
  <system-out/>
  <testcase classname="com.CA.qa.TestCases.ConfigurationPageTest" name="AddTransferNos" time="13.999"/>
  <system-out/>
  <testcase classname="com.CA.qa.TestCases.ConfigurationPageTest" name="AddTransferNos" time="14.758"/>
  <system-out/>
  <testcase classname="com.CA.qa.TestCases.ConfigurationPageTest" name="AddDispositions" time="12.568"/>
  <system-out/>
  <testcase classname="com.CA.qa.TestCases.ConfigurationPageTest" name="AddDispositions" time="10.465"/>
  <system-out/>
  <testcase classname="com.CA.qa.TestCases.ConfigurationPageTest" name="AddDispositions" time="29.252"/>
  <system-out/>
  <testcase classname="com.CA.qa.TestCases.ConfigurationPageTest" name="ShowFunctionalityOfDispositions" time="23.307"/>
  <system-out/>
  <testcase classname="com.CA.qa.TestCases.ConfigurationPageTest" name="AddDialoutNumbers" time="12.880"/>
  <system-out/>
  <testcase classname="com.CA.qa.TestCases.ConfigurationPageTest" name="AddDialoutNumbers" time="22.558"/>
  <system-out/>
  <testcase classname="com.CA.qa.TestCases.ConfigurationPageTest" name="AddDialoutNumbers" time="12.258"/>
  <system-out/>
  <testcase classname="com.CA.qa.TestCases.ConfigurationPageTest" name="AddDialoutNumbers" time="22.904"/>
  <system-out/>
  <testcase classname="com.CA.qa.TestCases.ConfigurationPageTest" name="ShowFunctionalityOfDialout" time="71.991"/>
  <system-out/>
  <testcase classname="com.CA.qa.TestCases.ConfigurationPageTest" name="AddpauseReasons" time="15.323"/>
  <system-out/>
  <testcase classname="com.CA.qa.TestCases.ConfigurationPageTest" name="AddpauseReasons" time="13.146"/>
  <system-out/>
  <testcase classname="com.CA.qa.TestCases.ConfigurationPageTest" name="AddpauseReasons" time="17.299"/>
  <system-out/>
  <testcase classname="com.CA.qa.TestCases.ConfigurationPageTest" name="AddpauseReasons" time="12.401"/>
  <system-out/>
  <testcase classname="com.CA.qa.TestCases.ConfigurationPageTest" name="ShowFunctionalityOfPauseReasons" time="69.773"/>
  <system-out/>
  <testcase classname="com.CA.qa.TestCases.ConfigurationPageTest" name="BlockNumberBlocking_Unblocking" time="25.606"/>
  <system-out/>
  <testcase classname="com.CA.qa.TestCases.ConfigurationPageTest" name="ShowFunctionalityOfBlockNumber" time="61.611"/>
  <system-out/>
  <testcase classname="com.CA.qa.TestCases.ConfigurationPageTest" name="Add_edit_delete_AgentGroup" time="37.606"/>
  <system-out/>
  <testcase classname="com.CA.qa.TestCases.ConfigurationPageTest" name="ShowFunctionalityOfAgents" time="52.302"/>
  <system-out/>
  <testcase classname="com.CA.qa.TestCases.ConfigurationPageTest" name="ShowFunctionalityOfAgentGroup" time="72.300"/>
  <system-out/>
</testsuite> <!-- com.CA.qa.TestCases.ConfigurationPageTest -->
