<?xml version="1.0" encoding="UTF-8"?>
<!-- Generated by org.testng.reporters.JUnitReportReporter -->
<testsuite hostname="ozonetel-santosh" failures="0" tests="4" name="com.CA.qa.TestCases.AdminHomePageTest" time="54.426" errors="0" timestamp="2021-02-04T21:52:22 IST" skipped="0">
  <testcase classname="com.CA.qa.TestCases.AdminHomePageTest" name="verifyEditProfileIcon" time="12.693"/>
  <system-out/>
  <testcase classname="com.CA.qa.TestCases.AdminHomePageTest" name="verifyInBoundCampaignIcon" time="14.426"/>
  <system-out/>
  <testcase classname="com.CA.qa.TestCases.AdminHomePageTest" name="verifyoutBoundCampaignIcon" time="14.865"/>
  <system-out/>
  <testcase classname="com.CA.qa.TestCases.AdminHomePageTest" name="verifyAgentsIcon" time="12.442"/>
  <system-out/>
</testsuite> <!-- com.CA.qa.TestCases.AdminHomePageTest -->
