<?xml version="1.0" encoding="UTF-8"?>
<!-- Generated by org.testng.reporters.JUnitReportReporter -->
<testsuite hostname="ozonetel-santosh" failures="0" tests="6" name="com.CA.qa.TestCases.AdminLoginPageTest" time="51.450" errors="0" timestamp="2021-01-29T09:27:53 IST" skipped="0">
  <testcase classname="com.CA.qa.TestCases.AdminLoginPageTest" name="verifyAdminLoginPage_TitleTest" time="7.280"/>
  <system-out/>
  <testcase classname="com.CA.qa.TestCases.AdminLoginPageTest" name="verifyAdminLoginpage_logoTest" time="7.488"/>
  <system-out/>
  <testcase classname="com.CA.qa.TestCases.AdminLoginPageTest" name="verifyAdminEmptyUserNameErrorMessageTest" time="8.678"/>
  <system-out/>
  <testcase classname="com.CA.qa.TestCases.AdminLoginPageTest" name="verifyAdminEmptyPasswordErrorMessageTest" time="7.934"/>
  <system-out/>
  <testcase classname="com.CA.qa.TestCases.AdminLoginPageTest" name="verifyAdminInvalidUserErrorMessageTest" time="8.800"/>
  <system-out/>
  <testcase classname="com.CA.qa.TestCases.AdminLoginPageTest" name="verifyAdminloginTest" time="11.270"/>
  <system-out/>
</testsuite> <!-- com.CA.qa.TestCases.AdminLoginPageTest -->
