<?xml version="1.0" encoding="UTF-8"?>
<!-- Generated by org.testng.reporters.JUnitReportReporter -->
<testsuite hostname="ozonetel-santosh" failures="0" tests="1" name="com.CA.qa.TestCases.APITesting" time="2.098" errors="0" timestamp="2021-02-09T21:07:27 IST" skipped="0">
  <testcase classname="com.CA.qa.TestCases.APITesting" name="testResponsecode" time="2.098"/>
  <system-out/>
</testsuite> <!-- com.CA.qa.TestCases.APITesting -->
