<?xml version="1.0" encoding="UTF-8"?>
<!-- Generated by org.testng.reporters.JUnitReportReporter -->
<testsuite hostname="ozonetel-santosh" failures="0" tests="10" name="com.CA.qa.TestCases.AdminLoginPageTest" time="62.038" errors="0" timestamp="2021-04-07T16:44:34 IST" skipped="0">
  <testcase classname="com.CA.qa.TestCases.AdminLoginPageTest" name="verifyAdminloginTest1_1" time="6.645"/>
  <system-out/>
  <testcase classname="com.CA.qa.TestCases.AdminLoginPageTest" name="verifyAdminLoginInvalidUserErrorMessageTest1_2" time="4.834"/>
  <system-out/>
  <testcase classname="com.CA.qa.TestCases.AdminLoginPageTest" name="verifyAdminEmptyUserNameErrorMessageTest1_3" time="3.661"/>
  <system-out/>
  <testcase classname="com.CA.qa.TestCases.AdminLoginPageTest" name="verifyAdminEmptyPasswordErrorMessageTest1_3" time="4.035"/>
  <system-out/>
  <testcase classname="com.CA.qa.TestCases.AdminLoginPageTest" name="verifyAdminWrongUsernameEmptyPasswordErrorMessageTest1_4" time="3.860"/>
  <system-out/>
  <testcase classname="com.CA.qa.TestCases.AdminLoginPageTest" name="verifyAdminCorrectUsernameEmptyPasswordErrorMessageTest1_5" time="5.671"/>
  <system-out/>
  <testcase classname="com.CA.qa.TestCases.AdminLoginPageTest" name="verifyAdminMtUserNamewrongPasswordErrorMessageTest1_6" time="4.324"/>
  <system-out/>
  <testcase classname="com.CA.qa.TestCases.AdminLoginPageTest" name="verifyAdminCorrectUsernameWrongPasswordErrorMessageTest1_7" time="20.094"/>
  <system-out/>
  <testcase classname="com.CA.qa.TestCases.AdminLoginPageTest" name="verifyAdminInvalidUsernameCorrectPasswordErrorMessageTest1_8" time="5.235"/>
  <system-out/>
  <testcase classname="com.CA.qa.TestCases.AdminLoginPageTest" name="verifyAdminLoginPage_TitleTest1_13" time="3.679"/>
  <system-out/>
</testsuite> <!-- com.CA.qa.TestCases.AdminLoginPageTest -->
