<?xml version="1.0" encoding="UTF-8"?>
<!-- Generated by org.testng.reporters.JUnitReportReporter -->
<testsuite hostname="ozonetel-santosh" failures="0" tests="59" name="com.CA.qa.TestCases.ValidateOutboundCampaignPageTest" time="209.103" errors="0" timestamp="2021-02-01T13:19:31 IST" skipped="0">
  <testcase classname="com.CA.qa.TestCases.ValidateOutboundCampaignPageTest" name="ValidateCampaignNameErrorMsg26_1" time="1.279"/>
  <system-out/>
  <testcase classname="com.CA.qa.TestCases.ValidateOutboundCampaignPageTest" name="ValidateCampaignNameDuplicateErrorMsg25_11" time="1.418"/>
  <system-out/>
  <testcase classname="com.CA.qa.TestCases.ValidateOutboundCampaignPageTest" name="ValidateCampaignNameRangeErrorMsg26_12" time="1.345"/>
  <system-out/>
  <testcase classname="com.CA.qa.TestCases.ValidateOutboundCampaignPageTest" name="ValidateCampaignNameSplRangeErrorMsg26_13" time="1.319"/>
  <system-out/>
  <testcase classname="com.CA.qa.TestCases.ValidateOutboundCampaignPageTest" name="ValidateCampaignNameSplRangeErrorMsg26_14" time="1.353"/>
  <system-out/>
  <testcase classname="com.CA.qa.TestCases.ValidateOutboundCampaignPageTest" name="ValidateCampaignTypeErrorMsg26_2" time="1.213"/>
  <system-out/>
  <testcase classname="com.CA.qa.TestCases.ValidateOutboundCampaignPageTest" name="ValidateDidErrorMsg26_3" time="1.222"/>
  <system-out/>
  <testcase classname="com.CA.qa.TestCases.ValidateOutboundCampaignPageTest" name="ValidateDidRangeErrorMsg26_31" time="1.358"/>
  <system-out/>
  <testcase classname="com.CA.qa.TestCases.ValidateOutboundCampaignPageTest" name="ValidateDidRangeErrorMsg26_32" time="1.311"/>
  <system-out/>
  <testcase classname="com.CA.qa.TestCases.ValidateOutboundCampaignPageTest" name="ValidateDidRangeErrorMsg26_33" time="1.350"/>
  <system-out/>
  <testcase classname="com.CA.qa.TestCases.ValidateOutboundCampaignPageTest" name="ValidateDidRangeErrorMsg26_34" time="1.400"/>
  <system-out/>
  <testcase classname="com.CA.qa.TestCases.ValidateOutboundCampaignPageTest" name="ValidateDidRangeMaxErrorMsg" time="1.323"/>
  <system-out/>
  <testcase classname="com.CA.qa.TestCases.ValidateOutboundCampaignPageTest" name="ValidateFallbackDidRangeMaxErrorMsg26_4" time="1.353"/>
  <system-out/>
  <testcase classname="com.CA.qa.TestCases.ValidateOutboundCampaignPageTest" name="ValidateFallbackDidRangeMaxErrorMsg26_41" time="1.303"/>
  <system-out/>
  <testcase classname="com.CA.qa.TestCases.ValidateOutboundCampaignPageTest" name="ValidateFallbackDidRangeMaxErrorMsg26_42" time="1.340"/>
  <system-out/>
  <testcase classname="com.CA.qa.TestCases.ValidateOutboundCampaignPageTest" name="ValidateFallbackDidRangeMaxErrorMsg26_43" time="1.274"/>
  <system-out/>
  <testcase classname="com.CA.qa.TestCases.ValidateOutboundCampaignPageTest" name="ValidateStartTimeErrorMsg26_5" time="1.217"/>
  <system-out/>
  <testcase classname="com.CA.qa.TestCases.ValidateOutboundCampaignPageTest" name="ValidateEndTimeErrorMsg26_51" time="1.212"/>
  <system-out/>
  <testcase classname="com.CA.qa.TestCases.ValidateOutboundCampaignPageTest" name="ValidateGreaterEndTimeErrorMsg26_52" time="1.588"/>
  <system-out/>
  <testcase classname="com.CA.qa.TestCases.ValidateOutboundCampaignPageTest" name="ValidatePriorityErrorMsg26_6" time="1.170"/>
  <system-out/>
  <testcase classname="com.CA.qa.TestCases.ValidateOutboundCampaignPageTest" name="ValidatePriorityRangeErrorMsg26_61" time="1.355"/>
  <system-out/>
  <testcase classname="com.CA.qa.TestCases.ValidateOutboundCampaignPageTest" name="ValidatePrefixRangeErrorMsg26_7" time="1.407"/>
  <system-out/>
  <testcase classname="com.CA.qa.TestCases.ValidateOutboundCampaignPageTest" name="ValidatePrefixRangeErrorMsg26_71" time="1.338"/>
  <system-out/>
  <testcase classname="com.CA.qa.TestCases.ValidateOutboundCampaignPageTest" name="ValidatePrefixRangeErrorMsg26_72" time="1.350"/>
  <system-out/>
  <testcase classname="com.CA.qa.TestCases.ValidateOutboundCampaignPageTest" name="ValidatePluginNameErrorMsg" time="1.496"/>
  <system-out/>
  <testcase classname="com.CA.qa.TestCases.ValidateOutboundCampaignPageTest" name="ValidateTriesErrorMsg26_8" time="1.216"/>
  <system-out/>
  <testcase classname="com.CA.qa.TestCases.ValidateOutboundCampaignPageTest" name="ValidateTriesRangeErrorMsg26_81" time="1.437"/>
  <system-out/>
  <testcase classname="com.CA.qa.TestCases.ValidateOutboundCampaignPageTest" name="ValidateTriesRangemaxErrorMsg26_82" time="1.337"/>
  <system-out/>
  <testcase classname="com.CA.qa.TestCases.ValidateOutboundCampaignPageTest" name="ValidateBlockNoEmptyErrorMsg26_9" time="1.333"/>
  <system-out/>
  <testcase classname="com.CA.qa.TestCases.ValidateOutboundCampaignPageTest" name="ValidateWrapupErrorMsg26_10" time="1.205"/>
  <system-out/>
  <testcase classname="com.CA.qa.TestCases.ValidateOutboundCampaignPageTest" name="ValidateDispositionErrorMsg26_111" time="1.148"/>
  <system-out/>
  <testcase classname="com.CA.qa.TestCases.ValidateOutboundCampaignPageTest" name="ValidateSkillErrorMsg26_121" time="1.220"/>
  <system-out/>
  <testcase classname="com.CA.qa.TestCases.ValidateOutboundCampaignPageTest" name="ValidateMapErrorMsg26_131" time="1.200"/>
  <system-out/>
  <testcase classname="com.CA.qa.TestCases.ValidateOutboundCampaignPageTest" name="ValidateUploadErrorMsg26_141" time="1.219"/>
  <system-out/>
  <testcase classname="com.CA.qa.TestCases.ValidateOutboundCampaignPageTest" name="ValidateCustomerRingTimeEmptyErrorMsg26_151" time="1.456"/>
  <system-out/>
  <testcase classname="com.CA.qa.TestCases.ValidateOutboundCampaignPageTest" name="ValidateCustomerRingTimeRangeErrorMsg26_152" time="1.572"/>
  <system-out/>
  <testcase classname="com.CA.qa.TestCases.ValidateOutboundCampaignPageTest" name="ValidateCustomerRingTimeRangeMaxErrorMsg26_153" time="1.579"/>
  <system-out/>
  <testcase classname="com.CA.qa.TestCases.ValidateOutboundCampaignPageTest" name="ValidateAppUrlEmptyErrorMsg26_16_1" time="1.324"/>
  <system-out/>
  <testcase classname="com.CA.qa.TestCases.ValidateOutboundCampaignPageTest" name="ValidateAppUrlInvalidErrorMsg26_16_2" time="1.539"/>
  <system-out/>
  <testcase classname="com.CA.qa.TestCases.ValidateOutboundCampaignPageTest" name="ValidateConcurrentCallsEmptyErrorMsg26_17_1" time="1.383"/>
  <system-out/>
  <testcase classname="com.CA.qa.TestCases.ValidateOutboundCampaignPageTest" name="ValidateConcurrentCallsRangeErrorMsg26_17_2" time="1.567"/>
  <system-out/>
  <testcase classname="com.CA.qa.TestCases.ValidateOutboundCampaignPageTest" name="ValidatePacingRatioEmptyErrorMsg26_18_1" time="4.566"/>
  <system-out/>
  <testcase classname="com.CA.qa.TestCases.ValidateOutboundCampaignPageTest" name="ValidatePacingRatioInvalidErrorMsg26_18_2" time="1.536"/>
  <system-out/>
  <testcase classname="com.CA.qa.TestCases.ValidateOutboundCampaignPageTest" name="ValidatePacingRatioInvalidErrorMsg26_18_3" time="1.574"/>
  <system-out/>
  <testcase classname="com.CA.qa.TestCases.ValidateOutboundCampaignPageTest" name="ValidatePacingRatioInvalidErrorMsg26_18_4" time="1.529"/>
  <system-out/>
  <testcase classname="com.CA.qa.TestCases.ValidateOutboundCampaignPageTest" name="ValidatePacingRatioInvalidErrorMsg26_18_5" time="1.577"/>
  <system-out/>
  <testcase classname="com.CA.qa.TestCases.ValidateOutboundCampaignPageTest" name="ValidateMaxDropRatioEmptyErrorMsg26_19_1" time="1.357"/>
  <system-out/>
  <testcase classname="com.CA.qa.TestCases.ValidateOutboundCampaignPageTest" name="ValidateMaxDropRatioRangeErrorMsg26_19_2" time="1.509"/>
  <system-out/>
  <testcase classname="com.CA.qa.TestCases.ValidateOutboundCampaignPageTest" name="ValidateDialIntervalErrorMsg26_201" time="1.350"/>
  <system-out/>
  <testcase classname="com.CA.qa.TestCases.ValidateOutboundCampaignPageTest" name="ValidateEmptyMapNameErrorMsg26_202" time="21.442"/>
  <system-out/>
  <testcase classname="com.CA.qa.TestCases.ValidateOutboundCampaignPageTest" name="ValidateMapNameRangeErrorMsg26_203" time="31.665"/>
  <system-out/>
  <testcase classname="com.CA.qa.TestCases.ValidateOutboundCampaignPageTest" name="ValidateMapNameSplRangeErrorMsg26_204" time="31.742"/>
  <system-out/>
  <testcase classname="com.CA.qa.TestCases.ValidateOutboundCampaignPageTest" name="ValidateMapFileErrorMsg26_205" time="21.382"/>
  <system-out/>
  <testcase classname="com.CA.qa.TestCases.ValidateOutboundCampaignPageTest" name="ValidateMapFileSampleTooltipMsg26_206" time="11.248"/>
  <system-out/>
  <testcase classname="com.CA.qa.TestCases.ValidateOutboundCampaignPageTest" name="ValidateMapFileXlsOnlyTooltipMsg26_207" time="11.287"/>
  <system-out/>
  <testcase classname="com.CA.qa.TestCases.ValidateOutboundCampaignPageTest" name="ValidateFileUploadSampleTooltipMsg26_208" time="0.033"/>
  <system-out/>
  <testcase classname="com.CA.qa.TestCases.ValidateOutboundCampaignPageTest" name="ValidateFileUploadXlsOnlyTooltipMsg26_209" time="0.041"/>
  <system-out/>
  <testcase classname="com.CA.qa.TestCases.ValidateOutboundCampaignPageTest" name="ValidateMappingTooltipMsg26_210" time="0.031"/>
  <system-out/>
  <testcase classname="com.CA.qa.TestCases.ValidateOutboundCampaignPageTest" name="ValidateConsolidatedErrMsg" time="10.205"/>
  <system-out/>
</testsuite> <!-- com.CA.qa.TestCases.ValidateOutboundCampaignPageTest -->
