<?xml version="1.0" encoding="UTF-8"?>
<!-- Generated by org.testng.reporters.JUnitReportReporter -->
<testsuite hostname="ozonetel-santosh" failures="0" tests="17" name="com.CA.qa.TestCases.AddCampaignPageTest" time="60.168" errors="2" timestamp="2021-06-09T21:21:54 IST" skipped="15">
  <testcase classname="com.CA.qa.TestCases.AddCampaignPageTest" name="nteardown" time="20.395">
    <error message="chrome not reachable
  (Session info: chrome=91.0.4472.77)
Build info: version: &#039;3.5.3&#039;, revision: &#039;a88d25fe6b&#039;, time: &#039;2017-08-29T12:42:44.417Z&#039;
System info: host: &#039;OZONETEL-SANTOS&#039;, ip: &#039;10.212.134.104&#039;, os.name: &#039;Windows 10&#039;, os.arch: &#039;amd64&#039;, os.version: &#039;10.0&#039;, java.version: &#039;14.0.2&#039;
Driver info: org.openqa.selenium.chrome.ChromeDriver
Capabilities [{networkConnectionEnabled=false, chrome={chromedriverVersion=91.0.4472.19 (1bf021f248676a0b2ab3ee0561d83a59e424c23e-refs/branch-heads/4472@{#288}), userDataDir=C:\Users\santosh\AppData\Local\Temp\scoped_dir8048_1955218610}, timeouts={implicit=0, pageLoad=300000, script=30000}, pageLoadStrategy=normal, unhandledPromptBehavior=dismiss and notify, strictFileInteractability=false, platform=XP, proxy=Proxy(), goog:chromeOptions={debuggerAddress=localhost:49683}, acceptInsecureCerts=false, browserVersion=91.0.4472.77, browserName=chrome, javascriptEnabled=true, platformName=XP, setWindowRect=true, webauthn:extension:largeBlob=true, webauthn:virtualAuthenticators=true}]
Session ID: 388eebf62eb92f0a4ac3877ffca42a03" type="org.openqa.selenium.WebDriverException">
      <![CDATA[org.openqa.selenium.WebDriverException: chrome not reachable
  (Session info: chrome=91.0.4472.77)
Build info: version: '3.5.3', revision: 'a88d25fe6b', time: '2017-08-29T12:42:44.417Z'
System info: host: 'OZONETEL-SANTOS', ip: '10.212.134.104', os.name: 'Windows 10', os.arch: 'amd64', os.version: '10.0', java.version: '14.0.2'
Driver info: org.openqa.selenium.chrome.ChromeDriver
Capabilities [{networkConnectionEnabled=false, chrome={chromedriverVersion=91.0.4472.19 (1bf021f248676a0b2ab3ee0561d83a59e424c23e-refs/branch-heads/4472@{#288}), userDataDir=C:\Users\santosh\AppData\Local\Temp\scoped_dir8048_1955218610}, timeouts={implicit=0, pageLoad=300000, script=30000}, pageLoadStrategy=normal, unhandledPromptBehavior=dismiss and notify, strictFileInteractability=false, platform=XP, proxy=Proxy(), goog:chromeOptions={debuggerAddress=localhost:49683}, acceptInsecureCerts=false, browserVersion=91.0.4472.77, browserName=chrome, javascriptEnabled=true, platformName=XP, setWindowRect=true, webauthn:extension:largeBlob=true, webauthn:virtualAuthenticators=true}]
Session ID: 388eebf62eb92f0a4ac3877ffca42a03
at java.base/jdk.internal.reflect.NativeConstructorAccessorImpl.newInstance0(Native Method)
at java.base/jdk.internal.reflect.NativeConstructorAccessorImpl.newInstance(NativeConstructorAccessorImpl.java:62)
at java.base/jdk.internal.reflect.DelegatingConstructorAccessorImpl.newInstance(DelegatingConstructorAccessorImpl.java:45)
at java.base/java.lang.reflect.Constructor.newInstanceWithCaller(Constructor.java:500)
at java.base/java.lang.reflect.Constructor.newInstance(Constructor.java:481)
at org.openqa.selenium.remote.http.W3CHttpResponseCodec.createException(W3CHttpResponseCodec.java:185)
at org.openqa.selenium.remote.http.W3CHttpResponseCodec.decode(W3CHttpResponseCodec.java:120)
at org.openqa.selenium.remote.http.W3CHttpResponseCodec.decode(W3CHttpResponseCodec.java:49)
at org.openqa.selenium.remote.HttpCommandExecutor.execute(HttpCommandExecutor.java:164)
at org.openqa.selenium.remote.service.DriverCommandExecutor.execute(DriverCommandExecutor.java:82)
at org.openqa.selenium.remote.RemoteWebDriver.execute(RemoteWebDriver.java:646)
at org.openqa.selenium.remote.RemoteWebDriver.execute(RemoteWebDriver.java:703)
at org.openqa.selenium.remote.RemoteWebDriver.getScreenshotAs(RemoteWebDriver.java:388)
at java.base/jdk.internal.reflect.NativeMethodAccessorImpl.invoke0(Native Method)
at java.base/jdk.internal.reflect.NativeMethodAccessorImpl.invoke(NativeMethodAccessorImpl.java:62)
at java.base/jdk.internal.reflect.DelegatingMethodAccessorImpl.invoke(DelegatingMethodAccessorImpl.java:43)
at java.base/java.lang.reflect.Method.invoke(Method.java:564)
at org.openqa.selenium.support.events.EventFiringWebDriver$2.invoke(EventFiringWebDriver.java:105)
at com.sun.proxy.$Proxy12.getScreenshotAs(Unknown Source)
at org.openqa.selenium.support.events.EventFiringWebDriver.getScreenshotAs(EventFiringWebDriver.java:288)
at com.CA.qa.Util.Testutil.takeScreenshotAtEndOfTest(Testutil.java:63)
at com.CA.qa.TestCases.AddCampaignPageTest.nteardown(AddCampaignPageTest.java:216)
at java.base/jdk.internal.reflect.NativeMethodAccessorImpl.invoke0(Native Method)
at java.base/jdk.internal.reflect.NativeMethodAccessorImpl.invoke(NativeMethodAccessorImpl.java:62)
at java.base/jdk.internal.reflect.DelegatingMethodAccessorImpl.invoke(DelegatingMethodAccessorImpl.java:43)
at java.base/java.lang.reflect.Method.invoke(Method.java:564)
at org.testng.internal.MethodInvocationHelper.invokeMethod(MethodInvocationHelper.java:132)
at org.testng.internal.MethodInvocationHelper.invokeMethodConsideringTimeout(MethodInvocationHelper.java:61)
at org.testng.internal.ConfigInvoker.invokeConfigurationMethod(ConfigInvoker.java:366)
at org.testng.internal.ConfigInvoker.invokeConfigurations(ConfigInvoker.java:320)
at org.testng.internal.TestInvoker.runConfigMethods(TestInvoker.java:701)
at org.testng.internal.TestInvoker.runAfterGroupsConfigurations(TestInvoker.java:677)
at org.testng.internal.TestInvoker.invokeMethod(TestInvoker.java:661)
at org.testng.internal.TestInvoker.invokeTestMethod(TestInvoker.java:174)
at org.testng.internal.MethodRunner.runInSequence(MethodRunner.java:46)
at org.testng.internal.TestInvoker$MethodInvocationAgent.invoke(TestInvoker.java:822)
at org.testng.internal.TestInvoker.invokeTestMethods(TestInvoker.java:147)
at org.testng.internal.TestMethodWorker.invokeTestMethods(TestMethodWorker.java:146)
at org.testng.internal.TestMethodWorker.run(TestMethodWorker.java:128)
at java.base/java.util.ArrayList.forEach(ArrayList.java:1511)
at org.testng.TestRunner.privateRun(TestRunner.java:764)
at org.testng.TestRunner.run(TestRunner.java:585)
at org.testng.SuiteRunner.runTest(SuiteRunner.java:384)
at org.testng.SuiteRunner.runSequentially(SuiteRunner.java:378)
at org.testng.SuiteRunner.privateRun(SuiteRunner.java:337)
at org.testng.SuiteRunner.run(SuiteRunner.java:286)
at org.testng.SuiteRunnerWorker.runSuite(SuiteRunnerWorker.java:53)
at org.testng.SuiteRunnerWorker.run(SuiteRunnerWorker.java:96)
at org.testng.TestNG.runSuitesSequentially(TestNG.java:1218)
at org.testng.TestNG.runSuitesLocally(TestNG.java:1140)
at org.testng.TestNG.runSuites(TestNG.java:1069)
at org.testng.TestNG.run(TestNG.java:1037)
at org.testng.remote.AbstractRemoteTestNG.run(AbstractRemoteTestNG.java:115)
at org.testng.remote.RemoteTestNG.initAndRun(RemoteTestNG.java:251)
at org.testng.remote.RemoteTestNG.main(RemoteTestNG.java:77)
]]>
    </error>
  </testcase> <!-- nteardown -->
  <system-out/>
  <testcase classname="com.CA.qa.TestCases.AddCampaignPageTest" name="AddCampaign" time="0.000">
    <skipped/>
  </testcase> <!-- AddCampaign -->
  <system-out/>
  <testcase classname="com.CA.qa.TestCases.AddCampaignPageTest" name="AddCampaign" time="0.000">
    <skipped/>
  </testcase> <!-- AddCampaign -->
  <system-out/>
  <testcase classname="com.CA.qa.TestCases.AddCampaignPageTest" name="AddCampaign" time="0.000">
    <skipped/>
  </testcase> <!-- AddCampaign -->
  <system-out/>
  <testcase classname="com.CA.qa.TestCases.AddCampaignPageTest" name="AddCampaign" time="0.000">
    <skipped/>
  </testcase> <!-- AddCampaign -->
  <system-out/>
  <testcase classname="com.CA.qa.TestCases.AddCampaignPageTest" name="AddCampaign" time="0.000">
    <skipped/>
  </testcase> <!-- AddCampaign -->
  <system-out/>
  <testcase classname="com.CA.qa.TestCases.AddCampaignPageTest" name="AddCampaign" time="0.000">
    <skipped/>
  </testcase> <!-- AddCampaign -->
  <system-out/>
  <testcase classname="com.CA.qa.TestCases.AddCampaignPageTest" name="AddCampaign" time="0.000">
    <skipped/>
  </testcase> <!-- AddCampaign -->
  <system-out/>
  <testcase classname="com.CA.qa.TestCases.AddCampaignPageTest" name="AddCampaign" time="0.000">
    <skipped/>
  </testcase> <!-- AddCampaign -->
  <system-out/>
  <testcase classname="com.CA.qa.TestCases.AddCampaignPageTest" name="AddCampaign" time="0.000">
    <skipped/>
  </testcase> <!-- AddCampaign -->
  <system-out/>
  <testcase classname="com.CA.qa.TestCases.AddCampaignPageTest" name="AddCampaign" time="0.000">
    <skipped/>
  </testcase> <!-- AddCampaign -->
  <system-out/>
  <testcase classname="com.CA.qa.TestCases.AddCampaignPageTest" name="AddCampaign" time="0.000">
    <skipped/>
  </testcase> <!-- AddCampaign -->
  <system-out/>
  <testcase classname="com.CA.qa.TestCases.AddCampaignPageTest" name="AddCampaign" time="39.773">
    <error message="chrome not reachable
  (Session info: chrome=91.0.4472.77)
Build info: version: &#039;3.5.3&#039;, revision: &#039;a88d25fe6b&#039;, time: &#039;2017-08-29T12:42:44.417Z&#039;
System info: host: &#039;OZONETEL-SANTOS&#039;, ip: &#039;10.212.134.104&#039;, os.name: &#039;Windows 10&#039;, os.arch: &#039;amd64&#039;, os.version: &#039;10.0&#039;, java.version: &#039;14.0.2&#039;
Driver info: org.openqa.selenium.chrome.ChromeDriver
Capabilities [{networkConnectionEnabled=false, chrome={chromedriverVersion=91.0.4472.19 (1bf021f248676a0b2ab3ee0561d83a59e424c23e-refs/branch-heads/4472@{#288}), userDataDir=C:\Users\santosh\AppData\Local\Temp\scoped_dir8048_1955218610}, timeouts={implicit=0, pageLoad=300000, script=30000}, pageLoadStrategy=normal, unhandledPromptBehavior=dismiss and notify, strictFileInteractability=false, platform=XP, proxy=Proxy(), goog:chromeOptions={debuggerAddress=localhost:49683}, acceptInsecureCerts=false, browserVersion=91.0.4472.77, browserName=chrome, javascriptEnabled=true, platformName=XP, setWindowRect=true, webauthn:extension:largeBlob=true, webauthn:virtualAuthenticators=true}]
Session ID: 388eebf62eb92f0a4ac3877ffca42a03" type="org.openqa.selenium.WebDriverException">
      <![CDATA[org.openqa.selenium.WebDriverException: chrome not reachable
  (Session info: chrome=91.0.4472.77)
Build info: version: '3.5.3', revision: 'a88d25fe6b', time: '2017-08-29T12:42:44.417Z'
System info: host: 'OZONETEL-SANTOS', ip: '10.212.134.104', os.name: 'Windows 10', os.arch: 'amd64', os.version: '10.0', java.version: '14.0.2'
Driver info: org.openqa.selenium.chrome.ChromeDriver
Capabilities [{networkConnectionEnabled=false, chrome={chromedriverVersion=91.0.4472.19 (1bf021f248676a0b2ab3ee0561d83a59e424c23e-refs/branch-heads/4472@{#288}), userDataDir=C:\Users\santosh\AppData\Local\Temp\scoped_dir8048_1955218610}, timeouts={implicit=0, pageLoad=300000, script=30000}, pageLoadStrategy=normal, unhandledPromptBehavior=dismiss and notify, strictFileInteractability=false, platform=XP, proxy=Proxy(), goog:chromeOptions={debuggerAddress=localhost:49683}, acceptInsecureCerts=false, browserVersion=91.0.4472.77, browserName=chrome, javascriptEnabled=true, platformName=XP, setWindowRect=true, webauthn:extension:largeBlob=true, webauthn:virtualAuthenticators=true}]
Session ID: 388eebf62eb92f0a4ac3877ffca42a03
at java.base/jdk.internal.reflect.NativeConstructorAccessorImpl.newInstance0(Native Method)
at java.base/jdk.internal.reflect.NativeConstructorAccessorImpl.newInstance(NativeConstructorAccessorImpl.java:62)
at java.base/jdk.internal.reflect.DelegatingConstructorAccessorImpl.newInstance(DelegatingConstructorAccessorImpl.java:45)
at java.base/java.lang.reflect.Constructor.newInstanceWithCaller(Constructor.java:500)
at java.base/java.lang.reflect.Constructor.newInstance(Constructor.java:481)
at org.openqa.selenium.remote.http.W3CHttpResponseCodec.createException(W3CHttpResponseCodec.java:185)
at org.openqa.selenium.remote.http.W3CHttpResponseCodec.decode(W3CHttpResponseCodec.java:120)
at org.openqa.selenium.remote.http.W3CHttpResponseCodec.decode(W3CHttpResponseCodec.java:49)
at org.openqa.selenium.remote.HttpCommandExecutor.execute(HttpCommandExecutor.java:164)
at org.openqa.selenium.remote.service.DriverCommandExecutor.execute(DriverCommandExecutor.java:82)
at org.openqa.selenium.remote.RemoteWebDriver.execute(RemoteWebDriver.java:646)
at org.openqa.selenium.remote.RemoteWebDriver.executeScript(RemoteWebDriver.java:582)
at jdk.internal.reflect.GeneratedMethodAccessor13.invoke(Unknown Source)
at java.base/jdk.internal.reflect.DelegatingMethodAccessorImpl.invoke(DelegatingMethodAccessorImpl.java:43)
at java.base/java.lang.reflect.Method.invoke(Method.java:564)
at org.openqa.selenium.support.events.EventFiringWebDriver$2.invoke(EventFiringWebDriver.java:105)
at com.sun.proxy.$Proxy12.executeScript(Unknown Source)
at org.openqa.selenium.support.events.EventFiringWebDriver.executeScript(EventFiringWebDriver.java:218)
at com.CA.qa.Pages.AddCampaignPage.SelectMapping(AddCampaignPage.java:1074)
at com.CA.qa.TestCases.AddCampaignPageTest.AddCampaign(AddCampaignPageTest.java:340)
at java.base/jdk.internal.reflect.NativeMethodAccessorImpl.invoke0(Native Method)
at java.base/jdk.internal.reflect.NativeMethodAccessorImpl.invoke(NativeMethodAccessorImpl.java:62)
at java.base/jdk.internal.reflect.DelegatingMethodAccessorImpl.invoke(DelegatingMethodAccessorImpl.java:43)
at java.base/java.lang.reflect.Method.invoke(Method.java:564)
at org.testng.internal.MethodInvocationHelper.invokeMethod(MethodInvocationHelper.java:132)
at org.testng.internal.TestInvoker.invokeMethod(TestInvoker.java:599)
at org.testng.internal.TestInvoker.invokeTestMethod(TestInvoker.java:174)
at org.testng.internal.MethodRunner.runInSequence(MethodRunner.java:46)
at org.testng.internal.TestInvoker$MethodInvocationAgent.invoke(TestInvoker.java:822)
at org.testng.internal.TestInvoker.invokeTestMethods(TestInvoker.java:147)
at org.testng.internal.TestMethodWorker.invokeTestMethods(TestMethodWorker.java:146)
at org.testng.internal.TestMethodWorker.run(TestMethodWorker.java:128)
at java.base/java.util.ArrayList.forEach(ArrayList.java:1511)
at org.testng.TestRunner.privateRun(TestRunner.java:764)
at org.testng.TestRunner.run(TestRunner.java:585)
at org.testng.SuiteRunner.runTest(SuiteRunner.java:384)
at org.testng.SuiteRunner.runSequentially(SuiteRunner.java:378)
at org.testng.SuiteRunner.privateRun(SuiteRunner.java:337)
at org.testng.SuiteRunner.run(SuiteRunner.java:286)
at org.testng.SuiteRunnerWorker.runSuite(SuiteRunnerWorker.java:53)
at org.testng.SuiteRunnerWorker.run(SuiteRunnerWorker.java:96)
at org.testng.TestNG.runSuitesSequentially(TestNG.java:1218)
at org.testng.TestNG.runSuitesLocally(TestNG.java:1140)
at org.testng.TestNG.runSuites(TestNG.java:1069)
at org.testng.TestNG.run(TestNG.java:1037)
at org.testng.remote.AbstractRemoteTestNG.run(AbstractRemoteTestNG.java:115)
at org.testng.remote.RemoteTestNG.initAndRun(RemoteTestNG.java:251)
at org.testng.remote.RemoteTestNG.main(RemoteTestNG.java:77)
]]>
    </error>
  </testcase> <!-- AddCampaign -->
  <system-out/>
  <testcase classname="com.CA.qa.TestCases.AddCampaignPageTest" name="AddCampaign" time="0.000">
    <skipped/>
  </testcase> <!-- AddCampaign -->
  <system-out/>
  <testcase classname="com.CA.qa.TestCases.AddCampaignPageTest" name="AddCampaign" time="0.000">
    <skipped/>
  </testcase> <!-- AddCampaign -->
  <system-out/>
  <testcase classname="com.CA.qa.TestCases.AddCampaignPageTest" name="AddCampaign" time="0.000">
    <skipped/>
  </testcase> <!-- AddCampaign -->
  <system-out/>
  <testcase classname="com.CA.qa.TestCases.AddCampaignPageTest" name="AddCampaign" time="0.000">
    <skipped/>
  </testcase> <!-- AddCampaign -->
  <system-out/>
</testsuite> <!-- com.CA.qa.TestCases.AddCampaignPageTest -->
