<?xml version="1.0" encoding="UTF-8"?>
<!-- Generated by org.testng.reporters.JUnitReportReporter -->
<testsuite hostname="ozonetel-santosh" failures="0" tests="25" name="com.CA.qa.TestCases.ValidateInboundCampaignPageTest" time="31.862" errors="0" timestamp="2021-06-09T15:36:26 IST" skipped="0">
  <testcase classname="com.CA.qa.TestCases.ValidateInboundCampaignPageTest" name="ValidateCampaignNameErrorMsg25_1" time="1.321"/>
  <system-out/>
  <testcase classname="com.CA.qa.TestCases.ValidateInboundCampaignPageTest" name="ValidateCampaignNameRangeErrorMsg25_12" time="1.302"/>
  <system-out/>
  <testcase classname="com.CA.qa.TestCases.ValidateInboundCampaignPageTest" name="ValidateCampaignNameDuplicateErrorMsg25_11" time="1.381"/>
  <system-out/>
  <testcase classname="com.CA.qa.TestCases.ValidateInboundCampaignPageTest" name="ValidateCampaignNameSplRangeErrorMsg25_13" time="1.311"/>
  <system-out/>
  <testcase classname="com.CA.qa.TestCases.ValidateInboundCampaignPageTest" name="ValidateCampaignNameSplRangeErrorMsg25_14" time="1.320"/>
  <system-out/>
  <testcase classname="com.CA.qa.TestCases.ValidateInboundCampaignPageTest" name="ValidateDidErrorMsg25_2" time="1.237"/>
  <system-out/>
  <testcase classname="com.CA.qa.TestCases.ValidateInboundCampaignPageTest" name="ValidateDidRangeErrorMsg25_21" time="1.365"/>
  <system-out/>
  <testcase classname="com.CA.qa.TestCases.ValidateInboundCampaignPageTest" name="ValidateDidDuplicateErrorMsg25_22" time="1.291"/>
  <system-out/>
  <testcase classname="com.CA.qa.TestCases.ValidateInboundCampaignPageTest" name="ValidateDidRangeErrorMsg25_23" time="1.284"/>
  <system-out/>
  <testcase classname="com.CA.qa.TestCases.ValidateInboundCampaignPageTest" name="ValidateDidRangeErrorMsg25_24" time="1.270"/>
  <system-out/>
  <testcase classname="com.CA.qa.TestCases.ValidateInboundCampaignPageTest" name="ValidateDidRangeErrorMsg25_25" time="1.311"/>
  <system-out/>
  <testcase classname="com.CA.qa.TestCases.ValidateInboundCampaignPageTest" name="ValidateDidRangeMaxErrorMsg" time="1.356"/>
  <system-out/>
  <testcase classname="com.CA.qa.TestCases.ValidateInboundCampaignPageTest" name="ValidateFallbackDidRangeMaxErrorMsg25_3" time="1.424"/>
  <system-out/>
  <testcase classname="com.CA.qa.TestCases.ValidateInboundCampaignPageTest" name="ValidateFallbackDidRangeMaxErrorMsg25_31" time="1.350"/>
  <system-out/>
  <testcase classname="com.CA.qa.TestCases.ValidateInboundCampaignPageTest" name="ValidateFallbackDidRangeMaxErrorMsg25_32" time="1.373"/>
  <system-out/>
  <testcase classname="com.CA.qa.TestCases.ValidateInboundCampaignPageTest" name="ValidateFallbackDidRangeMaxErrorMsg25_33" time="1.361"/>
  <system-out/>
  <testcase classname="com.CA.qa.TestCases.ValidateInboundCampaignPageTest" name="ValidatePrefixRangeErrorMsg25_4" time="1.365"/>
  <system-out/>
  <testcase classname="com.CA.qa.TestCases.ValidateInboundCampaignPageTest" name="ValidatePrefixRangeErrorMsg25_41" time="1.333"/>
  <system-out/>
  <testcase classname="com.CA.qa.TestCases.ValidateInboundCampaignPageTest" name="ValidateBlockNoEmptyErrorMsg25_8" time="1.365"/>
  <system-out/>
  <testcase classname="com.CA.qa.TestCases.ValidateInboundCampaignPageTest" name="ValidatePrefixRangeErrorMsg25_42" time="1.353"/>
  <system-out/>
  <testcase classname="com.CA.qa.TestCases.ValidateInboundCampaignPageTest" name="ValidateSkillErrorMsg25_5" time="1.200"/>
  <system-out/>
  <testcase classname="com.CA.qa.TestCases.ValidateInboundCampaignPageTest" name="ValidateWrapupErrorMsg25_6" time="1.201"/>
  <system-out/>
  <testcase classname="com.CA.qa.TestCases.ValidateInboundCampaignPageTest" name="ValidateDispositionErrorMsg25_7" time="1.221"/>
  <system-out/>
  <testcase classname="com.CA.qa.TestCases.ValidateInboundCampaignPageTest" name="ValidatePluginNameErrorMsg25_9" time="1.499"/>
  <system-out/>
  <testcase classname="com.CA.qa.TestCases.ValidateInboundCampaignPageTest" name="ValidateDefaultManualDialDisabledOrNot" time="0.068"/>
  <system-out/>
</testsuite> <!-- com.CA.qa.TestCases.ValidateInboundCampaignPageTest -->
