<?xml version="1.0" encoding="UTF-8"?>
<!-- Generated by org.testng.reporters.JUnitReportReporter -->
<testsuite hostname="ozonetel-santosh" failures="0" tests="1" name="com.CA.qa.TestCases.ValidateInboundCampaignPageTest" time="0.101" errors="0" timestamp="2021-02-01T17:55:00 IST" skipped="0">
  <testcase classname="com.CA.qa.TestCases.ValidateInboundCampaignPageTest" name="ValidateDefaultManualDialDisabledOrNot" time="0.101"/>
  <system-out/>
</testsuite> <!-- com.CA.qa.TestCases.ValidateInboundCampaignPageTest -->
