<?xml version="1.0" encoding="UTF-8"?>
<!-- Generated by org.testng.reporters.JUnitReportReporter -->
<testsuite hostname="ozonetel-santosh" failures="0" tests="37" name="com.CA.qa.TestCases.ValidateConfigurationsPage" time="76.694" errors="0" timestamp="2021-01-04T13:25:19 IST" skipped="0">
  <testcase classname="com.CA.qa.TestCases.ValidateConfigurationsPage" name="ValidateAgentIdErrorMsg" time="4.172"/>
  <system-out/>
  <testcase classname="com.CA.qa.TestCases.ValidateConfigurationsPage" name="ValidateAgentIdRAngeErrorMsg" time="3.644"/>
  <system-out/>
  <testcase classname="com.CA.qa.TestCases.ValidateConfigurationsPage" name="ValidateAgentIdSplRAngeErrorMsg" time="3.441"/>
  <system-out/>
  <testcase classname="com.CA.qa.TestCases.ValidateConfigurationsPage" name="ValidateAgentPasswordEmptyErrorMsg" time="3.649"/>
  <system-out/>
  <testcase classname="com.CA.qa.TestCases.ValidateConfigurationsPage" name="ValidateAgentPasswordRAngeErrorMsg" time="3.518"/>
  <system-out/>
  <testcase classname="com.CA.qa.TestCases.ValidateConfigurationsPage" name="ValidateAgentNameEmptyErrorMsg" time="3.304"/>
  <system-out/>
  <testcase classname="com.CA.qa.TestCases.ValidateConfigurationsPage" name="ValidateAgentNameRangeErrorMsg" time="3.348"/>
  <system-out/>
  <testcase classname="com.CA.qa.TestCases.ValidateConfigurationsPage" name="ValidateAgentNameSplRangeErrorMsg" time="4.566"/>
  <system-out/>
  <testcase classname="com.CA.qa.TestCases.ValidateConfigurationsPage" name="ValidateAgentEmailErrorMsg" time="3.543"/>
  <system-out/>
  <testcase classname="com.CA.qa.TestCases.ValidateConfigurationsPage" name="ValidateAgentDataErrorMsg" time="3.868"/>
  <system-out/>
  <testcase classname="com.CA.qa.TestCases.ValidateConfigurationsPage" name="ValidateAgentDataSplRangeErrorMsg" time="3.627"/>
  <system-out/>
  <testcase classname="com.CA.qa.TestCases.ValidateConfigurationsPage" name="ValidateAgentModeNotEnabledErrorMsg" time="3.331"/>
  <system-out/>
  <testcase classname="com.CA.qa.TestCases.ValidateConfigurationsPage" name="ValidatePhoneNameEmptyErrorMsg" time="1.120"/>
  <system-out/>
  <testcase classname="com.CA.qa.TestCases.ValidateConfigurationsPage" name="ValidatePhoneNameRangeErrorMsg" time="1.225"/>
  <system-out/>
  <testcase classname="com.CA.qa.TestCases.ValidateConfigurationsPage" name="ValidatePhoneNameSplRangeErrorMsg" time="1.198"/>
  <system-out/>
  <testcase classname="com.CA.qa.TestCases.ValidateConfigurationsPage" name="ValidatePhoneNumberEmptyErrorMsg" time="1.115"/>
  <system-out/>
  <testcase classname="com.CA.qa.TestCases.ValidateConfigurationsPage" name="ValidatePhoneNumberRangeErrorMsg" time="1.310"/>
  <system-out/>
  <testcase classname="com.CA.qa.TestCases.ValidateConfigurationsPage" name="ValidatePhoneNumberSplRangeErrorMsg" time="1.453"/>
  <system-out/>
  <testcase classname="com.CA.qa.TestCases.ValidateConfigurationsPage" name="ValidatePriorityEmptyErrorMsg" time="1.119"/>
  <system-out/>
  <testcase classname="com.CA.qa.TestCases.ValidateConfigurationsPage" name="ValidatePriorityRangeErrorMsg" time="1.220"/>
  <system-out/>
  <testcase classname="com.CA.qa.TestCases.ValidateConfigurationsPage" name="ValidatePriorityMaxRangeErrorMsg" time="1.195"/>
  <system-out/>
  <testcase classname="com.CA.qa.TestCases.ValidateConfigurationsPage" name="ValidateTransferNameEmptyErrorMsg" time="1.293"/>
  <system-out/>
  <testcase classname="com.CA.qa.TestCases.ValidateConfigurationsPage" name="ValidateTransferNameRangeErrorMsg" time="1.133"/>
  <system-out/>
  <testcase classname="com.CA.qa.TestCases.ValidateConfigurationsPage" name="ValidateTransferNameSplRangeErrorMsg" time="1.059"/>
  <system-out/>
  <testcase classname="com.CA.qa.TestCases.ValidateConfigurationsPage" name="ValidateTransferNumberEmptyErrorMsg" time="0.897"/>
  <system-out/>
  <testcase classname="com.CA.qa.TestCases.ValidateConfigurationsPage" name="ValidateTransferNumberRangeErrorMsg" time="1.081"/>
  <system-out/>
  <testcase classname="com.CA.qa.TestCases.ValidateConfigurationsPage" name="ValidateTransferNumberSplRangeErrorMsg" time="1.012"/>
  <system-out/>
  <testcase classname="com.CA.qa.TestCases.ValidateConfigurationsPage" name="ValidatedispositionEmptyErrorMsg" time="1.476"/>
  <system-out/>
  <testcase classname="com.CA.qa.TestCases.ValidateConfigurationsPage" name="ValidatedispositionRangeErrorMsg" time="1.062"/>
  <system-out/>
  <testcase classname="com.CA.qa.TestCases.ValidateConfigurationsPage" name="ValidatedispositionSplRangeErrorMsg" time="1.178"/>
  <system-out/>
  <testcase classname="com.CA.qa.TestCases.ValidateConfigurationsPage" name="ValidateAgentGroupNameEmptyErrorMsg" time="1.629"/>
  <system-out/>
  <testcase classname="com.CA.qa.TestCases.ValidateConfigurationsPage" name="ValidateAgentGroupNameRangeErrorMsg" time="1.534"/>
  <system-out/>
  <testcase classname="com.CA.qa.TestCases.ValidateConfigurationsPage" name="ValidateAgentGroupNameSplRangeErrorMsg" time="1.475"/>
  <system-out/>
  <testcase classname="com.CA.qa.TestCases.ValidateConfigurationsPage" name="ValidateAgentGroupDesriptionEmptyErrorMsg" time="1.405"/>
  <system-out/>
  <testcase classname="com.CA.qa.TestCases.ValidateConfigurationsPage" name="ValidateAgentGroupDesriptionRangeErrorMsg" time="2.119"/>
  <system-out/>
  <testcase classname="com.CA.qa.TestCases.ValidateConfigurationsPage" name="ValidateAgentGroupAssignedAgentsEmptyErrorMsg" time="1.857"/>
  <system-out/>
  <testcase classname="com.CA.qa.TestCases.ValidateConfigurationsPage" name="ValidateAgentGroupAssignedUsersEmptyErrorMsg" time="1.518"/>
  <system-out/>
</testsuite> <!-- com.CA.qa.TestCases.ValidateConfigurationsPage -->
