<?xml version="1.0" encoding="UTF-8"?>
<!-- Generated by org.testng.reporters.JUnitReportReporter -->
<testsuite hostname="ozonetel-santosh" failures="0" tests="7" name="com.CA.qa.TestCases.AddCampaignPageTest" time="364.559" errors="0" timestamp="2021-02-01T13:53:56 IST" skipped="0">
  <testcase classname="com.CA.qa.TestCases.AddCampaignPageTest" name="AddCampaign" time="37.628"/>
  <system-out/>
  <testcase classname="com.CA.qa.TestCases.AddCampaignPageTest" name="AddCampaign" time="73.331"/>
  <system-out/>
  <testcase classname="com.CA.qa.TestCases.AddCampaignPageTest" name="AddCampaign" time="37.442"/>
  <system-out/>
  <testcase classname="com.CA.qa.TestCases.AddCampaignPageTest" name="AddCampaign" time="67.585"/>
  <system-out/>
  <testcase classname="com.CA.qa.TestCases.AddCampaignPageTest" name="AddCampaign" time="42.422"/>
  <system-out/>
  <testcase classname="com.CA.qa.TestCases.AddCampaignPageTest" name="AddCampaign" time="66.829"/>
  <system-out/>
  <testcase classname="com.CA.qa.TestCases.AddCampaignPageTest" name="AddCampaign" time="39.322"/>
  <system-out/>
</testsuite> <!-- com.CA.qa.TestCases.AddCampaignPageTest -->
