<?xml version="1.0" encoding="UTF-8"?>
<!-- Generated by org.testng.reporters.JUnitReportReporter -->
<testsuite hostname="ozonetel-santosh" failures="0" tests="1" name="com.CA.qa.TestCases.ConfigurationPageTest" time="43.520" errors="0" timestamp="2021-04-15T17:42:34 IST" skipped="0">
  <testcase classname="com.CA.qa.TestCases.ConfigurationPageTest" name="ShowFunctionalityOfAgents" time="43.520"/>
  <system-out/>
</testsuite> <!-- com.CA.qa.TestCases.ConfigurationPageTest -->
