<?xml version="1.0" encoding="UTF-8"?>
<!-- Generated by org.testng.reporters.JUnitReportReporter -->
<testsuite hostname="ozonetel-santosh" failures="0" tests="24" name="com.CA.qa.TestCases.ValidateInboundCampaignPageTest" time="31.436" errors="0" timestamp="2021-02-01T13:06:45 IST" skipped="0">
  <testcase classname="com.CA.qa.TestCases.ValidateInboundCampaignPageTest" name="ValidateCampaignNameErrorMsg25_1" time="1.241"/>
  <system-out/>
  <testcase classname="com.CA.qa.TestCases.ValidateInboundCampaignPageTest" name="ValidateCampaignNameDuplicateErrorMsg25_11" time="1.387"/>
  <system-out/>
  <testcase classname="com.CA.qa.TestCases.ValidateInboundCampaignPageTest" name="ValidateCampaignNameRangeErrorMsg25_12" time="1.357"/>
  <system-out/>
  <testcase classname="com.CA.qa.TestCases.ValidateInboundCampaignPageTest" name="ValidateCampaignNameSplRangeErrorMsg25_13" time="1.323"/>
  <system-out/>
  <testcase classname="com.CA.qa.TestCases.ValidateInboundCampaignPageTest" name="ValidateCampaignNameSplRangeErrorMsg25_14" time="1.288"/>
  <system-out/>
  <testcase classname="com.CA.qa.TestCases.ValidateInboundCampaignPageTest" name="ValidateDidErrorMsg25_2" time="1.219"/>
  <system-out/>
  <testcase classname="com.CA.qa.TestCases.ValidateInboundCampaignPageTest" name="ValidateDidRangeErrorMsg25_21" time="1.365"/>
  <system-out/>
  <testcase classname="com.CA.qa.TestCases.ValidateInboundCampaignPageTest" name="ValidateDidDuplicateErrorMsg25_22" time="1.317"/>
  <system-out/>
  <testcase classname="com.CA.qa.TestCases.ValidateInboundCampaignPageTest" name="ValidateDidRangeErrorMsg25_23" time="1.270"/>
  <system-out/>
  <testcase classname="com.CA.qa.TestCases.ValidateInboundCampaignPageTest" name="ValidateDidRangeErrorMsg25_24" time="1.291"/>
  <system-out/>
  <testcase classname="com.CA.qa.TestCases.ValidateInboundCampaignPageTest" name="ValidateDidRangeErrorMsg25_25" time="1.298"/>
  <system-out/>
  <testcase classname="com.CA.qa.TestCases.ValidateInboundCampaignPageTest" name="ValidateDidRangeMaxErrorMsg" time="1.323"/>
  <system-out/>
  <testcase classname="com.CA.qa.TestCases.ValidateInboundCampaignPageTest" name="ValidateFallbackDidRangeMaxErrorMsg25_3" time="1.363"/>
  <system-out/>
  <testcase classname="com.CA.qa.TestCases.ValidateInboundCampaignPageTest" name="ValidateFallbackDidRangeMaxErrorMsg25_31" time="1.300"/>
  <system-out/>
  <testcase classname="com.CA.qa.TestCases.ValidateInboundCampaignPageTest" name="ValidateFallbackDidRangeMaxErrorMsg25_32" time="1.291"/>
  <system-out/>
  <testcase classname="com.CA.qa.TestCases.ValidateInboundCampaignPageTest" name="ValidateFallbackDidRangeMaxErrorMsg25_33" time="1.278"/>
  <system-out/>
  <testcase classname="com.CA.qa.TestCases.ValidateInboundCampaignPageTest" name="ValidatePrefixRangeErrorMsg25_4" time="1.389"/>
  <system-out/>
  <testcase classname="com.CA.qa.TestCases.ValidateInboundCampaignPageTest" name="ValidatePrefixRangeErrorMsg25_41" time="1.384"/>
  <system-out/>
  <testcase classname="com.CA.qa.TestCases.ValidateInboundCampaignPageTest" name="ValidateBlockNoEmptyErrorMsg25_8" time="1.378"/>
  <system-out/>
  <testcase classname="com.CA.qa.TestCases.ValidateInboundCampaignPageTest" name="ValidatePrefixRangeErrorMsg25_42" time="1.326"/>
  <system-out/>
  <testcase classname="com.CA.qa.TestCases.ValidateInboundCampaignPageTest" name="ValidateSkillErrorMsg25_5" time="1.212"/>
  <system-out/>
  <testcase classname="com.CA.qa.TestCases.ValidateInboundCampaignPageTest" name="ValidateWrapupErrorMsg25_6" time="1.184"/>
  <system-out/>
  <testcase classname="com.CA.qa.TestCases.ValidateInboundCampaignPageTest" name="ValidateDispositionErrorMsg25_7" time="1.183"/>
  <system-out/>
  <testcase classname="com.CA.qa.TestCases.ValidateInboundCampaignPageTest" name="ValidatePluginNameErrorMsg25_9" time="1.469"/>
  <system-out/>
</testsuite> <!-- com.CA.qa.TestCases.ValidateInboundCampaignPageTest -->
