<?xml version="1.0" encoding="UTF-8"?>
<!-- Generated by org.testng.reporters.JUnitReportReporter -->
<testsuite hostname="ozonetel-santosh" failures="0" tests="35" name="com.CA.qa.TestCases.ValidateUserPageTest" time="7.075" errors="0" timestamp="2021-04-07T16:44:34 IST" skipped="0">
  <testcase classname="com.CA.qa.TestCases.ValidateUserPageTest" name="ValidateUserNameEmptyErrorMsg27_1" time="0.206"/>
  <system-out/>
  <testcase classname="com.CA.qa.TestCases.ValidateUserPageTest" name="ValidateUserNameErrorMsg27_11" time="0.229"/>
  <system-out/>
  <testcase classname="com.CA.qa.TestCases.ValidateUserPageTest" name="ValidateUserNameErrorMsg27_12" time="0.229"/>
  <system-out/>
  <testcase classname="com.CA.qa.TestCases.ValidateUserPageTest" name="ValidateUserNameErrorMsg27_13" time="0.216"/>
  <system-out/>
  <testcase classname="com.CA.qa.TestCases.ValidateUserPageTest" name="ValidateUserNameErrorMsg27_14" time="0.220"/>
  <system-out/>
  <testcase classname="com.CA.qa.TestCases.ValidateUserPageTest" name="ValidatePasswordEmptyErrorMsg27_2" time="0.154"/>
  <system-out/>
  <testcase classname="com.CA.qa.TestCases.ValidateUserPageTest" name="ValidatePasswordRangeErrorMsg27_21" time="0.236"/>
  <system-out/>
  <testcase classname="com.CA.qa.TestCases.ValidateUserPageTest" name="ValidateConfirmPasswordRangeErrorMsg27_3" time="0.145"/>
  <system-out/>
  <testcase classname="com.CA.qa.TestCases.ValidateUserPageTest" name="ValidateConfirmPasswordRangeErrorMsg27_31" time="0.316"/>
  <system-out/>
  <testcase classname="com.CA.qa.TestCases.ValidateUserPageTest" name="ValidatePasswordHintMtErrorMsg27_4" time="0.166"/>
  <system-out/>
  <testcase classname="com.CA.qa.TestCases.ValidateUserPageTest" name="ValidatePasswordHintErrorMsg27_41" time="0.233"/>
  <system-out/>
  <testcase classname="com.CA.qa.TestCases.ValidateUserPageTest" name="ValidateFirstNameMtErrorMsg27_5" time="0.140"/>
  <system-out/>
  <testcase classname="com.CA.qa.TestCases.ValidateUserPageTest" name="ValidateFirstNameRangeErrorMsg27_51" time="0.226"/>
  <system-out/>
  <testcase classname="com.CA.qa.TestCases.ValidateUserPageTest" name="ValidateFirstNameRangeErrorMsg27_52" time="0.217"/>
  <system-out/>
  <testcase classname="com.CA.qa.TestCases.ValidateUserPageTest" name="ValidateFirstNameRangeErrorMsg27_53" time="0.233"/>
  <system-out/>
  <testcase classname="com.CA.qa.TestCases.ValidateUserPageTest" name="ValidateFirstNameRangeErrorMsg27_54" time="0.228"/>
  <system-out/>
  <testcase classname="com.CA.qa.TestCases.ValidateUserPageTest" name="ValidateLastNameRangeMtMsg27_6" time="0.151"/>
  <system-out/>
  <testcase classname="com.CA.qa.TestCases.ValidateUserPageTest" name="ValidateLastNameRangeErrorMsg27_61" time="0.243"/>
  <system-out/>
  <testcase classname="com.CA.qa.TestCases.ValidateUserPageTest" name="ValidateLastNameRangeErrorMsg27_62" time="0.224"/>
  <system-out/>
  <testcase classname="com.CA.qa.TestCases.ValidateUserPageTest" name="ValidateLastNameRangeErrorMsg27_63" time="0.231"/>
  <system-out/>
  <testcase classname="com.CA.qa.TestCases.ValidateUserPageTest" name="ValidateLastNameRangeErrorMsg27_64" time="0.215"/>
  <system-out/>
  <testcase classname="com.CA.qa.TestCases.ValidateUserPageTest" name="ValidateEmailMtErrorMsg27_7" time="0.140"/>
  <system-out/>
  <testcase classname="com.CA.qa.TestCases.ValidateUserPageTest" name="ValidateEmailRangeErrorMsg27_71" time="0.225"/>
  <system-out/>
  <testcase classname="com.CA.qa.TestCases.ValidateUserPageTest" name="ValidateExtnMtErrorMsg27_8" time="0.146"/>
  <system-out/>
  <testcase classname="com.CA.qa.TestCases.ValidateUserPageTest" name="ValidateExtnRangeErrorMsg27_81" time="0.254"/>
  <system-out/>
  <testcase classname="com.CA.qa.TestCases.ValidateUserPageTest" name="ValidatePhNoMtErrorMsg27_9" time="0.164"/>
  <system-out/>
  <testcase classname="com.CA.qa.TestCases.ValidateUserPageTest" name="ValidatePhNoRangeErrorMsg27_91" time="0.233"/>
  <system-out/>
  <testcase classname="com.CA.qa.TestCases.ValidateUserPageTest" name="ValidatePhNoRangeErrorMsg27_92" time="0.230"/>
  <system-out/>
  <testcase classname="com.CA.qa.TestCases.ValidateUserPageTest" name="ValidatePhNoRangeErrorMsg27_93" time="0.237"/>
  <system-out/>
  <testcase classname="com.CA.qa.TestCases.ValidateUserPageTest" name="ValidateCityMtErrorMsg27_10" time="0.144"/>
  <system-out/>
  <testcase classname="com.CA.qa.TestCases.ValidateUserPageTest" name="ValidateStateMtErrorMsg27_10_1" time="0.141"/>
  <system-out/>
  <testcase classname="com.CA.qa.TestCases.ValidateUserPageTest" name="ValidateZipMtErrorMsg27_10_2" time="0.142"/>
  <system-out/>
  <testcase classname="com.CA.qa.TestCases.ValidateUserPageTest" name="ValidateCountryMtErrorMsg27_10_3" time="0.150"/>
  <system-out/>
  <testcase classname="com.CA.qa.TestCases.ValidateUserPageTest" name="ValidateAllowedIPErrorMsg27_10_4" time="0.167"/>
  <system-out/>
  <testcase classname="com.CA.qa.TestCases.ValidateUserPageTest" name="ValidateAdminModulesErrorMsg27_10_5" time="0.244"/>
  <system-out/>
</testsuite> <!-- com.CA.qa.TestCases.ValidateUserPageTest -->
