<?xml version="1.0" encoding="UTF-8"?>
<!-- Generated by org.testng.reporters.JUnitReportReporter -->
<testsuite hostname="ozonetel-santosh" failures="0" tests="35" name="com.CA.qa.TestCases.ValidateUserPageTest" time="8.136" errors="0" timestamp="2021-07-26T19:42:36 IST" skipped="0">
  <testcase classname="com.CA.qa.TestCases.ValidateUserPageTest" name="ValidateUserNameEmptyErrorMsg27_1" time="0.196"/>
  <system-out/>
  <testcase classname="com.CA.qa.TestCases.ValidateUserPageTest" name="ValidateUserNameErrorMsg27_11" time="0.256"/>
  <system-out/>
  <testcase classname="com.CA.qa.TestCases.ValidateUserPageTest" name="ValidateUserNameErrorMsg27_12" time="0.261"/>
  <system-out/>
  <testcase classname="com.CA.qa.TestCases.ValidateUserPageTest" name="ValidateUserNameErrorMsg27_13" time="0.237"/>
  <system-out/>
  <testcase classname="com.CA.qa.TestCases.ValidateUserPageTest" name="ValidateUserNameErrorMsg27_14" time="0.247"/>
  <system-out/>
  <testcase classname="com.CA.qa.TestCases.ValidateUserPageTest" name="ValidatePasswordEmptyErrorMsg27_2" time="0.174"/>
  <system-out/>
  <testcase classname="com.CA.qa.TestCases.ValidateUserPageTest" name="ValidatePasswordRangeErrorMsg27_21" time="0.295"/>
  <system-out/>
  <testcase classname="com.CA.qa.TestCases.ValidateUserPageTest" name="ValidateConfirmPasswordRangeErrorMsg27_3" time="0.173"/>
  <system-out/>
  <testcase classname="com.CA.qa.TestCases.ValidateUserPageTest" name="ValidateConfirmPasswordRangeErrorMsg27_31" time="0.352"/>
  <system-out/>
  <testcase classname="com.CA.qa.TestCases.ValidateUserPageTest" name="ValidatePasswordHintMtErrorMsg27_4" time="0.186"/>
  <system-out/>
  <testcase classname="com.CA.qa.TestCases.ValidateUserPageTest" name="ValidatePasswordHintErrorMsg27_41" time="0.303"/>
  <system-out/>
  <testcase classname="com.CA.qa.TestCases.ValidateUserPageTest" name="ValidateFirstNameMtErrorMsg27_5" time="0.162"/>
  <system-out/>
  <testcase classname="com.CA.qa.TestCases.ValidateUserPageTest" name="ValidateFirstNameRangeErrorMsg27_51" time="0.316"/>
  <system-out/>
  <testcase classname="com.CA.qa.TestCases.ValidateUserPageTest" name="ValidateFirstNameRangeErrorMsg27_52" time="0.260"/>
  <system-out/>
  <testcase classname="com.CA.qa.TestCases.ValidateUserPageTest" name="ValidateFirstNameRangeErrorMsg27_53" time="0.275"/>
  <system-out/>
  <testcase classname="com.CA.qa.TestCases.ValidateUserPageTest" name="ValidateFirstNameRangeErrorMsg27_54" time="0.288"/>
  <system-out/>
  <testcase classname="com.CA.qa.TestCases.ValidateUserPageTest" name="ValidateLastNameRangeMtMsg27_6" time="0.161"/>
  <system-out/>
  <testcase classname="com.CA.qa.TestCases.ValidateUserPageTest" name="ValidateLastNameRangeErrorMsg27_61" time="0.278"/>
  <system-out/>
  <testcase classname="com.CA.qa.TestCases.ValidateUserPageTest" name="ValidateLastNameRangeErrorMsg27_62" time="0.264"/>
  <system-out/>
  <testcase classname="com.CA.qa.TestCases.ValidateUserPageTest" name="ValidateLastNameRangeErrorMsg27_63" time="0.278"/>
  <system-out/>
  <testcase classname="com.CA.qa.TestCases.ValidateUserPageTest" name="ValidateLastNameRangeErrorMsg27_64" time="0.265"/>
  <system-out/>
  <testcase classname="com.CA.qa.TestCases.ValidateUserPageTest" name="ValidateEmailMtErrorMsg27_7" time="0.166"/>
  <system-out/>
  <testcase classname="com.CA.qa.TestCases.ValidateUserPageTest" name="ValidateEmailRangeErrorMsg27_71" time="0.285"/>
  <system-out/>
  <testcase classname="com.CA.qa.TestCases.ValidateUserPageTest" name="ValidateExtnMtErrorMsg27_8" time="0.163"/>
  <system-out/>
  <testcase classname="com.CA.qa.TestCases.ValidateUserPageTest" name="ValidateExtnRangeErrorMsg27_81" time="0.253"/>
  <system-out/>
  <testcase classname="com.CA.qa.TestCases.ValidateUserPageTest" name="ValidatePhNoMtErrorMsg27_9" time="0.159"/>
  <system-out/>
  <testcase classname="com.CA.qa.TestCases.ValidateUserPageTest" name="ValidatePhNoRangeErrorMsg27_91" time="0.259"/>
  <system-out/>
  <testcase classname="com.CA.qa.TestCases.ValidateUserPageTest" name="ValidatePhNoRangeErrorMsg27_92" time="0.241"/>
  <system-out/>
  <testcase classname="com.CA.qa.TestCases.ValidateUserPageTest" name="ValidatePhNoRangeErrorMsg27_93" time="0.246"/>
  <system-out/>
  <testcase classname="com.CA.qa.TestCases.ValidateUserPageTest" name="ValidateCityMtErrorMsg27_10" time="0.151"/>
  <system-out/>
  <testcase classname="com.CA.qa.TestCases.ValidateUserPageTest" name="ValidateStateMtErrorMsg27_10_1" time="0.148"/>
  <system-out/>
  <testcase classname="com.CA.qa.TestCases.ValidateUserPageTest" name="ValidateZipMtErrorMsg27_10_2" time="0.155"/>
  <system-out/>
  <testcase classname="com.CA.qa.TestCases.ValidateUserPageTest" name="ValidateCountryMtErrorMsg27_10_3" time="0.169"/>
  <system-out/>
  <testcase classname="com.CA.qa.TestCases.ValidateUserPageTest" name="ValidateAllowedIPErrorMsg27_10_4" time="0.238"/>
  <system-out/>
  <testcase classname="com.CA.qa.TestCases.ValidateUserPageTest" name="ValidateAdminModulesErrorMsg27_10_5" time="0.276"/>
  <system-out/>
</testsuite> <!-- com.CA.qa.TestCases.ValidateUserPageTest -->
