<?xml version="1.0" encoding="UTF-8"?>
<!-- Generated by org.testng.reporters.JUnitReportReporter -->
<testsuite hostname="ozonetel-santosh" failures="0" tests="6" name="com.CA.qa.TestCases.AdminLoginPageTest" time="48.055" errors="0" timestamp="2020-12-29T15:54:25 IST" skipped="0">
  <testcase classname="com.CA.qa.TestCases.AdminLoginPageTest" name="verifyAdminLoginPage_TitleTest" time="6.937"/>
  <system-out/>
  <testcase classname="com.CA.qa.TestCases.AdminLoginPageTest" name="verifyAdminLoginpage_logoTest" time="8.616"/>
  <system-out/>
  <testcase classname="com.CA.qa.TestCases.AdminLoginPageTest" name="verifyAdminEmptyUserNameErrorMessageTest" time="7.412"/>
  <system-out/>
  <testcase classname="com.CA.qa.TestCases.AdminLoginPageTest" name="verifyAdminEmptyPasswordErrorMessageTest" time="6.856"/>
  <system-out/>
  <testcase classname="com.CA.qa.TestCases.AdminLoginPageTest" name="verifyAdminInvalidUserErrorMessageTest" time="7.384"/>
  <system-out/>
  <testcase classname="com.CA.qa.TestCases.AdminLoginPageTest" name="verifyAdminloginTest" time="10.850"/>
  <system-out/>
</testsuite> <!-- com.CA.qa.TestCases.AdminLoginPageTest -->
