<?xml version="1.0" encoding="UTF-8"?>
<!-- Generated by org.testng.reporters.JUnitReportReporter -->
<testsuite hostname="ozonetel-santosh" failures="0" tests="3" name="com.CA.qa.TestCases.ConfigurationPageTest" time="86.525" errors="0" timestamp="2021-01-08T23:09:14 IST" skipped="0">
  <testcase classname="com.CA.qa.TestCases.ConfigurationPageTest" name="AddPhoneNos" time="24.815"/>
  <system-out/>
  <testcase classname="com.CA.qa.TestCases.ConfigurationPageTest" name="AddPhoneNos" time="42.114"/>
  <system-out/>
  <testcase classname="com.CA.qa.TestCases.ConfigurationPageTest" name="AddPhoneNos" time="19.596"/>
  <system-out/>
</testsuite> <!-- com.CA.qa.TestCases.ConfigurationPageTest -->
