<?xml version="1.0" encoding="UTF-8"?>
<!-- Generated by org.testng.reporters.JUnitReportReporter -->
<testsuite hostname="ozonetel-santosh" failures="0" tests="6" name="com.CA.qa.TestCases.AdminHomePageTest" time="93.411" errors="0" timestamp="2021-01-08T16:37:43 IST" skipped="0">
  <testcase classname="com.CA.qa.TestCases.AdminHomePageTest" name="verifyAdminHomePage_TitleTest" time="9.614"/>
  <system-out/>
  <testcase classname="com.CA.qa.TestCases.AdminHomePageTest" name="verifyclickingoninbound" time="13.026"/>
  <system-out/>
  <testcase classname="com.CA.qa.TestCases.AdminHomePageTest" name="verifyclickingonOutbound" time="18.120"/>
  <system-out/>
  <testcase classname="com.CA.qa.TestCases.AdminHomePageTest" name="verifyAdminLogout" time="11.945"/>
  <system-out/>
  <testcase classname="com.CA.qa.TestCases.AdminHomePageTest" name="verifyOutboundAddCampaignButton" time="22.310"/>
  <system-out/>
  <testcase classname="com.CA.qa.TestCases.AdminHomePageTest" name="verifyInboundAddCampaignButton" time="18.396"/>
  <system-out/>
</testsuite> <!-- com.CA.qa.TestCases.AdminHomePageTest -->
