<?xml version="1.0" encoding="UTF-8"?>
<!-- Generated by org.testng.reporters.JUnitReportReporter -->
<testsuite hostname="ozonetel-santosh" failures="0" tests="15000" name="com.CA.qa.TestCases.APITesting" time="936.517" errors="0" timestamp="2021-03-05T11:34:42 IST" skipped="0">
  <testcase classname="com.CA.qa.TestCases.APITesting" name="testResponsecode" time="0.151"/>
  <system-out/>
  <testcase classname="com.CA.qa.TestCases.APITesting" name="testResponsecode" time="0.034"/>
  <system-out/>
  <testcase classname="com.CA.qa.TestCases.APITesting" name="testResponsecode" time="0.036"/>
  <system-out/>
  <testcase classname="com.CA.qa.TestCases.APITesting" name="testResponsecode" time="0.145"/>
  <system-out/>
  <testcase classname="com.CA.qa.TestCases.APITesting" name="testResponsecode" time="0.033"/>
  <system-out/>
  <testcase classname="com.CA.qa.TestCases.APITesting" name="testResponsecode" time="0.033"/>
  <system-out/>
  <testcase classname="com.CA.qa.TestCases.APITesting" name="testResponsecode" time="0.041"/>
  <system-out/>
  <testcase classname="com.CA.qa.TestCases.APITesting" name="testResponsecode" time="0.134"/>
  <system-out/>
  <testcase classname="com.CA.qa.TestCases.APITesting" name="testResponsecode" time="0.054"/>
  <system-out/>
  <testcase classname="com.CA.qa.TestCases.APITesting" name="testResponsecode" time="0.157"/>
  <system-out/>
  <testcase classname="com.CA.qa.TestCases.APITesting" name="testResponsecode" time="0.036"/>
  <system-out/>
  <testcase classname="com.CA.qa.TestCases.APITesting" name="testResponsecode" time="0.041"/>
  <system-out/>
  <testcase classname="com.CA.qa.TestCases.APITesting" name="testResponsecode" time="0.032"/>
  <system-out/>
  <testcase classname="com.CA.qa.TestCases.APITesting" name="testResponsecode" time="0.036"/>
  <system-out/>
  <testcase classname="com.CA.qa.TestCases.APITesting" name="testResponsecode" time="0.040"/>
  <system-out/>
  <testcase classname="com.CA.qa.TestCases.APITesting" name="testResponsecode" time="0.034"/>
  <system-out/>
  <testcase classname="com.CA.qa.TestCases.APITesting" name="testResponsecode" time="0.033"/>
  <system-out/>
  <testcase classname="com.CA.qa.TestCases.APITesting" name="testResponsecode" time="0.041"/>
  <system-out/>
  <testcase classname="com.CA.qa.TestCases.APITesting" name="testResponsecode" time="0.039"/>
  <system-out/>
  <testcase classname="com.CA.qa.TestCases.APITesting" name="testResponsecode" time="0.037"/>
  <system-out/>
  <testcase classname="com.CA.qa.TestCases.APITesting" name="testResponsecode" time="0.041"/>
  <system-out/>
  <testcase classname="com.CA.qa.TestCases.APITesting" name="testResponsecode" time="0.630"/>
  <system-out/>
  <testcase classname="com.CA.qa.TestCases.APITesting" name="testResponsecode" time="0.040"/>
  <system-out/>
  <testcase classname="com.CA.qa.TestCases.APITesting" name="testResponsecode" time="0.032"/>
  <system-out/>
  <testcase classname="com.CA.qa.TestCases.APITesting" name="testResponsecode" time="0.160"/>
  <system-out/>
  <testcase classname="com.CA.qa.TestCases.APITesting" name="testResponsecode" time="0.036"/>
  <system-out/>
  <testcase classname="com.CA.qa.TestCases.APITesting" name="testResponsecode" time="0.328"/>
  <system-out/>
  <testcase classname="com.CA.qa.TestCases.APITesting" name="testResponsecode" time="0.035"/>
  <system-out/>
  <testcase classname="com.CA.qa.TestCases.APITesting" name="testResponsecode" time="0.042"/>
  <system-out/>
  <testcase classname="com.CA.qa.TestCases.APITesting" name="testResponsecode" time="0.055"/>
  <system-out/>
  <testcase classname="com.CA.qa.TestCases.APITesting" name="testResponsecode" time="0.035"/>
  <system-out/>
  <testcase classname="com.CA.qa.TestCases.APITesting" name="testResponsecode" time="0.163"/>
  <system-out/>
  <testcase classname="com.CA.qa.TestCases.APITesting" name="testResponsecode" time="0.045"/>
  <system-out/>
  <testcase classname="com.CA.qa.TestCases.APITesting" name="testResponsecode" time="0.034"/>
  <system-out/>
  <testcase classname="com.CA.qa.TestCases.APITesting" name="testResponsecode" time="0.034"/>
  <system-out/>
  <testcase classname="com.CA.qa.TestCases.APITesting" name="testResponsecode" time="0.033"/>
  <system-out/>
  <testcase classname="com.CA.qa.TestCases.APITesting" name="testResponsecode" time="0.034"/>
  <system-out/>
  <testcase classname="com.CA.qa.TestCases.APITesting" name="testResponsecode" time="0.038"/>
  <system-out/>
  <testcase classname="com.CA.qa.TestCases.APITesting" name="testResponsecode" time="0.271"/>
  <system-out/>
  <testcase classname="com.CA.qa.TestCases.APITesting" name="testResponsecode" time="0.032"/>
  <system-out/>
  <testcase classname="com.CA.qa.TestCases.APITesting" name="testResponsecode" time="0.031"/>
  <system-out/>
  <testcase classname="com.CA.qa.TestCases.APITesting" name="testResponsecode" time="0.035"/>
  <system-out/>
  <testcase classname="com.CA.qa.TestCases.APITesting" name="testResponsecode" time="0.051"/>
  <system-out/>
  <testcase classname="com.CA.qa.TestCases.APITesting" name="testResponsecode" time="0.041"/>
  <system-out/>
  <testcase classname="com.CA.qa.TestCases.APITesting" name="testResponsecode" time="0.203"/>
  <system-out/>
  <testcase classname="com.CA.qa.TestCases.APITesting" name="testResponsecode" time="0.134"/>
  <system-out/>
  <testcase classname="com.CA.qa.TestCases.APITesting" name="testResponsecode" time="0.034"/>
  <system-out/>
  <testcase classname="com.CA.qa.TestCases.APITesting" name="testResponsecode" time="0.033"/>
  <system-out/>
  <testcase classname="com.CA.qa.TestCases.APITesting" name="testResponsecode" time="0.063"/>
  <system-out/>
  <testcase classname="com.CA.qa.TestCases.APITesting" name="testResponsecode" time="0.045"/>
  <system-out/>
  <testcase classname="com.CA.qa.TestCases.APITesting" name="testResponsecode" time="0.044"/>
  <system-out/>
  <testcase classname="com.CA.qa.TestCases.APITesting" name="testResponsecode" time="0.033"/>
  <system-out/>
  <testcase classname="com.CA.qa.TestCases.APITesting" name="testResponsecode" time="0.038"/>
  <system-out/>
  <testcase classname="com.CA.qa.TestCases.APITesting" name="testResponsecode" time="0.034"/>
  <system-out/>
  <testcase classname="com.CA.qa.TestCases.APITesting" name="testResponsecode" time="0.046"/>
  <system-out/>
  <testcase classname="com.CA.qa.TestCases.APITesting" name="testResponsecode" time="0.135"/>
  <system-out/>
  <testcase classname="com.CA.qa.TestCases.APITesting" name="testResponsecode" time="0.032"/>
  <system-out/>
  <testcase classname="com.CA.qa.TestCases.APITesting" name="testResponsecode" time="0.032"/>
  <system-out/>
  <testcase classname="com.CA.qa.TestCases.APITesting" name="testResponsecode" time="0.047"/>
  <system-out/>
  <testcase classname="com.CA.qa.TestCases.APITesting" name="testResponsecode" time="0.039"/>
  <system-out/>
  <testcase classname="com.CA.qa.TestCases.APITesting" name="testResponsecode" time="0.035"/>
  <system-out/>
  <testcase classname="com.CA.qa.TestCases.APITesting" name="testResponsecode" time="0.036"/>
  <system-out/>
  <testcase classname="com.CA.qa.TestCases.APITesting" name="testResponsecode" time="0.038"/>
  <system-out/>
  <testcase classname="com.CA.qa.TestCases.APITesting" name="testResponsecode" time="0.037"/>
  <system-out/>
  <testcase classname="com.CA.qa.TestCases.APITesting" name="testResponsecode" time="0.035"/>
  <system-out/>
  <testcase classname="com.CA.qa.TestCases.APITesting" name="testResponsecode" time="0.037"/>
  <system-out/>
  <testcase classname="com.CA.qa.TestCases.APITesting" name="testResponsecode" time="0.295"/>
  <system-out/>
  <testcase classname="com.CA.qa.TestCases.APITesting" name="testResponsecode" time="0.127"/>
  <system-out/>
  <testcase classname="com.CA.qa.TestCases.APITesting" name="testResponsecode" time="0.033"/>
  <system-out/>
  <testcase classname="com.CA.qa.TestCases.APITesting" name="testResponsecode" time="0.546"/>
  <system-out/>
  <testcase classname="com.CA.qa.TestCases.APITesting" name="testResponsecode" time="0.041"/>
  <system-out/>
  <testcase classname="com.CA.qa.TestCases.APITesting" name="testResponsecode" time="0.034"/>
  <system-out/>
  <testcase classname="com.CA.qa.TestCases.APITesting" name="testResponsecode" time="0.038"/>
  <system-out/>
  <testcase classname="com.CA.qa.TestCases.APITesting" name="testResponsecode" time="0.043"/>
  <system-out/>
  <testcase classname="com.CA.qa.TestCases.APITesting" name="testResponsecode" time="0.034"/>
  <system-out/>
  <testcase classname="com.CA.qa.TestCases.APITesting" name="testResponsecode" time="0.035"/>
  <system-out/>
  <testcase classname="com.CA.qa.TestCases.APITesting" name="testResponsecode" time="0.039"/>
  <system-out/>
  <testcase classname="com.CA.qa.TestCases.APITesting" name="testResponsecode" time="0.044"/>
  <system-out/>
  <testcase classname="com.CA.qa.TestCases.APITesting" name="testResponsecode" time="0.033"/>
  <system-out/>
  <testcase classname="com.CA.qa.TestCases.APITesting" name="testResponsecode" time="0.035"/>
  <system-out/>
  <testcase classname="com.CA.qa.TestCases.APITesting" name="testResponsecode" time="0.033"/>
  <system-out/>
  <testcase classname="com.CA.qa.TestCases.APITesting" name="testResponsecode" time="0.033"/>
  <system-out/>
  <testcase classname="com.CA.qa.TestCases.APITesting" name="testResponsecode" time="0.033"/>
  <system-out/>
  <testcase classname="com.CA.qa.TestCases.APITesting" name="testResponsecode" time="0.037"/>
  <system-out/>
  <testcase classname="com.CA.qa.TestCases.APITesting" name="testResponsecode" time="0.048"/>
  <system-out/>
  <testcase classname="com.CA.qa.TestCases.APITesting" name="testResponsecode" time="0.033"/>
  <system-out/>
  <testcase classname="com.CA.qa.TestCases.APITesting" name="testResponsecode" time="0.036"/>
  <system-out/>
  <testcase classname="com.CA.qa.TestCases.APITesting" name="testResponsecode" time="0.336"/>
  <system-out/>
  <testcase classname="com.CA.qa.TestCases.APITesting" name="testResponsecode" time="0.034"/>
  <system-out/>
  <testcase classname="com.CA.qa.TestCases.APITesting" name="testResponsecode" time="0.034"/>
  <system-out/>
  <testcase classname="com.CA.qa.TestCases.APITesting" name="testResponsecode" time="0.033"/>
  <system-out/>
  <testcase classname="com.CA.qa.TestCases.APITesting" name="testResponsecode" time="0.384"/>
  <system-out/>
  <testcase classname="com.CA.qa.TestCases.APITesting" name="testResponsecode" time="0.055"/>
  <system-out/>
  <testcase classname="com.CA.qa.TestCases.APITesting" name="testResponsecode" time="0.037"/>
  <system-out/>
  <testcase classname="com.CA.qa.TestCases.APITesting" name="testResponsecode" time="0.033"/>
  <system-out/>
  <testcase classname="com.CA.qa.TestCases.APITesting" name="testResponsecode" time="0.036"/>
  <system-out/>
  <testcase classname="com.CA.qa.TestCases.APITesting" name="testResponsecode" time="0.043"/>
  <system-out/>
  <testcase classname="com.CA.qa.TestCases.APITesting" name="testResponsecode" time="0.039"/>
  <system-out/>
  <testcase classname="com.CA.qa.TestCases.APITesting" name="testResponsecode" time="0.037"/>
  <system-out/>
  <testcase classname="com.CA.qa.TestCases.APITesting" name="testResponsecode" time="0.760"/>
  <system-out/>
  <testcase classname="com.CA.qa.TestCases.APITesting" name="testResponsecode" time="0.151"/>
  <system-out/>
  <testcase classname="com.CA.qa.TestCases.APITesting" name="testResponsecode" time="0.037"/>
  <system-out/>
  <testcase classname="com.CA.qa.TestCases.APITesting" name="testResponsecode" time="0.035"/>
  <system-out/>
  <testcase classname="com.CA.qa.TestCases.APITesting" name="testResponsecode" time="0.037"/>
  <system-out/>
  <testcase classname="com.CA.qa.TestCases.APITesting" name="testResponsecode" time="0.037"/>
  <system-out/>
  <testcase classname="com.CA.qa.TestCases.APITesting" name="testResponsecode" time="0.033"/>
  <system-out/>
  <testcase classname="com.CA.qa.TestCases.APITesting" name="testResponsecode" time="0.035"/>
  <system-out/>
  <testcase classname="com.CA.qa.TestCases.APITesting" name="testResponsecode" time="0.034"/>
  <system-out/>
  <testcase classname="com.CA.qa.TestCases.APITesting" name="testResponsecode" time="0.034"/>
  <system-out/>
  <testcase classname="com.CA.qa.TestCases.APITesting" name="testResponsecode" time="0.470"/>
  <system-out/>
  <testcase classname="com.CA.qa.TestCases.APITesting" name="testResponsecode" time="0.046"/>
  <system-out/>
  <testcase classname="com.CA.qa.TestCases.APITesting" name="testResponsecode" time="0.032"/>
  <system-out/>
  <testcase classname="com.CA.qa.TestCases.APITesting" name="testResponsecode" time="0.044"/>
  <system-out/>
  <testcase classname="com.CA.qa.TestCases.APITesting" name="testResponsecode" time="0.039"/>
  <system-out/>
  <testcase classname="com.CA.qa.TestCases.APITesting" name="testResponsecode" time="0.033"/>
  <system-out/>
  <testcase classname="com.CA.qa.TestCases.APITesting" name="testResponsecode" time="0.037"/>
  <system-out/>
  <testcase classname="com.CA.qa.TestCases.APITesting" name="testResponsecode" time="0.036"/>
  <system-out/>
  <testcase classname="com.CA.qa.TestCases.APITesting" name="testResponsecode" time="0.032"/>
  <system-out/>
  <testcase classname="com.CA.qa.TestCases.APITesting" name="testResponsecode" time="0.793"/>
  <system-out/>
  <testcase classname="com.CA.qa.TestCases.APITesting" name="testResponsecode" time="0.037"/>
  <system-out/>
  <testcase classname="com.CA.qa.TestCases.APITesting" name="testResponsecode" time="0.032"/>
  <system-out/>
  <testcase classname="com.CA.qa.TestCases.APITesting" name="testResponsecode" time="0.033"/>
  <system-out/>
  <testcase classname="com.CA.qa.TestCases.APITesting" name="testResponsecode" time="0.035"/>
  <system-out/>
  <testcase classname="com.CA.qa.TestCases.APITesting" name="testResponsecode" time="0.190"/>
  <system-out/>
  <testcase classname="com.CA.qa.TestCases.APITesting" name="testResponsecode" time="0.046"/>
  <system-out/>
  <testcase classname="com.CA.qa.TestCases.APITesting" name="testResponsecode" time="0.055"/>
  <system-out/>
  <testcase classname="com.CA.qa.TestCases.APITesting" name="testResponsecode" time="0.036"/>
  <system-out/>
  <testcase classname="com.CA.qa.TestCases.APITesting" name="testResponsecode" time="0.040"/>
  <system-out/>
  <testcase classname="com.CA.qa.TestCases.APITesting" name="testResponsecode" time="0.038"/>
  <system-out/>
  <testcase classname="com.CA.qa.TestCases.APITesting" name="testResponsecode" time="0.035"/>
  <system-out/>
  <testcase classname="com.CA.qa.TestCases.APITesting" name="testResponsecode" time="0.039"/>
  <system-out/>
  <testcase classname="com.CA.qa.TestCases.APITesting" name="testResponsecode" time="0.036"/>
  <system-out/>
  <testcase classname="com.CA.qa.TestCases.APITesting" name="testResponsecode" time="0.032"/>
  <system-out/>
  <testcase classname="com.CA.qa.TestCases.APITesting" name="testResponsecode" time="0.035"/>
  <system-out/>
  <testcase classname="com.CA.qa.TestCases.APITesting" name="testResponsecode" time="0.040"/>
  <system-out/>
  <testcase classname="com.CA.qa.TestCases.APITesting" name="testResponsecode" time="0.032"/>
  <system-out/>
  <testcase classname="com.CA.qa.TestCases.APITesting" name="testResponsecode" time="0.033"/>
  <system-out/>
  <testcase classname="com.CA.qa.TestCases.APITesting" name="testResponsecode" time="0.035"/>
  <system-out/>
  <testcase classname="com.CA.qa.TestCases.APITesting" name="testResponsecode" time="0.033"/>
  <system-out/>
  <testcase classname="com.CA.qa.TestCases.APITesting" name="testResponsecode" time="0.033"/>
  <system-out/>
  <testcase classname="com.CA.qa.TestCases.APITesting" name="testResponsecode" time="0.036"/>
  <system-out/>
  <testcase classname="com.CA.qa.TestCases.APITesting" name="testResponsecode" time="0.143"/>
  <system-out/>
  <testcase classname="com.CA.qa.TestCases.APITesting" name="testResponsecode" time="0.035"/>
  <system-out/>
  <testcase classname="com.CA.qa.TestCases.APITesting" name="testResponsecode" time="0.050"/>
  <system-out/>
  <testcase classname="com.CA.qa.TestCases.APITesting" name="testResponsecode" time="0.085"/>
  <system-out/>
  <testcase classname="com.CA.qa.TestCases.APITesting" name="testResponsecode" time="0.036"/>
  <system-out/>
  <testcase classname="com.CA.qa.TestCases.APITesting" name="testResponsecode" time="0.032"/>
  <system-out/>
  <testcase classname="com.CA.qa.TestCases.APITesting" name="testResponsecode" time="0.035"/>
  <system-out/>
  <testcase classname="com.CA.qa.TestCases.APITesting" name="testResponsecode" time="0.034"/>
  <system-out/>
  <testcase classname="com.CA.qa.TestCases.APITesting" name="testResponsecode" time="0.034"/>
  <system-out/>
  <testcase classname="com.CA.qa.TestCases.APITesting" name="testResponsecode" time="0.036"/>
  <system-out/>
  <testcase classname="com.CA.qa.TestCases.APITesting" name="testResponsecode" time="0.037"/>
  <system-out/>
  <testcase classname="com.CA.qa.TestCases.APITesting" name="testResponsecode" time="0.041"/>
  <system-out/>
  <testcase classname="com.CA.qa.TestCases.APITesting" name="testResponsecode" time="0.036"/>
  <system-out/>
  <testcase classname="com.CA.qa.TestCases.APITesting" name="testResponsecode" time="0.041"/>
  <system-out/>
  <testcase classname="com.CA.qa.TestCases.APITesting" name="testResponsecode" time="0.033"/>
  <system-out/>
  <testcase classname="com.CA.qa.TestCases.APITesting" name="testResponsecode" time="0.125"/>
  <system-out/>
  <testcase classname="com.CA.qa.TestCases.APITesting" name="testResponsecode" time="0.043"/>
  <system-out/>
  <testcase classname="com.CA.qa.TestCases.APITesting" name="testResponsecode" time="0.033"/>
  <system-out/>
  <testcase classname="com.CA.qa.TestCases.APITesting" name="testResponsecode" time="0.079"/>
  <system-out/>
  <testcase classname="com.CA.qa.TestCases.APITesting" name="testResponsecode" time="0.035"/>
  <system-out/>
  <testcase classname="com.CA.qa.TestCases.APITesting" name="testResponsecode" time="0.036"/>
  <system-out/>
  <testcase classname="com.CA.qa.TestCases.APITesting" name="testResponsecode" time="0.033"/>
  <system-out/>
  <testcase classname="com.CA.qa.TestCases.APITesting" name="testResponsecode" time="0.036"/>
  <system-out/>
  <testcase classname="com.CA.qa.TestCases.APITesting" name="testResponsecode" time="0.034"/>
  <system-out/>
  <testcase classname="com.CA.qa.TestCases.APITesting" name="testResponsecode" time="0.039"/>
  <system-out/>
  <testcase classname="com.CA.qa.TestCases.APITesting" name="testResponsecode" time="0.037"/>
  <system-out/>
  <testcase classname="com.CA.qa.TestCases.APITesting" name="testResponsecode" time="0.773"/>
  <system-out/>
  <testcase classname="com.CA.qa.TestCases.APITesting" name="testResponsecode" time="0.043"/>
  <system-out/>
  <testcase classname="com.CA.qa.TestCases.APITesting" name="testResponsecode" time="0.040"/>
  <system-out/>
  <testcase classname="com.CA.qa.TestCases.APITesting" name="testResponsecode" time="0.126"/>
  <system-out/>
  <testcase classname="com.CA.qa.TestCases.APITesting" name="testResponsecode" time="0.078"/>
  <system-out/>
  <testcase classname="com.CA.qa.TestCases.APITesting" name="testResponsecode" time="0.035"/>
  <system-out/>
  <testcase classname="com.CA.qa.TestCases.APITesting" name="testResponsecode" time="0.036"/>
  <system-out/>
  <testcase classname="com.CA.qa.TestCases.APITesting" name="testResponsecode" time="0.034"/>
  <system-out/>
  <testcase classname="com.CA.qa.TestCases.APITesting" name="testResponsecode" time="0.037"/>
  <system-out/>
  <testcase classname="com.CA.qa.TestCases.APITesting" name="testResponsecode" time="0.038"/>
  <system-out/>
  <testcase classname="com.CA.qa.TestCases.APITesting" name="testResponsecode" time="0.056"/>
  <system-out/>
  <testcase classname="com.CA.qa.TestCases.APITesting" name="testResponsecode" time="0.172"/>
  <system-out/>
  <testcase classname="com.CA.qa.TestCases.APITesting" name="testResponsecode" time="0.054"/>
  <system-out/>
  <testcase classname="com.CA.qa.TestCases.APITesting" name="testResponsecode" time="0.033"/>
  <system-out/>
  <testcase classname="com.CA.qa.TestCases.APITesting" name="testResponsecode" time="0.033"/>
  <system-out/>
  <testcase classname="com.CA.qa.TestCases.APITesting" name="testResponsecode" time="0.040"/>
  <system-out/>
  <testcase classname="com.CA.qa.TestCases.APITesting" name="testResponsecode" time="0.033"/>
  <system-out/>
  <testcase classname="com.CA.qa.TestCases.APITesting" name="testResponsecode" time="0.042"/>
  <system-out/>
  <testcase classname="com.CA.qa.TestCases.APITesting" name="testResponsecode" time="0.047"/>
  <system-out/>
  <testcase classname="com.CA.qa.TestCases.APITesting" name="testResponsecode" time="0.053"/>
  <system-out/>
  <testcase classname="com.CA.qa.TestCases.APITesting" name="testResponsecode" time="0.034"/>
  <system-out/>
  <testcase classname="com.CA.qa.TestCases.APITesting" name="testResponsecode" time="0.033"/>
  <system-out/>
  <testcase classname="com.CA.qa.TestCases.APITesting" name="testResponsecode" time="0.065"/>
  <system-out/>
  <testcase classname="com.CA.qa.TestCases.APITesting" name="testResponsecode" time="0.034"/>
  <system-out/>
  <testcase classname="com.CA.qa.TestCases.APITesting" name="testResponsecode" time="0.035"/>
  <system-out/>
  <testcase classname="com.CA.qa.TestCases.APITesting" name="testResponsecode" time="0.050"/>
  <system-out/>
  <testcase classname="com.CA.qa.TestCases.APITesting" name="testResponsecode" time="0.033"/>
  <system-out/>
  <testcase classname="com.CA.qa.TestCases.APITesting" name="testResponsecode" time="0.034"/>
  <system-out/>
  <testcase classname="com.CA.qa.TestCases.APITesting" name="testResponsecode" time="0.040"/>
  <system-out/>
  <testcase classname="com.CA.qa.TestCases.APITesting" name="testResponsecode" time="0.051"/>
  <system-out/>
  <testcase classname="com.CA.qa.TestCases.APITesting" name="testResponsecode" time="0.051"/>
  <system-out/>
  <testcase classname="com.CA.qa.TestCases.APITesting" name="testResponsecode" time="0.032"/>
  <system-out/>
  <testcase classname="com.CA.qa.TestCases.APITesting" name="testResponsecode" time="0.035"/>
  <system-out/>
  <testcase classname="com.CA.qa.TestCases.APITesting" name="testResponsecode" time="0.037"/>
  <system-out/>
  <testcase classname="com.CA.qa.TestCases.APITesting" name="testResponsecode" time="0.041"/>
  <system-out/>
  <testcase classname="com.CA.qa.TestCases.APITesting" name="testResponsecode" time="0.042"/>
  <system-out/>
  <testcase classname="com.CA.qa.TestCases.APITesting" name="testResponsecode" time="0.036"/>
  <system-out/>
  <testcase classname="com.CA.qa.TestCases.APITesting" name="testResponsecode" time="0.036"/>
  <system-out/>
  <testcase classname="com.CA.qa.TestCases.APITesting" name="testResponsecode" time="0.037"/>
  <system-out/>
  <testcase classname="com.CA.qa.TestCases.APITesting" name="testResponsecode" time="0.042"/>
  <system-out/>
  <testcase classname="com.CA.qa.TestCases.APITesting" name="testResponsecode" time="0.037"/>
  <system-out/>
  <testcase classname="com.CA.qa.TestCases.APITesting" name="testResponsecode" time="0.033"/>
  <system-out/>
  <testcase classname="com.CA.qa.TestCases.APITesting" name="testResponsecode" time="0.193"/>
  <system-out/>
  <testcase classname="com.CA.qa.TestCases.APITesting" name="testResponsecode" time="0.039"/>
  <system-out/>
  <testcase classname="com.CA.qa.TestCases.APITesting" name="testResponsecode" time="0.035"/>
  <system-out/>
  <testcase classname="com.CA.qa.TestCases.APITesting" name="testResponsecode" time="0.033"/>
  <system-out/>
  <testcase classname="com.CA.qa.TestCases.APITesting" name="testResponsecode" time="0.033"/>
  <system-out/>
  <testcase classname="com.CA.qa.TestCases.APITesting" name="testResponsecode" time="0.040"/>
  <system-out/>
  <testcase classname="com.CA.qa.TestCases.APITesting" name="testResponsecode" time="0.035"/>
  <system-out/>
  <testcase classname="com.CA.qa.TestCases.APITesting" name="testResponsecode" time="0.037"/>
  <system-out/>
  <testcase classname="com.CA.qa.TestCases.APITesting" name="testResponsecode" time="0.167"/>
  <system-out/>
  <testcase classname="com.CA.qa.TestCases.APITesting" name="testResponsecode" time="0.038"/>
  <system-out/>
  <testcase classname="com.CA.qa.TestCases.APITesting" name="testResponsecode" time="0.032"/>
  <system-out/>
  <testcase classname="com.CA.qa.TestCases.APITesting" name="testResponsecode" time="0.033"/>
  <system-out/>
  <testcase classname="com.CA.qa.TestCases.APITesting" name="testResponsecode" time="0.038"/>
  <system-out/>
  <testcase classname="com.CA.qa.TestCases.APITesting" name="testResponsecode" time="0.033"/>
  <system-out/>
  <testcase classname="com.CA.qa.TestCases.APITesting" name="testResponsecode" time="0.042"/>
  <system-out/>
  <testcase classname="com.CA.qa.TestCases.APITesting" name="testResponsecode" time="0.033"/>
  <system-out/>
  <testcase classname="com.CA.qa.TestCases.APITesting" name="testResponsecode" time="0.134"/>
  <system-out/>
  <testcase classname="com.CA.qa.TestCases.APITesting" name="testResponsecode" time="0.034"/>
  <system-out/>
  <testcase classname="com.CA.qa.TestCases.APITesting" name="testResponsecode" time="0.038"/>
  <system-out/>
  <testcase classname="com.CA.qa.TestCases.APITesting" name="testResponsecode" time="0.035"/>
  <system-out/>
  <testcase classname="com.CA.qa.TestCases.APITesting" name="testResponsecode" time="0.037"/>
  <system-out/>
  <testcase classname="com.CA.qa.TestCases.APITesting" name="testResponsecode" time="0.054"/>
  <system-out/>
  <testcase classname="com.CA.qa.TestCases.APITesting" name="testResponsecode" time="0.038"/>
  <system-out/>
  <testcase classname="com.CA.qa.TestCases.APITesting" name="testResponsecode" time="0.036"/>
  <system-out/>
  <testcase classname="com.CA.qa.TestCases.APITesting" name="testResponsecode" time="0.043"/>
  <system-out/>
  <testcase classname="com.CA.qa.TestCases.APITesting" name="testResponsecode" time="0.142"/>
  <system-out/>
  <testcase classname="com.CA.qa.TestCases.APITesting" name="testResponsecode" time="0.041"/>
  <system-out/>
  <testcase classname="com.CA.qa.TestCases.APITesting" name="testResponsecode" time="0.044"/>
  <system-out/>
  <testcase classname="com.CA.qa.TestCases.APITesting" name="testResponsecode" time="0.033"/>
  <system-out/>
  <testcase classname="com.CA.qa.TestCases.APITesting" name="testResponsecode" time="0.032"/>
  <system-out/>
  <testcase classname="com.CA.qa.TestCases.APITesting" name="testResponsecode" time="0.033"/>
  <system-out/>
  <testcase classname="com.CA.qa.TestCases.APITesting" name="testResponsecode" time="0.035"/>
  <system-out/>
  <testcase classname="com.CA.qa.TestCases.APITesting" name="testResponsecode" time="0.039"/>
  <system-out/>
  <testcase classname="com.CA.qa.TestCases.APITesting" name="testResponsecode" time="0.036"/>
  <system-out/>
  <testcase classname="com.CA.qa.TestCases.APITesting" name="testResponsecode" time="0.033"/>
  <system-out/>
  <testcase classname="com.CA.qa.TestCases.APITesting" name="testResponsecode" time="0.037"/>
  <system-out/>
  <testcase classname="com.CA.qa.TestCases.APITesting" name="testResponsecode" time="0.035"/>
  <system-out/>
  <testcase classname="com.CA.qa.TestCases.APITesting" name="testResponsecode" time="0.035"/>
  <system-out/>
  <testcase classname="com.CA.qa.TestCases.APITesting" name="testResponsecode" time="0.037"/>
  <system-out/>
  <testcase classname="com.CA.qa.TestCases.APITesting" name="testResponsecode" time="0.033"/>
  <system-out/>
  <testcase classname="com.CA.qa.TestCases.APITesting" name="testResponsecode" time="0.032"/>
  <system-out/>
  <testcase classname="com.CA.qa.TestCases.APITesting" name="testResponsecode" time="0.048"/>
  <system-out/>
  <testcase classname="com.CA.qa.TestCases.APITesting" name="testResponsecode" time="0.034"/>
  <system-out/>
  <testcase classname="com.CA.qa.TestCases.APITesting" name="testResponsecode" time="0.034"/>
  <system-out/>
  <testcase classname="com.CA.qa.TestCases.APITesting" name="testResponsecode" time="0.033"/>
  <system-out/>
  <testcase classname="com.CA.qa.TestCases.APITesting" name="testResponsecode" time="0.034"/>
  <system-out/>
  <testcase classname="com.CA.qa.TestCases.APITesting" name="testResponsecode" time="0.036"/>
  <system-out/>
  <testcase classname="com.CA.qa.TestCases.APITesting" name="testResponsecode" time="0.048"/>
  <system-out/>
  <testcase classname="com.CA.qa.TestCases.APITesting" name="testResponsecode" time="0.036"/>
  <system-out/>
  <testcase classname="com.CA.qa.TestCases.APITesting" name="testResponsecode" time="0.032"/>
  <system-out/>
  <testcase classname="com.CA.qa.TestCases.APITesting" name="testResponsecode" time="0.033"/>
  <system-out/>
  <testcase classname="com.CA.qa.TestCases.APITesting" name="testResponsecode" time="0.036"/>
  <system-out/>
  <testcase classname="com.CA.qa.TestCases.APITesting" name="testResponsecode" time="0.035"/>
  <system-out/>
  <testcase classname="com.CA.qa.TestCases.APITesting" name="testResponsecode" time="0.034"/>
  <system-out/>
  <testcase classname="com.CA.qa.TestCases.APITesting" name="testResponsecode" time="0.037"/>
  <system-out/>
  <testcase classname="com.CA.qa.TestCases.APITesting" name="testResponsecode" time="0.037"/>
  <system-out/>
  <testcase classname="com.CA.qa.TestCases.APITesting" name="testResponsecode" time="0.033"/>
  <system-out/>
  <testcase classname="com.CA.qa.TestCases.APITesting" name="testResponsecode" time="0.034"/>
  <system-out/>
  <testcase classname="com.CA.qa.TestCases.APITesting" name="testResponsecode" time="0.033"/>
  <system-out/>
  <testcase classname="com.CA.qa.TestCases.APITesting" name="testResponsecode" time="0.051"/>
  <system-out/>
  <testcase classname="com.CA.qa.TestCases.APITesting" name="testResponsecode" time="0.033"/>
  <system-out/>
  <testcase classname="com.CA.qa.TestCases.APITesting" name="testResponsecode" time="0.036"/>
  <system-out/>
  <testcase classname="com.CA.qa.TestCases.APITesting" name="testResponsecode" time="0.045"/>
  <system-out/>
  <testcase classname="com.CA.qa.TestCases.APITesting" name="testResponsecode" time="0.035"/>
  <system-out/>
  <testcase classname="com.CA.qa.TestCases.APITesting" name="testResponsecode" time="0.092"/>
  <system-out/>
  <testcase classname="com.CA.qa.TestCases.APITesting" name="testResponsecode" time="0.044"/>
  <system-out/>
  <testcase classname="com.CA.qa.TestCases.APITesting" name="testResponsecode" time="0.035"/>
  <system-out/>
  <testcase classname="com.CA.qa.TestCases.APITesting" name="testResponsecode" time="0.036"/>
  <system-out/>
  <testcase classname="com.CA.qa.TestCases.APITesting" name="testResponsecode" time="0.034"/>
  <system-out/>
  <testcase classname="com.CA.qa.TestCases.APITesting" name="testResponsecode" time="0.032"/>
  <system-out/>
  <testcase classname="com.CA.qa.TestCases.APITesting" name="testResponsecode" time="0.033"/>
  <system-out/>
  <testcase classname="com.CA.qa.TestCases.APITesting" name="testResponsecode" time="0.033"/>
  <system-out/>
  <testcase classname="com.CA.qa.TestCases.APITesting" name="testResponsecode" time="0.051"/>
  <system-out/>
  <testcase classname="com.CA.qa.TestCases.APITesting" name="testResponsecode" time="0.032"/>
  <system-out/>
  <testcase classname="com.CA.qa.TestCases.APITesting" name="testResponsecode" time="0.034"/>
  <system-out/>
  <testcase classname="com.CA.qa.TestCases.APITesting" name="testResponsecode" time="0.031"/>
  <system-out/>
  <testcase classname="com.CA.qa.TestCases.APITesting" name="testResponsecode" time="0.148"/>
  <system-out/>
  <testcase classname="com.CA.qa.TestCases.APITesting" name="testResponsecode" time="0.033"/>
  <system-out/>
  <testcase classname="com.CA.qa.TestCases.APITesting" name="testResponsecode" time="0.034"/>
  <system-out/>
  <testcase classname="com.CA.qa.TestCases.APITesting" name="testResponsecode" time="0.033"/>
  <system-out/>
  <testcase classname="com.CA.qa.TestCases.APITesting" name="testResponsecode" time="0.040"/>
  <system-out/>
  <testcase classname="com.CA.qa.TestCases.APITesting" name="testResponsecode" time="0.033"/>
  <system-out/>
  <testcase classname="com.CA.qa.TestCases.APITesting" name="testResponsecode" time="0.035"/>
  <system-out/>
  <testcase classname="com.CA.qa.TestCases.APITesting" name="testResponsecode" time="0.034"/>
  <system-out/>
  <testcase classname="com.CA.qa.TestCases.APITesting" name="testResponsecode" time="0.034"/>
  <system-out/>
  <testcase classname="com.CA.qa.TestCases.APITesting" name="testResponsecode" time="0.048"/>
  <system-out/>
  <testcase classname="com.CA.qa.TestCases.APITesting" name="testResponsecode" time="0.037"/>
  <system-out/>
  <testcase classname="com.CA.qa.TestCases.APITesting" name="testResponsecode" time="0.036"/>
  <system-out/>
  <testcase classname="com.CA.qa.TestCases.APITesting" name="testResponsecode" time="0.034"/>
  <system-out/>
  <testcase classname="com.CA.qa.TestCases.APITesting" name="testResponsecode" time="0.036"/>
  <system-out/>
  <testcase classname="com.CA.qa.TestCases.APITesting" name="testResponsecode" time="0.041"/>
  <system-out/>
  <testcase classname="com.CA.qa.TestCases.APITesting" name="testResponsecode" time="0.039"/>
  <system-out/>
  <testcase classname="com.CA.qa.TestCases.APITesting" name="testResponsecode" time="0.032"/>
  <system-out/>
  <testcase classname="com.CA.qa.TestCases.APITesting" name="testResponsecode" time="0.042"/>
  <system-out/>
  <testcase classname="com.CA.qa.TestCases.APITesting" name="testResponsecode" time="0.042"/>
  <system-out/>
  <testcase classname="com.CA.qa.TestCases.APITesting" name="testResponsecode" time="0.034"/>
  <system-out/>
  <testcase classname="com.CA.qa.TestCases.APITesting" name="testResponsecode" time="0.151"/>
  <system-out/>
  <testcase classname="com.CA.qa.TestCases.APITesting" name="testResponsecode" time="0.037"/>
  <system-out/>
  <testcase classname="com.CA.qa.TestCases.APITesting" name="testResponsecode" time="0.034"/>
  <system-out/>
  <testcase classname="com.CA.qa.TestCases.APITesting" name="testResponsecode" time="0.045"/>
  <system-out/>
  <testcase classname="com.CA.qa.TestCases.APITesting" name="testResponsecode" time="0.038"/>
  <system-out/>
  <testcase classname="com.CA.qa.TestCases.APITesting" name="testResponsecode" time="0.040"/>
  <system-out/>
  <testcase classname="com.CA.qa.TestCases.APITesting" name="testResponsecode" time="0.043"/>
  <system-out/>
  <testcase classname="com.CA.qa.TestCases.APITesting" name="testResponsecode" time="0.032"/>
  <system-out/>
  <testcase classname="com.CA.qa.TestCases.APITesting" name="testResponsecode" time="0.034"/>
  <system-out/>
  <testcase classname="com.CA.qa.TestCases.APITesting" name="testResponsecode" time="0.033"/>
  <system-out/>
  <testcase classname="com.CA.qa.TestCases.APITesting" name="testResponsecode" time="0.067"/>
  <system-out/>
  <testcase classname="com.CA.qa.TestCases.APITesting" name="testResponsecode" time="0.035"/>
  <system-out/>
  <testcase classname="com.CA.qa.TestCases.APITesting" name="testResponsecode" time="0.040"/>
  <system-out/>
  <testcase classname="com.CA.qa.TestCases.APITesting" name="testResponsecode" time="0.041"/>
  <system-out/>
  <testcase classname="com.CA.qa.TestCases.APITesting" name="testResponsecode" time="0.048"/>
  <system-out/>
  <testcase classname="com.CA.qa.TestCases.APITesting" name="testResponsecode" time="0.039"/>
  <system-out/>
  <testcase classname="com.CA.qa.TestCases.APITesting" name="testResponsecode" time="0.041"/>
  <system-out/>
  <testcase classname="com.CA.qa.TestCases.APITesting" name="testResponsecode" time="0.033"/>
  <system-out/>
  <testcase classname="com.CA.qa.TestCases.APITesting" name="testResponsecode" time="0.037"/>
  <system-out/>
  <testcase classname="com.CA.qa.TestCases.APITesting" name="testResponsecode" time="0.125"/>
  <system-out/>
  <testcase classname="com.CA.qa.TestCases.APITesting" name="testResponsecode" time="0.032"/>
  <system-out/>
  <testcase classname="com.CA.qa.TestCases.APITesting" name="testResponsecode" time="0.040"/>
  <system-out/>
  <testcase classname="com.CA.qa.TestCases.APITesting" name="testResponsecode" time="0.047"/>
  <system-out/>
  <testcase classname="com.CA.qa.TestCases.APITesting" name="testResponsecode" time="0.040"/>
  <system-out/>
  <testcase classname="com.CA.qa.TestCases.APITesting" name="testResponsecode" time="0.033"/>
  <system-out/>
  <testcase classname="com.CA.qa.TestCases.APITesting" name="testResponsecode" time="0.044"/>
  <system-out/>
  <testcase classname="com.CA.qa.TestCases.APITesting" name="testResponsecode" time="0.033"/>
  <system-out/>
  <testcase classname="com.CA.qa.TestCases.APITesting" name="testResponsecode" time="0.036"/>
  <system-out/>
  <testcase classname="com.CA.qa.TestCases.APITesting" name="testResponsecode" time="0.035"/>
  <system-out/>
  <testcase classname="com.CA.qa.TestCases.APITesting" name="testResponsecode" time="0.211"/>
  <system-out/>
  <testcase classname="com.CA.qa.TestCases.APITesting" name="testResponsecode" time="0.076"/>
  <system-out/>
  <testcase classname="com.CA.qa.TestCases.APITesting" name="testResponsecode" time="0.034"/>
  <system-out/>
  <testcase classname="com.CA.qa.TestCases.APITesting" name="testResponsecode" time="0.046"/>
  <system-out/>
  <testcase classname="com.CA.qa.TestCases.APITesting" name="testResponsecode" time="0.165"/>
  <system-out/>
  <testcase classname="com.CA.qa.TestCases.APITesting" name="testResponsecode" time="0.032"/>
  <system-out/>
  <testcase classname="com.CA.qa.TestCases.APITesting" name="testResponsecode" time="0.042"/>
  <system-out/>
  <testcase classname="com.CA.qa.TestCases.APITesting" name="testResponsecode" time="0.033"/>
  <system-out/>
  <testcase classname="com.CA.qa.TestCases.APITesting" name="testResponsecode" time="0.031"/>
  <system-out/>
  <testcase classname="com.CA.qa.TestCases.APITesting" name="testResponsecode" time="0.039"/>
  <system-out/>
  <testcase classname="com.CA.qa.TestCases.APITesting" name="testResponsecode" time="0.034"/>
  <system-out/>
  <testcase classname="com.CA.qa.TestCases.APITesting" name="testResponsecode" time="0.032"/>
  <system-out/>
  <testcase classname="com.CA.qa.TestCases.APITesting" name="testResponsecode" time="0.034"/>
  <system-out/>
  <testcase classname="com.CA.qa.TestCases.APITesting" name="testResponsecode" time="0.043"/>
  <system-out/>
  <testcase classname="com.CA.qa.TestCases.APITesting" name="testResponsecode" time="0.038"/>
  <system-out/>
  <testcase classname="com.CA.qa.TestCases.APITesting" name="testResponsecode" time="0.148"/>
  <system-out/>
  <testcase classname="com.CA.qa.TestCases.APITesting" name="testResponsecode" time="0.040"/>
  <system-out/>
  <testcase classname="com.CA.qa.TestCases.APITesting" name="testResponsecode" time="0.036"/>
  <system-out/>
  <testcase classname="com.CA.qa.TestCases.APITesting" name="testResponsecode" time="0.032"/>
  <system-out/>
  <testcase classname="com.CA.qa.TestCases.APITesting" name="testResponsecode" time="0.040"/>
  <system-out/>
  <testcase classname="com.CA.qa.TestCases.APITesting" name="testResponsecode" time="0.049"/>
  <system-out/>
  <testcase classname="com.CA.qa.TestCases.APITesting" name="testResponsecode" time="0.035"/>
  <system-out/>
  <testcase classname="com.CA.qa.TestCases.APITesting" name="testResponsecode" time="0.038"/>
  <system-out/>
  <testcase classname="com.CA.qa.TestCases.APITesting" name="testResponsecode" time="0.032"/>
  <system-out/>
  <testcase classname="com.CA.qa.TestCases.APITesting" name="testResponsecode" time="0.035"/>
  <system-out/>
  <testcase classname="com.CA.qa.TestCases.APITesting" name="testResponsecode" time="0.032"/>
  <system-out/>
  <testcase classname="com.CA.qa.TestCases.APITesting" name="testResponsecode" time="0.033"/>
  <system-out/>
  <testcase classname="com.CA.qa.TestCases.APITesting" name="testResponsecode" time="0.151"/>
  <system-out/>
  <testcase classname="com.CA.qa.TestCases.APITesting" name="testResponsecode" time="0.032"/>
  <system-out/>
  <testcase classname="com.CA.qa.TestCases.APITesting" name="testResponsecode" time="0.053"/>
  <system-out/>
  <testcase classname="com.CA.qa.TestCases.APITesting" name="testResponsecode" time="0.034"/>
  <system-out/>
  <testcase classname="com.CA.qa.TestCases.APITesting" name="testResponsecode" time="0.979"/>
  <system-out/>
  <testcase classname="com.CA.qa.TestCases.APITesting" name="testResponsecode" time="0.033"/>
  <system-out/>
  <testcase classname="com.CA.qa.TestCases.APITesting" name="testResponsecode" time="0.032"/>
  <system-out/>
  <testcase classname="com.CA.qa.TestCases.APITesting" name="testResponsecode" time="0.034"/>
  <system-out/>
  <testcase classname="com.CA.qa.TestCases.APITesting" name="testResponsecode" time="0.032"/>
  <system-out/>
  <testcase classname="com.CA.qa.TestCases.APITesting" name="testResponsecode" time="0.035"/>
  <system-out/>
  <testcase classname="com.CA.qa.TestCases.APITesting" name="testResponsecode" time="0.036"/>
  <system-out/>
  <testcase classname="com.CA.qa.TestCases.APITesting" name="testResponsecode" time="0.048"/>
  <system-out/>
  <testcase classname="com.CA.qa.TestCases.APITesting" name="testResponsecode" time="0.032"/>
  <system-out/>
  <testcase classname="com.CA.qa.TestCases.APITesting" name="testResponsecode" time="0.044"/>
  <system-out/>
  <testcase classname="com.CA.qa.TestCases.APITesting" name="testResponsecode" time="0.038"/>
  <system-out/>
  <testcase classname="com.CA.qa.TestCases.APITesting" name="testResponsecode" time="0.037"/>
  <system-out/>
  <testcase classname="com.CA.qa.TestCases.APITesting" name="testResponsecode" time="0.034"/>
  <system-out/>
  <testcase classname="com.CA.qa.TestCases.APITesting" name="testResponsecode" time="0.033"/>
  <system-out/>
  <testcase classname="com.CA.qa.TestCases.APITesting" name="testResponsecode" time="0.046"/>
  <system-out/>
  <testcase classname="com.CA.qa.TestCases.APITesting" name="testResponsecode" time="0.043"/>
  <system-out/>
  <testcase classname="com.CA.qa.TestCases.APITesting" name="testResponsecode" time="0.038"/>
  <system-out/>
  <testcase classname="com.CA.qa.TestCases.APITesting" name="testResponsecode" time="0.943"/>
  <system-out/>
  <testcase classname="com.CA.qa.TestCases.APITesting" name="testResponsecode" time="0.037"/>
  <system-out/>
  <testcase classname="com.CA.qa.TestCases.APITesting" name="testResponsecode" time="0.048"/>
  <system-out/>
  <testcase classname="com.CA.qa.TestCases.APITesting" name="testResponsecode" time="0.055"/>
  <system-out/>
  <testcase classname="com.CA.qa.TestCases.APITesting" name="testResponsecode" time="0.041"/>
  <system-out/>
  <testcase classname="com.CA.qa.TestCases.APITesting" name="testResponsecode" time="0.039"/>
  <system-out/>
  <testcase classname="com.CA.qa.TestCases.APITesting" name="testResponsecode" time="0.043"/>
  <system-out/>
  <testcase classname="com.CA.qa.TestCases.APITesting" name="testResponsecode" time="0.035"/>
  <system-out/>
  <testcase classname="com.CA.qa.TestCases.APITesting" name="testResponsecode" time="0.032"/>
  <system-out/>
  <testcase classname="com.CA.qa.TestCases.APITesting" name="testResponsecode" time="0.038"/>
  <system-out/>
  <testcase classname="com.CA.qa.TestCases.APITesting" name="testResponsecode" time="0.037"/>
  <system-out/>
  <testcase classname="com.CA.qa.TestCases.APITesting" name="testResponsecode" time="0.184"/>
  <system-out/>
  <testcase classname="com.CA.qa.TestCases.APITesting" name="testResponsecode" time="0.032"/>
  <system-out/>
  <testcase classname="com.CA.qa.TestCases.APITesting" name="testResponsecode" time="0.034"/>
  <system-out/>
  <testcase classname="com.CA.qa.TestCases.APITesting" name="testResponsecode" time="0.186"/>
  <system-out/>
  <testcase classname="com.CA.qa.TestCases.APITesting" name="testResponsecode" time="0.033"/>
  <system-out/>
  <testcase classname="com.CA.qa.TestCases.APITesting" name="testResponsecode" time="0.031"/>
  <system-out/>
  <testcase classname="com.CA.qa.TestCases.APITesting" name="testResponsecode" time="0.040"/>
  <system-out/>
  <testcase classname="com.CA.qa.TestCases.APITesting" name="testResponsecode" time="1.040"/>
  <system-out/>
  <testcase classname="com.CA.qa.TestCases.APITesting" name="testResponsecode" time="0.034"/>
  <system-out/>
  <testcase classname="com.CA.qa.TestCases.APITesting" name="testResponsecode" time="0.033"/>
  <system-out/>
  <testcase classname="com.CA.qa.TestCases.APITesting" name="testResponsecode" time="0.032"/>
  <system-out/>
  <testcase classname="com.CA.qa.TestCases.APITesting" name="testResponsecode" time="0.033"/>
  <system-out/>
  <testcase classname="com.CA.qa.TestCases.APITesting" name="testResponsecode" time="0.043"/>
  <system-out/>
  <testcase classname="com.CA.qa.TestCases.APITesting" name="testResponsecode" time="0.033"/>
  <system-out/>
  <testcase classname="com.CA.qa.TestCases.APITesting" name="testResponsecode" time="0.034"/>
  <system-out/>
  <testcase classname="com.CA.qa.TestCases.APITesting" name="testResponsecode" time="0.033"/>
  <system-out/>
  <testcase classname="com.CA.qa.TestCases.APITesting" name="testResponsecode" time="0.036"/>
  <system-out/>
  <testcase classname="com.CA.qa.TestCases.APITesting" name="testResponsecode" time="0.150"/>
  <system-out/>
  <testcase classname="com.CA.qa.TestCases.APITesting" name="testResponsecode" time="0.043"/>
  <system-out/>
  <testcase classname="com.CA.qa.TestCases.APITesting" name="testResponsecode" time="0.039"/>
  <system-out/>
  <testcase classname="com.CA.qa.TestCases.APITesting" name="testResponsecode" time="0.034"/>
  <system-out/>
  <testcase classname="com.CA.qa.TestCases.APITesting" name="testResponsecode" time="0.056"/>
  <system-out/>
  <testcase classname="com.CA.qa.TestCases.APITesting" name="testResponsecode" time="0.051"/>
  <system-out/>
  <testcase classname="com.CA.qa.TestCases.APITesting" name="testResponsecode" time="0.033"/>
  <system-out/>
  <testcase classname="com.CA.qa.TestCases.APITesting" name="testResponsecode" time="0.046"/>
  <system-out/>
  <testcase classname="com.CA.qa.TestCases.APITesting" name="testResponsecode" time="0.033"/>
  <system-out/>
  <testcase classname="com.CA.qa.TestCases.APITesting" name="testResponsecode" time="0.033"/>
  <system-out/>
  <testcase classname="com.CA.qa.TestCases.APITesting" name="testResponsecode" time="0.037"/>
  <system-out/>
  <testcase classname="com.CA.qa.TestCases.APITesting" name="testResponsecode" time="0.032"/>
  <system-out/>
  <testcase classname="com.CA.qa.TestCases.APITesting" name="testResponsecode" time="0.036"/>
  <system-out/>
  <testcase classname="com.CA.qa.TestCases.APITesting" name="testResponsecode" time="0.036"/>
  <system-out/>
  <testcase classname="com.CA.qa.TestCases.APITesting" name="testResponsecode" time="0.035"/>
  <system-out/>
  <testcase classname="com.CA.qa.TestCases.APITesting" name="testResponsecode" time="0.035"/>
  <system-out/>
  <testcase classname="com.CA.qa.TestCases.APITesting" name="testResponsecode" time="0.032"/>
  <system-out/>
  <testcase classname="com.CA.qa.TestCases.APITesting" name="testResponsecode" time="0.041"/>
  <system-out/>
  <testcase classname="com.CA.qa.TestCases.APITesting" name="testResponsecode" time="0.038"/>
  <system-out/>
  <testcase classname="com.CA.qa.TestCases.APITesting" name="testResponsecode" time="0.034"/>
  <system-out/>
  <testcase classname="com.CA.qa.TestCases.APITesting" name="testResponsecode" time="0.037"/>
  <system-out/>
  <testcase classname="com.CA.qa.TestCases.APITesting" name="testResponsecode" time="0.889"/>
  <system-out/>
  <testcase classname="com.CA.qa.TestCases.APITesting" name="testResponsecode" time="0.034"/>
  <system-out/>
  <testcase classname="com.CA.qa.TestCases.APITesting" name="testResponsecode" time="0.046"/>
  <system-out/>
  <testcase classname="com.CA.qa.TestCases.APITesting" name="testResponsecode" time="0.037"/>
  <system-out/>
  <testcase classname="com.CA.qa.TestCases.APITesting" name="testResponsecode" time="0.099"/>
  <system-out/>
  <testcase classname="com.CA.qa.TestCases.APITesting" name="testResponsecode" time="0.036"/>
  <system-out/>
  <testcase classname="com.CA.qa.TestCases.APITesting" name="testResponsecode" time="0.037"/>
  <system-out/>
  <testcase classname="com.CA.qa.TestCases.APITesting" name="testResponsecode" time="0.033"/>
  <system-out/>
  <testcase classname="com.CA.qa.TestCases.APITesting" name="testResponsecode" time="0.037"/>
  <system-out/>
  <testcase classname="com.CA.qa.TestCases.APITesting" name="testResponsecode" time="0.034"/>
  <system-out/>
  <testcase classname="com.CA.qa.TestCases.APITesting" name="testResponsecode" time="0.035"/>
  <system-out/>
  <testcase classname="com.CA.qa.TestCases.APITesting" name="testResponsecode" time="0.034"/>
  <system-out/>
  <testcase classname="com.CA.qa.TestCases.APITesting" name="testResponsecode" time="0.034"/>
  <system-out/>
  <testcase classname="com.CA.qa.TestCases.APITesting" name="testResponsecode" time="0.136"/>
  <system-out/>
  <testcase classname="com.CA.qa.TestCases.APITesting" name="testResponsecode" time="0.044"/>
  <system-out/>
  <testcase classname="com.CA.qa.TestCases.APITesting" name="testResponsecode" time="0.033"/>
  <system-out/>
  <testcase classname="com.CA.qa.TestCases.APITesting" name="testResponsecode" time="0.120"/>
  <system-out/>
  <testcase classname="com.CA.qa.TestCases.APITesting" name="testResponsecode" time="0.041"/>
  <system-out/>
  <testcase classname="com.CA.qa.TestCases.APITesting" name="testResponsecode" time="0.033"/>
  <system-out/>
  <testcase classname="com.CA.qa.TestCases.APITesting" name="testResponsecode" time="0.039"/>
  <system-out/>
  <testcase classname="com.CA.qa.TestCases.APITesting" name="testResponsecode" time="0.039"/>
  <system-out/>
  <testcase classname="com.CA.qa.TestCases.APITesting" name="testResponsecode" time="0.033"/>
  <system-out/>
  <testcase classname="com.CA.qa.TestCases.APITesting" name="testResponsecode" time="0.033"/>
  <system-out/>
  <testcase classname="com.CA.qa.TestCases.APITesting" name="testResponsecode" time="0.040"/>
  <system-out/>
  <testcase classname="com.CA.qa.TestCases.APITesting" name="testResponsecode" time="0.036"/>
  <system-out/>
  <testcase classname="com.CA.qa.TestCases.APITesting" name="testResponsecode" time="0.033"/>
  <system-out/>
  <testcase classname="com.CA.qa.TestCases.APITesting" name="testResponsecode" time="0.039"/>
  <system-out/>
  <testcase classname="com.CA.qa.TestCases.APITesting" name="testResponsecode" time="0.040"/>
  <system-out/>
  <testcase classname="com.CA.qa.TestCases.APITesting" name="testResponsecode" time="0.032"/>
  <system-out/>
  <testcase classname="com.CA.qa.TestCases.APITesting" name="testResponsecode" time="0.037"/>
  <system-out/>
  <testcase classname="com.CA.qa.TestCases.APITesting" name="testResponsecode" time="0.035"/>
  <system-out/>
  <testcase classname="com.CA.qa.TestCases.APITesting" name="testResponsecode" time="0.034"/>
  <system-out/>
  <testcase classname="com.CA.qa.TestCases.APITesting" name="testResponsecode" time="0.050"/>
  <system-out/>
  <testcase classname="com.CA.qa.TestCases.APITesting" name="testResponsecode" time="0.036"/>
  <system-out/>
  <testcase classname="com.CA.qa.TestCases.APITesting" name="testResponsecode" time="0.038"/>
  <system-out/>
  <testcase classname="com.CA.qa.TestCases.APITesting" name="testResponsecode" time="0.045"/>
  <system-out/>
  <testcase classname="com.CA.qa.TestCases.APITesting" name="testResponsecode" time="0.039"/>
  <system-out/>
  <testcase classname="com.CA.qa.TestCases.APITesting" name="testResponsecode" time="0.033"/>
  <system-out/>
  <testcase classname="com.CA.qa.TestCases.APITesting" name="testResponsecode" time="0.035"/>
  <system-out/>
  <testcase classname="com.CA.qa.TestCases.APITesting" name="testResponsecode" time="0.037"/>
  <system-out/>
  <testcase classname="com.CA.qa.TestCases.APITesting" name="testResponsecode" time="0.031"/>
  <system-out/>
  <testcase classname="com.CA.qa.TestCases.APITesting" name="testResponsecode" time="0.044"/>
  <system-out/>
  <testcase classname="com.CA.qa.TestCases.APITesting" name="testResponsecode" time="0.036"/>
  <system-out/>
  <testcase classname="com.CA.qa.TestCases.APITesting" name="testResponsecode" time="0.040"/>
  <system-out/>
  <testcase classname="com.CA.qa.TestCases.APITesting" name="testResponsecode" time="0.041"/>
  <system-out/>
  <testcase classname="com.CA.qa.TestCases.APITesting" name="testResponsecode" time="0.034"/>
  <system-out/>
  <testcase classname="com.CA.qa.TestCases.APITesting" name="testResponsecode" time="0.158"/>
  <system-out/>
  <testcase classname="com.CA.qa.TestCases.APITesting" name="testResponsecode" time="0.034"/>
  <system-out/>
  <testcase classname="com.CA.qa.TestCases.APITesting" name="testResponsecode" time="0.038"/>
  <system-out/>
  <testcase classname="com.CA.qa.TestCases.APITesting" name="testResponsecode" time="0.034"/>
  <system-out/>
  <testcase classname="com.CA.qa.TestCases.APITesting" name="testResponsecode" time="0.033"/>
  <system-out/>
  <testcase classname="com.CA.qa.TestCases.APITesting" name="testResponsecode" time="0.056"/>
  <system-out/>
  <testcase classname="com.CA.qa.TestCases.APITesting" name="testResponsecode" time="0.033"/>
  <system-out/>
  <testcase classname="com.CA.qa.TestCases.APITesting" name="testResponsecode" time="0.034"/>
  <system-out/>
  <testcase classname="com.CA.qa.TestCases.APITesting" name="testResponsecode" time="0.032"/>
  <system-out/>
  <testcase classname="com.CA.qa.TestCases.APITesting" name="testResponsecode" time="0.032"/>
  <system-out/>
  <testcase classname="com.CA.qa.TestCases.APITesting" name="testResponsecode" time="0.182"/>
  <system-out/>
  <testcase classname="com.CA.qa.TestCases.APITesting" name="testResponsecode" time="0.097"/>
  <system-out/>
  <testcase classname="com.CA.qa.TestCases.APITesting" name="testResponsecode" time="0.034"/>
  <system-out/>
  <testcase classname="com.CA.qa.TestCases.APITesting" name="testResponsecode" time="0.033"/>
  <system-out/>
  <testcase classname="com.CA.qa.TestCases.APITesting" name="testResponsecode" time="0.036"/>
  <system-out/>
  <testcase classname="com.CA.qa.TestCases.APITesting" name="testResponsecode" time="0.037"/>
  <system-out/>
  <testcase classname="com.CA.qa.TestCases.APITesting" name="testResponsecode" time="0.034"/>
  <system-out/>
  <testcase classname="com.CA.qa.TestCases.APITesting" name="testResponsecode" time="0.055"/>
  <system-out/>
  <testcase classname="com.CA.qa.TestCases.APITesting" name="testResponsecode" time="0.035"/>
  <system-out/>
  <testcase classname="com.CA.qa.TestCases.APITesting" name="testResponsecode" time="0.037"/>
  <system-out/>
  <testcase classname="com.CA.qa.TestCases.APITesting" name="testResponsecode" time="0.042"/>
  <system-out/>
  <testcase classname="com.CA.qa.TestCases.APITesting" name="testResponsecode" time="0.040"/>
  <system-out/>
  <testcase classname="com.CA.qa.TestCases.APITesting" name="testResponsecode" time="0.038"/>
  <system-out/>
  <testcase classname="com.CA.qa.TestCases.APITesting" name="testResponsecode" time="0.038"/>
  <system-out/>
  <testcase classname="com.CA.qa.TestCases.APITesting" name="testResponsecode" time="0.036"/>
  <system-out/>
  <testcase classname="com.CA.qa.TestCases.APITesting" name="testResponsecode" time="0.035"/>
  <system-out/>
  <testcase classname="com.CA.qa.TestCases.APITesting" name="testResponsecode" time="0.039"/>
  <system-out/>
  <testcase classname="com.CA.qa.TestCases.APITesting" name="testResponsecode" time="0.041"/>
  <system-out/>
  <testcase classname="com.CA.qa.TestCases.APITesting" name="testResponsecode" time="0.034"/>
  <system-out/>
  <testcase classname="com.CA.qa.TestCases.APITesting" name="testResponsecode" time="0.035"/>
  <system-out/>
  <testcase classname="com.CA.qa.TestCases.APITesting" name="testResponsecode" time="0.036"/>
  <system-out/>
  <testcase classname="com.CA.qa.TestCases.APITesting" name="testResponsecode" time="0.038"/>
  <system-out/>
  <testcase classname="com.CA.qa.TestCases.APITesting" name="testResponsecode" time="0.033"/>
  <system-out/>
  <testcase classname="com.CA.qa.TestCases.APITesting" name="testResponsecode" time="0.044"/>
  <system-out/>
  <testcase classname="com.CA.qa.TestCases.APITesting" name="testResponsecode" time="0.040"/>
  <system-out/>
  <testcase classname="com.CA.qa.TestCases.APITesting" name="testResponsecode" time="0.036"/>
  <system-out/>
  <testcase classname="com.CA.qa.TestCases.APITesting" name="testResponsecode" time="0.043"/>
  <system-out/>
  <testcase classname="com.CA.qa.TestCases.APITesting" name="testResponsecode" time="0.031"/>
  <system-out/>
  <testcase classname="com.CA.qa.TestCases.APITesting" name="testResponsecode" time="0.069"/>
  <system-out/>
  <testcase classname="com.CA.qa.TestCases.APITesting" name="testResponsecode" time="0.055"/>
  <system-out/>
  <testcase classname="com.CA.qa.TestCases.APITesting" name="testResponsecode" time="0.103"/>
  <system-out/>
  <testcase classname="com.CA.qa.TestCases.APITesting" name="testResponsecode" time="0.035"/>
  <system-out/>
  <testcase classname="com.CA.qa.TestCases.APITesting" name="testResponsecode" time="0.134"/>
  <system-out/>
  <testcase classname="com.CA.qa.TestCases.APITesting" name="testResponsecode" time="0.328"/>
  <system-out/>
  <testcase classname="com.CA.qa.TestCases.APITesting" name="testResponsecode" time="0.032"/>
  <system-out/>
  <testcase classname="com.CA.qa.TestCases.APITesting" name="testResponsecode" time="0.035"/>
  <system-out/>
  <testcase classname="com.CA.qa.TestCases.APITesting" name="testResponsecode" time="0.159"/>
  <system-out/>
  <testcase classname="com.CA.qa.TestCases.APITesting" name="testResponsecode" time="0.034"/>
  <system-out/>
  <testcase classname="com.CA.qa.TestCases.APITesting" name="testResponsecode" time="0.040"/>
  <system-out/>
  <testcase classname="com.CA.qa.TestCases.APITesting" name="testResponsecode" time="0.045"/>
  <system-out/>
  <testcase classname="com.CA.qa.TestCases.APITesting" name="testResponsecode" time="0.031"/>
  <system-out/>
  <testcase classname="com.CA.qa.TestCases.APITesting" name="testResponsecode" time="0.037"/>
  <system-out/>
  <testcase classname="com.CA.qa.TestCases.APITesting" name="testResponsecode" time="0.039"/>
  <system-out/>
  <testcase classname="com.CA.qa.TestCases.APITesting" name="testResponsecode" time="0.034"/>
  <system-out/>
  <testcase classname="com.CA.qa.TestCases.APITesting" name="testResponsecode" time="0.053"/>
  <system-out/>
  <testcase classname="com.CA.qa.TestCases.APITesting" name="testResponsecode" time="0.038"/>
  <system-out/>
  <testcase classname="com.CA.qa.TestCases.APITesting" name="testResponsecode" time="0.034"/>
  <system-out/>
  <testcase classname="com.CA.qa.TestCases.APITesting" name="testResponsecode" time="0.033"/>
  <system-out/>
  <testcase classname="com.CA.qa.TestCases.APITesting" name="testResponsecode" time="0.033"/>
  <system-out/>
  <testcase classname="com.CA.qa.TestCases.APITesting" name="testResponsecode" time="0.042"/>
  <system-out/>
  <testcase classname="com.CA.qa.TestCases.APITesting" name="testResponsecode" time="0.158"/>
  <system-out/>
  <testcase classname="com.CA.qa.TestCases.APITesting" name="testResponsecode" time="0.073"/>
  <system-out/>
  <testcase classname="com.CA.qa.TestCases.APITesting" name="testResponsecode" time="0.040"/>
  <system-out/>
  <testcase classname="com.CA.qa.TestCases.APITesting" name="testResponsecode" time="0.037"/>
  <system-out/>
  <testcase classname="com.CA.qa.TestCases.APITesting" name="testResponsecode" time="0.036"/>
  <system-out/>
  <testcase classname="com.CA.qa.TestCases.APITesting" name="testResponsecode" time="0.041"/>
  <system-out/>
  <testcase classname="com.CA.qa.TestCases.APITesting" name="testResponsecode" time="0.038"/>
  <system-out/>
  <testcase classname="com.CA.qa.TestCases.APITesting" name="testResponsecode" time="0.034"/>
  <system-out/>
  <testcase classname="com.CA.qa.TestCases.APITesting" name="testResponsecode" time="0.035"/>
  <system-out/>
  <testcase classname="com.CA.qa.TestCases.APITesting" name="testResponsecode" time="0.033"/>
  <system-out/>
  <testcase classname="com.CA.qa.TestCases.APITesting" name="testResponsecode" time="0.031"/>
  <system-out/>
  <testcase classname="com.CA.qa.TestCases.APITesting" name="testResponsecode" time="0.040"/>
  <system-out/>
  <testcase classname="com.CA.qa.TestCases.APITesting" name="testResponsecode" time="0.035"/>
  <system-out/>
  <testcase classname="com.CA.qa.TestCases.APITesting" name="testResponsecode" time="0.037"/>
  <system-out/>
  <testcase classname="com.CA.qa.TestCases.APITesting" name="testResponsecode" time="0.035"/>
  <system-out/>
  <testcase classname="com.CA.qa.TestCases.APITesting" name="testResponsecode" time="0.035"/>
  <system-out/>
  <testcase classname="com.CA.qa.TestCases.APITesting" name="testResponsecode" time="0.154"/>
  <system-out/>
  <testcase classname="com.CA.qa.TestCases.APITesting" name="testResponsecode" time="0.035"/>
  <system-out/>
  <testcase classname="com.CA.qa.TestCases.APITesting" name="testResponsecode" time="0.036"/>
  <system-out/>
  <testcase classname="com.CA.qa.TestCases.APITesting" name="testResponsecode" time="0.032"/>
  <system-out/>
  <testcase classname="com.CA.qa.TestCases.APITesting" name="testResponsecode" time="0.037"/>
  <system-out/>
  <testcase classname="com.CA.qa.TestCases.APITesting" name="testResponsecode" time="0.043"/>
  <system-out/>
  <testcase classname="com.CA.qa.TestCases.APITesting" name="testResponsecode" time="0.040"/>
  <system-out/>
  <testcase classname="com.CA.qa.TestCases.APITesting" name="testResponsecode" time="0.039"/>
  <system-out/>
  <testcase classname="com.CA.qa.TestCases.APITesting" name="testResponsecode" time="0.048"/>
  <system-out/>
  <testcase classname="com.CA.qa.TestCases.APITesting" name="testResponsecode" time="0.044"/>
  <system-out/>
  <testcase classname="com.CA.qa.TestCases.APITesting" name="testResponsecode" time="0.055"/>
  <system-out/>
  <testcase classname="com.CA.qa.TestCases.APITesting" name="testResponsecode" time="0.040"/>
  <system-out/>
  <testcase classname="com.CA.qa.TestCases.APITesting" name="testResponsecode" time="0.034"/>
  <system-out/>
  <testcase classname="com.CA.qa.TestCases.APITesting" name="testResponsecode" time="0.034"/>
  <system-out/>
  <testcase classname="com.CA.qa.TestCases.APITesting" name="testResponsecode" time="0.033"/>
  <system-out/>
  <testcase classname="com.CA.qa.TestCases.APITesting" name="testResponsecode" time="0.031"/>
  <system-out/>
  <testcase classname="com.CA.qa.TestCases.APITesting" name="testResponsecode" time="0.035"/>
  <system-out/>
  <testcase classname="com.CA.qa.TestCases.APITesting" name="testResponsecode" time="0.039"/>
  <system-out/>
  <testcase classname="com.CA.qa.TestCases.APITesting" name="testResponsecode" time="0.033"/>
  <system-out/>
  <testcase classname="com.CA.qa.TestCases.APITesting" name="testResponsecode" time="0.036"/>
  <system-out/>
  <testcase classname="com.CA.qa.TestCases.APITesting" name="testResponsecode" time="0.033"/>
  <system-out/>
  <testcase classname="com.CA.qa.TestCases.APITesting" name="testResponsecode" time="0.036"/>
  <system-out/>
  <testcase classname="com.CA.qa.TestCases.APITesting" name="testResponsecode" time="0.034"/>
  <system-out/>
  <testcase classname="com.CA.qa.TestCases.APITesting" name="testResponsecode" time="0.048"/>
  <system-out/>
  <testcase classname="com.CA.qa.TestCases.APITesting" name="testResponsecode" time="0.034"/>
  <system-out/>
  <testcase classname="com.CA.qa.TestCases.APITesting" name="testResponsecode" time="0.035"/>
  <system-out/>
  <testcase classname="com.CA.qa.TestCases.APITesting" name="testResponsecode" time="0.032"/>
  <system-out/>
  <testcase classname="com.CA.qa.TestCases.APITesting" name="testResponsecode" time="0.033"/>
  <system-out/>
  <testcase classname="com.CA.qa.TestCases.APITesting" name="testResponsecode" time="0.202"/>
  <system-out/>
  <testcase classname="com.CA.qa.TestCases.APITesting" name="testResponsecode" time="0.032"/>
  <system-out/>
  <testcase classname="com.CA.qa.TestCases.APITesting" name="testResponsecode" time="0.033"/>
  <system-out/>
  <testcase classname="com.CA.qa.TestCases.APITesting" name="testResponsecode" time="0.035"/>
  <system-out/>
  <testcase classname="com.CA.qa.TestCases.APITesting" name="testResponsecode" time="0.039"/>
  <system-out/>
  <testcase classname="com.CA.qa.TestCases.APITesting" name="testResponsecode" time="0.033"/>
  <system-out/>
  <testcase classname="com.CA.qa.TestCases.APITesting" name="testResponsecode" time="0.056"/>
  <system-out/>
  <testcase classname="com.CA.qa.TestCases.APITesting" name="testResponsecode" time="0.040"/>
  <system-out/>
  <testcase classname="com.CA.qa.TestCases.APITesting" name="testResponsecode" time="0.037"/>
  <system-out/>
  <testcase classname="com.CA.qa.TestCases.APITesting" name="testResponsecode" time="0.033"/>
  <system-out/>
  <testcase classname="com.CA.qa.TestCases.APITesting" name="testResponsecode" time="0.036"/>
  <system-out/>
  <testcase classname="com.CA.qa.TestCases.APITesting" name="testResponsecode" time="0.039"/>
  <system-out/>
  <testcase classname="com.CA.qa.TestCases.APITesting" name="testResponsecode" time="0.058"/>
  <system-out/>
  <testcase classname="com.CA.qa.TestCases.APITesting" name="testResponsecode" time="0.171"/>
  <system-out/>
  <testcase classname="com.CA.qa.TestCases.APITesting" name="testResponsecode" time="0.049"/>
  <system-out/>
  <testcase classname="com.CA.qa.TestCases.APITesting" name="testResponsecode" time="0.036"/>
  <system-out/>
  <testcase classname="com.CA.qa.TestCases.APITesting" name="testResponsecode" time="0.034"/>
  <system-out/>
  <testcase classname="com.CA.qa.TestCases.APITesting" name="testResponsecode" time="0.032"/>
  <system-out/>
  <testcase classname="com.CA.qa.TestCases.APITesting" name="testResponsecode" time="0.042"/>
  <system-out/>
  <testcase classname="com.CA.qa.TestCases.APITesting" name="testResponsecode" time="0.037"/>
  <system-out/>
  <testcase classname="com.CA.qa.TestCases.APITesting" name="testResponsecode" time="0.033"/>
  <system-out/>
  <testcase classname="com.CA.qa.TestCases.APITesting" name="testResponsecode" time="0.034"/>
  <system-out/>
  <testcase classname="com.CA.qa.TestCases.APITesting" name="testResponsecode" time="0.083"/>
  <system-out/>
  <testcase classname="com.CA.qa.TestCases.APITesting" name="testResponsecode" time="0.153"/>
  <system-out/>
  <testcase classname="com.CA.qa.TestCases.APITesting" name="testResponsecode" time="0.034"/>
  <system-out/>
  <testcase classname="com.CA.qa.TestCases.APITesting" name="testResponsecode" time="0.044"/>
  <system-out/>
  <testcase classname="com.CA.qa.TestCases.APITesting" name="testResponsecode" time="0.049"/>
  <system-out/>
  <testcase classname="com.CA.qa.TestCases.APITesting" name="testResponsecode" time="0.037"/>
  <system-out/>
  <testcase classname="com.CA.qa.TestCases.APITesting" name="testResponsecode" time="0.036"/>
  <system-out/>
  <testcase classname="com.CA.qa.TestCases.APITesting" name="testResponsecode" time="0.048"/>
  <system-out/>
  <testcase classname="com.CA.qa.TestCases.APITesting" name="testResponsecode" time="0.151"/>
  <system-out/>
  <testcase classname="com.CA.qa.TestCases.APITesting" name="testResponsecode" time="0.037"/>
  <system-out/>
  <testcase classname="com.CA.qa.TestCases.APITesting" name="testResponsecode" time="0.037"/>
  <system-out/>
  <testcase classname="com.CA.qa.TestCases.APITesting" name="testResponsecode" time="0.034"/>
  <system-out/>
  <testcase classname="com.CA.qa.TestCases.APITesting" name="testResponsecode" time="0.033"/>
  <system-out/>
  <testcase classname="com.CA.qa.TestCases.APITesting" name="testResponsecode" time="0.036"/>
  <system-out/>
  <testcase classname="com.CA.qa.TestCases.APITesting" name="testResponsecode" time="0.035"/>
  <system-out/>
  <testcase classname="com.CA.qa.TestCases.APITesting" name="testResponsecode" time="0.032"/>
  <system-out/>
  <testcase classname="com.CA.qa.TestCases.APITesting" name="testResponsecode" time="0.035"/>
  <system-out/>
  <testcase classname="com.CA.qa.TestCases.APITesting" name="testResponsecode" time="0.035"/>
  <system-out/>
  <testcase classname="com.CA.qa.TestCases.APITesting" name="testResponsecode" time="0.033"/>
  <system-out/>
  <testcase classname="com.CA.qa.TestCases.APITesting" name="testResponsecode" time="0.038"/>
  <system-out/>
  <testcase classname="com.CA.qa.TestCases.APITesting" name="testResponsecode" time="0.037"/>
  <system-out/>
  <testcase classname="com.CA.qa.TestCases.APITesting" name="testResponsecode" time="0.035"/>
  <system-out/>
  <testcase classname="com.CA.qa.TestCases.APITesting" name="testResponsecode" time="0.032"/>
  <system-out/>
  <testcase classname="com.CA.qa.TestCases.APITesting" name="testResponsecode" time="0.033"/>
  <system-out/>
  <testcase classname="com.CA.qa.TestCases.APITesting" name="testResponsecode" time="0.065"/>
  <system-out/>
  <testcase classname="com.CA.qa.TestCases.APITesting" name="testResponsecode" time="0.035"/>
  <system-out/>
  <testcase classname="com.CA.qa.TestCases.APITesting" name="testResponsecode" time="0.035"/>
  <system-out/>
  <testcase classname="com.CA.qa.TestCases.APITesting" name="testResponsecode" time="0.032"/>
  <system-out/>
  <testcase classname="com.CA.qa.TestCases.APITesting" name="testResponsecode" time="0.045"/>
  <system-out/>
  <testcase classname="com.CA.qa.TestCases.APITesting" name="testResponsecode" time="0.039"/>
  <system-out/>
  <testcase classname="com.CA.qa.TestCases.APITesting" name="testResponsecode" time="0.034"/>
  <system-out/>
  <testcase classname="com.CA.qa.TestCases.APITesting" name="testResponsecode" time="0.044"/>
  <system-out/>
  <testcase classname="com.CA.qa.TestCases.APITesting" name="testResponsecode" time="0.044"/>
  <system-out/>
  <testcase classname="com.CA.qa.TestCases.APITesting" name="testResponsecode" time="0.036"/>
  <system-out/>
  <testcase classname="com.CA.qa.TestCases.APITesting" name="testResponsecode" time="0.036"/>
  <system-out/>
  <testcase classname="com.CA.qa.TestCases.APITesting" name="testResponsecode" time="0.037"/>
  <system-out/>
  <testcase classname="com.CA.qa.TestCases.APITesting" name="testResponsecode" time="0.037"/>
  <system-out/>
  <testcase classname="com.CA.qa.TestCases.APITesting" name="testResponsecode" time="0.131"/>
  <system-out/>
  <testcase classname="com.CA.qa.TestCases.APITesting" name="testResponsecode" time="0.036"/>
  <system-out/>
  <testcase classname="com.CA.qa.TestCases.APITesting" name="testResponsecode" time="0.066"/>
  <system-out/>
  <testcase classname="com.CA.qa.TestCases.APITesting" name="testResponsecode" time="0.133"/>
  <system-out/>
  <testcase classname="com.CA.qa.TestCases.APITesting" name="testResponsecode" time="0.032"/>
  <system-out/>
  <testcase classname="com.CA.qa.TestCases.APITesting" name="testResponsecode" time="0.033"/>
  <system-out/>
  <testcase classname="com.CA.qa.TestCases.APITesting" name="testResponsecode" time="0.034"/>
  <system-out/>
  <testcase classname="com.CA.qa.TestCases.APITesting" name="testResponsecode" time="0.414"/>
  <system-out/>
  <testcase classname="com.CA.qa.TestCases.APITesting" name="testResponsecode" time="0.034"/>
  <system-out/>
  <testcase classname="com.CA.qa.TestCases.APITesting" name="testResponsecode" time="0.031"/>
  <system-out/>
  <testcase classname="com.CA.qa.TestCases.APITesting" name="testResponsecode" time="0.043"/>
  <system-out/>
  <testcase classname="com.CA.qa.TestCases.APITesting" name="testResponsecode" time="0.044"/>
  <system-out/>
  <testcase classname="com.CA.qa.TestCases.APITesting" name="testResponsecode" time="0.032"/>
  <system-out/>
  <testcase classname="com.CA.qa.TestCases.APITesting" name="testResponsecode" time="0.033"/>
  <system-out/>
  <testcase classname="com.CA.qa.TestCases.APITesting" name="testResponsecode" time="0.036"/>
  <system-out/>
  <testcase classname="com.CA.qa.TestCases.APITesting" name="testResponsecode" time="0.035"/>
  <system-out/>
  <testcase classname="com.CA.qa.TestCases.APITesting" name="testResponsecode" time="0.036"/>
  <system-out/>
  <testcase classname="com.CA.qa.TestCases.APITesting" name="testResponsecode" time="0.034"/>
  <system-out/>
  <testcase classname="com.CA.qa.TestCases.APITesting" name="testResponsecode" time="0.035"/>
  <system-out/>
  <testcase classname="com.CA.qa.TestCases.APITesting" name="testResponsecode" time="0.036"/>
  <system-out/>
  <testcase classname="com.CA.qa.TestCases.APITesting" name="testResponsecode" time="0.033"/>
  <system-out/>
  <testcase classname="com.CA.qa.TestCases.APITesting" name="testResponsecode" time="0.034"/>
  <system-out/>
  <testcase classname="com.CA.qa.TestCases.APITesting" name="testResponsecode" time="0.034"/>
  <system-out/>
  <testcase classname="com.CA.qa.TestCases.APITesting" name="testResponsecode" time="0.048"/>
  <system-out/>
  <testcase classname="com.CA.qa.TestCases.APITesting" name="testResponsecode" time="0.043"/>
  <system-out/>
  <testcase classname="com.CA.qa.TestCases.APITesting" name="testResponsecode" time="0.042"/>
  <system-out/>
  <testcase classname="com.CA.qa.TestCases.APITesting" name="testResponsecode" time="0.035"/>
  <system-out/>
  <testcase classname="com.CA.qa.TestCases.APITesting" name="testResponsecode" time="0.034"/>
  <system-out/>
  <testcase classname="com.CA.qa.TestCases.APITesting" name="testResponsecode" time="0.034"/>
  <system-out/>
  <testcase classname="com.CA.qa.TestCases.APITesting" name="testResponsecode" time="0.171"/>
  <system-out/>
  <testcase classname="com.CA.qa.TestCases.APITesting" name="testResponsecode" time="0.040"/>
  <system-out/>
  <testcase classname="com.CA.qa.TestCases.APITesting" name="testResponsecode" time="0.036"/>
  <system-out/>
  <testcase classname="com.CA.qa.TestCases.APITesting" name="testResponsecode" time="0.032"/>
  <system-out/>
  <testcase classname="com.CA.qa.TestCases.APITesting" name="testResponsecode" time="0.033"/>
  <system-out/>
  <testcase classname="com.CA.qa.TestCases.APITesting" name="testResponsecode" time="0.032"/>
  <system-out/>
  <testcase classname="com.CA.qa.TestCases.APITesting" name="testResponsecode" time="0.042"/>
  <system-out/>
  <testcase classname="com.CA.qa.TestCases.APITesting" name="testResponsecode" time="0.039"/>
  <system-out/>
  <testcase classname="com.CA.qa.TestCases.APITesting" name="testResponsecode" time="0.039"/>
  <system-out/>
  <testcase classname="com.CA.qa.TestCases.APITesting" name="testResponsecode" time="0.037"/>
  <system-out/>
  <testcase classname="com.CA.qa.TestCases.APITesting" name="testResponsecode" time="0.034"/>
  <system-out/>
  <testcase classname="com.CA.qa.TestCases.APITesting" name="testResponsecode" time="0.097"/>
  <system-out/>
  <testcase classname="com.CA.qa.TestCases.APITesting" name="testResponsecode" time="0.036"/>
  <system-out/>
  <testcase classname="com.CA.qa.TestCases.APITesting" name="testResponsecode" time="0.046"/>
  <system-out/>
  <testcase classname="com.CA.qa.TestCases.APITesting" name="testResponsecode" time="0.044"/>
  <system-out/>
  <testcase classname="com.CA.qa.TestCases.APITesting" name="testResponsecode" time="0.044"/>
  <system-out/>
  <testcase classname="com.CA.qa.TestCases.APITesting" name="testResponsecode" time="0.174"/>
  <system-out/>
  <testcase classname="com.CA.qa.TestCases.APITesting" name="testResponsecode" time="0.034"/>
  <system-out/>
  <testcase classname="com.CA.qa.TestCases.APITesting" name="testResponsecode" time="0.032"/>
  <system-out/>
  <testcase classname="com.CA.qa.TestCases.APITesting" name="testResponsecode" time="0.044"/>
  <system-out/>
  <testcase classname="com.CA.qa.TestCases.APITesting" name="testResponsecode" time="0.048"/>
  <system-out/>
  <testcase classname="com.CA.qa.TestCases.APITesting" name="testResponsecode" time="0.039"/>
  <system-out/>
  <testcase classname="com.CA.qa.TestCases.APITesting" name="testResponsecode" time="0.035"/>
  <system-out/>
  <testcase classname="com.CA.qa.TestCases.APITesting" name="testResponsecode" time="0.057"/>
  <system-out/>
  <testcase classname="com.CA.qa.TestCases.APITesting" name="testResponsecode" time="0.035"/>
  <system-out/>
  <testcase classname="com.CA.qa.TestCases.APITesting" name="testResponsecode" time="0.044"/>
  <system-out/>
  <testcase classname="com.CA.qa.TestCases.APITesting" name="testResponsecode" time="0.034"/>
  <system-out/>
  <testcase classname="com.CA.qa.TestCases.APITesting" name="testResponsecode" time="0.038"/>
  <system-out/>
  <testcase classname="com.CA.qa.TestCases.APITesting" name="testResponsecode" time="0.035"/>
  <system-out/>
  <testcase classname="com.CA.qa.TestCases.APITesting" name="testResponsecode" time="0.036"/>
  <system-out/>
  <testcase classname="com.CA.qa.TestCases.APITesting" name="testResponsecode" time="0.157"/>
  <system-out/>
  <testcase classname="com.CA.qa.TestCases.APITesting" name="testResponsecode" time="0.034"/>
  <system-out/>
  <testcase classname="com.CA.qa.TestCases.APITesting" name="testResponsecode" time="0.058"/>
  <system-out/>
  <testcase classname="com.CA.qa.TestCases.APITesting" name="testResponsecode" time="0.053"/>
  <system-out/>
  <testcase classname="com.CA.qa.TestCases.APITesting" name="testResponsecode" time="0.040"/>
  <system-out/>
  <testcase classname="com.CA.qa.TestCases.APITesting" name="testResponsecode" time="0.039"/>
  <system-out/>
  <testcase classname="com.CA.qa.TestCases.APITesting" name="testResponsecode" time="0.150"/>
  <system-out/>
  <testcase classname="com.CA.qa.TestCases.APITesting" name="testResponsecode" time="0.035"/>
  <system-out/>
  <testcase classname="com.CA.qa.TestCases.APITesting" name="testResponsecode" time="0.037"/>
  <system-out/>
  <testcase classname="com.CA.qa.TestCases.APITesting" name="testResponsecode" time="0.033"/>
  <system-out/>
  <testcase classname="com.CA.qa.TestCases.APITesting" name="testResponsecode" time="0.034"/>
  <system-out/>
  <testcase classname="com.CA.qa.TestCases.APITesting" name="testResponsecode" time="0.062"/>
  <system-out/>
  <testcase classname="com.CA.qa.TestCases.APITesting" name="testResponsecode" time="0.039"/>
  <system-out/>
  <testcase classname="com.CA.qa.TestCases.APITesting" name="testResponsecode" time="0.039"/>
  <system-out/>
  <testcase classname="com.CA.qa.TestCases.APITesting" name="testResponsecode" time="0.037"/>
  <system-out/>
  <testcase classname="com.CA.qa.TestCases.APITesting" name="testResponsecode" time="0.980"/>
  <system-out/>
  <testcase classname="com.CA.qa.TestCases.APITesting" name="testResponsecode" time="0.143"/>
  <system-out/>
  <testcase classname="com.CA.qa.TestCases.APITesting" name="testResponsecode" time="0.039"/>
  <system-out/>
  <testcase classname="com.CA.qa.TestCases.APITesting" name="testResponsecode" time="0.129"/>
  <system-out/>
  <testcase classname="com.CA.qa.TestCases.APITesting" name="testResponsecode" time="0.160"/>
  <system-out/>
  <testcase classname="com.CA.qa.TestCases.APITesting" name="testResponsecode" time="0.032"/>
  <system-out/>
  <testcase classname="com.CA.qa.TestCases.APITesting" name="testResponsecode" time="0.035"/>
  <system-out/>
  <testcase classname="com.CA.qa.TestCases.APITesting" name="testResponsecode" time="0.038"/>
  <system-out/>
  <testcase classname="com.CA.qa.TestCases.APITesting" name="testResponsecode" time="0.034"/>
  <system-out/>
  <testcase classname="com.CA.qa.TestCases.APITesting" name="testResponsecode" time="0.048"/>
  <system-out/>
  <testcase classname="com.CA.qa.TestCases.APITesting" name="testResponsecode" time="0.035"/>
  <system-out/>
  <testcase classname="com.CA.qa.TestCases.APITesting" name="testResponsecode" time="0.133"/>
  <system-out/>
  <testcase classname="com.CA.qa.TestCases.APITesting" name="testResponsecode" time="0.036"/>
  <system-out/>
  <testcase classname="com.CA.qa.TestCases.APITesting" name="testResponsecode" time="0.036"/>
  <system-out/>
  <testcase classname="com.CA.qa.TestCases.APITesting" name="testResponsecode" time="0.033"/>
  <system-out/>
  <testcase classname="com.CA.qa.TestCases.APITesting" name="testResponsecode" time="0.035"/>
  <system-out/>
  <testcase classname="com.CA.qa.TestCases.APITesting" name="testResponsecode" time="0.034"/>
  <system-out/>
  <testcase classname="com.CA.qa.TestCases.APITesting" name="testResponsecode" time="0.037"/>
  <system-out/>
  <testcase classname="com.CA.qa.TestCases.APITesting" name="testResponsecode" time="0.040"/>
  <system-out/>
  <testcase classname="com.CA.qa.TestCases.APITesting" name="testResponsecode" time="0.033"/>
  <system-out/>
  <testcase classname="com.CA.qa.TestCases.APITesting" name="testResponsecode" time="0.034"/>
  <system-out/>
  <testcase classname="com.CA.qa.TestCases.APITesting" name="testResponsecode" time="0.201"/>
  <system-out/>
  <testcase classname="com.CA.qa.TestCases.APITesting" name="testResponsecode" time="0.156"/>
  <system-out/>
  <testcase classname="com.CA.qa.TestCases.APITesting" name="testResponsecode" time="0.041"/>
  <system-out/>
  <testcase classname="com.CA.qa.TestCases.APITesting" name="testResponsecode" time="0.139"/>
  <system-out/>
  <testcase classname="com.CA.qa.TestCases.APITesting" name="testResponsecode" time="0.033"/>
  <system-out/>
  <testcase classname="com.CA.qa.TestCases.APITesting" name="testResponsecode" time="0.033"/>
  <system-out/>
  <testcase classname="com.CA.qa.TestCases.APITesting" name="testResponsecode" time="0.033"/>
  <system-out/>
  <testcase classname="com.CA.qa.TestCases.APITesting" name="testResponsecode" time="0.034"/>
  <system-out/>
  <testcase classname="com.CA.qa.TestCases.APITesting" name="testResponsecode" time="0.033"/>
  <system-out/>
  <testcase classname="com.CA.qa.TestCases.APITesting" name="testResponsecode" time="0.076"/>
  <system-out/>
  <testcase classname="com.CA.qa.TestCases.APITesting" name="testResponsecode" time="0.042"/>
  <system-out/>
  <testcase classname="com.CA.qa.TestCases.APITesting" name="testResponsecode" time="0.037"/>
  <system-out/>
  <testcase classname="com.CA.qa.TestCases.APITesting" name="testResponsecode" time="0.034"/>
  <system-out/>
  <testcase classname="com.CA.qa.TestCases.APITesting" name="testResponsecode" time="0.149"/>
  <system-out/>
  <testcase classname="com.CA.qa.TestCases.APITesting" name="testResponsecode" time="0.048"/>
  <system-out/>
  <testcase classname="com.CA.qa.TestCases.APITesting" name="testResponsecode" time="0.036"/>
  <system-out/>
  <testcase classname="com.CA.qa.TestCases.APITesting" name="testResponsecode" time="0.040"/>
  <system-out/>
  <testcase classname="com.CA.qa.TestCases.APITesting" name="testResponsecode" time="0.043"/>
  <system-out/>
  <testcase classname="com.CA.qa.TestCases.APITesting" name="testResponsecode" time="0.033"/>
  <system-out/>
  <testcase classname="com.CA.qa.TestCases.APITesting" name="testResponsecode" time="0.032"/>
  <system-out/>
  <testcase classname="com.CA.qa.TestCases.APITesting" name="testResponsecode" time="0.126"/>
  <system-out/>
  <testcase classname="com.CA.qa.TestCases.APITesting" name="testResponsecode" time="0.055"/>
  <system-out/>
  <testcase classname="com.CA.qa.TestCases.APITesting" name="testResponsecode" time="0.037"/>
  <system-out/>
  <testcase classname="com.CA.qa.TestCases.APITesting" name="testResponsecode" time="0.032"/>
  <system-out/>
  <testcase classname="com.CA.qa.TestCases.APITesting" name="testResponsecode" time="0.046"/>
  <system-out/>
  <testcase classname="com.CA.qa.TestCases.APITesting" name="testResponsecode" time="0.032"/>
  <system-out/>
  <testcase classname="com.CA.qa.TestCases.APITesting" name="testResponsecode" time="0.034"/>
  <system-out/>
  <testcase classname="com.CA.qa.TestCases.APITesting" name="testResponsecode" time="0.057"/>
  <system-out/>
  <testcase classname="com.CA.qa.TestCases.APITesting" name="testResponsecode" time="0.039"/>
  <system-out/>
  <testcase classname="com.CA.qa.TestCases.APITesting" name="testResponsecode" time="0.035"/>
  <system-out/>
  <testcase classname="com.CA.qa.TestCases.APITesting" name="testResponsecode" time="0.042"/>
  <system-out/>
  <testcase classname="com.CA.qa.TestCases.APITesting" name="testResponsecode" time="0.032"/>
  <system-out/>
  <testcase classname="com.CA.qa.TestCases.APITesting" name="testResponsecode" time="0.059"/>
  <system-out/>
  <testcase classname="com.CA.qa.TestCases.APITesting" name="testResponsecode" time="0.037"/>
  <system-out/>
  <testcase classname="com.CA.qa.TestCases.APITesting" name="testResponsecode" time="0.033"/>
  <system-out/>
  <testcase classname="com.CA.qa.TestCases.APITesting" name="testResponsecode" time="0.162"/>
  <system-out/>
  <testcase classname="com.CA.qa.TestCases.APITesting" name="testResponsecode" time="0.046"/>
  <system-out/>
  <testcase classname="com.CA.qa.TestCases.APITesting" name="testResponsecode" time="0.143"/>
  <system-out/>
  <testcase classname="com.CA.qa.TestCases.APITesting" name="testResponsecode" time="0.036"/>
  <system-out/>
  <testcase classname="com.CA.qa.TestCases.APITesting" name="testResponsecode" time="0.037"/>
  <system-out/>
  <testcase classname="com.CA.qa.TestCases.APITesting" name="testResponsecode" time="0.032"/>
  <system-out/>
  <testcase classname="com.CA.qa.TestCases.APITesting" name="testResponsecode" time="0.034"/>
  <system-out/>
  <testcase classname="com.CA.qa.TestCases.APITesting" name="testResponsecode" time="0.056"/>
  <system-out/>
  <testcase classname="com.CA.qa.TestCases.APITesting" name="testResponsecode" time="0.033"/>
  <system-out/>
  <testcase classname="com.CA.qa.TestCases.APITesting" name="testResponsecode" time="0.033"/>
  <system-out/>
  <testcase classname="com.CA.qa.TestCases.APITesting" name="testResponsecode" time="0.033"/>
  <system-out/>
  <testcase classname="com.CA.qa.TestCases.APITesting" name="testResponsecode" time="0.033"/>
  <system-out/>
  <testcase classname="com.CA.qa.TestCases.APITesting" name="testResponsecode" time="0.033"/>
  <system-out/>
  <testcase classname="com.CA.qa.TestCases.APITesting" name="testResponsecode" time="0.035"/>
  <system-out/>
  <testcase classname="com.CA.qa.TestCases.APITesting" name="testResponsecode" time="0.037"/>
  <system-out/>
  <testcase classname="com.CA.qa.TestCases.APITesting" name="testResponsecode" time="0.035"/>
  <system-out/>
  <testcase classname="com.CA.qa.TestCases.APITesting" name="testResponsecode" time="0.036"/>
  <system-out/>
  <testcase classname="com.CA.qa.TestCases.APITesting" name="testResponsecode" time="0.035"/>
  <system-out/>
  <testcase classname="com.CA.qa.TestCases.APITesting" name="testResponsecode" time="0.042"/>
  <system-out/>
  <testcase classname="com.CA.qa.TestCases.APITesting" name="testResponsecode" time="0.073"/>
  <system-out/>
  <testcase classname="com.CA.qa.TestCases.APITesting" name="testResponsecode" time="0.043"/>
  <system-out/>
  <testcase classname="com.CA.qa.TestCases.APITesting" name="testResponsecode" time="0.044"/>
  <system-out/>
  <testcase classname="com.CA.qa.TestCases.APITesting" name="testResponsecode" time="0.034"/>
  <system-out/>
  <testcase classname="com.CA.qa.TestCases.APITesting" name="testResponsecode" time="0.033"/>
  <system-out/>
  <testcase classname="com.CA.qa.TestCases.APITesting" name="testResponsecode" time="0.037"/>
  <system-out/>
  <testcase classname="com.CA.qa.TestCases.APITesting" name="testResponsecode" time="0.036"/>
  <system-out/>
  <testcase classname="com.CA.qa.TestCases.APITesting" name="testResponsecode" time="0.034"/>
  <system-out/>
  <testcase classname="com.CA.qa.TestCases.APITesting" name="testResponsecode" time="0.033"/>
  <system-out/>
  <testcase classname="com.CA.qa.TestCases.APITesting" name="testResponsecode" time="0.034"/>
  <system-out/>
  <testcase classname="com.CA.qa.TestCases.APITesting" name="testResponsecode" time="0.045"/>
  <system-out/>
  <testcase classname="com.CA.qa.TestCases.APITesting" name="testResponsecode" time="0.037"/>
  <system-out/>
  <testcase classname="com.CA.qa.TestCases.APITesting" name="testResponsecode" time="0.144"/>
  <system-out/>
  <testcase classname="com.CA.qa.TestCases.APITesting" name="testResponsecode" time="0.138"/>
  <system-out/>
  <testcase classname="com.CA.qa.TestCases.APITesting" name="testResponsecode" time="0.049"/>
  <system-out/>
  <testcase classname="com.CA.qa.TestCases.APITesting" name="testResponsecode" time="0.038"/>
  <system-out/>
  <testcase classname="com.CA.qa.TestCases.APITesting" name="testResponsecode" time="1.040"/>
  <system-out/>
  <testcase classname="com.CA.qa.TestCases.APITesting" name="testResponsecode" time="0.033"/>
  <system-out/>
  <testcase classname="com.CA.qa.TestCases.APITesting" name="testResponsecode" time="0.037"/>
  <system-out/>
  <testcase classname="com.CA.qa.TestCases.APITesting" name="testResponsecode" time="0.124"/>
  <system-out/>
  <testcase classname="com.CA.qa.TestCases.APITesting" name="testResponsecode" time="0.034"/>
  <system-out/>
  <testcase classname="com.CA.qa.TestCases.APITesting" name="testResponsecode" time="0.034"/>
  <system-out/>
  <testcase classname="com.CA.qa.TestCases.APITesting" name="testResponsecode" time="0.034"/>
  <system-out/>
  <testcase classname="com.CA.qa.TestCases.APITesting" name="testResponsecode" time="0.055"/>
  <system-out/>
  <testcase classname="com.CA.qa.TestCases.APITesting" name="testResponsecode" time="0.038"/>
  <system-out/>
  <testcase classname="com.CA.qa.TestCases.APITesting" name="testResponsecode" time="0.034"/>
  <system-out/>
  <testcase classname="com.CA.qa.TestCases.APITesting" name="testResponsecode" time="0.055"/>
  <system-out/>
  <testcase classname="com.CA.qa.TestCases.APITesting" name="testResponsecode" time="0.260"/>
  <system-out/>
  <testcase classname="com.CA.qa.TestCases.APITesting" name="testResponsecode" time="0.050"/>
  <system-out/>
  <testcase classname="com.CA.qa.TestCases.APITesting" name="testResponsecode" time="0.033"/>
  <system-out/>
  <testcase classname="com.CA.qa.TestCases.APITesting" name="testResponsecode" time="0.044"/>
  <system-out/>
  <testcase classname="com.CA.qa.TestCases.APITesting" name="testResponsecode" time="0.192"/>
  <system-out/>
  <testcase classname="com.CA.qa.TestCases.APITesting" name="testResponsecode" time="0.035"/>
  <system-out/>
  <testcase classname="com.CA.qa.TestCases.APITesting" name="testResponsecode" time="0.041"/>
  <system-out/>
  <testcase classname="com.CA.qa.TestCases.APITesting" name="testResponsecode" time="0.033"/>
  <system-out/>
  <testcase classname="com.CA.qa.TestCases.APITesting" name="testResponsecode" time="0.032"/>
  <system-out/>
  <testcase classname="com.CA.qa.TestCases.APITesting" name="testResponsecode" time="0.034"/>
  <system-out/>
  <testcase classname="com.CA.qa.TestCases.APITesting" name="testResponsecode" time="0.137"/>
  <system-out/>
  <testcase classname="com.CA.qa.TestCases.APITesting" name="testResponsecode" time="0.043"/>
  <system-out/>
  <testcase classname="com.CA.qa.TestCases.APITesting" name="testResponsecode" time="0.035"/>
  <system-out/>
  <testcase classname="com.CA.qa.TestCases.APITesting" name="testResponsecode" time="0.037"/>
  <system-out/>
  <testcase classname="com.CA.qa.TestCases.APITesting" name="testResponsecode" time="0.198"/>
  <system-out/>
  <testcase classname="com.CA.qa.TestCases.APITesting" name="testResponsecode" time="0.035"/>
  <system-out/>
  <testcase classname="com.CA.qa.TestCases.APITesting" name="testResponsecode" time="0.038"/>
  <system-out/>
  <testcase classname="com.CA.qa.TestCases.APITesting" name="testResponsecode" time="0.036"/>
  <system-out/>
  <testcase classname="com.CA.qa.TestCases.APITesting" name="testResponsecode" time="0.034"/>
  <system-out/>
  <testcase classname="com.CA.qa.TestCases.APITesting" name="testResponsecode" time="0.035"/>
  <system-out/>
  <testcase classname="com.CA.qa.TestCases.APITesting" name="testResponsecode" time="0.033"/>
  <system-out/>
  <testcase classname="com.CA.qa.TestCases.APITesting" name="testResponsecode" time="0.035"/>
  <system-out/>
  <testcase classname="com.CA.qa.TestCases.APITesting" name="testResponsecode" time="0.188"/>
  <system-out/>
  <testcase classname="com.CA.qa.TestCases.APITesting" name="testResponsecode" time="0.040"/>
  <system-out/>
  <testcase classname="com.CA.qa.TestCases.APITesting" name="testResponsecode" time="0.032"/>
  <system-out/>
  <testcase classname="com.CA.qa.TestCases.APITesting" name="testResponsecode" time="0.035"/>
  <system-out/>
  <testcase classname="com.CA.qa.TestCases.APITesting" name="testResponsecode" time="0.038"/>
  <system-out/>
  <testcase classname="com.CA.qa.TestCases.APITesting" name="testResponsecode" time="0.036"/>
  <system-out/>
  <testcase classname="com.CA.qa.TestCases.APITesting" name="testResponsecode" time="0.032"/>
  <system-out/>
  <testcase classname="com.CA.qa.TestCases.APITesting" name="testResponsecode" time="0.034"/>
  <system-out/>
  <testcase classname="com.CA.qa.TestCases.APITesting" name="testResponsecode" time="0.042"/>
  <system-out/>
  <testcase classname="com.CA.qa.TestCases.APITesting" name="testResponsecode" time="0.035"/>
  <system-out/>
  <testcase classname="com.CA.qa.TestCases.APITesting" name="testResponsecode" time="0.039"/>
  <system-out/>
  <testcase classname="com.CA.qa.TestCases.APITesting" name="testResponsecode" time="0.090"/>
  <system-out/>
  <testcase classname="com.CA.qa.TestCases.APITesting" name="testResponsecode" time="0.038"/>
  <system-out/>
  <testcase classname="com.CA.qa.TestCases.APITesting" name="testResponsecode" time="0.031"/>
  <system-out/>
  <testcase classname="com.CA.qa.TestCases.APITesting" name="testResponsecode" time="0.034"/>
  <system-out/>
  <testcase classname="com.CA.qa.TestCases.APITesting" name="testResponsecode" time="0.037"/>
  <system-out/>
  <testcase classname="com.CA.qa.TestCases.APITesting" name="testResponsecode" time="0.167"/>
  <system-out/>
  <testcase classname="com.CA.qa.TestCases.APITesting" name="testResponsecode" time="0.035"/>
  <system-out/>
  <testcase classname="com.CA.qa.TestCases.APITesting" name="testResponsecode" time="0.044"/>
  <system-out/>
  <testcase classname="com.CA.qa.TestCases.APITesting" name="testResponsecode" time="0.199"/>
  <system-out/>
  <testcase classname="com.CA.qa.TestCases.APITesting" name="testResponsecode" time="0.032"/>
  <system-out/>
  <testcase classname="com.CA.qa.TestCases.APITesting" name="testResponsecode" time="0.059"/>
  <system-out/>
  <testcase classname="com.CA.qa.TestCases.APITesting" name="testResponsecode" time="0.167"/>
  <system-out/>
  <testcase classname="com.CA.qa.TestCases.APITesting" name="testResponsecode" time="0.038"/>
  <system-out/>
  <testcase classname="com.CA.qa.TestCases.APITesting" name="testResponsecode" time="0.041"/>
  <system-out/>
  <testcase classname="com.CA.qa.TestCases.APITesting" name="testResponsecode" time="0.137"/>
  <system-out/>
  <testcase classname="com.CA.qa.TestCases.APITesting" name="testResponsecode" time="0.032"/>
  <system-out/>
  <testcase classname="com.CA.qa.TestCases.APITesting" name="testResponsecode" time="0.043"/>
  <system-out/>
  <testcase classname="com.CA.qa.TestCases.APITesting" name="testResponsecode" time="0.035"/>
  <system-out/>
  <testcase classname="com.CA.qa.TestCases.APITesting" name="testResponsecode" time="0.039"/>
  <system-out/>
  <testcase classname="com.CA.qa.TestCases.APITesting" name="testResponsecode" time="0.138"/>
  <system-out/>
  <testcase classname="com.CA.qa.TestCases.APITesting" name="testResponsecode" time="0.032"/>
  <system-out/>
  <testcase classname="com.CA.qa.TestCases.APITesting" name="testResponsecode" time="0.035"/>
  <system-out/>
  <testcase classname="com.CA.qa.TestCases.APITesting" name="testResponsecode" time="0.071"/>
  <system-out/>
  <testcase classname="com.CA.qa.TestCases.APITesting" name="testResponsecode" time="0.035"/>
  <system-out/>
  <testcase classname="com.CA.qa.TestCases.APITesting" name="testResponsecode" time="0.050"/>
  <system-out/>
  <testcase classname="com.CA.qa.TestCases.APITesting" name="testResponsecode" time="0.033"/>
  <system-out/>
  <testcase classname="com.CA.qa.TestCases.APITesting" name="testResponsecode" time="0.812"/>
  <system-out/>
  <testcase classname="com.CA.qa.TestCases.APITesting" name="testResponsecode" time="0.034"/>
  <system-out/>
  <testcase classname="com.CA.qa.TestCases.APITesting" name="testResponsecode" time="0.034"/>
  <system-out/>
  <testcase classname="com.CA.qa.TestCases.APITesting" name="testResponsecode" time="0.034"/>
  <system-out/>
  <testcase classname="com.CA.qa.TestCases.APITesting" name="testResponsecode" time="0.046"/>
  <system-out/>
  <testcase classname="com.CA.qa.TestCases.APITesting" name="testResponsecode" time="0.034"/>
  <system-out/>
  <testcase classname="com.CA.qa.TestCases.APITesting" name="testResponsecode" time="0.035"/>
  <system-out/>
  <testcase classname="com.CA.qa.TestCases.APITesting" name="testResponsecode" time="0.032"/>
  <system-out/>
  <testcase classname="com.CA.qa.TestCases.APITesting" name="testResponsecode" time="0.046"/>
  <system-out/>
  <testcase classname="com.CA.qa.TestCases.APITesting" name="testResponsecode" time="0.059"/>
  <system-out/>
  <testcase classname="com.CA.qa.TestCases.APITesting" name="testResponsecode" time="0.035"/>
  <system-out/>
  <testcase classname="com.CA.qa.TestCases.APITesting" name="testResponsecode" time="0.033"/>
  <system-out/>
  <testcase classname="com.CA.qa.TestCases.APITesting" name="testResponsecode" time="0.041"/>
  <system-out/>
  <testcase classname="com.CA.qa.TestCases.APITesting" name="testResponsecode" time="0.032"/>
  <system-out/>
  <testcase classname="com.CA.qa.TestCases.APITesting" name="testResponsecode" time="0.139"/>
  <system-out/>
  <testcase classname="com.CA.qa.TestCases.APITesting" name="testResponsecode" time="0.032"/>
  <system-out/>
  <testcase classname="com.CA.qa.TestCases.APITesting" name="testResponsecode" time="0.146"/>
  <system-out/>
  <testcase classname="com.CA.qa.TestCases.APITesting" name="testResponsecode" time="0.107"/>
  <system-out/>
  <testcase classname="com.CA.qa.TestCases.APITesting" name="testResponsecode" time="0.054"/>
  <system-out/>
  <testcase classname="com.CA.qa.TestCases.APITesting" name="testResponsecode" time="0.043"/>
  <system-out/>
  <testcase classname="com.CA.qa.TestCases.APITesting" name="testResponsecode" time="0.035"/>
  <system-out/>
  <testcase classname="com.CA.qa.TestCases.APITesting" name="testResponsecode" time="0.032"/>
  <system-out/>
  <testcase classname="com.CA.qa.TestCases.APITesting" name="testResponsecode" time="0.038"/>
  <system-out/>
  <testcase classname="com.CA.qa.TestCases.APITesting" name="testResponsecode" time="0.042"/>
  <system-out/>
  <testcase classname="com.CA.qa.TestCases.APITesting" name="testResponsecode" time="0.035"/>
  <system-out/>
  <testcase classname="com.CA.qa.TestCases.APITesting" name="testResponsecode" time="0.037"/>
  <system-out/>
  <testcase classname="com.CA.qa.TestCases.APITesting" name="testResponsecode" time="0.108"/>
  <system-out/>
  <testcase classname="com.CA.qa.TestCases.APITesting" name="testResponsecode" time="0.037"/>
  <system-out/>
  <testcase classname="com.CA.qa.TestCases.APITesting" name="testResponsecode" time="0.037"/>
  <system-out/>
  <testcase classname="com.CA.qa.TestCases.APITesting" name="testResponsecode" time="0.044"/>
  <system-out/>
  <testcase classname="com.CA.qa.TestCases.APITesting" name="testResponsecode" time="0.036"/>
  <system-out/>
  <testcase classname="com.CA.qa.TestCases.APITesting" name="testResponsecode" time="0.054"/>
  <system-out/>
  <testcase classname="com.CA.qa.TestCases.APITesting" name="testResponsecode" time="0.033"/>
  <system-out/>
  <testcase classname="com.CA.qa.TestCases.APITesting" name="testResponsecode" time="0.034"/>
  <system-out/>
  <testcase classname="com.CA.qa.TestCases.APITesting" name="testResponsecode" time="0.037"/>
  <system-out/>
  <testcase classname="com.CA.qa.TestCases.APITesting" name="testResponsecode" time="0.037"/>
  <system-out/>
  <testcase classname="com.CA.qa.TestCases.APITesting" name="testResponsecode" time="0.356"/>
  <system-out/>
  <testcase classname="com.CA.qa.TestCases.APITesting" name="testResponsecode" time="0.050"/>
  <system-out/>
  <testcase classname="com.CA.qa.TestCases.APITesting" name="testResponsecode" time="0.065"/>
  <system-out/>
  <testcase classname="com.CA.qa.TestCases.APITesting" name="testResponsecode" time="0.041"/>
  <system-out/>
  <testcase classname="com.CA.qa.TestCases.APITesting" name="testResponsecode" time="0.033"/>
  <system-out/>
  <testcase classname="com.CA.qa.TestCases.APITesting" name="testResponsecode" time="0.056"/>
  <system-out/>
  <testcase classname="com.CA.qa.TestCases.APITesting" name="testResponsecode" time="0.042"/>
  <system-out/>
  <testcase classname="com.CA.qa.TestCases.APITesting" name="testResponsecode" time="0.032"/>
  <system-out/>
  <testcase classname="com.CA.qa.TestCases.APITesting" name="testResponsecode" time="0.036"/>
  <system-out/>
  <testcase classname="com.CA.qa.TestCases.APITesting" name="testResponsecode" time="0.040"/>
  <system-out/>
  <testcase classname="com.CA.qa.TestCases.APITesting" name="testResponsecode" time="0.038"/>
  <system-out/>
  <testcase classname="com.CA.qa.TestCases.APITesting" name="testResponsecode" time="0.049"/>
  <system-out/>
  <testcase classname="com.CA.qa.TestCases.APITesting" name="testResponsecode" time="0.041"/>
  <system-out/>
  <testcase classname="com.CA.qa.TestCases.APITesting" name="testResponsecode" time="0.033"/>
  <system-out/>
  <testcase classname="com.CA.qa.TestCases.APITesting" name="testResponsecode" time="0.038"/>
  <system-out/>
  <testcase classname="com.CA.qa.TestCases.APITesting" name="testResponsecode" time="0.045"/>
  <system-out/>
  <testcase classname="com.CA.qa.TestCases.APITesting" name="testResponsecode" time="0.037"/>
  <system-out/>
  <testcase classname="com.CA.qa.TestCases.APITesting" name="testResponsecode" time="0.037"/>
  <system-out/>
  <testcase classname="com.CA.qa.TestCases.APITesting" name="testResponsecode" time="0.033"/>
  <system-out/>
  <testcase classname="com.CA.qa.TestCases.APITesting" name="testResponsecode" time="0.033"/>
  <system-out/>
  <testcase classname="com.CA.qa.TestCases.APITesting" name="testResponsecode" time="0.033"/>
  <system-out/>
  <testcase classname="com.CA.qa.TestCases.APITesting" name="testResponsecode" time="0.036"/>
  <system-out/>
  <testcase classname="com.CA.qa.TestCases.APITesting" name="testResponsecode" time="0.052"/>
  <system-out/>
  <testcase classname="com.CA.qa.TestCases.APITesting" name="testResponsecode" time="0.035"/>
  <system-out/>
  <testcase classname="com.CA.qa.TestCases.APITesting" name="testResponsecode" time="0.039"/>
  <system-out/>
  <testcase classname="com.CA.qa.TestCases.APITesting" name="testResponsecode" time="0.043"/>
  <system-out/>
  <testcase classname="com.CA.qa.TestCases.APITesting" name="testResponsecode" time="0.035"/>
  <system-out/>
  <testcase classname="com.CA.qa.TestCases.APITesting" name="testResponsecode" time="0.038"/>
  <system-out/>
  <testcase classname="com.CA.qa.TestCases.APITesting" name="testResponsecode" time="0.035"/>
  <system-out/>
  <testcase classname="com.CA.qa.TestCases.APITesting" name="testResponsecode" time="0.033"/>
  <system-out/>
  <testcase classname="com.CA.qa.TestCases.APITesting" name="testResponsecode" time="0.044"/>
  <system-out/>
  <testcase classname="com.CA.qa.TestCases.APITesting" name="testResponsecode" time="0.032"/>
  <system-out/>
  <testcase classname="com.CA.qa.TestCases.APITesting" name="testResponsecode" time="0.037"/>
  <system-out/>
  <testcase classname="com.CA.qa.TestCases.APITesting" name="testResponsecode" time="0.036"/>
  <system-out/>
  <testcase classname="com.CA.qa.TestCases.APITesting" name="testResponsecode" time="0.055"/>
  <system-out/>
  <testcase classname="com.CA.qa.TestCases.APITesting" name="testResponsecode" time="0.040"/>
  <system-out/>
  <testcase classname="com.CA.qa.TestCases.APITesting" name="testResponsecode" time="0.032"/>
  <system-out/>
  <testcase classname="com.CA.qa.TestCases.APITesting" name="testResponsecode" time="0.034"/>
  <system-out/>
  <testcase classname="com.CA.qa.TestCases.APITesting" name="testResponsecode" time="0.038"/>
  <system-out/>
  <testcase classname="com.CA.qa.TestCases.APITesting" name="testResponsecode" time="0.039"/>
  <system-out/>
  <testcase classname="com.CA.qa.TestCases.APITesting" name="testResponsecode" time="0.036"/>
  <system-out/>
  <testcase classname="com.CA.qa.TestCases.APITesting" name="testResponsecode" time="0.149"/>
  <system-out/>
  <testcase classname="com.CA.qa.TestCases.APITesting" name="testResponsecode" time="0.035"/>
  <system-out/>
  <testcase classname="com.CA.qa.TestCases.APITesting" name="testResponsecode" time="0.072"/>
  <system-out/>
  <testcase classname="com.CA.qa.TestCases.APITesting" name="testResponsecode" time="0.043"/>
  <system-out/>
  <testcase classname="com.CA.qa.TestCases.APITesting" name="testResponsecode" time="0.033"/>
  <system-out/>
  <testcase classname="com.CA.qa.TestCases.APITesting" name="testResponsecode" time="0.032"/>
  <system-out/>
  <testcase classname="com.CA.qa.TestCases.APITesting" name="testResponsecode" time="0.036"/>
  <system-out/>
  <testcase classname="com.CA.qa.TestCases.APITesting" name="testResponsecode" time="0.040"/>
  <system-out/>
  <testcase classname="com.CA.qa.TestCases.APITesting" name="testResponsecode" time="0.133"/>
  <system-out/>
  <testcase classname="com.CA.qa.TestCases.APITesting" name="testResponsecode" time="0.040"/>
  <system-out/>
  <testcase classname="com.CA.qa.TestCases.APITesting" name="testResponsecode" time="0.034"/>
  <system-out/>
  <testcase classname="com.CA.qa.TestCases.APITesting" name="testResponsecode" time="0.037"/>
  <system-out/>
  <testcase classname="com.CA.qa.TestCases.APITesting" name="testResponsecode" time="0.062"/>
  <system-out/>
  <testcase classname="com.CA.qa.TestCases.APITesting" name="testResponsecode" time="0.033"/>
  <system-out/>
  <testcase classname="com.CA.qa.TestCases.APITesting" name="testResponsecode" time="0.033"/>
  <system-out/>
  <testcase classname="com.CA.qa.TestCases.APITesting" name="testResponsecode" time="0.033"/>
  <system-out/>
  <testcase classname="com.CA.qa.TestCases.APITesting" name="testResponsecode" time="0.033"/>
  <system-out/>
  <testcase classname="com.CA.qa.TestCases.APITesting" name="testResponsecode" time="0.034"/>
  <system-out/>
  <testcase classname="com.CA.qa.TestCases.APITesting" name="testResponsecode" time="0.034"/>
  <system-out/>
  <testcase classname="com.CA.qa.TestCases.APITesting" name="testResponsecode" time="0.031"/>
  <system-out/>
  <testcase classname="com.CA.qa.TestCases.APITesting" name="testResponsecode" time="0.040"/>
  <system-out/>
  <testcase classname="com.CA.qa.TestCases.APITesting" name="testResponsecode" time="0.039"/>
  <system-out/>
  <testcase classname="com.CA.qa.TestCases.APITesting" name="testResponsecode" time="0.825"/>
  <system-out/>
  <testcase classname="com.CA.qa.TestCases.APITesting" name="testResponsecode" time="0.034"/>
  <system-out/>
  <testcase classname="com.CA.qa.TestCases.APITesting" name="testResponsecode" time="0.037"/>
  <system-out/>
  <testcase classname="com.CA.qa.TestCases.APITesting" name="testResponsecode" time="0.040"/>
  <system-out/>
  <testcase classname="com.CA.qa.TestCases.APITesting" name="testResponsecode" time="0.034"/>
  <system-out/>
  <testcase classname="com.CA.qa.TestCases.APITesting" name="testResponsecode" time="0.034"/>
  <system-out/>
  <testcase classname="com.CA.qa.TestCases.APITesting" name="testResponsecode" time="0.039"/>
  <system-out/>
  <testcase classname="com.CA.qa.TestCases.APITesting" name="testResponsecode" time="0.035"/>
  <system-out/>
  <testcase classname="com.CA.qa.TestCases.APITesting" name="testResponsecode" time="0.034"/>
  <system-out/>
  <testcase classname="com.CA.qa.TestCases.APITesting" name="testResponsecode" time="0.036"/>
  <system-out/>
  <testcase classname="com.CA.qa.TestCases.APITesting" name="testResponsecode" time="0.034"/>
  <system-out/>
  <testcase classname="com.CA.qa.TestCases.APITesting" name="testResponsecode" time="0.036"/>
  <system-out/>
  <testcase classname="com.CA.qa.TestCases.APITesting" name="testResponsecode" time="0.167"/>
  <system-out/>
  <testcase classname="com.CA.qa.TestCases.APITesting" name="testResponsecode" time="0.052"/>
  <system-out/>
  <testcase classname="com.CA.qa.TestCases.APITesting" name="testResponsecode" time="0.033"/>
  <system-out/>
  <testcase classname="com.CA.qa.TestCases.APITesting" name="testResponsecode" time="0.097"/>
  <system-out/>
  <testcase classname="com.CA.qa.TestCases.APITesting" name="testResponsecode" time="0.034"/>
  <system-out/>
  <testcase classname="com.CA.qa.TestCases.APITesting" name="testResponsecode" time="0.037"/>
  <system-out/>
  <testcase classname="com.CA.qa.TestCases.APITesting" name="testResponsecode" time="0.036"/>
  <system-out/>
  <testcase classname="com.CA.qa.TestCases.APITesting" name="testResponsecode" time="0.036"/>
  <system-out/>
  <testcase classname="com.CA.qa.TestCases.APITesting" name="testResponsecode" time="0.039"/>
  <system-out/>
  <testcase classname="com.CA.qa.TestCases.APITesting" name="testResponsecode" time="0.044"/>
  <system-out/>
  <testcase classname="com.CA.qa.TestCases.APITesting" name="testResponsecode" time="0.034"/>
  <system-out/>
  <testcase classname="com.CA.qa.TestCases.APITesting" name="testResponsecode" time="0.036"/>
  <system-out/>
  <testcase classname="com.CA.qa.TestCases.APITesting" name="testResponsecode" time="0.035"/>
  <system-out/>
  <testcase classname="com.CA.qa.TestCases.APITesting" name="testResponsecode" time="0.036"/>
  <system-out/>
  <testcase classname="com.CA.qa.TestCases.APITesting" name="testResponsecode" time="0.034"/>
  <system-out/>
  <testcase classname="com.CA.qa.TestCases.APITesting" name="testResponsecode" time="0.038"/>
  <system-out/>
  <testcase classname="com.CA.qa.TestCases.APITesting" name="testResponsecode" time="0.032"/>
  <system-out/>
  <testcase classname="com.CA.qa.TestCases.APITesting" name="testResponsecode" time="0.275"/>
  <system-out/>
  <testcase classname="com.CA.qa.TestCases.APITesting" name="testResponsecode" time="0.034"/>
  <system-out/>
  <testcase classname="com.CA.qa.TestCases.APITesting" name="testResponsecode" time="0.034"/>
  <system-out/>
  <testcase classname="com.CA.qa.TestCases.APITesting" name="testResponsecode" time="0.032"/>
  <system-out/>
  <testcase classname="com.CA.qa.TestCases.APITesting" name="testResponsecode" time="0.038"/>
  <system-out/>
  <testcase classname="com.CA.qa.TestCases.APITesting" name="testResponsecode" time="0.057"/>
  <system-out/>
  <testcase classname="com.CA.qa.TestCases.APITesting" name="testResponsecode" time="0.036"/>
  <system-out/>
  <testcase classname="com.CA.qa.TestCases.APITesting" name="testResponsecode" time="0.032"/>
  <system-out/>
  <testcase classname="com.CA.qa.TestCases.APITesting" name="testResponsecode" time="0.033"/>
  <system-out/>
  <testcase classname="com.CA.qa.TestCases.APITesting" name="testResponsecode" time="0.034"/>
  <system-out/>
  <testcase classname="com.CA.qa.TestCases.APITesting" name="testResponsecode" time="0.036"/>
  <system-out/>
  <testcase classname="com.CA.qa.TestCases.APITesting" name="testResponsecode" time="0.034"/>
  <system-out/>
  <testcase classname="com.CA.qa.TestCases.APITesting" name="testResponsecode" time="0.051"/>
  <system-out/>
  <testcase classname="com.CA.qa.TestCases.APITesting" name="testResponsecode" time="0.035"/>
  <system-out/>
  <testcase classname="com.CA.qa.TestCases.APITesting" name="testResponsecode" time="0.033"/>
  <system-out/>
  <testcase classname="com.CA.qa.TestCases.APITesting" name="testResponsecode" time="0.036"/>
  <system-out/>
  <testcase classname="com.CA.qa.TestCases.APITesting" name="testResponsecode" time="0.034"/>
  <system-out/>
  <testcase classname="com.CA.qa.TestCases.APITesting" name="testResponsecode" time="0.037"/>
  <system-out/>
  <testcase classname="com.CA.qa.TestCases.APITesting" name="testResponsecode" time="0.060"/>
  <system-out/>
  <testcase classname="com.CA.qa.TestCases.APITesting" name="testResponsecode" time="0.043"/>
  <system-out/>
  <testcase classname="com.CA.qa.TestCases.APITesting" name="testResponsecode" time="0.050"/>
  <system-out/>
  <testcase classname="com.CA.qa.TestCases.APITesting" name="testResponsecode" time="0.038"/>
  <system-out/>
  <testcase classname="com.CA.qa.TestCases.APITesting" name="testResponsecode" time="0.033"/>
  <system-out/>
  <testcase classname="com.CA.qa.TestCases.APITesting" name="testResponsecode" time="0.037"/>
  <system-out/>
  <testcase classname="com.CA.qa.TestCases.APITesting" name="testResponsecode" time="0.877"/>
  <system-out/>
  <testcase classname="com.CA.qa.TestCases.APITesting" name="testResponsecode" time="0.037"/>
  <system-out/>
  <testcase classname="com.CA.qa.TestCases.APITesting" name="testResponsecode" time="0.034"/>
  <system-out/>
  <testcase classname="com.CA.qa.TestCases.APITesting" name="testResponsecode" time="0.033"/>
  <system-out/>
  <testcase classname="com.CA.qa.TestCases.APITesting" name="testResponsecode" time="0.037"/>
  <system-out/>
  <testcase classname="com.CA.qa.TestCases.APITesting" name="testResponsecode" time="0.033"/>
  <system-out/>
  <testcase classname="com.CA.qa.TestCases.APITesting" name="testResponsecode" time="0.422"/>
  <system-out/>
  <testcase classname="com.CA.qa.TestCases.APITesting" name="testResponsecode" time="0.035"/>
  <system-out/>
  <testcase classname="com.CA.qa.TestCases.APITesting" name="testResponsecode" time="0.034"/>
  <system-out/>
  <testcase classname="com.CA.qa.TestCases.APITesting" name="testResponsecode" time="0.048"/>
  <system-out/>
  <testcase classname="com.CA.qa.TestCases.APITesting" name="testResponsecode" time="0.034"/>
  <system-out/>
  <testcase classname="com.CA.qa.TestCases.APITesting" name="testResponsecode" time="0.034"/>
  <system-out/>
  <testcase classname="com.CA.qa.TestCases.APITesting" name="testResponsecode" time="0.036"/>
  <system-out/>
  <testcase classname="com.CA.qa.TestCases.APITesting" name="testResponsecode" time="0.037"/>
  <system-out/>
  <testcase classname="com.CA.qa.TestCases.APITesting" name="testResponsecode" time="0.034"/>
  <system-out/>
  <testcase classname="com.CA.qa.TestCases.APITesting" name="testResponsecode" time="0.218"/>
  <system-out/>
  <testcase classname="com.CA.qa.TestCases.APITesting" name="testResponsecode" time="0.033"/>
  <system-out/>
  <testcase classname="com.CA.qa.TestCases.APITesting" name="testResponsecode" time="0.034"/>
  <system-out/>
  <testcase classname="com.CA.qa.TestCases.APITesting" name="testResponsecode" time="0.037"/>
  <system-out/>
  <testcase classname="com.CA.qa.TestCases.APITesting" name="testResponsecode" time="0.043"/>
  <system-out/>
  <testcase classname="com.CA.qa.TestCases.APITesting" name="testResponsecode" time="0.033"/>
  <system-out/>
  <testcase classname="com.CA.qa.TestCases.APITesting" name="testResponsecode" time="0.158"/>
  <system-out/>
  <testcase classname="com.CA.qa.TestCases.APITesting" name="testResponsecode" time="0.040"/>
  <system-out/>
  <testcase classname="com.CA.qa.TestCases.APITesting" name="testResponsecode" time="0.032"/>
  <system-out/>
  <testcase classname="com.CA.qa.TestCases.APITesting" name="testResponsecode" time="0.032"/>
  <system-out/>
  <testcase classname="com.CA.qa.TestCases.APITesting" name="testResponsecode" time="0.036"/>
  <system-out/>
  <testcase classname="com.CA.qa.TestCases.APITesting" name="testResponsecode" time="0.033"/>
  <system-out/>
  <testcase classname="com.CA.qa.TestCases.APITesting" name="testResponsecode" time="0.038"/>
  <system-out/>
  <testcase classname="com.CA.qa.TestCases.APITesting" name="testResponsecode" time="0.045"/>
  <system-out/>
  <testcase classname="com.CA.qa.TestCases.APITesting" name="testResponsecode" time="0.043"/>
  <system-out/>
  <testcase classname="com.CA.qa.TestCases.APITesting" name="testResponsecode" time="0.037"/>
  <system-out/>
  <testcase classname="com.CA.qa.TestCases.APITesting" name="testResponsecode" time="0.036"/>
  <system-out/>
  <testcase classname="com.CA.qa.TestCases.APITesting" name="testResponsecode" time="0.032"/>
  <system-out/>
  <testcase classname="com.CA.qa.TestCases.APITesting" name="testResponsecode" time="0.032"/>
  <system-out/>
  <testcase classname="com.CA.qa.TestCases.APITesting" name="testResponsecode" time="0.039"/>
  <system-out/>
  <testcase classname="com.CA.qa.TestCases.APITesting" name="testResponsecode" time="0.042"/>
  <system-out/>
  <testcase classname="com.CA.qa.TestCases.APITesting" name="testResponsecode" time="0.031"/>
  <system-out/>
  <testcase classname="com.CA.qa.TestCases.APITesting" name="testResponsecode" time="0.034"/>
  <system-out/>
  <testcase classname="com.CA.qa.TestCases.APITesting" name="testResponsecode" time="0.035"/>
  <system-out/>
  <testcase classname="com.CA.qa.TestCases.APITesting" name="testResponsecode" time="0.034"/>
  <system-out/>
  <testcase classname="com.CA.qa.TestCases.APITesting" name="testResponsecode" time="0.035"/>
  <system-out/>
  <testcase classname="com.CA.qa.TestCases.APITesting" name="testResponsecode" time="0.130"/>
  <system-out/>
  <testcase classname="com.CA.qa.TestCases.APITesting" name="testResponsecode" time="0.040"/>
  <system-out/>
  <testcase classname="com.CA.qa.TestCases.APITesting" name="testResponsecode" time="0.042"/>
  <system-out/>
  <testcase classname="com.CA.qa.TestCases.APITesting" name="testResponsecode" time="0.037"/>
  <system-out/>
  <testcase classname="com.CA.qa.TestCases.APITesting" name="testResponsecode" time="0.066"/>
  <system-out/>
  <testcase classname="com.CA.qa.TestCases.APITesting" name="testResponsecode" time="0.039"/>
  <system-out/>
  <testcase classname="com.CA.qa.TestCases.APITesting" name="testResponsecode" time="0.150"/>
  <system-out/>
  <testcase classname="com.CA.qa.TestCases.APITesting" name="testResponsecode" time="0.042"/>
  <system-out/>
  <testcase classname="com.CA.qa.TestCases.APITesting" name="testResponsecode" time="0.042"/>
  <system-out/>
  <testcase classname="com.CA.qa.TestCases.APITesting" name="testResponsecode" time="0.150"/>
  <system-out/>
  <testcase classname="com.CA.qa.TestCases.APITesting" name="testResponsecode" time="0.033"/>
  <system-out/>
  <testcase classname="com.CA.qa.TestCases.APITesting" name="testResponsecode" time="0.034"/>
  <system-out/>
  <testcase classname="com.CA.qa.TestCases.APITesting" name="testResponsecode" time="0.041"/>
  <system-out/>
  <testcase classname="com.CA.qa.TestCases.APITesting" name="testResponsecode" time="0.034"/>
  <system-out/>
  <testcase classname="com.CA.qa.TestCases.APITesting" name="testResponsecode" time="0.044"/>
  <system-out/>
  <testcase classname="com.CA.qa.TestCases.APITesting" name="testResponsecode" time="0.042"/>
  <system-out/>
  <testcase classname="com.CA.qa.TestCases.APITesting" name="testResponsecode" time="0.034"/>
  <system-out/>
  <testcase classname="com.CA.qa.TestCases.APITesting" name="testResponsecode" time="0.034"/>
  <system-out/>
  <testcase classname="com.CA.qa.TestCases.APITesting" name="testResponsecode" time="0.035"/>
  <system-out/>
  <testcase classname="com.CA.qa.TestCases.APITesting" name="testResponsecode" time="0.032"/>
  <system-out/>
  <testcase classname="com.CA.qa.TestCases.APITesting" name="testResponsecode" time="0.045"/>
  <system-out/>
  <testcase classname="com.CA.qa.TestCases.APITesting" name="testResponsecode" time="0.034"/>
  <system-out/>
  <testcase classname="com.CA.qa.TestCases.APITesting" name="testResponsecode" time="0.038"/>
  <system-out/>
  <testcase classname="com.CA.qa.TestCases.APITesting" name="testResponsecode" time="0.033"/>
  <system-out/>
  <testcase classname="com.CA.qa.TestCases.APITesting" name="testResponsecode" time="0.034"/>
  <system-out/>
  <testcase classname="com.CA.qa.TestCases.APITesting" name="testResponsecode" time="0.033"/>
  <system-out/>
  <testcase classname="com.CA.qa.TestCases.APITesting" name="testResponsecode" time="0.032"/>
  <system-out/>
  <testcase classname="com.CA.qa.TestCases.APITesting" name="testResponsecode" time="0.034"/>
  <system-out/>
  <testcase classname="com.CA.qa.TestCases.APITesting" name="testResponsecode" time="0.132"/>
  <system-out/>
  <testcase classname="com.CA.qa.TestCases.APITesting" name="testResponsecode" time="0.071"/>
  <system-out/>
  <testcase classname="com.CA.qa.TestCases.APITesting" name="testResponsecode" time="0.034"/>
  <system-out/>
  <testcase classname="com.CA.qa.TestCases.APITesting" name="testResponsecode" time="0.044"/>
  <system-out/>
  <testcase classname="com.CA.qa.TestCases.APITesting" name="testResponsecode" time="0.036"/>
  <system-out/>
  <testcase classname="com.CA.qa.TestCases.APITesting" name="testResponsecode" time="0.033"/>
  <system-out/>
  <testcase classname="com.CA.qa.TestCases.APITesting" name="testResponsecode" time="0.189"/>
  <system-out/>
  <testcase classname="com.CA.qa.TestCases.APITesting" name="testResponsecode" time="0.033"/>
  <system-out/>
  <testcase classname="com.CA.qa.TestCases.APITesting" name="testResponsecode" time="0.033"/>
  <system-out/>
  <testcase classname="com.CA.qa.TestCases.APITesting" name="testResponsecode" time="0.073"/>
  <system-out/>
  <testcase classname="com.CA.qa.TestCases.APITesting" name="testResponsecode" time="0.033"/>
  <system-out/>
  <testcase classname="com.CA.qa.TestCases.APITesting" name="testResponsecode" time="0.034"/>
  <system-out/>
  <testcase classname="com.CA.qa.TestCases.APITesting" name="testResponsecode" time="0.034"/>
  <system-out/>
  <testcase classname="com.CA.qa.TestCases.APITesting" name="testResponsecode" time="0.044"/>
  <system-out/>
  <testcase classname="com.CA.qa.TestCases.APITesting" name="testResponsecode" time="0.035"/>
  <system-out/>
  <testcase classname="com.CA.qa.TestCases.APITesting" name="testResponsecode" time="0.039"/>
  <system-out/>
  <testcase classname="com.CA.qa.TestCases.APITesting" name="testResponsecode" time="0.032"/>
  <system-out/>
  <testcase classname="com.CA.qa.TestCases.APITesting" name="testResponsecode" time="0.032"/>
  <system-out/>
  <testcase classname="com.CA.qa.TestCases.APITesting" name="testResponsecode" time="0.034"/>
  <system-out/>
  <testcase classname="com.CA.qa.TestCases.APITesting" name="testResponsecode" time="0.043"/>
  <system-out/>
  <testcase classname="com.CA.qa.TestCases.APITesting" name="testResponsecode" time="0.034"/>
  <system-out/>
  <testcase classname="com.CA.qa.TestCases.APITesting" name="testResponsecode" time="0.036"/>
  <system-out/>
  <testcase classname="com.CA.qa.TestCases.APITesting" name="testResponsecode" time="0.073"/>
  <system-out/>
  <testcase classname="com.CA.qa.TestCases.APITesting" name="testResponsecode" time="0.035"/>
  <system-out/>
  <testcase classname="com.CA.qa.TestCases.APITesting" name="testResponsecode" time="0.038"/>
  <system-out/>
  <testcase classname="com.CA.qa.TestCases.APITesting" name="testResponsecode" time="0.032"/>
  <system-out/>
  <testcase classname="com.CA.qa.TestCases.APITesting" name="testResponsecode" time="0.049"/>
  <system-out/>
  <testcase classname="com.CA.qa.TestCases.APITesting" name="testResponsecode" time="0.033"/>
  <system-out/>
  <testcase classname="com.CA.qa.TestCases.APITesting" name="testResponsecode" time="0.044"/>
  <system-out/>
  <testcase classname="com.CA.qa.TestCases.APITesting" name="testResponsecode" time="0.032"/>
  <system-out/>
  <testcase classname="com.CA.qa.TestCases.APITesting" name="testResponsecode" time="0.034"/>
  <system-out/>
  <testcase classname="com.CA.qa.TestCases.APITesting" name="testResponsecode" time="0.035"/>
  <system-out/>
  <testcase classname="com.CA.qa.TestCases.APITesting" name="testResponsecode" time="0.036"/>
  <system-out/>
  <testcase classname="com.CA.qa.TestCases.APITesting" name="testResponsecode" time="0.034"/>
  <system-out/>
  <testcase classname="com.CA.qa.TestCases.APITesting" name="testResponsecode" time="0.039"/>
  <system-out/>
  <testcase classname="com.CA.qa.TestCases.APITesting" name="testResponsecode" time="0.035"/>
  <system-out/>
  <testcase classname="com.CA.qa.TestCases.APITesting" name="testResponsecode" time="0.042"/>
  <system-out/>
  <testcase classname="com.CA.qa.TestCases.APITesting" name="testResponsecode" time="0.037"/>
  <system-out/>
  <testcase classname="com.CA.qa.TestCases.APITesting" name="testResponsecode" time="0.034"/>
  <system-out/>
  <testcase classname="com.CA.qa.TestCases.APITesting" name="testResponsecode" time="0.053"/>
  <system-out/>
  <testcase classname="com.CA.qa.TestCases.APITesting" name="testResponsecode" time="0.050"/>
  <system-out/>
  <testcase classname="com.CA.qa.TestCases.APITesting" name="testResponsecode" time="0.173"/>
  <system-out/>
  <testcase classname="com.CA.qa.TestCases.APITesting" name="testResponsecode" time="0.037"/>
  <system-out/>
  <testcase classname="com.CA.qa.TestCases.APITesting" name="testResponsecode" time="0.038"/>
  <system-out/>
  <testcase classname="com.CA.qa.TestCases.APITesting" name="testResponsecode" time="0.037"/>
  <system-out/>
  <testcase classname="com.CA.qa.TestCases.APITesting" name="testResponsecode" time="0.034"/>
  <system-out/>
  <testcase classname="com.CA.qa.TestCases.APITesting" name="testResponsecode" time="0.035"/>
  <system-out/>
  <testcase classname="com.CA.qa.TestCases.APITesting" name="testResponsecode" time="0.034"/>
  <system-out/>
  <testcase classname="com.CA.qa.TestCases.APITesting" name="testResponsecode" time="0.033"/>
  <system-out/>
  <testcase classname="com.CA.qa.TestCases.APITesting" name="testResponsecode" time="0.040"/>
  <system-out/>
  <testcase classname="com.CA.qa.TestCases.APITesting" name="testResponsecode" time="0.038"/>
  <system-out/>
  <testcase classname="com.CA.qa.TestCases.APITesting" name="testResponsecode" time="0.034"/>
  <system-out/>
  <testcase classname="com.CA.qa.TestCases.APITesting" name="testResponsecode" time="0.036"/>
  <system-out/>
  <testcase classname="com.CA.qa.TestCases.APITesting" name="testResponsecode" time="0.034"/>
  <system-out/>
  <testcase classname="com.CA.qa.TestCases.APITesting" name="testResponsecode" time="0.033"/>
  <system-out/>
  <testcase classname="com.CA.qa.TestCases.APITesting" name="testResponsecode" time="0.039"/>
  <system-out/>
  <testcase classname="com.CA.qa.TestCases.APITesting" name="testResponsecode" time="0.039"/>
  <system-out/>
  <testcase classname="com.CA.qa.TestCases.APITesting" name="testResponsecode" time="0.038"/>
  <system-out/>
  <testcase classname="com.CA.qa.TestCases.APITesting" name="testResponsecode" time="0.039"/>
  <system-out/>
  <testcase classname="com.CA.qa.TestCases.APITesting" name="testResponsecode" time="0.054"/>
  <system-out/>
  <testcase classname="com.CA.qa.TestCases.APITesting" name="testResponsecode" time="0.047"/>
  <system-out/>
  <testcase classname="com.CA.qa.TestCases.APITesting" name="testResponsecode" time="0.051"/>
  <system-out/>
  <testcase classname="com.CA.qa.TestCases.APITesting" name="testResponsecode" time="0.037"/>
  <system-out/>
  <testcase classname="com.CA.qa.TestCases.APITesting" name="testResponsecode" time="0.041"/>
  <system-out/>
  <testcase classname="com.CA.qa.TestCases.APITesting" name="testResponsecode" time="0.034"/>
  <system-out/>
  <testcase classname="com.CA.qa.TestCases.APITesting" name="testResponsecode" time="0.042"/>
  <system-out/>
  <testcase classname="com.CA.qa.TestCases.APITesting" name="testResponsecode" time="0.469"/>
  <system-out/>
  <testcase classname="com.CA.qa.TestCases.APITesting" name="testResponsecode" time="0.055"/>
  <system-out/>
  <testcase classname="com.CA.qa.TestCases.APITesting" name="testResponsecode" time="0.059"/>
  <system-out/>
  <testcase classname="com.CA.qa.TestCases.APITesting" name="testResponsecode" time="0.035"/>
  <system-out/>
  <testcase classname="com.CA.qa.TestCases.APITesting" name="testResponsecode" time="0.034"/>
  <system-out/>
  <testcase classname="com.CA.qa.TestCases.APITesting" name="testResponsecode" time="0.158"/>
  <system-out/>
  <testcase classname="com.CA.qa.TestCases.APITesting" name="testResponsecode" time="0.033"/>
  <system-out/>
  <testcase classname="com.CA.qa.TestCases.APITesting" name="testResponsecode" time="0.036"/>
  <system-out/>
  <testcase classname="com.CA.qa.TestCases.APITesting" name="testResponsecode" time="0.040"/>
  <system-out/>
  <testcase classname="com.CA.qa.TestCases.APITesting" name="testResponsecode" time="0.045"/>
  <system-out/>
  <testcase classname="com.CA.qa.TestCases.APITesting" name="testResponsecode" time="0.035"/>
  <system-out/>
  <testcase classname="com.CA.qa.TestCases.APITesting" name="testResponsecode" time="0.033"/>
  <system-out/>
  <testcase classname="com.CA.qa.TestCases.APITesting" name="testResponsecode" time="0.032"/>
  <system-out/>
  <testcase classname="com.CA.qa.TestCases.APITesting" name="testResponsecode" time="0.033"/>
  <system-out/>
  <testcase classname="com.CA.qa.TestCases.APITesting" name="testResponsecode" time="0.292"/>
  <system-out/>
  <testcase classname="com.CA.qa.TestCases.APITesting" name="testResponsecode" time="0.038"/>
  <system-out/>
  <testcase classname="com.CA.qa.TestCases.APITesting" name="testResponsecode" time="0.124"/>
  <system-out/>
  <testcase classname="com.CA.qa.TestCases.APITesting" name="testResponsecode" time="0.035"/>
  <system-out/>
  <testcase classname="com.CA.qa.TestCases.APITesting" name="testResponsecode" time="0.145"/>
  <system-out/>
  <testcase classname="com.CA.qa.TestCases.APITesting" name="testResponsecode" time="0.042"/>
  <system-out/>
  <testcase classname="com.CA.qa.TestCases.APITesting" name="testResponsecode" time="0.080"/>
  <system-out/>
  <testcase classname="com.CA.qa.TestCases.APITesting" name="testResponsecode" time="0.035"/>
  <system-out/>
  <testcase classname="com.CA.qa.TestCases.APITesting" name="testResponsecode" time="0.034"/>
  <system-out/>
  <testcase classname="com.CA.qa.TestCases.APITesting" name="testResponsecode" time="0.033"/>
  <system-out/>
  <testcase classname="com.CA.qa.TestCases.APITesting" name="testResponsecode" time="0.031"/>
  <system-out/>
  <testcase classname="com.CA.qa.TestCases.APITesting" name="testResponsecode" time="0.037"/>
  <system-out/>
  <testcase classname="com.CA.qa.TestCases.APITesting" name="testResponsecode" time="0.063"/>
  <system-out/>
  <testcase classname="com.CA.qa.TestCases.APITesting" name="testResponsecode" time="0.039"/>
  <system-out/>
  <testcase classname="com.CA.qa.TestCases.APITesting" name="testResponsecode" time="0.035"/>
  <system-out/>
  <testcase classname="com.CA.qa.TestCases.APITesting" name="testResponsecode" time="0.034"/>
  <system-out/>
  <testcase classname="com.CA.qa.TestCases.APITesting" name="testResponsecode" time="0.034"/>
  <system-out/>
  <testcase classname="com.CA.qa.TestCases.APITesting" name="testResponsecode" time="0.035"/>
  <system-out/>
  <testcase classname="com.CA.qa.TestCases.APITesting" name="testResponsecode" time="0.034"/>
  <system-out/>
  <testcase classname="com.CA.qa.TestCases.APITesting" name="testResponsecode" time="0.034"/>
  <system-out/>
  <testcase classname="com.CA.qa.TestCases.APITesting" name="testResponsecode" time="0.034"/>
  <system-out/>
  <testcase classname="com.CA.qa.TestCases.APITesting" name="testResponsecode" time="0.035"/>
  <system-out/>
  <testcase classname="com.CA.qa.TestCases.APITesting" name="testResponsecode" time="0.733"/>
  <system-out/>
  <testcase classname="com.CA.qa.TestCases.APITesting" name="testResponsecode" time="0.142"/>
  <system-out/>
  <testcase classname="com.CA.qa.TestCases.APITesting" name="testResponsecode" time="0.254"/>
  <system-out/>
  <testcase classname="com.CA.qa.TestCases.APITesting" name="testResponsecode" time="0.033"/>
  <system-out/>
  <testcase classname="com.CA.qa.TestCases.APITesting" name="testResponsecode" time="0.351"/>
  <system-out/>
  <testcase classname="com.CA.qa.TestCases.APITesting" name="testResponsecode" time="0.045"/>
  <system-out/>
  <testcase classname="com.CA.qa.TestCases.APITesting" name="testResponsecode" time="0.037"/>
  <system-out/>
  <testcase classname="com.CA.qa.TestCases.APITesting" name="testResponsecode" time="0.034"/>
  <system-out/>
  <testcase classname="com.CA.qa.TestCases.APITesting" name="testResponsecode" time="0.039"/>
  <system-out/>
  <testcase classname="com.CA.qa.TestCases.APITesting" name="testResponsecode" time="0.076"/>
  <system-out/>
  <testcase classname="com.CA.qa.TestCases.APITesting" name="testResponsecode" time="0.034"/>
  <system-out/>
  <testcase classname="com.CA.qa.TestCases.APITesting" name="testResponsecode" time="0.167"/>
  <system-out/>
  <testcase classname="com.CA.qa.TestCases.APITesting" name="testResponsecode" time="0.040"/>
  <system-out/>
  <testcase classname="com.CA.qa.TestCases.APITesting" name="testResponsecode" time="0.034"/>
  <system-out/>
  <testcase classname="com.CA.qa.TestCases.APITesting" name="testResponsecode" time="0.035"/>
  <system-out/>
  <testcase classname="com.CA.qa.TestCases.APITesting" name="testResponsecode" time="0.038"/>
  <system-out/>
  <testcase classname="com.CA.qa.TestCases.APITesting" name="testResponsecode" time="0.035"/>
  <system-out/>
  <testcase classname="com.CA.qa.TestCases.APITesting" name="testResponsecode" time="0.033"/>
  <system-out/>
  <testcase classname="com.CA.qa.TestCases.APITesting" name="testResponsecode" time="0.043"/>
  <system-out/>
  <testcase classname="com.CA.qa.TestCases.APITesting" name="testResponsecode" time="0.035"/>
  <system-out/>
  <testcase classname="com.CA.qa.TestCases.APITesting" name="testResponsecode" time="0.032"/>
  <system-out/>
  <testcase classname="com.CA.qa.TestCases.APITesting" name="testResponsecode" time="0.053"/>
  <system-out/>
  <testcase classname="com.CA.qa.TestCases.APITesting" name="testResponsecode" time="0.031"/>
  <system-out/>
  <testcase classname="com.CA.qa.TestCases.APITesting" name="testResponsecode" time="0.032"/>
  <system-out/>
  <testcase classname="com.CA.qa.TestCases.APITesting" name="testResponsecode" time="0.033"/>
  <system-out/>
  <testcase classname="com.CA.qa.TestCases.APITesting" name="testResponsecode" time="0.035"/>
  <system-out/>
  <testcase classname="com.CA.qa.TestCases.APITesting" name="testResponsecode" time="0.037"/>
  <system-out/>
  <testcase classname="com.CA.qa.TestCases.APITesting" name="testResponsecode" time="0.038"/>
  <system-out/>
  <testcase classname="com.CA.qa.TestCases.APITesting" name="testResponsecode" time="0.055"/>
  <system-out/>
  <testcase classname="com.CA.qa.TestCases.APITesting" name="testResponsecode" time="0.037"/>
  <system-out/>
  <testcase classname="com.CA.qa.TestCases.APITesting" name="testResponsecode" time="0.040"/>
  <system-out/>
  <testcase classname="com.CA.qa.TestCases.APITesting" name="testResponsecode" time="0.044"/>
  <system-out/>
  <testcase classname="com.CA.qa.TestCases.APITesting" name="testResponsecode" time="0.040"/>
  <system-out/>
  <testcase classname="com.CA.qa.TestCases.APITesting" name="testResponsecode" time="0.035"/>
  <system-out/>
  <testcase classname="com.CA.qa.TestCases.APITesting" name="testResponsecode" time="0.034"/>
  <system-out/>
  <testcase classname="com.CA.qa.TestCases.APITesting" name="testResponsecode" time="0.034"/>
  <system-out/>
  <testcase classname="com.CA.qa.TestCases.APITesting" name="testResponsecode" time="0.040"/>
  <system-out/>
  <testcase classname="com.CA.qa.TestCases.APITesting" name="testResponsecode" time="0.035"/>
  <system-out/>
  <testcase classname="com.CA.qa.TestCases.APITesting" name="testResponsecode" time="0.035"/>
  <system-out/>
  <testcase classname="com.CA.qa.TestCases.APITesting" name="testResponsecode" time="0.032"/>
  <system-out/>
  <testcase classname="com.CA.qa.TestCases.APITesting" name="testResponsecode" time="0.067"/>
  <system-out/>
  <testcase classname="com.CA.qa.TestCases.APITesting" name="testResponsecode" time="0.032"/>
  <system-out/>
  <testcase classname="com.CA.qa.TestCases.APITesting" name="testResponsecode" time="0.034"/>
  <system-out/>
  <testcase classname="com.CA.qa.TestCases.APITesting" name="testResponsecode" time="0.033"/>
  <system-out/>
  <testcase classname="com.CA.qa.TestCases.APITesting" name="testResponsecode" time="0.035"/>
  <system-out/>
  <testcase classname="com.CA.qa.TestCases.APITesting" name="testResponsecode" time="0.040"/>
  <system-out/>
  <testcase classname="com.CA.qa.TestCases.APITesting" name="testResponsecode" time="0.037"/>
  <system-out/>
  <testcase classname="com.CA.qa.TestCases.APITesting" name="testResponsecode" time="0.038"/>
  <system-out/>
  <testcase classname="com.CA.qa.TestCases.APITesting" name="testResponsecode" time="0.039"/>
  <system-out/>
  <testcase classname="com.CA.qa.TestCases.APITesting" name="testResponsecode" time="0.045"/>
  <system-out/>
  <testcase classname="com.CA.qa.TestCases.APITesting" name="testResponsecode" time="0.054"/>
  <system-out/>
  <testcase classname="com.CA.qa.TestCases.APITesting" name="testResponsecode" time="0.033"/>
  <system-out/>
  <testcase classname="com.CA.qa.TestCases.APITesting" name="testResponsecode" time="0.036"/>
  <system-out/>
  <testcase classname="com.CA.qa.TestCases.APITesting" name="testResponsecode" time="0.043"/>
  <system-out/>
  <testcase classname="com.CA.qa.TestCases.APITesting" name="testResponsecode" time="0.037"/>
  <system-out/>
  <testcase classname="com.CA.qa.TestCases.APITesting" name="testResponsecode" time="0.054"/>
  <system-out/>
  <testcase classname="com.CA.qa.TestCases.APITesting" name="testResponsecode" time="0.036"/>
  <system-out/>
  <testcase classname="com.CA.qa.TestCases.APITesting" name="testResponsecode" time="0.814"/>
  <system-out/>
  <testcase classname="com.CA.qa.TestCases.APITesting" name="testResponsecode" time="0.045"/>
  <system-out/>
  <testcase classname="com.CA.qa.TestCases.APITesting" name="testResponsecode" time="0.034"/>
  <system-out/>
  <testcase classname="com.CA.qa.TestCases.APITesting" name="testResponsecode" time="0.046"/>
  <system-out/>
  <testcase classname="com.CA.qa.TestCases.APITesting" name="testResponsecode" time="0.034"/>
  <system-out/>
  <testcase classname="com.CA.qa.TestCases.APITesting" name="testResponsecode" time="0.043"/>
  <system-out/>
  <testcase classname="com.CA.qa.TestCases.APITesting" name="testResponsecode" time="0.040"/>
  <system-out/>
  <testcase classname="com.CA.qa.TestCases.APITesting" name="testResponsecode" time="0.039"/>
  <system-out/>
  <testcase classname="com.CA.qa.TestCases.APITesting" name="testResponsecode" time="0.038"/>
  <system-out/>
  <testcase classname="com.CA.qa.TestCases.APITesting" name="testResponsecode" time="0.034"/>
  <system-out/>
  <testcase classname="com.CA.qa.TestCases.APITesting" name="testResponsecode" time="0.048"/>
  <system-out/>
  <testcase classname="com.CA.qa.TestCases.APITesting" name="testResponsecode" time="0.032"/>
  <system-out/>
  <testcase classname="com.CA.qa.TestCases.APITesting" name="testResponsecode" time="0.136"/>
  <system-out/>
  <testcase classname="com.CA.qa.TestCases.APITesting" name="testResponsecode" time="0.037"/>
  <system-out/>
  <testcase classname="com.CA.qa.TestCases.APITesting" name="testResponsecode" time="0.034"/>
  <system-out/>
  <testcase classname="com.CA.qa.TestCases.APITesting" name="testResponsecode" time="0.033"/>
  <system-out/>
  <testcase classname="com.CA.qa.TestCases.APITesting" name="testResponsecode" time="0.034"/>
  <system-out/>
  <testcase classname="com.CA.qa.TestCases.APITesting" name="testResponsecode" time="0.032"/>
  <system-out/>
  <testcase classname="com.CA.qa.TestCases.APITesting" name="testResponsecode" time="0.043"/>
  <system-out/>
  <testcase classname="com.CA.qa.TestCases.APITesting" name="testResponsecode" time="0.034"/>
  <system-out/>
  <testcase classname="com.CA.qa.TestCases.APITesting" name="testResponsecode" time="0.033"/>
  <system-out/>
  <testcase classname="com.CA.qa.TestCases.APITesting" name="testResponsecode" time="0.037"/>
  <system-out/>
  <testcase classname="com.CA.qa.TestCases.APITesting" name="testResponsecode" time="0.034"/>
  <system-out/>
  <testcase classname="com.CA.qa.TestCases.APITesting" name="testResponsecode" time="0.035"/>
  <system-out/>
  <testcase classname="com.CA.qa.TestCases.APITesting" name="testResponsecode" time="0.038"/>
  <system-out/>
  <testcase classname="com.CA.qa.TestCases.APITesting" name="testResponsecode" time="0.033"/>
  <system-out/>
  <testcase classname="com.CA.qa.TestCases.APITesting" name="testResponsecode" time="0.038"/>
  <system-out/>
  <testcase classname="com.CA.qa.TestCases.APITesting" name="testResponsecode" time="0.033"/>
  <system-out/>
  <testcase classname="com.CA.qa.TestCases.APITesting" name="testResponsecode" time="0.040"/>
  <system-out/>
  <testcase classname="com.CA.qa.TestCases.APITesting" name="testResponsecode" time="0.275"/>
  <system-out/>
  <testcase classname="com.CA.qa.TestCases.APITesting" name="testResponsecode" time="0.057"/>
  <system-out/>
  <testcase classname="com.CA.qa.TestCases.APITesting" name="testResponsecode" time="0.033"/>
  <system-out/>
  <testcase classname="com.CA.qa.TestCases.APITesting" name="testResponsecode" time="0.060"/>
  <system-out/>
  <testcase classname="com.CA.qa.TestCases.APITesting" name="testResponsecode" time="0.034"/>
  <system-out/>
  <testcase classname="com.CA.qa.TestCases.APITesting" name="testResponsecode" time="0.042"/>
  <system-out/>
  <testcase classname="com.CA.qa.TestCases.APITesting" name="testResponsecode" time="0.035"/>
  <system-out/>
  <testcase classname="com.CA.qa.TestCases.APITesting" name="testResponsecode" time="0.038"/>
  <system-out/>
  <testcase classname="com.CA.qa.TestCases.APITesting" name="testResponsecode" time="0.033"/>
  <system-out/>
  <testcase classname="com.CA.qa.TestCases.APITesting" name="testResponsecode" time="0.038"/>
  <system-out/>
  <testcase classname="com.CA.qa.TestCases.APITesting" name="testResponsecode" time="0.354"/>
  <system-out/>
  <testcase classname="com.CA.qa.TestCases.APITesting" name="testResponsecode" time="0.033"/>
  <system-out/>
  <testcase classname="com.CA.qa.TestCases.APITesting" name="testResponsecode" time="0.045"/>
  <system-out/>
  <testcase classname="com.CA.qa.TestCases.APITesting" name="testResponsecode" time="0.035"/>
  <system-out/>
  <testcase classname="com.CA.qa.TestCases.APITesting" name="testResponsecode" time="0.035"/>
  <system-out/>
  <testcase classname="com.CA.qa.TestCases.APITesting" name="testResponsecode" time="0.034"/>
  <system-out/>
  <testcase classname="com.CA.qa.TestCases.APITesting" name="testResponsecode" time="0.038"/>
  <system-out/>
  <testcase classname="com.CA.qa.TestCases.APITesting" name="testResponsecode" time="0.033"/>
  <system-out/>
  <testcase classname="com.CA.qa.TestCases.APITesting" name="testResponsecode" time="0.077"/>
  <system-out/>
  <testcase classname="com.CA.qa.TestCases.APITesting" name="testResponsecode" time="0.036"/>
  <system-out/>
  <testcase classname="com.CA.qa.TestCases.APITesting" name="testResponsecode" time="0.034"/>
  <system-out/>
  <testcase classname="com.CA.qa.TestCases.APITesting" name="testResponsecode" time="0.041"/>
  <system-out/>
  <testcase classname="com.CA.qa.TestCases.APITesting" name="testResponsecode" time="0.037"/>
  <system-out/>
  <testcase classname="com.CA.qa.TestCases.APITesting" name="testResponsecode" time="0.047"/>
  <system-out/>
  <testcase classname="com.CA.qa.TestCases.APITesting" name="testResponsecode" time="0.032"/>
  <system-out/>
  <testcase classname="com.CA.qa.TestCases.APITesting" name="testResponsecode" time="0.034"/>
  <system-out/>
  <testcase classname="com.CA.qa.TestCases.APITesting" name="testResponsecode" time="0.037"/>
  <system-out/>
  <testcase classname="com.CA.qa.TestCases.APITesting" name="testResponsecode" time="0.036"/>
  <system-out/>
  <testcase classname="com.CA.qa.TestCases.APITesting" name="testResponsecode" time="0.156"/>
  <system-out/>
  <testcase classname="com.CA.qa.TestCases.APITesting" name="testResponsecode" time="0.045"/>
  <system-out/>
  <testcase classname="com.CA.qa.TestCases.APITesting" name="testResponsecode" time="0.249"/>
  <system-out/>
  <testcase classname="com.CA.qa.TestCases.APITesting" name="testResponsecode" time="1.002"/>
  <system-out/>
  <testcase classname="com.CA.qa.TestCases.APITesting" name="testResponsecode" time="0.034"/>
  <system-out/>
  <testcase classname="com.CA.qa.TestCases.APITesting" name="testResponsecode" time="0.032"/>
  <system-out/>
  <testcase classname="com.CA.qa.TestCases.APITesting" name="testResponsecode" time="0.914"/>
  <system-out/>
  <testcase classname="com.CA.qa.TestCases.APITesting" name="testResponsecode" time="0.032"/>
  <system-out/>
  <testcase classname="com.CA.qa.TestCases.APITesting" name="testResponsecode" time="0.036"/>
  <system-out/>
  <testcase classname="com.CA.qa.TestCases.APITesting" name="testResponsecode" time="0.038"/>
  <system-out/>
  <testcase classname="com.CA.qa.TestCases.APITesting" name="testResponsecode" time="0.032"/>
  <system-out/>
  <testcase classname="com.CA.qa.TestCases.APITesting" name="testResponsecode" time="0.034"/>
  <system-out/>
  <testcase classname="com.CA.qa.TestCases.APITesting" name="testResponsecode" time="0.034"/>
  <system-out/>
  <testcase classname="com.CA.qa.TestCases.APITesting" name="testResponsecode" time="0.035"/>
  <system-out/>
  <testcase classname="com.CA.qa.TestCases.APITesting" name="testResponsecode" time="0.035"/>
  <system-out/>
  <testcase classname="com.CA.qa.TestCases.APITesting" name="testResponsecode" time="0.035"/>
  <system-out/>
  <testcase classname="com.CA.qa.TestCases.APITesting" name="testResponsecode" time="0.044"/>
  <system-out/>
  <testcase classname="com.CA.qa.TestCases.APITesting" name="testResponsecode" time="0.033"/>
  <system-out/>
  <testcase classname="com.CA.qa.TestCases.APITesting" name="testResponsecode" time="0.034"/>
  <system-out/>
  <testcase classname="com.CA.qa.TestCases.APITesting" name="testResponsecode" time="0.041"/>
  <system-out/>
  <testcase classname="com.CA.qa.TestCases.APITesting" name="testResponsecode" time="0.033"/>
  <system-out/>
  <testcase classname="com.CA.qa.TestCases.APITesting" name="testResponsecode" time="0.044"/>
  <system-out/>
  <testcase classname="com.CA.qa.TestCases.APITesting" name="testResponsecode" time="0.066"/>
  <system-out/>
  <testcase classname="com.CA.qa.TestCases.APITesting" name="testResponsecode" time="0.036"/>
  <system-out/>
  <testcase classname="com.CA.qa.TestCases.APITesting" name="testResponsecode" time="0.040"/>
  <system-out/>
  <testcase classname="com.CA.qa.TestCases.APITesting" name="testResponsecode" time="0.034"/>
  <system-out/>
  <testcase classname="com.CA.qa.TestCases.APITesting" name="testResponsecode" time="0.033"/>
  <system-out/>
  <testcase classname="com.CA.qa.TestCases.APITesting" name="testResponsecode" time="0.034"/>
  <system-out/>
  <testcase classname="com.CA.qa.TestCases.APITesting" name="testResponsecode" time="0.069"/>
  <system-out/>
  <testcase classname="com.CA.qa.TestCases.APITesting" name="testResponsecode" time="0.034"/>
  <system-out/>
  <testcase classname="com.CA.qa.TestCases.APITesting" name="testResponsecode" time="0.037"/>
  <system-out/>
  <testcase classname="com.CA.qa.TestCases.APITesting" name="testResponsecode" time="0.035"/>
  <system-out/>
  <testcase classname="com.CA.qa.TestCases.APITesting" name="testResponsecode" time="0.035"/>
  <system-out/>
  <testcase classname="com.CA.qa.TestCases.APITesting" name="testResponsecode" time="0.145"/>
  <system-out/>
  <testcase classname="com.CA.qa.TestCases.APITesting" name="testResponsecode" time="0.033"/>
  <system-out/>
  <testcase classname="com.CA.qa.TestCases.APITesting" name="testResponsecode" time="0.033"/>
  <system-out/>
  <testcase classname="com.CA.qa.TestCases.APITesting" name="testResponsecode" time="0.939"/>
  <system-out/>
  <testcase classname="com.CA.qa.TestCases.APITesting" name="testResponsecode" time="0.033"/>
  <system-out/>
  <testcase classname="com.CA.qa.TestCases.APITesting" name="testResponsecode" time="0.033"/>
  <system-out/>
  <testcase classname="com.CA.qa.TestCases.APITesting" name="testResponsecode" time="0.034"/>
  <system-out/>
  <testcase classname="com.CA.qa.TestCases.APITesting" name="testResponsecode" time="0.035"/>
  <system-out/>
  <testcase classname="com.CA.qa.TestCases.APITesting" name="testResponsecode" time="0.033"/>
  <system-out/>
  <testcase classname="com.CA.qa.TestCases.APITesting" name="testResponsecode" time="0.033"/>
  <system-out/>
  <testcase classname="com.CA.qa.TestCases.APITesting" name="testResponsecode" time="0.032"/>
  <system-out/>
  <testcase classname="com.CA.qa.TestCases.APITesting" name="testResponsecode" time="0.033"/>
  <system-out/>
  <testcase classname="com.CA.qa.TestCases.APITesting" name="testResponsecode" time="0.033"/>
  <system-out/>
  <testcase classname="com.CA.qa.TestCases.APITesting" name="testResponsecode" time="0.038"/>
  <system-out/>
  <testcase classname="com.CA.qa.TestCases.APITesting" name="testResponsecode" time="0.041"/>
  <system-out/>
  <testcase classname="com.CA.qa.TestCases.APITesting" name="testResponsecode" time="0.034"/>
  <system-out/>
  <testcase classname="com.CA.qa.TestCases.APITesting" name="testResponsecode" time="0.035"/>
  <system-out/>
  <testcase classname="com.CA.qa.TestCases.APITesting" name="testResponsecode" time="0.037"/>
  <system-out/>
  <testcase classname="com.CA.qa.TestCases.APITesting" name="testResponsecode" time="0.056"/>
  <system-out/>
  <testcase classname="com.CA.qa.TestCases.APITesting" name="testResponsecode" time="0.032"/>
  <system-out/>
  <testcase classname="com.CA.qa.TestCases.APITesting" name="testResponsecode" time="0.037"/>
  <system-out/>
  <testcase classname="com.CA.qa.TestCases.APITesting" name="testResponsecode" time="0.045"/>
  <system-out/>
  <testcase classname="com.CA.qa.TestCases.APITesting" name="testResponsecode" time="0.033"/>
  <system-out/>
  <testcase classname="com.CA.qa.TestCases.APITesting" name="testResponsecode" time="0.042"/>
  <system-out/>
  <testcase classname="com.CA.qa.TestCases.APITesting" name="testResponsecode" time="0.144"/>
  <system-out/>
  <testcase classname="com.CA.qa.TestCases.APITesting" name="testResponsecode" time="0.032"/>
  <system-out/>
  <testcase classname="com.CA.qa.TestCases.APITesting" name="testResponsecode" time="0.033"/>
  <system-out/>
  <testcase classname="com.CA.qa.TestCases.APITesting" name="testResponsecode" time="0.032"/>
  <system-out/>
  <testcase classname="com.CA.qa.TestCases.APITesting" name="testResponsecode" time="0.033"/>
  <system-out/>
  <testcase classname="com.CA.qa.TestCases.APITesting" name="testResponsecode" time="0.035"/>
  <system-out/>
  <testcase classname="com.CA.qa.TestCases.APITesting" name="testResponsecode" time="0.033"/>
  <system-out/>
  <testcase classname="com.CA.qa.TestCases.APITesting" name="testResponsecode" time="0.039"/>
  <system-out/>
  <testcase classname="com.CA.qa.TestCases.APITesting" name="testResponsecode" time="0.038"/>
  <system-out/>
  <testcase classname="com.CA.qa.TestCases.APITesting" name="testResponsecode" time="0.037"/>
  <system-out/>
  <testcase classname="com.CA.qa.TestCases.APITesting" name="testResponsecode" time="0.033"/>
  <system-out/>
  <testcase classname="com.CA.qa.TestCases.APITesting" name="testResponsecode" time="0.038"/>
  <system-out/>
  <testcase classname="com.CA.qa.TestCases.APITesting" name="testResponsecode" time="0.035"/>
  <system-out/>
  <testcase classname="com.CA.qa.TestCases.APITesting" name="testResponsecode" time="0.046"/>
  <system-out/>
  <testcase classname="com.CA.qa.TestCases.APITesting" name="testResponsecode" time="0.037"/>
  <system-out/>
  <testcase classname="com.CA.qa.TestCases.APITesting" name="testResponsecode" time="0.045"/>
  <system-out/>
  <testcase classname="com.CA.qa.TestCases.APITesting" name="testResponsecode" time="0.036"/>
  <system-out/>
  <testcase classname="com.CA.qa.TestCases.APITesting" name="testResponsecode" time="0.035"/>
  <system-out/>
  <testcase classname="com.CA.qa.TestCases.APITesting" name="testResponsecode" time="0.035"/>
  <system-out/>
  <testcase classname="com.CA.qa.TestCases.APITesting" name="testResponsecode" time="0.059"/>
  <system-out/>
  <testcase classname="com.CA.qa.TestCases.APITesting" name="testResponsecode" time="0.128"/>
  <system-out/>
  <testcase classname="com.CA.qa.TestCases.APITesting" name="testResponsecode" time="0.038"/>
  <system-out/>
  <testcase classname="com.CA.qa.TestCases.APITesting" name="testResponsecode" time="0.035"/>
  <system-out/>
  <testcase classname="com.CA.qa.TestCases.APITesting" name="testResponsecode" time="0.046"/>
  <system-out/>
  <testcase classname="com.CA.qa.TestCases.APITesting" name="testResponsecode" time="0.035"/>
  <system-out/>
  <testcase classname="com.CA.qa.TestCases.APITesting" name="testResponsecode" time="0.166"/>
  <system-out/>
  <testcase classname="com.CA.qa.TestCases.APITesting" name="testResponsecode" time="0.120"/>
  <system-out/>
  <testcase classname="com.CA.qa.TestCases.APITesting" name="testResponsecode" time="0.036"/>
  <system-out/>
  <testcase classname="com.CA.qa.TestCases.APITesting" name="testResponsecode" time="0.039"/>
  <system-out/>
  <testcase classname="com.CA.qa.TestCases.APITesting" name="testResponsecode" time="1.043"/>
  <system-out/>
  <testcase classname="com.CA.qa.TestCases.APITesting" name="testResponsecode" time="0.033"/>
  <system-out/>
  <testcase classname="com.CA.qa.TestCases.APITesting" name="testResponsecode" time="0.039"/>
  <system-out/>
  <testcase classname="com.CA.qa.TestCases.APITesting" name="testResponsecode" time="0.043"/>
  <system-out/>
  <testcase classname="com.CA.qa.TestCases.APITesting" name="testResponsecode" time="0.043"/>
  <system-out/>
  <testcase classname="com.CA.qa.TestCases.APITesting" name="testResponsecode" time="0.033"/>
  <system-out/>
  <testcase classname="com.CA.qa.TestCases.APITesting" name="testResponsecode" time="0.033"/>
  <system-out/>
  <testcase classname="com.CA.qa.TestCases.APITesting" name="testResponsecode" time="0.033"/>
  <system-out/>
  <testcase classname="com.CA.qa.TestCases.APITesting" name="testResponsecode" time="0.033"/>
  <system-out/>
  <testcase classname="com.CA.qa.TestCases.APITesting" name="testResponsecode" time="0.036"/>
  <system-out/>
  <testcase classname="com.CA.qa.TestCases.APITesting" name="testResponsecode" time="0.036"/>
  <system-out/>
  <testcase classname="com.CA.qa.TestCases.APITesting" name="testResponsecode" time="0.034"/>
  <system-out/>
  <testcase classname="com.CA.qa.TestCases.APITesting" name="testResponsecode" time="0.036"/>
  <system-out/>
  <testcase classname="com.CA.qa.TestCases.APITesting" name="testResponsecode" time="0.034"/>
  <system-out/>
  <testcase classname="com.CA.qa.TestCases.APITesting" name="testResponsecode" time="0.033"/>
  <system-out/>
  <testcase classname="com.CA.qa.TestCases.APITesting" name="testResponsecode" time="0.038"/>
  <system-out/>
  <testcase classname="com.CA.qa.TestCases.APITesting" name="testResponsecode" time="0.033"/>
  <system-out/>
  <testcase classname="com.CA.qa.TestCases.APITesting" name="testResponsecode" time="0.035"/>
  <system-out/>
  <testcase classname="com.CA.qa.TestCases.APITesting" name="testResponsecode" time="0.038"/>
  <system-out/>
  <testcase classname="com.CA.qa.TestCases.APITesting" name="testResponsecode" time="0.033"/>
  <system-out/>
  <testcase classname="com.CA.qa.TestCases.APITesting" name="testResponsecode" time="0.174"/>
  <system-out/>
  <testcase classname="com.CA.qa.TestCases.APITesting" name="testResponsecode" time="0.037"/>
  <system-out/>
  <testcase classname="com.CA.qa.TestCases.APITesting" name="testResponsecode" time="0.037"/>
  <system-out/>
  <testcase classname="com.CA.qa.TestCases.APITesting" name="testResponsecode" time="0.038"/>
  <system-out/>
  <testcase classname="com.CA.qa.TestCases.APITesting" name="testResponsecode" time="0.045"/>
  <system-out/>
  <testcase classname="com.CA.qa.TestCases.APITesting" name="testResponsecode" time="0.033"/>
  <system-out/>
  <testcase classname="com.CA.qa.TestCases.APITesting" name="testResponsecode" time="0.034"/>
  <system-out/>
  <testcase classname="com.CA.qa.TestCases.APITesting" name="testResponsecode" time="0.043"/>
  <system-out/>
  <testcase classname="com.CA.qa.TestCases.APITesting" name="testResponsecode" time="0.035"/>
  <system-out/>
  <testcase classname="com.CA.qa.TestCases.APITesting" name="testResponsecode" time="0.032"/>
  <system-out/>
  <testcase classname="com.CA.qa.TestCases.APITesting" name="testResponsecode" time="0.033"/>
  <system-out/>
  <testcase classname="com.CA.qa.TestCases.APITesting" name="testResponsecode" time="0.044"/>
  <system-out/>
  <testcase classname="com.CA.qa.TestCases.APITesting" name="testResponsecode" time="0.036"/>
  <system-out/>
  <testcase classname="com.CA.qa.TestCases.APITesting" name="testResponsecode" time="0.034"/>
  <system-out/>
  <testcase classname="com.CA.qa.TestCases.APITesting" name="testResponsecode" time="0.039"/>
  <system-out/>
  <testcase classname="com.CA.qa.TestCases.APITesting" name="testResponsecode" time="0.033"/>
  <system-out/>
  <testcase classname="com.CA.qa.TestCases.APITesting" name="testResponsecode" time="0.033"/>
  <system-out/>
  <testcase classname="com.CA.qa.TestCases.APITesting" name="testResponsecode" time="0.045"/>
  <system-out/>
  <testcase classname="com.CA.qa.TestCases.APITesting" name="testResponsecode" time="0.036"/>
  <system-out/>
  <testcase classname="com.CA.qa.TestCases.APITesting" name="testResponsecode" time="0.031"/>
  <system-out/>
  <testcase classname="com.CA.qa.TestCases.APITesting" name="testResponsecode" time="0.032"/>
  <system-out/>
  <testcase classname="com.CA.qa.TestCases.APITesting" name="testResponsecode" time="0.033"/>
  <system-out/>
  <testcase classname="com.CA.qa.TestCases.APITesting" name="testResponsecode" time="0.034"/>
  <system-out/>
  <testcase classname="com.CA.qa.TestCases.APITesting" name="testResponsecode" time="0.032"/>
  <system-out/>
  <testcase classname="com.CA.qa.TestCases.APITesting" name="testResponsecode" time="0.046"/>
  <system-out/>
  <testcase classname="com.CA.qa.TestCases.APITesting" name="testResponsecode" time="0.038"/>
  <system-out/>
  <testcase classname="com.CA.qa.TestCases.APITesting" name="testResponsecode" time="0.037"/>
  <system-out/>
  <testcase classname="com.CA.qa.TestCases.APITesting" name="testResponsecode" time="0.035"/>
  <system-out/>
  <testcase classname="com.CA.qa.TestCases.APITesting" name="testResponsecode" time="0.125"/>
  <system-out/>
  <testcase classname="com.CA.qa.TestCases.APITesting" name="testResponsecode" time="0.033"/>
  <system-out/>
  <testcase classname="com.CA.qa.TestCases.APITesting" name="testResponsecode" time="0.038"/>
  <system-out/>
  <testcase classname="com.CA.qa.TestCases.APITesting" name="testResponsecode" time="0.042"/>
  <system-out/>
  <testcase classname="com.CA.qa.TestCases.APITesting" name="testResponsecode" time="0.033"/>
  <system-out/>
  <testcase classname="com.CA.qa.TestCases.APITesting" name="testResponsecode" time="0.038"/>
  <system-out/>
  <testcase classname="com.CA.qa.TestCases.APITesting" name="testResponsecode" time="0.032"/>
  <system-out/>
  <testcase classname="com.CA.qa.TestCases.APITesting" name="testResponsecode" time="0.032"/>
  <system-out/>
  <testcase classname="com.CA.qa.TestCases.APITesting" name="testResponsecode" time="0.033"/>
  <system-out/>
  <testcase classname="com.CA.qa.TestCases.APITesting" name="testResponsecode" time="0.033"/>
  <system-out/>
  <testcase classname="com.CA.qa.TestCases.APITesting" name="testResponsecode" time="0.032"/>
  <system-out/>
  <testcase classname="com.CA.qa.TestCases.APITesting" name="testResponsecode" time="0.037"/>
  <system-out/>
  <testcase classname="com.CA.qa.TestCases.APITesting" name="testResponsecode" time="0.033"/>
  <system-out/>
  <testcase classname="com.CA.qa.TestCases.APITesting" name="testResponsecode" time="0.033"/>
  <system-out/>
  <testcase classname="com.CA.qa.TestCases.APITesting" name="testResponsecode" time="0.034"/>
  <system-out/>
  <testcase classname="com.CA.qa.TestCases.APITesting" name="testResponsecode" time="0.586"/>
  <system-out/>
  <testcase classname="com.CA.qa.TestCases.APITesting" name="testResponsecode" time="0.065"/>
  <system-out/>
  <testcase classname="com.CA.qa.TestCases.APITesting" name="testResponsecode" time="0.036"/>
  <system-out/>
  <testcase classname="com.CA.qa.TestCases.APITesting" name="testResponsecode" time="0.031"/>
  <system-out/>
  <testcase classname="com.CA.qa.TestCases.APITesting" name="testResponsecode" time="0.128"/>
  <system-out/>
  <testcase classname="com.CA.qa.TestCases.APITesting" name="testResponsecode" time="0.044"/>
  <system-out/>
  <testcase classname="com.CA.qa.TestCases.APITesting" name="testResponsecode" time="0.036"/>
  <system-out/>
  <testcase classname="com.CA.qa.TestCases.APITesting" name="testResponsecode" time="0.034"/>
  <system-out/>
  <testcase classname="com.CA.qa.TestCases.APITesting" name="testResponsecode" time="0.040"/>
  <system-out/>
  <testcase classname="com.CA.qa.TestCases.APITesting" name="testResponsecode" time="0.037"/>
  <system-out/>
  <testcase classname="com.CA.qa.TestCases.APITesting" name="testResponsecode" time="0.136"/>
  <system-out/>
  <testcase classname="com.CA.qa.TestCases.APITesting" name="testResponsecode" time="0.033"/>
  <system-out/>
  <testcase classname="com.CA.qa.TestCases.APITesting" name="testResponsecode" time="0.034"/>
  <system-out/>
  <testcase classname="com.CA.qa.TestCases.APITesting" name="testResponsecode" time="0.088"/>
  <system-out/>
  <testcase classname="com.CA.qa.TestCases.APITesting" name="testResponsecode" time="0.034"/>
  <system-out/>
  <testcase classname="com.CA.qa.TestCases.APITesting" name="testResponsecode" time="0.035"/>
  <system-out/>
  <testcase classname="com.CA.qa.TestCases.APITesting" name="testResponsecode" time="0.065"/>
  <system-out/>
  <testcase classname="com.CA.qa.TestCases.APITesting" name="testResponsecode" time="0.036"/>
  <system-out/>
  <testcase classname="com.CA.qa.TestCases.APITesting" name="testResponsecode" time="0.033"/>
  <system-out/>
  <testcase classname="com.CA.qa.TestCases.APITesting" name="testResponsecode" time="0.046"/>
  <system-out/>
  <testcase classname="com.CA.qa.TestCases.APITesting" name="testResponsecode" time="0.031"/>
  <system-out/>
  <testcase classname="com.CA.qa.TestCases.APITesting" name="testResponsecode" time="0.057"/>
  <system-out/>
  <testcase classname="com.CA.qa.TestCases.APITesting" name="testResponsecode" time="0.125"/>
  <system-out/>
  <testcase classname="com.CA.qa.TestCases.APITesting" name="testResponsecode" time="0.033"/>
  <system-out/>
  <testcase classname="com.CA.qa.TestCases.APITesting" name="testResponsecode" time="0.034"/>
  <system-out/>
  <testcase classname="com.CA.qa.TestCases.APITesting" name="testResponsecode" time="0.034"/>
  <system-out/>
  <testcase classname="com.CA.qa.TestCases.APITesting" name="testResponsecode" time="0.035"/>
  <system-out/>
  <testcase classname="com.CA.qa.TestCases.APITesting" name="testResponsecode" time="0.032"/>
  <system-out/>
  <testcase classname="com.CA.qa.TestCases.APITesting" name="testResponsecode" time="0.032"/>
  <system-out/>
  <testcase classname="com.CA.qa.TestCases.APITesting" name="testResponsecode" time="0.033"/>
  <system-out/>
  <testcase classname="com.CA.qa.TestCases.APITesting" name="testResponsecode" time="0.034"/>
  <system-out/>
  <testcase classname="com.CA.qa.TestCases.APITesting" name="testResponsecode" time="0.036"/>
  <system-out/>
  <testcase classname="com.CA.qa.TestCases.APITesting" name="testResponsecode" time="0.034"/>
  <system-out/>
  <testcase classname="com.CA.qa.TestCases.APITesting" name="testResponsecode" time="0.038"/>
  <system-out/>
  <testcase classname="com.CA.qa.TestCases.APITesting" name="testResponsecode" time="0.035"/>
  <system-out/>
  <testcase classname="com.CA.qa.TestCases.APITesting" name="testResponsecode" time="0.034"/>
  <system-out/>
  <testcase classname="com.CA.qa.TestCases.APITesting" name="testResponsecode" time="0.041"/>
  <system-out/>
  <testcase classname="com.CA.qa.TestCases.APITesting" name="testResponsecode" time="0.083"/>
  <system-out/>
  <testcase classname="com.CA.qa.TestCases.APITesting" name="testResponsecode" time="0.032"/>
  <system-out/>
  <testcase classname="com.CA.qa.TestCases.APITesting" name="testResponsecode" time="0.039"/>
  <system-out/>
  <testcase classname="com.CA.qa.TestCases.APITesting" name="testResponsecode" time="0.034"/>
  <system-out/>
  <testcase classname="com.CA.qa.TestCases.APITesting" name="testResponsecode" time="0.040"/>
  <system-out/>
  <testcase classname="com.CA.qa.TestCases.APITesting" name="testResponsecode" time="0.035"/>
  <system-out/>
  <testcase classname="com.CA.qa.TestCases.APITesting" name="testResponsecode" time="0.033"/>
  <system-out/>
  <testcase classname="com.CA.qa.TestCases.APITesting" name="testResponsecode" time="0.043"/>
  <system-out/>
  <testcase classname="com.CA.qa.TestCases.APITesting" name="testResponsecode" time="0.034"/>
  <system-out/>
  <testcase classname="com.CA.qa.TestCases.APITesting" name="testResponsecode" time="0.039"/>
  <system-out/>
  <testcase classname="com.CA.qa.TestCases.APITesting" name="testResponsecode" time="0.033"/>
  <system-out/>
  <testcase classname="com.CA.qa.TestCases.APITesting" name="testResponsecode" time="0.038"/>
  <system-out/>
  <testcase classname="com.CA.qa.TestCases.APITesting" name="testResponsecode" time="0.039"/>
  <system-out/>
  <testcase classname="com.CA.qa.TestCases.APITesting" name="testResponsecode" time="0.039"/>
  <system-out/>
  <testcase classname="com.CA.qa.TestCases.APITesting" name="testResponsecode" time="0.038"/>
  <system-out/>
  <testcase classname="com.CA.qa.TestCases.APITesting" name="testResponsecode" time="0.032"/>
  <system-out/>
  <testcase classname="com.CA.qa.TestCases.APITesting" name="testResponsecode" time="1.004"/>
  <system-out/>
  <testcase classname="com.CA.qa.TestCases.APITesting" name="testResponsecode" time="0.034"/>
  <system-out/>
  <testcase classname="com.CA.qa.TestCases.APITesting" name="testResponsecode" time="0.033"/>
  <system-out/>
  <testcase classname="com.CA.qa.TestCases.APITesting" name="testResponsecode" time="0.035"/>
  <system-out/>
  <testcase classname="com.CA.qa.TestCases.APITesting" name="testResponsecode" time="0.043"/>
  <system-out/>
  <testcase classname="com.CA.qa.TestCases.APITesting" name="testResponsecode" time="0.050"/>
  <system-out/>
  <testcase classname="com.CA.qa.TestCases.APITesting" name="testResponsecode" time="0.033"/>
  <system-out/>
  <testcase classname="com.CA.qa.TestCases.APITesting" name="testResponsecode" time="0.035"/>
  <system-out/>
  <testcase classname="com.CA.qa.TestCases.APITesting" name="testResponsecode" time="0.033"/>
  <system-out/>
  <testcase classname="com.CA.qa.TestCases.APITesting" name="testResponsecode" time="0.048"/>
  <system-out/>
  <testcase classname="com.CA.qa.TestCases.APITesting" name="testResponsecode" time="0.037"/>
  <system-out/>
  <testcase classname="com.CA.qa.TestCases.APITesting" name="testResponsecode" time="0.034"/>
  <system-out/>
  <testcase classname="com.CA.qa.TestCases.APITesting" name="testResponsecode" time="0.041"/>
  <system-out/>
  <testcase classname="com.CA.qa.TestCases.APITesting" name="testResponsecode" time="0.033"/>
  <system-out/>
  <testcase classname="com.CA.qa.TestCases.APITesting" name="testResponsecode" time="0.032"/>
  <system-out/>
  <testcase classname="com.CA.qa.TestCases.APITesting" name="testResponsecode" time="0.034"/>
  <system-out/>
  <testcase classname="com.CA.qa.TestCases.APITesting" name="testResponsecode" time="0.039"/>
  <system-out/>
  <testcase classname="com.CA.qa.TestCases.APITesting" name="testResponsecode" time="0.034"/>
  <system-out/>
  <testcase classname="com.CA.qa.TestCases.APITesting" name="testResponsecode" time="0.033"/>
  <system-out/>
  <testcase classname="com.CA.qa.TestCases.APITesting" name="testResponsecode" time="0.032"/>
  <system-out/>
  <testcase classname="com.CA.qa.TestCases.APITesting" name="testResponsecode" time="0.037"/>
  <system-out/>
  <testcase classname="com.CA.qa.TestCases.APITesting" name="testResponsecode" time="0.124"/>
  <system-out/>
  <testcase classname="com.CA.qa.TestCases.APITesting" name="testResponsecode" time="0.035"/>
  <system-out/>
  <testcase classname="com.CA.qa.TestCases.APITesting" name="testResponsecode" time="0.034"/>
  <system-out/>
  <testcase classname="com.CA.qa.TestCases.APITesting" name="testResponsecode" time="0.038"/>
  <system-out/>
  <testcase classname="com.CA.qa.TestCases.APITesting" name="testResponsecode" time="0.034"/>
  <system-out/>
  <testcase classname="com.CA.qa.TestCases.APITesting" name="testResponsecode" time="0.041"/>
  <system-out/>
  <testcase classname="com.CA.qa.TestCases.APITesting" name="testResponsecode" time="0.033"/>
  <system-out/>
  <testcase classname="com.CA.qa.TestCases.APITesting" name="testResponsecode" time="0.039"/>
  <system-out/>
  <testcase classname="com.CA.qa.TestCases.APITesting" name="testResponsecode" time="0.033"/>
  <system-out/>
  <testcase classname="com.CA.qa.TestCases.APITesting" name="testResponsecode" time="0.059"/>
  <system-out/>
  <testcase classname="com.CA.qa.TestCases.APITesting" name="testResponsecode" time="0.038"/>
  <system-out/>
  <testcase classname="com.CA.qa.TestCases.APITesting" name="testResponsecode" time="0.032"/>
  <system-out/>
  <testcase classname="com.CA.qa.TestCases.APITesting" name="testResponsecode" time="0.041"/>
  <system-out/>
  <testcase classname="com.CA.qa.TestCases.APITesting" name="testResponsecode" time="0.039"/>
  <system-out/>
  <testcase classname="com.CA.qa.TestCases.APITesting" name="testResponsecode" time="0.034"/>
  <system-out/>
  <testcase classname="com.CA.qa.TestCases.APITesting" name="testResponsecode" time="0.032"/>
  <system-out/>
  <testcase classname="com.CA.qa.TestCases.APITesting" name="testResponsecode" time="0.033"/>
  <system-out/>
  <testcase classname="com.CA.qa.TestCases.APITesting" name="testResponsecode" time="0.041"/>
  <system-out/>
  <testcase classname="com.CA.qa.TestCases.APITesting" name="testResponsecode" time="0.031"/>
  <system-out/>
  <testcase classname="com.CA.qa.TestCases.APITesting" name="testResponsecode" time="0.208"/>
  <system-out/>
  <testcase classname="com.CA.qa.TestCases.APITesting" name="testResponsecode" time="0.040"/>
  <system-out/>
  <testcase classname="com.CA.qa.TestCases.APITesting" name="testResponsecode" time="0.870"/>
  <system-out/>
  <testcase classname="com.CA.qa.TestCases.APITesting" name="testResponsecode" time="0.102"/>
  <system-out/>
  <testcase classname="com.CA.qa.TestCases.APITesting" name="testResponsecode" time="0.046"/>
  <system-out/>
  <testcase classname="com.CA.qa.TestCases.APITesting" name="testResponsecode" time="0.031"/>
  <system-out/>
  <testcase classname="com.CA.qa.TestCases.APITesting" name="testResponsecode" time="0.045"/>
  <system-out/>
  <testcase classname="com.CA.qa.TestCases.APITesting" name="testResponsecode" time="0.046"/>
  <system-out/>
  <testcase classname="com.CA.qa.TestCases.APITesting" name="testResponsecode" time="0.065"/>
  <system-out/>
  <testcase classname="com.CA.qa.TestCases.APITesting" name="testResponsecode" time="0.047"/>
  <system-out/>
  <testcase classname="com.CA.qa.TestCases.APITesting" name="testResponsecode" time="0.035"/>
  <system-out/>
  <testcase classname="com.CA.qa.TestCases.APITesting" name="testResponsecode" time="0.032"/>
  <system-out/>
  <testcase classname="com.CA.qa.TestCases.APITesting" name="testResponsecode" time="0.037"/>
  <system-out/>
  <testcase classname="com.CA.qa.TestCases.APITesting" name="testResponsecode" time="0.033"/>
  <system-out/>
  <testcase classname="com.CA.qa.TestCases.APITesting" name="testResponsecode" time="0.042"/>
  <system-out/>
  <testcase classname="com.CA.qa.TestCases.APITesting" name="testResponsecode" time="0.068"/>
  <system-out/>
  <testcase classname="com.CA.qa.TestCases.APITesting" name="testResponsecode" time="0.038"/>
  <system-out/>
  <testcase classname="com.CA.qa.TestCases.APITesting" name="testResponsecode" time="0.032"/>
  <system-out/>
  <testcase classname="com.CA.qa.TestCases.APITesting" name="testResponsecode" time="0.037"/>
  <system-out/>
  <testcase classname="com.CA.qa.TestCases.APITesting" name="testResponsecode" time="0.039"/>
  <system-out/>
  <testcase classname="com.CA.qa.TestCases.APITesting" name="testResponsecode" time="0.039"/>
  <system-out/>
  <testcase classname="com.CA.qa.TestCases.APITesting" name="testResponsecode" time="0.043"/>
  <system-out/>
  <testcase classname="com.CA.qa.TestCases.APITesting" name="testResponsecode" time="0.041"/>
  <system-out/>
  <testcase classname="com.CA.qa.TestCases.APITesting" name="testResponsecode" time="0.032"/>
  <system-out/>
  <testcase classname="com.CA.qa.TestCases.APITesting" name="testResponsecode" time="0.034"/>
  <system-out/>
  <testcase classname="com.CA.qa.TestCases.APITesting" name="testResponsecode" time="0.034"/>
  <system-out/>
  <testcase classname="com.CA.qa.TestCases.APITesting" name="testResponsecode" time="0.037"/>
  <system-out/>
  <testcase classname="com.CA.qa.TestCases.APITesting" name="testResponsecode" time="0.033"/>
  <system-out/>
  <testcase classname="com.CA.qa.TestCases.APITesting" name="testResponsecode" time="0.044"/>
  <system-out/>
  <testcase classname="com.CA.qa.TestCases.APITesting" name="testResponsecode" time="0.033"/>
  <system-out/>
  <testcase classname="com.CA.qa.TestCases.APITesting" name="testResponsecode" time="0.156"/>
  <system-out/>
  <testcase classname="com.CA.qa.TestCases.APITesting" name="testResponsecode" time="0.071"/>
  <system-out/>
  <testcase classname="com.CA.qa.TestCases.APITesting" name="testResponsecode" time="0.052"/>
  <system-out/>
  <testcase classname="com.CA.qa.TestCases.APITesting" name="testResponsecode" time="0.038"/>
  <system-out/>
  <testcase classname="com.CA.qa.TestCases.APITesting" name="testResponsecode" time="0.034"/>
  <system-out/>
  <testcase classname="com.CA.qa.TestCases.APITesting" name="testResponsecode" time="0.033"/>
  <system-out/>
  <testcase classname="com.CA.qa.TestCases.APITesting" name="testResponsecode" time="0.032"/>
  <system-out/>
  <testcase classname="com.CA.qa.TestCases.APITesting" name="testResponsecode" time="0.033"/>
  <system-out/>
  <testcase classname="com.CA.qa.TestCases.APITesting" name="testResponsecode" time="0.038"/>
  <system-out/>
  <testcase classname="com.CA.qa.TestCases.APITesting" name="testResponsecode" time="0.035"/>
  <system-out/>
  <testcase classname="com.CA.qa.TestCases.APITesting" name="testResponsecode" time="0.041"/>
  <system-out/>
  <testcase classname="com.CA.qa.TestCases.APITesting" name="testResponsecode" time="0.036"/>
  <system-out/>
  <testcase classname="com.CA.qa.TestCases.APITesting" name="testResponsecode" time="0.154"/>
  <system-out/>
  <testcase classname="com.CA.qa.TestCases.APITesting" name="testResponsecode" time="0.040"/>
  <system-out/>
  <testcase classname="com.CA.qa.TestCases.APITesting" name="testResponsecode" time="0.033"/>
  <system-out/>
  <testcase classname="com.CA.qa.TestCases.APITesting" name="testResponsecode" time="0.034"/>
  <system-out/>
  <testcase classname="com.CA.qa.TestCases.APITesting" name="testResponsecode" time="0.032"/>
  <system-out/>
  <testcase classname="com.CA.qa.TestCases.APITesting" name="testResponsecode" time="0.036"/>
  <system-out/>
  <testcase classname="com.CA.qa.TestCases.APITesting" name="testResponsecode" time="0.034"/>
  <system-out/>
  <testcase classname="com.CA.qa.TestCases.APITesting" name="testResponsecode" time="0.032"/>
  <system-out/>
  <testcase classname="com.CA.qa.TestCases.APITesting" name="testResponsecode" time="0.037"/>
  <system-out/>
  <testcase classname="com.CA.qa.TestCases.APITesting" name="testResponsecode" time="0.039"/>
  <system-out/>
  <testcase classname="com.CA.qa.TestCases.APITesting" name="testResponsecode" time="0.151"/>
  <system-out/>
  <testcase classname="com.CA.qa.TestCases.APITesting" name="testResponsecode" time="0.034"/>
  <system-out/>
  <testcase classname="com.CA.qa.TestCases.APITesting" name="testResponsecode" time="0.050"/>
  <system-out/>
  <testcase classname="com.CA.qa.TestCases.APITesting" name="testResponsecode" time="0.046"/>
  <system-out/>
  <testcase classname="com.CA.qa.TestCases.APITesting" name="testResponsecode" time="0.036"/>
  <system-out/>
  <testcase classname="com.CA.qa.TestCases.APITesting" name="testResponsecode" time="0.037"/>
  <system-out/>
  <testcase classname="com.CA.qa.TestCases.APITesting" name="testResponsecode" time="0.043"/>
  <system-out/>
  <testcase classname="com.CA.qa.TestCases.APITesting" name="testResponsecode" time="0.036"/>
  <system-out/>
  <testcase classname="com.CA.qa.TestCases.APITesting" name="testResponsecode" time="0.039"/>
  <system-out/>
  <testcase classname="com.CA.qa.TestCases.APITesting" name="testResponsecode" time="0.060"/>
  <system-out/>
  <testcase classname="com.CA.qa.TestCases.APITesting" name="testResponsecode" time="0.034"/>
  <system-out/>
  <testcase classname="com.CA.qa.TestCases.APITesting" name="testResponsecode" time="0.065"/>
  <system-out/>
  <testcase classname="com.CA.qa.TestCases.APITesting" name="testResponsecode" time="0.296"/>
  <system-out/>
  <testcase classname="com.CA.qa.TestCases.APITesting" name="testResponsecode" time="0.035"/>
  <system-out/>
  <testcase classname="com.CA.qa.TestCases.APITesting" name="testResponsecode" time="0.041"/>
  <system-out/>
  <testcase classname="com.CA.qa.TestCases.APITesting" name="testResponsecode" time="0.034"/>
  <system-out/>
  <testcase classname="com.CA.qa.TestCases.APITesting" name="testResponsecode" time="0.038"/>
  <system-out/>
  <testcase classname="com.CA.qa.TestCases.APITesting" name="testResponsecode" time="0.137"/>
  <system-out/>
  <testcase classname="com.CA.qa.TestCases.APITesting" name="testResponsecode" time="0.035"/>
  <system-out/>
  <testcase classname="com.CA.qa.TestCases.APITesting" name="testResponsecode" time="0.062"/>
  <system-out/>
  <testcase classname="com.CA.qa.TestCases.APITesting" name="testResponsecode" time="0.038"/>
  <system-out/>
  <testcase classname="com.CA.qa.TestCases.APITesting" name="testResponsecode" time="0.032"/>
  <system-out/>
  <testcase classname="com.CA.qa.TestCases.APITesting" name="testResponsecode" time="0.039"/>
  <system-out/>
  <testcase classname="com.CA.qa.TestCases.APITesting" name="testResponsecode" time="0.035"/>
  <system-out/>
  <testcase classname="com.CA.qa.TestCases.APITesting" name="testResponsecode" time="0.035"/>
  <system-out/>
  <testcase classname="com.CA.qa.TestCases.APITesting" name="testResponsecode" time="0.037"/>
  <system-out/>
  <testcase classname="com.CA.qa.TestCases.APITesting" name="testResponsecode" time="0.035"/>
  <system-out/>
  <testcase classname="com.CA.qa.TestCases.APITesting" name="testResponsecode" time="0.033"/>
  <system-out/>
  <testcase classname="com.CA.qa.TestCases.APITesting" name="testResponsecode" time="0.041"/>
  <system-out/>
  <testcase classname="com.CA.qa.TestCases.APITesting" name="testResponsecode" time="0.033"/>
  <system-out/>
  <testcase classname="com.CA.qa.TestCases.APITesting" name="testResponsecode" time="0.041"/>
  <system-out/>
  <testcase classname="com.CA.qa.TestCases.APITesting" name="testResponsecode" time="0.037"/>
  <system-out/>
  <testcase classname="com.CA.qa.TestCases.APITesting" name="testResponsecode" time="0.044"/>
  <system-out/>
  <testcase classname="com.CA.qa.TestCases.APITesting" name="testResponsecode" time="0.031"/>
  <system-out/>
  <testcase classname="com.CA.qa.TestCases.APITesting" name="testResponsecode" time="0.042"/>
  <system-out/>
  <testcase classname="com.CA.qa.TestCases.APITesting" name="testResponsecode" time="0.037"/>
  <system-out/>
  <testcase classname="com.CA.qa.TestCases.APITesting" name="testResponsecode" time="0.046"/>
  <system-out/>
  <testcase classname="com.CA.qa.TestCases.APITesting" name="testResponsecode" time="0.034"/>
  <system-out/>
  <testcase classname="com.CA.qa.TestCases.APITesting" name="testResponsecode" time="0.035"/>
  <system-out/>
  <testcase classname="com.CA.qa.TestCases.APITesting" name="testResponsecode" time="0.034"/>
  <system-out/>
  <testcase classname="com.CA.qa.TestCases.APITesting" name="testResponsecode" time="0.135"/>
  <system-out/>
  <testcase classname="com.CA.qa.TestCases.APITesting" name="testResponsecode" time="0.036"/>
  <system-out/>
  <testcase classname="com.CA.qa.TestCases.APITesting" name="testResponsecode" time="0.033"/>
  <system-out/>
  <testcase classname="com.CA.qa.TestCases.APITesting" name="testResponsecode" time="0.032"/>
  <system-out/>
  <testcase classname="com.CA.qa.TestCases.APITesting" name="testResponsecode" time="0.125"/>
  <system-out/>
  <testcase classname="com.CA.qa.TestCases.APITesting" name="testResponsecode" time="0.037"/>
  <system-out/>
  <testcase classname="com.CA.qa.TestCases.APITesting" name="testResponsecode" time="0.055"/>
  <system-out/>
  <testcase classname="com.CA.qa.TestCases.APITesting" name="testResponsecode" time="0.043"/>
  <system-out/>
  <testcase classname="com.CA.qa.TestCases.APITesting" name="testResponsecode" time="0.080"/>
  <system-out/>
  <testcase classname="com.CA.qa.TestCases.APITesting" name="testResponsecode" time="0.040"/>
  <system-out/>
  <testcase classname="com.CA.qa.TestCases.APITesting" name="testResponsecode" time="0.136"/>
  <system-out/>
  <testcase classname="com.CA.qa.TestCases.APITesting" name="testResponsecode" time="0.035"/>
  <system-out/>
  <testcase classname="com.CA.qa.TestCases.APITesting" name="testResponsecode" time="0.053"/>
  <system-out/>
  <testcase classname="com.CA.qa.TestCases.APITesting" name="testResponsecode" time="0.031"/>
  <system-out/>
  <testcase classname="com.CA.qa.TestCases.APITesting" name="testResponsecode" time="0.052"/>
  <system-out/>
  <testcase classname="com.CA.qa.TestCases.APITesting" name="testResponsecode" time="0.036"/>
  <system-out/>
  <testcase classname="com.CA.qa.TestCases.APITesting" name="testResponsecode" time="0.064"/>
  <system-out/>
  <testcase classname="com.CA.qa.TestCases.APITesting" name="testResponsecode" time="0.043"/>
  <system-out/>
  <testcase classname="com.CA.qa.TestCases.APITesting" name="testResponsecode" time="0.040"/>
  <system-out/>
  <testcase classname="com.CA.qa.TestCases.APITesting" name="testResponsecode" time="0.037"/>
  <system-out/>
  <testcase classname="com.CA.qa.TestCases.APITesting" name="testResponsecode" time="0.037"/>
  <system-out/>
  <testcase classname="com.CA.qa.TestCases.APITesting" name="testResponsecode" time="0.039"/>
  <system-out/>
  <testcase classname="com.CA.qa.TestCases.APITesting" name="testResponsecode" time="0.033"/>
  <system-out/>
  <testcase classname="com.CA.qa.TestCases.APITesting" name="testResponsecode" time="0.034"/>
  <system-out/>
  <testcase classname="com.CA.qa.TestCases.APITesting" name="testResponsecode" time="0.038"/>
  <system-out/>
  <testcase classname="com.CA.qa.TestCases.APITesting" name="testResponsecode" time="0.035"/>
  <system-out/>
  <testcase classname="com.CA.qa.TestCases.APITesting" name="testResponsecode" time="0.034"/>
  <system-out/>
  <testcase classname="com.CA.qa.TestCases.APITesting" name="testResponsecode" time="0.038"/>
  <system-out/>
  <testcase classname="com.CA.qa.TestCases.APITesting" name="testResponsecode" time="0.124"/>
  <system-out/>
  <testcase classname="com.CA.qa.TestCases.APITesting" name="testResponsecode" time="0.038"/>
  <system-out/>
  <testcase classname="com.CA.qa.TestCases.APITesting" name="testResponsecode" time="0.037"/>
  <system-out/>
  <testcase classname="com.CA.qa.TestCases.APITesting" name="testResponsecode" time="0.055"/>
  <system-out/>
  <testcase classname="com.CA.qa.TestCases.APITesting" name="testResponsecode" time="0.038"/>
  <system-out/>
  <testcase classname="com.CA.qa.TestCases.APITesting" name="testResponsecode" time="0.042"/>
  <system-out/>
  <testcase classname="com.CA.qa.TestCases.APITesting" name="testResponsecode" time="0.034"/>
  <system-out/>
  <testcase classname="com.CA.qa.TestCases.APITesting" name="testResponsecode" time="0.037"/>
  <system-out/>
  <testcase classname="com.CA.qa.TestCases.APITesting" name="testResponsecode" time="0.036"/>
  <system-out/>
  <testcase classname="com.CA.qa.TestCases.APITesting" name="testResponsecode" time="0.034"/>
  <system-out/>
  <testcase classname="com.CA.qa.TestCases.APITesting" name="testResponsecode" time="0.376"/>
  <system-out/>
  <testcase classname="com.CA.qa.TestCases.APITesting" name="testResponsecode" time="0.032"/>
  <system-out/>
  <testcase classname="com.CA.qa.TestCases.APITesting" name="testResponsecode" time="0.035"/>
  <system-out/>
  <testcase classname="com.CA.qa.TestCases.APITesting" name="testResponsecode" time="0.034"/>
  <system-out/>
  <testcase classname="com.CA.qa.TestCases.APITesting" name="testResponsecode" time="0.036"/>
  <system-out/>
  <testcase classname="com.CA.qa.TestCases.APITesting" name="testResponsecode" time="0.036"/>
  <system-out/>
  <testcase classname="com.CA.qa.TestCases.APITesting" name="testResponsecode" time="0.033"/>
  <system-out/>
  <testcase classname="com.CA.qa.TestCases.APITesting" name="testResponsecode" time="0.039"/>
  <system-out/>
  <testcase classname="com.CA.qa.TestCases.APITesting" name="testResponsecode" time="0.043"/>
  <system-out/>
  <testcase classname="com.CA.qa.TestCases.APITesting" name="testResponsecode" time="0.035"/>
  <system-out/>
  <testcase classname="com.CA.qa.TestCases.APITesting" name="testResponsecode" time="0.038"/>
  <system-out/>
  <testcase classname="com.CA.qa.TestCases.APITesting" name="testResponsecode" time="0.036"/>
  <system-out/>
  <testcase classname="com.CA.qa.TestCases.APITesting" name="testResponsecode" time="0.034"/>
  <system-out/>
  <testcase classname="com.CA.qa.TestCases.APITesting" name="testResponsecode" time="0.035"/>
  <system-out/>
  <testcase classname="com.CA.qa.TestCases.APITesting" name="testResponsecode" time="0.125"/>
  <system-out/>
  <testcase classname="com.CA.qa.TestCases.APITesting" name="testResponsecode" time="0.035"/>
  <system-out/>
  <testcase classname="com.CA.qa.TestCases.APITesting" name="testResponsecode" time="0.222"/>
  <system-out/>
  <testcase classname="com.CA.qa.TestCases.APITesting" name="testResponsecode" time="0.038"/>
  <system-out/>
  <testcase classname="com.CA.qa.TestCases.APITesting" name="testResponsecode" time="0.033"/>
  <system-out/>
  <testcase classname="com.CA.qa.TestCases.APITesting" name="testResponsecode" time="0.123"/>
  <system-out/>
  <testcase classname="com.CA.qa.TestCases.APITesting" name="testResponsecode" time="0.044"/>
  <system-out/>
  <testcase classname="com.CA.qa.TestCases.APITesting" name="testResponsecode" time="0.036"/>
  <system-out/>
  <testcase classname="com.CA.qa.TestCases.APITesting" name="testResponsecode" time="0.040"/>
  <system-out/>
  <testcase classname="com.CA.qa.TestCases.APITesting" name="testResponsecode" time="0.035"/>
  <system-out/>
  <testcase classname="com.CA.qa.TestCases.APITesting" name="testResponsecode" time="0.033"/>
  <system-out/>
  <testcase classname="com.CA.qa.TestCases.APITesting" name="testResponsecode" time="0.033"/>
  <system-out/>
  <testcase classname="com.CA.qa.TestCases.APITesting" name="testResponsecode" time="0.037"/>
  <system-out/>
  <testcase classname="com.CA.qa.TestCases.APITesting" name="testResponsecode" time="0.033"/>
  <system-out/>
  <testcase classname="com.CA.qa.TestCases.APITesting" name="testResponsecode" time="0.041"/>
  <system-out/>
  <testcase classname="com.CA.qa.TestCases.APITesting" name="testResponsecode" time="0.036"/>
  <system-out/>
  <testcase classname="com.CA.qa.TestCases.APITesting" name="testResponsecode" time="0.033"/>
  <system-out/>
  <testcase classname="com.CA.qa.TestCases.APITesting" name="testResponsecode" time="0.049"/>
  <system-out/>
  <testcase classname="com.CA.qa.TestCases.APITesting" name="testResponsecode" time="0.032"/>
  <system-out/>
  <testcase classname="com.CA.qa.TestCases.APITesting" name="testResponsecode" time="0.037"/>
  <system-out/>
  <testcase classname="com.CA.qa.TestCases.APITesting" name="testResponsecode" time="0.033"/>
  <system-out/>
  <testcase classname="com.CA.qa.TestCases.APITesting" name="testResponsecode" time="0.043"/>
  <system-out/>
  <testcase classname="com.CA.qa.TestCases.APITesting" name="testResponsecode" time="0.033"/>
  <system-out/>
  <testcase classname="com.CA.qa.TestCases.APITesting" name="testResponsecode" time="0.033"/>
  <system-out/>
  <testcase classname="com.CA.qa.TestCases.APITesting" name="testResponsecode" time="0.043"/>
  <system-out/>
  <testcase classname="com.CA.qa.TestCases.APITesting" name="testResponsecode" time="0.034"/>
  <system-out/>
  <testcase classname="com.CA.qa.TestCases.APITesting" name="testResponsecode" time="0.036"/>
  <system-out/>
  <testcase classname="com.CA.qa.TestCases.APITesting" name="testResponsecode" time="0.034"/>
  <system-out/>
  <testcase classname="com.CA.qa.TestCases.APITesting" name="testResponsecode" time="0.045"/>
  <system-out/>
  <testcase classname="com.CA.qa.TestCases.APITesting" name="testResponsecode" time="0.036"/>
  <system-out/>
  <testcase classname="com.CA.qa.TestCases.APITesting" name="testResponsecode" time="0.034"/>
  <system-out/>
  <testcase classname="com.CA.qa.TestCases.APITesting" name="testResponsecode" time="0.034"/>
  <system-out/>
  <testcase classname="com.CA.qa.TestCases.APITesting" name="testResponsecode" time="0.041"/>
  <system-out/>
  <testcase classname="com.CA.qa.TestCases.APITesting" name="testResponsecode" time="0.033"/>
  <system-out/>
  <testcase classname="com.CA.qa.TestCases.APITesting" name="testResponsecode" time="0.043"/>
  <system-out/>
  <testcase classname="com.CA.qa.TestCases.APITesting" name="testResponsecode" time="0.033"/>
  <system-out/>
  <testcase classname="com.CA.qa.TestCases.APITesting" name="testResponsecode" time="0.033"/>
  <system-out/>
  <testcase classname="com.CA.qa.TestCases.APITesting" name="testResponsecode" time="0.032"/>
  <system-out/>
  <testcase classname="com.CA.qa.TestCases.APITesting" name="testResponsecode" time="0.034"/>
  <system-out/>
  <testcase classname="com.CA.qa.TestCases.APITesting" name="testResponsecode" time="0.035"/>
  <system-out/>
  <testcase classname="com.CA.qa.TestCases.APITesting" name="testResponsecode" time="0.040"/>
  <system-out/>
  <testcase classname="com.CA.qa.TestCases.APITesting" name="testResponsecode" time="0.037"/>
  <system-out/>
  <testcase classname="com.CA.qa.TestCases.APITesting" name="testResponsecode" time="0.037"/>
  <system-out/>
  <testcase classname="com.CA.qa.TestCases.APITesting" name="testResponsecode" time="0.040"/>
  <system-out/>
  <testcase classname="com.CA.qa.TestCases.APITesting" name="testResponsecode" time="0.034"/>
  <system-out/>
  <testcase classname="com.CA.qa.TestCases.APITesting" name="testResponsecode" time="0.034"/>
  <system-out/>
  <testcase classname="com.CA.qa.TestCases.APITesting" name="testResponsecode" time="0.033"/>
  <system-out/>
  <testcase classname="com.CA.qa.TestCases.APITesting" name="testResponsecode" time="0.034"/>
  <system-out/>
  <testcase classname="com.CA.qa.TestCases.APITesting" name="testResponsecode" time="0.031"/>
  <system-out/>
  <testcase classname="com.CA.qa.TestCases.APITesting" name="testResponsecode" time="0.040"/>
  <system-out/>
  <testcase classname="com.CA.qa.TestCases.APITesting" name="testResponsecode" time="0.037"/>
  <system-out/>
  <testcase classname="com.CA.qa.TestCases.APITesting" name="testResponsecode" time="0.038"/>
  <system-out/>
  <testcase classname="com.CA.qa.TestCases.APITesting" name="testResponsecode" time="0.034"/>
  <system-out/>
  <testcase classname="com.CA.qa.TestCases.APITesting" name="testResponsecode" time="0.163"/>
  <system-out/>
  <testcase classname="com.CA.qa.TestCases.APITesting" name="testResponsecode" time="0.032"/>
  <system-out/>
  <testcase classname="com.CA.qa.TestCases.APITesting" name="testResponsecode" time="0.036"/>
  <system-out/>
  <testcase classname="com.CA.qa.TestCases.APITesting" name="testResponsecode" time="0.037"/>
  <system-out/>
  <testcase classname="com.CA.qa.TestCases.APITesting" name="testResponsecode" time="0.101"/>
  <system-out/>
  <testcase classname="com.CA.qa.TestCases.APITesting" name="testResponsecode" time="0.035"/>
  <system-out/>
  <testcase classname="com.CA.qa.TestCases.APITesting" name="testResponsecode" time="0.061"/>
  <system-out/>
  <testcase classname="com.CA.qa.TestCases.APITesting" name="testResponsecode" time="0.037"/>
  <system-out/>
  <testcase classname="com.CA.qa.TestCases.APITesting" name="testResponsecode" time="0.051"/>
  <system-out/>
  <testcase classname="com.CA.qa.TestCases.APITesting" name="testResponsecode" time="0.044"/>
  <system-out/>
  <testcase classname="com.CA.qa.TestCases.APITesting" name="testResponsecode" time="0.038"/>
  <system-out/>
  <testcase classname="com.CA.qa.TestCases.APITesting" name="testResponsecode" time="0.035"/>
  <system-out/>
  <testcase classname="com.CA.qa.TestCases.APITesting" name="testResponsecode" time="0.055"/>
  <system-out/>
  <testcase classname="com.CA.qa.TestCases.APITesting" name="testResponsecode" time="0.043"/>
  <system-out/>
  <testcase classname="com.CA.qa.TestCases.APITesting" name="testResponsecode" time="0.045"/>
  <system-out/>
  <testcase classname="com.CA.qa.TestCases.APITesting" name="testResponsecode" time="0.039"/>
  <system-out/>
  <testcase classname="com.CA.qa.TestCases.APITesting" name="testResponsecode" time="0.045"/>
  <system-out/>
  <testcase classname="com.CA.qa.TestCases.APITesting" name="testResponsecode" time="0.033"/>
  <system-out/>
  <testcase classname="com.CA.qa.TestCases.APITesting" name="testResponsecode" time="0.052"/>
  <system-out/>
  <testcase classname="com.CA.qa.TestCases.APITesting" name="testResponsecode" time="0.033"/>
  <system-out/>
  <testcase classname="com.CA.qa.TestCases.APITesting" name="testResponsecode" time="0.034"/>
  <system-out/>
  <testcase classname="com.CA.qa.TestCases.APITesting" name="testResponsecode" time="0.035"/>
  <system-out/>
  <testcase classname="com.CA.qa.TestCases.APITesting" name="testResponsecode" time="0.033"/>
  <system-out/>
  <testcase classname="com.CA.qa.TestCases.APITesting" name="testResponsecode" time="0.036"/>
  <system-out/>
  <testcase classname="com.CA.qa.TestCases.APITesting" name="testResponsecode" time="0.049"/>
  <system-out/>
  <testcase classname="com.CA.qa.TestCases.APITesting" name="testResponsecode" time="0.033"/>
  <system-out/>
  <testcase classname="com.CA.qa.TestCases.APITesting" name="testResponsecode" time="0.039"/>
  <system-out/>
  <testcase classname="com.CA.qa.TestCases.APITesting" name="testResponsecode" time="0.032"/>
  <system-out/>
  <testcase classname="com.CA.qa.TestCases.APITesting" name="testResponsecode" time="0.035"/>
  <system-out/>
  <testcase classname="com.CA.qa.TestCases.APITesting" name="testResponsecode" time="0.034"/>
  <system-out/>
  <testcase classname="com.CA.qa.TestCases.APITesting" name="testResponsecode" time="0.045"/>
  <system-out/>
  <testcase classname="com.CA.qa.TestCases.APITesting" name="testResponsecode" time="0.033"/>
  <system-out/>
  <testcase classname="com.CA.qa.TestCases.APITesting" name="testResponsecode" time="0.033"/>
  <system-out/>
  <testcase classname="com.CA.qa.TestCases.APITesting" name="testResponsecode" time="0.036"/>
  <system-out/>
  <testcase classname="com.CA.qa.TestCases.APITesting" name="testResponsecode" time="0.141"/>
  <system-out/>
  <testcase classname="com.CA.qa.TestCases.APITesting" name="testResponsecode" time="0.034"/>
  <system-out/>
  <testcase classname="com.CA.qa.TestCases.APITesting" name="testResponsecode" time="0.033"/>
  <system-out/>
  <testcase classname="com.CA.qa.TestCases.APITesting" name="testResponsecode" time="0.046"/>
  <system-out/>
  <testcase classname="com.CA.qa.TestCases.APITesting" name="testResponsecode" time="0.146"/>
  <system-out/>
  <testcase classname="com.CA.qa.TestCases.APITesting" name="testResponsecode" time="0.034"/>
  <system-out/>
  <testcase classname="com.CA.qa.TestCases.APITesting" name="testResponsecode" time="0.034"/>
  <system-out/>
  <testcase classname="com.CA.qa.TestCases.APITesting" name="testResponsecode" time="0.144"/>
  <system-out/>
  <testcase classname="com.CA.qa.TestCases.APITesting" name="testResponsecode" time="0.033"/>
  <system-out/>
  <testcase classname="com.CA.qa.TestCases.APITesting" name="testResponsecode" time="0.034"/>
  <system-out/>
  <testcase classname="com.CA.qa.TestCases.APITesting" name="testResponsecode" time="0.032"/>
  <system-out/>
  <testcase classname="com.CA.qa.TestCases.APITesting" name="testResponsecode" time="0.038"/>
  <system-out/>
  <testcase classname="com.CA.qa.TestCases.APITesting" name="testResponsecode" time="0.036"/>
  <system-out/>
  <testcase classname="com.CA.qa.TestCases.APITesting" name="testResponsecode" time="0.035"/>
  <system-out/>
  <testcase classname="com.CA.qa.TestCases.APITesting" name="testResponsecode" time="0.046"/>
  <system-out/>
  <testcase classname="com.CA.qa.TestCases.APITesting" name="testResponsecode" time="0.033"/>
  <system-out/>
  <testcase classname="com.CA.qa.TestCases.APITesting" name="testResponsecode" time="0.034"/>
  <system-out/>
  <testcase classname="com.CA.qa.TestCases.APITesting" name="testResponsecode" time="0.034"/>
  <system-out/>
  <testcase classname="com.CA.qa.TestCases.APITesting" name="testResponsecode" time="0.032"/>
  <system-out/>
  <testcase classname="com.CA.qa.TestCases.APITesting" name="testResponsecode" time="0.034"/>
  <system-out/>
  <testcase classname="com.CA.qa.TestCases.APITesting" name="testResponsecode" time="0.041"/>
  <system-out/>
  <testcase classname="com.CA.qa.TestCases.APITesting" name="testResponsecode" time="0.033"/>
  <system-out/>
  <testcase classname="com.CA.qa.TestCases.APITesting" name="testResponsecode" time="0.032"/>
  <system-out/>
  <testcase classname="com.CA.qa.TestCases.APITesting" name="testResponsecode" time="0.031"/>
  <system-out/>
  <testcase classname="com.CA.qa.TestCases.APITesting" name="testResponsecode" time="0.040"/>
  <system-out/>
  <testcase classname="com.CA.qa.TestCases.APITesting" name="testResponsecode" time="0.941"/>
  <system-out/>
  <testcase classname="com.CA.qa.TestCases.APITesting" name="testResponsecode" time="0.035"/>
  <system-out/>
  <testcase classname="com.CA.qa.TestCases.APITesting" name="testResponsecode" time="0.040"/>
  <system-out/>
  <testcase classname="com.CA.qa.TestCases.APITesting" name="testResponsecode" time="0.037"/>
  <system-out/>
  <testcase classname="com.CA.qa.TestCases.APITesting" name="testResponsecode" time="0.038"/>
  <system-out/>
  <testcase classname="com.CA.qa.TestCases.APITesting" name="testResponsecode" time="0.041"/>
  <system-out/>
  <testcase classname="com.CA.qa.TestCases.APITesting" name="testResponsecode" time="0.040"/>
  <system-out/>
  <testcase classname="com.CA.qa.TestCases.APITesting" name="testResponsecode" time="0.033"/>
  <system-out/>
  <testcase classname="com.CA.qa.TestCases.APITesting" name="testResponsecode" time="0.050"/>
  <system-out/>
  <testcase classname="com.CA.qa.TestCases.APITesting" name="testResponsecode" time="0.072"/>
  <system-out/>
  <testcase classname="com.CA.qa.TestCases.APITesting" name="testResponsecode" time="0.040"/>
  <system-out/>
  <testcase classname="com.CA.qa.TestCases.APITesting" name="testResponsecode" time="0.033"/>
  <system-out/>
  <testcase classname="com.CA.qa.TestCases.APITesting" name="testResponsecode" time="0.047"/>
  <system-out/>
  <testcase classname="com.CA.qa.TestCases.APITesting" name="testResponsecode" time="0.034"/>
  <system-out/>
  <testcase classname="com.CA.qa.TestCases.APITesting" name="testResponsecode" time="0.132"/>
  <system-out/>
  <testcase classname="com.CA.qa.TestCases.APITesting" name="testResponsecode" time="0.038"/>
  <system-out/>
  <testcase classname="com.CA.qa.TestCases.APITesting" name="testResponsecode" time="0.033"/>
  <system-out/>
  <testcase classname="com.CA.qa.TestCases.APITesting" name="testResponsecode" time="0.034"/>
  <system-out/>
  <testcase classname="com.CA.qa.TestCases.APITesting" name="testResponsecode" time="0.037"/>
  <system-out/>
  <testcase classname="com.CA.qa.TestCases.APITesting" name="testResponsecode" time="0.037"/>
  <system-out/>
  <testcase classname="com.CA.qa.TestCases.APITesting" name="testResponsecode" time="0.036"/>
  <system-out/>
  <testcase classname="com.CA.qa.TestCases.APITesting" name="testResponsecode" time="0.037"/>
  <system-out/>
  <testcase classname="com.CA.qa.TestCases.APITesting" name="testResponsecode" time="0.033"/>
  <system-out/>
  <testcase classname="com.CA.qa.TestCases.APITesting" name="testResponsecode" time="0.032"/>
  <system-out/>
  <testcase classname="com.CA.qa.TestCases.APITesting" name="testResponsecode" time="0.035"/>
  <system-out/>
  <testcase classname="com.CA.qa.TestCases.APITesting" name="testResponsecode" time="0.034"/>
  <system-out/>
  <testcase classname="com.CA.qa.TestCases.APITesting" name="testResponsecode" time="0.034"/>
  <system-out/>
  <testcase classname="com.CA.qa.TestCases.APITesting" name="testResponsecode" time="0.041"/>
  <system-out/>
  <testcase classname="com.CA.qa.TestCases.APITesting" name="testResponsecode" time="0.033"/>
  <system-out/>
  <testcase classname="com.CA.qa.TestCases.APITesting" name="testResponsecode" time="0.042"/>
  <system-out/>
  <testcase classname="com.CA.qa.TestCases.APITesting" name="testResponsecode" time="0.036"/>
  <system-out/>
  <testcase classname="com.CA.qa.TestCases.APITesting" name="testResponsecode" time="0.160"/>
  <system-out/>
  <testcase classname="com.CA.qa.TestCases.APITesting" name="testResponsecode" time="0.038"/>
  <system-out/>
  <testcase classname="com.CA.qa.TestCases.APITesting" name="testResponsecode" time="0.037"/>
  <system-out/>
  <testcase classname="com.CA.qa.TestCases.APITesting" name="testResponsecode" time="0.032"/>
  <system-out/>
  <testcase classname="com.CA.qa.TestCases.APITesting" name="testResponsecode" time="0.036"/>
  <system-out/>
  <testcase classname="com.CA.qa.TestCases.APITesting" name="testResponsecode" time="0.142"/>
  <system-out/>
  <testcase classname="com.CA.qa.TestCases.APITesting" name="testResponsecode" time="0.033"/>
  <system-out/>
  <testcase classname="com.CA.qa.TestCases.APITesting" name="testResponsecode" time="0.036"/>
  <system-out/>
  <testcase classname="com.CA.qa.TestCases.APITesting" name="testResponsecode" time="0.180"/>
  <system-out/>
  <testcase classname="com.CA.qa.TestCases.APITesting" name="testResponsecode" time="0.032"/>
  <system-out/>
  <testcase classname="com.CA.qa.TestCases.APITesting" name="testResponsecode" time="0.034"/>
  <system-out/>
  <testcase classname="com.CA.qa.TestCases.APITesting" name="testResponsecode" time="0.036"/>
  <system-out/>
  <testcase classname="com.CA.qa.TestCases.APITesting" name="testResponsecode" time="0.038"/>
  <system-out/>
  <testcase classname="com.CA.qa.TestCases.APITesting" name="testResponsecode" time="0.034"/>
  <system-out/>
  <testcase classname="com.CA.qa.TestCases.APITesting" name="testResponsecode" time="0.034"/>
  <system-out/>
  <testcase classname="com.CA.qa.TestCases.APITesting" name="testResponsecode" time="0.037"/>
  <system-out/>
  <testcase classname="com.CA.qa.TestCases.APITesting" name="testResponsecode" time="0.037"/>
  <system-out/>
  <testcase classname="com.CA.qa.TestCases.APITesting" name="testResponsecode" time="0.034"/>
  <system-out/>
  <testcase classname="com.CA.qa.TestCases.APITesting" name="testResponsecode" time="0.033"/>
  <system-out/>
  <testcase classname="com.CA.qa.TestCases.APITesting" name="testResponsecode" time="0.035"/>
  <system-out/>
  <testcase classname="com.CA.qa.TestCases.APITesting" name="testResponsecode" time="0.032"/>
  <system-out/>
  <testcase classname="com.CA.qa.TestCases.APITesting" name="testResponsecode" time="0.050"/>
  <system-out/>
  <testcase classname="com.CA.qa.TestCases.APITesting" name="testResponsecode" time="0.050"/>
  <system-out/>
  <testcase classname="com.CA.qa.TestCases.APITesting" name="testResponsecode" time="0.158"/>
  <system-out/>
  <testcase classname="com.CA.qa.TestCases.APITesting" name="testResponsecode" time="0.093"/>
  <system-out/>
  <testcase classname="com.CA.qa.TestCases.APITesting" name="testResponsecode" time="0.041"/>
  <system-out/>
  <testcase classname="com.CA.qa.TestCases.APITesting" name="testResponsecode" time="0.052"/>
  <system-out/>
  <testcase classname="com.CA.qa.TestCases.APITesting" name="testResponsecode" time="0.042"/>
  <system-out/>
  <testcase classname="com.CA.qa.TestCases.APITesting" name="testResponsecode" time="0.039"/>
  <system-out/>
  <testcase classname="com.CA.qa.TestCases.APITesting" name="testResponsecode" time="0.037"/>
  <system-out/>
  <testcase classname="com.CA.qa.TestCases.APITesting" name="testResponsecode" time="0.033"/>
  <system-out/>
  <testcase classname="com.CA.qa.TestCases.APITesting" name="testResponsecode" time="0.032"/>
  <system-out/>
  <testcase classname="com.CA.qa.TestCases.APITesting" name="testResponsecode" time="0.034"/>
  <system-out/>
  <testcase classname="com.CA.qa.TestCases.APITesting" name="testResponsecode" time="0.036"/>
  <system-out/>
  <testcase classname="com.CA.qa.TestCases.APITesting" name="testResponsecode" time="0.041"/>
  <system-out/>
  <testcase classname="com.CA.qa.TestCases.APITesting" name="testResponsecode" time="0.035"/>
  <system-out/>
  <testcase classname="com.CA.qa.TestCases.APITesting" name="testResponsecode" time="0.032"/>
  <system-out/>
  <testcase classname="com.CA.qa.TestCases.APITesting" name="testResponsecode" time="0.035"/>
  <system-out/>
  <testcase classname="com.CA.qa.TestCases.APITesting" name="testResponsecode" time="0.154"/>
  <system-out/>
  <testcase classname="com.CA.qa.TestCases.APITesting" name="testResponsecode" time="0.032"/>
  <system-out/>
  <testcase classname="com.CA.qa.TestCases.APITesting" name="testResponsecode" time="0.049"/>
  <system-out/>
  <testcase classname="com.CA.qa.TestCases.APITesting" name="testResponsecode" time="0.041"/>
  <system-out/>
  <testcase classname="com.CA.qa.TestCases.APITesting" name="testResponsecode" time="0.034"/>
  <system-out/>
  <testcase classname="com.CA.qa.TestCases.APITesting" name="testResponsecode" time="0.034"/>
  <system-out/>
  <testcase classname="com.CA.qa.TestCases.APITesting" name="testResponsecode" time="0.045"/>
  <system-out/>
  <testcase classname="com.CA.qa.TestCases.APITesting" name="testResponsecode" time="0.040"/>
  <system-out/>
  <testcase classname="com.CA.qa.TestCases.APITesting" name="testResponsecode" time="0.039"/>
  <system-out/>
  <testcase classname="com.CA.qa.TestCases.APITesting" name="testResponsecode" time="0.033"/>
  <system-out/>
  <testcase classname="com.CA.qa.TestCases.APITesting" name="testResponsecode" time="0.036"/>
  <system-out/>
  <testcase classname="com.CA.qa.TestCases.APITesting" name="testResponsecode" time="0.035"/>
  <system-out/>
  <testcase classname="com.CA.qa.TestCases.APITesting" name="testResponsecode" time="0.035"/>
  <system-out/>
  <testcase classname="com.CA.qa.TestCases.APITesting" name="testResponsecode" time="0.033"/>
  <system-out/>
  <testcase classname="com.CA.qa.TestCases.APITesting" name="testResponsecode" time="0.035"/>
  <system-out/>
  <testcase classname="com.CA.qa.TestCases.APITesting" name="testResponsecode" time="0.046"/>
  <system-out/>
  <testcase classname="com.CA.qa.TestCases.APITesting" name="testResponsecode" time="0.042"/>
  <system-out/>
  <testcase classname="com.CA.qa.TestCases.APITesting" name="testResponsecode" time="0.036"/>
  <system-out/>
  <testcase classname="com.CA.qa.TestCases.APITesting" name="testResponsecode" time="0.043"/>
  <system-out/>
  <testcase classname="com.CA.qa.TestCases.APITesting" name="testResponsecode" time="1.008"/>
  <system-out/>
  <testcase classname="com.CA.qa.TestCases.APITesting" name="testResponsecode" time="0.036"/>
  <system-out/>
  <testcase classname="com.CA.qa.TestCases.APITesting" name="testResponsecode" time="0.035"/>
  <system-out/>
  <testcase classname="com.CA.qa.TestCases.APITesting" name="testResponsecode" time="0.033"/>
  <system-out/>
  <testcase classname="com.CA.qa.TestCases.APITesting" name="testResponsecode" time="0.058"/>
  <system-out/>
  <testcase classname="com.CA.qa.TestCases.APITesting" name="testResponsecode" time="0.033"/>
  <system-out/>
  <testcase classname="com.CA.qa.TestCases.APITesting" name="testResponsecode" time="0.033"/>
  <system-out/>
  <testcase classname="com.CA.qa.TestCases.APITesting" name="testResponsecode" time="0.034"/>
  <system-out/>
  <testcase classname="com.CA.qa.TestCases.APITesting" name="testResponsecode" time="0.033"/>
  <system-out/>
  <testcase classname="com.CA.qa.TestCases.APITesting" name="testResponsecode" time="0.037"/>
  <system-out/>
  <testcase classname="com.CA.qa.TestCases.APITesting" name="testResponsecode" time="0.126"/>
  <system-out/>
  <testcase classname="com.CA.qa.TestCases.APITesting" name="testResponsecode" time="0.043"/>
  <system-out/>
  <testcase classname="com.CA.qa.TestCases.APITesting" name="testResponsecode" time="0.034"/>
  <system-out/>
  <testcase classname="com.CA.qa.TestCases.APITesting" name="testResponsecode" time="0.035"/>
  <system-out/>
  <testcase classname="com.CA.qa.TestCases.APITesting" name="testResponsecode" time="0.035"/>
  <system-out/>
  <testcase classname="com.CA.qa.TestCases.APITesting" name="testResponsecode" time="0.035"/>
  <system-out/>
  <testcase classname="com.CA.qa.TestCases.APITesting" name="testResponsecode" time="0.035"/>
  <system-out/>
  <testcase classname="com.CA.qa.TestCases.APITesting" name="testResponsecode" time="0.037"/>
  <system-out/>
  <testcase classname="com.CA.qa.TestCases.APITesting" name="testResponsecode" time="0.034"/>
  <system-out/>
  <testcase classname="com.CA.qa.TestCases.APITesting" name="testResponsecode" time="0.032"/>
  <system-out/>
  <testcase classname="com.CA.qa.TestCases.APITesting" name="testResponsecode" time="0.037"/>
  <system-out/>
  <testcase classname="com.CA.qa.TestCases.APITesting" name="testResponsecode" time="0.033"/>
  <system-out/>
  <testcase classname="com.CA.qa.TestCases.APITesting" name="testResponsecode" time="0.125"/>
  <system-out/>
  <testcase classname="com.CA.qa.TestCases.APITesting" name="testResponsecode" time="0.047"/>
  <system-out/>
  <testcase classname="com.CA.qa.TestCases.APITesting" name="testResponsecode" time="0.034"/>
  <system-out/>
  <testcase classname="com.CA.qa.TestCases.APITesting" name="testResponsecode" time="0.039"/>
  <system-out/>
  <testcase classname="com.CA.qa.TestCases.APITesting" name="testResponsecode" time="0.040"/>
  <system-out/>
  <testcase classname="com.CA.qa.TestCases.APITesting" name="testResponsecode" time="0.036"/>
  <system-out/>
  <testcase classname="com.CA.qa.TestCases.APITesting" name="testResponsecode" time="1.027"/>
  <system-out/>
  <testcase classname="com.CA.qa.TestCases.APITesting" name="testResponsecode" time="0.032"/>
  <system-out/>
  <testcase classname="com.CA.qa.TestCases.APITesting" name="testResponsecode" time="0.035"/>
  <system-out/>
  <testcase classname="com.CA.qa.TestCases.APITesting" name="testResponsecode" time="0.035"/>
  <system-out/>
  <testcase classname="com.CA.qa.TestCases.APITesting" name="testResponsecode" time="0.033"/>
  <system-out/>
  <testcase classname="com.CA.qa.TestCases.APITesting" name="testResponsecode" time="0.033"/>
  <system-out/>
  <testcase classname="com.CA.qa.TestCases.APITesting" name="testResponsecode" time="0.230"/>
  <system-out/>
  <testcase classname="com.CA.qa.TestCases.APITesting" name="testResponsecode" time="0.039"/>
  <system-out/>
  <testcase classname="com.CA.qa.TestCases.APITesting" name="testResponsecode" time="0.035"/>
  <system-out/>
  <testcase classname="com.CA.qa.TestCases.APITesting" name="testResponsecode" time="0.034"/>
  <system-out/>
  <testcase classname="com.CA.qa.TestCases.APITesting" name="testResponsecode" time="0.033"/>
  <system-out/>
  <testcase classname="com.CA.qa.TestCases.APITesting" name="testResponsecode" time="0.034"/>
  <system-out/>
  <testcase classname="com.CA.qa.TestCases.APITesting" name="testResponsecode" time="0.039"/>
  <system-out/>
  <testcase classname="com.CA.qa.TestCases.APITesting" name="testResponsecode" time="0.063"/>
  <system-out/>
  <testcase classname="com.CA.qa.TestCases.APITesting" name="testResponsecode" time="0.034"/>
  <system-out/>
  <testcase classname="com.CA.qa.TestCases.APITesting" name="testResponsecode" time="0.035"/>
  <system-out/>
  <testcase classname="com.CA.qa.TestCases.APITesting" name="testResponsecode" time="0.037"/>
  <system-out/>
  <testcase classname="com.CA.qa.TestCases.APITesting" name="testResponsecode" time="0.039"/>
  <system-out/>
  <testcase classname="com.CA.qa.TestCases.APITesting" name="testResponsecode" time="0.036"/>
  <system-out/>
  <testcase classname="com.CA.qa.TestCases.APITesting" name="testResponsecode" time="0.054"/>
  <system-out/>
  <testcase classname="com.CA.qa.TestCases.APITesting" name="testResponsecode" time="0.034"/>
  <system-out/>
  <testcase classname="com.CA.qa.TestCases.APITesting" name="testResponsecode" time="0.034"/>
  <system-out/>
  <testcase classname="com.CA.qa.TestCases.APITesting" name="testResponsecode" time="0.034"/>
  <system-out/>
  <testcase classname="com.CA.qa.TestCases.APITesting" name="testResponsecode" time="0.048"/>
  <system-out/>
  <testcase classname="com.CA.qa.TestCases.APITesting" name="testResponsecode" time="0.035"/>
  <system-out/>
  <testcase classname="com.CA.qa.TestCases.APITesting" name="testResponsecode" time="0.040"/>
  <system-out/>
  <testcase classname="com.CA.qa.TestCases.APITesting" name="testResponsecode" time="0.044"/>
  <system-out/>
  <testcase classname="com.CA.qa.TestCases.APITesting" name="testResponsecode" time="0.035"/>
  <system-out/>
  <testcase classname="com.CA.qa.TestCases.APITesting" name="testResponsecode" time="0.045"/>
  <system-out/>
  <testcase classname="com.CA.qa.TestCases.APITesting" name="testResponsecode" time="0.033"/>
  <system-out/>
  <testcase classname="com.CA.qa.TestCases.APITesting" name="testResponsecode" time="0.037"/>
  <system-out/>
  <testcase classname="com.CA.qa.TestCases.APITesting" name="testResponsecode" time="0.035"/>
  <system-out/>
  <testcase classname="com.CA.qa.TestCases.APITesting" name="testResponsecode" time="0.032"/>
  <system-out/>
  <testcase classname="com.CA.qa.TestCases.APITesting" name="testResponsecode" time="0.033"/>
  <system-out/>
  <testcase classname="com.CA.qa.TestCases.APITesting" name="testResponsecode" time="0.033"/>
  <system-out/>
  <testcase classname="com.CA.qa.TestCases.APITesting" name="testResponsecode" time="0.042"/>
  <system-out/>
  <testcase classname="com.CA.qa.TestCases.APITesting" name="testResponsecode" time="0.034"/>
  <system-out/>
  <testcase classname="com.CA.qa.TestCases.APITesting" name="testResponsecode" time="0.037"/>
  <system-out/>
  <testcase classname="com.CA.qa.TestCases.APITesting" name="testResponsecode" time="0.035"/>
  <system-out/>
  <testcase classname="com.CA.qa.TestCases.APITesting" name="testResponsecode" time="0.038"/>
  <system-out/>
  <testcase classname="com.CA.qa.TestCases.APITesting" name="testResponsecode" time="0.178"/>
  <system-out/>
  <testcase classname="com.CA.qa.TestCases.APITesting" name="testResponsecode" time="0.033"/>
  <system-out/>
  <testcase classname="com.CA.qa.TestCases.APITesting" name="testResponsecode" time="0.039"/>
  <system-out/>
  <testcase classname="com.CA.qa.TestCases.APITesting" name="testResponsecode" time="0.042"/>
  <system-out/>
  <testcase classname="com.CA.qa.TestCases.APITesting" name="testResponsecode" time="0.034"/>
  <system-out/>
  <testcase classname="com.CA.qa.TestCases.APITesting" name="testResponsecode" time="0.034"/>
  <system-out/>
  <testcase classname="com.CA.qa.TestCases.APITesting" name="testResponsecode" time="0.034"/>
  <system-out/>
  <testcase classname="com.CA.qa.TestCases.APITesting" name="testResponsecode" time="0.039"/>
  <system-out/>
  <testcase classname="com.CA.qa.TestCases.APITesting" name="testResponsecode" time="0.040"/>
  <system-out/>
  <testcase classname="com.CA.qa.TestCases.APITesting" name="testResponsecode" time="0.034"/>
  <system-out/>
  <testcase classname="com.CA.qa.TestCases.APITesting" name="testResponsecode" time="0.034"/>
  <system-out/>
  <testcase classname="com.CA.qa.TestCases.APITesting" name="testResponsecode" time="0.035"/>
  <system-out/>
  <testcase classname="com.CA.qa.TestCases.APITesting" name="testResponsecode" time="0.035"/>
  <system-out/>
  <testcase classname="com.CA.qa.TestCases.APITesting" name="testResponsecode" time="0.037"/>
  <system-out/>
  <testcase classname="com.CA.qa.TestCases.APITesting" name="testResponsecode" time="0.040"/>
  <system-out/>
  <testcase classname="com.CA.qa.TestCases.APITesting" name="testResponsecode" time="0.040"/>
  <system-out/>
  <testcase classname="com.CA.qa.TestCases.APITesting" name="testResponsecode" time="0.033"/>
  <system-out/>
  <testcase classname="com.CA.qa.TestCases.APITesting" name="testResponsecode" time="0.034"/>
  <system-out/>
  <testcase classname="com.CA.qa.TestCases.APITesting" name="testResponsecode" time="0.035"/>
  <system-out/>
  <testcase classname="com.CA.qa.TestCases.APITesting" name="testResponsecode" time="0.071"/>
  <system-out/>
  <testcase classname="com.CA.qa.TestCases.APITesting" name="testResponsecode" time="0.035"/>
  <system-out/>
  <testcase classname="com.CA.qa.TestCases.APITesting" name="testResponsecode" time="0.033"/>
  <system-out/>
  <testcase classname="com.CA.qa.TestCases.APITesting" name="testResponsecode" time="0.962"/>
  <system-out/>
  <testcase classname="com.CA.qa.TestCases.APITesting" name="testResponsecode" time="0.035"/>
  <system-out/>
  <testcase classname="com.CA.qa.TestCases.APITesting" name="testResponsecode" time="0.035"/>
  <system-out/>
  <testcase classname="com.CA.qa.TestCases.APITesting" name="testResponsecode" time="0.046"/>
  <system-out/>
  <testcase classname="com.CA.qa.TestCases.APITesting" name="testResponsecode" time="0.033"/>
  <system-out/>
  <testcase classname="com.CA.qa.TestCases.APITesting" name="testResponsecode" time="0.960"/>
  <system-out/>
  <testcase classname="com.CA.qa.TestCases.APITesting" name="testResponsecode" time="0.033"/>
  <system-out/>
  <testcase classname="com.CA.qa.TestCases.APITesting" name="testResponsecode" time="0.032"/>
  <system-out/>
  <testcase classname="com.CA.qa.TestCases.APITesting" name="testResponsecode" time="0.034"/>
  <system-out/>
  <testcase classname="com.CA.qa.TestCases.APITesting" name="testResponsecode" time="0.055"/>
  <system-out/>
  <testcase classname="com.CA.qa.TestCases.APITesting" name="testResponsecode" time="0.037"/>
  <system-out/>
  <testcase classname="com.CA.qa.TestCases.APITesting" name="testResponsecode" time="0.037"/>
  <system-out/>
  <testcase classname="com.CA.qa.TestCases.APITesting" name="testResponsecode" time="0.042"/>
  <system-out/>
  <testcase classname="com.CA.qa.TestCases.APITesting" name="testResponsecode" time="0.038"/>
  <system-out/>
  <testcase classname="com.CA.qa.TestCases.APITesting" name="testResponsecode" time="0.034"/>
  <system-out/>
  <testcase classname="com.CA.qa.TestCases.APITesting" name="testResponsecode" time="0.044"/>
  <system-out/>
  <testcase classname="com.CA.qa.TestCases.APITesting" name="testResponsecode" time="0.039"/>
  <system-out/>
  <testcase classname="com.CA.qa.TestCases.APITesting" name="testResponsecode" time="0.037"/>
  <system-out/>
  <testcase classname="com.CA.qa.TestCases.APITesting" name="testResponsecode" time="0.033"/>
  <system-out/>
  <testcase classname="com.CA.qa.TestCases.APITesting" name="testResponsecode" time="0.034"/>
  <system-out/>
  <testcase classname="com.CA.qa.TestCases.APITesting" name="testResponsecode" time="0.037"/>
  <system-out/>
  <testcase classname="com.CA.qa.TestCases.APITesting" name="testResponsecode" time="0.034"/>
  <system-out/>
  <testcase classname="com.CA.qa.TestCases.APITesting" name="testResponsecode" time="0.710"/>
  <system-out/>
  <testcase classname="com.CA.qa.TestCases.APITesting" name="testResponsecode" time="0.036"/>
  <system-out/>
  <testcase classname="com.CA.qa.TestCases.APITesting" name="testResponsecode" time="0.035"/>
  <system-out/>
  <testcase classname="com.CA.qa.TestCases.APITesting" name="testResponsecode" time="0.036"/>
  <system-out/>
  <testcase classname="com.CA.qa.TestCases.APITesting" name="testResponsecode" time="0.039"/>
  <system-out/>
  <testcase classname="com.CA.qa.TestCases.APITesting" name="testResponsecode" time="0.040"/>
  <system-out/>
  <testcase classname="com.CA.qa.TestCases.APITesting" name="testResponsecode" time="0.033"/>
  <system-out/>
  <testcase classname="com.CA.qa.TestCases.APITesting" name="testResponsecode" time="0.955"/>
  <system-out/>
  <testcase classname="com.CA.qa.TestCases.APITesting" name="testResponsecode" time="0.964"/>
  <system-out/>
  <testcase classname="com.CA.qa.TestCases.APITesting" name="testResponsecode" time="0.139"/>
  <system-out/>
  <testcase classname="com.CA.qa.TestCases.APITesting" name="testResponsecode" time="0.049"/>
  <system-out/>
  <testcase classname="com.CA.qa.TestCases.APITesting" name="testResponsecode" time="0.043"/>
  <system-out/>
  <testcase classname="com.CA.qa.TestCases.APITesting" name="testResponsecode" time="0.040"/>
  <system-out/>
  <testcase classname="com.CA.qa.TestCases.APITesting" name="testResponsecode" time="0.034"/>
  <system-out/>
  <testcase classname="com.CA.qa.TestCases.APITesting" name="testResponsecode" time="0.035"/>
  <system-out/>
  <testcase classname="com.CA.qa.TestCases.APITesting" name="testResponsecode" time="0.033"/>
  <system-out/>
  <testcase classname="com.CA.qa.TestCases.APITesting" name="testResponsecode" time="0.036"/>
  <system-out/>
  <testcase classname="com.CA.qa.TestCases.APITesting" name="testResponsecode" time="0.160"/>
  <system-out/>
  <testcase classname="com.CA.qa.TestCases.APITesting" name="testResponsecode" time="0.134"/>
  <system-out/>
  <testcase classname="com.CA.qa.TestCases.APITesting" name="testResponsecode" time="0.034"/>
  <system-out/>
  <testcase classname="com.CA.qa.TestCases.APITesting" name="testResponsecode" time="0.034"/>
  <system-out/>
  <testcase classname="com.CA.qa.TestCases.APITesting" name="testResponsecode" time="0.033"/>
  <system-out/>
  <testcase classname="com.CA.qa.TestCases.APITesting" name="testResponsecode" time="0.036"/>
  <system-out/>
  <testcase classname="com.CA.qa.TestCases.APITesting" name="testResponsecode" time="0.037"/>
  <system-out/>
  <testcase classname="com.CA.qa.TestCases.APITesting" name="testResponsecode" time="0.035"/>
  <system-out/>
  <testcase classname="com.CA.qa.TestCases.APITesting" name="testResponsecode" time="0.041"/>
  <system-out/>
  <testcase classname="com.CA.qa.TestCases.APITesting" name="testResponsecode" time="0.041"/>
  <system-out/>
  <testcase classname="com.CA.qa.TestCases.APITesting" name="testResponsecode" time="0.032"/>
  <system-out/>
  <testcase classname="com.CA.qa.TestCases.APITesting" name="testResponsecode" time="0.044"/>
  <system-out/>
  <testcase classname="com.CA.qa.TestCases.APITesting" name="testResponsecode" time="0.210"/>
  <system-out/>
  <testcase classname="com.CA.qa.TestCases.APITesting" name="testResponsecode" time="0.051"/>
  <system-out/>
  <testcase classname="com.CA.qa.TestCases.APITesting" name="testResponsecode" time="0.160"/>
  <system-out/>
  <testcase classname="com.CA.qa.TestCases.APITesting" name="testResponsecode" time="0.041"/>
  <system-out/>
  <testcase classname="com.CA.qa.TestCases.APITesting" name="testResponsecode" time="0.048"/>
  <system-out/>
  <testcase classname="com.CA.qa.TestCases.APITesting" name="testResponsecode" time="0.032"/>
  <system-out/>
  <testcase classname="com.CA.qa.TestCases.APITesting" name="testResponsecode" time="0.035"/>
  <system-out/>
  <testcase classname="com.CA.qa.TestCases.APITesting" name="testResponsecode" time="0.202"/>
  <system-out/>
  <testcase classname="com.CA.qa.TestCases.APITesting" name="testResponsecode" time="0.135"/>
  <system-out/>
  <testcase classname="com.CA.qa.TestCases.APITesting" name="testResponsecode" time="0.038"/>
  <system-out/>
  <testcase classname="com.CA.qa.TestCases.APITesting" name="testResponsecode" time="0.038"/>
  <system-out/>
  <testcase classname="com.CA.qa.TestCases.APITesting" name="testResponsecode" time="0.051"/>
  <system-out/>
  <testcase classname="com.CA.qa.TestCases.APITesting" name="testResponsecode" time="0.129"/>
  <system-out/>
  <testcase classname="com.CA.qa.TestCases.APITesting" name="testResponsecode" time="0.040"/>
  <system-out/>
  <testcase classname="com.CA.qa.TestCases.APITesting" name="testResponsecode" time="0.147"/>
  <system-out/>
  <testcase classname="com.CA.qa.TestCases.APITesting" name="testResponsecode" time="0.075"/>
  <system-out/>
  <testcase classname="com.CA.qa.TestCases.APITesting" name="testResponsecode" time="0.035"/>
  <system-out/>
  <testcase classname="com.CA.qa.TestCases.APITesting" name="testResponsecode" time="0.038"/>
  <system-out/>
  <testcase classname="com.CA.qa.TestCases.APITesting" name="testResponsecode" time="0.154"/>
  <system-out/>
  <testcase classname="com.CA.qa.TestCases.APITesting" name="testResponsecode" time="0.160"/>
  <system-out/>
  <testcase classname="com.CA.qa.TestCases.APITesting" name="testResponsecode" time="0.034"/>
  <system-out/>
  <testcase classname="com.CA.qa.TestCases.APITesting" name="testResponsecode" time="0.036"/>
  <system-out/>
  <testcase classname="com.CA.qa.TestCases.APITesting" name="testResponsecode" time="0.039"/>
  <system-out/>
  <testcase classname="com.CA.qa.TestCases.APITesting" name="testResponsecode" time="0.033"/>
  <system-out/>
  <testcase classname="com.CA.qa.TestCases.APITesting" name="testResponsecode" time="0.034"/>
  <system-out/>
  <testcase classname="com.CA.qa.TestCases.APITesting" name="testResponsecode" time="0.047"/>
  <system-out/>
  <testcase classname="com.CA.qa.TestCases.APITesting" name="testResponsecode" time="0.034"/>
  <system-out/>
  <testcase classname="com.CA.qa.TestCases.APITesting" name="testResponsecode" time="0.044"/>
  <system-out/>
  <testcase classname="com.CA.qa.TestCases.APITesting" name="testResponsecode" time="0.034"/>
  <system-out/>
  <testcase classname="com.CA.qa.TestCases.APITesting" name="testResponsecode" time="0.044"/>
  <system-out/>
  <testcase classname="com.CA.qa.TestCases.APITesting" name="testResponsecode" time="0.033"/>
  <system-out/>
  <testcase classname="com.CA.qa.TestCases.APITesting" name="testResponsecode" time="0.041"/>
  <system-out/>
  <testcase classname="com.CA.qa.TestCases.APITesting" name="testResponsecode" time="0.034"/>
  <system-out/>
  <testcase classname="com.CA.qa.TestCases.APITesting" name="testResponsecode" time="0.032"/>
  <system-out/>
  <testcase classname="com.CA.qa.TestCases.APITesting" name="testResponsecode" time="0.033"/>
  <system-out/>
  <testcase classname="com.CA.qa.TestCases.APITesting" name="testResponsecode" time="0.054"/>
  <system-out/>
  <testcase classname="com.CA.qa.TestCases.APITesting" name="testResponsecode" time="0.049"/>
  <system-out/>
  <testcase classname="com.CA.qa.TestCases.APITesting" name="testResponsecode" time="0.042"/>
  <system-out/>
  <testcase classname="com.CA.qa.TestCases.APITesting" name="testResponsecode" time="0.053"/>
  <system-out/>
  <testcase classname="com.CA.qa.TestCases.APITesting" name="testResponsecode" time="0.035"/>
  <system-out/>
  <testcase classname="com.CA.qa.TestCases.APITesting" name="testResponsecode" time="0.033"/>
  <system-out/>
  <testcase classname="com.CA.qa.TestCases.APITesting" name="testResponsecode" time="0.045"/>
  <system-out/>
  <testcase classname="com.CA.qa.TestCases.APITesting" name="testResponsecode" time="0.897"/>
  <system-out/>
  <testcase classname="com.CA.qa.TestCases.APITesting" name="testResponsecode" time="0.036"/>
  <system-out/>
  <testcase classname="com.CA.qa.TestCases.APITesting" name="testResponsecode" time="0.037"/>
  <system-out/>
  <testcase classname="com.CA.qa.TestCases.APITesting" name="testResponsecode" time="0.035"/>
  <system-out/>
  <testcase classname="com.CA.qa.TestCases.APITesting" name="testResponsecode" time="0.036"/>
  <system-out/>
  <testcase classname="com.CA.qa.TestCases.APITesting" name="testResponsecode" time="0.032"/>
  <system-out/>
  <testcase classname="com.CA.qa.TestCases.APITesting" name="testResponsecode" time="0.043"/>
  <system-out/>
  <testcase classname="com.CA.qa.TestCases.APITesting" name="testResponsecode" time="0.035"/>
  <system-out/>
  <testcase classname="com.CA.qa.TestCases.APITesting" name="testResponsecode" time="0.035"/>
  <system-out/>
  <testcase classname="com.CA.qa.TestCases.APITesting" name="testResponsecode" time="0.037"/>
  <system-out/>
  <testcase classname="com.CA.qa.TestCases.APITesting" name="testResponsecode" time="0.042"/>
  <system-out/>
  <testcase classname="com.CA.qa.TestCases.APITesting" name="testResponsecode" time="0.033"/>
  <system-out/>
  <testcase classname="com.CA.qa.TestCases.APITesting" name="testResponsecode" time="0.034"/>
  <system-out/>
  <testcase classname="com.CA.qa.TestCases.APITesting" name="testResponsecode" time="0.140"/>
  <system-out/>
  <testcase classname="com.CA.qa.TestCases.APITesting" name="testResponsecode" time="0.043"/>
  <system-out/>
  <testcase classname="com.CA.qa.TestCases.APITesting" name="testResponsecode" time="0.258"/>
  <system-out/>
  <testcase classname="com.CA.qa.TestCases.APITesting" name="testResponsecode" time="0.055"/>
  <system-out/>
  <testcase classname="com.CA.qa.TestCases.APITesting" name="testResponsecode" time="0.037"/>
  <system-out/>
  <testcase classname="com.CA.qa.TestCases.APITesting" name="testResponsecode" time="0.034"/>
  <system-out/>
  <testcase classname="com.CA.qa.TestCases.APITesting" name="testResponsecode" time="0.032"/>
  <system-out/>
  <testcase classname="com.CA.qa.TestCases.APITesting" name="testResponsecode" time="0.040"/>
  <system-out/>
  <testcase classname="com.CA.qa.TestCases.APITesting" name="testResponsecode" time="0.035"/>
  <system-out/>
  <testcase classname="com.CA.qa.TestCases.APITesting" name="testResponsecode" time="0.045"/>
  <system-out/>
  <testcase classname="com.CA.qa.TestCases.APITesting" name="testResponsecode" time="0.056"/>
  <system-out/>
  <testcase classname="com.CA.qa.TestCases.APITesting" name="testResponsecode" time="0.040"/>
  <system-out/>
  <testcase classname="com.CA.qa.TestCases.APITesting" name="testResponsecode" time="0.041"/>
  <system-out/>
  <testcase classname="com.CA.qa.TestCases.APITesting" name="testResponsecode" time="0.035"/>
  <system-out/>
  <testcase classname="com.CA.qa.TestCases.APITesting" name="testResponsecode" time="0.034"/>
  <system-out/>
  <testcase classname="com.CA.qa.TestCases.APITesting" name="testResponsecode" time="0.136"/>
  <system-out/>
  <testcase classname="com.CA.qa.TestCases.APITesting" name="testResponsecode" time="0.034"/>
  <system-out/>
  <testcase classname="com.CA.qa.TestCases.APITesting" name="testResponsecode" time="0.043"/>
  <system-out/>
  <testcase classname="com.CA.qa.TestCases.APITesting" name="testResponsecode" time="0.124"/>
  <system-out/>
  <testcase classname="com.CA.qa.TestCases.APITesting" name="testResponsecode" time="0.046"/>
  <system-out/>
  <testcase classname="com.CA.qa.TestCases.APITesting" name="testResponsecode" time="0.033"/>
  <system-out/>
  <testcase classname="com.CA.qa.TestCases.APITesting" name="testResponsecode" time="0.036"/>
  <system-out/>
  <testcase classname="com.CA.qa.TestCases.APITesting" name="testResponsecode" time="0.034"/>
  <system-out/>
  <testcase classname="com.CA.qa.TestCases.APITesting" name="testResponsecode" time="0.036"/>
  <system-out/>
  <testcase classname="com.CA.qa.TestCases.APITesting" name="testResponsecode" time="0.033"/>
  <system-out/>
  <testcase classname="com.CA.qa.TestCases.APITesting" name="testResponsecode" time="0.037"/>
  <system-out/>
  <testcase classname="com.CA.qa.TestCases.APITesting" name="testResponsecode" time="0.053"/>
  <system-out/>
  <testcase classname="com.CA.qa.TestCases.APITesting" name="testResponsecode" time="0.034"/>
  <system-out/>
  <testcase classname="com.CA.qa.TestCases.APITesting" name="testResponsecode" time="0.034"/>
  <system-out/>
  <testcase classname="com.CA.qa.TestCases.APITesting" name="testResponsecode" time="0.038"/>
  <system-out/>
  <testcase classname="com.CA.qa.TestCases.APITesting" name="testResponsecode" time="0.033"/>
  <system-out/>
  <testcase classname="com.CA.qa.TestCases.APITesting" name="testResponsecode" time="0.046"/>
  <system-out/>
  <testcase classname="com.CA.qa.TestCases.APITesting" name="testResponsecode" time="0.056"/>
  <system-out/>
  <testcase classname="com.CA.qa.TestCases.APITesting" name="testResponsecode" time="0.052"/>
  <system-out/>
  <testcase classname="com.CA.qa.TestCases.APITesting" name="testResponsecode" time="0.035"/>
  <system-out/>
  <testcase classname="com.CA.qa.TestCases.APITesting" name="testResponsecode" time="0.039"/>
  <system-out/>
  <testcase classname="com.CA.qa.TestCases.APITesting" name="testResponsecode" time="0.032"/>
  <system-out/>
  <testcase classname="com.CA.qa.TestCases.APITesting" name="testResponsecode" time="0.032"/>
  <system-out/>
  <testcase classname="com.CA.qa.TestCases.APITesting" name="testResponsecode" time="0.032"/>
  <system-out/>
  <testcase classname="com.CA.qa.TestCases.APITesting" name="testResponsecode" time="0.048"/>
  <system-out/>
  <testcase classname="com.CA.qa.TestCases.APITesting" name="testResponsecode" time="0.199"/>
  <system-out/>
  <testcase classname="com.CA.qa.TestCases.APITesting" name="testResponsecode" time="0.035"/>
  <system-out/>
  <testcase classname="com.CA.qa.TestCases.APITesting" name="testResponsecode" time="0.044"/>
  <system-out/>
  <testcase classname="com.CA.qa.TestCases.APITesting" name="testResponsecode" time="0.045"/>
  <system-out/>
  <testcase classname="com.CA.qa.TestCases.APITesting" name="testResponsecode" time="0.035"/>
  <system-out/>
  <testcase classname="com.CA.qa.TestCases.APITesting" name="testResponsecode" time="0.038"/>
  <system-out/>
  <testcase classname="com.CA.qa.TestCases.APITesting" name="testResponsecode" time="0.036"/>
  <system-out/>
  <testcase classname="com.CA.qa.TestCases.APITesting" name="testResponsecode" time="0.036"/>
  <system-out/>
  <testcase classname="com.CA.qa.TestCases.APITesting" name="testResponsecode" time="0.033"/>
  <system-out/>
  <testcase classname="com.CA.qa.TestCases.APITesting" name="testResponsecode" time="0.033"/>
  <system-out/>
  <testcase classname="com.CA.qa.TestCases.APITesting" name="testResponsecode" time="0.041"/>
  <system-out/>
  <testcase classname="com.CA.qa.TestCases.APITesting" name="testResponsecode" time="0.041"/>
  <system-out/>
  <testcase classname="com.CA.qa.TestCases.APITesting" name="testResponsecode" time="0.032"/>
  <system-out/>
  <testcase classname="com.CA.qa.TestCases.APITesting" name="testResponsecode" time="0.035"/>
  <system-out/>
  <testcase classname="com.CA.qa.TestCases.APITesting" name="testResponsecode" time="0.033"/>
  <system-out/>
  <testcase classname="com.CA.qa.TestCases.APITesting" name="testResponsecode" time="0.034"/>
  <system-out/>
  <testcase classname="com.CA.qa.TestCases.APITesting" name="testResponsecode" time="0.048"/>
  <system-out/>
  <testcase classname="com.CA.qa.TestCases.APITesting" name="testResponsecode" time="0.195"/>
  <system-out/>
  <testcase classname="com.CA.qa.TestCases.APITesting" name="testResponsecode" time="0.034"/>
  <system-out/>
  <testcase classname="com.CA.qa.TestCases.APITesting" name="testResponsecode" time="0.040"/>
  <system-out/>
  <testcase classname="com.CA.qa.TestCases.APITesting" name="testResponsecode" time="0.033"/>
  <system-out/>
  <testcase classname="com.CA.qa.TestCases.APITesting" name="testResponsecode" time="0.033"/>
  <system-out/>
  <testcase classname="com.CA.qa.TestCases.APITesting" name="testResponsecode" time="0.036"/>
  <system-out/>
  <testcase classname="com.CA.qa.TestCases.APITesting" name="testResponsecode" time="0.039"/>
  <system-out/>
  <testcase classname="com.CA.qa.TestCases.APITesting" name="testResponsecode" time="0.036"/>
  <system-out/>
  <testcase classname="com.CA.qa.TestCases.APITesting" name="testResponsecode" time="0.033"/>
  <system-out/>
  <testcase classname="com.CA.qa.TestCases.APITesting" name="testResponsecode" time="0.033"/>
  <system-out/>
  <testcase classname="com.CA.qa.TestCases.APITesting" name="testResponsecode" time="0.033"/>
  <system-out/>
  <testcase classname="com.CA.qa.TestCases.APITesting" name="testResponsecode" time="0.043"/>
  <system-out/>
  <testcase classname="com.CA.qa.TestCases.APITesting" name="testResponsecode" time="0.034"/>
  <system-out/>
  <testcase classname="com.CA.qa.TestCases.APITesting" name="testResponsecode" time="0.033"/>
  <system-out/>
  <testcase classname="com.CA.qa.TestCases.APITesting" name="testResponsecode" time="0.036"/>
  <system-out/>
  <testcase classname="com.CA.qa.TestCases.APITesting" name="testResponsecode" time="0.041"/>
  <system-out/>
  <testcase classname="com.CA.qa.TestCases.APITesting" name="testResponsecode" time="0.035"/>
  <system-out/>
  <testcase classname="com.CA.qa.TestCases.APITesting" name="testResponsecode" time="0.033"/>
  <system-out/>
  <testcase classname="com.CA.qa.TestCases.APITesting" name="testResponsecode" time="0.036"/>
  <system-out/>
  <testcase classname="com.CA.qa.TestCases.APITesting" name="testResponsecode" time="0.052"/>
  <system-out/>
  <testcase classname="com.CA.qa.TestCases.APITesting" name="testResponsecode" time="0.033"/>
  <system-out/>
  <testcase classname="com.CA.qa.TestCases.APITesting" name="testResponsecode" time="0.034"/>
  <system-out/>
  <testcase classname="com.CA.qa.TestCases.APITesting" name="testResponsecode" time="0.035"/>
  <system-out/>
  <testcase classname="com.CA.qa.TestCases.APITesting" name="testResponsecode" time="0.038"/>
  <system-out/>
  <testcase classname="com.CA.qa.TestCases.APITesting" name="testResponsecode" time="0.072"/>
  <system-out/>
  <testcase classname="com.CA.qa.TestCases.APITesting" name="testResponsecode" time="0.039"/>
  <system-out/>
  <testcase classname="com.CA.qa.TestCases.APITesting" name="testResponsecode" time="0.039"/>
  <system-out/>
  <testcase classname="com.CA.qa.TestCases.APITesting" name="testResponsecode" time="0.033"/>
  <system-out/>
  <testcase classname="com.CA.qa.TestCases.APITesting" name="testResponsecode" time="0.079"/>
  <system-out/>
  <testcase classname="com.CA.qa.TestCases.APITesting" name="testResponsecode" time="0.035"/>
  <system-out/>
  <testcase classname="com.CA.qa.TestCases.APITesting" name="testResponsecode" time="0.035"/>
  <system-out/>
  <testcase classname="com.CA.qa.TestCases.APITesting" name="testResponsecode" time="0.039"/>
  <system-out/>
  <testcase classname="com.CA.qa.TestCases.APITesting" name="testResponsecode" time="0.034"/>
  <system-out/>
  <testcase classname="com.CA.qa.TestCases.APITesting" name="testResponsecode" time="0.053"/>
  <system-out/>
  <testcase classname="com.CA.qa.TestCases.APITesting" name="testResponsecode" time="0.035"/>
  <system-out/>
  <testcase classname="com.CA.qa.TestCases.APITesting" name="testResponsecode" time="0.038"/>
  <system-out/>
  <testcase classname="com.CA.qa.TestCases.APITesting" name="testResponsecode" time="0.035"/>
  <system-out/>
  <testcase classname="com.CA.qa.TestCases.APITesting" name="testResponsecode" time="0.485"/>
  <system-out/>
  <testcase classname="com.CA.qa.TestCases.APITesting" name="testResponsecode" time="0.038"/>
  <system-out/>
  <testcase classname="com.CA.qa.TestCases.APITesting" name="testResponsecode" time="0.055"/>
  <system-out/>
  <testcase classname="com.CA.qa.TestCases.APITesting" name="testResponsecode" time="0.145"/>
  <system-out/>
  <testcase classname="com.CA.qa.TestCases.APITesting" name="testResponsecode" time="0.034"/>
  <system-out/>
  <testcase classname="com.CA.qa.TestCases.APITesting" name="testResponsecode" time="0.032"/>
  <system-out/>
  <testcase classname="com.CA.qa.TestCases.APITesting" name="testResponsecode" time="0.036"/>
  <system-out/>
  <testcase classname="com.CA.qa.TestCases.APITesting" name="testResponsecode" time="0.039"/>
  <system-out/>
  <testcase classname="com.CA.qa.TestCases.APITesting" name="testResponsecode" time="0.033"/>
  <system-out/>
  <testcase classname="com.CA.qa.TestCases.APITesting" name="testResponsecode" time="0.034"/>
  <system-out/>
  <testcase classname="com.CA.qa.TestCases.APITesting" name="testResponsecode" time="0.034"/>
  <system-out/>
  <testcase classname="com.CA.qa.TestCases.APITesting" name="testResponsecode" time="0.032"/>
  <system-out/>
  <testcase classname="com.CA.qa.TestCases.APITesting" name="testResponsecode" time="0.032"/>
  <system-out/>
  <testcase classname="com.CA.qa.TestCases.APITesting" name="testResponsecode" time="0.033"/>
  <system-out/>
  <testcase classname="com.CA.qa.TestCases.APITesting" name="testResponsecode" time="0.035"/>
  <system-out/>
  <testcase classname="com.CA.qa.TestCases.APITesting" name="testResponsecode" time="0.039"/>
  <system-out/>
  <testcase classname="com.CA.qa.TestCases.APITesting" name="testResponsecode" time="0.041"/>
  <system-out/>
  <testcase classname="com.CA.qa.TestCases.APITesting" name="testResponsecode" time="0.053"/>
  <system-out/>
  <testcase classname="com.CA.qa.TestCases.APITesting" name="testResponsecode" time="0.032"/>
  <system-out/>
  <testcase classname="com.CA.qa.TestCases.APITesting" name="testResponsecode" time="0.034"/>
  <system-out/>
  <testcase classname="com.CA.qa.TestCases.APITesting" name="testResponsecode" time="0.039"/>
  <system-out/>
  <testcase classname="com.CA.qa.TestCases.APITesting" name="testResponsecode" time="0.034"/>
  <system-out/>
  <testcase classname="com.CA.qa.TestCases.APITesting" name="testResponsecode" time="0.039"/>
  <system-out/>
  <testcase classname="com.CA.qa.TestCases.APITesting" name="testResponsecode" time="0.047"/>
  <system-out/>
  <testcase classname="com.CA.qa.TestCases.APITesting" name="testResponsecode" time="0.034"/>
  <system-out/>
  <testcase classname="com.CA.qa.TestCases.APITesting" name="testResponsecode" time="0.041"/>
  <system-out/>
  <testcase classname="com.CA.qa.TestCases.APITesting" name="testResponsecode" time="0.035"/>
  <system-out/>
  <testcase classname="com.CA.qa.TestCases.APITesting" name="testResponsecode" time="0.035"/>
  <system-out/>
  <testcase classname="com.CA.qa.TestCases.APITesting" name="testResponsecode" time="0.036"/>
  <system-out/>
  <testcase classname="com.CA.qa.TestCases.APITesting" name="testResponsecode" time="0.042"/>
  <system-out/>
  <testcase classname="com.CA.qa.TestCases.APITesting" name="testResponsecode" time="0.034"/>
  <system-out/>
  <testcase classname="com.CA.qa.TestCases.APITesting" name="testResponsecode" time="0.043"/>
  <system-out/>
  <testcase classname="com.CA.qa.TestCases.APITesting" name="testResponsecode" time="0.035"/>
  <system-out/>
  <testcase classname="com.CA.qa.TestCases.APITesting" name="testResponsecode" time="0.042"/>
  <system-out/>
  <testcase classname="com.CA.qa.TestCases.APITesting" name="testResponsecode" time="0.066"/>
  <system-out/>
  <testcase classname="com.CA.qa.TestCases.APITesting" name="testResponsecode" time="0.033"/>
  <system-out/>
  <testcase classname="com.CA.qa.TestCases.APITesting" name="testResponsecode" time="0.033"/>
  <system-out/>
  <testcase classname="com.CA.qa.TestCases.APITesting" name="testResponsecode" time="0.034"/>
  <system-out/>
  <testcase classname="com.CA.qa.TestCases.APITesting" name="testResponsecode" time="0.033"/>
  <system-out/>
  <testcase classname="com.CA.qa.TestCases.APITesting" name="testResponsecode" time="0.034"/>
  <system-out/>
  <testcase classname="com.CA.qa.TestCases.APITesting" name="testResponsecode" time="0.051"/>
  <system-out/>
  <testcase classname="com.CA.qa.TestCases.APITesting" name="testResponsecode" time="0.034"/>
  <system-out/>
  <testcase classname="com.CA.qa.TestCases.APITesting" name="testResponsecode" time="0.033"/>
  <system-out/>
  <testcase classname="com.CA.qa.TestCases.APITesting" name="testResponsecode" time="0.035"/>
  <system-out/>
  <testcase classname="com.CA.qa.TestCases.APITesting" name="testResponsecode" time="0.038"/>
  <system-out/>
  <testcase classname="com.CA.qa.TestCases.APITesting" name="testResponsecode" time="0.038"/>
  <system-out/>
  <testcase classname="com.CA.qa.TestCases.APITesting" name="testResponsecode" time="0.033"/>
  <system-out/>
  <testcase classname="com.CA.qa.TestCases.APITesting" name="testResponsecode" time="0.034"/>
  <system-out/>
  <testcase classname="com.CA.qa.TestCases.APITesting" name="testResponsecode" time="0.034"/>
  <system-out/>
  <testcase classname="com.CA.qa.TestCases.APITesting" name="testResponsecode" time="0.037"/>
  <system-out/>
  <testcase classname="com.CA.qa.TestCases.APITesting" name="testResponsecode" time="0.034"/>
  <system-out/>
  <testcase classname="com.CA.qa.TestCases.APITesting" name="testResponsecode" time="0.045"/>
  <system-out/>
  <testcase classname="com.CA.qa.TestCases.APITesting" name="testResponsecode" time="0.034"/>
  <system-out/>
  <testcase classname="com.CA.qa.TestCases.APITesting" name="testResponsecode" time="0.033"/>
  <system-out/>
  <testcase classname="com.CA.qa.TestCases.APITesting" name="testResponsecode" time="0.061"/>
  <system-out/>
  <testcase classname="com.CA.qa.TestCases.APITesting" name="testResponsecode" time="0.033"/>
  <system-out/>
  <testcase classname="com.CA.qa.TestCases.APITesting" name="testResponsecode" time="0.033"/>
  <system-out/>
  <testcase classname="com.CA.qa.TestCases.APITesting" name="testResponsecode" time="0.040"/>
  <system-out/>
  <testcase classname="com.CA.qa.TestCases.APITesting" name="testResponsecode" time="0.037"/>
  <system-out/>
  <testcase classname="com.CA.qa.TestCases.APITesting" name="testResponsecode" time="0.038"/>
  <system-out/>
  <testcase classname="com.CA.qa.TestCases.APITesting" name="testResponsecode" time="0.036"/>
  <system-out/>
  <testcase classname="com.CA.qa.TestCases.APITesting" name="testResponsecode" time="0.036"/>
  <system-out/>
  <testcase classname="com.CA.qa.TestCases.APITesting" name="testResponsecode" time="0.041"/>
  <system-out/>
  <testcase classname="com.CA.qa.TestCases.APITesting" name="testResponsecode" time="0.037"/>
  <system-out/>
  <testcase classname="com.CA.qa.TestCases.APITesting" name="testResponsecode" time="0.038"/>
  <system-out/>
  <testcase classname="com.CA.qa.TestCases.APITesting" name="testResponsecode" time="0.032"/>
  <system-out/>
  <testcase classname="com.CA.qa.TestCases.APITesting" name="testResponsecode" time="0.032"/>
  <system-out/>
  <testcase classname="com.CA.qa.TestCases.APITesting" name="testResponsecode" time="0.033"/>
  <system-out/>
  <testcase classname="com.CA.qa.TestCases.APITesting" name="testResponsecode" time="0.059"/>
  <system-out/>
  <testcase classname="com.CA.qa.TestCases.APITesting" name="testResponsecode" time="0.035"/>
  <system-out/>
  <testcase classname="com.CA.qa.TestCases.APITesting" name="testResponsecode" time="0.033"/>
  <system-out/>
  <testcase classname="com.CA.qa.TestCases.APITesting" name="testResponsecode" time="0.036"/>
  <system-out/>
  <testcase classname="com.CA.qa.TestCases.APITesting" name="testResponsecode" time="0.033"/>
  <system-out/>
  <testcase classname="com.CA.qa.TestCases.APITesting" name="testResponsecode" time="0.049"/>
  <system-out/>
  <testcase classname="com.CA.qa.TestCases.APITesting" name="testResponsecode" time="0.039"/>
  <system-out/>
  <testcase classname="com.CA.qa.TestCases.APITesting" name="testResponsecode" time="0.037"/>
  <system-out/>
  <testcase classname="com.CA.qa.TestCases.APITesting" name="testResponsecode" time="0.036"/>
  <system-out/>
  <testcase classname="com.CA.qa.TestCases.APITesting" name="testResponsecode" time="0.045"/>
  <system-out/>
  <testcase classname="com.CA.qa.TestCases.APITesting" name="testResponsecode" time="0.033"/>
  <system-out/>
  <testcase classname="com.CA.qa.TestCases.APITesting" name="testResponsecode" time="0.052"/>
  <system-out/>
  <testcase classname="com.CA.qa.TestCases.APITesting" name="testResponsecode" time="0.033"/>
  <system-out/>
  <testcase classname="com.CA.qa.TestCases.APITesting" name="testResponsecode" time="0.034"/>
  <system-out/>
  <testcase classname="com.CA.qa.TestCases.APITesting" name="testResponsecode" time="0.034"/>
  <system-out/>
  <testcase classname="com.CA.qa.TestCases.APITesting" name="testResponsecode" time="0.045"/>
  <system-out/>
  <testcase classname="com.CA.qa.TestCases.APITesting" name="testResponsecode" time="0.032"/>
  <system-out/>
  <testcase classname="com.CA.qa.TestCases.APITesting" name="testResponsecode" time="0.057"/>
  <system-out/>
  <testcase classname="com.CA.qa.TestCases.APITesting" name="testResponsecode" time="0.034"/>
  <system-out/>
  <testcase classname="com.CA.qa.TestCases.APITesting" name="testResponsecode" time="0.036"/>
  <system-out/>
  <testcase classname="com.CA.qa.TestCases.APITesting" name="testResponsecode" time="0.033"/>
  <system-out/>
  <testcase classname="com.CA.qa.TestCases.APITesting" name="testResponsecode" time="0.038"/>
  <system-out/>
  <testcase classname="com.CA.qa.TestCases.APITesting" name="testResponsecode" time="0.033"/>
  <system-out/>
  <testcase classname="com.CA.qa.TestCases.APITesting" name="testResponsecode" time="0.038"/>
  <system-out/>
  <testcase classname="com.CA.qa.TestCases.APITesting" name="testResponsecode" time="0.037"/>
  <system-out/>
  <testcase classname="com.CA.qa.TestCases.APITesting" name="testResponsecode" time="0.044"/>
  <system-out/>
  <testcase classname="com.CA.qa.TestCases.APITesting" name="testResponsecode" time="0.038"/>
  <system-out/>
  <testcase classname="com.CA.qa.TestCases.APITesting" name="testResponsecode" time="0.034"/>
  <system-out/>
  <testcase classname="com.CA.qa.TestCases.APITesting" name="testResponsecode" time="0.035"/>
  <system-out/>
  <testcase classname="com.CA.qa.TestCases.APITesting" name="testResponsecode" time="0.033"/>
  <system-out/>
  <testcase classname="com.CA.qa.TestCases.APITesting" name="testResponsecode" time="0.036"/>
  <system-out/>
  <testcase classname="com.CA.qa.TestCases.APITesting" name="testResponsecode" time="0.035"/>
  <system-out/>
  <testcase classname="com.CA.qa.TestCases.APITesting" name="testResponsecode" time="0.040"/>
  <system-out/>
  <testcase classname="com.CA.qa.TestCases.APITesting" name="testResponsecode" time="0.035"/>
  <system-out/>
  <testcase classname="com.CA.qa.TestCases.APITesting" name="testResponsecode" time="0.037"/>
  <system-out/>
  <testcase classname="com.CA.qa.TestCases.APITesting" name="testResponsecode" time="0.037"/>
  <system-out/>
  <testcase classname="com.CA.qa.TestCases.APITesting" name="testResponsecode" time="0.036"/>
  <system-out/>
  <testcase classname="com.CA.qa.TestCases.APITesting" name="testResponsecode" time="0.034"/>
  <system-out/>
  <testcase classname="com.CA.qa.TestCases.APITesting" name="testResponsecode" time="0.038"/>
  <system-out/>
  <testcase classname="com.CA.qa.TestCases.APITesting" name="testResponsecode" time="0.039"/>
  <system-out/>
  <testcase classname="com.CA.qa.TestCases.APITesting" name="testResponsecode" time="0.033"/>
  <system-out/>
  <testcase classname="com.CA.qa.TestCases.APITesting" name="testResponsecode" time="0.035"/>
  <system-out/>
  <testcase classname="com.CA.qa.TestCases.APITesting" name="testResponsecode" time="0.041"/>
  <system-out/>
  <testcase classname="com.CA.qa.TestCases.APITesting" name="testResponsecode" time="0.057"/>
  <system-out/>
  <testcase classname="com.CA.qa.TestCases.APITesting" name="testResponsecode" time="0.036"/>
  <system-out/>
  <testcase classname="com.CA.qa.TestCases.APITesting" name="testResponsecode" time="0.031"/>
  <system-out/>
  <testcase classname="com.CA.qa.TestCases.APITesting" name="testResponsecode" time="0.063"/>
  <system-out/>
  <testcase classname="com.CA.qa.TestCases.APITesting" name="testResponsecode" time="0.033"/>
  <system-out/>
  <testcase classname="com.CA.qa.TestCases.APITesting" name="testResponsecode" time="0.033"/>
  <system-out/>
  <testcase classname="com.CA.qa.TestCases.APITesting" name="testResponsecode" time="0.035"/>
  <system-out/>
  <testcase classname="com.CA.qa.TestCases.APITesting" name="testResponsecode" time="0.060"/>
  <system-out/>
  <testcase classname="com.CA.qa.TestCases.APITesting" name="testResponsecode" time="0.032"/>
  <system-out/>
  <testcase classname="com.CA.qa.TestCases.APITesting" name="testResponsecode" time="0.033"/>
  <system-out/>
  <testcase classname="com.CA.qa.TestCases.APITesting" name="testResponsecode" time="0.040"/>
  <system-out/>
  <testcase classname="com.CA.qa.TestCases.APITesting" name="testResponsecode" time="1.003"/>
  <system-out/>
  <testcase classname="com.CA.qa.TestCases.APITesting" name="testResponsecode" time="0.036"/>
  <system-out/>
  <testcase classname="com.CA.qa.TestCases.APITesting" name="testResponsecode" time="0.047"/>
  <system-out/>
  <testcase classname="com.CA.qa.TestCases.APITesting" name="testResponsecode" time="0.032"/>
  <system-out/>
  <testcase classname="com.CA.qa.TestCases.APITesting" name="testResponsecode" time="0.820"/>
  <system-out/>
  <testcase classname="com.CA.qa.TestCases.APITesting" name="testResponsecode" time="0.034"/>
  <system-out/>
  <testcase classname="com.CA.qa.TestCases.APITesting" name="testResponsecode" time="0.034"/>
  <system-out/>
  <testcase classname="com.CA.qa.TestCases.APITesting" name="testResponsecode" time="0.034"/>
  <system-out/>
  <testcase classname="com.CA.qa.TestCases.APITesting" name="testResponsecode" time="0.034"/>
  <system-out/>
  <testcase classname="com.CA.qa.TestCases.APITesting" name="testResponsecode" time="0.039"/>
  <system-out/>
  <testcase classname="com.CA.qa.TestCases.APITesting" name="testResponsecode" time="0.033"/>
  <system-out/>
  <testcase classname="com.CA.qa.TestCases.APITesting" name="testResponsecode" time="0.033"/>
  <system-out/>
  <testcase classname="com.CA.qa.TestCases.APITesting" name="testResponsecode" time="0.052"/>
  <system-out/>
  <testcase classname="com.CA.qa.TestCases.APITesting" name="testResponsecode" time="0.035"/>
  <system-out/>
  <testcase classname="com.CA.qa.TestCases.APITesting" name="testResponsecode" time="0.035"/>
  <system-out/>
  <testcase classname="com.CA.qa.TestCases.APITesting" name="testResponsecode" time="0.040"/>
  <system-out/>
  <testcase classname="com.CA.qa.TestCases.APITesting" name="testResponsecode" time="0.038"/>
  <system-out/>
  <testcase classname="com.CA.qa.TestCases.APITesting" name="testResponsecode" time="0.035"/>
  <system-out/>
  <testcase classname="com.CA.qa.TestCases.APITesting" name="testResponsecode" time="0.040"/>
  <system-out/>
  <testcase classname="com.CA.qa.TestCases.APITesting" name="testResponsecode" time="0.038"/>
  <system-out/>
  <testcase classname="com.CA.qa.TestCases.APITesting" name="testResponsecode" time="0.034"/>
  <system-out/>
  <testcase classname="com.CA.qa.TestCases.APITesting" name="testResponsecode" time="0.046"/>
  <system-out/>
  <testcase classname="com.CA.qa.TestCases.APITesting" name="testResponsecode" time="0.033"/>
  <system-out/>
  <testcase classname="com.CA.qa.TestCases.APITesting" name="testResponsecode" time="0.037"/>
  <system-out/>
  <testcase classname="com.CA.qa.TestCases.APITesting" name="testResponsecode" time="0.040"/>
  <system-out/>
  <testcase classname="com.CA.qa.TestCases.APITesting" name="testResponsecode" time="0.057"/>
  <system-out/>
  <testcase classname="com.CA.qa.TestCases.APITesting" name="testResponsecode" time="0.037"/>
  <system-out/>
  <testcase classname="com.CA.qa.TestCases.APITesting" name="testResponsecode" time="0.034"/>
  <system-out/>
  <testcase classname="com.CA.qa.TestCases.APITesting" name="testResponsecode" time="0.032"/>
  <system-out/>
  <testcase classname="com.CA.qa.TestCases.APITesting" name="testResponsecode" time="0.146"/>
  <system-out/>
  <testcase classname="com.CA.qa.TestCases.APITesting" name="testResponsecode" time="0.038"/>
  <system-out/>
  <testcase classname="com.CA.qa.TestCases.APITesting" name="testResponsecode" time="0.033"/>
  <system-out/>
  <testcase classname="com.CA.qa.TestCases.APITesting" name="testResponsecode" time="0.411"/>
  <system-out/>
  <testcase classname="com.CA.qa.TestCases.APITesting" name="testResponsecode" time="0.035"/>
  <system-out/>
  <testcase classname="com.CA.qa.TestCases.APITesting" name="testResponsecode" time="0.035"/>
  <system-out/>
  <testcase classname="com.CA.qa.TestCases.APITesting" name="testResponsecode" time="0.035"/>
  <system-out/>
  <testcase classname="com.CA.qa.TestCases.APITesting" name="testResponsecode" time="0.030"/>
  <system-out/>
  <testcase classname="com.CA.qa.TestCases.APITesting" name="testResponsecode" time="0.047"/>
  <system-out/>
  <testcase classname="com.CA.qa.TestCases.APITesting" name="testResponsecode" time="0.037"/>
  <system-out/>
  <testcase classname="com.CA.qa.TestCases.APITesting" name="testResponsecode" time="0.052"/>
  <system-out/>
  <testcase classname="com.CA.qa.TestCases.APITesting" name="testResponsecode" time="0.185"/>
  <system-out/>
  <testcase classname="com.CA.qa.TestCases.APITesting" name="testResponsecode" time="0.044"/>
  <system-out/>
  <testcase classname="com.CA.qa.TestCases.APITesting" name="testResponsecode" time="0.041"/>
  <system-out/>
  <testcase classname="com.CA.qa.TestCases.APITesting" name="testResponsecode" time="0.033"/>
  <system-out/>
  <testcase classname="com.CA.qa.TestCases.APITesting" name="testResponsecode" time="0.068"/>
  <system-out/>
  <testcase classname="com.CA.qa.TestCases.APITesting" name="testResponsecode" time="0.034"/>
  <system-out/>
  <testcase classname="com.CA.qa.TestCases.APITesting" name="testResponsecode" time="0.172"/>
  <system-out/>
  <testcase classname="com.CA.qa.TestCases.APITesting" name="testResponsecode" time="0.047"/>
  <system-out/>
  <testcase classname="com.CA.qa.TestCases.APITesting" name="testResponsecode" time="0.033"/>
  <system-out/>
  <testcase classname="com.CA.qa.TestCases.APITesting" name="testResponsecode" time="0.039"/>
  <system-out/>
  <testcase classname="com.CA.qa.TestCases.APITesting" name="testResponsecode" time="0.044"/>
  <system-out/>
  <testcase classname="com.CA.qa.TestCases.APITesting" name="testResponsecode" time="0.032"/>
  <system-out/>
  <testcase classname="com.CA.qa.TestCases.APITesting" name="testResponsecode" time="0.034"/>
  <system-out/>
  <testcase classname="com.CA.qa.TestCases.APITesting" name="testResponsecode" time="0.040"/>
  <system-out/>
  <testcase classname="com.CA.qa.TestCases.APITesting" name="testResponsecode" time="0.034"/>
  <system-out/>
  <testcase classname="com.CA.qa.TestCases.APITesting" name="testResponsecode" time="0.035"/>
  <system-out/>
  <testcase classname="com.CA.qa.TestCases.APITesting" name="testResponsecode" time="0.034"/>
  <system-out/>
  <testcase classname="com.CA.qa.TestCases.APITesting" name="testResponsecode" time="0.034"/>
  <system-out/>
  <testcase classname="com.CA.qa.TestCases.APITesting" name="testResponsecode" time="0.112"/>
  <system-out/>
  <testcase classname="com.CA.qa.TestCases.APITesting" name="testResponsecode" time="0.034"/>
  <system-out/>
  <testcase classname="com.CA.qa.TestCases.APITesting" name="testResponsecode" time="0.033"/>
  <system-out/>
  <testcase classname="com.CA.qa.TestCases.APITesting" name="testResponsecode" time="0.036"/>
  <system-out/>
  <testcase classname="com.CA.qa.TestCases.APITesting" name="testResponsecode" time="0.037"/>
  <system-out/>
  <testcase classname="com.CA.qa.TestCases.APITesting" name="testResponsecode" time="0.036"/>
  <system-out/>
  <testcase classname="com.CA.qa.TestCases.APITesting" name="testResponsecode" time="0.038"/>
  <system-out/>
  <testcase classname="com.CA.qa.TestCases.APITesting" name="testResponsecode" time="0.055"/>
  <system-out/>
  <testcase classname="com.CA.qa.TestCases.APITesting" name="testResponsecode" time="0.033"/>
  <system-out/>
  <testcase classname="com.CA.qa.TestCases.APITesting" name="testResponsecode" time="0.039"/>
  <system-out/>
  <testcase classname="com.CA.qa.TestCases.APITesting" name="testResponsecode" time="0.035"/>
  <system-out/>
  <testcase classname="com.CA.qa.TestCases.APITesting" name="testResponsecode" time="0.037"/>
  <system-out/>
  <testcase classname="com.CA.qa.TestCases.APITesting" name="testResponsecode" time="0.155"/>
  <system-out/>
  <testcase classname="com.CA.qa.TestCases.APITesting" name="testResponsecode" time="0.176"/>
  <system-out/>
  <testcase classname="com.CA.qa.TestCases.APITesting" name="testResponsecode" time="0.256"/>
  <system-out/>
  <testcase classname="com.CA.qa.TestCases.APITesting" name="testResponsecode" time="0.034"/>
  <system-out/>
  <testcase classname="com.CA.qa.TestCases.APITesting" name="testResponsecode" time="0.046"/>
  <system-out/>
  <testcase classname="com.CA.qa.TestCases.APITesting" name="testResponsecode" time="0.070"/>
  <system-out/>
  <testcase classname="com.CA.qa.TestCases.APITesting" name="testResponsecode" time="0.035"/>
  <system-out/>
  <testcase classname="com.CA.qa.TestCases.APITesting" name="testResponsecode" time="0.050"/>
  <system-out/>
  <testcase classname="com.CA.qa.TestCases.APITesting" name="testResponsecode" time="0.034"/>
  <system-out/>
  <testcase classname="com.CA.qa.TestCases.APITesting" name="testResponsecode" time="0.037"/>
  <system-out/>
  <testcase classname="com.CA.qa.TestCases.APITesting" name="testResponsecode" time="0.158"/>
  <system-out/>
  <testcase classname="com.CA.qa.TestCases.APITesting" name="testResponsecode" time="0.160"/>
  <system-out/>
  <testcase classname="com.CA.qa.TestCases.APITesting" name="testResponsecode" time="0.035"/>
  <system-out/>
  <testcase classname="com.CA.qa.TestCases.APITesting" name="testResponsecode" time="0.039"/>
  <system-out/>
  <testcase classname="com.CA.qa.TestCases.APITesting" name="testResponsecode" time="0.033"/>
  <system-out/>
  <testcase classname="com.CA.qa.TestCases.APITesting" name="testResponsecode" time="0.048"/>
  <system-out/>
  <testcase classname="com.CA.qa.TestCases.APITesting" name="testResponsecode" time="0.038"/>
  <system-out/>
  <testcase classname="com.CA.qa.TestCases.APITesting" name="testResponsecode" time="0.034"/>
  <system-out/>
  <testcase classname="com.CA.qa.TestCases.APITesting" name="testResponsecode" time="0.037"/>
  <system-out/>
  <testcase classname="com.CA.qa.TestCases.APITesting" name="testResponsecode" time="0.042"/>
  <system-out/>
  <testcase classname="com.CA.qa.TestCases.APITesting" name="testResponsecode" time="0.034"/>
  <system-out/>
  <testcase classname="com.CA.qa.TestCases.APITesting" name="testResponsecode" time="0.159"/>
  <system-out/>
  <testcase classname="com.CA.qa.TestCases.APITesting" name="testResponsecode" time="0.043"/>
  <system-out/>
  <testcase classname="com.CA.qa.TestCases.APITesting" name="testResponsecode" time="0.055"/>
  <system-out/>
  <testcase classname="com.CA.qa.TestCases.APITesting" name="testResponsecode" time="0.057"/>
  <system-out/>
  <testcase classname="com.CA.qa.TestCases.APITesting" name="testResponsecode" time="0.035"/>
  <system-out/>
  <testcase classname="com.CA.qa.TestCases.APITesting" name="testResponsecode" time="0.034"/>
  <system-out/>
  <testcase classname="com.CA.qa.TestCases.APITesting" name="testResponsecode" time="0.035"/>
  <system-out/>
  <testcase classname="com.CA.qa.TestCases.APITesting" name="testResponsecode" time="0.039"/>
  <system-out/>
  <testcase classname="com.CA.qa.TestCases.APITesting" name="testResponsecode" time="0.032"/>
  <system-out/>
  <testcase classname="com.CA.qa.TestCases.APITesting" name="testResponsecode" time="0.034"/>
  <system-out/>
  <testcase classname="com.CA.qa.TestCases.APITesting" name="testResponsecode" time="0.033"/>
  <system-out/>
  <testcase classname="com.CA.qa.TestCases.APITesting" name="testResponsecode" time="0.032"/>
  <system-out/>
  <testcase classname="com.CA.qa.TestCases.APITesting" name="testResponsecode" time="0.038"/>
  <system-out/>
  <testcase classname="com.CA.qa.TestCases.APITesting" name="testResponsecode" time="0.035"/>
  <system-out/>
  <testcase classname="com.CA.qa.TestCases.APITesting" name="testResponsecode" time="0.037"/>
  <system-out/>
  <testcase classname="com.CA.qa.TestCases.APITesting" name="testResponsecode" time="0.036"/>
  <system-out/>
  <testcase classname="com.CA.qa.TestCases.APITesting" name="testResponsecode" time="0.049"/>
  <system-out/>
  <testcase classname="com.CA.qa.TestCases.APITesting" name="testResponsecode" time="1.005"/>
  <system-out/>
  <testcase classname="com.CA.qa.TestCases.APITesting" name="testResponsecode" time="0.032"/>
  <system-out/>
  <testcase classname="com.CA.qa.TestCases.APITesting" name="testResponsecode" time="0.055"/>
  <system-out/>
  <testcase classname="com.CA.qa.TestCases.APITesting" name="testResponsecode" time="0.038"/>
  <system-out/>
  <testcase classname="com.CA.qa.TestCases.APITesting" name="testResponsecode" time="0.034"/>
  <system-out/>
  <testcase classname="com.CA.qa.TestCases.APITesting" name="testResponsecode" time="0.036"/>
  <system-out/>
  <testcase classname="com.CA.qa.TestCases.APITesting" name="testResponsecode" time="0.033"/>
  <system-out/>
  <testcase classname="com.CA.qa.TestCases.APITesting" name="testResponsecode" time="0.036"/>
  <system-out/>
  <testcase classname="com.CA.qa.TestCases.APITesting" name="testResponsecode" time="0.033"/>
  <system-out/>
  <testcase classname="com.CA.qa.TestCases.APITesting" name="testResponsecode" time="0.035"/>
  <system-out/>
  <testcase classname="com.CA.qa.TestCases.APITesting" name="testResponsecode" time="0.147"/>
  <system-out/>
  <testcase classname="com.CA.qa.TestCases.APITesting" name="testResponsecode" time="0.033"/>
  <system-out/>
  <testcase classname="com.CA.qa.TestCases.APITesting" name="testResponsecode" time="0.035"/>
  <system-out/>
  <testcase classname="com.CA.qa.TestCases.APITesting" name="testResponsecode" time="0.038"/>
  <system-out/>
  <testcase classname="com.CA.qa.TestCases.APITesting" name="testResponsecode" time="0.078"/>
  <system-out/>
  <testcase classname="com.CA.qa.TestCases.APITesting" name="testResponsecode" time="0.038"/>
  <system-out/>
  <testcase classname="com.CA.qa.TestCases.APITesting" name="testResponsecode" time="0.043"/>
  <system-out/>
  <testcase classname="com.CA.qa.TestCases.APITesting" name="testResponsecode" time="0.033"/>
  <system-out/>
  <testcase classname="com.CA.qa.TestCases.APITesting" name="testResponsecode" time="0.036"/>
  <system-out/>
  <testcase classname="com.CA.qa.TestCases.APITesting" name="testResponsecode" time="0.042"/>
  <system-out/>
  <testcase classname="com.CA.qa.TestCases.APITesting" name="testResponsecode" time="0.043"/>
  <system-out/>
  <testcase classname="com.CA.qa.TestCases.APITesting" name="testResponsecode" time="0.037"/>
  <system-out/>
  <testcase classname="com.CA.qa.TestCases.APITesting" name="testResponsecode" time="0.032"/>
  <system-out/>
  <testcase classname="com.CA.qa.TestCases.APITesting" name="testResponsecode" time="0.033"/>
  <system-out/>
  <testcase classname="com.CA.qa.TestCases.APITesting" name="testResponsecode" time="0.036"/>
  <system-out/>
  <testcase classname="com.CA.qa.TestCases.APITesting" name="testResponsecode" time="0.032"/>
  <system-out/>
  <testcase classname="com.CA.qa.TestCases.APITesting" name="testResponsecode" time="0.134"/>
  <system-out/>
  <testcase classname="com.CA.qa.TestCases.APITesting" name="testResponsecode" time="0.036"/>
  <system-out/>
  <testcase classname="com.CA.qa.TestCases.APITesting" name="testResponsecode" time="0.048"/>
  <system-out/>
  <testcase classname="com.CA.qa.TestCases.APITesting" name="testResponsecode" time="0.035"/>
  <system-out/>
  <testcase classname="com.CA.qa.TestCases.APITesting" name="testResponsecode" time="0.043"/>
  <system-out/>
  <testcase classname="com.CA.qa.TestCases.APITesting" name="testResponsecode" time="0.036"/>
  <system-out/>
  <testcase classname="com.CA.qa.TestCases.APITesting" name="testResponsecode" time="0.039"/>
  <system-out/>
  <testcase classname="com.CA.qa.TestCases.APITesting" name="testResponsecode" time="0.040"/>
  <system-out/>
  <testcase classname="com.CA.qa.TestCases.APITesting" name="testResponsecode" time="0.033"/>
  <system-out/>
  <testcase classname="com.CA.qa.TestCases.APITesting" name="testResponsecode" time="0.055"/>
  <system-out/>
  <testcase classname="com.CA.qa.TestCases.APITesting" name="testResponsecode" time="0.045"/>
  <system-out/>
  <testcase classname="com.CA.qa.TestCases.APITesting" name="testResponsecode" time="0.036"/>
  <system-out/>
  <testcase classname="com.CA.qa.TestCases.APITesting" name="testResponsecode" time="0.140"/>
  <system-out/>
  <testcase classname="com.CA.qa.TestCases.APITesting" name="testResponsecode" time="0.049"/>
  <system-out/>
  <testcase classname="com.CA.qa.TestCases.APITesting" name="testResponsecode" time="0.034"/>
  <system-out/>
  <testcase classname="com.CA.qa.TestCases.APITesting" name="testResponsecode" time="0.040"/>
  <system-out/>
  <testcase classname="com.CA.qa.TestCases.APITesting" name="testResponsecode" time="0.033"/>
  <system-out/>
  <testcase classname="com.CA.qa.TestCases.APITesting" name="testResponsecode" time="0.034"/>
  <system-out/>
  <testcase classname="com.CA.qa.TestCases.APITesting" name="testResponsecode" time="0.541"/>
  <system-out/>
  <testcase classname="com.CA.qa.TestCases.APITesting" name="testResponsecode" time="0.044"/>
  <system-out/>
  <testcase classname="com.CA.qa.TestCases.APITesting" name="testResponsecode" time="0.045"/>
  <system-out/>
  <testcase classname="com.CA.qa.TestCases.APITesting" name="testResponsecode" time="0.137"/>
  <system-out/>
  <testcase classname="com.CA.qa.TestCases.APITesting" name="testResponsecode" time="0.034"/>
  <system-out/>
  <testcase classname="com.CA.qa.TestCases.APITesting" name="testResponsecode" time="0.033"/>
  <system-out/>
  <testcase classname="com.CA.qa.TestCases.APITesting" name="testResponsecode" time="0.129"/>
  <system-out/>
  <testcase classname="com.CA.qa.TestCases.APITesting" name="testResponsecode" time="0.527"/>
  <system-out/>
  <testcase classname="com.CA.qa.TestCases.APITesting" name="testResponsecode" time="0.037"/>
  <system-out/>
  <testcase classname="com.CA.qa.TestCases.APITesting" name="testResponsecode" time="0.043"/>
  <system-out/>
  <testcase classname="com.CA.qa.TestCases.APITesting" name="testResponsecode" time="0.042"/>
  <system-out/>
  <testcase classname="com.CA.qa.TestCases.APITesting" name="testResponsecode" time="0.042"/>
  <system-out/>
  <testcase classname="com.CA.qa.TestCases.APITesting" name="testResponsecode" time="0.034"/>
  <system-out/>
  <testcase classname="com.CA.qa.TestCases.APITesting" name="testResponsecode" time="0.034"/>
  <system-out/>
  <testcase classname="com.CA.qa.TestCases.APITesting" name="testResponsecode" time="0.035"/>
  <system-out/>
  <testcase classname="com.CA.qa.TestCases.APITesting" name="testResponsecode" time="0.038"/>
  <system-out/>
  <testcase classname="com.CA.qa.TestCases.APITesting" name="testResponsecode" time="0.035"/>
  <system-out/>
  <testcase classname="com.CA.qa.TestCases.APITesting" name="testResponsecode" time="0.044"/>
  <system-out/>
  <testcase classname="com.CA.qa.TestCases.APITesting" name="testResponsecode" time="0.043"/>
  <system-out/>
  <testcase classname="com.CA.qa.TestCases.APITesting" name="testResponsecode" time="0.052"/>
  <system-out/>
  <testcase classname="com.CA.qa.TestCases.APITesting" name="testResponsecode" time="0.033"/>
  <system-out/>
  <testcase classname="com.CA.qa.TestCases.APITesting" name="testResponsecode" time="0.041"/>
  <system-out/>
  <testcase classname="com.CA.qa.TestCases.APITesting" name="testResponsecode" time="0.034"/>
  <system-out/>
  <testcase classname="com.CA.qa.TestCases.APITesting" name="testResponsecode" time="0.034"/>
  <system-out/>
  <testcase classname="com.CA.qa.TestCases.APITesting" name="testResponsecode" time="0.036"/>
  <system-out/>
  <testcase classname="com.CA.qa.TestCases.APITesting" name="testResponsecode" time="0.036"/>
  <system-out/>
  <testcase classname="com.CA.qa.TestCases.APITesting" name="testResponsecode" time="0.041"/>
  <system-out/>
  <testcase classname="com.CA.qa.TestCases.APITesting" name="testResponsecode" time="0.171"/>
  <system-out/>
  <testcase classname="com.CA.qa.TestCases.APITesting" name="testResponsecode" time="0.044"/>
  <system-out/>
  <testcase classname="com.CA.qa.TestCases.APITesting" name="testResponsecode" time="0.161"/>
  <system-out/>
  <testcase classname="com.CA.qa.TestCases.APITesting" name="testResponsecode" time="0.039"/>
  <system-out/>
  <testcase classname="com.CA.qa.TestCases.APITesting" name="testResponsecode" time="0.034"/>
  <system-out/>
  <testcase classname="com.CA.qa.TestCases.APITesting" name="testResponsecode" time="0.034"/>
  <system-out/>
  <testcase classname="com.CA.qa.TestCases.APITesting" name="testResponsecode" time="0.032"/>
  <system-out/>
  <testcase classname="com.CA.qa.TestCases.APITesting" name="testResponsecode" time="0.035"/>
  <system-out/>
  <testcase classname="com.CA.qa.TestCases.APITesting" name="testResponsecode" time="0.037"/>
  <system-out/>
  <testcase classname="com.CA.qa.TestCases.APITesting" name="testResponsecode" time="0.035"/>
  <system-out/>
  <testcase classname="com.CA.qa.TestCases.APITesting" name="testResponsecode" time="0.038"/>
  <system-out/>
  <testcase classname="com.CA.qa.TestCases.APITesting" name="testResponsecode" time="0.035"/>
  <system-out/>
  <testcase classname="com.CA.qa.TestCases.APITesting" name="testResponsecode" time="0.032"/>
  <system-out/>
  <testcase classname="com.CA.qa.TestCases.APITesting" name="testResponsecode" time="0.040"/>
  <system-out/>
  <testcase classname="com.CA.qa.TestCases.APITesting" name="testResponsecode" time="0.033"/>
  <system-out/>
  <testcase classname="com.CA.qa.TestCases.APITesting" name="testResponsecode" time="0.039"/>
  <system-out/>
  <testcase classname="com.CA.qa.TestCases.APITesting" name="testResponsecode" time="0.034"/>
  <system-out/>
  <testcase classname="com.CA.qa.TestCases.APITesting" name="testResponsecode" time="0.126"/>
  <system-out/>
  <testcase classname="com.CA.qa.TestCases.APITesting" name="testResponsecode" time="0.042"/>
  <system-out/>
  <testcase classname="com.CA.qa.TestCases.APITesting" name="testResponsecode" time="0.039"/>
  <system-out/>
  <testcase classname="com.CA.qa.TestCases.APITesting" name="testResponsecode" time="0.149"/>
  <system-out/>
  <testcase classname="com.CA.qa.TestCases.APITesting" name="testResponsecode" time="0.037"/>
  <system-out/>
  <testcase classname="com.CA.qa.TestCases.APITesting" name="testResponsecode" time="0.032"/>
  <system-out/>
  <testcase classname="com.CA.qa.TestCases.APITesting" name="testResponsecode" time="0.046"/>
  <system-out/>
  <testcase classname="com.CA.qa.TestCases.APITesting" name="testResponsecode" time="0.032"/>
  <system-out/>
  <testcase classname="com.CA.qa.TestCases.APITesting" name="testResponsecode" time="0.039"/>
  <system-out/>
  <testcase classname="com.CA.qa.TestCases.APITesting" name="testResponsecode" time="0.034"/>
  <system-out/>
  <testcase classname="com.CA.qa.TestCases.APITesting" name="testResponsecode" time="0.032"/>
  <system-out/>
  <testcase classname="com.CA.qa.TestCases.APITesting" name="testResponsecode" time="0.032"/>
  <system-out/>
  <testcase classname="com.CA.qa.TestCases.APITesting" name="testResponsecode" time="0.036"/>
  <system-out/>
  <testcase classname="com.CA.qa.TestCases.APITesting" name="testResponsecode" time="0.036"/>
  <system-out/>
  <testcase classname="com.CA.qa.TestCases.APITesting" name="testResponsecode" time="0.851"/>
  <system-out/>
  <testcase classname="com.CA.qa.TestCases.APITesting" name="testResponsecode" time="0.039"/>
  <system-out/>
  <testcase classname="com.CA.qa.TestCases.APITesting" name="testResponsecode" time="0.046"/>
  <system-out/>
  <testcase classname="com.CA.qa.TestCases.APITesting" name="testResponsecode" time="0.032"/>
  <system-out/>
  <testcase classname="com.CA.qa.TestCases.APITesting" name="testResponsecode" time="0.033"/>
  <system-out/>
  <testcase classname="com.CA.qa.TestCases.APITesting" name="testResponsecode" time="0.057"/>
  <system-out/>
  <testcase classname="com.CA.qa.TestCases.APITesting" name="testResponsecode" time="0.033"/>
  <system-out/>
  <testcase classname="com.CA.qa.TestCases.APITesting" name="testResponsecode" time="0.036"/>
  <system-out/>
  <testcase classname="com.CA.qa.TestCases.APITesting" name="testResponsecode" time="0.043"/>
  <system-out/>
  <testcase classname="com.CA.qa.TestCases.APITesting" name="testResponsecode" time="0.037"/>
  <system-out/>
  <testcase classname="com.CA.qa.TestCases.APITesting" name="testResponsecode" time="0.034"/>
  <system-out/>
  <testcase classname="com.CA.qa.TestCases.APITesting" name="testResponsecode" time="0.034"/>
  <system-out/>
  <testcase classname="com.CA.qa.TestCases.APITesting" name="testResponsecode" time="0.048"/>
  <system-out/>
  <testcase classname="com.CA.qa.TestCases.APITesting" name="testResponsecode" time="0.037"/>
  <system-out/>
  <testcase classname="com.CA.qa.TestCases.APITesting" name="testResponsecode" time="0.036"/>
  <system-out/>
  <testcase classname="com.CA.qa.TestCases.APITesting" name="testResponsecode" time="0.034"/>
  <system-out/>
  <testcase classname="com.CA.qa.TestCases.APITesting" name="testResponsecode" time="0.033"/>
  <system-out/>
  <testcase classname="com.CA.qa.TestCases.APITesting" name="testResponsecode" time="0.040"/>
  <system-out/>
  <testcase classname="com.CA.qa.TestCases.APITesting" name="testResponsecode" time="0.038"/>
  <system-out/>
  <testcase classname="com.CA.qa.TestCases.APITesting" name="testResponsecode" time="0.041"/>
  <system-out/>
  <testcase classname="com.CA.qa.TestCases.APITesting" name="testResponsecode" time="0.033"/>
  <system-out/>
  <testcase classname="com.CA.qa.TestCases.APITesting" name="testResponsecode" time="0.033"/>
  <system-out/>
  <testcase classname="com.CA.qa.TestCases.APITesting" name="testResponsecode" time="0.032"/>
  <system-out/>
  <testcase classname="com.CA.qa.TestCases.APITesting" name="testResponsecode" time="0.040"/>
  <system-out/>
  <testcase classname="com.CA.qa.TestCases.APITesting" name="testResponsecode" time="0.034"/>
  <system-out/>
  <testcase classname="com.CA.qa.TestCases.APITesting" name="testResponsecode" time="0.033"/>
  <system-out/>
  <testcase classname="com.CA.qa.TestCases.APITesting" name="testResponsecode" time="0.158"/>
  <system-out/>
  <testcase classname="com.CA.qa.TestCases.APITesting" name="testResponsecode" time="0.033"/>
  <system-out/>
  <testcase classname="com.CA.qa.TestCases.APITesting" name="testResponsecode" time="0.042"/>
  <system-out/>
  <testcase classname="com.CA.qa.TestCases.APITesting" name="testResponsecode" time="0.034"/>
  <system-out/>
  <testcase classname="com.CA.qa.TestCases.APITesting" name="testResponsecode" time="0.037"/>
  <system-out/>
  <testcase classname="com.CA.qa.TestCases.APITesting" name="testResponsecode" time="0.040"/>
  <system-out/>
  <testcase classname="com.CA.qa.TestCases.APITesting" name="testResponsecode" time="0.040"/>
  <system-out/>
  <testcase classname="com.CA.qa.TestCases.APITesting" name="testResponsecode" time="0.037"/>
  <system-out/>
  <testcase classname="com.CA.qa.TestCases.APITesting" name="testResponsecode" time="0.035"/>
  <system-out/>
  <testcase classname="com.CA.qa.TestCases.APITesting" name="testResponsecode" time="0.034"/>
  <system-out/>
  <testcase classname="com.CA.qa.TestCases.APITesting" name="testResponsecode" time="0.035"/>
  <system-out/>
  <testcase classname="com.CA.qa.TestCases.APITesting" name="testResponsecode" time="0.039"/>
  <system-out/>
  <testcase classname="com.CA.qa.TestCases.APITesting" name="testResponsecode" time="0.039"/>
  <system-out/>
  <testcase classname="com.CA.qa.TestCases.APITesting" name="testResponsecode" time="0.039"/>
  <system-out/>
  <testcase classname="com.CA.qa.TestCases.APITesting" name="testResponsecode" time="0.036"/>
  <system-out/>
  <testcase classname="com.CA.qa.TestCases.APITesting" name="testResponsecode" time="0.035"/>
  <system-out/>
  <testcase classname="com.CA.qa.TestCases.APITesting" name="testResponsecode" time="1.259"/>
  <system-out/>
  <testcase classname="com.CA.qa.TestCases.APITesting" name="testResponsecode" time="0.038"/>
  <system-out/>
  <testcase classname="com.CA.qa.TestCases.APITesting" name="testResponsecode" time="0.034"/>
  <system-out/>
  <testcase classname="com.CA.qa.TestCases.APITesting" name="testResponsecode" time="0.033"/>
  <system-out/>
  <testcase classname="com.CA.qa.TestCases.APITesting" name="testResponsecode" time="0.036"/>
  <system-out/>
  <testcase classname="com.CA.qa.TestCases.APITesting" name="testResponsecode" time="0.033"/>
  <system-out/>
  <testcase classname="com.CA.qa.TestCases.APITesting" name="testResponsecode" time="0.036"/>
  <system-out/>
  <testcase classname="com.CA.qa.TestCases.APITesting" name="testResponsecode" time="0.033"/>
  <system-out/>
  <testcase classname="com.CA.qa.TestCases.APITesting" name="testResponsecode" time="0.036"/>
  <system-out/>
  <testcase classname="com.CA.qa.TestCases.APITesting" name="testResponsecode" time="0.041"/>
  <system-out/>
  <testcase classname="com.CA.qa.TestCases.APITesting" name="testResponsecode" time="0.035"/>
  <system-out/>
  <testcase classname="com.CA.qa.TestCases.APITesting" name="testResponsecode" time="0.035"/>
  <system-out/>
  <testcase classname="com.CA.qa.TestCases.APITesting" name="testResponsecode" time="0.049"/>
  <system-out/>
  <testcase classname="com.CA.qa.TestCases.APITesting" name="testResponsecode" time="0.035"/>
  <system-out/>
  <testcase classname="com.CA.qa.TestCases.APITesting" name="testResponsecode" time="0.033"/>
  <system-out/>
  <testcase classname="com.CA.qa.TestCases.APITesting" name="testResponsecode" time="0.033"/>
  <system-out/>
  <testcase classname="com.CA.qa.TestCases.APITesting" name="testResponsecode" time="0.043"/>
  <system-out/>
  <testcase classname="com.CA.qa.TestCases.APITesting" name="testResponsecode" time="0.040"/>
  <system-out/>
  <testcase classname="com.CA.qa.TestCases.APITesting" name="testResponsecode" time="0.040"/>
  <system-out/>
  <testcase classname="com.CA.qa.TestCases.APITesting" name="testResponsecode" time="0.040"/>
  <system-out/>
  <testcase classname="com.CA.qa.TestCases.APITesting" name="testResponsecode" time="0.040"/>
  <system-out/>
  <testcase classname="com.CA.qa.TestCases.APITesting" name="testResponsecode" time="0.034"/>
  <system-out/>
  <testcase classname="com.CA.qa.TestCases.APITesting" name="testResponsecode" time="0.036"/>
  <system-out/>
  <testcase classname="com.CA.qa.TestCases.APITesting" name="testResponsecode" time="0.033"/>
  <system-out/>
  <testcase classname="com.CA.qa.TestCases.APITesting" name="testResponsecode" time="0.038"/>
  <system-out/>
  <testcase classname="com.CA.qa.TestCases.APITesting" name="testResponsecode" time="0.034"/>
  <system-out/>
  <testcase classname="com.CA.qa.TestCases.APITesting" name="testResponsecode" time="0.038"/>
  <system-out/>
  <testcase classname="com.CA.qa.TestCases.APITesting" name="testResponsecode" time="0.034"/>
  <system-out/>
  <testcase classname="com.CA.qa.TestCases.APITesting" name="testResponsecode" time="0.036"/>
  <system-out/>
  <testcase classname="com.CA.qa.TestCases.APITesting" name="testResponsecode" time="0.039"/>
  <system-out/>
  <testcase classname="com.CA.qa.TestCases.APITesting" name="testResponsecode" time="0.033"/>
  <system-out/>
  <testcase classname="com.CA.qa.TestCases.APITesting" name="testResponsecode" time="0.047"/>
  <system-out/>
  <testcase classname="com.CA.qa.TestCases.APITesting" name="testResponsecode" time="0.034"/>
  <system-out/>
  <testcase classname="com.CA.qa.TestCases.APITesting" name="testResponsecode" time="0.067"/>
  <system-out/>
  <testcase classname="com.CA.qa.TestCases.APITesting" name="testResponsecode" time="0.034"/>
  <system-out/>
  <testcase classname="com.CA.qa.TestCases.APITesting" name="testResponsecode" time="0.037"/>
  <system-out/>
  <testcase classname="com.CA.qa.TestCases.APITesting" name="testResponsecode" time="0.035"/>
  <system-out/>
  <testcase classname="com.CA.qa.TestCases.APITesting" name="testResponsecode" time="0.040"/>
  <system-out/>
  <testcase classname="com.CA.qa.TestCases.APITesting" name="testResponsecode" time="0.145"/>
  <system-out/>
  <testcase classname="com.CA.qa.TestCases.APITesting" name="testResponsecode" time="0.034"/>
  <system-out/>
  <testcase classname="com.CA.qa.TestCases.APITesting" name="testResponsecode" time="0.033"/>
  <system-out/>
  <testcase classname="com.CA.qa.TestCases.APITesting" name="testResponsecode" time="0.033"/>
  <system-out/>
  <testcase classname="com.CA.qa.TestCases.APITesting" name="testResponsecode" time="0.039"/>
  <system-out/>
  <testcase classname="com.CA.qa.TestCases.APITesting" name="testResponsecode" time="0.040"/>
  <system-out/>
  <testcase classname="com.CA.qa.TestCases.APITesting" name="testResponsecode" time="0.050"/>
  <system-out/>
  <testcase classname="com.CA.qa.TestCases.APITesting" name="testResponsecode" time="0.033"/>
  <system-out/>
  <testcase classname="com.CA.qa.TestCases.APITesting" name="testResponsecode" time="0.041"/>
  <system-out/>
  <testcase classname="com.CA.qa.TestCases.APITesting" name="testResponsecode" time="0.033"/>
  <system-out/>
  <testcase classname="com.CA.qa.TestCases.APITesting" name="testResponsecode" time="0.037"/>
  <system-out/>
  <testcase classname="com.CA.qa.TestCases.APITesting" name="testResponsecode" time="0.033"/>
  <system-out/>
  <testcase classname="com.CA.qa.TestCases.APITesting" name="testResponsecode" time="0.038"/>
  <system-out/>
  <testcase classname="com.CA.qa.TestCases.APITesting" name="testResponsecode" time="1.000"/>
  <system-out/>
  <testcase classname="com.CA.qa.TestCases.APITesting" name="testResponsecode" time="0.038"/>
  <system-out/>
  <testcase classname="com.CA.qa.TestCases.APITesting" name="testResponsecode" time="0.033"/>
  <system-out/>
  <testcase classname="com.CA.qa.TestCases.APITesting" name="testResponsecode" time="0.034"/>
  <system-out/>
  <testcase classname="com.CA.qa.TestCases.APITesting" name="testResponsecode" time="0.037"/>
  <system-out/>
  <testcase classname="com.CA.qa.TestCases.APITesting" name="testResponsecode" time="0.034"/>
  <system-out/>
  <testcase classname="com.CA.qa.TestCases.APITesting" name="testResponsecode" time="0.046"/>
  <system-out/>
  <testcase classname="com.CA.qa.TestCases.APITesting" name="testResponsecode" time="0.565"/>
  <system-out/>
  <testcase classname="com.CA.qa.TestCases.APITesting" name="testResponsecode" time="0.033"/>
  <system-out/>
  <testcase classname="com.CA.qa.TestCases.APITesting" name="testResponsecode" time="0.126"/>
  <system-out/>
  <testcase classname="com.CA.qa.TestCases.APITesting" name="testResponsecode" time="0.033"/>
  <system-out/>
  <testcase classname="com.CA.qa.TestCases.APITesting" name="testResponsecode" time="0.038"/>
  <system-out/>
  <testcase classname="com.CA.qa.TestCases.APITesting" name="testResponsecode" time="0.034"/>
  <system-out/>
  <testcase classname="com.CA.qa.TestCases.APITesting" name="testResponsecode" time="0.033"/>
  <system-out/>
  <testcase classname="com.CA.qa.TestCases.APITesting" name="testResponsecode" time="0.063"/>
  <system-out/>
  <testcase classname="com.CA.qa.TestCases.APITesting" name="testResponsecode" time="0.033"/>
  <system-out/>
  <testcase classname="com.CA.qa.TestCases.APITesting" name="testResponsecode" time="0.034"/>
  <system-out/>
  <testcase classname="com.CA.qa.TestCases.APITesting" name="testResponsecode" time="0.036"/>
  <system-out/>
  <testcase classname="com.CA.qa.TestCases.APITesting" name="testResponsecode" time="0.048"/>
  <system-out/>
  <testcase classname="com.CA.qa.TestCases.APITesting" name="testResponsecode" time="0.035"/>
  <system-out/>
  <testcase classname="com.CA.qa.TestCases.APITesting" name="testResponsecode" time="0.032"/>
  <system-out/>
  <testcase classname="com.CA.qa.TestCases.APITesting" name="testResponsecode" time="0.033"/>
  <system-out/>
  <testcase classname="com.CA.qa.TestCases.APITesting" name="testResponsecode" time="0.040"/>
  <system-out/>
  <testcase classname="com.CA.qa.TestCases.APITesting" name="testResponsecode" time="0.043"/>
  <system-out/>
  <testcase classname="com.CA.qa.TestCases.APITesting" name="testResponsecode" time="0.034"/>
  <system-out/>
  <testcase classname="com.CA.qa.TestCases.APITesting" name="testResponsecode" time="0.036"/>
  <system-out/>
  <testcase classname="com.CA.qa.TestCases.APITesting" name="testResponsecode" time="0.037"/>
  <system-out/>
  <testcase classname="com.CA.qa.TestCases.APITesting" name="testResponsecode" time="0.045"/>
  <system-out/>
  <testcase classname="com.CA.qa.TestCases.APITesting" name="testResponsecode" time="0.037"/>
  <system-out/>
  <testcase classname="com.CA.qa.TestCases.APITesting" name="testResponsecode" time="0.034"/>
  <system-out/>
  <testcase classname="com.CA.qa.TestCases.APITesting" name="testResponsecode" time="0.036"/>
  <system-out/>
  <testcase classname="com.CA.qa.TestCases.APITesting" name="testResponsecode" time="0.033"/>
  <system-out/>
  <testcase classname="com.CA.qa.TestCases.APITesting" name="testResponsecode" time="0.034"/>
  <system-out/>
  <testcase classname="com.CA.qa.TestCases.APITesting" name="testResponsecode" time="0.050"/>
  <system-out/>
  <testcase classname="com.CA.qa.TestCases.APITesting" name="testResponsecode" time="0.037"/>
  <system-out/>
  <testcase classname="com.CA.qa.TestCases.APITesting" name="testResponsecode" time="0.050"/>
  <system-out/>
  <testcase classname="com.CA.qa.TestCases.APITesting" name="testResponsecode" time="0.035"/>
  <system-out/>
  <testcase classname="com.CA.qa.TestCases.APITesting" name="testResponsecode" time="0.038"/>
  <system-out/>
  <testcase classname="com.CA.qa.TestCases.APITesting" name="testResponsecode" time="0.042"/>
  <system-out/>
  <testcase classname="com.CA.qa.TestCases.APITesting" name="testResponsecode" time="0.062"/>
  <system-out/>
  <testcase classname="com.CA.qa.TestCases.APITesting" name="testResponsecode" time="0.033"/>
  <system-out/>
  <testcase classname="com.CA.qa.TestCases.APITesting" name="testResponsecode" time="0.033"/>
  <system-out/>
  <testcase classname="com.CA.qa.TestCases.APITesting" name="testResponsecode" time="0.036"/>
  <system-out/>
  <testcase classname="com.CA.qa.TestCases.APITesting" name="testResponsecode" time="0.035"/>
  <system-out/>
  <testcase classname="com.CA.qa.TestCases.APITesting" name="testResponsecode" time="0.033"/>
  <system-out/>
  <testcase classname="com.CA.qa.TestCases.APITesting" name="testResponsecode" time="0.033"/>
  <system-out/>
  <testcase classname="com.CA.qa.TestCases.APITesting" name="testResponsecode" time="0.033"/>
  <system-out/>
  <testcase classname="com.CA.qa.TestCases.APITesting" name="testResponsecode" time="0.042"/>
  <system-out/>
  <testcase classname="com.CA.qa.TestCases.APITesting" name="testResponsecode" time="0.047"/>
  <system-out/>
  <testcase classname="com.CA.qa.TestCases.APITesting" name="testResponsecode" time="0.035"/>
  <system-out/>
  <testcase classname="com.CA.qa.TestCases.APITesting" name="testResponsecode" time="0.039"/>
  <system-out/>
  <testcase classname="com.CA.qa.TestCases.APITesting" name="testResponsecode" time="0.032"/>
  <system-out/>
  <testcase classname="com.CA.qa.TestCases.APITesting" name="testResponsecode" time="0.036"/>
  <system-out/>
  <testcase classname="com.CA.qa.TestCases.APITesting" name="testResponsecode" time="0.073"/>
  <system-out/>
  <testcase classname="com.CA.qa.TestCases.APITesting" name="testResponsecode" time="0.045"/>
  <system-out/>
  <testcase classname="com.CA.qa.TestCases.APITesting" name="testResponsecode" time="0.038"/>
  <system-out/>
  <testcase classname="com.CA.qa.TestCases.APITesting" name="testResponsecode" time="0.042"/>
  <system-out/>
  <testcase classname="com.CA.qa.TestCases.APITesting" name="testResponsecode" time="0.037"/>
  <system-out/>
  <testcase classname="com.CA.qa.TestCases.APITesting" name="testResponsecode" time="1.306"/>
  <system-out/>
  <testcase classname="com.CA.qa.TestCases.APITesting" name="testResponsecode" time="0.034"/>
  <system-out/>
  <testcase classname="com.CA.qa.TestCases.APITesting" name="testResponsecode" time="0.039"/>
  <system-out/>
  <testcase classname="com.CA.qa.TestCases.APITesting" name="testResponsecode" time="0.034"/>
  <system-out/>
  <testcase classname="com.CA.qa.TestCases.APITesting" name="testResponsecode" time="0.040"/>
  <system-out/>
  <testcase classname="com.CA.qa.TestCases.APITesting" name="testResponsecode" time="0.034"/>
  <system-out/>
  <testcase classname="com.CA.qa.TestCases.APITesting" name="testResponsecode" time="0.038"/>
  <system-out/>
  <testcase classname="com.CA.qa.TestCases.APITesting" name="testResponsecode" time="0.035"/>
  <system-out/>
  <testcase classname="com.CA.qa.TestCases.APITesting" name="testResponsecode" time="0.035"/>
  <system-out/>
  <testcase classname="com.CA.qa.TestCases.APITesting" name="testResponsecode" time="0.039"/>
  <system-out/>
  <testcase classname="com.CA.qa.TestCases.APITesting" name="testResponsecode" time="0.036"/>
  <system-out/>
  <testcase classname="com.CA.qa.TestCases.APITesting" name="testResponsecode" time="0.041"/>
  <system-out/>
  <testcase classname="com.CA.qa.TestCases.APITesting" name="testResponsecode" time="0.032"/>
  <system-out/>
  <testcase classname="com.CA.qa.TestCases.APITesting" name="testResponsecode" time="0.044"/>
  <system-out/>
  <testcase classname="com.CA.qa.TestCases.APITesting" name="testResponsecode" time="0.043"/>
  <system-out/>
  <testcase classname="com.CA.qa.TestCases.APITesting" name="testResponsecode" time="0.033"/>
  <system-out/>
  <testcase classname="com.CA.qa.TestCases.APITesting" name="testResponsecode" time="0.037"/>
  <system-out/>
  <testcase classname="com.CA.qa.TestCases.APITesting" name="testResponsecode" time="0.039"/>
  <system-out/>
  <testcase classname="com.CA.qa.TestCases.APITesting" name="testResponsecode" time="0.042"/>
  <system-out/>
  <testcase classname="com.CA.qa.TestCases.APITesting" name="testResponsecode" time="0.934"/>
  <system-out/>
  <testcase classname="com.CA.qa.TestCases.APITesting" name="testResponsecode" time="0.034"/>
  <system-out/>
  <testcase classname="com.CA.qa.TestCases.APITesting" name="testResponsecode" time="0.052"/>
  <system-out/>
  <testcase classname="com.CA.qa.TestCases.APITesting" name="testResponsecode" time="0.053"/>
  <system-out/>
  <testcase classname="com.CA.qa.TestCases.APITesting" name="testResponsecode" time="0.126"/>
  <system-out/>
  <testcase classname="com.CA.qa.TestCases.APITesting" name="testResponsecode" time="0.037"/>
  <system-out/>
  <testcase classname="com.CA.qa.TestCases.APITesting" name="testResponsecode" time="0.034"/>
  <system-out/>
  <testcase classname="com.CA.qa.TestCases.APITesting" name="testResponsecode" time="0.033"/>
  <system-out/>
  <testcase classname="com.CA.qa.TestCases.APITesting" name="testResponsecode" time="0.036"/>
  <system-out/>
  <testcase classname="com.CA.qa.TestCases.APITesting" name="testResponsecode" time="0.032"/>
  <system-out/>
  <testcase classname="com.CA.qa.TestCases.APITesting" name="testResponsecode" time="0.033"/>
  <system-out/>
  <testcase classname="com.CA.qa.TestCases.APITesting" name="testResponsecode" time="0.033"/>
  <system-out/>
  <testcase classname="com.CA.qa.TestCases.APITesting" name="testResponsecode" time="0.043"/>
  <system-out/>
  <testcase classname="com.CA.qa.TestCases.APITesting" name="testResponsecode" time="0.033"/>
  <system-out/>
  <testcase classname="com.CA.qa.TestCases.APITesting" name="testResponsecode" time="0.033"/>
  <system-out/>
  <testcase classname="com.CA.qa.TestCases.APITesting" name="testResponsecode" time="0.034"/>
  <system-out/>
  <testcase classname="com.CA.qa.TestCases.APITesting" name="testResponsecode" time="0.035"/>
  <system-out/>
  <testcase classname="com.CA.qa.TestCases.APITesting" name="testResponsecode" time="0.050"/>
  <system-out/>
  <testcase classname="com.CA.qa.TestCases.APITesting" name="testResponsecode" time="0.043"/>
  <system-out/>
  <testcase classname="com.CA.qa.TestCases.APITesting" name="testResponsecode" time="0.032"/>
  <system-out/>
  <testcase classname="com.CA.qa.TestCases.APITesting" name="testResponsecode" time="0.045"/>
  <system-out/>
  <testcase classname="com.CA.qa.TestCases.APITesting" name="testResponsecode" time="0.039"/>
  <system-out/>
  <testcase classname="com.CA.qa.TestCases.APITesting" name="testResponsecode" time="0.034"/>
  <system-out/>
  <testcase classname="com.CA.qa.TestCases.APITesting" name="testResponsecode" time="0.038"/>
  <system-out/>
  <testcase classname="com.CA.qa.TestCases.APITesting" name="testResponsecode" time="0.033"/>
  <system-out/>
  <testcase classname="com.CA.qa.TestCases.APITesting" name="testResponsecode" time="0.034"/>
  <system-out/>
  <testcase classname="com.CA.qa.TestCases.APITesting" name="testResponsecode" time="0.033"/>
  <system-out/>
  <testcase classname="com.CA.qa.TestCases.APITesting" name="testResponsecode" time="0.041"/>
  <system-out/>
  <testcase classname="com.CA.qa.TestCases.APITesting" name="testResponsecode" time="0.035"/>
  <system-out/>
  <testcase classname="com.CA.qa.TestCases.APITesting" name="testResponsecode" time="0.035"/>
  <system-out/>
  <testcase classname="com.CA.qa.TestCases.APITesting" name="testResponsecode" time="0.032"/>
  <system-out/>
  <testcase classname="com.CA.qa.TestCases.APITesting" name="testResponsecode" time="0.034"/>
  <system-out/>
  <testcase classname="com.CA.qa.TestCases.APITesting" name="testResponsecode" time="0.034"/>
  <system-out/>
  <testcase classname="com.CA.qa.TestCases.APITesting" name="testResponsecode" time="0.035"/>
  <system-out/>
  <testcase classname="com.CA.qa.TestCases.APITesting" name="testResponsecode" time="0.035"/>
  <system-out/>
  <testcase classname="com.CA.qa.TestCases.APITesting" name="testResponsecode" time="0.143"/>
  <system-out/>
  <testcase classname="com.CA.qa.TestCases.APITesting" name="testResponsecode" time="0.125"/>
  <system-out/>
  <testcase classname="com.CA.qa.TestCases.APITesting" name="testResponsecode" time="0.032"/>
  <system-out/>
  <testcase classname="com.CA.qa.TestCases.APITesting" name="testResponsecode" time="0.039"/>
  <system-out/>
  <testcase classname="com.CA.qa.TestCases.APITesting" name="testResponsecode" time="0.033"/>
  <system-out/>
  <testcase classname="com.CA.qa.TestCases.APITesting" name="testResponsecode" time="0.032"/>
  <system-out/>
  <testcase classname="com.CA.qa.TestCases.APITesting" name="testResponsecode" time="0.045"/>
  <system-out/>
  <testcase classname="com.CA.qa.TestCases.APITesting" name="testResponsecode" time="0.037"/>
  <system-out/>
  <testcase classname="com.CA.qa.TestCases.APITesting" name="testResponsecode" time="0.033"/>
  <system-out/>
  <testcase classname="com.CA.qa.TestCases.APITesting" name="testResponsecode" time="0.132"/>
  <system-out/>
  <testcase classname="com.CA.qa.TestCases.APITesting" name="testResponsecode" time="0.037"/>
  <system-out/>
  <testcase classname="com.CA.qa.TestCases.APITesting" name="testResponsecode" time="0.038"/>
  <system-out/>
  <testcase classname="com.CA.qa.TestCases.APITesting" name="testResponsecode" time="0.039"/>
  <system-out/>
  <testcase classname="com.CA.qa.TestCases.APITesting" name="testResponsecode" time="0.038"/>
  <system-out/>
  <testcase classname="com.CA.qa.TestCases.APITesting" name="testResponsecode" time="0.069"/>
  <system-out/>
  <testcase classname="com.CA.qa.TestCases.APITesting" name="testResponsecode" time="0.039"/>
  <system-out/>
  <testcase classname="com.CA.qa.TestCases.APITesting" name="testResponsecode" time="0.035"/>
  <system-out/>
  <testcase classname="com.CA.qa.TestCases.APITesting" name="testResponsecode" time="0.033"/>
  <system-out/>
  <testcase classname="com.CA.qa.TestCases.APITesting" name="testResponsecode" time="0.132"/>
  <system-out/>
  <testcase classname="com.CA.qa.TestCases.APITesting" name="testResponsecode" time="0.036"/>
  <system-out/>
  <testcase classname="com.CA.qa.TestCases.APITesting" name="testResponsecode" time="0.057"/>
  <system-out/>
  <testcase classname="com.CA.qa.TestCases.APITesting" name="testResponsecode" time="0.034"/>
  <system-out/>
  <testcase classname="com.CA.qa.TestCases.APITesting" name="testResponsecode" time="0.039"/>
  <system-out/>
  <testcase classname="com.CA.qa.TestCases.APITesting" name="testResponsecode" time="0.034"/>
  <system-out/>
  <testcase classname="com.CA.qa.TestCases.APITesting" name="testResponsecode" time="0.404"/>
  <system-out/>
  <testcase classname="com.CA.qa.TestCases.APITesting" name="testResponsecode" time="0.035"/>
  <system-out/>
  <testcase classname="com.CA.qa.TestCases.APITesting" name="testResponsecode" time="0.039"/>
  <system-out/>
  <testcase classname="com.CA.qa.TestCases.APITesting" name="testResponsecode" time="0.033"/>
  <system-out/>
  <testcase classname="com.CA.qa.TestCases.APITesting" name="testResponsecode" time="0.033"/>
  <system-out/>
  <testcase classname="com.CA.qa.TestCases.APITesting" name="testResponsecode" time="0.031"/>
  <system-out/>
  <testcase classname="com.CA.qa.TestCases.APITesting" name="testResponsecode" time="0.032"/>
  <system-out/>
  <testcase classname="com.CA.qa.TestCases.APITesting" name="testResponsecode" time="0.037"/>
  <system-out/>
  <testcase classname="com.CA.qa.TestCases.APITesting" name="testResponsecode" time="0.031"/>
  <system-out/>
  <testcase classname="com.CA.qa.TestCases.APITesting" name="testResponsecode" time="0.033"/>
  <system-out/>
  <testcase classname="com.CA.qa.TestCases.APITesting" name="testResponsecode" time="0.032"/>
  <system-out/>
  <testcase classname="com.CA.qa.TestCases.APITesting" name="testResponsecode" time="0.048"/>
  <system-out/>
  <testcase classname="com.CA.qa.TestCases.APITesting" name="testResponsecode" time="0.055"/>
  <system-out/>
  <testcase classname="com.CA.qa.TestCases.APITesting" name="testResponsecode" time="0.034"/>
  <system-out/>
  <testcase classname="com.CA.qa.TestCases.APITesting" name="testResponsecode" time="0.038"/>
  <system-out/>
  <testcase classname="com.CA.qa.TestCases.APITesting" name="testResponsecode" time="0.038"/>
  <system-out/>
  <testcase classname="com.CA.qa.TestCases.APITesting" name="testResponsecode" time="0.054"/>
  <system-out/>
  <testcase classname="com.CA.qa.TestCases.APITesting" name="testResponsecode" time="0.035"/>
  <system-out/>
  <testcase classname="com.CA.qa.TestCases.APITesting" name="testResponsecode" time="0.033"/>
  <system-out/>
  <testcase classname="com.CA.qa.TestCases.APITesting" name="testResponsecode" time="0.034"/>
  <system-out/>
  <testcase classname="com.CA.qa.TestCases.APITesting" name="testResponsecode" time="0.034"/>
  <system-out/>
  <testcase classname="com.CA.qa.TestCases.APITesting" name="testResponsecode" time="0.034"/>
  <system-out/>
  <testcase classname="com.CA.qa.TestCases.APITesting" name="testResponsecode" time="0.034"/>
  <system-out/>
  <testcase classname="com.CA.qa.TestCases.APITesting" name="testResponsecode" time="0.056"/>
  <system-out/>
  <testcase classname="com.CA.qa.TestCases.APITesting" name="testResponsecode" time="0.060"/>
  <system-out/>
  <testcase classname="com.CA.qa.TestCases.APITesting" name="testResponsecode" time="0.033"/>
  <system-out/>
  <testcase classname="com.CA.qa.TestCases.APITesting" name="testResponsecode" time="0.045"/>
  <system-out/>
  <testcase classname="com.CA.qa.TestCases.APITesting" name="testResponsecode" time="0.054"/>
  <system-out/>
  <testcase classname="com.CA.qa.TestCases.APITesting" name="testResponsecode" time="0.040"/>
  <system-out/>
  <testcase classname="com.CA.qa.TestCases.APITesting" name="testResponsecode" time="0.033"/>
  <system-out/>
  <testcase classname="com.CA.qa.TestCases.APITesting" name="testResponsecode" time="0.032"/>
  <system-out/>
  <testcase classname="com.CA.qa.TestCases.APITesting" name="testResponsecode" time="0.040"/>
  <system-out/>
  <testcase classname="com.CA.qa.TestCases.APITesting" name="testResponsecode" time="0.034"/>
  <system-out/>
  <testcase classname="com.CA.qa.TestCases.APITesting" name="testResponsecode" time="0.034"/>
  <system-out/>
  <testcase classname="com.CA.qa.TestCases.APITesting" name="testResponsecode" time="0.157"/>
  <system-out/>
  <testcase classname="com.CA.qa.TestCases.APITesting" name="testResponsecode" time="0.034"/>
  <system-out/>
  <testcase classname="com.CA.qa.TestCases.APITesting" name="testResponsecode" time="0.034"/>
  <system-out/>
  <testcase classname="com.CA.qa.TestCases.APITesting" name="testResponsecode" time="0.035"/>
  <system-out/>
  <testcase classname="com.CA.qa.TestCases.APITesting" name="testResponsecode" time="0.033"/>
  <system-out/>
  <testcase classname="com.CA.qa.TestCases.APITesting" name="testResponsecode" time="0.137"/>
  <system-out/>
  <testcase classname="com.CA.qa.TestCases.APITesting" name="testResponsecode" time="0.741"/>
  <system-out/>
  <testcase classname="com.CA.qa.TestCases.APITesting" name="testResponsecode" time="0.042"/>
  <system-out/>
  <testcase classname="com.CA.qa.TestCases.APITesting" name="testResponsecode" time="0.032"/>
  <system-out/>
  <testcase classname="com.CA.qa.TestCases.APITesting" name="testResponsecode" time="0.033"/>
  <system-out/>
  <testcase classname="com.CA.qa.TestCases.APITesting" name="testResponsecode" time="0.038"/>
  <system-out/>
  <testcase classname="com.CA.qa.TestCases.APITesting" name="testResponsecode" time="0.033"/>
  <system-out/>
  <testcase classname="com.CA.qa.TestCases.APITesting" name="testResponsecode" time="0.036"/>
  <system-out/>
  <testcase classname="com.CA.qa.TestCases.APITesting" name="testResponsecode" time="0.037"/>
  <system-out/>
  <testcase classname="com.CA.qa.TestCases.APITesting" name="testResponsecode" time="0.038"/>
  <system-out/>
  <testcase classname="com.CA.qa.TestCases.APITesting" name="testResponsecode" time="0.038"/>
  <system-out/>
  <testcase classname="com.CA.qa.TestCases.APITesting" name="testResponsecode" time="0.034"/>
  <system-out/>
  <testcase classname="com.CA.qa.TestCases.APITesting" name="testResponsecode" time="0.036"/>
  <system-out/>
  <testcase classname="com.CA.qa.TestCases.APITesting" name="testResponsecode" time="0.037"/>
  <system-out/>
  <testcase classname="com.CA.qa.TestCases.APITesting" name="testResponsecode" time="0.036"/>
  <system-out/>
  <testcase classname="com.CA.qa.TestCases.APITesting" name="testResponsecode" time="0.044"/>
  <system-out/>
  <testcase classname="com.CA.qa.TestCases.APITesting" name="testResponsecode" time="0.032"/>
  <system-out/>
  <testcase classname="com.CA.qa.TestCases.APITesting" name="testResponsecode" time="0.034"/>
  <system-out/>
  <testcase classname="com.CA.qa.TestCases.APITesting" name="testResponsecode" time="0.032"/>
  <system-out/>
  <testcase classname="com.CA.qa.TestCases.APITesting" name="testResponsecode" time="0.032"/>
  <system-out/>
  <testcase classname="com.CA.qa.TestCases.APITesting" name="testResponsecode" time="0.036"/>
  <system-out/>
  <testcase classname="com.CA.qa.TestCases.APITesting" name="testResponsecode" time="0.125"/>
  <system-out/>
  <testcase classname="com.CA.qa.TestCases.APITesting" name="testResponsecode" time="0.038"/>
  <system-out/>
  <testcase classname="com.CA.qa.TestCases.APITesting" name="testResponsecode" time="0.042"/>
  <system-out/>
  <testcase classname="com.CA.qa.TestCases.APITesting" name="testResponsecode" time="0.124"/>
  <system-out/>
  <testcase classname="com.CA.qa.TestCases.APITesting" name="testResponsecode" time="0.036"/>
  <system-out/>
  <testcase classname="com.CA.qa.TestCases.APITesting" name="testResponsecode" time="0.040"/>
  <system-out/>
  <testcase classname="com.CA.qa.TestCases.APITesting" name="testResponsecode" time="0.036"/>
  <system-out/>
  <testcase classname="com.CA.qa.TestCases.APITesting" name="testResponsecode" time="0.039"/>
  <system-out/>
  <testcase classname="com.CA.qa.TestCases.APITesting" name="testResponsecode" time="0.034"/>
  <system-out/>
  <testcase classname="com.CA.qa.TestCases.APITesting" name="testResponsecode" time="0.034"/>
  <system-out/>
  <testcase classname="com.CA.qa.TestCases.APITesting" name="testResponsecode" time="0.055"/>
  <system-out/>
  <testcase classname="com.CA.qa.TestCases.APITesting" name="testResponsecode" time="0.033"/>
  <system-out/>
  <testcase classname="com.CA.qa.TestCases.APITesting" name="testResponsecode" time="0.049"/>
  <system-out/>
  <testcase classname="com.CA.qa.TestCases.APITesting" name="testResponsecode" time="0.041"/>
  <system-out/>
  <testcase classname="com.CA.qa.TestCases.APITesting" name="testResponsecode" time="0.038"/>
  <system-out/>
  <testcase classname="com.CA.qa.TestCases.APITesting" name="testResponsecode" time="0.039"/>
  <system-out/>
  <testcase classname="com.CA.qa.TestCases.APITesting" name="testResponsecode" time="0.044"/>
  <system-out/>
  <testcase classname="com.CA.qa.TestCases.APITesting" name="testResponsecode" time="0.049"/>
  <system-out/>
  <testcase classname="com.CA.qa.TestCases.APITesting" name="testResponsecode" time="0.123"/>
  <system-out/>
  <testcase classname="com.CA.qa.TestCases.APITesting" name="testResponsecode" time="0.036"/>
  <system-out/>
  <testcase classname="com.CA.qa.TestCases.APITesting" name="testResponsecode" time="0.044"/>
  <system-out/>
  <testcase classname="com.CA.qa.TestCases.APITesting" name="testResponsecode" time="0.035"/>
  <system-out/>
  <testcase classname="com.CA.qa.TestCases.APITesting" name="testResponsecode" time="0.036"/>
  <system-out/>
  <testcase classname="com.CA.qa.TestCases.APITesting" name="testResponsecode" time="0.031"/>
  <system-out/>
  <testcase classname="com.CA.qa.TestCases.APITesting" name="testResponsecode" time="0.190"/>
  <system-out/>
  <testcase classname="com.CA.qa.TestCases.APITesting" name="testResponsecode" time="0.075"/>
  <system-out/>
  <testcase classname="com.CA.qa.TestCases.APITesting" name="testResponsecode" time="0.033"/>
  <system-out/>
  <testcase classname="com.CA.qa.TestCases.APITesting" name="testResponsecode" time="0.035"/>
  <system-out/>
  <testcase classname="com.CA.qa.TestCases.APITesting" name="testResponsecode" time="0.050"/>
  <system-out/>
  <testcase classname="com.CA.qa.TestCases.APITesting" name="testResponsecode" time="0.121"/>
  <system-out/>
  <testcase classname="com.CA.qa.TestCases.APITesting" name="testResponsecode" time="0.034"/>
  <system-out/>
  <testcase classname="com.CA.qa.TestCases.APITesting" name="testResponsecode" time="0.032"/>
  <system-out/>
  <testcase classname="com.CA.qa.TestCases.APITesting" name="testResponsecode" time="0.032"/>
  <system-out/>
  <testcase classname="com.CA.qa.TestCases.APITesting" name="testResponsecode" time="0.032"/>
  <system-out/>
  <testcase classname="com.CA.qa.TestCases.APITesting" name="testResponsecode" time="0.036"/>
  <system-out/>
  <testcase classname="com.CA.qa.TestCases.APITesting" name="testResponsecode" time="0.033"/>
  <system-out/>
  <testcase classname="com.CA.qa.TestCases.APITesting" name="testResponsecode" time="0.031"/>
  <system-out/>
  <testcase classname="com.CA.qa.TestCases.APITesting" name="testResponsecode" time="0.035"/>
  <system-out/>
  <testcase classname="com.CA.qa.TestCases.APITesting" name="testResponsecode" time="0.050"/>
  <system-out/>
  <testcase classname="com.CA.qa.TestCases.APITesting" name="testResponsecode" time="0.036"/>
  <system-out/>
  <testcase classname="com.CA.qa.TestCases.APITesting" name="testResponsecode" time="0.037"/>
  <system-out/>
  <testcase classname="com.CA.qa.TestCases.APITesting" name="testResponsecode" time="0.411"/>
  <system-out/>
  <testcase classname="com.CA.qa.TestCases.APITesting" name="testResponsecode" time="0.048"/>
  <system-out/>
  <testcase classname="com.CA.qa.TestCases.APITesting" name="testResponsecode" time="0.044"/>
  <system-out/>
  <testcase classname="com.CA.qa.TestCases.APITesting" name="testResponsecode" time="0.037"/>
  <system-out/>
  <testcase classname="com.CA.qa.TestCases.APITesting" name="testResponsecode" time="0.034"/>
  <system-out/>
  <testcase classname="com.CA.qa.TestCases.APITesting" name="testResponsecode" time="0.036"/>
  <system-out/>
  <testcase classname="com.CA.qa.TestCases.APITesting" name="testResponsecode" time="0.036"/>
  <system-out/>
  <testcase classname="com.CA.qa.TestCases.APITesting" name="testResponsecode" time="0.045"/>
  <system-out/>
  <testcase classname="com.CA.qa.TestCases.APITesting" name="testResponsecode" time="0.033"/>
  <system-out/>
  <testcase classname="com.CA.qa.TestCases.APITesting" name="testResponsecode" time="0.033"/>
  <system-out/>
  <testcase classname="com.CA.qa.TestCases.APITesting" name="testResponsecode" time="0.036"/>
  <system-out/>
  <testcase classname="com.CA.qa.TestCases.APITesting" name="testResponsecode" time="0.047"/>
  <system-out/>
  <testcase classname="com.CA.qa.TestCases.APITesting" name="testResponsecode" time="0.038"/>
  <system-out/>
  <testcase classname="com.CA.qa.TestCases.APITesting" name="testResponsecode" time="0.042"/>
  <system-out/>
  <testcase classname="com.CA.qa.TestCases.APITesting" name="testResponsecode" time="0.033"/>
  <system-out/>
  <testcase classname="com.CA.qa.TestCases.APITesting" name="testResponsecode" time="0.034"/>
  <system-out/>
  <testcase classname="com.CA.qa.TestCases.APITesting" name="testResponsecode" time="0.037"/>
  <system-out/>
  <testcase classname="com.CA.qa.TestCases.APITesting" name="testResponsecode" time="0.033"/>
  <system-out/>
  <testcase classname="com.CA.qa.TestCases.APITesting" name="testResponsecode" time="0.037"/>
  <system-out/>
  <testcase classname="com.CA.qa.TestCases.APITesting" name="testResponsecode" time="0.036"/>
  <system-out/>
  <testcase classname="com.CA.qa.TestCases.APITesting" name="testResponsecode" time="0.032"/>
  <system-out/>
  <testcase classname="com.CA.qa.TestCases.APITesting" name="testResponsecode" time="0.034"/>
  <system-out/>
  <testcase classname="com.CA.qa.TestCases.APITesting" name="testResponsecode" time="0.038"/>
  <system-out/>
  <testcase classname="com.CA.qa.TestCases.APITesting" name="testResponsecode" time="0.037"/>
  <system-out/>
  <testcase classname="com.CA.qa.TestCases.APITesting" name="testResponsecode" time="0.034"/>
  <system-out/>
  <testcase classname="com.CA.qa.TestCases.APITesting" name="testResponsecode" time="0.142"/>
  <system-out/>
  <testcase classname="com.CA.qa.TestCases.APITesting" name="testResponsecode" time="0.043"/>
  <system-out/>
  <testcase classname="com.CA.qa.TestCases.APITesting" name="testResponsecode" time="0.032"/>
  <system-out/>
  <testcase classname="com.CA.qa.TestCases.APITesting" name="testResponsecode" time="0.035"/>
  <system-out/>
  <testcase classname="com.CA.qa.TestCases.APITesting" name="testResponsecode" time="0.055"/>
  <system-out/>
  <testcase classname="com.CA.qa.TestCases.APITesting" name="testResponsecode" time="0.032"/>
  <system-out/>
  <testcase classname="com.CA.qa.TestCases.APITesting" name="testResponsecode" time="0.044"/>
  <system-out/>
  <testcase classname="com.CA.qa.TestCases.APITesting" name="testResponsecode" time="0.036"/>
  <system-out/>
  <testcase classname="com.CA.qa.TestCases.APITesting" name="testResponsecode" time="0.032"/>
  <system-out/>
  <testcase classname="com.CA.qa.TestCases.APITesting" name="testResponsecode" time="0.035"/>
  <system-out/>
  <testcase classname="com.CA.qa.TestCases.APITesting" name="testResponsecode" time="0.046"/>
  <system-out/>
  <testcase classname="com.CA.qa.TestCases.APITesting" name="testResponsecode" time="0.040"/>
  <system-out/>
  <testcase classname="com.CA.qa.TestCases.APITesting" name="testResponsecode" time="0.039"/>
  <system-out/>
  <testcase classname="com.CA.qa.TestCases.APITesting" name="testResponsecode" time="0.038"/>
  <system-out/>
  <testcase classname="com.CA.qa.TestCases.APITesting" name="testResponsecode" time="0.040"/>
  <system-out/>
  <testcase classname="com.CA.qa.TestCases.APITesting" name="testResponsecode" time="0.042"/>
  <system-out/>
  <testcase classname="com.CA.qa.TestCases.APITesting" name="testResponsecode" time="0.033"/>
  <system-out/>
  <testcase classname="com.CA.qa.TestCases.APITesting" name="testResponsecode" time="0.034"/>
  <system-out/>
  <testcase classname="com.CA.qa.TestCases.APITesting" name="testResponsecode" time="0.033"/>
  <system-out/>
  <testcase classname="com.CA.qa.TestCases.APITesting" name="testResponsecode" time="0.419"/>
  <system-out/>
  <testcase classname="com.CA.qa.TestCases.APITesting" name="testResponsecode" time="0.034"/>
  <system-out/>
  <testcase classname="com.CA.qa.TestCases.APITesting" name="testResponsecode" time="0.040"/>
  <system-out/>
  <testcase classname="com.CA.qa.TestCases.APITesting" name="testResponsecode" time="0.035"/>
  <system-out/>
  <testcase classname="com.CA.qa.TestCases.APITesting" name="testResponsecode" time="0.032"/>
  <system-out/>
  <testcase classname="com.CA.qa.TestCases.APITesting" name="testResponsecode" time="0.036"/>
  <system-out/>
  <testcase classname="com.CA.qa.TestCases.APITesting" name="testResponsecode" time="0.032"/>
  <system-out/>
  <testcase classname="com.CA.qa.TestCases.APITesting" name="testResponsecode" time="0.033"/>
  <system-out/>
  <testcase classname="com.CA.qa.TestCases.APITesting" name="testResponsecode" time="0.056"/>
  <system-out/>
  <testcase classname="com.CA.qa.TestCases.APITesting" name="testResponsecode" time="0.035"/>
  <system-out/>
  <testcase classname="com.CA.qa.TestCases.APITesting" name="testResponsecode" time="0.035"/>
  <system-out/>
  <testcase classname="com.CA.qa.TestCases.APITesting" name="testResponsecode" time="0.037"/>
  <system-out/>
  <testcase classname="com.CA.qa.TestCases.APITesting" name="testResponsecode" time="0.033"/>
  <system-out/>
  <testcase classname="com.CA.qa.TestCases.APITesting" name="testResponsecode" time="0.040"/>
  <system-out/>
  <testcase classname="com.CA.qa.TestCases.APITesting" name="testResponsecode" time="0.060"/>
  <system-out/>
  <testcase classname="com.CA.qa.TestCases.APITesting" name="testResponsecode" time="0.034"/>
  <system-out/>
  <testcase classname="com.CA.qa.TestCases.APITesting" name="testResponsecode" time="0.040"/>
  <system-out/>
  <testcase classname="com.CA.qa.TestCases.APITesting" name="testResponsecode" time="0.039"/>
  <system-out/>
  <testcase classname="com.CA.qa.TestCases.APITesting" name="testResponsecode" time="0.036"/>
  <system-out/>
  <testcase classname="com.CA.qa.TestCases.APITesting" name="testResponsecode" time="0.174"/>
  <system-out/>
  <testcase classname="com.CA.qa.TestCases.APITesting" name="testResponsecode" time="0.034"/>
  <system-out/>
  <testcase classname="com.CA.qa.TestCases.APITesting" name="testResponsecode" time="0.032"/>
  <system-out/>
  <testcase classname="com.CA.qa.TestCases.APITesting" name="testResponsecode" time="0.035"/>
  <system-out/>
  <testcase classname="com.CA.qa.TestCases.APITesting" name="testResponsecode" time="0.045"/>
  <system-out/>
  <testcase classname="com.CA.qa.TestCases.APITesting" name="testResponsecode" time="0.046"/>
  <system-out/>
  <testcase classname="com.CA.qa.TestCases.APITesting" name="testResponsecode" time="0.034"/>
  <system-out/>
  <testcase classname="com.CA.qa.TestCases.APITesting" name="testResponsecode" time="0.034"/>
  <system-out/>
  <testcase classname="com.CA.qa.TestCases.APITesting" name="testResponsecode" time="0.047"/>
  <system-out/>
  <testcase classname="com.CA.qa.TestCases.APITesting" name="testResponsecode" time="0.034"/>
  <system-out/>
  <testcase classname="com.CA.qa.TestCases.APITesting" name="testResponsecode" time="0.036"/>
  <system-out/>
  <testcase classname="com.CA.qa.TestCases.APITesting" name="testResponsecode" time="0.035"/>
  <system-out/>
  <testcase classname="com.CA.qa.TestCases.APITesting" name="testResponsecode" time="0.037"/>
  <system-out/>
  <testcase classname="com.CA.qa.TestCases.APITesting" name="testResponsecode" time="0.033"/>
  <system-out/>
  <testcase classname="com.CA.qa.TestCases.APITesting" name="testResponsecode" time="0.033"/>
  <system-out/>
  <testcase classname="com.CA.qa.TestCases.APITesting" name="testResponsecode" time="0.035"/>
  <system-out/>
  <testcase classname="com.CA.qa.TestCases.APITesting" name="testResponsecode" time="0.037"/>
  <system-out/>
  <testcase classname="com.CA.qa.TestCases.APITesting" name="testResponsecode" time="0.036"/>
  <system-out/>
  <testcase classname="com.CA.qa.TestCases.APITesting" name="testResponsecode" time="0.035"/>
  <system-out/>
  <testcase classname="com.CA.qa.TestCases.APITesting" name="testResponsecode" time="0.033"/>
  <system-out/>
  <testcase classname="com.CA.qa.TestCases.APITesting" name="testResponsecode" time="0.131"/>
  <system-out/>
  <testcase classname="com.CA.qa.TestCases.APITesting" name="testResponsecode" time="0.032"/>
  <system-out/>
  <testcase classname="com.CA.qa.TestCases.APITesting" name="testResponsecode" time="0.038"/>
  <system-out/>
  <testcase classname="com.CA.qa.TestCases.APITesting" name="testResponsecode" time="0.041"/>
  <system-out/>
  <testcase classname="com.CA.qa.TestCases.APITesting" name="testResponsecode" time="0.037"/>
  <system-out/>
  <testcase classname="com.CA.qa.TestCases.APITesting" name="testResponsecode" time="0.138"/>
  <system-out/>
  <testcase classname="com.CA.qa.TestCases.APITesting" name="testResponsecode" time="0.033"/>
  <system-out/>
  <testcase classname="com.CA.qa.TestCases.APITesting" name="testResponsecode" time="0.033"/>
  <system-out/>
  <testcase classname="com.CA.qa.TestCases.APITesting" name="testResponsecode" time="0.032"/>
  <system-out/>
  <testcase classname="com.CA.qa.TestCases.APITesting" name="testResponsecode" time="0.037"/>
  <system-out/>
  <testcase classname="com.CA.qa.TestCases.APITesting" name="testResponsecode" time="0.158"/>
  <system-out/>
  <testcase classname="com.CA.qa.TestCases.APITesting" name="testResponsecode" time="0.034"/>
  <system-out/>
  <testcase classname="com.CA.qa.TestCases.APITesting" name="testResponsecode" time="0.039"/>
  <system-out/>
  <testcase classname="com.CA.qa.TestCases.APITesting" name="testResponsecode" time="0.033"/>
  <system-out/>
  <testcase classname="com.CA.qa.TestCases.APITesting" name="testResponsecode" time="0.047"/>
  <system-out/>
  <testcase classname="com.CA.qa.TestCases.APITesting" name="testResponsecode" time="0.039"/>
  <system-out/>
  <testcase classname="com.CA.qa.TestCases.APITesting" name="testResponsecode" time="0.042"/>
  <system-out/>
  <testcase classname="com.CA.qa.TestCases.APITesting" name="testResponsecode" time="0.033"/>
  <system-out/>
  <testcase classname="com.CA.qa.TestCases.APITesting" name="testResponsecode" time="0.033"/>
  <system-out/>
  <testcase classname="com.CA.qa.TestCases.APITesting" name="testResponsecode" time="0.128"/>
  <system-out/>
  <testcase classname="com.CA.qa.TestCases.APITesting" name="testResponsecode" time="0.348"/>
  <system-out/>
  <testcase classname="com.CA.qa.TestCases.APITesting" name="testResponsecode" time="0.036"/>
  <system-out/>
  <testcase classname="com.CA.qa.TestCases.APITesting" name="testResponsecode" time="0.138"/>
  <system-out/>
  <testcase classname="com.CA.qa.TestCases.APITesting" name="testResponsecode" time="0.039"/>
  <system-out/>
  <testcase classname="com.CA.qa.TestCases.APITesting" name="testResponsecode" time="0.033"/>
  <system-out/>
  <testcase classname="com.CA.qa.TestCases.APITesting" name="testResponsecode" time="0.040"/>
  <system-out/>
  <testcase classname="com.CA.qa.TestCases.APITesting" name="testResponsecode" time="0.034"/>
  <system-out/>
  <testcase classname="com.CA.qa.TestCases.APITesting" name="testResponsecode" time="0.035"/>
  <system-out/>
  <testcase classname="com.CA.qa.TestCases.APITesting" name="testResponsecode" time="0.045"/>
  <system-out/>
  <testcase classname="com.CA.qa.TestCases.APITesting" name="testResponsecode" time="0.033"/>
  <system-out/>
  <testcase classname="com.CA.qa.TestCases.APITesting" name="testResponsecode" time="0.041"/>
  <system-out/>
  <testcase classname="com.CA.qa.TestCases.APITesting" name="testResponsecode" time="0.038"/>
  <system-out/>
  <testcase classname="com.CA.qa.TestCases.APITesting" name="testResponsecode" time="0.035"/>
  <system-out/>
  <testcase classname="com.CA.qa.TestCases.APITesting" name="testResponsecode" time="0.042"/>
  <system-out/>
  <testcase classname="com.CA.qa.TestCases.APITesting" name="testResponsecode" time="0.034"/>
  <system-out/>
  <testcase classname="com.CA.qa.TestCases.APITesting" name="testResponsecode" time="0.033"/>
  <system-out/>
  <testcase classname="com.CA.qa.TestCases.APITesting" name="testResponsecode" time="0.034"/>
  <system-out/>
  <testcase classname="com.CA.qa.TestCases.APITesting" name="testResponsecode" time="0.146"/>
  <system-out/>
  <testcase classname="com.CA.qa.TestCases.APITesting" name="testResponsecode" time="0.034"/>
  <system-out/>
  <testcase classname="com.CA.qa.TestCases.APITesting" name="testResponsecode" time="0.034"/>
  <system-out/>
  <testcase classname="com.CA.qa.TestCases.APITesting" name="testResponsecode" time="0.042"/>
  <system-out/>
  <testcase classname="com.CA.qa.TestCases.APITesting" name="testResponsecode" time="0.033"/>
  <system-out/>
  <testcase classname="com.CA.qa.TestCases.APITesting" name="testResponsecode" time="0.037"/>
  <system-out/>
  <testcase classname="com.CA.qa.TestCases.APITesting" name="testResponsecode" time="0.032"/>
  <system-out/>
  <testcase classname="com.CA.qa.TestCases.APITesting" name="testResponsecode" time="0.038"/>
  <system-out/>
  <testcase classname="com.CA.qa.TestCases.APITesting" name="testResponsecode" time="0.042"/>
  <system-out/>
  <testcase classname="com.CA.qa.TestCases.APITesting" name="testResponsecode" time="0.033"/>
  <system-out/>
  <testcase classname="com.CA.qa.TestCases.APITesting" name="testResponsecode" time="0.033"/>
  <system-out/>
  <testcase classname="com.CA.qa.TestCases.APITesting" name="testResponsecode" time="0.034"/>
  <system-out/>
  <testcase classname="com.CA.qa.TestCases.APITesting" name="testResponsecode" time="0.034"/>
  <system-out/>
  <testcase classname="com.CA.qa.TestCases.APITesting" name="testResponsecode" time="0.041"/>
  <system-out/>
  <testcase classname="com.CA.qa.TestCases.APITesting" name="testResponsecode" time="0.042"/>
  <system-out/>
  <testcase classname="com.CA.qa.TestCases.APITesting" name="testResponsecode" time="0.034"/>
  <system-out/>
  <testcase classname="com.CA.qa.TestCases.APITesting" name="testResponsecode" time="0.033"/>
  <system-out/>
  <testcase classname="com.CA.qa.TestCases.APITesting" name="testResponsecode" time="0.042"/>
  <system-out/>
  <testcase classname="com.CA.qa.TestCases.APITesting" name="testResponsecode" time="0.034"/>
  <system-out/>
  <testcase classname="com.CA.qa.TestCases.APITesting" name="testResponsecode" time="0.032"/>
  <system-out/>
  <testcase classname="com.CA.qa.TestCases.APITesting" name="testResponsecode" time="0.038"/>
  <system-out/>
  <testcase classname="com.CA.qa.TestCases.APITesting" name="testResponsecode" time="0.036"/>
  <system-out/>
  <testcase classname="com.CA.qa.TestCases.APITesting" name="testResponsecode" time="0.033"/>
  <system-out/>
  <testcase classname="com.CA.qa.TestCases.APITesting" name="testResponsecode" time="0.033"/>
  <system-out/>
  <testcase classname="com.CA.qa.TestCases.APITesting" name="testResponsecode" time="0.034"/>
  <system-out/>
  <testcase classname="com.CA.qa.TestCases.APITesting" name="testResponsecode" time="0.035"/>
  <system-out/>
  <testcase classname="com.CA.qa.TestCases.APITesting" name="testResponsecode" time="0.069"/>
  <system-out/>
  <testcase classname="com.CA.qa.TestCases.APITesting" name="testResponsecode" time="0.075"/>
  <system-out/>
  <testcase classname="com.CA.qa.TestCases.APITesting" name="testResponsecode" time="1.033"/>
  <system-out/>
  <testcase classname="com.CA.qa.TestCases.APITesting" name="testResponsecode" time="0.067"/>
  <system-out/>
  <testcase classname="com.CA.qa.TestCases.APITesting" name="testResponsecode" time="0.140"/>
  <system-out/>
  <testcase classname="com.CA.qa.TestCases.APITesting" name="testResponsecode" time="0.041"/>
  <system-out/>
  <testcase classname="com.CA.qa.TestCases.APITesting" name="testResponsecode" time="0.038"/>
  <system-out/>
  <testcase classname="com.CA.qa.TestCases.APITesting" name="testResponsecode" time="0.033"/>
  <system-out/>
  <testcase classname="com.CA.qa.TestCases.APITesting" name="testResponsecode" time="0.033"/>
  <system-out/>
  <testcase classname="com.CA.qa.TestCases.APITesting" name="testResponsecode" time="0.080"/>
  <system-out/>
  <testcase classname="com.CA.qa.TestCases.APITesting" name="testResponsecode" time="0.036"/>
  <system-out/>
  <testcase classname="com.CA.qa.TestCases.APITesting" name="testResponsecode" time="0.046"/>
  <system-out/>
  <testcase classname="com.CA.qa.TestCases.APITesting" name="testResponsecode" time="0.035"/>
  <system-out/>
  <testcase classname="com.CA.qa.TestCases.APITesting" name="testResponsecode" time="0.039"/>
  <system-out/>
  <testcase classname="com.CA.qa.TestCases.APITesting" name="testResponsecode" time="0.041"/>
  <system-out/>
  <testcase classname="com.CA.qa.TestCases.APITesting" name="testResponsecode" time="0.036"/>
  <system-out/>
  <testcase classname="com.CA.qa.TestCases.APITesting" name="testResponsecode" time="0.033"/>
  <system-out/>
  <testcase classname="com.CA.qa.TestCases.APITesting" name="testResponsecode" time="0.034"/>
  <system-out/>
  <testcase classname="com.CA.qa.TestCases.APITesting" name="testResponsecode" time="0.033"/>
  <system-out/>
  <testcase classname="com.CA.qa.TestCases.APITesting" name="testResponsecode" time="0.039"/>
  <system-out/>
  <testcase classname="com.CA.qa.TestCases.APITesting" name="testResponsecode" time="0.035"/>
  <system-out/>
  <testcase classname="com.CA.qa.TestCases.APITesting" name="testResponsecode" time="0.062"/>
  <system-out/>
  <testcase classname="com.CA.qa.TestCases.APITesting" name="testResponsecode" time="0.038"/>
  <system-out/>
  <testcase classname="com.CA.qa.TestCases.APITesting" name="testResponsecode" time="0.035"/>
  <system-out/>
  <testcase classname="com.CA.qa.TestCases.APITesting" name="testResponsecode" time="0.032"/>
  <system-out/>
  <testcase classname="com.CA.qa.TestCases.APITesting" name="testResponsecode" time="0.034"/>
  <system-out/>
  <testcase classname="com.CA.qa.TestCases.APITesting" name="testResponsecode" time="0.033"/>
  <system-out/>
  <testcase classname="com.CA.qa.TestCases.APITesting" name="testResponsecode" time="0.042"/>
  <system-out/>
  <testcase classname="com.CA.qa.TestCases.APITesting" name="testResponsecode" time="0.033"/>
  <system-out/>
  <testcase classname="com.CA.qa.TestCases.APITesting" name="testResponsecode" time="0.034"/>
  <system-out/>
  <testcase classname="com.CA.qa.TestCases.APITesting" name="testResponsecode" time="0.034"/>
  <system-out/>
  <testcase classname="com.CA.qa.TestCases.APITesting" name="testResponsecode" time="0.034"/>
  <system-out/>
  <testcase classname="com.CA.qa.TestCases.APITesting" name="testResponsecode" time="0.034"/>
  <system-out/>
  <testcase classname="com.CA.qa.TestCases.APITesting" name="testResponsecode" time="1.018"/>
  <system-out/>
  <testcase classname="com.CA.qa.TestCases.APITesting" name="testResponsecode" time="0.040"/>
  <system-out/>
  <testcase classname="com.CA.qa.TestCases.APITesting" name="testResponsecode" time="0.146"/>
  <system-out/>
  <testcase classname="com.CA.qa.TestCases.APITesting" name="testResponsecode" time="0.036"/>
  <system-out/>
  <testcase classname="com.CA.qa.TestCases.APITesting" name="testResponsecode" time="0.033"/>
  <system-out/>
  <testcase classname="com.CA.qa.TestCases.APITesting" name="testResponsecode" time="0.034"/>
  <system-out/>
  <testcase classname="com.CA.qa.TestCases.APITesting" name="testResponsecode" time="0.034"/>
  <system-out/>
  <testcase classname="com.CA.qa.TestCases.APITesting" name="testResponsecode" time="0.062"/>
  <system-out/>
  <testcase classname="com.CA.qa.TestCases.APITesting" name="testResponsecode" time="0.036"/>
  <system-out/>
  <testcase classname="com.CA.qa.TestCases.APITesting" name="testResponsecode" time="0.034"/>
  <system-out/>
  <testcase classname="com.CA.qa.TestCases.APITesting" name="testResponsecode" time="0.036"/>
  <system-out/>
  <testcase classname="com.CA.qa.TestCases.APITesting" name="testResponsecode" time="0.199"/>
  <system-out/>
  <testcase classname="com.CA.qa.TestCases.APITesting" name="testResponsecode" time="0.034"/>
  <system-out/>
  <testcase classname="com.CA.qa.TestCases.APITesting" name="testResponsecode" time="0.064"/>
  <system-out/>
  <testcase classname="com.CA.qa.TestCases.APITesting" name="testResponsecode" time="0.045"/>
  <system-out/>
  <testcase classname="com.CA.qa.TestCases.APITesting" name="testResponsecode" time="0.067"/>
  <system-out/>
  <testcase classname="com.CA.qa.TestCases.APITesting" name="testResponsecode" time="0.033"/>
  <system-out/>
  <testcase classname="com.CA.qa.TestCases.APITesting" name="testResponsecode" time="0.036"/>
  <system-out/>
  <testcase classname="com.CA.qa.TestCases.APITesting" name="testResponsecode" time="0.034"/>
  <system-out/>
  <testcase classname="com.CA.qa.TestCases.APITesting" name="testResponsecode" time="0.033"/>
  <system-out/>
  <testcase classname="com.CA.qa.TestCases.APITesting" name="testResponsecode" time="0.035"/>
  <system-out/>
  <testcase classname="com.CA.qa.TestCases.APITesting" name="testResponsecode" time="0.034"/>
  <system-out/>
  <testcase classname="com.CA.qa.TestCases.APITesting" name="testResponsecode" time="0.034"/>
  <system-out/>
  <testcase classname="com.CA.qa.TestCases.APITesting" name="testResponsecode" time="0.035"/>
  <system-out/>
  <testcase classname="com.CA.qa.TestCases.APITesting" name="testResponsecode" time="0.032"/>
  <system-out/>
  <testcase classname="com.CA.qa.TestCases.APITesting" name="testResponsecode" time="0.036"/>
  <system-out/>
  <testcase classname="com.CA.qa.TestCases.APITesting" name="testResponsecode" time="0.035"/>
  <system-out/>
  <testcase classname="com.CA.qa.TestCases.APITesting" name="testResponsecode" time="0.032"/>
  <system-out/>
  <testcase classname="com.CA.qa.TestCases.APITesting" name="testResponsecode" time="0.034"/>
  <system-out/>
  <testcase classname="com.CA.qa.TestCases.APITesting" name="testResponsecode" time="0.042"/>
  <system-out/>
  <testcase classname="com.CA.qa.TestCases.APITesting" name="testResponsecode" time="0.059"/>
  <system-out/>
  <testcase classname="com.CA.qa.TestCases.APITesting" name="testResponsecode" time="0.050"/>
  <system-out/>
  <testcase classname="com.CA.qa.TestCases.APITesting" name="testResponsecode" time="0.033"/>
  <system-out/>
  <testcase classname="com.CA.qa.TestCases.APITesting" name="testResponsecode" time="0.032"/>
  <system-out/>
  <testcase classname="com.CA.qa.TestCases.APITesting" name="testResponsecode" time="0.034"/>
  <system-out/>
  <testcase classname="com.CA.qa.TestCases.APITesting" name="testResponsecode" time="0.035"/>
  <system-out/>
  <testcase classname="com.CA.qa.TestCases.APITesting" name="testResponsecode" time="0.045"/>
  <system-out/>
  <testcase classname="com.CA.qa.TestCases.APITesting" name="testResponsecode" time="0.039"/>
  <system-out/>
  <testcase classname="com.CA.qa.TestCases.APITesting" name="testResponsecode" time="0.134"/>
  <system-out/>
  <testcase classname="com.CA.qa.TestCases.APITesting" name="testResponsecode" time="0.036"/>
  <system-out/>
  <testcase classname="com.CA.qa.TestCases.APITesting" name="testResponsecode" time="0.034"/>
  <system-out/>
  <testcase classname="com.CA.qa.TestCases.APITesting" name="testResponsecode" time="0.032"/>
  <system-out/>
  <testcase classname="com.CA.qa.TestCases.APITesting" name="testResponsecode" time="0.032"/>
  <system-out/>
  <testcase classname="com.CA.qa.TestCases.APITesting" name="testResponsecode" time="0.043"/>
  <system-out/>
  <testcase classname="com.CA.qa.TestCases.APITesting" name="testResponsecode" time="0.035"/>
  <system-out/>
  <testcase classname="com.CA.qa.TestCases.APITesting" name="testResponsecode" time="0.038"/>
  <system-out/>
  <testcase classname="com.CA.qa.TestCases.APITesting" name="testResponsecode" time="0.035"/>
  <system-out/>
  <testcase classname="com.CA.qa.TestCases.APITesting" name="testResponsecode" time="0.053"/>
  <system-out/>
  <testcase classname="com.CA.qa.TestCases.APITesting" name="testResponsecode" time="0.034"/>
  <system-out/>
  <testcase classname="com.CA.qa.TestCases.APITesting" name="testResponsecode" time="0.031"/>
  <system-out/>
  <testcase classname="com.CA.qa.TestCases.APITesting" name="testResponsecode" time="0.061"/>
  <system-out/>
  <testcase classname="com.CA.qa.TestCases.APITesting" name="testResponsecode" time="0.056"/>
  <system-out/>
  <testcase classname="com.CA.qa.TestCases.APITesting" name="testResponsecode" time="0.065"/>
  <system-out/>
  <testcase classname="com.CA.qa.TestCases.APITesting" name="testResponsecode" time="0.086"/>
  <system-out/>
  <testcase classname="com.CA.qa.TestCases.APITesting" name="testResponsecode" time="0.032"/>
  <system-out/>
  <testcase classname="com.CA.qa.TestCases.APITesting" name="testResponsecode" time="0.035"/>
  <system-out/>
  <testcase classname="com.CA.qa.TestCases.APITesting" name="testResponsecode" time="0.037"/>
  <system-out/>
  <testcase classname="com.CA.qa.TestCases.APITesting" name="testResponsecode" time="0.035"/>
  <system-out/>
  <testcase classname="com.CA.qa.TestCases.APITesting" name="testResponsecode" time="0.033"/>
  <system-out/>
  <testcase classname="com.CA.qa.TestCases.APITesting" name="testResponsecode" time="0.033"/>
  <system-out/>
  <testcase classname="com.CA.qa.TestCases.APITesting" name="testResponsecode" time="0.032"/>
  <system-out/>
  <testcase classname="com.CA.qa.TestCases.APITesting" name="testResponsecode" time="0.034"/>
  <system-out/>
  <testcase classname="com.CA.qa.TestCases.APITesting" name="testResponsecode" time="0.036"/>
  <system-out/>
  <testcase classname="com.CA.qa.TestCases.APITesting" name="testResponsecode" time="0.036"/>
  <system-out/>
  <testcase classname="com.CA.qa.TestCases.APITesting" name="testResponsecode" time="0.035"/>
  <system-out/>
  <testcase classname="com.CA.qa.TestCases.APITesting" name="testResponsecode" time="0.041"/>
  <system-out/>
  <testcase classname="com.CA.qa.TestCases.APITesting" name="testResponsecode" time="0.037"/>
  <system-out/>
  <testcase classname="com.CA.qa.TestCases.APITesting" name="testResponsecode" time="0.050"/>
  <system-out/>
  <testcase classname="com.CA.qa.TestCases.APITesting" name="testResponsecode" time="0.040"/>
  <system-out/>
  <testcase classname="com.CA.qa.TestCases.APITesting" name="testResponsecode" time="0.037"/>
  <system-out/>
  <testcase classname="com.CA.qa.TestCases.APITesting" name="testResponsecode" time="0.035"/>
  <system-out/>
  <testcase classname="com.CA.qa.TestCases.APITesting" name="testResponsecode" time="0.033"/>
  <system-out/>
  <testcase classname="com.CA.qa.TestCases.APITesting" name="testResponsecode" time="0.042"/>
  <system-out/>
  <testcase classname="com.CA.qa.TestCases.APITesting" name="testResponsecode" time="0.032"/>
  <system-out/>
  <testcase classname="com.CA.qa.TestCases.APITesting" name="testResponsecode" time="0.033"/>
  <system-out/>
  <testcase classname="com.CA.qa.TestCases.APITesting" name="testResponsecode" time="0.043"/>
  <system-out/>
  <testcase classname="com.CA.qa.TestCases.APITesting" name="testResponsecode" time="0.032"/>
  <system-out/>
  <testcase classname="com.CA.qa.TestCases.APITesting" name="testResponsecode" time="0.039"/>
  <system-out/>
  <testcase classname="com.CA.qa.TestCases.APITesting" name="testResponsecode" time="0.036"/>
  <system-out/>
  <testcase classname="com.CA.qa.TestCases.APITesting" name="testResponsecode" time="0.035"/>
  <system-out/>
  <testcase classname="com.CA.qa.TestCases.APITesting" name="testResponsecode" time="0.032"/>
  <system-out/>
  <testcase classname="com.CA.qa.TestCases.APITesting" name="testResponsecode" time="0.037"/>
  <system-out/>
  <testcase classname="com.CA.qa.TestCases.APITesting" name="testResponsecode" time="0.037"/>
  <system-out/>
  <testcase classname="com.CA.qa.TestCases.APITesting" name="testResponsecode" time="0.034"/>
  <system-out/>
  <testcase classname="com.CA.qa.TestCases.APITesting" name="testResponsecode" time="0.034"/>
  <system-out/>
  <testcase classname="com.CA.qa.TestCases.APITesting" name="testResponsecode" time="0.032"/>
  <system-out/>
  <testcase classname="com.CA.qa.TestCases.APITesting" name="testResponsecode" time="1.704"/>
  <system-out/>
  <testcase classname="com.CA.qa.TestCases.APITesting" name="testResponsecode" time="0.076"/>
  <system-out/>
  <testcase classname="com.CA.qa.TestCases.APITesting" name="testResponsecode" time="0.033"/>
  <system-out/>
  <testcase classname="com.CA.qa.TestCases.APITesting" name="testResponsecode" time="0.123"/>
  <system-out/>
  <testcase classname="com.CA.qa.TestCases.APITesting" name="testResponsecode" time="0.036"/>
  <system-out/>
  <testcase classname="com.CA.qa.TestCases.APITesting" name="testResponsecode" time="0.034"/>
  <system-out/>
  <testcase classname="com.CA.qa.TestCases.APITesting" name="testResponsecode" time="0.035"/>
  <system-out/>
  <testcase classname="com.CA.qa.TestCases.APITesting" name="testResponsecode" time="0.036"/>
  <system-out/>
  <testcase classname="com.CA.qa.TestCases.APITesting" name="testResponsecode" time="0.037"/>
  <system-out/>
  <testcase classname="com.CA.qa.TestCases.APITesting" name="testResponsecode" time="0.060"/>
  <system-out/>
  <testcase classname="com.CA.qa.TestCases.APITesting" name="testResponsecode" time="0.033"/>
  <system-out/>
  <testcase classname="com.CA.qa.TestCases.APITesting" name="testResponsecode" time="0.044"/>
  <system-out/>
  <testcase classname="com.CA.qa.TestCases.APITesting" name="testResponsecode" time="0.048"/>
  <system-out/>
  <testcase classname="com.CA.qa.TestCases.APITesting" name="testResponsecode" time="0.049"/>
  <system-out/>
  <testcase classname="com.CA.qa.TestCases.APITesting" name="testResponsecode" time="0.035"/>
  <system-out/>
  <testcase classname="com.CA.qa.TestCases.APITesting" name="testResponsecode" time="0.035"/>
  <system-out/>
  <testcase classname="com.CA.qa.TestCases.APITesting" name="testResponsecode" time="0.034"/>
  <system-out/>
  <testcase classname="com.CA.qa.TestCases.APITesting" name="testResponsecode" time="0.535"/>
  <system-out/>
  <testcase classname="com.CA.qa.TestCases.APITesting" name="testResponsecode" time="0.035"/>
  <system-out/>
  <testcase classname="com.CA.qa.TestCases.APITesting" name="testResponsecode" time="0.035"/>
  <system-out/>
  <testcase classname="com.CA.qa.TestCases.APITesting" name="testResponsecode" time="0.038"/>
  <system-out/>
  <testcase classname="com.CA.qa.TestCases.APITesting" name="testResponsecode" time="0.034"/>
  <system-out/>
  <testcase classname="com.CA.qa.TestCases.APITesting" name="testResponsecode" time="0.152"/>
  <system-out/>
  <testcase classname="com.CA.qa.TestCases.APITesting" name="testResponsecode" time="0.055"/>
  <system-out/>
  <testcase classname="com.CA.qa.TestCases.APITesting" name="testResponsecode" time="0.035"/>
  <system-out/>
  <testcase classname="com.CA.qa.TestCases.APITesting" name="testResponsecode" time="0.035"/>
  <system-out/>
  <testcase classname="com.CA.qa.TestCases.APITesting" name="testResponsecode" time="0.032"/>
  <system-out/>
  <testcase classname="com.CA.qa.TestCases.APITesting" name="testResponsecode" time="0.034"/>
  <system-out/>
  <testcase classname="com.CA.qa.TestCases.APITesting" name="testResponsecode" time="0.132"/>
  <system-out/>
  <testcase classname="com.CA.qa.TestCases.APITesting" name="testResponsecode" time="0.034"/>
  <system-out/>
  <testcase classname="com.CA.qa.TestCases.APITesting" name="testResponsecode" time="0.034"/>
  <system-out/>
  <testcase classname="com.CA.qa.TestCases.APITesting" name="testResponsecode" time="0.035"/>
  <system-out/>
  <testcase classname="com.CA.qa.TestCases.APITesting" name="testResponsecode" time="0.033"/>
  <system-out/>
  <testcase classname="com.CA.qa.TestCases.APITesting" name="testResponsecode" time="0.040"/>
  <system-out/>
  <testcase classname="com.CA.qa.TestCases.APITesting" name="testResponsecode" time="0.036"/>
  <system-out/>
  <testcase classname="com.CA.qa.TestCases.APITesting" name="testResponsecode" time="0.034"/>
  <system-out/>
  <testcase classname="com.CA.qa.TestCases.APITesting" name="testResponsecode" time="0.037"/>
  <system-out/>
  <testcase classname="com.CA.qa.TestCases.APITesting" name="testResponsecode" time="0.035"/>
  <system-out/>
  <testcase classname="com.CA.qa.TestCases.APITesting" name="testResponsecode" time="0.037"/>
  <system-out/>
  <testcase classname="com.CA.qa.TestCases.APITesting" name="testResponsecode" time="0.034"/>
  <system-out/>
  <testcase classname="com.CA.qa.TestCases.APITesting" name="testResponsecode" time="0.034"/>
  <system-out/>
  <testcase classname="com.CA.qa.TestCases.APITesting" name="testResponsecode" time="0.036"/>
  <system-out/>
  <testcase classname="com.CA.qa.TestCases.APITesting" name="testResponsecode" time="0.039"/>
  <system-out/>
  <testcase classname="com.CA.qa.TestCases.APITesting" name="testResponsecode" time="0.033"/>
  <system-out/>
  <testcase classname="com.CA.qa.TestCases.APITesting" name="testResponsecode" time="0.034"/>
  <system-out/>
  <testcase classname="com.CA.qa.TestCases.APITesting" name="testResponsecode" time="0.989"/>
  <system-out/>
  <testcase classname="com.CA.qa.TestCases.APITesting" name="testResponsecode" time="0.034"/>
  <system-out/>
  <testcase classname="com.CA.qa.TestCases.APITesting" name="testResponsecode" time="0.037"/>
  <system-out/>
  <testcase classname="com.CA.qa.TestCases.APITesting" name="testResponsecode" time="0.061"/>
  <system-out/>
  <testcase classname="com.CA.qa.TestCases.APITesting" name="testResponsecode" time="0.034"/>
  <system-out/>
  <testcase classname="com.CA.qa.TestCases.APITesting" name="testResponsecode" time="0.033"/>
  <system-out/>
  <testcase classname="com.CA.qa.TestCases.APITesting" name="testResponsecode" time="0.033"/>
  <system-out/>
  <testcase classname="com.CA.qa.TestCases.APITesting" name="testResponsecode" time="0.034"/>
  <system-out/>
  <testcase classname="com.CA.qa.TestCases.APITesting" name="testResponsecode" time="0.143"/>
  <system-out/>
  <testcase classname="com.CA.qa.TestCases.APITesting" name="testResponsecode" time="0.033"/>
  <system-out/>
  <testcase classname="com.CA.qa.TestCases.APITesting" name="testResponsecode" time="0.033"/>
  <system-out/>
  <testcase classname="com.CA.qa.TestCases.APITesting" name="testResponsecode" time="0.053"/>
  <system-out/>
  <testcase classname="com.CA.qa.TestCases.APITesting" name="testResponsecode" time="0.035"/>
  <system-out/>
  <testcase classname="com.CA.qa.TestCases.APITesting" name="testResponsecode" time="0.124"/>
  <system-out/>
  <testcase classname="com.CA.qa.TestCases.APITesting" name="testResponsecode" time="0.032"/>
  <system-out/>
  <testcase classname="com.CA.qa.TestCases.APITesting" name="testResponsecode" time="0.033"/>
  <system-out/>
  <testcase classname="com.CA.qa.TestCases.APITesting" name="testResponsecode" time="0.034"/>
  <system-out/>
  <testcase classname="com.CA.qa.TestCases.APITesting" name="testResponsecode" time="0.057"/>
  <system-out/>
  <testcase classname="com.CA.qa.TestCases.APITesting" name="testResponsecode" time="0.031"/>
  <system-out/>
  <testcase classname="com.CA.qa.TestCases.APITesting" name="testResponsecode" time="0.043"/>
  <system-out/>
  <testcase classname="com.CA.qa.TestCases.APITesting" name="testResponsecode" time="0.033"/>
  <system-out/>
  <testcase classname="com.CA.qa.TestCases.APITesting" name="testResponsecode" time="0.165"/>
  <system-out/>
  <testcase classname="com.CA.qa.TestCases.APITesting" name="testResponsecode" time="0.176"/>
  <system-out/>
  <testcase classname="com.CA.qa.TestCases.APITesting" name="testResponsecode" time="0.034"/>
  <system-out/>
  <testcase classname="com.CA.qa.TestCases.APITesting" name="testResponsecode" time="0.034"/>
  <system-out/>
  <testcase classname="com.CA.qa.TestCases.APITesting" name="testResponsecode" time="0.036"/>
  <system-out/>
  <testcase classname="com.CA.qa.TestCases.APITesting" name="testResponsecode" time="0.033"/>
  <system-out/>
  <testcase classname="com.CA.qa.TestCases.APITesting" name="testResponsecode" time="0.052"/>
  <system-out/>
  <testcase classname="com.CA.qa.TestCases.APITesting" name="testResponsecode" time="0.037"/>
  <system-out/>
  <testcase classname="com.CA.qa.TestCases.APITesting" name="testResponsecode" time="0.042"/>
  <system-out/>
  <testcase classname="com.CA.qa.TestCases.APITesting" name="testResponsecode" time="0.052"/>
  <system-out/>
  <testcase classname="com.CA.qa.TestCases.APITesting" name="testResponsecode" time="0.033"/>
  <system-out/>
  <testcase classname="com.CA.qa.TestCases.APITesting" name="testResponsecode" time="0.036"/>
  <system-out/>
  <testcase classname="com.CA.qa.TestCases.APITesting" name="testResponsecode" time="0.033"/>
  <system-out/>
  <testcase classname="com.CA.qa.TestCases.APITesting" name="testResponsecode" time="0.036"/>
  <system-out/>
  <testcase classname="com.CA.qa.TestCases.APITesting" name="testResponsecode" time="0.127"/>
  <system-out/>
  <testcase classname="com.CA.qa.TestCases.APITesting" name="testResponsecode" time="0.107"/>
  <system-out/>
  <testcase classname="com.CA.qa.TestCases.APITesting" name="testResponsecode" time="0.140"/>
  <system-out/>
  <testcase classname="com.CA.qa.TestCases.APITesting" name="testResponsecode" time="0.044"/>
  <system-out/>
  <testcase classname="com.CA.qa.TestCases.APITesting" name="testResponsecode" time="0.034"/>
  <system-out/>
  <testcase classname="com.CA.qa.TestCases.APITesting" name="testResponsecode" time="0.066"/>
  <system-out/>
  <testcase classname="com.CA.qa.TestCases.APITesting" name="testResponsecode" time="0.033"/>
  <system-out/>
  <testcase classname="com.CA.qa.TestCases.APITesting" name="testResponsecode" time="0.046"/>
  <system-out/>
  <testcase classname="com.CA.qa.TestCases.APITesting" name="testResponsecode" time="0.040"/>
  <system-out/>
  <testcase classname="com.CA.qa.TestCases.APITesting" name="testResponsecode" time="0.032"/>
  <system-out/>
  <testcase classname="com.CA.qa.TestCases.APITesting" name="testResponsecode" time="0.170"/>
  <system-out/>
  <testcase classname="com.CA.qa.TestCases.APITesting" name="testResponsecode" time="0.934"/>
  <system-out/>
  <testcase classname="com.CA.qa.TestCases.APITesting" name="testResponsecode" time="0.096"/>
  <system-out/>
  <testcase classname="com.CA.qa.TestCases.APITesting" name="testResponsecode" time="0.039"/>
  <system-out/>
  <testcase classname="com.CA.qa.TestCases.APITesting" name="testResponsecode" time="0.848"/>
  <system-out/>
  <testcase classname="com.CA.qa.TestCases.APITesting" name="testResponsecode" time="0.041"/>
  <system-out/>
  <testcase classname="com.CA.qa.TestCases.APITesting" name="testResponsecode" time="0.034"/>
  <system-out/>
  <testcase classname="com.CA.qa.TestCases.APITesting" name="testResponsecode" time="0.150"/>
  <system-out/>
  <testcase classname="com.CA.qa.TestCases.APITesting" name="testResponsecode" time="0.033"/>
  <system-out/>
  <testcase classname="com.CA.qa.TestCases.APITesting" name="testResponsecode" time="0.036"/>
  <system-out/>
  <testcase classname="com.CA.qa.TestCases.APITesting" name="testResponsecode" time="0.033"/>
  <system-out/>
  <testcase classname="com.CA.qa.TestCases.APITesting" name="testResponsecode" time="0.038"/>
  <system-out/>
  <testcase classname="com.CA.qa.TestCases.APITesting" name="testResponsecode" time="0.036"/>
  <system-out/>
  <testcase classname="com.CA.qa.TestCases.APITesting" name="testResponsecode" time="0.033"/>
  <system-out/>
  <testcase classname="com.CA.qa.TestCases.APITesting" name="testResponsecode" time="0.105"/>
  <system-out/>
  <testcase classname="com.CA.qa.TestCases.APITesting" name="testResponsecode" time="0.177"/>
  <system-out/>
  <testcase classname="com.CA.qa.TestCases.APITesting" name="testResponsecode" time="0.034"/>
  <system-out/>
  <testcase classname="com.CA.qa.TestCases.APITesting" name="testResponsecode" time="0.038"/>
  <system-out/>
  <testcase classname="com.CA.qa.TestCases.APITesting" name="testResponsecode" time="0.033"/>
  <system-out/>
  <testcase classname="com.CA.qa.TestCases.APITesting" name="testResponsecode" time="0.122"/>
  <system-out/>
  <testcase classname="com.CA.qa.TestCases.APITesting" name="testResponsecode" time="0.038"/>
  <system-out/>
  <testcase classname="com.CA.qa.TestCases.APITesting" name="testResponsecode" time="0.037"/>
  <system-out/>
  <testcase classname="com.CA.qa.TestCases.APITesting" name="testResponsecode" time="0.035"/>
  <system-out/>
  <testcase classname="com.CA.qa.TestCases.APITesting" name="testResponsecode" time="0.033"/>
  <system-out/>
  <testcase classname="com.CA.qa.TestCases.APITesting" name="testResponsecode" time="0.038"/>
  <system-out/>
  <testcase classname="com.CA.qa.TestCases.APITesting" name="testResponsecode" time="0.034"/>
  <system-out/>
  <testcase classname="com.CA.qa.TestCases.APITesting" name="testResponsecode" time="0.035"/>
  <system-out/>
  <testcase classname="com.CA.qa.TestCases.APITesting" name="testResponsecode" time="0.037"/>
  <system-out/>
  <testcase classname="com.CA.qa.TestCases.APITesting" name="testResponsecode" time="0.035"/>
  <system-out/>
  <testcase classname="com.CA.qa.TestCases.APITesting" name="testResponsecode" time="0.032"/>
  <system-out/>
  <testcase classname="com.CA.qa.TestCases.APITesting" name="testResponsecode" time="0.036"/>
  <system-out/>
  <testcase classname="com.CA.qa.TestCases.APITesting" name="testResponsecode" time="0.033"/>
  <system-out/>
  <testcase classname="com.CA.qa.TestCases.APITesting" name="testResponsecode" time="0.033"/>
  <system-out/>
  <testcase classname="com.CA.qa.TestCases.APITesting" name="testResponsecode" time="0.037"/>
  <system-out/>
  <testcase classname="com.CA.qa.TestCases.APITesting" name="testResponsecode" time="0.039"/>
  <system-out/>
  <testcase classname="com.CA.qa.TestCases.APITesting" name="testResponsecode" time="0.033"/>
  <system-out/>
  <testcase classname="com.CA.qa.TestCases.APITesting" name="testResponsecode" time="0.038"/>
  <system-out/>
  <testcase classname="com.CA.qa.TestCases.APITesting" name="testResponsecode" time="0.036"/>
  <system-out/>
  <testcase classname="com.CA.qa.TestCases.APITesting" name="testResponsecode" time="0.033"/>
  <system-out/>
  <testcase classname="com.CA.qa.TestCases.APITesting" name="testResponsecode" time="0.033"/>
  <system-out/>
  <testcase classname="com.CA.qa.TestCases.APITesting" name="testResponsecode" time="0.033"/>
  <system-out/>
  <testcase classname="com.CA.qa.TestCases.APITesting" name="testResponsecode" time="0.037"/>
  <system-out/>
  <testcase classname="com.CA.qa.TestCases.APITesting" name="testResponsecode" time="0.085"/>
  <system-out/>
  <testcase classname="com.CA.qa.TestCases.APITesting" name="testResponsecode" time="0.033"/>
  <system-out/>
  <testcase classname="com.CA.qa.TestCases.APITesting" name="testResponsecode" time="0.035"/>
  <system-out/>
  <testcase classname="com.CA.qa.TestCases.APITesting" name="testResponsecode" time="0.066"/>
  <system-out/>
  <testcase classname="com.CA.qa.TestCases.APITesting" name="testResponsecode" time="0.034"/>
  <system-out/>
  <testcase classname="com.CA.qa.TestCases.APITesting" name="testResponsecode" time="0.033"/>
  <system-out/>
  <testcase classname="com.CA.qa.TestCases.APITesting" name="testResponsecode" time="0.037"/>
  <system-out/>
  <testcase classname="com.CA.qa.TestCases.APITesting" name="testResponsecode" time="0.032"/>
  <system-out/>
  <testcase classname="com.CA.qa.TestCases.APITesting" name="testResponsecode" time="0.036"/>
  <system-out/>
  <testcase classname="com.CA.qa.TestCases.APITesting" name="testResponsecode" time="0.039"/>
  <system-out/>
  <testcase classname="com.CA.qa.TestCases.APITesting" name="testResponsecode" time="0.169"/>
  <system-out/>
  <testcase classname="com.CA.qa.TestCases.APITesting" name="testResponsecode" time="0.058"/>
  <system-out/>
  <testcase classname="com.CA.qa.TestCases.APITesting" name="testResponsecode" time="0.037"/>
  <system-out/>
  <testcase classname="com.CA.qa.TestCases.APITesting" name="testResponsecode" time="0.061"/>
  <system-out/>
  <testcase classname="com.CA.qa.TestCases.APITesting" name="testResponsecode" time="0.033"/>
  <system-out/>
  <testcase classname="com.CA.qa.TestCases.APITesting" name="testResponsecode" time="0.130"/>
  <system-out/>
  <testcase classname="com.CA.qa.TestCases.APITesting" name="testResponsecode" time="0.035"/>
  <system-out/>
  <testcase classname="com.CA.qa.TestCases.APITesting" name="testResponsecode" time="0.045"/>
  <system-out/>
  <testcase classname="com.CA.qa.TestCases.APITesting" name="testResponsecode" time="0.032"/>
  <system-out/>
  <testcase classname="com.CA.qa.TestCases.APITesting" name="testResponsecode" time="0.040"/>
  <system-out/>
  <testcase classname="com.CA.qa.TestCases.APITesting" name="testResponsecode" time="0.031"/>
  <system-out/>
  <testcase classname="com.CA.qa.TestCases.APITesting" name="testResponsecode" time="0.033"/>
  <system-out/>
  <testcase classname="com.CA.qa.TestCases.APITesting" name="testResponsecode" time="0.127"/>
  <system-out/>
  <testcase classname="com.CA.qa.TestCases.APITesting" name="testResponsecode" time="0.032"/>
  <system-out/>
  <testcase classname="com.CA.qa.TestCases.APITesting" name="testResponsecode" time="0.044"/>
  <system-out/>
  <testcase classname="com.CA.qa.TestCases.APITesting" name="testResponsecode" time="0.033"/>
  <system-out/>
  <testcase classname="com.CA.qa.TestCases.APITesting" name="testResponsecode" time="0.040"/>
  <system-out/>
  <testcase classname="com.CA.qa.TestCases.APITesting" name="testResponsecode" time="0.075"/>
  <system-out/>
  <testcase classname="com.CA.qa.TestCases.APITesting" name="testResponsecode" time="0.035"/>
  <system-out/>
  <testcase classname="com.CA.qa.TestCases.APITesting" name="testResponsecode" time="0.052"/>
  <system-out/>
  <testcase classname="com.CA.qa.TestCases.APITesting" name="testResponsecode" time="0.033"/>
  <system-out/>
  <testcase classname="com.CA.qa.TestCases.APITesting" name="testResponsecode" time="0.032"/>
  <system-out/>
  <testcase classname="com.CA.qa.TestCases.APITesting" name="testResponsecode" time="0.039"/>
  <system-out/>
  <testcase classname="com.CA.qa.TestCases.APITesting" name="testResponsecode" time="0.039"/>
  <system-out/>
  <testcase classname="com.CA.qa.TestCases.APITesting" name="testResponsecode" time="0.033"/>
  <system-out/>
  <testcase classname="com.CA.qa.TestCases.APITesting" name="testResponsecode" time="0.037"/>
  <system-out/>
  <testcase classname="com.CA.qa.TestCases.APITesting" name="testResponsecode" time="0.034"/>
  <system-out/>
  <testcase classname="com.CA.qa.TestCases.APITesting" name="testResponsecode" time="0.043"/>
  <system-out/>
  <testcase classname="com.CA.qa.TestCases.APITesting" name="testResponsecode" time="0.049"/>
  <system-out/>
  <testcase classname="com.CA.qa.TestCases.APITesting" name="testResponsecode" time="0.040"/>
  <system-out/>
  <testcase classname="com.CA.qa.TestCases.APITesting" name="testResponsecode" time="0.033"/>
  <system-out/>
  <testcase classname="com.CA.qa.TestCases.APITesting" name="testResponsecode" time="0.041"/>
  <system-out/>
  <testcase classname="com.CA.qa.TestCases.APITesting" name="testResponsecode" time="0.032"/>
  <system-out/>
  <testcase classname="com.CA.qa.TestCases.APITesting" name="testResponsecode" time="0.529"/>
  <system-out/>
  <testcase classname="com.CA.qa.TestCases.APITesting" name="testResponsecode" time="0.047"/>
  <system-out/>
  <testcase classname="com.CA.qa.TestCases.APITesting" name="testResponsecode" time="0.033"/>
  <system-out/>
  <testcase classname="com.CA.qa.TestCases.APITesting" name="testResponsecode" time="0.032"/>
  <system-out/>
  <testcase classname="com.CA.qa.TestCases.APITesting" name="testResponsecode" time="0.046"/>
  <system-out/>
  <testcase classname="com.CA.qa.TestCases.APITesting" name="testResponsecode" time="0.303"/>
  <system-out/>
  <testcase classname="com.CA.qa.TestCases.APITesting" name="testResponsecode" time="0.049"/>
  <system-out/>
  <testcase classname="com.CA.qa.TestCases.APITesting" name="testResponsecode" time="0.039"/>
  <system-out/>
  <testcase classname="com.CA.qa.TestCases.APITesting" name="testResponsecode" time="0.034"/>
  <system-out/>
  <testcase classname="com.CA.qa.TestCases.APITesting" name="testResponsecode" time="0.040"/>
  <system-out/>
  <testcase classname="com.CA.qa.TestCases.APITesting" name="testResponsecode" time="0.038"/>
  <system-out/>
  <testcase classname="com.CA.qa.TestCases.APITesting" name="testResponsecode" time="0.034"/>
  <system-out/>
  <testcase classname="com.CA.qa.TestCases.APITesting" name="testResponsecode" time="0.033"/>
  <system-out/>
  <testcase classname="com.CA.qa.TestCases.APITesting" name="testResponsecode" time="0.033"/>
  <system-out/>
  <testcase classname="com.CA.qa.TestCases.APITesting" name="testResponsecode" time="0.058"/>
  <system-out/>
  <testcase classname="com.CA.qa.TestCases.APITesting" name="testResponsecode" time="0.036"/>
  <system-out/>
  <testcase classname="com.CA.qa.TestCases.APITesting" name="testResponsecode" time="0.032"/>
  <system-out/>
  <testcase classname="com.CA.qa.TestCases.APITesting" name="testResponsecode" time="0.036"/>
  <system-out/>
  <testcase classname="com.CA.qa.TestCases.APITesting" name="testResponsecode" time="0.059"/>
  <system-out/>
  <testcase classname="com.CA.qa.TestCases.APITesting" name="testResponsecode" time="0.032"/>
  <system-out/>
  <testcase classname="com.CA.qa.TestCases.APITesting" name="testResponsecode" time="0.047"/>
  <system-out/>
  <testcase classname="com.CA.qa.TestCases.APITesting" name="testResponsecode" time="0.042"/>
  <system-out/>
  <testcase classname="com.CA.qa.TestCases.APITesting" name="testResponsecode" time="0.034"/>
  <system-out/>
  <testcase classname="com.CA.qa.TestCases.APITesting" name="testResponsecode" time="0.043"/>
  <system-out/>
  <testcase classname="com.CA.qa.TestCases.APITesting" name="testResponsecode" time="0.133"/>
  <system-out/>
  <testcase classname="com.CA.qa.TestCases.APITesting" name="testResponsecode" time="0.091"/>
  <system-out/>
  <testcase classname="com.CA.qa.TestCases.APITesting" name="testResponsecode" time="0.037"/>
  <system-out/>
  <testcase classname="com.CA.qa.TestCases.APITesting" name="testResponsecode" time="0.072"/>
  <system-out/>
  <testcase classname="com.CA.qa.TestCases.APITesting" name="testResponsecode" time="0.034"/>
  <system-out/>
  <testcase classname="com.CA.qa.TestCases.APITesting" name="testResponsecode" time="0.035"/>
  <system-out/>
  <testcase classname="com.CA.qa.TestCases.APITesting" name="testResponsecode" time="0.041"/>
  <system-out/>
  <testcase classname="com.CA.qa.TestCases.APITesting" name="testResponsecode" time="0.033"/>
  <system-out/>
  <testcase classname="com.CA.qa.TestCases.APITesting" name="testResponsecode" time="0.139"/>
  <system-out/>
  <testcase classname="com.CA.qa.TestCases.APITesting" name="testResponsecode" time="0.034"/>
  <system-out/>
  <testcase classname="com.CA.qa.TestCases.APITesting" name="testResponsecode" time="0.033"/>
  <system-out/>
  <testcase classname="com.CA.qa.TestCases.APITesting" name="testResponsecode" time="0.036"/>
  <system-out/>
  <testcase classname="com.CA.qa.TestCases.APITesting" name="testResponsecode" time="0.036"/>
  <system-out/>
  <testcase classname="com.CA.qa.TestCases.APITesting" name="testResponsecode" time="0.035"/>
  <system-out/>
  <testcase classname="com.CA.qa.TestCases.APITesting" name="testResponsecode" time="0.032"/>
  <system-out/>
  <testcase classname="com.CA.qa.TestCases.APITesting" name="testResponsecode" time="0.041"/>
  <system-out/>
  <testcase classname="com.CA.qa.TestCases.APITesting" name="testResponsecode" time="0.033"/>
  <system-out/>
  <testcase classname="com.CA.qa.TestCases.APITesting" name="testResponsecode" time="0.035"/>
  <system-out/>
  <testcase classname="com.CA.qa.TestCases.APITesting" name="testResponsecode" time="0.053"/>
  <system-out/>
  <testcase classname="com.CA.qa.TestCases.APITesting" name="testResponsecode" time="0.035"/>
  <system-out/>
  <testcase classname="com.CA.qa.TestCases.APITesting" name="testResponsecode" time="0.220"/>
  <system-out/>
  <testcase classname="com.CA.qa.TestCases.APITesting" name="testResponsecode" time="0.155"/>
  <system-out/>
  <testcase classname="com.CA.qa.TestCases.APITesting" name="testResponsecode" time="0.033"/>
  <system-out/>
  <testcase classname="com.CA.qa.TestCases.APITesting" name="testResponsecode" time="0.032"/>
  <system-out/>
  <testcase classname="com.CA.qa.TestCases.APITesting" name="testResponsecode" time="0.068"/>
  <system-out/>
  <testcase classname="com.CA.qa.TestCases.APITesting" name="testResponsecode" time="0.035"/>
  <system-out/>
  <testcase classname="com.CA.qa.TestCases.APITesting" name="testResponsecode" time="0.043"/>
  <system-out/>
  <testcase classname="com.CA.qa.TestCases.APITesting" name="testResponsecode" time="0.045"/>
  <system-out/>
  <testcase classname="com.CA.qa.TestCases.APITesting" name="testResponsecode" time="0.039"/>
  <system-out/>
  <testcase classname="com.CA.qa.TestCases.APITesting" name="testResponsecode" time="0.033"/>
  <system-out/>
  <testcase classname="com.CA.qa.TestCases.APITesting" name="testResponsecode" time="0.035"/>
  <system-out/>
  <testcase classname="com.CA.qa.TestCases.APITesting" name="testResponsecode" time="0.033"/>
  <system-out/>
  <testcase classname="com.CA.qa.TestCases.APITesting" name="testResponsecode" time="0.033"/>
  <system-out/>
  <testcase classname="com.CA.qa.TestCases.APITesting" name="testResponsecode" time="0.045"/>
  <system-out/>
  <testcase classname="com.CA.qa.TestCases.APITesting" name="testResponsecode" time="0.184"/>
  <system-out/>
  <testcase classname="com.CA.qa.TestCases.APITesting" name="testResponsecode" time="0.036"/>
  <system-out/>
  <testcase classname="com.CA.qa.TestCases.APITesting" name="testResponsecode" time="0.033"/>
  <system-out/>
  <testcase classname="com.CA.qa.TestCases.APITesting" name="testResponsecode" time="0.043"/>
  <system-out/>
  <testcase classname="com.CA.qa.TestCases.APITesting" name="testResponsecode" time="0.035"/>
  <system-out/>
  <testcase classname="com.CA.qa.TestCases.APITesting" name="testResponsecode" time="0.037"/>
  <system-out/>
  <testcase classname="com.CA.qa.TestCases.APITesting" name="testResponsecode" time="0.041"/>
  <system-out/>
  <testcase classname="com.CA.qa.TestCases.APITesting" name="testResponsecode" time="0.144"/>
  <system-out/>
  <testcase classname="com.CA.qa.TestCases.APITesting" name="testResponsecode" time="0.034"/>
  <system-out/>
  <testcase classname="com.CA.qa.TestCases.APITesting" name="testResponsecode" time="0.068"/>
  <system-out/>
  <testcase classname="com.CA.qa.TestCases.APITesting" name="testResponsecode" time="0.126"/>
  <system-out/>
  <testcase classname="com.CA.qa.TestCases.APITesting" name="testResponsecode" time="0.033"/>
  <system-out/>
  <testcase classname="com.CA.qa.TestCases.APITesting" name="testResponsecode" time="0.051"/>
  <system-out/>
  <testcase classname="com.CA.qa.TestCases.APITesting" name="testResponsecode" time="0.034"/>
  <system-out/>
  <testcase classname="com.CA.qa.TestCases.APITesting" name="testResponsecode" time="0.034"/>
  <system-out/>
  <testcase classname="com.CA.qa.TestCases.APITesting" name="testResponsecode" time="0.037"/>
  <system-out/>
  <testcase classname="com.CA.qa.TestCases.APITesting" name="testResponsecode" time="0.042"/>
  <system-out/>
  <testcase classname="com.CA.qa.TestCases.APITesting" name="testResponsecode" time="0.039"/>
  <system-out/>
  <testcase classname="com.CA.qa.TestCases.APITesting" name="testResponsecode" time="0.054"/>
  <system-out/>
  <testcase classname="com.CA.qa.TestCases.APITesting" name="testResponsecode" time="0.039"/>
  <system-out/>
  <testcase classname="com.CA.qa.TestCases.APITesting" name="testResponsecode" time="0.039"/>
  <system-out/>
  <testcase classname="com.CA.qa.TestCases.APITesting" name="testResponsecode" time="0.033"/>
  <system-out/>
  <testcase classname="com.CA.qa.TestCases.APITesting" name="testResponsecode" time="0.040"/>
  <system-out/>
  <testcase classname="com.CA.qa.TestCases.APITesting" name="testResponsecode" time="0.033"/>
  <system-out/>
  <testcase classname="com.CA.qa.TestCases.APITesting" name="testResponsecode" time="0.041"/>
  <system-out/>
  <testcase classname="com.CA.qa.TestCases.APITesting" name="testResponsecode" time="0.034"/>
  <system-out/>
  <testcase classname="com.CA.qa.TestCases.APITesting" name="testResponsecode" time="0.039"/>
  <system-out/>
  <testcase classname="com.CA.qa.TestCases.APITesting" name="testResponsecode" time="0.034"/>
  <system-out/>
  <testcase classname="com.CA.qa.TestCases.APITesting" name="testResponsecode" time="0.035"/>
  <system-out/>
  <testcase classname="com.CA.qa.TestCases.APITesting" name="testResponsecode" time="0.037"/>
  <system-out/>
  <testcase classname="com.CA.qa.TestCases.APITesting" name="testResponsecode" time="0.034"/>
  <system-out/>
  <testcase classname="com.CA.qa.TestCases.APITesting" name="testResponsecode" time="0.034"/>
  <system-out/>
  <testcase classname="com.CA.qa.TestCases.APITesting" name="testResponsecode" time="0.038"/>
  <system-out/>
  <testcase classname="com.CA.qa.TestCases.APITesting" name="testResponsecode" time="0.034"/>
  <system-out/>
  <testcase classname="com.CA.qa.TestCases.APITesting" name="testResponsecode" time="0.034"/>
  <system-out/>
  <testcase classname="com.CA.qa.TestCases.APITesting" name="testResponsecode" time="0.047"/>
  <system-out/>
  <testcase classname="com.CA.qa.TestCases.APITesting" name="testResponsecode" time="0.145"/>
  <system-out/>
  <testcase classname="com.CA.qa.TestCases.APITesting" name="testResponsecode" time="0.042"/>
  <system-out/>
  <testcase classname="com.CA.qa.TestCases.APITesting" name="testResponsecode" time="0.034"/>
  <system-out/>
  <testcase classname="com.CA.qa.TestCases.APITesting" name="testResponsecode" time="0.035"/>
  <system-out/>
  <testcase classname="com.CA.qa.TestCases.APITesting" name="testResponsecode" time="0.032"/>
  <system-out/>
  <testcase classname="com.CA.qa.TestCases.APITesting" name="testResponsecode" time="0.725"/>
  <system-out/>
  <testcase classname="com.CA.qa.TestCases.APITesting" name="testResponsecode" time="0.074"/>
  <system-out/>
  <testcase classname="com.CA.qa.TestCases.APITesting" name="testResponsecode" time="0.039"/>
  <system-out/>
  <testcase classname="com.CA.qa.TestCases.APITesting" name="testResponsecode" time="0.032"/>
  <system-out/>
  <testcase classname="com.CA.qa.TestCases.APITesting" name="testResponsecode" time="0.056"/>
  <system-out/>
  <testcase classname="com.CA.qa.TestCases.APITesting" name="testResponsecode" time="0.214"/>
  <system-out/>
  <testcase classname="com.CA.qa.TestCases.APITesting" name="testResponsecode" time="0.033"/>
  <system-out/>
  <testcase classname="com.CA.qa.TestCases.APITesting" name="testResponsecode" time="0.041"/>
  <system-out/>
  <testcase classname="com.CA.qa.TestCases.APITesting" name="testResponsecode" time="0.047"/>
  <system-out/>
  <testcase classname="com.CA.qa.TestCases.APITesting" name="testResponsecode" time="0.033"/>
  <system-out/>
  <testcase classname="com.CA.qa.TestCases.APITesting" name="testResponsecode" time="0.036"/>
  <system-out/>
  <testcase classname="com.CA.qa.TestCases.APITesting" name="testResponsecode" time="0.033"/>
  <system-out/>
  <testcase classname="com.CA.qa.TestCases.APITesting" name="testResponsecode" time="0.059"/>
  <system-out/>
  <testcase classname="com.CA.qa.TestCases.APITesting" name="testResponsecode" time="0.042"/>
  <system-out/>
  <testcase classname="com.CA.qa.TestCases.APITesting" name="testResponsecode" time="0.044"/>
  <system-out/>
  <testcase classname="com.CA.qa.TestCases.APITesting" name="testResponsecode" time="0.033"/>
  <system-out/>
  <testcase classname="com.CA.qa.TestCases.APITesting" name="testResponsecode" time="0.037"/>
  <system-out/>
  <testcase classname="com.CA.qa.TestCases.APITesting" name="testResponsecode" time="0.032"/>
  <system-out/>
  <testcase classname="com.CA.qa.TestCases.APITesting" name="testResponsecode" time="0.083"/>
  <system-out/>
  <testcase classname="com.CA.qa.TestCases.APITesting" name="testResponsecode" time="0.047"/>
  <system-out/>
  <testcase classname="com.CA.qa.TestCases.APITesting" name="testResponsecode" time="0.048"/>
  <system-out/>
  <testcase classname="com.CA.qa.TestCases.APITesting" name="testResponsecode" time="0.039"/>
  <system-out/>
  <testcase classname="com.CA.qa.TestCases.APITesting" name="testResponsecode" time="0.033"/>
  <system-out/>
  <testcase classname="com.CA.qa.TestCases.APITesting" name="testResponsecode" time="0.046"/>
  <system-out/>
  <testcase classname="com.CA.qa.TestCases.APITesting" name="testResponsecode" time="0.032"/>
  <system-out/>
  <testcase classname="com.CA.qa.TestCases.APITesting" name="testResponsecode" time="0.040"/>
  <system-out/>
  <testcase classname="com.CA.qa.TestCases.APITesting" name="testResponsecode" time="0.034"/>
  <system-out/>
  <testcase classname="com.CA.qa.TestCases.APITesting" name="testResponsecode" time="0.033"/>
  <system-out/>
  <testcase classname="com.CA.qa.TestCases.APITesting" name="testResponsecode" time="0.765"/>
  <system-out/>
  <testcase classname="com.CA.qa.TestCases.APITesting" name="testResponsecode" time="0.032"/>
  <system-out/>
  <testcase classname="com.CA.qa.TestCases.APITesting" name="testResponsecode" time="0.037"/>
  <system-out/>
  <testcase classname="com.CA.qa.TestCases.APITesting" name="testResponsecode" time="0.053"/>
  <system-out/>
  <testcase classname="com.CA.qa.TestCases.APITesting" name="testResponsecode" time="0.205"/>
  <system-out/>
  <testcase classname="com.CA.qa.TestCases.APITesting" name="testResponsecode" time="0.053"/>
  <system-out/>
  <testcase classname="com.CA.qa.TestCases.APITesting" name="testResponsecode" time="0.038"/>
  <system-out/>
  <testcase classname="com.CA.qa.TestCases.APITesting" name="testResponsecode" time="0.035"/>
  <system-out/>
  <testcase classname="com.CA.qa.TestCases.APITesting" name="testResponsecode" time="0.256"/>
  <system-out/>
  <testcase classname="com.CA.qa.TestCases.APITesting" name="testResponsecode" time="0.041"/>
  <system-out/>
  <testcase classname="com.CA.qa.TestCases.APITesting" name="testResponsecode" time="0.098"/>
  <system-out/>
  <testcase classname="com.CA.qa.TestCases.APITesting" name="testResponsecode" time="0.033"/>
  <system-out/>
  <testcase classname="com.CA.qa.TestCases.APITesting" name="testResponsecode" time="0.034"/>
  <system-out/>
  <testcase classname="com.CA.qa.TestCases.APITesting" name="testResponsecode" time="0.034"/>
  <system-out/>
  <testcase classname="com.CA.qa.TestCases.APITesting" name="testResponsecode" time="0.087"/>
  <system-out/>
  <testcase classname="com.CA.qa.TestCases.APITesting" name="testResponsecode" time="0.083"/>
  <system-out/>
  <testcase classname="com.CA.qa.TestCases.APITesting" name="testResponsecode" time="0.034"/>
  <system-out/>
  <testcase classname="com.CA.qa.TestCases.APITesting" name="testResponsecode" time="0.037"/>
  <system-out/>
  <testcase classname="com.CA.qa.TestCases.APITesting" name="testResponsecode" time="0.037"/>
  <system-out/>
  <testcase classname="com.CA.qa.TestCases.APITesting" name="testResponsecode" time="0.034"/>
  <system-out/>
  <testcase classname="com.CA.qa.TestCases.APITesting" name="testResponsecode" time="0.040"/>
  <system-out/>
  <testcase classname="com.CA.qa.TestCases.APITesting" name="testResponsecode" time="0.035"/>
  <system-out/>
  <testcase classname="com.CA.qa.TestCases.APITesting" name="testResponsecode" time="0.036"/>
  <system-out/>
  <testcase classname="com.CA.qa.TestCases.APITesting" name="testResponsecode" time="0.033"/>
  <system-out/>
  <testcase classname="com.CA.qa.TestCases.APITesting" name="testResponsecode" time="0.145"/>
  <system-out/>
  <testcase classname="com.CA.qa.TestCases.APITesting" name="testResponsecode" time="0.036"/>
  <system-out/>
  <testcase classname="com.CA.qa.TestCases.APITesting" name="testResponsecode" time="0.034"/>
  <system-out/>
  <testcase classname="com.CA.qa.TestCases.APITesting" name="testResponsecode" time="0.033"/>
  <system-out/>
  <testcase classname="com.CA.qa.TestCases.APITesting" name="testResponsecode" time="0.033"/>
  <system-out/>
  <testcase classname="com.CA.qa.TestCases.APITesting" name="testResponsecode" time="0.920"/>
  <system-out/>
  <testcase classname="com.CA.qa.TestCases.APITesting" name="testResponsecode" time="0.038"/>
  <system-out/>
  <testcase classname="com.CA.qa.TestCases.APITesting" name="testResponsecode" time="0.035"/>
  <system-out/>
  <testcase classname="com.CA.qa.TestCases.APITesting" name="testResponsecode" time="0.131"/>
  <system-out/>
  <testcase classname="com.CA.qa.TestCases.APITesting" name="testResponsecode" time="0.041"/>
  <system-out/>
  <testcase classname="com.CA.qa.TestCases.APITesting" name="testResponsecode" time="0.142"/>
  <system-out/>
  <testcase classname="com.CA.qa.TestCases.APITesting" name="testResponsecode" time="0.035"/>
  <system-out/>
  <testcase classname="com.CA.qa.TestCases.APITesting" name="testResponsecode" time="0.032"/>
  <system-out/>
  <testcase classname="com.CA.qa.TestCases.APITesting" name="testResponsecode" time="0.039"/>
  <system-out/>
  <testcase classname="com.CA.qa.TestCases.APITesting" name="testResponsecode" time="0.200"/>
  <system-out/>
  <testcase classname="com.CA.qa.TestCases.APITesting" name="testResponsecode" time="0.066"/>
  <system-out/>
  <testcase classname="com.CA.qa.TestCases.APITesting" name="testResponsecode" time="0.041"/>
  <system-out/>
  <testcase classname="com.CA.qa.TestCases.APITesting" name="testResponsecode" time="0.042"/>
  <system-out/>
  <testcase classname="com.CA.qa.TestCases.APITesting" name="testResponsecode" time="0.034"/>
  <system-out/>
  <testcase classname="com.CA.qa.TestCases.APITesting" name="testResponsecode" time="0.034"/>
  <system-out/>
  <testcase classname="com.CA.qa.TestCases.APITesting" name="testResponsecode" time="0.047"/>
  <system-out/>
  <testcase classname="com.CA.qa.TestCases.APITesting" name="testResponsecode" time="0.055"/>
  <system-out/>
  <testcase classname="com.CA.qa.TestCases.APITesting" name="testResponsecode" time="0.032"/>
  <system-out/>
  <testcase classname="com.CA.qa.TestCases.APITesting" name="testResponsecode" time="0.057"/>
  <system-out/>
  <testcase classname="com.CA.qa.TestCases.APITesting" name="testResponsecode" time="0.059"/>
  <system-out/>
  <testcase classname="com.CA.qa.TestCases.APITesting" name="testResponsecode" time="0.127"/>
  <system-out/>
  <testcase classname="com.CA.qa.TestCases.APITesting" name="testResponsecode" time="0.040"/>
  <system-out/>
  <testcase classname="com.CA.qa.TestCases.APITesting" name="testResponsecode" time="0.033"/>
  <system-out/>
  <testcase classname="com.CA.qa.TestCases.APITesting" name="testResponsecode" time="0.037"/>
  <system-out/>
  <testcase classname="com.CA.qa.TestCases.APITesting" name="testResponsecode" time="0.035"/>
  <system-out/>
  <testcase classname="com.CA.qa.TestCases.APITesting" name="testResponsecode" time="0.071"/>
  <system-out/>
  <testcase classname="com.CA.qa.TestCases.APITesting" name="testResponsecode" time="0.033"/>
  <system-out/>
  <testcase classname="com.CA.qa.TestCases.APITesting" name="testResponsecode" time="0.040"/>
  <system-out/>
  <testcase classname="com.CA.qa.TestCases.APITesting" name="testResponsecode" time="0.033"/>
  <system-out/>
  <testcase classname="com.CA.qa.TestCases.APITesting" name="testResponsecode" time="0.032"/>
  <system-out/>
  <testcase classname="com.CA.qa.TestCases.APITesting" name="testResponsecode" time="0.034"/>
  <system-out/>
  <testcase classname="com.CA.qa.TestCases.APITesting" name="testResponsecode" time="0.034"/>
  <system-out/>
  <testcase classname="com.CA.qa.TestCases.APITesting" name="testResponsecode" time="0.033"/>
  <system-out/>
  <testcase classname="com.CA.qa.TestCases.APITesting" name="testResponsecode" time="0.033"/>
  <system-out/>
  <testcase classname="com.CA.qa.TestCases.APITesting" name="testResponsecode" time="0.033"/>
  <system-out/>
  <testcase classname="com.CA.qa.TestCases.APITesting" name="testResponsecode" time="0.035"/>
  <system-out/>
  <testcase classname="com.CA.qa.TestCases.APITesting" name="testResponsecode" time="0.036"/>
  <system-out/>
  <testcase classname="com.CA.qa.TestCases.APITesting" name="testResponsecode" time="0.592"/>
  <system-out/>
  <testcase classname="com.CA.qa.TestCases.APITesting" name="testResponsecode" time="0.040"/>
  <system-out/>
  <testcase classname="com.CA.qa.TestCases.APITesting" name="testResponsecode" time="0.068"/>
  <system-out/>
  <testcase classname="com.CA.qa.TestCases.APITesting" name="testResponsecode" time="0.034"/>
  <system-out/>
  <testcase classname="com.CA.qa.TestCases.APITesting" name="testResponsecode" time="0.037"/>
  <system-out/>
  <testcase classname="com.CA.qa.TestCases.APITesting" name="testResponsecode" time="0.033"/>
  <system-out/>
  <testcase classname="com.CA.qa.TestCases.APITesting" name="testResponsecode" time="0.040"/>
  <system-out/>
  <testcase classname="com.CA.qa.TestCases.APITesting" name="testResponsecode" time="0.034"/>
  <system-out/>
  <testcase classname="com.CA.qa.TestCases.APITesting" name="testResponsecode" time="0.041"/>
  <system-out/>
  <testcase classname="com.CA.qa.TestCases.APITesting" name="testResponsecode" time="0.034"/>
  <system-out/>
  <testcase classname="com.CA.qa.TestCases.APITesting" name="testResponsecode" time="0.124"/>
  <system-out/>
  <testcase classname="com.CA.qa.TestCases.APITesting" name="testResponsecode" time="0.037"/>
  <system-out/>
  <testcase classname="com.CA.qa.TestCases.APITesting" name="testResponsecode" time="0.033"/>
  <system-out/>
  <testcase classname="com.CA.qa.TestCases.APITesting" name="testResponsecode" time="0.032"/>
  <system-out/>
  <testcase classname="com.CA.qa.TestCases.APITesting" name="testResponsecode" time="0.074"/>
  <system-out/>
  <testcase classname="com.CA.qa.TestCases.APITesting" name="testResponsecode" time="0.033"/>
  <system-out/>
  <testcase classname="com.CA.qa.TestCases.APITesting" name="testResponsecode" time="0.041"/>
  <system-out/>
  <testcase classname="com.CA.qa.TestCases.APITesting" name="testResponsecode" time="0.033"/>
  <system-out/>
  <testcase classname="com.CA.qa.TestCases.APITesting" name="testResponsecode" time="0.037"/>
  <system-out/>
  <testcase classname="com.CA.qa.TestCases.APITesting" name="testResponsecode" time="0.039"/>
  <system-out/>
  <testcase classname="com.CA.qa.TestCases.APITesting" name="testResponsecode" time="0.036"/>
  <system-out/>
  <testcase classname="com.CA.qa.TestCases.APITesting" name="testResponsecode" time="0.035"/>
  <system-out/>
  <testcase classname="com.CA.qa.TestCases.APITesting" name="testResponsecode" time="0.032"/>
  <system-out/>
  <testcase classname="com.CA.qa.TestCases.APITesting" name="testResponsecode" time="0.034"/>
  <system-out/>
  <testcase classname="com.CA.qa.TestCases.APITesting" name="testResponsecode" time="0.035"/>
  <system-out/>
  <testcase classname="com.CA.qa.TestCases.APITesting" name="testResponsecode" time="0.042"/>
  <system-out/>
  <testcase classname="com.CA.qa.TestCases.APITesting" name="testResponsecode" time="0.044"/>
  <system-out/>
  <testcase classname="com.CA.qa.TestCases.APITesting" name="testResponsecode" time="0.042"/>
  <system-out/>
  <testcase classname="com.CA.qa.TestCases.APITesting" name="testResponsecode" time="0.041"/>
  <system-out/>
  <testcase classname="com.CA.qa.TestCases.APITesting" name="testResponsecode" time="0.048"/>
  <system-out/>
  <testcase classname="com.CA.qa.TestCases.APITesting" name="testResponsecode" time="0.032"/>
  <system-out/>
  <testcase classname="com.CA.qa.TestCases.APITesting" name="testResponsecode" time="0.036"/>
  <system-out/>
  <testcase classname="com.CA.qa.TestCases.APITesting" name="testResponsecode" time="0.037"/>
  <system-out/>
  <testcase classname="com.CA.qa.TestCases.APITesting" name="testResponsecode" time="0.040"/>
  <system-out/>
  <testcase classname="com.CA.qa.TestCases.APITesting" name="testResponsecode" time="0.035"/>
  <system-out/>
  <testcase classname="com.CA.qa.TestCases.APITesting" name="testResponsecode" time="0.039"/>
  <system-out/>
  <testcase classname="com.CA.qa.TestCases.APITesting" name="testResponsecode" time="0.039"/>
  <system-out/>
  <testcase classname="com.CA.qa.TestCases.APITesting" name="testResponsecode" time="0.036"/>
  <system-out/>
  <testcase classname="com.CA.qa.TestCases.APITesting" name="testResponsecode" time="0.057"/>
  <system-out/>
  <testcase classname="com.CA.qa.TestCases.APITesting" name="testResponsecode" time="0.039"/>
  <system-out/>
  <testcase classname="com.CA.qa.TestCases.APITesting" name="testResponsecode" time="0.035"/>
  <system-out/>
  <testcase classname="com.CA.qa.TestCases.APITesting" name="testResponsecode" time="0.038"/>
  <system-out/>
  <testcase classname="com.CA.qa.TestCases.APITesting" name="testResponsecode" time="0.034"/>
  <system-out/>
  <testcase classname="com.CA.qa.TestCases.APITesting" name="testResponsecode" time="0.032"/>
  <system-out/>
  <testcase classname="com.CA.qa.TestCases.APITesting" name="testResponsecode" time="0.033"/>
  <system-out/>
  <testcase classname="com.CA.qa.TestCases.APITesting" name="testResponsecode" time="0.034"/>
  <system-out/>
  <testcase classname="com.CA.qa.TestCases.APITesting" name="testResponsecode" time="0.064"/>
  <system-out/>
  <testcase classname="com.CA.qa.TestCases.APITesting" name="testResponsecode" time="0.034"/>
  <system-out/>
  <testcase classname="com.CA.qa.TestCases.APITesting" name="testResponsecode" time="0.035"/>
  <system-out/>
  <testcase classname="com.CA.qa.TestCases.APITesting" name="testResponsecode" time="0.033"/>
  <system-out/>
  <testcase classname="com.CA.qa.TestCases.APITesting" name="testResponsecode" time="0.033"/>
  <system-out/>
  <testcase classname="com.CA.qa.TestCases.APITesting" name="testResponsecode" time="0.035"/>
  <system-out/>
  <testcase classname="com.CA.qa.TestCases.APITesting" name="testResponsecode" time="0.037"/>
  <system-out/>
  <testcase classname="com.CA.qa.TestCases.APITesting" name="testResponsecode" time="0.037"/>
  <system-out/>
  <testcase classname="com.CA.qa.TestCases.APITesting" name="testResponsecode" time="0.084"/>
  <system-out/>
  <testcase classname="com.CA.qa.TestCases.APITesting" name="testResponsecode" time="0.038"/>
  <system-out/>
  <testcase classname="com.CA.qa.TestCases.APITesting" name="testResponsecode" time="0.032"/>
  <system-out/>
  <testcase classname="com.CA.qa.TestCases.APITesting" name="testResponsecode" time="0.034"/>
  <system-out/>
  <testcase classname="com.CA.qa.TestCases.APITesting" name="testResponsecode" time="0.039"/>
  <system-out/>
  <testcase classname="com.CA.qa.TestCases.APITesting" name="testResponsecode" time="0.034"/>
  <system-out/>
  <testcase classname="com.CA.qa.TestCases.APITesting" name="testResponsecode" time="0.035"/>
  <system-out/>
  <testcase classname="com.CA.qa.TestCases.APITesting" name="testResponsecode" time="0.032"/>
  <system-out/>
  <testcase classname="com.CA.qa.TestCases.APITesting" name="testResponsecode" time="0.205"/>
  <system-out/>
  <testcase classname="com.CA.qa.TestCases.APITesting" name="testResponsecode" time="0.038"/>
  <system-out/>
  <testcase classname="com.CA.qa.TestCases.APITesting" name="testResponsecode" time="0.035"/>
  <system-out/>
  <testcase classname="com.CA.qa.TestCases.APITesting" name="testResponsecode" time="0.038"/>
  <system-out/>
  <testcase classname="com.CA.qa.TestCases.APITesting" name="testResponsecode" time="0.033"/>
  <system-out/>
  <testcase classname="com.CA.qa.TestCases.APITesting" name="testResponsecode" time="0.046"/>
  <system-out/>
  <testcase classname="com.CA.qa.TestCases.APITesting" name="testResponsecode" time="0.033"/>
  <system-out/>
  <testcase classname="com.CA.qa.TestCases.APITesting" name="testResponsecode" time="0.039"/>
  <system-out/>
  <testcase classname="com.CA.qa.TestCases.APITesting" name="testResponsecode" time="1.004"/>
  <system-out/>
  <testcase classname="com.CA.qa.TestCases.APITesting" name="testResponsecode" time="0.033"/>
  <system-out/>
  <testcase classname="com.CA.qa.TestCases.APITesting" name="testResponsecode" time="0.037"/>
  <system-out/>
  <testcase classname="com.CA.qa.TestCases.APITesting" name="testResponsecode" time="0.157"/>
  <system-out/>
  <testcase classname="com.CA.qa.TestCases.APITesting" name="testResponsecode" time="0.033"/>
  <system-out/>
  <testcase classname="com.CA.qa.TestCases.APITesting" name="testResponsecode" time="0.053"/>
  <system-out/>
  <testcase classname="com.CA.qa.TestCases.APITesting" name="testResponsecode" time="0.862"/>
  <system-out/>
  <testcase classname="com.CA.qa.TestCases.APITesting" name="testResponsecode" time="0.035"/>
  <system-out/>
  <testcase classname="com.CA.qa.TestCases.APITesting" name="testResponsecode" time="0.145"/>
  <system-out/>
  <testcase classname="com.CA.qa.TestCases.APITesting" name="testResponsecode" time="0.034"/>
  <system-out/>
  <testcase classname="com.CA.qa.TestCases.APITesting" name="testResponsecode" time="0.075"/>
  <system-out/>
  <testcase classname="com.CA.qa.TestCases.APITesting" name="testResponsecode" time="0.070"/>
  <system-out/>
  <testcase classname="com.CA.qa.TestCases.APITesting" name="testResponsecode" time="0.131"/>
  <system-out/>
  <testcase classname="com.CA.qa.TestCases.APITesting" name="testResponsecode" time="0.032"/>
  <system-out/>
  <testcase classname="com.CA.qa.TestCases.APITesting" name="testResponsecode" time="0.034"/>
  <system-out/>
  <testcase classname="com.CA.qa.TestCases.APITesting" name="testResponsecode" time="0.051"/>
  <system-out/>
  <testcase classname="com.CA.qa.TestCases.APITesting" name="testResponsecode" time="0.031"/>
  <system-out/>
  <testcase classname="com.CA.qa.TestCases.APITesting" name="testResponsecode" time="0.034"/>
  <system-out/>
  <testcase classname="com.CA.qa.TestCases.APITesting" name="testResponsecode" time="0.034"/>
  <system-out/>
  <testcase classname="com.CA.qa.TestCases.APITesting" name="testResponsecode" time="0.032"/>
  <system-out/>
  <testcase classname="com.CA.qa.TestCases.APITesting" name="testResponsecode" time="0.033"/>
  <system-out/>
  <testcase classname="com.CA.qa.TestCases.APITesting" name="testResponsecode" time="0.078"/>
  <system-out/>
  <testcase classname="com.CA.qa.TestCases.APITesting" name="testResponsecode" time="0.032"/>
  <system-out/>
  <testcase classname="com.CA.qa.TestCases.APITesting" name="testResponsecode" time="0.036"/>
  <system-out/>
  <testcase classname="com.CA.qa.TestCases.APITesting" name="testResponsecode" time="0.034"/>
  <system-out/>
  <testcase classname="com.CA.qa.TestCases.APITesting" name="testResponsecode" time="0.036"/>
  <system-out/>
  <testcase classname="com.CA.qa.TestCases.APITesting" name="testResponsecode" time="0.129"/>
  <system-out/>
  <testcase classname="com.CA.qa.TestCases.APITesting" name="testResponsecode" time="0.034"/>
  <system-out/>
  <testcase classname="com.CA.qa.TestCases.APITesting" name="testResponsecode" time="0.045"/>
  <system-out/>
  <testcase classname="com.CA.qa.TestCases.APITesting" name="testResponsecode" time="0.034"/>
  <system-out/>
  <testcase classname="com.CA.qa.TestCases.APITesting" name="testResponsecode" time="0.037"/>
  <system-out/>
  <testcase classname="com.CA.qa.TestCases.APITesting" name="testResponsecode" time="0.035"/>
  <system-out/>
  <testcase classname="com.CA.qa.TestCases.APITesting" name="testResponsecode" time="0.048"/>
  <system-out/>
  <testcase classname="com.CA.qa.TestCases.APITesting" name="testResponsecode" time="0.045"/>
  <system-out/>
  <testcase classname="com.CA.qa.TestCases.APITesting" name="testResponsecode" time="0.037"/>
  <system-out/>
  <testcase classname="com.CA.qa.TestCases.APITesting" name="testResponsecode" time="0.032"/>
  <system-out/>
  <testcase classname="com.CA.qa.TestCases.APITesting" name="testResponsecode" time="0.033"/>
  <system-out/>
  <testcase classname="com.CA.qa.TestCases.APITesting" name="testResponsecode" time="0.033"/>
  <system-out/>
  <testcase classname="com.CA.qa.TestCases.APITesting" name="testResponsecode" time="2.227"/>
  <system-out/>
  <testcase classname="com.CA.qa.TestCases.APITesting" name="testResponsecode" time="0.033"/>
  <system-out/>
  <testcase classname="com.CA.qa.TestCases.APITesting" name="testResponsecode" time="0.100"/>
  <system-out/>
  <testcase classname="com.CA.qa.TestCases.APITesting" name="testResponsecode" time="0.048"/>
  <system-out/>
  <testcase classname="com.CA.qa.TestCases.APITesting" name="testResponsecode" time="0.035"/>
  <system-out/>
  <testcase classname="com.CA.qa.TestCases.APITesting" name="testResponsecode" time="0.039"/>
  <system-out/>
  <testcase classname="com.CA.qa.TestCases.APITesting" name="testResponsecode" time="0.031"/>
  <system-out/>
  <testcase classname="com.CA.qa.TestCases.APITesting" name="testResponsecode" time="0.034"/>
  <system-out/>
  <testcase classname="com.CA.qa.TestCases.APITesting" name="testResponsecode" time="0.035"/>
  <system-out/>
  <testcase classname="com.CA.qa.TestCases.APITesting" name="testResponsecode" time="0.033"/>
  <system-out/>
  <testcase classname="com.CA.qa.TestCases.APITesting" name="testResponsecode" time="0.035"/>
  <system-out/>
  <testcase classname="com.CA.qa.TestCases.APITesting" name="testResponsecode" time="0.037"/>
  <system-out/>
  <testcase classname="com.CA.qa.TestCases.APITesting" name="testResponsecode" time="0.033"/>
  <system-out/>
  <testcase classname="com.CA.qa.TestCases.APITesting" name="testResponsecode" time="0.042"/>
  <system-out/>
  <testcase classname="com.CA.qa.TestCases.APITesting" name="testResponsecode" time="0.035"/>
  <system-out/>
  <testcase classname="com.CA.qa.TestCases.APITesting" name="testResponsecode" time="0.038"/>
  <system-out/>
  <testcase classname="com.CA.qa.TestCases.APITesting" name="testResponsecode" time="0.036"/>
  <system-out/>
  <testcase classname="com.CA.qa.TestCases.APITesting" name="testResponsecode" time="0.035"/>
  <system-out/>
  <testcase classname="com.CA.qa.TestCases.APITesting" name="testResponsecode" time="0.039"/>
  <system-out/>
  <testcase classname="com.CA.qa.TestCases.APITesting" name="testResponsecode" time="0.286"/>
  <system-out/>
  <testcase classname="com.CA.qa.TestCases.APITesting" name="testResponsecode" time="0.041"/>
  <system-out/>
  <testcase classname="com.CA.qa.TestCases.APITesting" name="testResponsecode" time="0.037"/>
  <system-out/>
  <testcase classname="com.CA.qa.TestCases.APITesting" name="testResponsecode" time="0.039"/>
  <system-out/>
  <testcase classname="com.CA.qa.TestCases.APITesting" name="testResponsecode" time="0.034"/>
  <system-out/>
  <testcase classname="com.CA.qa.TestCases.APITesting" name="testResponsecode" time="0.032"/>
  <system-out/>
  <testcase classname="com.CA.qa.TestCases.APITesting" name="testResponsecode" time="0.058"/>
  <system-out/>
  <testcase classname="com.CA.qa.TestCases.APITesting" name="testResponsecode" time="0.039"/>
  <system-out/>
  <testcase classname="com.CA.qa.TestCases.APITesting" name="testResponsecode" time="0.033"/>
  <system-out/>
  <testcase classname="com.CA.qa.TestCases.APITesting" name="testResponsecode" time="0.034"/>
  <system-out/>
  <testcase classname="com.CA.qa.TestCases.APITesting" name="testResponsecode" time="0.034"/>
  <system-out/>
  <testcase classname="com.CA.qa.TestCases.APITesting" name="testResponsecode" time="0.419"/>
  <system-out/>
  <testcase classname="com.CA.qa.TestCases.APITesting" name="testResponsecode" time="0.043"/>
  <system-out/>
  <testcase classname="com.CA.qa.TestCases.APITesting" name="testResponsecode" time="0.049"/>
  <system-out/>
  <testcase classname="com.CA.qa.TestCases.APITesting" name="testResponsecode" time="0.166"/>
  <system-out/>
  <testcase classname="com.CA.qa.TestCases.APITesting" name="testResponsecode" time="0.036"/>
  <system-out/>
  <testcase classname="com.CA.qa.TestCases.APITesting" name="testResponsecode" time="0.049"/>
  <system-out/>
  <testcase classname="com.CA.qa.TestCases.APITesting" name="testResponsecode" time="0.039"/>
  <system-out/>
  <testcase classname="com.CA.qa.TestCases.APITesting" name="testResponsecode" time="0.041"/>
  <system-out/>
  <testcase classname="com.CA.qa.TestCases.APITesting" name="testResponsecode" time="0.048"/>
  <system-out/>
  <testcase classname="com.CA.qa.TestCases.APITesting" name="testResponsecode" time="0.057"/>
  <system-out/>
  <testcase classname="com.CA.qa.TestCases.APITesting" name="testResponsecode" time="0.038"/>
  <system-out/>
  <testcase classname="com.CA.qa.TestCases.APITesting" name="testResponsecode" time="0.065"/>
  <system-out/>
  <testcase classname="com.CA.qa.TestCases.APITesting" name="testResponsecode" time="0.092"/>
  <system-out/>
  <testcase classname="com.CA.qa.TestCases.APITesting" name="testResponsecode" time="0.036"/>
  <system-out/>
  <testcase classname="com.CA.qa.TestCases.APITesting" name="testResponsecode" time="0.057"/>
  <system-out/>
  <testcase classname="com.CA.qa.TestCases.APITesting" name="testResponsecode" time="0.033"/>
  <system-out/>
  <testcase classname="com.CA.qa.TestCases.APITesting" name="testResponsecode" time="0.034"/>
  <system-out/>
  <testcase classname="com.CA.qa.TestCases.APITesting" name="testResponsecode" time="0.036"/>
  <system-out/>
  <testcase classname="com.CA.qa.TestCases.APITesting" name="testResponsecode" time="0.039"/>
  <system-out/>
  <testcase classname="com.CA.qa.TestCases.APITesting" name="testResponsecode" time="0.034"/>
  <system-out/>
  <testcase classname="com.CA.qa.TestCases.APITesting" name="testResponsecode" time="0.046"/>
  <system-out/>
  <testcase classname="com.CA.qa.TestCases.APITesting" name="testResponsecode" time="0.038"/>
  <system-out/>
  <testcase classname="com.CA.qa.TestCases.APITesting" name="testResponsecode" time="0.046"/>
  <system-out/>
  <testcase classname="com.CA.qa.TestCases.APITesting" name="testResponsecode" time="0.035"/>
  <system-out/>
  <testcase classname="com.CA.qa.TestCases.APITesting" name="testResponsecode" time="0.038"/>
  <system-out/>
  <testcase classname="com.CA.qa.TestCases.APITesting" name="testResponsecode" time="0.034"/>
  <system-out/>
  <testcase classname="com.CA.qa.TestCases.APITesting" name="testResponsecode" time="0.034"/>
  <system-out/>
  <testcase classname="com.CA.qa.TestCases.APITesting" name="testResponsecode" time="0.034"/>
  <system-out/>
  <testcase classname="com.CA.qa.TestCases.APITesting" name="testResponsecode" time="0.036"/>
  <system-out/>
  <testcase classname="com.CA.qa.TestCases.APITesting" name="testResponsecode" time="0.033"/>
  <system-out/>
  <testcase classname="com.CA.qa.TestCases.APITesting" name="testResponsecode" time="0.033"/>
  <system-out/>
  <testcase classname="com.CA.qa.TestCases.APITesting" name="testResponsecode" time="0.036"/>
  <system-out/>
  <testcase classname="com.CA.qa.TestCases.APITesting" name="testResponsecode" time="0.034"/>
  <system-out/>
  <testcase classname="com.CA.qa.TestCases.APITesting" name="testResponsecode" time="0.036"/>
  <system-out/>
  <testcase classname="com.CA.qa.TestCases.APITesting" name="testResponsecode" time="0.036"/>
  <system-out/>
  <testcase classname="com.CA.qa.TestCases.APITesting" name="testResponsecode" time="0.035"/>
  <system-out/>
  <testcase classname="com.CA.qa.TestCases.APITesting" name="testResponsecode" time="0.034"/>
  <system-out/>
  <testcase classname="com.CA.qa.TestCases.APITesting" name="testResponsecode" time="0.040"/>
  <system-out/>
  <testcase classname="com.CA.qa.TestCases.APITesting" name="testResponsecode" time="0.162"/>
  <system-out/>
  <testcase classname="com.CA.qa.TestCases.APITesting" name="testResponsecode" time="0.039"/>
  <system-out/>
  <testcase classname="com.CA.qa.TestCases.APITesting" name="testResponsecode" time="0.032"/>
  <system-out/>
  <testcase classname="com.CA.qa.TestCases.APITesting" name="testResponsecode" time="0.038"/>
  <system-out/>
  <testcase classname="com.CA.qa.TestCases.APITesting" name="testResponsecode" time="1.000"/>
  <system-out/>
  <testcase classname="com.CA.qa.TestCases.APITesting" name="testResponsecode" time="0.067"/>
  <system-out/>
  <testcase classname="com.CA.qa.TestCases.APITesting" name="testResponsecode" time="0.034"/>
  <system-out/>
  <testcase classname="com.CA.qa.TestCases.APITesting" name="testResponsecode" time="0.039"/>
  <system-out/>
  <testcase classname="com.CA.qa.TestCases.APITesting" name="testResponsecode" time="0.085"/>
  <system-out/>
  <testcase classname="com.CA.qa.TestCases.APITesting" name="testResponsecode" time="0.033"/>
  <system-out/>
  <testcase classname="com.CA.qa.TestCases.APITesting" name="testResponsecode" time="0.045"/>
  <system-out/>
  <testcase classname="com.CA.qa.TestCases.APITesting" name="testResponsecode" time="0.033"/>
  <system-out/>
  <testcase classname="com.CA.qa.TestCases.APITesting" name="testResponsecode" time="0.034"/>
  <system-out/>
  <testcase classname="com.CA.qa.TestCases.APITesting" name="testResponsecode" time="0.049"/>
  <system-out/>
  <testcase classname="com.CA.qa.TestCases.APITesting" name="testResponsecode" time="0.035"/>
  <system-out/>
  <testcase classname="com.CA.qa.TestCases.APITesting" name="testResponsecode" time="0.039"/>
  <system-out/>
  <testcase classname="com.CA.qa.TestCases.APITesting" name="testResponsecode" time="0.033"/>
  <system-out/>
  <testcase classname="com.CA.qa.TestCases.APITesting" name="testResponsecode" time="0.036"/>
  <system-out/>
  <testcase classname="com.CA.qa.TestCases.APITesting" name="testResponsecode" time="0.036"/>
  <system-out/>
  <testcase classname="com.CA.qa.TestCases.APITesting" name="testResponsecode" time="0.040"/>
  <system-out/>
  <testcase classname="com.CA.qa.TestCases.APITesting" name="testResponsecode" time="0.033"/>
  <system-out/>
  <testcase classname="com.CA.qa.TestCases.APITesting" name="testResponsecode" time="0.039"/>
  <system-out/>
  <testcase classname="com.CA.qa.TestCases.APITesting" name="testResponsecode" time="0.036"/>
  <system-out/>
  <testcase classname="com.CA.qa.TestCases.APITesting" name="testResponsecode" time="0.033"/>
  <system-out/>
  <testcase classname="com.CA.qa.TestCases.APITesting" name="testResponsecode" time="0.039"/>
  <system-out/>
  <testcase classname="com.CA.qa.TestCases.APITesting" name="testResponsecode" time="0.033"/>
  <system-out/>
  <testcase classname="com.CA.qa.TestCases.APITesting" name="testResponsecode" time="0.034"/>
  <system-out/>
  <testcase classname="com.CA.qa.TestCases.APITesting" name="testResponsecode" time="0.052"/>
  <system-out/>
  <testcase classname="com.CA.qa.TestCases.APITesting" name="testResponsecode" time="0.042"/>
  <system-out/>
  <testcase classname="com.CA.qa.TestCases.APITesting" name="testResponsecode" time="0.039"/>
  <system-out/>
  <testcase classname="com.CA.qa.TestCases.APITesting" name="testResponsecode" time="0.034"/>
  <system-out/>
  <testcase classname="com.CA.qa.TestCases.APITesting" name="testResponsecode" time="0.169"/>
  <system-out/>
  <testcase classname="com.CA.qa.TestCases.APITesting" name="testResponsecode" time="0.033"/>
  <system-out/>
  <testcase classname="com.CA.qa.TestCases.APITesting" name="testResponsecode" time="0.034"/>
  <system-out/>
  <testcase classname="com.CA.qa.TestCases.APITesting" name="testResponsecode" time="0.034"/>
  <system-out/>
  <testcase classname="com.CA.qa.TestCases.APITesting" name="testResponsecode" time="0.042"/>
  <system-out/>
  <testcase classname="com.CA.qa.TestCases.APITesting" name="testResponsecode" time="0.034"/>
  <system-out/>
  <testcase classname="com.CA.qa.TestCases.APITesting" name="testResponsecode" time="0.041"/>
  <system-out/>
  <testcase classname="com.CA.qa.TestCases.APITesting" name="testResponsecode" time="0.033"/>
  <system-out/>
  <testcase classname="com.CA.qa.TestCases.APITesting" name="testResponsecode" time="0.038"/>
  <system-out/>
  <testcase classname="com.CA.qa.TestCases.APITesting" name="testResponsecode" time="0.049"/>
  <system-out/>
  <testcase classname="com.CA.qa.TestCases.APITesting" name="testResponsecode" time="0.035"/>
  <system-out/>
  <testcase classname="com.CA.qa.TestCases.APITesting" name="testResponsecode" time="0.034"/>
  <system-out/>
  <testcase classname="com.CA.qa.TestCases.APITesting" name="testResponsecode" time="0.038"/>
  <system-out/>
  <testcase classname="com.CA.qa.TestCases.APITesting" name="testResponsecode" time="0.031"/>
  <system-out/>
  <testcase classname="com.CA.qa.TestCases.APITesting" name="testResponsecode" time="0.034"/>
  <system-out/>
  <testcase classname="com.CA.qa.TestCases.APITesting" name="testResponsecode" time="0.037"/>
  <system-out/>
  <testcase classname="com.CA.qa.TestCases.APITesting" name="testResponsecode" time="0.032"/>
  <system-out/>
  <testcase classname="com.CA.qa.TestCases.APITesting" name="testResponsecode" time="0.038"/>
  <system-out/>
  <testcase classname="com.CA.qa.TestCases.APITesting" name="testResponsecode" time="0.045"/>
  <system-out/>
  <testcase classname="com.CA.qa.TestCases.APITesting" name="testResponsecode" time="0.038"/>
  <system-out/>
  <testcase classname="com.CA.qa.TestCases.APITesting" name="testResponsecode" time="0.040"/>
  <system-out/>
  <testcase classname="com.CA.qa.TestCases.APITesting" name="testResponsecode" time="0.133"/>
  <system-out/>
  <testcase classname="com.CA.qa.TestCases.APITesting" name="testResponsecode" time="0.033"/>
  <system-out/>
  <testcase classname="com.CA.qa.TestCases.APITesting" name="testResponsecode" time="0.037"/>
  <system-out/>
  <testcase classname="com.CA.qa.TestCases.APITesting" name="testResponsecode" time="0.033"/>
  <system-out/>
  <testcase classname="com.CA.qa.TestCases.APITesting" name="testResponsecode" time="0.034"/>
  <system-out/>
  <testcase classname="com.CA.qa.TestCases.APITesting" name="testResponsecode" time="0.085"/>
  <system-out/>
  <testcase classname="com.CA.qa.TestCases.APITesting" name="testResponsecode" time="0.047"/>
  <system-out/>
  <testcase classname="com.CA.qa.TestCases.APITesting" name="testResponsecode" time="0.039"/>
  <system-out/>
  <testcase classname="com.CA.qa.TestCases.APITesting" name="testResponsecode" time="0.036"/>
  <system-out/>
  <testcase classname="com.CA.qa.TestCases.APITesting" name="testResponsecode" time="0.036"/>
  <system-out/>
  <testcase classname="com.CA.qa.TestCases.APITesting" name="testResponsecode" time="0.040"/>
  <system-out/>
  <testcase classname="com.CA.qa.TestCases.APITesting" name="testResponsecode" time="0.035"/>
  <system-out/>
  <testcase classname="com.CA.qa.TestCases.APITesting" name="testResponsecode" time="0.042"/>
  <system-out/>
  <testcase classname="com.CA.qa.TestCases.APITesting" name="testResponsecode" time="0.148"/>
  <system-out/>
  <testcase classname="com.CA.qa.TestCases.APITesting" name="testResponsecode" time="0.032"/>
  <system-out/>
  <testcase classname="com.CA.qa.TestCases.APITesting" name="testResponsecode" time="0.035"/>
  <system-out/>
  <testcase classname="com.CA.qa.TestCases.APITesting" name="testResponsecode" time="0.033"/>
  <system-out/>
  <testcase classname="com.CA.qa.TestCases.APITesting" name="testResponsecode" time="0.043"/>
  <system-out/>
  <testcase classname="com.CA.qa.TestCases.APITesting" name="testResponsecode" time="0.034"/>
  <system-out/>
  <testcase classname="com.CA.qa.TestCases.APITesting" name="testResponsecode" time="0.045"/>
  <system-out/>
  <testcase classname="com.CA.qa.TestCases.APITesting" name="testResponsecode" time="0.059"/>
  <system-out/>
  <testcase classname="com.CA.qa.TestCases.APITesting" name="testResponsecode" time="0.037"/>
  <system-out/>
  <testcase classname="com.CA.qa.TestCases.APITesting" name="testResponsecode" time="0.053"/>
  <system-out/>
  <testcase classname="com.CA.qa.TestCases.APITesting" name="testResponsecode" time="0.038"/>
  <system-out/>
  <testcase classname="com.CA.qa.TestCases.APITesting" name="testResponsecode" time="0.032"/>
  <system-out/>
  <testcase classname="com.CA.qa.TestCases.APITesting" name="testResponsecode" time="0.034"/>
  <system-out/>
  <testcase classname="com.CA.qa.TestCases.APITesting" name="testResponsecode" time="0.040"/>
  <system-out/>
  <testcase classname="com.CA.qa.TestCases.APITesting" name="testResponsecode" time="0.033"/>
  <system-out/>
  <testcase classname="com.CA.qa.TestCases.APITesting" name="testResponsecode" time="0.044"/>
  <system-out/>
  <testcase classname="com.CA.qa.TestCases.APITesting" name="testResponsecode" time="0.040"/>
  <system-out/>
  <testcase classname="com.CA.qa.TestCases.APITesting" name="testResponsecode" time="0.035"/>
  <system-out/>
  <testcase classname="com.CA.qa.TestCases.APITesting" name="testResponsecode" time="0.037"/>
  <system-out/>
  <testcase classname="com.CA.qa.TestCases.APITesting" name="testResponsecode" time="0.033"/>
  <system-out/>
  <testcase classname="com.CA.qa.TestCases.APITesting" name="testResponsecode" time="0.031"/>
  <system-out/>
  <testcase classname="com.CA.qa.TestCases.APITesting" name="testResponsecode" time="0.039"/>
  <system-out/>
  <testcase classname="com.CA.qa.TestCases.APITesting" name="testResponsecode" time="0.032"/>
  <system-out/>
  <testcase classname="com.CA.qa.TestCases.APITesting" name="testResponsecode" time="0.034"/>
  <system-out/>
  <testcase classname="com.CA.qa.TestCases.APITesting" name="testResponsecode" time="0.039"/>
  <system-out/>
  <testcase classname="com.CA.qa.TestCases.APITesting" name="testResponsecode" time="0.038"/>
  <system-out/>
  <testcase classname="com.CA.qa.TestCases.APITesting" name="testResponsecode" time="0.033"/>
  <system-out/>
  <testcase classname="com.CA.qa.TestCases.APITesting" name="testResponsecode" time="0.034"/>
  <system-out/>
  <testcase classname="com.CA.qa.TestCases.APITesting" name="testResponsecode" time="0.035"/>
  <system-out/>
  <testcase classname="com.CA.qa.TestCases.APITesting" name="testResponsecode" time="0.034"/>
  <system-out/>
  <testcase classname="com.CA.qa.TestCases.APITesting" name="testResponsecode" time="0.042"/>
  <system-out/>
  <testcase classname="com.CA.qa.TestCases.APITesting" name="testResponsecode" time="0.036"/>
  <system-out/>
  <testcase classname="com.CA.qa.TestCases.APITesting" name="testResponsecode" time="0.033"/>
  <system-out/>
  <testcase classname="com.CA.qa.TestCases.APITesting" name="testResponsecode" time="0.033"/>
  <system-out/>
  <testcase classname="com.CA.qa.TestCases.APITesting" name="testResponsecode" time="0.034"/>
  <system-out/>
  <testcase classname="com.CA.qa.TestCases.APITesting" name="testResponsecode" time="0.040"/>
  <system-out/>
  <testcase classname="com.CA.qa.TestCases.APITesting" name="testResponsecode" time="0.032"/>
  <system-out/>
  <testcase classname="com.CA.qa.TestCases.APITesting" name="testResponsecode" time="0.042"/>
  <system-out/>
  <testcase classname="com.CA.qa.TestCases.APITesting" name="testResponsecode" time="0.036"/>
  <system-out/>
  <testcase classname="com.CA.qa.TestCases.APITesting" name="testResponsecode" time="0.034"/>
  <system-out/>
  <testcase classname="com.CA.qa.TestCases.APITesting" name="testResponsecode" time="0.034"/>
  <system-out/>
  <testcase classname="com.CA.qa.TestCases.APITesting" name="testResponsecode" time="0.153"/>
  <system-out/>
  <testcase classname="com.CA.qa.TestCases.APITesting" name="testResponsecode" time="0.033"/>
  <system-out/>
  <testcase classname="com.CA.qa.TestCases.APITesting" name="testResponsecode" time="0.548"/>
  <system-out/>
  <testcase classname="com.CA.qa.TestCases.APITesting" name="testResponsecode" time="0.041"/>
  <system-out/>
  <testcase classname="com.CA.qa.TestCases.APITesting" name="testResponsecode" time="0.041"/>
  <system-out/>
  <testcase classname="com.CA.qa.TestCases.APITesting" name="testResponsecode" time="0.033"/>
  <system-out/>
  <testcase classname="com.CA.qa.TestCases.APITesting" name="testResponsecode" time="0.149"/>
  <system-out/>
  <testcase classname="com.CA.qa.TestCases.APITesting" name="testResponsecode" time="0.033"/>
  <system-out/>
  <testcase classname="com.CA.qa.TestCases.APITesting" name="testResponsecode" time="0.033"/>
  <system-out/>
  <testcase classname="com.CA.qa.TestCases.APITesting" name="testResponsecode" time="0.033"/>
  <system-out/>
  <testcase classname="com.CA.qa.TestCases.APITesting" name="testResponsecode" time="0.033"/>
  <system-out/>
  <testcase classname="com.CA.qa.TestCases.APITesting" name="testResponsecode" time="0.035"/>
  <system-out/>
  <testcase classname="com.CA.qa.TestCases.APITesting" name="testResponsecode" time="0.037"/>
  <system-out/>
  <testcase classname="com.CA.qa.TestCases.APITesting" name="testResponsecode" time="0.033"/>
  <system-out/>
  <testcase classname="com.CA.qa.TestCases.APITesting" name="testResponsecode" time="0.033"/>
  <system-out/>
  <testcase classname="com.CA.qa.TestCases.APITesting" name="testResponsecode" time="0.032"/>
  <system-out/>
  <testcase classname="com.CA.qa.TestCases.APITesting" name="testResponsecode" time="0.175"/>
  <system-out/>
  <testcase classname="com.CA.qa.TestCases.APITesting" name="testResponsecode" time="0.044"/>
  <system-out/>
  <testcase classname="com.CA.qa.TestCases.APITesting" name="testResponsecode" time="0.045"/>
  <system-out/>
  <testcase classname="com.CA.qa.TestCases.APITesting" name="testResponsecode" time="0.037"/>
  <system-out/>
  <testcase classname="com.CA.qa.TestCases.APITesting" name="testResponsecode" time="0.036"/>
  <system-out/>
  <testcase classname="com.CA.qa.TestCases.APITesting" name="testResponsecode" time="0.044"/>
  <system-out/>
  <testcase classname="com.CA.qa.TestCases.APITesting" name="testResponsecode" time="0.034"/>
  <system-out/>
  <testcase classname="com.CA.qa.TestCases.APITesting" name="testResponsecode" time="0.034"/>
  <system-out/>
  <testcase classname="com.CA.qa.TestCases.APITesting" name="testResponsecode" time="0.039"/>
  <system-out/>
  <testcase classname="com.CA.qa.TestCases.APITesting" name="testResponsecode" time="0.038"/>
  <system-out/>
  <testcase classname="com.CA.qa.TestCases.APITesting" name="testResponsecode" time="0.032"/>
  <system-out/>
  <testcase classname="com.CA.qa.TestCases.APITesting" name="testResponsecode" time="0.067"/>
  <system-out/>
  <testcase classname="com.CA.qa.TestCases.APITesting" name="testResponsecode" time="0.033"/>
  <system-out/>
  <testcase classname="com.CA.qa.TestCases.APITesting" name="testResponsecode" time="0.034"/>
  <system-out/>
  <testcase classname="com.CA.qa.TestCases.APITesting" name="testResponsecode" time="0.036"/>
  <system-out/>
  <testcase classname="com.CA.qa.TestCases.APITesting" name="testResponsecode" time="0.040"/>
  <system-out/>
  <testcase classname="com.CA.qa.TestCases.APITesting" name="testResponsecode" time="0.146"/>
  <system-out/>
  <testcase classname="com.CA.qa.TestCases.APITesting" name="testResponsecode" time="0.037"/>
  <system-out/>
  <testcase classname="com.CA.qa.TestCases.APITesting" name="testResponsecode" time="0.033"/>
  <system-out/>
  <testcase classname="com.CA.qa.TestCases.APITesting" name="testResponsecode" time="0.048"/>
  <system-out/>
  <testcase classname="com.CA.qa.TestCases.APITesting" name="testResponsecode" time="0.034"/>
  <system-out/>
  <testcase classname="com.CA.qa.TestCases.APITesting" name="testResponsecode" time="0.050"/>
  <system-out/>
  <testcase classname="com.CA.qa.TestCases.APITesting" name="testResponsecode" time="0.039"/>
  <system-out/>
  <testcase classname="com.CA.qa.TestCases.APITesting" name="testResponsecode" time="0.043"/>
  <system-out/>
  <testcase classname="com.CA.qa.TestCases.APITesting" name="testResponsecode" time="0.033"/>
  <system-out/>
  <testcase classname="com.CA.qa.TestCases.APITesting" name="testResponsecode" time="0.034"/>
  <system-out/>
  <testcase classname="com.CA.qa.TestCases.APITesting" name="testResponsecode" time="0.035"/>
  <system-out/>
  <testcase classname="com.CA.qa.TestCases.APITesting" name="testResponsecode" time="0.036"/>
  <system-out/>
  <testcase classname="com.CA.qa.TestCases.APITesting" name="testResponsecode" time="0.033"/>
  <system-out/>
  <testcase classname="com.CA.qa.TestCases.APITesting" name="testResponsecode" time="0.034"/>
  <system-out/>
  <testcase classname="com.CA.qa.TestCases.APITesting" name="testResponsecode" time="0.038"/>
  <system-out/>
  <testcase classname="com.CA.qa.TestCases.APITesting" name="testResponsecode" time="0.032"/>
  <system-out/>
  <testcase classname="com.CA.qa.TestCases.APITesting" name="testResponsecode" time="0.035"/>
  <system-out/>
  <testcase classname="com.CA.qa.TestCases.APITesting" name="testResponsecode" time="0.034"/>
  <system-out/>
  <testcase classname="com.CA.qa.TestCases.APITesting" name="testResponsecode" time="0.042"/>
  <system-out/>
  <testcase classname="com.CA.qa.TestCases.APITesting" name="testResponsecode" time="0.033"/>
  <system-out/>
  <testcase classname="com.CA.qa.TestCases.APITesting" name="testResponsecode" time="0.043"/>
  <system-out/>
  <testcase classname="com.CA.qa.TestCases.APITesting" name="testResponsecode" time="0.037"/>
  <system-out/>
  <testcase classname="com.CA.qa.TestCases.APITesting" name="testResponsecode" time="0.037"/>
  <system-out/>
  <testcase classname="com.CA.qa.TestCases.APITesting" name="testResponsecode" time="0.078"/>
  <system-out/>
  <testcase classname="com.CA.qa.TestCases.APITesting" name="testResponsecode" time="0.034"/>
  <system-out/>
  <testcase classname="com.CA.qa.TestCases.APITesting" name="testResponsecode" time="0.036"/>
  <system-out/>
  <testcase classname="com.CA.qa.TestCases.APITesting" name="testResponsecode" time="0.033"/>
  <system-out/>
  <testcase classname="com.CA.qa.TestCases.APITesting" name="testResponsecode" time="0.032"/>
  <system-out/>
  <testcase classname="com.CA.qa.TestCases.APITesting" name="testResponsecode" time="0.037"/>
  <system-out/>
  <testcase classname="com.CA.qa.TestCases.APITesting" name="testResponsecode" time="0.037"/>
  <system-out/>
  <testcase classname="com.CA.qa.TestCases.APITesting" name="testResponsecode" time="0.756"/>
  <system-out/>
  <testcase classname="com.CA.qa.TestCases.APITesting" name="testResponsecode" time="0.033"/>
  <system-out/>
  <testcase classname="com.CA.qa.TestCases.APITesting" name="testResponsecode" time="0.034"/>
  <system-out/>
  <testcase classname="com.CA.qa.TestCases.APITesting" name="testResponsecode" time="0.034"/>
  <system-out/>
  <testcase classname="com.CA.qa.TestCases.APITesting" name="testResponsecode" time="0.035"/>
  <system-out/>
  <testcase classname="com.CA.qa.TestCases.APITesting" name="testResponsecode" time="0.033"/>
  <system-out/>
  <testcase classname="com.CA.qa.TestCases.APITesting" name="testResponsecode" time="0.035"/>
  <system-out/>
  <testcase classname="com.CA.qa.TestCases.APITesting" name="testResponsecode" time="0.034"/>
  <system-out/>
  <testcase classname="com.CA.qa.TestCases.APITesting" name="testResponsecode" time="0.703"/>
  <system-out/>
  <testcase classname="com.CA.qa.TestCases.APITesting" name="testResponsecode" time="0.046"/>
  <system-out/>
  <testcase classname="com.CA.qa.TestCases.APITesting" name="testResponsecode" time="0.033"/>
  <system-out/>
  <testcase classname="com.CA.qa.TestCases.APITesting" name="testResponsecode" time="0.035"/>
  <system-out/>
  <testcase classname="com.CA.qa.TestCases.APITesting" name="testResponsecode" time="0.034"/>
  <system-out/>
  <testcase classname="com.CA.qa.TestCases.APITesting" name="testResponsecode" time="0.044"/>
  <system-out/>
  <testcase classname="com.CA.qa.TestCases.APITesting" name="testResponsecode" time="0.033"/>
  <system-out/>
  <testcase classname="com.CA.qa.TestCases.APITesting" name="testResponsecode" time="0.033"/>
  <system-out/>
  <testcase classname="com.CA.qa.TestCases.APITesting" name="testResponsecode" time="0.035"/>
  <system-out/>
  <testcase classname="com.CA.qa.TestCases.APITesting" name="testResponsecode" time="0.211"/>
  <system-out/>
  <testcase classname="com.CA.qa.TestCases.APITesting" name="testResponsecode" time="0.033"/>
  <system-out/>
  <testcase classname="com.CA.qa.TestCases.APITesting" name="testResponsecode" time="0.043"/>
  <system-out/>
  <testcase classname="com.CA.qa.TestCases.APITesting" name="testResponsecode" time="0.034"/>
  <system-out/>
  <testcase classname="com.CA.qa.TestCases.APITesting" name="testResponsecode" time="0.034"/>
  <system-out/>
  <testcase classname="com.CA.qa.TestCases.APITesting" name="testResponsecode" time="0.304"/>
  <system-out/>
  <testcase classname="com.CA.qa.TestCases.APITesting" name="testResponsecode" time="0.107"/>
  <system-out/>
  <testcase classname="com.CA.qa.TestCases.APITesting" name="testResponsecode" time="0.034"/>
  <system-out/>
  <testcase classname="com.CA.qa.TestCases.APITesting" name="testResponsecode" time="0.043"/>
  <system-out/>
  <testcase classname="com.CA.qa.TestCases.APITesting" name="testResponsecode" time="0.050"/>
  <system-out/>
  <testcase classname="com.CA.qa.TestCases.APITesting" name="testResponsecode" time="0.033"/>
  <system-out/>
  <testcase classname="com.CA.qa.TestCases.APITesting" name="testResponsecode" time="0.034"/>
  <system-out/>
  <testcase classname="com.CA.qa.TestCases.APITesting" name="testResponsecode" time="0.151"/>
  <system-out/>
  <testcase classname="com.CA.qa.TestCases.APITesting" name="testResponsecode" time="0.037"/>
  <system-out/>
  <testcase classname="com.CA.qa.TestCases.APITesting" name="testResponsecode" time="0.040"/>
  <system-out/>
  <testcase classname="com.CA.qa.TestCases.APITesting" name="testResponsecode" time="0.074"/>
  <system-out/>
  <testcase classname="com.CA.qa.TestCases.APITesting" name="testResponsecode" time="0.035"/>
  <system-out/>
  <testcase classname="com.CA.qa.TestCases.APITesting" name="testResponsecode" time="0.035"/>
  <system-out/>
  <testcase classname="com.CA.qa.TestCases.APITesting" name="testResponsecode" time="0.038"/>
  <system-out/>
  <testcase classname="com.CA.qa.TestCases.APITesting" name="testResponsecode" time="0.035"/>
  <system-out/>
  <testcase classname="com.CA.qa.TestCases.APITesting" name="testResponsecode" time="0.032"/>
  <system-out/>
  <testcase classname="com.CA.qa.TestCases.APITesting" name="testResponsecode" time="0.167"/>
  <system-out/>
  <testcase classname="com.CA.qa.TestCases.APITesting" name="testResponsecode" time="0.036"/>
  <system-out/>
  <testcase classname="com.CA.qa.TestCases.APITesting" name="testResponsecode" time="0.042"/>
  <system-out/>
  <testcase classname="com.CA.qa.TestCases.APITesting" name="testResponsecode" time="0.069"/>
  <system-out/>
  <testcase classname="com.CA.qa.TestCases.APITesting" name="testResponsecode" time="0.035"/>
  <system-out/>
  <testcase classname="com.CA.qa.TestCases.APITesting" name="testResponsecode" time="0.039"/>
  <system-out/>
  <testcase classname="com.CA.qa.TestCases.APITesting" name="testResponsecode" time="0.036"/>
  <system-out/>
  <testcase classname="com.CA.qa.TestCases.APITesting" name="testResponsecode" time="0.033"/>
  <system-out/>
  <testcase classname="com.CA.qa.TestCases.APITesting" name="testResponsecode" time="0.042"/>
  <system-out/>
  <testcase classname="com.CA.qa.TestCases.APITesting" name="testResponsecode" time="0.076"/>
  <system-out/>
  <testcase classname="com.CA.qa.TestCases.APITesting" name="testResponsecode" time="0.038"/>
  <system-out/>
  <testcase classname="com.CA.qa.TestCases.APITesting" name="testResponsecode" time="0.032"/>
  <system-out/>
  <testcase classname="com.CA.qa.TestCases.APITesting" name="testResponsecode" time="0.034"/>
  <system-out/>
  <testcase classname="com.CA.qa.TestCases.APITesting" name="testResponsecode" time="0.033"/>
  <system-out/>
  <testcase classname="com.CA.qa.TestCases.APITesting" name="testResponsecode" time="0.033"/>
  <system-out/>
  <testcase classname="com.CA.qa.TestCases.APITesting" name="testResponsecode" time="0.037"/>
  <system-out/>
  <testcase classname="com.CA.qa.TestCases.APITesting" name="testResponsecode" time="0.038"/>
  <system-out/>
  <testcase classname="com.CA.qa.TestCases.APITesting" name="testResponsecode" time="0.037"/>
  <system-out/>
  <testcase classname="com.CA.qa.TestCases.APITesting" name="testResponsecode" time="0.040"/>
  <system-out/>
  <testcase classname="com.CA.qa.TestCases.APITesting" name="testResponsecode" time="0.054"/>
  <system-out/>
  <testcase classname="com.CA.qa.TestCases.APITesting" name="testResponsecode" time="0.037"/>
  <system-out/>
  <testcase classname="com.CA.qa.TestCases.APITesting" name="testResponsecode" time="0.036"/>
  <system-out/>
  <testcase classname="com.CA.qa.TestCases.APITesting" name="testResponsecode" time="0.044"/>
  <system-out/>
  <testcase classname="com.CA.qa.TestCases.APITesting" name="testResponsecode" time="0.173"/>
  <system-out/>
  <testcase classname="com.CA.qa.TestCases.APITesting" name="testResponsecode" time="0.034"/>
  <system-out/>
  <testcase classname="com.CA.qa.TestCases.APITesting" name="testResponsecode" time="0.035"/>
  <system-out/>
  <testcase classname="com.CA.qa.TestCases.APITesting" name="testResponsecode" time="0.037"/>
  <system-out/>
  <testcase classname="com.CA.qa.TestCases.APITesting" name="testResponsecode" time="0.036"/>
  <system-out/>
  <testcase classname="com.CA.qa.TestCases.APITesting" name="testResponsecode" time="0.034"/>
  <system-out/>
  <testcase classname="com.CA.qa.TestCases.APITesting" name="testResponsecode" time="0.036"/>
  <system-out/>
  <testcase classname="com.CA.qa.TestCases.APITesting" name="testResponsecode" time="0.033"/>
  <system-out/>
  <testcase classname="com.CA.qa.TestCases.APITesting" name="testResponsecode" time="0.052"/>
  <system-out/>
  <testcase classname="com.CA.qa.TestCases.APITesting" name="testResponsecode" time="0.035"/>
  <system-out/>
  <testcase classname="com.CA.qa.TestCases.APITesting" name="testResponsecode" time="0.036"/>
  <system-out/>
  <testcase classname="com.CA.qa.TestCases.APITesting" name="testResponsecode" time="0.047"/>
  <system-out/>
  <testcase classname="com.CA.qa.TestCases.APITesting" name="testResponsecode" time="0.047"/>
  <system-out/>
  <testcase classname="com.CA.qa.TestCases.APITesting" name="testResponsecode" time="0.033"/>
  <system-out/>
  <testcase classname="com.CA.qa.TestCases.APITesting" name="testResponsecode" time="0.038"/>
  <system-out/>
  <testcase classname="com.CA.qa.TestCases.APITesting" name="testResponsecode" time="0.044"/>
  <system-out/>
  <testcase classname="com.CA.qa.TestCases.APITesting" name="testResponsecode" time="0.101"/>
  <system-out/>
  <testcase classname="com.CA.qa.TestCases.APITesting" name="testResponsecode" time="0.982"/>
  <system-out/>
  <testcase classname="com.CA.qa.TestCases.APITesting" name="testResponsecode" time="0.032"/>
  <system-out/>
  <testcase classname="com.CA.qa.TestCases.APITesting" name="testResponsecode" time="0.034"/>
  <system-out/>
  <testcase classname="com.CA.qa.TestCases.APITesting" name="testResponsecode" time="0.034"/>
  <system-out/>
  <testcase classname="com.CA.qa.TestCases.APITesting" name="testResponsecode" time="0.039"/>
  <system-out/>
  <testcase classname="com.CA.qa.TestCases.APITesting" name="testResponsecode" time="0.031"/>
  <system-out/>
  <testcase classname="com.CA.qa.TestCases.APITesting" name="testResponsecode" time="0.140"/>
  <system-out/>
  <testcase classname="com.CA.qa.TestCases.APITesting" name="testResponsecode" time="0.044"/>
  <system-out/>
  <testcase classname="com.CA.qa.TestCases.APITesting" name="testResponsecode" time="0.039"/>
  <system-out/>
  <testcase classname="com.CA.qa.TestCases.APITesting" name="testResponsecode" time="0.037"/>
  <system-out/>
  <testcase classname="com.CA.qa.TestCases.APITesting" name="testResponsecode" time="0.040"/>
  <system-out/>
  <testcase classname="com.CA.qa.TestCases.APITesting" name="testResponsecode" time="0.034"/>
  <system-out/>
  <testcase classname="com.CA.qa.TestCases.APITesting" name="testResponsecode" time="0.035"/>
  <system-out/>
  <testcase classname="com.CA.qa.TestCases.APITesting" name="testResponsecode" time="0.035"/>
  <system-out/>
  <testcase classname="com.CA.qa.TestCases.APITesting" name="testResponsecode" time="0.035"/>
  <system-out/>
  <testcase classname="com.CA.qa.TestCases.APITesting" name="testResponsecode" time="0.044"/>
  <system-out/>
  <testcase classname="com.CA.qa.TestCases.APITesting" name="testResponsecode" time="0.032"/>
  <system-out/>
  <testcase classname="com.CA.qa.TestCases.APITesting" name="testResponsecode" time="0.031"/>
  <system-out/>
  <testcase classname="com.CA.qa.TestCases.APITesting" name="testResponsecode" time="0.039"/>
  <system-out/>
  <testcase classname="com.CA.qa.TestCases.APITesting" name="testResponsecode" time="0.033"/>
  <system-out/>
  <testcase classname="com.CA.qa.TestCases.APITesting" name="testResponsecode" time="0.037"/>
  <system-out/>
  <testcase classname="com.CA.qa.TestCases.APITesting" name="testResponsecode" time="0.036"/>
  <system-out/>
  <testcase classname="com.CA.qa.TestCases.APITesting" name="testResponsecode" time="0.037"/>
  <system-out/>
  <testcase classname="com.CA.qa.TestCases.APITesting" name="testResponsecode" time="0.055"/>
  <system-out/>
  <testcase classname="com.CA.qa.TestCases.APITesting" name="testResponsecode" time="0.031"/>
  <system-out/>
  <testcase classname="com.CA.qa.TestCases.APITesting" name="testResponsecode" time="0.035"/>
  <system-out/>
  <testcase classname="com.CA.qa.TestCases.APITesting" name="testResponsecode" time="0.034"/>
  <system-out/>
  <testcase classname="com.CA.qa.TestCases.APITesting" name="testResponsecode" time="0.034"/>
  <system-out/>
  <testcase classname="com.CA.qa.TestCases.APITesting" name="testResponsecode" time="0.038"/>
  <system-out/>
  <testcase classname="com.CA.qa.TestCases.APITesting" name="testResponsecode" time="0.127"/>
  <system-out/>
  <testcase classname="com.CA.qa.TestCases.APITesting" name="testResponsecode" time="0.043"/>
  <system-out/>
  <testcase classname="com.CA.qa.TestCases.APITesting" name="testResponsecode" time="0.152"/>
  <system-out/>
  <testcase classname="com.CA.qa.TestCases.APITesting" name="testResponsecode" time="0.060"/>
  <system-out/>
  <testcase classname="com.CA.qa.TestCases.APITesting" name="testResponsecode" time="0.035"/>
  <system-out/>
  <testcase classname="com.CA.qa.TestCases.APITesting" name="testResponsecode" time="0.035"/>
  <system-out/>
  <testcase classname="com.CA.qa.TestCases.APITesting" name="testResponsecode" time="0.037"/>
  <system-out/>
  <testcase classname="com.CA.qa.TestCases.APITesting" name="testResponsecode" time="0.073"/>
  <system-out/>
  <testcase classname="com.CA.qa.TestCases.APITesting" name="testResponsecode" time="0.033"/>
  <system-out/>
  <testcase classname="com.CA.qa.TestCases.APITesting" name="testResponsecode" time="0.050"/>
  <system-out/>
  <testcase classname="com.CA.qa.TestCases.APITesting" name="testResponsecode" time="0.047"/>
  <system-out/>
  <testcase classname="com.CA.qa.TestCases.APITesting" name="testResponsecode" time="0.046"/>
  <system-out/>
  <testcase classname="com.CA.qa.TestCases.APITesting" name="testResponsecode" time="0.033"/>
  <system-out/>
  <testcase classname="com.CA.qa.TestCases.APITesting" name="testResponsecode" time="0.032"/>
  <system-out/>
  <testcase classname="com.CA.qa.TestCases.APITesting" name="testResponsecode" time="0.035"/>
  <system-out/>
  <testcase classname="com.CA.qa.TestCases.APITesting" name="testResponsecode" time="0.033"/>
  <system-out/>
  <testcase classname="com.CA.qa.TestCases.APITesting" name="testResponsecode" time="0.040"/>
  <system-out/>
  <testcase classname="com.CA.qa.TestCases.APITesting" name="testResponsecode" time="0.035"/>
  <system-out/>
  <testcase classname="com.CA.qa.TestCases.APITesting" name="testResponsecode" time="0.033"/>
  <system-out/>
  <testcase classname="com.CA.qa.TestCases.APITesting" name="testResponsecode" time="0.035"/>
  <system-out/>
  <testcase classname="com.CA.qa.TestCases.APITesting" name="testResponsecode" time="0.035"/>
  <system-out/>
  <testcase classname="com.CA.qa.TestCases.APITesting" name="testResponsecode" time="0.034"/>
  <system-out/>
  <testcase classname="com.CA.qa.TestCases.APITesting" name="testResponsecode" time="0.042"/>
  <system-out/>
  <testcase classname="com.CA.qa.TestCases.APITesting" name="testResponsecode" time="0.131"/>
  <system-out/>
  <testcase classname="com.CA.qa.TestCases.APITesting" name="testResponsecode" time="0.031"/>
  <system-out/>
  <testcase classname="com.CA.qa.TestCases.APITesting" name="testResponsecode" time="0.038"/>
  <system-out/>
  <testcase classname="com.CA.qa.TestCases.APITesting" name="testResponsecode" time="0.033"/>
  <system-out/>
  <testcase classname="com.CA.qa.TestCases.APITesting" name="testResponsecode" time="0.105"/>
  <system-out/>
  <testcase classname="com.CA.qa.TestCases.APITesting" name="testResponsecode" time="0.396"/>
  <system-out/>
  <testcase classname="com.CA.qa.TestCases.APITesting" name="testResponsecode" time="0.034"/>
  <system-out/>
  <testcase classname="com.CA.qa.TestCases.APITesting" name="testResponsecode" time="0.035"/>
  <system-out/>
  <testcase classname="com.CA.qa.TestCases.APITesting" name="testResponsecode" time="0.034"/>
  <system-out/>
  <testcase classname="com.CA.qa.TestCases.APITesting" name="testResponsecode" time="0.034"/>
  <system-out/>
  <testcase classname="com.CA.qa.TestCases.APITesting" name="testResponsecode" time="0.033"/>
  <system-out/>
  <testcase classname="com.CA.qa.TestCases.APITesting" name="testResponsecode" time="0.041"/>
  <system-out/>
  <testcase classname="com.CA.qa.TestCases.APITesting" name="testResponsecode" time="0.033"/>
  <system-out/>
  <testcase classname="com.CA.qa.TestCases.APITesting" name="testResponsecode" time="0.040"/>
  <system-out/>
  <testcase classname="com.CA.qa.TestCases.APITesting" name="testResponsecode" time="0.044"/>
  <system-out/>
  <testcase classname="com.CA.qa.TestCases.APITesting" name="testResponsecode" time="0.038"/>
  <system-out/>
  <testcase classname="com.CA.qa.TestCases.APITesting" name="testResponsecode" time="0.038"/>
  <system-out/>
  <testcase classname="com.CA.qa.TestCases.APITesting" name="testResponsecode" time="0.056"/>
  <system-out/>
  <testcase classname="com.CA.qa.TestCases.APITesting" name="testResponsecode" time="0.034"/>
  <system-out/>
  <testcase classname="com.CA.qa.TestCases.APITesting" name="testResponsecode" time="0.037"/>
  <system-out/>
  <testcase classname="com.CA.qa.TestCases.APITesting" name="testResponsecode" time="0.039"/>
  <system-out/>
  <testcase classname="com.CA.qa.TestCases.APITesting" name="testResponsecode" time="0.037"/>
  <system-out/>
  <testcase classname="com.CA.qa.TestCases.APITesting" name="testResponsecode" time="0.034"/>
  <system-out/>
  <testcase classname="com.CA.qa.TestCases.APITesting" name="testResponsecode" time="0.038"/>
  <system-out/>
  <testcase classname="com.CA.qa.TestCases.APITesting" name="testResponsecode" time="0.042"/>
  <system-out/>
  <testcase classname="com.CA.qa.TestCases.APITesting" name="testResponsecode" time="0.036"/>
  <system-out/>
  <testcase classname="com.CA.qa.TestCases.APITesting" name="testResponsecode" time="0.035"/>
  <system-out/>
  <testcase classname="com.CA.qa.TestCases.APITesting" name="testResponsecode" time="0.183"/>
  <system-out/>
  <testcase classname="com.CA.qa.TestCases.APITesting" name="testResponsecode" time="0.043"/>
  <system-out/>
  <testcase classname="com.CA.qa.TestCases.APITesting" name="testResponsecode" time="0.038"/>
  <system-out/>
  <testcase classname="com.CA.qa.TestCases.APITesting" name="testResponsecode" time="0.036"/>
  <system-out/>
  <testcase classname="com.CA.qa.TestCases.APITesting" name="testResponsecode" time="0.036"/>
  <system-out/>
  <testcase classname="com.CA.qa.TestCases.APITesting" name="testResponsecode" time="0.038"/>
  <system-out/>
  <testcase classname="com.CA.qa.TestCases.APITesting" name="testResponsecode" time="0.032"/>
  <system-out/>
  <testcase classname="com.CA.qa.TestCases.APITesting" name="testResponsecode" time="0.035"/>
  <system-out/>
  <testcase classname="com.CA.qa.TestCases.APITesting" name="testResponsecode" time="0.038"/>
  <system-out/>
  <testcase classname="com.CA.qa.TestCases.APITesting" name="testResponsecode" time="0.033"/>
  <system-out/>
  <testcase classname="com.CA.qa.TestCases.APITesting" name="testResponsecode" time="0.033"/>
  <system-out/>
  <testcase classname="com.CA.qa.TestCases.APITesting" name="testResponsecode" time="0.059"/>
  <system-out/>
  <testcase classname="com.CA.qa.TestCases.APITesting" name="testResponsecode" time="0.055"/>
  <system-out/>
  <testcase classname="com.CA.qa.TestCases.APITesting" name="testResponsecode" time="0.076"/>
  <system-out/>
  <testcase classname="com.CA.qa.TestCases.APITesting" name="testResponsecode" time="0.032"/>
  <system-out/>
  <testcase classname="com.CA.qa.TestCases.APITesting" name="testResponsecode" time="0.042"/>
  <system-out/>
  <testcase classname="com.CA.qa.TestCases.APITesting" name="testResponsecode" time="0.033"/>
  <system-out/>
  <testcase classname="com.CA.qa.TestCases.APITesting" name="testResponsecode" time="0.033"/>
  <system-out/>
  <testcase classname="com.CA.qa.TestCases.APITesting" name="testResponsecode" time="0.036"/>
  <system-out/>
  <testcase classname="com.CA.qa.TestCases.APITesting" name="testResponsecode" time="0.034"/>
  <system-out/>
  <testcase classname="com.CA.qa.TestCases.APITesting" name="testResponsecode" time="0.036"/>
  <system-out/>
  <testcase classname="com.CA.qa.TestCases.APITesting" name="testResponsecode" time="0.033"/>
  <system-out/>
  <testcase classname="com.CA.qa.TestCases.APITesting" name="testResponsecode" time="0.035"/>
  <system-out/>
  <testcase classname="com.CA.qa.TestCases.APITesting" name="testResponsecode" time="0.033"/>
  <system-out/>
  <testcase classname="com.CA.qa.TestCases.APITesting" name="testResponsecode" time="0.034"/>
  <system-out/>
  <testcase classname="com.CA.qa.TestCases.APITesting" name="testResponsecode" time="0.158"/>
  <system-out/>
  <testcase classname="com.CA.qa.TestCases.APITesting" name="testResponsecode" time="0.046"/>
  <system-out/>
  <testcase classname="com.CA.qa.TestCases.APITesting" name="testResponsecode" time="0.039"/>
  <system-out/>
  <testcase classname="com.CA.qa.TestCases.APITesting" name="testResponsecode" time="0.083"/>
  <system-out/>
  <testcase classname="com.CA.qa.TestCases.APITesting" name="testResponsecode" time="0.045"/>
  <system-out/>
  <testcase classname="com.CA.qa.TestCases.APITesting" name="testResponsecode" time="0.031"/>
  <system-out/>
  <testcase classname="com.CA.qa.TestCases.APITesting" name="testResponsecode" time="0.046"/>
  <system-out/>
  <testcase classname="com.CA.qa.TestCases.APITesting" name="testResponsecode" time="0.036"/>
  <system-out/>
  <testcase classname="com.CA.qa.TestCases.APITesting" name="testResponsecode" time="0.032"/>
  <system-out/>
  <testcase classname="com.CA.qa.TestCases.APITesting" name="testResponsecode" time="0.033"/>
  <system-out/>
  <testcase classname="com.CA.qa.TestCases.APITesting" name="testResponsecode" time="0.032"/>
  <system-out/>
  <testcase classname="com.CA.qa.TestCases.APITesting" name="testResponsecode" time="0.044"/>
  <system-out/>
  <testcase classname="com.CA.qa.TestCases.APITesting" name="testResponsecode" time="0.036"/>
  <system-out/>
  <testcase classname="com.CA.qa.TestCases.APITesting" name="testResponsecode" time="0.040"/>
  <system-out/>
  <testcase classname="com.CA.qa.TestCases.APITesting" name="testResponsecode" time="0.032"/>
  <system-out/>
  <testcase classname="com.CA.qa.TestCases.APITesting" name="testResponsecode" time="0.033"/>
  <system-out/>
  <testcase classname="com.CA.qa.TestCases.APITesting" name="testResponsecode" time="0.038"/>
  <system-out/>
  <testcase classname="com.CA.qa.TestCases.APITesting" name="testResponsecode" time="0.070"/>
  <system-out/>
  <testcase classname="com.CA.qa.TestCases.APITesting" name="testResponsecode" time="0.064"/>
  <system-out/>
  <testcase classname="com.CA.qa.TestCases.APITesting" name="testResponsecode" time="0.031"/>
  <system-out/>
  <testcase classname="com.CA.qa.TestCases.APITesting" name="testResponsecode" time="0.033"/>
  <system-out/>
  <testcase classname="com.CA.qa.TestCases.APITesting" name="testResponsecode" time="0.034"/>
  <system-out/>
  <testcase classname="com.CA.qa.TestCases.APITesting" name="testResponsecode" time="0.169"/>
  <system-out/>
  <testcase classname="com.CA.qa.TestCases.APITesting" name="testResponsecode" time="0.056"/>
  <system-out/>
  <testcase classname="com.CA.qa.TestCases.APITesting" name="testResponsecode" time="0.034"/>
  <system-out/>
  <testcase classname="com.CA.qa.TestCases.APITesting" name="testResponsecode" time="0.034"/>
  <system-out/>
  <testcase classname="com.CA.qa.TestCases.APITesting" name="testResponsecode" time="0.127"/>
  <system-out/>
  <testcase classname="com.CA.qa.TestCases.APITesting" name="testResponsecode" time="0.034"/>
  <system-out/>
  <testcase classname="com.CA.qa.TestCases.APITesting" name="testResponsecode" time="0.033"/>
  <system-out/>
  <testcase classname="com.CA.qa.TestCases.APITesting" name="testResponsecode" time="0.039"/>
  <system-out/>
  <testcase classname="com.CA.qa.TestCases.APITesting" name="testResponsecode" time="0.033"/>
  <system-out/>
  <testcase classname="com.CA.qa.TestCases.APITesting" name="testResponsecode" time="0.042"/>
  <system-out/>
  <testcase classname="com.CA.qa.TestCases.APITesting" name="testResponsecode" time="0.037"/>
  <system-out/>
  <testcase classname="com.CA.qa.TestCases.APITesting" name="testResponsecode" time="0.034"/>
  <system-out/>
  <testcase classname="com.CA.qa.TestCases.APITesting" name="testResponsecode" time="0.037"/>
  <system-out/>
  <testcase classname="com.CA.qa.TestCases.APITesting" name="testResponsecode" time="0.043"/>
  <system-out/>
  <testcase classname="com.CA.qa.TestCases.APITesting" name="testResponsecode" time="0.050"/>
  <system-out/>
  <testcase classname="com.CA.qa.TestCases.APITesting" name="testResponsecode" time="0.034"/>
  <system-out/>
  <testcase classname="com.CA.qa.TestCases.APITesting" name="testResponsecode" time="0.035"/>
  <system-out/>
  <testcase classname="com.CA.qa.TestCases.APITesting" name="testResponsecode" time="0.155"/>
  <system-out/>
  <testcase classname="com.CA.qa.TestCases.APITesting" name="testResponsecode" time="0.033"/>
  <system-out/>
  <testcase classname="com.CA.qa.TestCases.APITesting" name="testResponsecode" time="0.144"/>
  <system-out/>
  <testcase classname="com.CA.qa.TestCases.APITesting" name="testResponsecode" time="0.034"/>
  <system-out/>
  <testcase classname="com.CA.qa.TestCases.APITesting" name="testResponsecode" time="0.033"/>
  <system-out/>
  <testcase classname="com.CA.qa.TestCases.APITesting" name="testResponsecode" time="0.034"/>
  <system-out/>
  <testcase classname="com.CA.qa.TestCases.APITesting" name="testResponsecode" time="0.036"/>
  <system-out/>
  <testcase classname="com.CA.qa.TestCases.APITesting" name="testResponsecode" time="0.132"/>
  <system-out/>
  <testcase classname="com.CA.qa.TestCases.APITesting" name="testResponsecode" time="0.034"/>
  <system-out/>
  <testcase classname="com.CA.qa.TestCases.APITesting" name="testResponsecode" time="0.031"/>
  <system-out/>
  <testcase classname="com.CA.qa.TestCases.APITesting" name="testResponsecode" time="0.290"/>
  <system-out/>
  <testcase classname="com.CA.qa.TestCases.APITesting" name="testResponsecode" time="0.053"/>
  <system-out/>
  <testcase classname="com.CA.qa.TestCases.APITesting" name="testResponsecode" time="0.036"/>
  <system-out/>
  <testcase classname="com.CA.qa.TestCases.APITesting" name="testResponsecode" time="0.039"/>
  <system-out/>
  <testcase classname="com.CA.qa.TestCases.APITesting" name="testResponsecode" time="0.033"/>
  <system-out/>
  <testcase classname="com.CA.qa.TestCases.APITesting" name="testResponsecode" time="0.042"/>
  <system-out/>
  <testcase classname="com.CA.qa.TestCases.APITesting" name="testResponsecode" time="0.046"/>
  <system-out/>
  <testcase classname="com.CA.qa.TestCases.APITesting" name="testResponsecode" time="0.043"/>
  <system-out/>
  <testcase classname="com.CA.qa.TestCases.APITesting" name="testResponsecode" time="0.033"/>
  <system-out/>
  <testcase classname="com.CA.qa.TestCases.APITesting" name="testResponsecode" time="0.033"/>
  <system-out/>
  <testcase classname="com.CA.qa.TestCases.APITesting" name="testResponsecode" time="0.033"/>
  <system-out/>
  <testcase classname="com.CA.qa.TestCases.APITesting" name="testResponsecode" time="0.039"/>
  <system-out/>
  <testcase classname="com.CA.qa.TestCases.APITesting" name="testResponsecode" time="0.408"/>
  <system-out/>
  <testcase classname="com.CA.qa.TestCases.APITesting" name="testResponsecode" time="0.034"/>
  <system-out/>
  <testcase classname="com.CA.qa.TestCases.APITesting" name="testResponsecode" time="0.034"/>
  <system-out/>
  <testcase classname="com.CA.qa.TestCases.APITesting" name="testResponsecode" time="0.033"/>
  <system-out/>
  <testcase classname="com.CA.qa.TestCases.APITesting" name="testResponsecode" time="0.212"/>
  <system-out/>
  <testcase classname="com.CA.qa.TestCases.APITesting" name="testResponsecode" time="0.038"/>
  <system-out/>
  <testcase classname="com.CA.qa.TestCases.APITesting" name="testResponsecode" time="0.033"/>
  <system-out/>
  <testcase classname="com.CA.qa.TestCases.APITesting" name="testResponsecode" time="0.640"/>
  <system-out/>
  <testcase classname="com.CA.qa.TestCases.APITesting" name="testResponsecode" time="0.062"/>
  <system-out/>
  <testcase classname="com.CA.qa.TestCases.APITesting" name="testResponsecode" time="0.043"/>
  <system-out/>
  <testcase classname="com.CA.qa.TestCases.APITesting" name="testResponsecode" time="0.045"/>
  <system-out/>
  <testcase classname="com.CA.qa.TestCases.APITesting" name="testResponsecode" time="0.032"/>
  <system-out/>
  <testcase classname="com.CA.qa.TestCases.APITesting" name="testResponsecode" time="0.178"/>
  <system-out/>
  <testcase classname="com.CA.qa.TestCases.APITesting" name="testResponsecode" time="0.041"/>
  <system-out/>
  <testcase classname="com.CA.qa.TestCases.APITesting" name="testResponsecode" time="0.034"/>
  <system-out/>
  <testcase classname="com.CA.qa.TestCases.APITesting" name="testResponsecode" time="0.036"/>
  <system-out/>
  <testcase classname="com.CA.qa.TestCases.APITesting" name="testResponsecode" time="0.039"/>
  <system-out/>
  <testcase classname="com.CA.qa.TestCases.APITesting" name="testResponsecode" time="0.037"/>
  <system-out/>
  <testcase classname="com.CA.qa.TestCases.APITesting" name="testResponsecode" time="0.052"/>
  <system-out/>
  <testcase classname="com.CA.qa.TestCases.APITesting" name="testResponsecode" time="0.039"/>
  <system-out/>
  <testcase classname="com.CA.qa.TestCases.APITesting" name="testResponsecode" time="0.047"/>
  <system-out/>
  <testcase classname="com.CA.qa.TestCases.APITesting" name="testResponsecode" time="0.032"/>
  <system-out/>
  <testcase classname="com.CA.qa.TestCases.APITesting" name="testResponsecode" time="0.035"/>
  <system-out/>
  <testcase classname="com.CA.qa.TestCases.APITesting" name="testResponsecode" time="0.038"/>
  <system-out/>
  <testcase classname="com.CA.qa.TestCases.APITesting" name="testResponsecode" time="0.045"/>
  <system-out/>
  <testcase classname="com.CA.qa.TestCases.APITesting" name="testResponsecode" time="0.035"/>
  <system-out/>
  <testcase classname="com.CA.qa.TestCases.APITesting" name="testResponsecode" time="0.036"/>
  <system-out/>
  <testcase classname="com.CA.qa.TestCases.APITesting" name="testResponsecode" time="0.127"/>
  <system-out/>
  <testcase classname="com.CA.qa.TestCases.APITesting" name="testResponsecode" time="0.038"/>
  <system-out/>
  <testcase classname="com.CA.qa.TestCases.APITesting" name="testResponsecode" time="0.041"/>
  <system-out/>
  <testcase classname="com.CA.qa.TestCases.APITesting" name="testResponsecode" time="0.033"/>
  <system-out/>
  <testcase classname="com.CA.qa.TestCases.APITesting" name="testResponsecode" time="0.037"/>
  <system-out/>
  <testcase classname="com.CA.qa.TestCases.APITesting" name="testResponsecode" time="0.033"/>
  <system-out/>
  <testcase classname="com.CA.qa.TestCases.APITesting" name="testResponsecode" time="0.032"/>
  <system-out/>
  <testcase classname="com.CA.qa.TestCases.APITesting" name="testResponsecode" time="0.036"/>
  <system-out/>
  <testcase classname="com.CA.qa.TestCases.APITesting" name="testResponsecode" time="0.034"/>
  <system-out/>
  <testcase classname="com.CA.qa.TestCases.APITesting" name="testResponsecode" time="0.040"/>
  <system-out/>
  <testcase classname="com.CA.qa.TestCases.APITesting" name="testResponsecode" time="0.036"/>
  <system-out/>
  <testcase classname="com.CA.qa.TestCases.APITesting" name="testResponsecode" time="0.040"/>
  <system-out/>
  <testcase classname="com.CA.qa.TestCases.APITesting" name="testResponsecode" time="0.038"/>
  <system-out/>
  <testcase classname="com.CA.qa.TestCases.APITesting" name="testResponsecode" time="0.167"/>
  <system-out/>
  <testcase classname="com.CA.qa.TestCases.APITesting" name="testResponsecode" time="0.034"/>
  <system-out/>
  <testcase classname="com.CA.qa.TestCases.APITesting" name="testResponsecode" time="0.033"/>
  <system-out/>
  <testcase classname="com.CA.qa.TestCases.APITesting" name="testResponsecode" time="0.156"/>
  <system-out/>
  <testcase classname="com.CA.qa.TestCases.APITesting" name="testResponsecode" time="0.034"/>
  <system-out/>
  <testcase classname="com.CA.qa.TestCases.APITesting" name="testResponsecode" time="0.034"/>
  <system-out/>
  <testcase classname="com.CA.qa.TestCases.APITesting" name="testResponsecode" time="0.033"/>
  <system-out/>
  <testcase classname="com.CA.qa.TestCases.APITesting" name="testResponsecode" time="0.034"/>
  <system-out/>
  <testcase classname="com.CA.qa.TestCases.APITesting" name="testResponsecode" time="0.033"/>
  <system-out/>
  <testcase classname="com.CA.qa.TestCases.APITesting" name="testResponsecode" time="0.034"/>
  <system-out/>
  <testcase classname="com.CA.qa.TestCases.APITesting" name="testResponsecode" time="0.142"/>
  <system-out/>
  <testcase classname="com.CA.qa.TestCases.APITesting" name="testResponsecode" time="0.039"/>
  <system-out/>
  <testcase classname="com.CA.qa.TestCases.APITesting" name="testResponsecode" time="0.034"/>
  <system-out/>
  <testcase classname="com.CA.qa.TestCases.APITesting" name="testResponsecode" time="0.040"/>
  <system-out/>
  <testcase classname="com.CA.qa.TestCases.APITesting" name="testResponsecode" time="1.002"/>
  <system-out/>
  <testcase classname="com.CA.qa.TestCases.APITesting" name="testResponsecode" time="0.291"/>
  <system-out/>
  <testcase classname="com.CA.qa.TestCases.APITesting" name="testResponsecode" time="0.034"/>
  <system-out/>
  <testcase classname="com.CA.qa.TestCases.APITesting" name="testResponsecode" time="0.048"/>
  <system-out/>
  <testcase classname="com.CA.qa.TestCases.APITesting" name="testResponsecode" time="0.037"/>
  <system-out/>
  <testcase classname="com.CA.qa.TestCases.APITesting" name="testResponsecode" time="0.033"/>
  <system-out/>
  <testcase classname="com.CA.qa.TestCases.APITesting" name="testResponsecode" time="0.035"/>
  <system-out/>
  <testcase classname="com.CA.qa.TestCases.APITesting" name="testResponsecode" time="0.033"/>
  <system-out/>
  <testcase classname="com.CA.qa.TestCases.APITesting" name="testResponsecode" time="0.035"/>
  <system-out/>
  <testcase classname="com.CA.qa.TestCases.APITesting" name="testResponsecode" time="0.042"/>
  <system-out/>
  <testcase classname="com.CA.qa.TestCases.APITesting" name="testResponsecode" time="0.050"/>
  <system-out/>
  <testcase classname="com.CA.qa.TestCases.APITesting" name="testResponsecode" time="0.032"/>
  <system-out/>
  <testcase classname="com.CA.qa.TestCases.APITesting" name="testResponsecode" time="0.036"/>
  <system-out/>
  <testcase classname="com.CA.qa.TestCases.APITesting" name="testResponsecode" time="0.043"/>
  <system-out/>
  <testcase classname="com.CA.qa.TestCases.APITesting" name="testResponsecode" time="0.037"/>
  <system-out/>
  <testcase classname="com.CA.qa.TestCases.APITesting" name="testResponsecode" time="0.034"/>
  <system-out/>
  <testcase classname="com.CA.qa.TestCases.APITesting" name="testResponsecode" time="0.042"/>
  <system-out/>
  <testcase classname="com.CA.qa.TestCases.APITesting" name="testResponsecode" time="0.033"/>
  <system-out/>
  <testcase classname="com.CA.qa.TestCases.APITesting" name="testResponsecode" time="0.160"/>
  <system-out/>
  <testcase classname="com.CA.qa.TestCases.APITesting" name="testResponsecode" time="0.039"/>
  <system-out/>
  <testcase classname="com.CA.qa.TestCases.APITesting" name="testResponsecode" time="0.042"/>
  <system-out/>
  <testcase classname="com.CA.qa.TestCases.APITesting" name="testResponsecode" time="0.074"/>
  <system-out/>
  <testcase classname="com.CA.qa.TestCases.APITesting" name="testResponsecode" time="0.034"/>
  <system-out/>
  <testcase classname="com.CA.qa.TestCases.APITesting" name="testResponsecode" time="0.034"/>
  <system-out/>
  <testcase classname="com.CA.qa.TestCases.APITesting" name="testResponsecode" time="0.034"/>
  <system-out/>
  <testcase classname="com.CA.qa.TestCases.APITesting" name="testResponsecode" time="0.033"/>
  <system-out/>
  <testcase classname="com.CA.qa.TestCases.APITesting" name="testResponsecode" time="0.033"/>
  <system-out/>
  <testcase classname="com.CA.qa.TestCases.APITesting" name="testResponsecode" time="0.034"/>
  <system-out/>
  <testcase classname="com.CA.qa.TestCases.APITesting" name="testResponsecode" time="0.041"/>
  <system-out/>
  <testcase classname="com.CA.qa.TestCases.APITesting" name="testResponsecode" time="0.033"/>
  <system-out/>
  <testcase classname="com.CA.qa.TestCases.APITesting" name="testResponsecode" time="0.033"/>
  <system-out/>
  <testcase classname="com.CA.qa.TestCases.APITesting" name="testResponsecode" time="0.040"/>
  <system-out/>
  <testcase classname="com.CA.qa.TestCases.APITesting" name="testResponsecode" time="0.032"/>
  <system-out/>
  <testcase classname="com.CA.qa.TestCases.APITesting" name="testResponsecode" time="0.036"/>
  <system-out/>
  <testcase classname="com.CA.qa.TestCases.APITesting" name="testResponsecode" time="0.107"/>
  <system-out/>
  <testcase classname="com.CA.qa.TestCases.APITesting" name="testResponsecode" time="0.032"/>
  <system-out/>
  <testcase classname="com.CA.qa.TestCases.APITesting" name="testResponsecode" time="0.034"/>
  <system-out/>
  <testcase classname="com.CA.qa.TestCases.APITesting" name="testResponsecode" time="0.058"/>
  <system-out/>
  <testcase classname="com.CA.qa.TestCases.APITesting" name="testResponsecode" time="0.048"/>
  <system-out/>
  <testcase classname="com.CA.qa.TestCases.APITesting" name="testResponsecode" time="0.033"/>
  <system-out/>
  <testcase classname="com.CA.qa.TestCases.APITesting" name="testResponsecode" time="0.135"/>
  <system-out/>
  <testcase classname="com.CA.qa.TestCases.APITesting" name="testResponsecode" time="0.041"/>
  <system-out/>
  <testcase classname="com.CA.qa.TestCases.APITesting" name="testResponsecode" time="0.034"/>
  <system-out/>
  <testcase classname="com.CA.qa.TestCases.APITesting" name="testResponsecode" time="0.033"/>
  <system-out/>
  <testcase classname="com.CA.qa.TestCases.APITesting" name="testResponsecode" time="0.038"/>
  <system-out/>
  <testcase classname="com.CA.qa.TestCases.APITesting" name="testResponsecode" time="0.035"/>
  <system-out/>
  <testcase classname="com.CA.qa.TestCases.APITesting" name="testResponsecode" time="0.034"/>
  <system-out/>
  <testcase classname="com.CA.qa.TestCases.APITesting" name="testResponsecode" time="0.040"/>
  <system-out/>
  <testcase classname="com.CA.qa.TestCases.APITesting" name="testResponsecode" time="0.033"/>
  <system-out/>
  <testcase classname="com.CA.qa.TestCases.APITesting" name="testResponsecode" time="0.043"/>
  <system-out/>
  <testcase classname="com.CA.qa.TestCases.APITesting" name="testResponsecode" time="0.036"/>
  <system-out/>
  <testcase classname="com.CA.qa.TestCases.APITesting" name="testResponsecode" time="0.034"/>
  <system-out/>
  <testcase classname="com.CA.qa.TestCases.APITesting" name="testResponsecode" time="0.178"/>
  <system-out/>
  <testcase classname="com.CA.qa.TestCases.APITesting" name="testResponsecode" time="0.071"/>
  <system-out/>
  <testcase classname="com.CA.qa.TestCases.APITesting" name="testResponsecode" time="0.033"/>
  <system-out/>
  <testcase classname="com.CA.qa.TestCases.APITesting" name="testResponsecode" time="0.044"/>
  <system-out/>
  <testcase classname="com.CA.qa.TestCases.APITesting" name="testResponsecode" time="0.037"/>
  <system-out/>
  <testcase classname="com.CA.qa.TestCases.APITesting" name="testResponsecode" time="0.043"/>
  <system-out/>
  <testcase classname="com.CA.qa.TestCases.APITesting" name="testResponsecode" time="0.037"/>
  <system-out/>
  <testcase classname="com.CA.qa.TestCases.APITesting" name="testResponsecode" time="0.039"/>
  <system-out/>
  <testcase classname="com.CA.qa.TestCases.APITesting" name="testResponsecode" time="0.074"/>
  <system-out/>
  <testcase classname="com.CA.qa.TestCases.APITesting" name="testResponsecode" time="0.041"/>
  <system-out/>
  <testcase classname="com.CA.qa.TestCases.APITesting" name="testResponsecode" time="0.036"/>
  <system-out/>
  <testcase classname="com.CA.qa.TestCases.APITesting" name="testResponsecode" time="0.036"/>
  <system-out/>
  <testcase classname="com.CA.qa.TestCases.APITesting" name="testResponsecode" time="0.154"/>
  <system-out/>
  <testcase classname="com.CA.qa.TestCases.APITesting" name="testResponsecode" time="0.035"/>
  <system-out/>
  <testcase classname="com.CA.qa.TestCases.APITesting" name="testResponsecode" time="0.066"/>
  <system-out/>
  <testcase classname="com.CA.qa.TestCases.APITesting" name="testResponsecode" time="0.040"/>
  <system-out/>
  <testcase classname="com.CA.qa.TestCases.APITesting" name="testResponsecode" time="0.032"/>
  <system-out/>
  <testcase classname="com.CA.qa.TestCases.APITesting" name="testResponsecode" time="0.034"/>
  <system-out/>
  <testcase classname="com.CA.qa.TestCases.APITesting" name="testResponsecode" time="0.037"/>
  <system-out/>
  <testcase classname="com.CA.qa.TestCases.APITesting" name="testResponsecode" time="0.034"/>
  <system-out/>
  <testcase classname="com.CA.qa.TestCases.APITesting" name="testResponsecode" time="0.157"/>
  <system-out/>
  <testcase classname="com.CA.qa.TestCases.APITesting" name="testResponsecode" time="0.033"/>
  <system-out/>
  <testcase classname="com.CA.qa.TestCases.APITesting" name="testResponsecode" time="0.047"/>
  <system-out/>
  <testcase classname="com.CA.qa.TestCases.APITesting" name="testResponsecode" time="0.039"/>
  <system-out/>
  <testcase classname="com.CA.qa.TestCases.APITesting" name="testResponsecode" time="0.049"/>
  <system-out/>
  <testcase classname="com.CA.qa.TestCases.APITesting" name="testResponsecode" time="0.035"/>
  <system-out/>
  <testcase classname="com.CA.qa.TestCases.APITesting" name="testResponsecode" time="0.037"/>
  <system-out/>
  <testcase classname="com.CA.qa.TestCases.APITesting" name="testResponsecode" time="0.033"/>
  <system-out/>
  <testcase classname="com.CA.qa.TestCases.APITesting" name="testResponsecode" time="0.089"/>
  <system-out/>
  <testcase classname="com.CA.qa.TestCases.APITesting" name="testResponsecode" time="0.059"/>
  <system-out/>
  <testcase classname="com.CA.qa.TestCases.APITesting" name="testResponsecode" time="0.036"/>
  <system-out/>
  <testcase classname="com.CA.qa.TestCases.APITesting" name="testResponsecode" time="0.033"/>
  <system-out/>
  <testcase classname="com.CA.qa.TestCases.APITesting" name="testResponsecode" time="0.033"/>
  <system-out/>
  <testcase classname="com.CA.qa.TestCases.APITesting" name="testResponsecode" time="0.033"/>
  <system-out/>
  <testcase classname="com.CA.qa.TestCases.APITesting" name="testResponsecode" time="0.033"/>
  <system-out/>
  <testcase classname="com.CA.qa.TestCases.APITesting" name="testResponsecode" time="0.124"/>
  <system-out/>
  <testcase classname="com.CA.qa.TestCases.APITesting" name="testResponsecode" time="0.036"/>
  <system-out/>
  <testcase classname="com.CA.qa.TestCases.APITesting" name="testResponsecode" time="0.035"/>
  <system-out/>
  <testcase classname="com.CA.qa.TestCases.APITesting" name="testResponsecode" time="0.141"/>
  <system-out/>
  <testcase classname="com.CA.qa.TestCases.APITesting" name="testResponsecode" time="0.036"/>
  <system-out/>
  <testcase classname="com.CA.qa.TestCases.APITesting" name="testResponsecode" time="0.038"/>
  <system-out/>
  <testcase classname="com.CA.qa.TestCases.APITesting" name="testResponsecode" time="0.035"/>
  <system-out/>
  <testcase classname="com.CA.qa.TestCases.APITesting" name="testResponsecode" time="0.051"/>
  <system-out/>
  <testcase classname="com.CA.qa.TestCases.APITesting" name="testResponsecode" time="0.047"/>
  <system-out/>
  <testcase classname="com.CA.qa.TestCases.APITesting" name="testResponsecode" time="0.042"/>
  <system-out/>
  <testcase classname="com.CA.qa.TestCases.APITesting" name="testResponsecode" time="0.134"/>
  <system-out/>
  <testcase classname="com.CA.qa.TestCases.APITesting" name="testResponsecode" time="0.131"/>
  <system-out/>
  <testcase classname="com.CA.qa.TestCases.APITesting" name="testResponsecode" time="0.034"/>
  <system-out/>
  <testcase classname="com.CA.qa.TestCases.APITesting" name="testResponsecode" time="0.048"/>
  <system-out/>
  <testcase classname="com.CA.qa.TestCases.APITesting" name="testResponsecode" time="0.038"/>
  <system-out/>
  <testcase classname="com.CA.qa.TestCases.APITesting" name="testResponsecode" time="0.033"/>
  <system-out/>
  <testcase classname="com.CA.qa.TestCases.APITesting" name="testResponsecode" time="0.050"/>
  <system-out/>
  <testcase classname="com.CA.qa.TestCases.APITesting" name="testResponsecode" time="0.036"/>
  <system-out/>
  <testcase classname="com.CA.qa.TestCases.APITesting" name="testResponsecode" time="0.035"/>
  <system-out/>
  <testcase classname="com.CA.qa.TestCases.APITesting" name="testResponsecode" time="0.061"/>
  <system-out/>
  <testcase classname="com.CA.qa.TestCases.APITesting" name="testResponsecode" time="0.043"/>
  <system-out/>
  <testcase classname="com.CA.qa.TestCases.APITesting" name="testResponsecode" time="0.036"/>
  <system-out/>
  <testcase classname="com.CA.qa.TestCases.APITesting" name="testResponsecode" time="0.034"/>
  <system-out/>
  <testcase classname="com.CA.qa.TestCases.APITesting" name="testResponsecode" time="0.049"/>
  <system-out/>
  <testcase classname="com.CA.qa.TestCases.APITesting" name="testResponsecode" time="0.253"/>
  <system-out/>
  <testcase classname="com.CA.qa.TestCases.APITesting" name="testResponsecode" time="0.036"/>
  <system-out/>
  <testcase classname="com.CA.qa.TestCases.APITesting" name="testResponsecode" time="0.043"/>
  <system-out/>
  <testcase classname="com.CA.qa.TestCases.APITesting" name="testResponsecode" time="0.054"/>
  <system-out/>
  <testcase classname="com.CA.qa.TestCases.APITesting" name="testResponsecode" time="0.032"/>
  <system-out/>
  <testcase classname="com.CA.qa.TestCases.APITesting" name="testResponsecode" time="0.172"/>
  <system-out/>
  <testcase classname="com.CA.qa.TestCases.APITesting" name="testResponsecode" time="0.036"/>
  <system-out/>
  <testcase classname="com.CA.qa.TestCases.APITesting" name="testResponsecode" time="0.033"/>
  <system-out/>
  <testcase classname="com.CA.qa.TestCases.APITesting" name="testResponsecode" time="0.042"/>
  <system-out/>
  <testcase classname="com.CA.qa.TestCases.APITesting" name="testResponsecode" time="0.037"/>
  <system-out/>
  <testcase classname="com.CA.qa.TestCases.APITesting" name="testResponsecode" time="0.039"/>
  <system-out/>
  <testcase classname="com.CA.qa.TestCases.APITesting" name="testResponsecode" time="0.036"/>
  <system-out/>
  <testcase classname="com.CA.qa.TestCases.APITesting" name="testResponsecode" time="0.038"/>
  <system-out/>
  <testcase classname="com.CA.qa.TestCases.APITesting" name="testResponsecode" time="0.041"/>
  <system-out/>
  <testcase classname="com.CA.qa.TestCases.APITesting" name="testResponsecode" time="0.033"/>
  <system-out/>
  <testcase classname="com.CA.qa.TestCases.APITesting" name="testResponsecode" time="0.041"/>
  <system-out/>
  <testcase classname="com.CA.qa.TestCases.APITesting" name="testResponsecode" time="0.034"/>
  <system-out/>
  <testcase classname="com.CA.qa.TestCases.APITesting" name="testResponsecode" time="0.227"/>
  <system-out/>
  <testcase classname="com.CA.qa.TestCases.APITesting" name="testResponsecode" time="0.036"/>
  <system-out/>
  <testcase classname="com.CA.qa.TestCases.APITesting" name="testResponsecode" time="0.039"/>
  <system-out/>
  <testcase classname="com.CA.qa.TestCases.APITesting" name="testResponsecode" time="0.037"/>
  <system-out/>
  <testcase classname="com.CA.qa.TestCases.APITesting" name="testResponsecode" time="0.033"/>
  <system-out/>
  <testcase classname="com.CA.qa.TestCases.APITesting" name="testResponsecode" time="0.040"/>
  <system-out/>
  <testcase classname="com.CA.qa.TestCases.APITesting" name="testResponsecode" time="0.034"/>
  <system-out/>
  <testcase classname="com.CA.qa.TestCases.APITesting" name="testResponsecode" time="0.040"/>
  <system-out/>
  <testcase classname="com.CA.qa.TestCases.APITesting" name="testResponsecode" time="0.042"/>
  <system-out/>
  <testcase classname="com.CA.qa.TestCases.APITesting" name="testResponsecode" time="0.065"/>
  <system-out/>
  <testcase classname="com.CA.qa.TestCases.APITesting" name="testResponsecode" time="0.033"/>
  <system-out/>
  <testcase classname="com.CA.qa.TestCases.APITesting" name="testResponsecode" time="0.035"/>
  <system-out/>
  <testcase classname="com.CA.qa.TestCases.APITesting" name="testResponsecode" time="0.048"/>
  <system-out/>
  <testcase classname="com.CA.qa.TestCases.APITesting" name="testResponsecode" time="0.033"/>
  <system-out/>
  <testcase classname="com.CA.qa.TestCases.APITesting" name="testResponsecode" time="0.044"/>
  <system-out/>
  <testcase classname="com.CA.qa.TestCases.APITesting" name="testResponsecode" time="0.141"/>
  <system-out/>
  <testcase classname="com.CA.qa.TestCases.APITesting" name="testResponsecode" time="0.060"/>
  <system-out/>
  <testcase classname="com.CA.qa.TestCases.APITesting" name="testResponsecode" time="0.034"/>
  <system-out/>
  <testcase classname="com.CA.qa.TestCases.APITesting" name="testResponsecode" time="0.045"/>
  <system-out/>
  <testcase classname="com.CA.qa.TestCases.APITesting" name="testResponsecode" time="0.033"/>
  <system-out/>
  <testcase classname="com.CA.qa.TestCases.APITesting" name="testResponsecode" time="0.044"/>
  <system-out/>
  <testcase classname="com.CA.qa.TestCases.APITesting" name="testResponsecode" time="0.032"/>
  <system-out/>
  <testcase classname="com.CA.qa.TestCases.APITesting" name="testResponsecode" time="0.035"/>
  <system-out/>
  <testcase classname="com.CA.qa.TestCases.APITesting" name="testResponsecode" time="0.035"/>
  <system-out/>
  <testcase classname="com.CA.qa.TestCases.APITesting" name="testResponsecode" time="0.035"/>
  <system-out/>
  <testcase classname="com.CA.qa.TestCases.APITesting" name="testResponsecode" time="0.038"/>
  <system-out/>
  <testcase classname="com.CA.qa.TestCases.APITesting" name="testResponsecode" time="0.031"/>
  <system-out/>
  <testcase classname="com.CA.qa.TestCases.APITesting" name="testResponsecode" time="0.046"/>
  <system-out/>
  <testcase classname="com.CA.qa.TestCases.APITesting" name="testResponsecode" time="0.040"/>
  <system-out/>
  <testcase classname="com.CA.qa.TestCases.APITesting" name="testResponsecode" time="0.033"/>
  <system-out/>
  <testcase classname="com.CA.qa.TestCases.APITesting" name="testResponsecode" time="0.036"/>
  <system-out/>
  <testcase classname="com.CA.qa.TestCases.APITesting" name="testResponsecode" time="0.034"/>
  <system-out/>
  <testcase classname="com.CA.qa.TestCases.APITesting" name="testResponsecode" time="0.044"/>
  <system-out/>
  <testcase classname="com.CA.qa.TestCases.APITesting" name="testResponsecode" time="0.034"/>
  <system-out/>
  <testcase classname="com.CA.qa.TestCases.APITesting" name="testResponsecode" time="0.044"/>
  <system-out/>
  <testcase classname="com.CA.qa.TestCases.APITesting" name="testResponsecode" time="0.031"/>
  <system-out/>
  <testcase classname="com.CA.qa.TestCases.APITesting" name="testResponsecode" time="0.038"/>
  <system-out/>
  <testcase classname="com.CA.qa.TestCases.APITesting" name="testResponsecode" time="0.037"/>
  <system-out/>
  <testcase classname="com.CA.qa.TestCases.APITesting" name="testResponsecode" time="0.076"/>
  <system-out/>
  <testcase classname="com.CA.qa.TestCases.APITesting" name="testResponsecode" time="0.032"/>
  <system-out/>
  <testcase classname="com.CA.qa.TestCases.APITesting" name="testResponsecode" time="0.033"/>
  <system-out/>
  <testcase classname="com.CA.qa.TestCases.APITesting" name="testResponsecode" time="0.058"/>
  <system-out/>
  <testcase classname="com.CA.qa.TestCases.APITesting" name="testResponsecode" time="0.039"/>
  <system-out/>
  <testcase classname="com.CA.qa.TestCases.APITesting" name="testResponsecode" time="0.037"/>
  <system-out/>
  <testcase classname="com.CA.qa.TestCases.APITesting" name="testResponsecode" time="0.639"/>
  <system-out/>
  <testcase classname="com.CA.qa.TestCases.APITesting" name="testResponsecode" time="0.033"/>
  <system-out/>
  <testcase classname="com.CA.qa.TestCases.APITesting" name="testResponsecode" time="0.035"/>
  <system-out/>
  <testcase classname="com.CA.qa.TestCases.APITesting" name="testResponsecode" time="0.038"/>
  <system-out/>
  <testcase classname="com.CA.qa.TestCases.APITesting" name="testResponsecode" time="0.040"/>
  <system-out/>
  <testcase classname="com.CA.qa.TestCases.APITesting" name="testResponsecode" time="0.038"/>
  <system-out/>
  <testcase classname="com.CA.qa.TestCases.APITesting" name="testResponsecode" time="0.044"/>
  <system-out/>
  <testcase classname="com.CA.qa.TestCases.APITesting" name="testResponsecode" time="0.033"/>
  <system-out/>
  <testcase classname="com.CA.qa.TestCases.APITesting" name="testResponsecode" time="0.036"/>
  <system-out/>
  <testcase classname="com.CA.qa.TestCases.APITesting" name="testResponsecode" time="0.035"/>
  <system-out/>
  <testcase classname="com.CA.qa.TestCases.APITesting" name="testResponsecode" time="0.032"/>
  <system-out/>
  <testcase classname="com.CA.qa.TestCases.APITesting" name="testResponsecode" time="0.037"/>
  <system-out/>
  <testcase classname="com.CA.qa.TestCases.APITesting" name="testResponsecode" time="0.389"/>
  <system-out/>
  <testcase classname="com.CA.qa.TestCases.APITesting" name="testResponsecode" time="0.035"/>
  <system-out/>
  <testcase classname="com.CA.qa.TestCases.APITesting" name="testResponsecode" time="0.036"/>
  <system-out/>
  <testcase classname="com.CA.qa.TestCases.APITesting" name="testResponsecode" time="0.048"/>
  <system-out/>
  <testcase classname="com.CA.qa.TestCases.APITesting" name="testResponsecode" time="0.105"/>
  <system-out/>
  <testcase classname="com.CA.qa.TestCases.APITesting" name="testResponsecode" time="0.038"/>
  <system-out/>
  <testcase classname="com.CA.qa.TestCases.APITesting" name="testResponsecode" time="0.035"/>
  <system-out/>
  <testcase classname="com.CA.qa.TestCases.APITesting" name="testResponsecode" time="0.089"/>
  <system-out/>
  <testcase classname="com.CA.qa.TestCases.APITesting" name="testResponsecode" time="0.036"/>
  <system-out/>
  <testcase classname="com.CA.qa.TestCases.APITesting" name="testResponsecode" time="0.035"/>
  <system-out/>
  <testcase classname="com.CA.qa.TestCases.APITesting" name="testResponsecode" time="0.099"/>
  <system-out/>
  <testcase classname="com.CA.qa.TestCases.APITesting" name="testResponsecode" time="0.035"/>
  <system-out/>
  <testcase classname="com.CA.qa.TestCases.APITesting" name="testResponsecode" time="0.075"/>
  <system-out/>
  <testcase classname="com.CA.qa.TestCases.APITesting" name="testResponsecode" time="0.034"/>
  <system-out/>
  <testcase classname="com.CA.qa.TestCases.APITesting" name="testResponsecode" time="0.051"/>
  <system-out/>
  <testcase classname="com.CA.qa.TestCases.APITesting" name="testResponsecode" time="0.033"/>
  <system-out/>
  <testcase classname="com.CA.qa.TestCases.APITesting" name="testResponsecode" time="0.035"/>
  <system-out/>
  <testcase classname="com.CA.qa.TestCases.APITesting" name="testResponsecode" time="0.033"/>
  <system-out/>
  <testcase classname="com.CA.qa.TestCases.APITesting" name="testResponsecode" time="0.034"/>
  <system-out/>
  <testcase classname="com.CA.qa.TestCases.APITesting" name="testResponsecode" time="0.033"/>
  <system-out/>
  <testcase classname="com.CA.qa.TestCases.APITesting" name="testResponsecode" time="0.036"/>
  <system-out/>
  <testcase classname="com.CA.qa.TestCases.APITesting" name="testResponsecode" time="0.032"/>
  <system-out/>
  <testcase classname="com.CA.qa.TestCases.APITesting" name="testResponsecode" time="0.032"/>
  <system-out/>
  <testcase classname="com.CA.qa.TestCases.APITesting" name="testResponsecode" time="0.033"/>
  <system-out/>
  <testcase classname="com.CA.qa.TestCases.APITesting" name="testResponsecode" time="0.033"/>
  <system-out/>
  <testcase classname="com.CA.qa.TestCases.APITesting" name="testResponsecode" time="0.040"/>
  <system-out/>
  <testcase classname="com.CA.qa.TestCases.APITesting" name="testResponsecode" time="0.033"/>
  <system-out/>
  <testcase classname="com.CA.qa.TestCases.APITesting" name="testResponsecode" time="0.039"/>
  <system-out/>
  <testcase classname="com.CA.qa.TestCases.APITesting" name="testResponsecode" time="0.427"/>
  <system-out/>
  <testcase classname="com.CA.qa.TestCases.APITesting" name="testResponsecode" time="0.037"/>
  <system-out/>
  <testcase classname="com.CA.qa.TestCases.APITesting" name="testResponsecode" time="0.037"/>
  <system-out/>
  <testcase classname="com.CA.qa.TestCases.APITesting" name="testResponsecode" time="0.038"/>
  <system-out/>
  <testcase classname="com.CA.qa.TestCases.APITesting" name="testResponsecode" time="0.040"/>
  <system-out/>
  <testcase classname="com.CA.qa.TestCases.APITesting" name="testResponsecode" time="0.044"/>
  <system-out/>
  <testcase classname="com.CA.qa.TestCases.APITesting" name="testResponsecode" time="0.037"/>
  <system-out/>
  <testcase classname="com.CA.qa.TestCases.APITesting" name="testResponsecode" time="0.042"/>
  <system-out/>
  <testcase classname="com.CA.qa.TestCases.APITesting" name="testResponsecode" time="0.034"/>
  <system-out/>
  <testcase classname="com.CA.qa.TestCases.APITesting" name="testResponsecode" time="0.074"/>
  <system-out/>
  <testcase classname="com.CA.qa.TestCases.APITesting" name="testResponsecode" time="0.212"/>
  <system-out/>
  <testcase classname="com.CA.qa.TestCases.APITesting" name="testResponsecode" time="0.033"/>
  <system-out/>
  <testcase classname="com.CA.qa.TestCases.APITesting" name="testResponsecode" time="0.035"/>
  <system-out/>
  <testcase classname="com.CA.qa.TestCases.APITesting" name="testResponsecode" time="0.032"/>
  <system-out/>
  <testcase classname="com.CA.qa.TestCases.APITesting" name="testResponsecode" time="0.126"/>
  <system-out/>
  <testcase classname="com.CA.qa.TestCases.APITesting" name="testResponsecode" time="0.038"/>
  <system-out/>
  <testcase classname="com.CA.qa.TestCases.APITesting" name="testResponsecode" time="0.032"/>
  <system-out/>
  <testcase classname="com.CA.qa.TestCases.APITesting" name="testResponsecode" time="0.041"/>
  <system-out/>
  <testcase classname="com.CA.qa.TestCases.APITesting" name="testResponsecode" time="0.036"/>
  <system-out/>
  <testcase classname="com.CA.qa.TestCases.APITesting" name="testResponsecode" time="0.059"/>
  <system-out/>
  <testcase classname="com.CA.qa.TestCases.APITesting" name="testResponsecode" time="0.033"/>
  <system-out/>
  <testcase classname="com.CA.qa.TestCases.APITesting" name="testResponsecode" time="0.034"/>
  <system-out/>
  <testcase classname="com.CA.qa.TestCases.APITesting" name="testResponsecode" time="0.032"/>
  <system-out/>
  <testcase classname="com.CA.qa.TestCases.APITesting" name="testResponsecode" time="0.035"/>
  <system-out/>
  <testcase classname="com.CA.qa.TestCases.APITesting" name="testResponsecode" time="0.039"/>
  <system-out/>
  <testcase classname="com.CA.qa.TestCases.APITesting" name="testResponsecode" time="0.044"/>
  <system-out/>
  <testcase classname="com.CA.qa.TestCases.APITesting" name="testResponsecode" time="0.033"/>
  <system-out/>
  <testcase classname="com.CA.qa.TestCases.APITesting" name="testResponsecode" time="0.034"/>
  <system-out/>
  <testcase classname="com.CA.qa.TestCases.APITesting" name="testResponsecode" time="0.046"/>
  <system-out/>
  <testcase classname="com.CA.qa.TestCases.APITesting" name="testResponsecode" time="0.035"/>
  <system-out/>
  <testcase classname="com.CA.qa.TestCases.APITesting" name="testResponsecode" time="0.065"/>
  <system-out/>
  <testcase classname="com.CA.qa.TestCases.APITesting" name="testResponsecode" time="0.058"/>
  <system-out/>
  <testcase classname="com.CA.qa.TestCases.APITesting" name="testResponsecode" time="0.032"/>
  <system-out/>
  <testcase classname="com.CA.qa.TestCases.APITesting" name="testResponsecode" time="0.035"/>
  <system-out/>
  <testcase classname="com.CA.qa.TestCases.APITesting" name="testResponsecode" time="0.034"/>
  <system-out/>
  <testcase classname="com.CA.qa.TestCases.APITesting" name="testResponsecode" time="0.037"/>
  <system-out/>
  <testcase classname="com.CA.qa.TestCases.APITesting" name="testResponsecode" time="0.032"/>
  <system-out/>
  <testcase classname="com.CA.qa.TestCases.APITesting" name="testResponsecode" time="0.034"/>
  <system-out/>
  <testcase classname="com.CA.qa.TestCases.APITesting" name="testResponsecode" time="0.038"/>
  <system-out/>
  <testcase classname="com.CA.qa.TestCases.APITesting" name="testResponsecode" time="0.172"/>
  <system-out/>
  <testcase classname="com.CA.qa.TestCases.APITesting" name="testResponsecode" time="0.034"/>
  <system-out/>
  <testcase classname="com.CA.qa.TestCases.APITesting" name="testResponsecode" time="0.033"/>
  <system-out/>
  <testcase classname="com.CA.qa.TestCases.APITesting" name="testResponsecode" time="0.034"/>
  <system-out/>
  <testcase classname="com.CA.qa.TestCases.APITesting" name="testResponsecode" time="0.036"/>
  <system-out/>
  <testcase classname="com.CA.qa.TestCases.APITesting" name="testResponsecode" time="0.038"/>
  <system-out/>
  <testcase classname="com.CA.qa.TestCases.APITesting" name="testResponsecode" time="0.033"/>
  <system-out/>
  <testcase classname="com.CA.qa.TestCases.APITesting" name="testResponsecode" time="0.034"/>
  <system-out/>
  <testcase classname="com.CA.qa.TestCases.APITesting" name="testResponsecode" time="0.035"/>
  <system-out/>
  <testcase classname="com.CA.qa.TestCases.APITesting" name="testResponsecode" time="0.035"/>
  <system-out/>
  <testcase classname="com.CA.qa.TestCases.APITesting" name="testResponsecode" time="0.033"/>
  <system-out/>
  <testcase classname="com.CA.qa.TestCases.APITesting" name="testResponsecode" time="0.043"/>
  <system-out/>
  <testcase classname="com.CA.qa.TestCases.APITesting" name="testResponsecode" time="0.189"/>
  <system-out/>
  <testcase classname="com.CA.qa.TestCases.APITesting" name="testResponsecode" time="0.043"/>
  <system-out/>
  <testcase classname="com.CA.qa.TestCases.APITesting" name="testResponsecode" time="0.035"/>
  <system-out/>
  <testcase classname="com.CA.qa.TestCases.APITesting" name="testResponsecode" time="0.046"/>
  <system-out/>
  <testcase classname="com.CA.qa.TestCases.APITesting" name="testResponsecode" time="0.032"/>
  <system-out/>
  <testcase classname="com.CA.qa.TestCases.APITesting" name="testResponsecode" time="0.033"/>
  <system-out/>
  <testcase classname="com.CA.qa.TestCases.APITesting" name="testResponsecode" time="0.036"/>
  <system-out/>
  <testcase classname="com.CA.qa.TestCases.APITesting" name="testResponsecode" time="0.034"/>
  <system-out/>
  <testcase classname="com.CA.qa.TestCases.APITesting" name="testResponsecode" time="0.038"/>
  <system-out/>
  <testcase classname="com.CA.qa.TestCases.APITesting" name="testResponsecode" time="0.034"/>
  <system-out/>
  <testcase classname="com.CA.qa.TestCases.APITesting" name="testResponsecode" time="0.034"/>
  <system-out/>
  <testcase classname="com.CA.qa.TestCases.APITesting" name="testResponsecode" time="0.034"/>
  <system-out/>
  <testcase classname="com.CA.qa.TestCases.APITesting" name="testResponsecode" time="0.041"/>
  <system-out/>
  <testcase classname="com.CA.qa.TestCases.APITesting" name="testResponsecode" time="0.043"/>
  <system-out/>
  <testcase classname="com.CA.qa.TestCases.APITesting" name="testResponsecode" time="0.038"/>
  <system-out/>
  <testcase classname="com.CA.qa.TestCases.APITesting" name="testResponsecode" time="0.033"/>
  <system-out/>
  <testcase classname="com.CA.qa.TestCases.APITesting" name="testResponsecode" time="0.049"/>
  <system-out/>
  <testcase classname="com.CA.qa.TestCases.APITesting" name="testResponsecode" time="0.040"/>
  <system-out/>
  <testcase classname="com.CA.qa.TestCases.APITesting" name="testResponsecode" time="0.035"/>
  <system-out/>
  <testcase classname="com.CA.qa.TestCases.APITesting" name="testResponsecode" time="0.038"/>
  <system-out/>
  <testcase classname="com.CA.qa.TestCases.APITesting" name="testResponsecode" time="0.035"/>
  <system-out/>
  <testcase classname="com.CA.qa.TestCases.APITesting" name="testResponsecode" time="0.052"/>
  <system-out/>
  <testcase classname="com.CA.qa.TestCases.APITesting" name="testResponsecode" time="0.034"/>
  <system-out/>
  <testcase classname="com.CA.qa.TestCases.APITesting" name="testResponsecode" time="0.045"/>
  <system-out/>
  <testcase classname="com.CA.qa.TestCases.APITesting" name="testResponsecode" time="0.129"/>
  <system-out/>
  <testcase classname="com.CA.qa.TestCases.APITesting" name="testResponsecode" time="0.033"/>
  <system-out/>
  <testcase classname="com.CA.qa.TestCases.APITesting" name="testResponsecode" time="0.184"/>
  <system-out/>
  <testcase classname="com.CA.qa.TestCases.APITesting" name="testResponsecode" time="0.073"/>
  <system-out/>
  <testcase classname="com.CA.qa.TestCases.APITesting" name="testResponsecode" time="0.038"/>
  <system-out/>
  <testcase classname="com.CA.qa.TestCases.APITesting" name="testResponsecode" time="0.033"/>
  <system-out/>
  <testcase classname="com.CA.qa.TestCases.APITesting" name="testResponsecode" time="0.696"/>
  <system-out/>
  <testcase classname="com.CA.qa.TestCases.APITesting" name="testResponsecode" time="0.045"/>
  <system-out/>
  <testcase classname="com.CA.qa.TestCases.APITesting" name="testResponsecode" time="0.035"/>
  <system-out/>
  <testcase classname="com.CA.qa.TestCases.APITesting" name="testResponsecode" time="0.040"/>
  <system-out/>
  <testcase classname="com.CA.qa.TestCases.APITesting" name="testResponsecode" time="0.034"/>
  <system-out/>
  <testcase classname="com.CA.qa.TestCases.APITesting" name="testResponsecode" time="0.910"/>
  <system-out/>
  <testcase classname="com.CA.qa.TestCases.APITesting" name="testResponsecode" time="0.034"/>
  <system-out/>
  <testcase classname="com.CA.qa.TestCases.APITesting" name="testResponsecode" time="0.034"/>
  <system-out/>
  <testcase classname="com.CA.qa.TestCases.APITesting" name="testResponsecode" time="0.034"/>
  <system-out/>
  <testcase classname="com.CA.qa.TestCases.APITesting" name="testResponsecode" time="0.034"/>
  <system-out/>
  <testcase classname="com.CA.qa.TestCases.APITesting" name="testResponsecode" time="0.034"/>
  <system-out/>
  <testcase classname="com.CA.qa.TestCases.APITesting" name="testResponsecode" time="0.035"/>
  <system-out/>
  <testcase classname="com.CA.qa.TestCases.APITesting" name="testResponsecode" time="0.034"/>
  <system-out/>
  <testcase classname="com.CA.qa.TestCases.APITesting" name="testResponsecode" time="0.257"/>
  <system-out/>
  <testcase classname="com.CA.qa.TestCases.APITesting" name="testResponsecode" time="0.166"/>
  <system-out/>
  <testcase classname="com.CA.qa.TestCases.APITesting" name="testResponsecode" time="0.039"/>
  <system-out/>
  <testcase classname="com.CA.qa.TestCases.APITesting" name="testResponsecode" time="0.033"/>
  <system-out/>
  <testcase classname="com.CA.qa.TestCases.APITesting" name="testResponsecode" time="0.038"/>
  <system-out/>
  <testcase classname="com.CA.qa.TestCases.APITesting" name="testResponsecode" time="0.133"/>
  <system-out/>
  <testcase classname="com.CA.qa.TestCases.APITesting" name="testResponsecode" time="0.034"/>
  <system-out/>
  <testcase classname="com.CA.qa.TestCases.APITesting" name="testResponsecode" time="0.035"/>
  <system-out/>
  <testcase classname="com.CA.qa.TestCases.APITesting" name="testResponsecode" time="0.038"/>
  <system-out/>
  <testcase classname="com.CA.qa.TestCases.APITesting" name="testResponsecode" time="0.038"/>
  <system-out/>
  <testcase classname="com.CA.qa.TestCases.APITesting" name="testResponsecode" time="0.055"/>
  <system-out/>
  <testcase classname="com.CA.qa.TestCases.APITesting" name="testResponsecode" time="0.036"/>
  <system-out/>
  <testcase classname="com.CA.qa.TestCases.APITesting" name="testResponsecode" time="0.033"/>
  <system-out/>
  <testcase classname="com.CA.qa.TestCases.APITesting" name="testResponsecode" time="0.059"/>
  <system-out/>
  <testcase classname="com.CA.qa.TestCases.APITesting" name="testResponsecode" time="0.054"/>
  <system-out/>
  <testcase classname="com.CA.qa.TestCases.APITesting" name="testResponsecode" time="0.032"/>
  <system-out/>
  <testcase classname="com.CA.qa.TestCases.APITesting" name="testResponsecode" time="0.039"/>
  <system-out/>
  <testcase classname="com.CA.qa.TestCases.APITesting" name="testResponsecode" time="0.033"/>
  <system-out/>
  <testcase classname="com.CA.qa.TestCases.APITesting" name="testResponsecode" time="0.033"/>
  <system-out/>
  <testcase classname="com.CA.qa.TestCases.APITesting" name="testResponsecode" time="0.034"/>
  <system-out/>
  <testcase classname="com.CA.qa.TestCases.APITesting" name="testResponsecode" time="0.036"/>
  <system-out/>
  <testcase classname="com.CA.qa.TestCases.APITesting" name="testResponsecode" time="0.033"/>
  <system-out/>
  <testcase classname="com.CA.qa.TestCases.APITesting" name="testResponsecode" time="0.148"/>
  <system-out/>
  <testcase classname="com.CA.qa.TestCases.APITesting" name="testResponsecode" time="0.032"/>
  <system-out/>
  <testcase classname="com.CA.qa.TestCases.APITesting" name="testResponsecode" time="0.035"/>
  <system-out/>
  <testcase classname="com.CA.qa.TestCases.APITesting" name="testResponsecode" time="0.034"/>
  <system-out/>
  <testcase classname="com.CA.qa.TestCases.APITesting" name="testResponsecode" time="0.037"/>
  <system-out/>
  <testcase classname="com.CA.qa.TestCases.APITesting" name="testResponsecode" time="0.037"/>
  <system-out/>
  <testcase classname="com.CA.qa.TestCases.APITesting" name="testResponsecode" time="0.039"/>
  <system-out/>
  <testcase classname="com.CA.qa.TestCases.APITesting" name="testResponsecode" time="0.034"/>
  <system-out/>
  <testcase classname="com.CA.qa.TestCases.APITesting" name="testResponsecode" time="0.033"/>
  <system-out/>
  <testcase classname="com.CA.qa.TestCases.APITesting" name="testResponsecode" time="0.041"/>
  <system-out/>
  <testcase classname="com.CA.qa.TestCases.APITesting" name="testResponsecode" time="0.034"/>
  <system-out/>
  <testcase classname="com.CA.qa.TestCases.APITesting" name="testResponsecode" time="0.034"/>
  <system-out/>
  <testcase classname="com.CA.qa.TestCases.APITesting" name="testResponsecode" time="0.037"/>
  <system-out/>
  <testcase classname="com.CA.qa.TestCases.APITesting" name="testResponsecode" time="0.033"/>
  <system-out/>
  <testcase classname="com.CA.qa.TestCases.APITesting" name="testResponsecode" time="0.035"/>
  <system-out/>
  <testcase classname="com.CA.qa.TestCases.APITesting" name="testResponsecode" time="0.037"/>
  <system-out/>
  <testcase classname="com.CA.qa.TestCases.APITesting" name="testResponsecode" time="0.034"/>
  <system-out/>
  <testcase classname="com.CA.qa.TestCases.APITesting" name="testResponsecode" time="0.141"/>
  <system-out/>
  <testcase classname="com.CA.qa.TestCases.APITesting" name="testResponsecode" time="0.049"/>
  <system-out/>
  <testcase classname="com.CA.qa.TestCases.APITesting" name="testResponsecode" time="0.121"/>
  <system-out/>
  <testcase classname="com.CA.qa.TestCases.APITesting" name="testResponsecode" time="0.038"/>
  <system-out/>
  <testcase classname="com.CA.qa.TestCases.APITesting" name="testResponsecode" time="0.057"/>
  <system-out/>
  <testcase classname="com.CA.qa.TestCases.APITesting" name="testResponsecode" time="0.946"/>
  <system-out/>
  <testcase classname="com.CA.qa.TestCases.APITesting" name="testResponsecode" time="0.041"/>
  <system-out/>
  <testcase classname="com.CA.qa.TestCases.APITesting" name="testResponsecode" time="0.044"/>
  <system-out/>
  <testcase classname="com.CA.qa.TestCases.APITesting" name="testResponsecode" time="0.034"/>
  <system-out/>
  <testcase classname="com.CA.qa.TestCases.APITesting" name="testResponsecode" time="0.040"/>
  <system-out/>
  <testcase classname="com.CA.qa.TestCases.APITesting" name="testResponsecode" time="0.038"/>
  <system-out/>
  <testcase classname="com.CA.qa.TestCases.APITesting" name="testResponsecode" time="0.151"/>
  <system-out/>
  <testcase classname="com.CA.qa.TestCases.APITesting" name="testResponsecode" time="0.033"/>
  <system-out/>
  <testcase classname="com.CA.qa.TestCases.APITesting" name="testResponsecode" time="0.033"/>
  <system-out/>
  <testcase classname="com.CA.qa.TestCases.APITesting" name="testResponsecode" time="0.037"/>
  <system-out/>
  <testcase classname="com.CA.qa.TestCases.APITesting" name="testResponsecode" time="0.037"/>
  <system-out/>
  <testcase classname="com.CA.qa.TestCases.APITesting" name="testResponsecode" time="0.036"/>
  <system-out/>
  <testcase classname="com.CA.qa.TestCases.APITesting" name="testResponsecode" time="0.036"/>
  <system-out/>
  <testcase classname="com.CA.qa.TestCases.APITesting" name="testResponsecode" time="0.036"/>
  <system-out/>
  <testcase classname="com.CA.qa.TestCases.APITesting" name="testResponsecode" time="0.033"/>
  <system-out/>
  <testcase classname="com.CA.qa.TestCases.APITesting" name="testResponsecode" time="0.037"/>
  <system-out/>
  <testcase classname="com.CA.qa.TestCases.APITesting" name="testResponsecode" time="0.036"/>
  <system-out/>
  <testcase classname="com.CA.qa.TestCases.APITesting" name="testResponsecode" time="0.035"/>
  <system-out/>
  <testcase classname="com.CA.qa.TestCases.APITesting" name="testResponsecode" time="0.032"/>
  <system-out/>
  <testcase classname="com.CA.qa.TestCases.APITesting" name="testResponsecode" time="0.035"/>
  <system-out/>
  <testcase classname="com.CA.qa.TestCases.APITesting" name="testResponsecode" time="0.033"/>
  <system-out/>
  <testcase classname="com.CA.qa.TestCases.APITesting" name="testResponsecode" time="0.035"/>
  <system-out/>
  <testcase classname="com.CA.qa.TestCases.APITesting" name="testResponsecode" time="0.141"/>
  <system-out/>
  <testcase classname="com.CA.qa.TestCases.APITesting" name="testResponsecode" time="0.050"/>
  <system-out/>
  <testcase classname="com.CA.qa.TestCases.APITesting" name="testResponsecode" time="0.050"/>
  <system-out/>
  <testcase classname="com.CA.qa.TestCases.APITesting" name="testResponsecode" time="0.033"/>
  <system-out/>
  <testcase classname="com.CA.qa.TestCases.APITesting" name="testResponsecode" time="0.185"/>
  <system-out/>
  <testcase classname="com.CA.qa.TestCases.APITesting" name="testResponsecode" time="0.034"/>
  <system-out/>
  <testcase classname="com.CA.qa.TestCases.APITesting" name="testResponsecode" time="0.036"/>
  <system-out/>
  <testcase classname="com.CA.qa.TestCases.APITesting" name="testResponsecode" time="0.033"/>
  <system-out/>
  <testcase classname="com.CA.qa.TestCases.APITesting" name="testResponsecode" time="0.035"/>
  <system-out/>
  <testcase classname="com.CA.qa.TestCases.APITesting" name="testResponsecode" time="0.033"/>
  <system-out/>
  <testcase classname="com.CA.qa.TestCases.APITesting" name="testResponsecode" time="0.033"/>
  <system-out/>
  <testcase classname="com.CA.qa.TestCases.APITesting" name="testResponsecode" time="0.034"/>
  <system-out/>
  <testcase classname="com.CA.qa.TestCases.APITesting" name="testResponsecode" time="0.044"/>
  <system-out/>
  <testcase classname="com.CA.qa.TestCases.APITesting" name="testResponsecode" time="0.037"/>
  <system-out/>
  <testcase classname="com.CA.qa.TestCases.APITesting" name="testResponsecode" time="0.054"/>
  <system-out/>
  <testcase classname="com.CA.qa.TestCases.APITesting" name="testResponsecode" time="0.036"/>
  <system-out/>
  <testcase classname="com.CA.qa.TestCases.APITesting" name="testResponsecode" time="0.036"/>
  <system-out/>
  <testcase classname="com.CA.qa.TestCases.APITesting" name="testResponsecode" time="0.043"/>
  <system-out/>
  <testcase classname="com.CA.qa.TestCases.APITesting" name="testResponsecode" time="0.034"/>
  <system-out/>
  <testcase classname="com.CA.qa.TestCases.APITesting" name="testResponsecode" time="0.034"/>
  <system-out/>
  <testcase classname="com.CA.qa.TestCases.APITesting" name="testResponsecode" time="0.037"/>
  <system-out/>
  <testcase classname="com.CA.qa.TestCases.APITesting" name="testResponsecode" time="0.034"/>
  <system-out/>
  <testcase classname="com.CA.qa.TestCases.APITesting" name="testResponsecode" time="0.043"/>
  <system-out/>
  <testcase classname="com.CA.qa.TestCases.APITesting" name="testResponsecode" time="0.040"/>
  <system-out/>
  <testcase classname="com.CA.qa.TestCases.APITesting" name="testResponsecode" time="0.040"/>
  <system-out/>
  <testcase classname="com.CA.qa.TestCases.APITesting" name="testResponsecode" time="0.034"/>
  <system-out/>
  <testcase classname="com.CA.qa.TestCases.APITesting" name="testResponsecode" time="0.043"/>
  <system-out/>
  <testcase classname="com.CA.qa.TestCases.APITesting" name="testResponsecode" time="0.040"/>
  <system-out/>
  <testcase classname="com.CA.qa.TestCases.APITesting" name="testResponsecode" time="0.038"/>
  <system-out/>
  <testcase classname="com.CA.qa.TestCases.APITesting" name="testResponsecode" time="0.035"/>
  <system-out/>
  <testcase classname="com.CA.qa.TestCases.APITesting" name="testResponsecode" time="0.054"/>
  <system-out/>
  <testcase classname="com.CA.qa.TestCases.APITesting" name="testResponsecode" time="0.157"/>
  <system-out/>
  <testcase classname="com.CA.qa.TestCases.APITesting" name="testResponsecode" time="0.058"/>
  <system-out/>
  <testcase classname="com.CA.qa.TestCases.APITesting" name="testResponsecode" time="0.033"/>
  <system-out/>
  <testcase classname="com.CA.qa.TestCases.APITesting" name="testResponsecode" time="0.035"/>
  <system-out/>
  <testcase classname="com.CA.qa.TestCases.APITesting" name="testResponsecode" time="0.035"/>
  <system-out/>
  <testcase classname="com.CA.qa.TestCases.APITesting" name="testResponsecode" time="0.044"/>
  <system-out/>
  <testcase classname="com.CA.qa.TestCases.APITesting" name="testResponsecode" time="0.033"/>
  <system-out/>
  <testcase classname="com.CA.qa.TestCases.APITesting" name="testResponsecode" time="0.038"/>
  <system-out/>
  <testcase classname="com.CA.qa.TestCases.APITesting" name="testResponsecode" time="0.039"/>
  <system-out/>
  <testcase classname="com.CA.qa.TestCases.APITesting" name="testResponsecode" time="0.034"/>
  <system-out/>
  <testcase classname="com.CA.qa.TestCases.APITesting" name="testResponsecode" time="0.033"/>
  <system-out/>
  <testcase classname="com.CA.qa.TestCases.APITesting" name="testResponsecode" time="0.034"/>
  <system-out/>
  <testcase classname="com.CA.qa.TestCases.APITesting" name="testResponsecode" time="0.033"/>
  <system-out/>
  <testcase classname="com.CA.qa.TestCases.APITesting" name="testResponsecode" time="0.053"/>
  <system-out/>
  <testcase classname="com.CA.qa.TestCases.APITesting" name="testResponsecode" time="0.033"/>
  <system-out/>
  <testcase classname="com.CA.qa.TestCases.APITesting" name="testResponsecode" time="0.042"/>
  <system-out/>
  <testcase classname="com.CA.qa.TestCases.APITesting" name="testResponsecode" time="0.133"/>
  <system-out/>
  <testcase classname="com.CA.qa.TestCases.APITesting" name="testResponsecode" time="0.032"/>
  <system-out/>
  <testcase classname="com.CA.qa.TestCases.APITesting" name="testResponsecode" time="0.034"/>
  <system-out/>
  <testcase classname="com.CA.qa.TestCases.APITesting" name="testResponsecode" time="0.037"/>
  <system-out/>
  <testcase classname="com.CA.qa.TestCases.APITesting" name="testResponsecode" time="0.040"/>
  <system-out/>
  <testcase classname="com.CA.qa.TestCases.APITesting" name="testResponsecode" time="0.057"/>
  <system-out/>
  <testcase classname="com.CA.qa.TestCases.APITesting" name="testResponsecode" time="1.083"/>
  <system-out/>
  <testcase classname="com.CA.qa.TestCases.APITesting" name="testResponsecode" time="0.038"/>
  <system-out/>
  <testcase classname="com.CA.qa.TestCases.APITesting" name="testResponsecode" time="0.043"/>
  <system-out/>
  <testcase classname="com.CA.qa.TestCases.APITesting" name="testResponsecode" time="0.033"/>
  <system-out/>
  <testcase classname="com.CA.qa.TestCases.APITesting" name="testResponsecode" time="0.033"/>
  <system-out/>
  <testcase classname="com.CA.qa.TestCases.APITesting" name="testResponsecode" time="0.034"/>
  <system-out/>
  <testcase classname="com.CA.qa.TestCases.APITesting" name="testResponsecode" time="0.133"/>
  <system-out/>
  <testcase classname="com.CA.qa.TestCases.APITesting" name="testResponsecode" time="0.041"/>
  <system-out/>
  <testcase classname="com.CA.qa.TestCases.APITesting" name="testResponsecode" time="0.047"/>
  <system-out/>
  <testcase classname="com.CA.qa.TestCases.APITesting" name="testResponsecode" time="0.036"/>
  <system-out/>
  <testcase classname="com.CA.qa.TestCases.APITesting" name="testResponsecode" time="0.034"/>
  <system-out/>
  <testcase classname="com.CA.qa.TestCases.APITesting" name="testResponsecode" time="0.039"/>
  <system-out/>
  <testcase classname="com.CA.qa.TestCases.APITesting" name="testResponsecode" time="0.034"/>
  <system-out/>
  <testcase classname="com.CA.qa.TestCases.APITesting" name="testResponsecode" time="0.033"/>
  <system-out/>
  <testcase classname="com.CA.qa.TestCases.APITesting" name="testResponsecode" time="0.035"/>
  <system-out/>
  <testcase classname="com.CA.qa.TestCases.APITesting" name="testResponsecode" time="0.033"/>
  <system-out/>
  <testcase classname="com.CA.qa.TestCases.APITesting" name="testResponsecode" time="0.035"/>
  <system-out/>
  <testcase classname="com.CA.qa.TestCases.APITesting" name="testResponsecode" time="0.035"/>
  <system-out/>
  <testcase classname="com.CA.qa.TestCases.APITesting" name="testResponsecode" time="0.036"/>
  <system-out/>
  <testcase classname="com.CA.qa.TestCases.APITesting" name="testResponsecode" time="0.032"/>
  <system-out/>
  <testcase classname="com.CA.qa.TestCases.APITesting" name="testResponsecode" time="0.177"/>
  <system-out/>
  <testcase classname="com.CA.qa.TestCases.APITesting" name="testResponsecode" time="0.035"/>
  <system-out/>
  <testcase classname="com.CA.qa.TestCases.APITesting" name="testResponsecode" time="0.036"/>
  <system-out/>
  <testcase classname="com.CA.qa.TestCases.APITesting" name="testResponsecode" time="0.033"/>
  <system-out/>
  <testcase classname="com.CA.qa.TestCases.APITesting" name="testResponsecode" time="0.045"/>
  <system-out/>
  <testcase classname="com.CA.qa.TestCases.APITesting" name="testResponsecode" time="0.033"/>
  <system-out/>
  <testcase classname="com.CA.qa.TestCases.APITesting" name="testResponsecode" time="0.033"/>
  <system-out/>
  <testcase classname="com.CA.qa.TestCases.APITesting" name="testResponsecode" time="0.034"/>
  <system-out/>
  <testcase classname="com.CA.qa.TestCases.APITesting" name="testResponsecode" time="0.039"/>
  <system-out/>
  <testcase classname="com.CA.qa.TestCases.APITesting" name="testResponsecode" time="0.033"/>
  <system-out/>
  <testcase classname="com.CA.qa.TestCases.APITesting" name="testResponsecode" time="0.035"/>
  <system-out/>
  <testcase classname="com.CA.qa.TestCases.APITesting" name="testResponsecode" time="0.034"/>
  <system-out/>
  <testcase classname="com.CA.qa.TestCases.APITesting" name="testResponsecode" time="0.042"/>
  <system-out/>
  <testcase classname="com.CA.qa.TestCases.APITesting" name="testResponsecode" time="0.046"/>
  <system-out/>
  <testcase classname="com.CA.qa.TestCases.APITesting" name="testResponsecode" time="0.046"/>
  <system-out/>
  <testcase classname="com.CA.qa.TestCases.APITesting" name="testResponsecode" time="0.050"/>
  <system-out/>
  <testcase classname="com.CA.qa.TestCases.APITesting" name="testResponsecode" time="0.036"/>
  <system-out/>
  <testcase classname="com.CA.qa.TestCases.APITesting" name="testResponsecode" time="0.039"/>
  <system-out/>
  <testcase classname="com.CA.qa.TestCases.APITesting" name="testResponsecode" time="0.034"/>
  <system-out/>
  <testcase classname="com.CA.qa.TestCases.APITesting" name="testResponsecode" time="0.034"/>
  <system-out/>
  <testcase classname="com.CA.qa.TestCases.APITesting" name="testResponsecode" time="0.954"/>
  <system-out/>
  <testcase classname="com.CA.qa.TestCases.APITesting" name="testResponsecode" time="0.034"/>
  <system-out/>
  <testcase classname="com.CA.qa.TestCases.APITesting" name="testResponsecode" time="0.042"/>
  <system-out/>
  <testcase classname="com.CA.qa.TestCases.APITesting" name="testResponsecode" time="0.038"/>
  <system-out/>
  <testcase classname="com.CA.qa.TestCases.APITesting" name="testResponsecode" time="0.035"/>
  <system-out/>
  <testcase classname="com.CA.qa.TestCases.APITesting" name="testResponsecode" time="0.039"/>
  <system-out/>
  <testcase classname="com.CA.qa.TestCases.APITesting" name="testResponsecode" time="0.034"/>
  <system-out/>
  <testcase classname="com.CA.qa.TestCases.APITesting" name="testResponsecode" time="0.039"/>
  <system-out/>
  <testcase classname="com.CA.qa.TestCases.APITesting" name="testResponsecode" time="0.033"/>
  <system-out/>
  <testcase classname="com.CA.qa.TestCases.APITesting" name="testResponsecode" time="0.033"/>
  <system-out/>
  <testcase classname="com.CA.qa.TestCases.APITesting" name="testResponsecode" time="0.037"/>
  <system-out/>
  <testcase classname="com.CA.qa.TestCases.APITesting" name="testResponsecode" time="0.032"/>
  <system-out/>
  <testcase classname="com.CA.qa.TestCases.APITesting" name="testResponsecode" time="0.031"/>
  <system-out/>
  <testcase classname="com.CA.qa.TestCases.APITesting" name="testResponsecode" time="0.041"/>
  <system-out/>
  <testcase classname="com.CA.qa.TestCases.APITesting" name="testResponsecode" time="0.033"/>
  <system-out/>
  <testcase classname="com.CA.qa.TestCases.APITesting" name="testResponsecode" time="0.052"/>
  <system-out/>
  <testcase classname="com.CA.qa.TestCases.APITesting" name="testResponsecode" time="0.048"/>
  <system-out/>
  <testcase classname="com.CA.qa.TestCases.APITesting" name="testResponsecode" time="0.034"/>
  <system-out/>
  <testcase classname="com.CA.qa.TestCases.APITesting" name="testResponsecode" time="0.040"/>
  <system-out/>
  <testcase classname="com.CA.qa.TestCases.APITesting" name="testResponsecode" time="0.048"/>
  <system-out/>
  <testcase classname="com.CA.qa.TestCases.APITesting" name="testResponsecode" time="0.033"/>
  <system-out/>
  <testcase classname="com.CA.qa.TestCases.APITesting" name="testResponsecode" time="0.046"/>
  <system-out/>
  <testcase classname="com.CA.qa.TestCases.APITesting" name="testResponsecode" time="0.046"/>
  <system-out/>
  <testcase classname="com.CA.qa.TestCases.APITesting" name="testResponsecode" time="0.043"/>
  <system-out/>
  <testcase classname="com.CA.qa.TestCases.APITesting" name="testResponsecode" time="0.037"/>
  <system-out/>
  <testcase classname="com.CA.qa.TestCases.APITesting" name="testResponsecode" time="0.040"/>
  <system-out/>
  <testcase classname="com.CA.qa.TestCases.APITesting" name="testResponsecode" time="0.963"/>
  <system-out/>
  <testcase classname="com.CA.qa.TestCases.APITesting" name="testResponsecode" time="0.039"/>
  <system-out/>
  <testcase classname="com.CA.qa.TestCases.APITesting" name="testResponsecode" time="0.045"/>
  <system-out/>
  <testcase classname="com.CA.qa.TestCases.APITesting" name="testResponsecode" time="0.038"/>
  <system-out/>
  <testcase classname="com.CA.qa.TestCases.APITesting" name="testResponsecode" time="0.038"/>
  <system-out/>
  <testcase classname="com.CA.qa.TestCases.APITesting" name="testResponsecode" time="0.033"/>
  <system-out/>
  <testcase classname="com.CA.qa.TestCases.APITesting" name="testResponsecode" time="0.036"/>
  <system-out/>
  <testcase classname="com.CA.qa.TestCases.APITesting" name="testResponsecode" time="0.033"/>
  <system-out/>
  <testcase classname="com.CA.qa.TestCases.APITesting" name="testResponsecode" time="0.041"/>
  <system-out/>
  <testcase classname="com.CA.qa.TestCases.APITesting" name="testResponsecode" time="0.203"/>
  <system-out/>
  <testcase classname="com.CA.qa.TestCases.APITesting" name="testResponsecode" time="0.247"/>
  <system-out/>
  <testcase classname="com.CA.qa.TestCases.APITesting" name="testResponsecode" time="0.050"/>
  <system-out/>
  <testcase classname="com.CA.qa.TestCases.APITesting" name="testResponsecode" time="0.042"/>
  <system-out/>
  <testcase classname="com.CA.qa.TestCases.APITesting" name="testResponsecode" time="0.034"/>
  <system-out/>
  <testcase classname="com.CA.qa.TestCases.APITesting" name="testResponsecode" time="0.044"/>
  <system-out/>
  <testcase classname="com.CA.qa.TestCases.APITesting" name="testResponsecode" time="0.033"/>
  <system-out/>
  <testcase classname="com.CA.qa.TestCases.APITesting" name="testResponsecode" time="0.128"/>
  <system-out/>
  <testcase classname="com.CA.qa.TestCases.APITesting" name="testResponsecode" time="0.033"/>
  <system-out/>
  <testcase classname="com.CA.qa.TestCases.APITesting" name="testResponsecode" time="0.037"/>
  <system-out/>
  <testcase classname="com.CA.qa.TestCases.APITesting" name="testResponsecode" time="0.034"/>
  <system-out/>
  <testcase classname="com.CA.qa.TestCases.APITesting" name="testResponsecode" time="0.047"/>
  <system-out/>
  <testcase classname="com.CA.qa.TestCases.APITesting" name="testResponsecode" time="0.052"/>
  <system-out/>
  <testcase classname="com.CA.qa.TestCases.APITesting" name="testResponsecode" time="0.042"/>
  <system-out/>
  <testcase classname="com.CA.qa.TestCases.APITesting" name="testResponsecode" time="0.040"/>
  <system-out/>
  <testcase classname="com.CA.qa.TestCases.APITesting" name="testResponsecode" time="0.033"/>
  <system-out/>
  <testcase classname="com.CA.qa.TestCases.APITesting" name="testResponsecode" time="0.033"/>
  <system-out/>
  <testcase classname="com.CA.qa.TestCases.APITesting" name="testResponsecode" time="0.038"/>
  <system-out/>
  <testcase classname="com.CA.qa.TestCases.APITesting" name="testResponsecode" time="0.032"/>
  <system-out/>
  <testcase classname="com.CA.qa.TestCases.APITesting" name="testResponsecode" time="0.043"/>
  <system-out/>
  <testcase classname="com.CA.qa.TestCases.APITesting" name="testResponsecode" time="0.046"/>
  <system-out/>
  <testcase classname="com.CA.qa.TestCases.APITesting" name="testResponsecode" time="0.044"/>
  <system-out/>
  <testcase classname="com.CA.qa.TestCases.APITesting" name="testResponsecode" time="0.054"/>
  <system-out/>
  <testcase classname="com.CA.qa.TestCases.APITesting" name="testResponsecode" time="0.106"/>
  <system-out/>
  <testcase classname="com.CA.qa.TestCases.APITesting" name="testResponsecode" time="0.035"/>
  <system-out/>
  <testcase classname="com.CA.qa.TestCases.APITesting" name="testResponsecode" time="0.033"/>
  <system-out/>
  <testcase classname="com.CA.qa.TestCases.APITesting" name="testResponsecode" time="0.033"/>
  <system-out/>
  <testcase classname="com.CA.qa.TestCases.APITesting" name="testResponsecode" time="0.037"/>
  <system-out/>
  <testcase classname="com.CA.qa.TestCases.APITesting" name="testResponsecode" time="0.034"/>
  <system-out/>
  <testcase classname="com.CA.qa.TestCases.APITesting" name="testResponsecode" time="0.124"/>
  <system-out/>
  <testcase classname="com.CA.qa.TestCases.APITesting" name="testResponsecode" time="0.033"/>
  <system-out/>
  <testcase classname="com.CA.qa.TestCases.APITesting" name="testResponsecode" time="0.033"/>
  <system-out/>
  <testcase classname="com.CA.qa.TestCases.APITesting" name="testResponsecode" time="0.082"/>
  <system-out/>
  <testcase classname="com.CA.qa.TestCases.APITesting" name="testResponsecode" time="0.036"/>
  <system-out/>
  <testcase classname="com.CA.qa.TestCases.APITesting" name="testResponsecode" time="0.048"/>
  <system-out/>
  <testcase classname="com.CA.qa.TestCases.APITesting" name="testResponsecode" time="0.047"/>
  <system-out/>
  <testcase classname="com.CA.qa.TestCases.APITesting" name="testResponsecode" time="0.123"/>
  <system-out/>
  <testcase classname="com.CA.qa.TestCases.APITesting" name="testResponsecode" time="0.036"/>
  <system-out/>
  <testcase classname="com.CA.qa.TestCases.APITesting" name="testResponsecode" time="0.208"/>
  <system-out/>
  <testcase classname="com.CA.qa.TestCases.APITesting" name="testResponsecode" time="0.129"/>
  <system-out/>
  <testcase classname="com.CA.qa.TestCases.APITesting" name="testResponsecode" time="0.170"/>
  <system-out/>
  <testcase classname="com.CA.qa.TestCases.APITesting" name="testResponsecode" time="0.036"/>
  <system-out/>
  <testcase classname="com.CA.qa.TestCases.APITesting" name="testResponsecode" time="0.039"/>
  <system-out/>
  <testcase classname="com.CA.qa.TestCases.APITesting" name="testResponsecode" time="0.033"/>
  <system-out/>
  <testcase classname="com.CA.qa.TestCases.APITesting" name="testResponsecode" time="0.157"/>
  <system-out/>
  <testcase classname="com.CA.qa.TestCases.APITesting" name="testResponsecode" time="0.038"/>
  <system-out/>
  <testcase classname="com.CA.qa.TestCases.APITesting" name="testResponsecode" time="1.050"/>
  <system-out/>
  <testcase classname="com.CA.qa.TestCases.APITesting" name="testResponsecode" time="0.071"/>
  <system-out/>
  <testcase classname="com.CA.qa.TestCases.APITesting" name="testResponsecode" time="0.033"/>
  <system-out/>
  <testcase classname="com.CA.qa.TestCases.APITesting" name="testResponsecode" time="0.051"/>
  <system-out/>
  <testcase classname="com.CA.qa.TestCases.APITesting" name="testResponsecode" time="0.089"/>
  <system-out/>
  <testcase classname="com.CA.qa.TestCases.APITesting" name="testResponsecode" time="0.041"/>
  <system-out/>
  <testcase classname="com.CA.qa.TestCases.APITesting" name="testResponsecode" time="0.031"/>
  <system-out/>
  <testcase classname="com.CA.qa.TestCases.APITesting" name="testResponsecode" time="0.037"/>
  <system-out/>
  <testcase classname="com.CA.qa.TestCases.APITesting" name="testResponsecode" time="0.043"/>
  <system-out/>
  <testcase classname="com.CA.qa.TestCases.APITesting" name="testResponsecode" time="0.039"/>
  <system-out/>
  <testcase classname="com.CA.qa.TestCases.APITesting" name="testResponsecode" time="0.033"/>
  <system-out/>
  <testcase classname="com.CA.qa.TestCases.APITesting" name="testResponsecode" time="0.035"/>
  <system-out/>
  <testcase classname="com.CA.qa.TestCases.APITesting" name="testResponsecode" time="0.035"/>
  <system-out/>
  <testcase classname="com.CA.qa.TestCases.APITesting" name="testResponsecode" time="0.033"/>
  <system-out/>
  <testcase classname="com.CA.qa.TestCases.APITesting" name="testResponsecode" time="0.040"/>
  <system-out/>
  <testcase classname="com.CA.qa.TestCases.APITesting" name="testResponsecode" time="0.033"/>
  <system-out/>
  <testcase classname="com.CA.qa.TestCases.APITesting" name="testResponsecode" time="0.036"/>
  <system-out/>
  <testcase classname="com.CA.qa.TestCases.APITesting" name="testResponsecode" time="0.032"/>
  <system-out/>
  <testcase classname="com.CA.qa.TestCases.APITesting" name="testResponsecode" time="0.045"/>
  <system-out/>
  <testcase classname="com.CA.qa.TestCases.APITesting" name="testResponsecode" time="0.035"/>
  <system-out/>
  <testcase classname="com.CA.qa.TestCases.APITesting" name="testResponsecode" time="0.038"/>
  <system-out/>
  <testcase classname="com.CA.qa.TestCases.APITesting" name="testResponsecode" time="0.034"/>
  <system-out/>
  <testcase classname="com.CA.qa.TestCases.APITesting" name="testResponsecode" time="0.033"/>
  <system-out/>
  <testcase classname="com.CA.qa.TestCases.APITesting" name="testResponsecode" time="0.051"/>
  <system-out/>
  <testcase classname="com.CA.qa.TestCases.APITesting" name="testResponsecode" time="0.034"/>
  <system-out/>
  <testcase classname="com.CA.qa.TestCases.APITesting" name="testResponsecode" time="0.042"/>
  <system-out/>
  <testcase classname="com.CA.qa.TestCases.APITesting" name="testResponsecode" time="0.044"/>
  <system-out/>
  <testcase classname="com.CA.qa.TestCases.APITesting" name="testResponsecode" time="0.036"/>
  <system-out/>
  <testcase classname="com.CA.qa.TestCases.APITesting" name="testResponsecode" time="0.033"/>
  <system-out/>
  <testcase classname="com.CA.qa.TestCases.APITesting" name="testResponsecode" time="0.033"/>
  <system-out/>
  <testcase classname="com.CA.qa.TestCases.APITesting" name="testResponsecode" time="0.035"/>
  <system-out/>
  <testcase classname="com.CA.qa.TestCases.APITesting" name="testResponsecode" time="0.034"/>
  <system-out/>
  <testcase classname="com.CA.qa.TestCases.APITesting" name="testResponsecode" time="0.061"/>
  <system-out/>
  <testcase classname="com.CA.qa.TestCases.APITesting" name="testResponsecode" time="0.036"/>
  <system-out/>
  <testcase classname="com.CA.qa.TestCases.APITesting" name="testResponsecode" time="0.035"/>
  <system-out/>
  <testcase classname="com.CA.qa.TestCases.APITesting" name="testResponsecode" time="0.032"/>
  <system-out/>
  <testcase classname="com.CA.qa.TestCases.APITesting" name="testResponsecode" time="0.032"/>
  <system-out/>
  <testcase classname="com.CA.qa.TestCases.APITesting" name="testResponsecode" time="0.036"/>
  <system-out/>
  <testcase classname="com.CA.qa.TestCases.APITesting" name="testResponsecode" time="0.937"/>
  <system-out/>
  <testcase classname="com.CA.qa.TestCases.APITesting" name="testResponsecode" time="0.039"/>
  <system-out/>
  <testcase classname="com.CA.qa.TestCases.APITesting" name="testResponsecode" time="0.040"/>
  <system-out/>
  <testcase classname="com.CA.qa.TestCases.APITesting" name="testResponsecode" time="0.033"/>
  <system-out/>
  <testcase classname="com.CA.qa.TestCases.APITesting" name="testResponsecode" time="0.037"/>
  <system-out/>
  <testcase classname="com.CA.qa.TestCases.APITesting" name="testResponsecode" time="0.034"/>
  <system-out/>
  <testcase classname="com.CA.qa.TestCases.APITesting" name="testResponsecode" time="0.032"/>
  <system-out/>
  <testcase classname="com.CA.qa.TestCases.APITesting" name="testResponsecode" time="0.059"/>
  <system-out/>
  <testcase classname="com.CA.qa.TestCases.APITesting" name="testResponsecode" time="0.032"/>
  <system-out/>
  <testcase classname="com.CA.qa.TestCases.APITesting" name="testResponsecode" time="0.042"/>
  <system-out/>
  <testcase classname="com.CA.qa.TestCases.APITesting" name="testResponsecode" time="0.499"/>
  <system-out/>
  <testcase classname="com.CA.qa.TestCases.APITesting" name="testResponsecode" time="0.048"/>
  <system-out/>
  <testcase classname="com.CA.qa.TestCases.APITesting" name="testResponsecode" time="0.064"/>
  <system-out/>
  <testcase classname="com.CA.qa.TestCases.APITesting" name="testResponsecode" time="0.033"/>
  <system-out/>
  <testcase classname="com.CA.qa.TestCases.APITesting" name="testResponsecode" time="0.032"/>
  <system-out/>
  <testcase classname="com.CA.qa.TestCases.APITesting" name="testResponsecode" time="0.036"/>
  <system-out/>
  <testcase classname="com.CA.qa.TestCases.APITesting" name="testResponsecode" time="0.036"/>
  <system-out/>
  <testcase classname="com.CA.qa.TestCases.APITesting" name="testResponsecode" time="0.034"/>
  <system-out/>
  <testcase classname="com.CA.qa.TestCases.APITesting" name="testResponsecode" time="0.037"/>
  <system-out/>
  <testcase classname="com.CA.qa.TestCases.APITesting" name="testResponsecode" time="0.033"/>
  <system-out/>
  <testcase classname="com.CA.qa.TestCases.APITesting" name="testResponsecode" time="0.038"/>
  <system-out/>
  <testcase classname="com.CA.qa.TestCases.APITesting" name="testResponsecode" time="0.034"/>
  <system-out/>
  <testcase classname="com.CA.qa.TestCases.APITesting" name="testResponsecode" time="0.039"/>
  <system-out/>
  <testcase classname="com.CA.qa.TestCases.APITesting" name="testResponsecode" time="0.032"/>
  <system-out/>
  <testcase classname="com.CA.qa.TestCases.APITesting" name="testResponsecode" time="0.035"/>
  <system-out/>
  <testcase classname="com.CA.qa.TestCases.APITesting" name="testResponsecode" time="0.151"/>
  <system-out/>
  <testcase classname="com.CA.qa.TestCases.APITesting" name="testResponsecode" time="0.039"/>
  <system-out/>
  <testcase classname="com.CA.qa.TestCases.APITesting" name="testResponsecode" time="0.043"/>
  <system-out/>
  <testcase classname="com.CA.qa.TestCases.APITesting" name="testResponsecode" time="0.036"/>
  <system-out/>
  <testcase classname="com.CA.qa.TestCases.APITesting" name="testResponsecode" time="0.041"/>
  <system-out/>
  <testcase classname="com.CA.qa.TestCases.APITesting" name="testResponsecode" time="0.034"/>
  <system-out/>
  <testcase classname="com.CA.qa.TestCases.APITesting" name="testResponsecode" time="0.033"/>
  <system-out/>
  <testcase classname="com.CA.qa.TestCases.APITesting" name="testResponsecode" time="0.033"/>
  <system-out/>
  <testcase classname="com.CA.qa.TestCases.APITesting" name="testResponsecode" time="0.091"/>
  <system-out/>
  <testcase classname="com.CA.qa.TestCases.APITesting" name="testResponsecode" time="0.034"/>
  <system-out/>
  <testcase classname="com.CA.qa.TestCases.APITesting" name="testResponsecode" time="0.038"/>
  <system-out/>
  <testcase classname="com.CA.qa.TestCases.APITesting" name="testResponsecode" time="0.036"/>
  <system-out/>
  <testcase classname="com.CA.qa.TestCases.APITesting" name="testResponsecode" time="0.037"/>
  <system-out/>
  <testcase classname="com.CA.qa.TestCases.APITesting" name="testResponsecode" time="0.033"/>
  <system-out/>
  <testcase classname="com.CA.qa.TestCases.APITesting" name="testResponsecode" time="0.034"/>
  <system-out/>
  <testcase classname="com.CA.qa.TestCases.APITesting" name="testResponsecode" time="0.035"/>
  <system-out/>
  <testcase classname="com.CA.qa.TestCases.APITesting" name="testResponsecode" time="0.040"/>
  <system-out/>
  <testcase classname="com.CA.qa.TestCases.APITesting" name="testResponsecode" time="0.034"/>
  <system-out/>
  <testcase classname="com.CA.qa.TestCases.APITesting" name="testResponsecode" time="0.046"/>
  <system-out/>
  <testcase classname="com.CA.qa.TestCases.APITesting" name="testResponsecode" time="0.033"/>
  <system-out/>
  <testcase classname="com.CA.qa.TestCases.APITesting" name="testResponsecode" time="0.033"/>
  <system-out/>
  <testcase classname="com.CA.qa.TestCases.APITesting" name="testResponsecode" time="0.044"/>
  <system-out/>
  <testcase classname="com.CA.qa.TestCases.APITesting" name="testResponsecode" time="0.032"/>
  <system-out/>
  <testcase classname="com.CA.qa.TestCases.APITesting" name="testResponsecode" time="0.037"/>
  <system-out/>
  <testcase classname="com.CA.qa.TestCases.APITesting" name="testResponsecode" time="0.048"/>
  <system-out/>
  <testcase classname="com.CA.qa.TestCases.APITesting" name="testResponsecode" time="0.035"/>
  <system-out/>
  <testcase classname="com.CA.qa.TestCases.APITesting" name="testResponsecode" time="0.037"/>
  <system-out/>
  <testcase classname="com.CA.qa.TestCases.APITesting" name="testResponsecode" time="0.034"/>
  <system-out/>
  <testcase classname="com.CA.qa.TestCases.APITesting" name="testResponsecode" time="0.038"/>
  <system-out/>
  <testcase classname="com.CA.qa.TestCases.APITesting" name="testResponsecode" time="0.033"/>
  <system-out/>
  <testcase classname="com.CA.qa.TestCases.APITesting" name="testResponsecode" time="0.043"/>
  <system-out/>
  <testcase classname="com.CA.qa.TestCases.APITesting" name="testResponsecode" time="0.034"/>
  <system-out/>
  <testcase classname="com.CA.qa.TestCases.APITesting" name="testResponsecode" time="0.032"/>
  <system-out/>
  <testcase classname="com.CA.qa.TestCases.APITesting" name="testResponsecode" time="0.033"/>
  <system-out/>
  <testcase classname="com.CA.qa.TestCases.APITesting" name="testResponsecode" time="0.037"/>
  <system-out/>
  <testcase classname="com.CA.qa.TestCases.APITesting" name="testResponsecode" time="0.034"/>
  <system-out/>
  <testcase classname="com.CA.qa.TestCases.APITesting" name="testResponsecode" time="0.037"/>
  <system-out/>
  <testcase classname="com.CA.qa.TestCases.APITesting" name="testResponsecode" time="0.056"/>
  <system-out/>
  <testcase classname="com.CA.qa.TestCases.APITesting" name="testResponsecode" time="0.132"/>
  <system-out/>
  <testcase classname="com.CA.qa.TestCases.APITesting" name="testResponsecode" time="0.034"/>
  <system-out/>
  <testcase classname="com.CA.qa.TestCases.APITesting" name="testResponsecode" time="0.051"/>
  <system-out/>
  <testcase classname="com.CA.qa.TestCases.APITesting" name="testResponsecode" time="0.035"/>
  <system-out/>
  <testcase classname="com.CA.qa.TestCases.APITesting" name="testResponsecode" time="0.042"/>
  <system-out/>
  <testcase classname="com.CA.qa.TestCases.APITesting" name="testResponsecode" time="0.035"/>
  <system-out/>
  <testcase classname="com.CA.qa.TestCases.APITesting" name="testResponsecode" time="0.038"/>
  <system-out/>
  <testcase classname="com.CA.qa.TestCases.APITesting" name="testResponsecode" time="0.034"/>
  <system-out/>
  <testcase classname="com.CA.qa.TestCases.APITesting" name="testResponsecode" time="0.134"/>
  <system-out/>
  <testcase classname="com.CA.qa.TestCases.APITesting" name="testResponsecode" time="0.034"/>
  <system-out/>
  <testcase classname="com.CA.qa.TestCases.APITesting" name="testResponsecode" time="0.039"/>
  <system-out/>
  <testcase classname="com.CA.qa.TestCases.APITesting" name="testResponsecode" time="0.033"/>
  <system-out/>
  <testcase classname="com.CA.qa.TestCases.APITesting" name="testResponsecode" time="0.040"/>
  <system-out/>
  <testcase classname="com.CA.qa.TestCases.APITesting" name="testResponsecode" time="0.039"/>
  <system-out/>
  <testcase classname="com.CA.qa.TestCases.APITesting" name="testResponsecode" time="0.034"/>
  <system-out/>
  <testcase classname="com.CA.qa.TestCases.APITesting" name="testResponsecode" time="0.041"/>
  <system-out/>
  <testcase classname="com.CA.qa.TestCases.APITesting" name="testResponsecode" time="0.034"/>
  <system-out/>
  <testcase classname="com.CA.qa.TestCases.APITesting" name="testResponsecode" time="0.035"/>
  <system-out/>
  <testcase classname="com.CA.qa.TestCases.APITesting" name="testResponsecode" time="0.035"/>
  <system-out/>
  <testcase classname="com.CA.qa.TestCases.APITesting" name="testResponsecode" time="0.043"/>
  <system-out/>
  <testcase classname="com.CA.qa.TestCases.APITesting" name="testResponsecode" time="0.035"/>
  <system-out/>
  <testcase classname="com.CA.qa.TestCases.APITesting" name="testResponsecode" time="0.038"/>
  <system-out/>
  <testcase classname="com.CA.qa.TestCases.APITesting" name="testResponsecode" time="0.033"/>
  <system-out/>
  <testcase classname="com.CA.qa.TestCases.APITesting" name="testResponsecode" time="0.040"/>
  <system-out/>
  <testcase classname="com.CA.qa.TestCases.APITesting" name="testResponsecode" time="0.034"/>
  <system-out/>
  <testcase classname="com.CA.qa.TestCases.APITesting" name="testResponsecode" time="0.032"/>
  <system-out/>
  <testcase classname="com.CA.qa.TestCases.APITesting" name="testResponsecode" time="0.137"/>
  <system-out/>
  <testcase classname="com.CA.qa.TestCases.APITesting" name="testResponsecode" time="0.185"/>
  <system-out/>
  <testcase classname="com.CA.qa.TestCases.APITesting" name="testResponsecode" time="0.037"/>
  <system-out/>
  <testcase classname="com.CA.qa.TestCases.APITesting" name="testResponsecode" time="0.183"/>
  <system-out/>
  <testcase classname="com.CA.qa.TestCases.APITesting" name="testResponsecode" time="0.039"/>
  <system-out/>
  <testcase classname="com.CA.qa.TestCases.APITesting" name="testResponsecode" time="0.033"/>
  <system-out/>
  <testcase classname="com.CA.qa.TestCases.APITesting" name="testResponsecode" time="0.056"/>
  <system-out/>
  <testcase classname="com.CA.qa.TestCases.APITesting" name="testResponsecode" time="0.034"/>
  <system-out/>
  <testcase classname="com.CA.qa.TestCases.APITesting" name="testResponsecode" time="0.046"/>
  <system-out/>
  <testcase classname="com.CA.qa.TestCases.APITesting" name="testResponsecode" time="0.122"/>
  <system-out/>
  <testcase classname="com.CA.qa.TestCases.APITesting" name="testResponsecode" time="0.033"/>
  <system-out/>
  <testcase classname="com.CA.qa.TestCases.APITesting" name="testResponsecode" time="0.038"/>
  <system-out/>
  <testcase classname="com.CA.qa.TestCases.APITesting" name="testResponsecode" time="0.034"/>
  <system-out/>
  <testcase classname="com.CA.qa.TestCases.APITesting" name="testResponsecode" time="0.047"/>
  <system-out/>
  <testcase classname="com.CA.qa.TestCases.APITesting" name="testResponsecode" time="0.037"/>
  <system-out/>
  <testcase classname="com.CA.qa.TestCases.APITesting" name="testResponsecode" time="0.035"/>
  <system-out/>
  <testcase classname="com.CA.qa.TestCases.APITesting" name="testResponsecode" time="0.034"/>
  <system-out/>
  <testcase classname="com.CA.qa.TestCases.APITesting" name="testResponsecode" time="0.034"/>
  <system-out/>
  <testcase classname="com.CA.qa.TestCases.APITesting" name="testResponsecode" time="0.036"/>
  <system-out/>
  <testcase classname="com.CA.qa.TestCases.APITesting" name="testResponsecode" time="0.038"/>
  <system-out/>
  <testcase classname="com.CA.qa.TestCases.APITesting" name="testResponsecode" time="0.033"/>
  <system-out/>
  <testcase classname="com.CA.qa.TestCases.APITesting" name="testResponsecode" time="0.032"/>
  <system-out/>
  <testcase classname="com.CA.qa.TestCases.APITesting" name="testResponsecode" time="0.035"/>
  <system-out/>
  <testcase classname="com.CA.qa.TestCases.APITesting" name="testResponsecode" time="0.033"/>
  <system-out/>
  <testcase classname="com.CA.qa.TestCases.APITesting" name="testResponsecode" time="0.033"/>
  <system-out/>
  <testcase classname="com.CA.qa.TestCases.APITesting" name="testResponsecode" time="0.034"/>
  <system-out/>
  <testcase classname="com.CA.qa.TestCases.APITesting" name="testResponsecode" time="0.045"/>
  <system-out/>
  <testcase classname="com.CA.qa.TestCases.APITesting" name="testResponsecode" time="0.035"/>
  <system-out/>
  <testcase classname="com.CA.qa.TestCases.APITesting" name="testResponsecode" time="0.035"/>
  <system-out/>
  <testcase classname="com.CA.qa.TestCases.APITesting" name="testResponsecode" time="0.033"/>
  <system-out/>
  <testcase classname="com.CA.qa.TestCases.APITesting" name="testResponsecode" time="0.033"/>
  <system-out/>
  <testcase classname="com.CA.qa.TestCases.APITesting" name="testResponsecode" time="0.035"/>
  <system-out/>
  <testcase classname="com.CA.qa.TestCases.APITesting" name="testResponsecode" time="0.041"/>
  <system-out/>
  <testcase classname="com.CA.qa.TestCases.APITesting" name="testResponsecode" time="0.045"/>
  <system-out/>
  <testcase classname="com.CA.qa.TestCases.APITesting" name="testResponsecode" time="0.038"/>
  <system-out/>
  <testcase classname="com.CA.qa.TestCases.APITesting" name="testResponsecode" time="0.051"/>
  <system-out/>
  <testcase classname="com.CA.qa.TestCases.APITesting" name="testResponsecode" time="0.034"/>
  <system-out/>
  <testcase classname="com.CA.qa.TestCases.APITesting" name="testResponsecode" time="0.033"/>
  <system-out/>
  <testcase classname="com.CA.qa.TestCases.APITesting" name="testResponsecode" time="0.160"/>
  <system-out/>
  <testcase classname="com.CA.qa.TestCases.APITesting" name="testResponsecode" time="0.032"/>
  <system-out/>
  <testcase classname="com.CA.qa.TestCases.APITesting" name="testResponsecode" time="0.036"/>
  <system-out/>
  <testcase classname="com.CA.qa.TestCases.APITesting" name="testResponsecode" time="0.039"/>
  <system-out/>
  <testcase classname="com.CA.qa.TestCases.APITesting" name="testResponsecode" time="0.042"/>
  <system-out/>
  <testcase classname="com.CA.qa.TestCases.APITesting" name="testResponsecode" time="0.034"/>
  <system-out/>
  <testcase classname="com.CA.qa.TestCases.APITesting" name="testResponsecode" time="0.036"/>
  <system-out/>
  <testcase classname="com.CA.qa.TestCases.APITesting" name="testResponsecode" time="0.033"/>
  <system-out/>
  <testcase classname="com.CA.qa.TestCases.APITesting" name="testResponsecode" time="0.035"/>
  <system-out/>
  <testcase classname="com.CA.qa.TestCases.APITesting" name="testResponsecode" time="0.035"/>
  <system-out/>
  <testcase classname="com.CA.qa.TestCases.APITesting" name="testResponsecode" time="0.082"/>
  <system-out/>
  <testcase classname="com.CA.qa.TestCases.APITesting" name="testResponsecode" time="0.036"/>
  <system-out/>
  <testcase classname="com.CA.qa.TestCases.APITesting" name="testResponsecode" time="0.038"/>
  <system-out/>
  <testcase classname="com.CA.qa.TestCases.APITesting" name="testResponsecode" time="0.037"/>
  <system-out/>
  <testcase classname="com.CA.qa.TestCases.APITesting" name="testResponsecode" time="0.196"/>
  <system-out/>
  <testcase classname="com.CA.qa.TestCases.APITesting" name="testResponsecode" time="0.033"/>
  <system-out/>
  <testcase classname="com.CA.qa.TestCases.APITesting" name="testResponsecode" time="0.217"/>
  <system-out/>
  <testcase classname="com.CA.qa.TestCases.APITesting" name="testResponsecode" time="0.033"/>
  <system-out/>
  <testcase classname="com.CA.qa.TestCases.APITesting" name="testResponsecode" time="0.047"/>
  <system-out/>
  <testcase classname="com.CA.qa.TestCases.APITesting" name="testResponsecode" time="0.040"/>
  <system-out/>
  <testcase classname="com.CA.qa.TestCases.APITesting" name="testResponsecode" time="0.122"/>
  <system-out/>
  <testcase classname="com.CA.qa.TestCases.APITesting" name="testResponsecode" time="0.035"/>
  <system-out/>
  <testcase classname="com.CA.qa.TestCases.APITesting" name="testResponsecode" time="0.037"/>
  <system-out/>
  <testcase classname="com.CA.qa.TestCases.APITesting" name="testResponsecode" time="0.036"/>
  <system-out/>
  <testcase classname="com.CA.qa.TestCases.APITesting" name="testResponsecode" time="0.035"/>
  <system-out/>
  <testcase classname="com.CA.qa.TestCases.APITesting" name="testResponsecode" time="0.036"/>
  <system-out/>
  <testcase classname="com.CA.qa.TestCases.APITesting" name="testResponsecode" time="0.042"/>
  <system-out/>
  <testcase classname="com.CA.qa.TestCases.APITesting" name="testResponsecode" time="0.033"/>
  <system-out/>
  <testcase classname="com.CA.qa.TestCases.APITesting" name="testResponsecode" time="0.032"/>
  <system-out/>
  <testcase classname="com.CA.qa.TestCases.APITesting" name="testResponsecode" time="0.035"/>
  <system-out/>
  <testcase classname="com.CA.qa.TestCases.APITesting" name="testResponsecode" time="0.161"/>
  <system-out/>
  <testcase classname="com.CA.qa.TestCases.APITesting" name="testResponsecode" time="0.035"/>
  <system-out/>
  <testcase classname="com.CA.qa.TestCases.APITesting" name="testResponsecode" time="0.037"/>
  <system-out/>
  <testcase classname="com.CA.qa.TestCases.APITesting" name="testResponsecode" time="0.053"/>
  <system-out/>
  <testcase classname="com.CA.qa.TestCases.APITesting" name="testResponsecode" time="0.032"/>
  <system-out/>
  <testcase classname="com.CA.qa.TestCases.APITesting" name="testResponsecode" time="0.032"/>
  <system-out/>
  <testcase classname="com.CA.qa.TestCases.APITesting" name="testResponsecode" time="0.038"/>
  <system-out/>
  <testcase classname="com.CA.qa.TestCases.APITesting" name="testResponsecode" time="0.046"/>
  <system-out/>
  <testcase classname="com.CA.qa.TestCases.APITesting" name="testResponsecode" time="0.129"/>
  <system-out/>
  <testcase classname="com.CA.qa.TestCases.APITesting" name="testResponsecode" time="1.656"/>
  <system-out/>
  <testcase classname="com.CA.qa.TestCases.APITesting" name="testResponsecode" time="0.032"/>
  <system-out/>
  <testcase classname="com.CA.qa.TestCases.APITesting" name="testResponsecode" time="0.033"/>
  <system-out/>
  <testcase classname="com.CA.qa.TestCases.APITesting" name="testResponsecode" time="0.033"/>
  <system-out/>
  <testcase classname="com.CA.qa.TestCases.APITesting" name="testResponsecode" time="0.069"/>
  <system-out/>
  <testcase classname="com.CA.qa.TestCases.APITesting" name="testResponsecode" time="0.033"/>
  <system-out/>
  <testcase classname="com.CA.qa.TestCases.APITesting" name="testResponsecode" time="0.033"/>
  <system-out/>
  <testcase classname="com.CA.qa.TestCases.APITesting" name="testResponsecode" time="0.036"/>
  <system-out/>
  <testcase classname="com.CA.qa.TestCases.APITesting" name="testResponsecode" time="0.039"/>
  <system-out/>
  <testcase classname="com.CA.qa.TestCases.APITesting" name="testResponsecode" time="0.071"/>
  <system-out/>
  <testcase classname="com.CA.qa.TestCases.APITesting" name="testResponsecode" time="0.032"/>
  <system-out/>
  <testcase classname="com.CA.qa.TestCases.APITesting" name="testResponsecode" time="0.032"/>
  <system-out/>
  <testcase classname="com.CA.qa.TestCases.APITesting" name="testResponsecode" time="0.032"/>
  <system-out/>
  <testcase classname="com.CA.qa.TestCases.APITesting" name="testResponsecode" time="0.059"/>
  <system-out/>
  <testcase classname="com.CA.qa.TestCases.APITesting" name="testResponsecode" time="0.038"/>
  <system-out/>
  <testcase classname="com.CA.qa.TestCases.APITesting" name="testResponsecode" time="0.036"/>
  <system-out/>
  <testcase classname="com.CA.qa.TestCases.APITesting" name="testResponsecode" time="0.049"/>
  <system-out/>
  <testcase classname="com.CA.qa.TestCases.APITesting" name="testResponsecode" time="0.032"/>
  <system-out/>
  <testcase classname="com.CA.qa.TestCases.APITesting" name="testResponsecode" time="0.039"/>
  <system-out/>
  <testcase classname="com.CA.qa.TestCases.APITesting" name="testResponsecode" time="0.261"/>
  <system-out/>
  <testcase classname="com.CA.qa.TestCases.APITesting" name="testResponsecode" time="0.037"/>
  <system-out/>
  <testcase classname="com.CA.qa.TestCases.APITesting" name="testResponsecode" time="0.036"/>
  <system-out/>
  <testcase classname="com.CA.qa.TestCases.APITesting" name="testResponsecode" time="0.035"/>
  <system-out/>
  <testcase classname="com.CA.qa.TestCases.APITesting" name="testResponsecode" time="0.042"/>
  <system-out/>
  <testcase classname="com.CA.qa.TestCases.APITesting" name="testResponsecode" time="0.038"/>
  <system-out/>
  <testcase classname="com.CA.qa.TestCases.APITesting" name="testResponsecode" time="0.044"/>
  <system-out/>
  <testcase classname="com.CA.qa.TestCases.APITesting" name="testResponsecode" time="0.035"/>
  <system-out/>
  <testcase classname="com.CA.qa.TestCases.APITesting" name="testResponsecode" time="0.038"/>
  <system-out/>
  <testcase classname="com.CA.qa.TestCases.APITesting" name="testResponsecode" time="0.033"/>
  <system-out/>
  <testcase classname="com.CA.qa.TestCases.APITesting" name="testResponsecode" time="0.338"/>
  <system-out/>
  <testcase classname="com.CA.qa.TestCases.APITesting" name="testResponsecode" time="0.036"/>
  <system-out/>
  <testcase classname="com.CA.qa.TestCases.APITesting" name="testResponsecode" time="0.152"/>
  <system-out/>
  <testcase classname="com.CA.qa.TestCases.APITesting" name="testResponsecode" time="0.033"/>
  <system-out/>
  <testcase classname="com.CA.qa.TestCases.APITesting" name="testResponsecode" time="0.036"/>
  <system-out/>
  <testcase classname="com.CA.qa.TestCases.APITesting" name="testResponsecode" time="0.033"/>
  <system-out/>
  <testcase classname="com.CA.qa.TestCases.APITesting" name="testResponsecode" time="0.035"/>
  <system-out/>
  <testcase classname="com.CA.qa.TestCases.APITesting" name="testResponsecode" time="0.039"/>
  <system-out/>
  <testcase classname="com.CA.qa.TestCases.APITesting" name="testResponsecode" time="0.036"/>
  <system-out/>
  <testcase classname="com.CA.qa.TestCases.APITesting" name="testResponsecode" time="0.035"/>
  <system-out/>
  <testcase classname="com.CA.qa.TestCases.APITesting" name="testResponsecode" time="0.039"/>
  <system-out/>
  <testcase classname="com.CA.qa.TestCases.APITesting" name="testResponsecode" time="0.034"/>
  <system-out/>
  <testcase classname="com.CA.qa.TestCases.APITesting" name="testResponsecode" time="0.049"/>
  <system-out/>
  <testcase classname="com.CA.qa.TestCases.APITesting" name="testResponsecode" time="0.040"/>
  <system-out/>
  <testcase classname="com.CA.qa.TestCases.APITesting" name="testResponsecode" time="0.033"/>
  <system-out/>
  <testcase classname="com.CA.qa.TestCases.APITesting" name="testResponsecode" time="0.035"/>
  <system-out/>
  <testcase classname="com.CA.qa.TestCases.APITesting" name="testResponsecode" time="0.035"/>
  <system-out/>
  <testcase classname="com.CA.qa.TestCases.APITesting" name="testResponsecode" time="0.040"/>
  <system-out/>
  <testcase classname="com.CA.qa.TestCases.APITesting" name="testResponsecode" time="0.038"/>
  <system-out/>
  <testcase classname="com.CA.qa.TestCases.APITesting" name="testResponsecode" time="0.039"/>
  <system-out/>
  <testcase classname="com.CA.qa.TestCases.APITesting" name="testResponsecode" time="0.038"/>
  <system-out/>
  <testcase classname="com.CA.qa.TestCases.APITesting" name="testResponsecode" time="0.124"/>
  <system-out/>
  <testcase classname="com.CA.qa.TestCases.APITesting" name="testResponsecode" time="0.034"/>
  <system-out/>
  <testcase classname="com.CA.qa.TestCases.APITesting" name="testResponsecode" time="0.036"/>
  <system-out/>
  <testcase classname="com.CA.qa.TestCases.APITesting" name="testResponsecode" time="0.036"/>
  <system-out/>
  <testcase classname="com.CA.qa.TestCases.APITesting" name="testResponsecode" time="0.039"/>
  <system-out/>
  <testcase classname="com.CA.qa.TestCases.APITesting" name="testResponsecode" time="0.039"/>
  <system-out/>
  <testcase classname="com.CA.qa.TestCases.APITesting" name="testResponsecode" time="0.035"/>
  <system-out/>
  <testcase classname="com.CA.qa.TestCases.APITesting" name="testResponsecode" time="0.044"/>
  <system-out/>
  <testcase classname="com.CA.qa.TestCases.APITesting" name="testResponsecode" time="0.032"/>
  <system-out/>
  <testcase classname="com.CA.qa.TestCases.APITesting" name="testResponsecode" time="0.039"/>
  <system-out/>
  <testcase classname="com.CA.qa.TestCases.APITesting" name="testResponsecode" time="0.039"/>
  <system-out/>
  <testcase classname="com.CA.qa.TestCases.APITesting" name="testResponsecode" time="0.034"/>
  <system-out/>
  <testcase classname="com.CA.qa.TestCases.APITesting" name="testResponsecode" time="0.037"/>
  <system-out/>
  <testcase classname="com.CA.qa.TestCases.APITesting" name="testResponsecode" time="0.036"/>
  <system-out/>
  <testcase classname="com.CA.qa.TestCases.APITesting" name="testResponsecode" time="0.035"/>
  <system-out/>
  <testcase classname="com.CA.qa.TestCases.APITesting" name="testResponsecode" time="0.212"/>
  <system-out/>
  <testcase classname="com.CA.qa.TestCases.APITesting" name="testResponsecode" time="0.034"/>
  <system-out/>
  <testcase classname="com.CA.qa.TestCases.APITesting" name="testResponsecode" time="0.033"/>
  <system-out/>
  <testcase classname="com.CA.qa.TestCases.APITesting" name="testResponsecode" time="0.032"/>
  <system-out/>
  <testcase classname="com.CA.qa.TestCases.APITesting" name="testResponsecode" time="0.035"/>
  <system-out/>
  <testcase classname="com.CA.qa.TestCases.APITesting" name="testResponsecode" time="0.041"/>
  <system-out/>
  <testcase classname="com.CA.qa.TestCases.APITesting" name="testResponsecode" time="0.034"/>
  <system-out/>
  <testcase classname="com.CA.qa.TestCases.APITesting" name="testResponsecode" time="0.032"/>
  <system-out/>
  <testcase classname="com.CA.qa.TestCases.APITesting" name="testResponsecode" time="0.045"/>
  <system-out/>
  <testcase classname="com.CA.qa.TestCases.APITesting" name="testResponsecode" time="0.219"/>
  <system-out/>
  <testcase classname="com.CA.qa.TestCases.APITesting" name="testResponsecode" time="0.036"/>
  <system-out/>
  <testcase classname="com.CA.qa.TestCases.APITesting" name="testResponsecode" time="0.034"/>
  <system-out/>
  <testcase classname="com.CA.qa.TestCases.APITesting" name="testResponsecode" time="0.053"/>
  <system-out/>
  <testcase classname="com.CA.qa.TestCases.APITesting" name="testResponsecode" time="0.033"/>
  <system-out/>
  <testcase classname="com.CA.qa.TestCases.APITesting" name="testResponsecode" time="0.034"/>
  <system-out/>
  <testcase classname="com.CA.qa.TestCases.APITesting" name="testResponsecode" time="0.189"/>
  <system-out/>
  <testcase classname="com.CA.qa.TestCases.APITesting" name="testResponsecode" time="0.041"/>
  <system-out/>
  <testcase classname="com.CA.qa.TestCases.APITesting" name="testResponsecode" time="0.035"/>
  <system-out/>
  <testcase classname="com.CA.qa.TestCases.APITesting" name="testResponsecode" time="0.036"/>
  <system-out/>
  <testcase classname="com.CA.qa.TestCases.APITesting" name="testResponsecode" time="0.049"/>
  <system-out/>
  <testcase classname="com.CA.qa.TestCases.APITesting" name="testResponsecode" time="0.044"/>
  <system-out/>
  <testcase classname="com.CA.qa.TestCases.APITesting" name="testResponsecode" time="0.035"/>
  <system-out/>
  <testcase classname="com.CA.qa.TestCases.APITesting" name="testResponsecode" time="0.035"/>
  <system-out/>
  <testcase classname="com.CA.qa.TestCases.APITesting" name="testResponsecode" time="0.034"/>
  <system-out/>
  <testcase classname="com.CA.qa.TestCases.APITesting" name="testResponsecode" time="0.038"/>
  <system-out/>
  <testcase classname="com.CA.qa.TestCases.APITesting" name="testResponsecode" time="0.047"/>
  <system-out/>
  <testcase classname="com.CA.qa.TestCases.APITesting" name="testResponsecode" time="0.039"/>
  <system-out/>
  <testcase classname="com.CA.qa.TestCases.APITesting" name="testResponsecode" time="0.034"/>
  <system-out/>
  <testcase classname="com.CA.qa.TestCases.APITesting" name="testResponsecode" time="0.038"/>
  <system-out/>
  <testcase classname="com.CA.qa.TestCases.APITesting" name="testResponsecode" time="0.034"/>
  <system-out/>
  <testcase classname="com.CA.qa.TestCases.APITesting" name="testResponsecode" time="0.043"/>
  <system-out/>
  <testcase classname="com.CA.qa.TestCases.APITesting" name="testResponsecode" time="0.042"/>
  <system-out/>
  <testcase classname="com.CA.qa.TestCases.APITesting" name="testResponsecode" time="0.032"/>
  <system-out/>
  <testcase classname="com.CA.qa.TestCases.APITesting" name="testResponsecode" time="0.036"/>
  <system-out/>
  <testcase classname="com.CA.qa.TestCases.APITesting" name="testResponsecode" time="0.038"/>
  <system-out/>
  <testcase classname="com.CA.qa.TestCases.APITesting" name="testResponsecode" time="0.171"/>
  <system-out/>
  <testcase classname="com.CA.qa.TestCases.APITesting" name="testResponsecode" time="0.033"/>
  <system-out/>
  <testcase classname="com.CA.qa.TestCases.APITesting" name="testResponsecode" time="0.042"/>
  <system-out/>
  <testcase classname="com.CA.qa.TestCases.APITesting" name="testResponsecode" time="0.040"/>
  <system-out/>
  <testcase classname="com.CA.qa.TestCases.APITesting" name="testResponsecode" time="0.066"/>
  <system-out/>
  <testcase classname="com.CA.qa.TestCases.APITesting" name="testResponsecode" time="0.036"/>
  <system-out/>
  <testcase classname="com.CA.qa.TestCases.APITesting" name="testResponsecode" time="0.036"/>
  <system-out/>
  <testcase classname="com.CA.qa.TestCases.APITesting" name="testResponsecode" time="0.041"/>
  <system-out/>
  <testcase classname="com.CA.qa.TestCases.APITesting" name="testResponsecode" time="0.036"/>
  <system-out/>
  <testcase classname="com.CA.qa.TestCases.APITesting" name="testResponsecode" time="0.036"/>
  <system-out/>
  <testcase classname="com.CA.qa.TestCases.APITesting" name="testResponsecode" time="0.035"/>
  <system-out/>
  <testcase classname="com.CA.qa.TestCases.APITesting" name="testResponsecode" time="0.058"/>
  <system-out/>
  <testcase classname="com.CA.qa.TestCases.APITesting" name="testResponsecode" time="0.034"/>
  <system-out/>
  <testcase classname="com.CA.qa.TestCases.APITesting" name="testResponsecode" time="0.032"/>
  <system-out/>
  <testcase classname="com.CA.qa.TestCases.APITesting" name="testResponsecode" time="0.036"/>
  <system-out/>
  <testcase classname="com.CA.qa.TestCases.APITesting" name="testResponsecode" time="0.037"/>
  <system-out/>
  <testcase classname="com.CA.qa.TestCases.APITesting" name="testResponsecode" time="0.035"/>
  <system-out/>
  <testcase classname="com.CA.qa.TestCases.APITesting" name="testResponsecode" time="0.032"/>
  <system-out/>
  <testcase classname="com.CA.qa.TestCases.APITesting" name="testResponsecode" time="0.033"/>
  <system-out/>
  <testcase classname="com.CA.qa.TestCases.APITesting" name="testResponsecode" time="0.034"/>
  <system-out/>
  <testcase classname="com.CA.qa.TestCases.APITesting" name="testResponsecode" time="0.035"/>
  <system-out/>
  <testcase classname="com.CA.qa.TestCases.APITesting" name="testResponsecode" time="0.037"/>
  <system-out/>
  <testcase classname="com.CA.qa.TestCases.APITesting" name="testResponsecode" time="0.045"/>
  <system-out/>
  <testcase classname="com.CA.qa.TestCases.APITesting" name="testResponsecode" time="0.041"/>
  <system-out/>
  <testcase classname="com.CA.qa.TestCases.APITesting" name="testResponsecode" time="0.040"/>
  <system-out/>
  <testcase classname="com.CA.qa.TestCases.APITesting" name="testResponsecode" time="0.033"/>
  <system-out/>
  <testcase classname="com.CA.qa.TestCases.APITesting" name="testResponsecode" time="0.049"/>
  <system-out/>
  <testcase classname="com.CA.qa.TestCases.APITesting" name="testResponsecode" time="0.034"/>
  <system-out/>
  <testcase classname="com.CA.qa.TestCases.APITesting" name="testResponsecode" time="0.034"/>
  <system-out/>
  <testcase classname="com.CA.qa.TestCases.APITesting" name="testResponsecode" time="0.038"/>
  <system-out/>
  <testcase classname="com.CA.qa.TestCases.APITesting" name="testResponsecode" time="0.034"/>
  <system-out/>
  <testcase classname="com.CA.qa.TestCases.APITesting" name="testResponsecode" time="0.035"/>
  <system-out/>
  <testcase classname="com.CA.qa.TestCases.APITesting" name="testResponsecode" time="0.033"/>
  <system-out/>
  <testcase classname="com.CA.qa.TestCases.APITesting" name="testResponsecode" time="0.039"/>
  <system-out/>
  <testcase classname="com.CA.qa.TestCases.APITesting" name="testResponsecode" time="0.033"/>
  <system-out/>
  <testcase classname="com.CA.qa.TestCases.APITesting" name="testResponsecode" time="0.032"/>
  <system-out/>
  <testcase classname="com.CA.qa.TestCases.APITesting" name="testResponsecode" time="0.046"/>
  <system-out/>
  <testcase classname="com.CA.qa.TestCases.APITesting" name="testResponsecode" time="0.033"/>
  <system-out/>
  <testcase classname="com.CA.qa.TestCases.APITesting" name="testResponsecode" time="0.036"/>
  <system-out/>
  <testcase classname="com.CA.qa.TestCases.APITesting" name="testResponsecode" time="0.032"/>
  <system-out/>
  <testcase classname="com.CA.qa.TestCases.APITesting" name="testResponsecode" time="0.033"/>
  <system-out/>
  <testcase classname="com.CA.qa.TestCases.APITesting" name="testResponsecode" time="0.039"/>
  <system-out/>
  <testcase classname="com.CA.qa.TestCases.APITesting" name="testResponsecode" time="0.213"/>
  <system-out/>
  <testcase classname="com.CA.qa.TestCases.APITesting" name="testResponsecode" time="0.038"/>
  <system-out/>
  <testcase classname="com.CA.qa.TestCases.APITesting" name="testResponsecode" time="0.036"/>
  <system-out/>
  <testcase classname="com.CA.qa.TestCases.APITesting" name="testResponsecode" time="0.045"/>
  <system-out/>
  <testcase classname="com.CA.qa.TestCases.APITesting" name="testResponsecode" time="0.040"/>
  <system-out/>
  <testcase classname="com.CA.qa.TestCases.APITesting" name="testResponsecode" time="0.039"/>
  <system-out/>
  <testcase classname="com.CA.qa.TestCases.APITesting" name="testResponsecode" time="0.054"/>
  <system-out/>
  <testcase classname="com.CA.qa.TestCases.APITesting" name="testResponsecode" time="0.043"/>
  <system-out/>
  <testcase classname="com.CA.qa.TestCases.APITesting" name="testResponsecode" time="0.033"/>
  <system-out/>
  <testcase classname="com.CA.qa.TestCases.APITesting" name="testResponsecode" time="0.037"/>
  <system-out/>
  <testcase classname="com.CA.qa.TestCases.APITesting" name="testResponsecode" time="0.153"/>
  <system-out/>
  <testcase classname="com.CA.qa.TestCases.APITesting" name="testResponsecode" time="0.996"/>
  <system-out/>
  <testcase classname="com.CA.qa.TestCases.APITesting" name="testResponsecode" time="0.964"/>
  <system-out/>
  <testcase classname="com.CA.qa.TestCases.APITesting" name="testResponsecode" time="0.034"/>
  <system-out/>
  <testcase classname="com.CA.qa.TestCases.APITesting" name="testResponsecode" time="0.045"/>
  <system-out/>
  <testcase classname="com.CA.qa.TestCases.APITesting" name="testResponsecode" time="0.035"/>
  <system-out/>
  <testcase classname="com.CA.qa.TestCases.APITesting" name="testResponsecode" time="0.033"/>
  <system-out/>
  <testcase classname="com.CA.qa.TestCases.APITesting" name="testResponsecode" time="0.033"/>
  <system-out/>
  <testcase classname="com.CA.qa.TestCases.APITesting" name="testResponsecode" time="0.032"/>
  <system-out/>
  <testcase classname="com.CA.qa.TestCases.APITesting" name="testResponsecode" time="0.034"/>
  <system-out/>
  <testcase classname="com.CA.qa.TestCases.APITesting" name="testResponsecode" time="0.036"/>
  <system-out/>
  <testcase classname="com.CA.qa.TestCases.APITesting" name="testResponsecode" time="0.034"/>
  <system-out/>
  <testcase classname="com.CA.qa.TestCases.APITesting" name="testResponsecode" time="0.037"/>
  <system-out/>
  <testcase classname="com.CA.qa.TestCases.APITesting" name="testResponsecode" time="0.043"/>
  <system-out/>
  <testcase classname="com.CA.qa.TestCases.APITesting" name="testResponsecode" time="0.037"/>
  <system-out/>
  <testcase classname="com.CA.qa.TestCases.APITesting" name="testResponsecode" time="0.035"/>
  <system-out/>
  <testcase classname="com.CA.qa.TestCases.APITesting" name="testResponsecode" time="0.038"/>
  <system-out/>
  <testcase classname="com.CA.qa.TestCases.APITesting" name="testResponsecode" time="0.040"/>
  <system-out/>
  <testcase classname="com.CA.qa.TestCases.APITesting" name="testResponsecode" time="0.033"/>
  <system-out/>
  <testcase classname="com.CA.qa.TestCases.APITesting" name="testResponsecode" time="0.040"/>
  <system-out/>
  <testcase classname="com.CA.qa.TestCases.APITesting" name="testResponsecode" time="0.034"/>
  <system-out/>
  <testcase classname="com.CA.qa.TestCases.APITesting" name="testResponsecode" time="0.032"/>
  <system-out/>
  <testcase classname="com.CA.qa.TestCases.APITesting" name="testResponsecode" time="0.046"/>
  <system-out/>
  <testcase classname="com.CA.qa.TestCases.APITesting" name="testResponsecode" time="0.036"/>
  <system-out/>
  <testcase classname="com.CA.qa.TestCases.APITesting" name="testResponsecode" time="0.033"/>
  <system-out/>
  <testcase classname="com.CA.qa.TestCases.APITesting" name="testResponsecode" time="0.081"/>
  <system-out/>
  <testcase classname="com.CA.qa.TestCases.APITesting" name="testResponsecode" time="0.034"/>
  <system-out/>
  <testcase classname="com.CA.qa.TestCases.APITesting" name="testResponsecode" time="0.032"/>
  <system-out/>
  <testcase classname="com.CA.qa.TestCases.APITesting" name="testResponsecode" time="0.140"/>
  <system-out/>
  <testcase classname="com.CA.qa.TestCases.APITesting" name="testResponsecode" time="0.034"/>
  <system-out/>
  <testcase classname="com.CA.qa.TestCases.APITesting" name="testResponsecode" time="0.059"/>
  <system-out/>
  <testcase classname="com.CA.qa.TestCases.APITesting" name="testResponsecode" time="0.039"/>
  <system-out/>
  <testcase classname="com.CA.qa.TestCases.APITesting" name="testResponsecode" time="0.043"/>
  <system-out/>
  <testcase classname="com.CA.qa.TestCases.APITesting" name="testResponsecode" time="0.196"/>
  <system-out/>
  <testcase classname="com.CA.qa.TestCases.APITesting" name="testResponsecode" time="0.041"/>
  <system-out/>
  <testcase classname="com.CA.qa.TestCases.APITesting" name="testResponsecode" time="0.134"/>
  <system-out/>
  <testcase classname="com.CA.qa.TestCases.APITesting" name="testResponsecode" time="0.033"/>
  <system-out/>
  <testcase classname="com.CA.qa.TestCases.APITesting" name="testResponsecode" time="0.034"/>
  <system-out/>
  <testcase classname="com.CA.qa.TestCases.APITesting" name="testResponsecode" time="0.037"/>
  <system-out/>
  <testcase classname="com.CA.qa.TestCases.APITesting" name="testResponsecode" time="0.032"/>
  <system-out/>
  <testcase classname="com.CA.qa.TestCases.APITesting" name="testResponsecode" time="0.058"/>
  <system-out/>
  <testcase classname="com.CA.qa.TestCases.APITesting" name="testResponsecode" time="0.034"/>
  <system-out/>
  <testcase classname="com.CA.qa.TestCases.APITesting" name="testResponsecode" time="0.035"/>
  <system-out/>
  <testcase classname="com.CA.qa.TestCases.APITesting" name="testResponsecode" time="0.040"/>
  <system-out/>
  <testcase classname="com.CA.qa.TestCases.APITesting" name="testResponsecode" time="0.038"/>
  <system-out/>
  <testcase classname="com.CA.qa.TestCases.APITesting" name="testResponsecode" time="0.036"/>
  <system-out/>
  <testcase classname="com.CA.qa.TestCases.APITesting" name="testResponsecode" time="0.035"/>
  <system-out/>
  <testcase classname="com.CA.qa.TestCases.APITesting" name="testResponsecode" time="0.047"/>
  <system-out/>
  <testcase classname="com.CA.qa.TestCases.APITesting" name="testResponsecode" time="0.051"/>
  <system-out/>
  <testcase classname="com.CA.qa.TestCases.APITesting" name="testResponsecode" time="0.047"/>
  <system-out/>
  <testcase classname="com.CA.qa.TestCases.APITesting" name="testResponsecode" time="0.034"/>
  <system-out/>
  <testcase classname="com.CA.qa.TestCases.APITesting" name="testResponsecode" time="0.035"/>
  <system-out/>
  <testcase classname="com.CA.qa.TestCases.APITesting" name="testResponsecode" time="0.036"/>
  <system-out/>
  <testcase classname="com.CA.qa.TestCases.APITesting" name="testResponsecode" time="0.043"/>
  <system-out/>
  <testcase classname="com.CA.qa.TestCases.APITesting" name="testResponsecode" time="0.033"/>
  <system-out/>
  <testcase classname="com.CA.qa.TestCases.APITesting" name="testResponsecode" time="0.034"/>
  <system-out/>
  <testcase classname="com.CA.qa.TestCases.APITesting" name="testResponsecode" time="0.033"/>
  <system-out/>
  <testcase classname="com.CA.qa.TestCases.APITesting" name="testResponsecode" time="0.040"/>
  <system-out/>
  <testcase classname="com.CA.qa.TestCases.APITesting" name="testResponsecode" time="0.041"/>
  <system-out/>
  <testcase classname="com.CA.qa.TestCases.APITesting" name="testResponsecode" time="0.040"/>
  <system-out/>
  <testcase classname="com.CA.qa.TestCases.APITesting" name="testResponsecode" time="0.061"/>
  <system-out/>
  <testcase classname="com.CA.qa.TestCases.APITesting" name="testResponsecode" time="0.032"/>
  <system-out/>
  <testcase classname="com.CA.qa.TestCases.APITesting" name="testResponsecode" time="0.178"/>
  <system-out/>
  <testcase classname="com.CA.qa.TestCases.APITesting" name="testResponsecode" time="0.056"/>
  <system-out/>
  <testcase classname="com.CA.qa.TestCases.APITesting" name="testResponsecode" time="0.033"/>
  <system-out/>
  <testcase classname="com.CA.qa.TestCases.APITesting" name="testResponsecode" time="0.032"/>
  <system-out/>
  <testcase classname="com.CA.qa.TestCases.APITesting" name="testResponsecode" time="0.035"/>
  <system-out/>
  <testcase classname="com.CA.qa.TestCases.APITesting" name="testResponsecode" time="0.043"/>
  <system-out/>
  <testcase classname="com.CA.qa.TestCases.APITesting" name="testResponsecode" time="0.034"/>
  <system-out/>
  <testcase classname="com.CA.qa.TestCases.APITesting" name="testResponsecode" time="0.038"/>
  <system-out/>
  <testcase classname="com.CA.qa.TestCases.APITesting" name="testResponsecode" time="0.034"/>
  <system-out/>
  <testcase classname="com.CA.qa.TestCases.APITesting" name="testResponsecode" time="0.033"/>
  <system-out/>
  <testcase classname="com.CA.qa.TestCases.APITesting" name="testResponsecode" time="0.038"/>
  <system-out/>
  <testcase classname="com.CA.qa.TestCases.APITesting" name="testResponsecode" time="0.039"/>
  <system-out/>
  <testcase classname="com.CA.qa.TestCases.APITesting" name="testResponsecode" time="0.035"/>
  <system-out/>
  <testcase classname="com.CA.qa.TestCases.APITesting" name="testResponsecode" time="0.033"/>
  <system-out/>
  <testcase classname="com.CA.qa.TestCases.APITesting" name="testResponsecode" time="0.037"/>
  <system-out/>
  <testcase classname="com.CA.qa.TestCases.APITesting" name="testResponsecode" time="0.058"/>
  <system-out/>
  <testcase classname="com.CA.qa.TestCases.APITesting" name="testResponsecode" time="0.033"/>
  <system-out/>
  <testcase classname="com.CA.qa.TestCases.APITesting" name="testResponsecode" time="0.037"/>
  <system-out/>
  <testcase classname="com.CA.qa.TestCases.APITesting" name="testResponsecode" time="0.035"/>
  <system-out/>
  <testcase classname="com.CA.qa.TestCases.APITesting" name="testResponsecode" time="0.035"/>
  <system-out/>
  <testcase classname="com.CA.qa.TestCases.APITesting" name="testResponsecode" time="0.036"/>
  <system-out/>
  <testcase classname="com.CA.qa.TestCases.APITesting" name="testResponsecode" time="0.035"/>
  <system-out/>
  <testcase classname="com.CA.qa.TestCases.APITesting" name="testResponsecode" time="0.033"/>
  <system-out/>
  <testcase classname="com.CA.qa.TestCases.APITesting" name="testResponsecode" time="0.034"/>
  <system-out/>
  <testcase classname="com.CA.qa.TestCases.APITesting" name="testResponsecode" time="0.055"/>
  <system-out/>
  <testcase classname="com.CA.qa.TestCases.APITesting" name="testResponsecode" time="0.033"/>
  <system-out/>
  <testcase classname="com.CA.qa.TestCases.APITesting" name="testResponsecode" time="0.038"/>
  <system-out/>
  <testcase classname="com.CA.qa.TestCases.APITesting" name="testResponsecode" time="0.034"/>
  <system-out/>
  <testcase classname="com.CA.qa.TestCases.APITesting" name="testResponsecode" time="0.041"/>
  <system-out/>
  <testcase classname="com.CA.qa.TestCases.APITesting" name="testResponsecode" time="0.032"/>
  <system-out/>
  <testcase classname="com.CA.qa.TestCases.APITesting" name="testResponsecode" time="0.040"/>
  <system-out/>
  <testcase classname="com.CA.qa.TestCases.APITesting" name="testResponsecode" time="0.129"/>
  <system-out/>
  <testcase classname="com.CA.qa.TestCases.APITesting" name="testResponsecode" time="0.032"/>
  <system-out/>
  <testcase classname="com.CA.qa.TestCases.APITesting" name="testResponsecode" time="0.035"/>
  <system-out/>
  <testcase classname="com.CA.qa.TestCases.APITesting" name="testResponsecode" time="0.033"/>
  <system-out/>
  <testcase classname="com.CA.qa.TestCases.APITesting" name="testResponsecode" time="0.033"/>
  <system-out/>
  <testcase classname="com.CA.qa.TestCases.APITesting" name="testResponsecode" time="0.050"/>
  <system-out/>
  <testcase classname="com.CA.qa.TestCases.APITesting" name="testResponsecode" time="0.031"/>
  <system-out/>
  <testcase classname="com.CA.qa.TestCases.APITesting" name="testResponsecode" time="0.045"/>
  <system-out/>
  <testcase classname="com.CA.qa.TestCases.APITesting" name="testResponsecode" time="0.040"/>
  <system-out/>
  <testcase classname="com.CA.qa.TestCases.APITesting" name="testResponsecode" time="0.033"/>
  <system-out/>
  <testcase classname="com.CA.qa.TestCases.APITesting" name="testResponsecode" time="0.032"/>
  <system-out/>
  <testcase classname="com.CA.qa.TestCases.APITesting" name="testResponsecode" time="0.036"/>
  <system-out/>
  <testcase classname="com.CA.qa.TestCases.APITesting" name="testResponsecode" time="0.039"/>
  <system-out/>
  <testcase classname="com.CA.qa.TestCases.APITesting" name="testResponsecode" time="0.047"/>
  <system-out/>
  <testcase classname="com.CA.qa.TestCases.APITesting" name="testResponsecode" time="0.032"/>
  <system-out/>
  <testcase classname="com.CA.qa.TestCases.APITesting" name="testResponsecode" time="0.055"/>
  <system-out/>
  <testcase classname="com.CA.qa.TestCases.APITesting" name="testResponsecode" time="0.037"/>
  <system-out/>
  <testcase classname="com.CA.qa.TestCases.APITesting" name="testResponsecode" time="0.037"/>
  <system-out/>
  <testcase classname="com.CA.qa.TestCases.APITesting" name="testResponsecode" time="0.040"/>
  <system-out/>
  <testcase classname="com.CA.qa.TestCases.APITesting" name="testResponsecode" time="0.068"/>
  <system-out/>
  <testcase classname="com.CA.qa.TestCases.APITesting" name="testResponsecode" time="0.035"/>
  <system-out/>
  <testcase classname="com.CA.qa.TestCases.APITesting" name="testResponsecode" time="0.033"/>
  <system-out/>
  <testcase classname="com.CA.qa.TestCases.APITesting" name="testResponsecode" time="0.033"/>
  <system-out/>
  <testcase classname="com.CA.qa.TestCases.APITesting" name="testResponsecode" time="0.035"/>
  <system-out/>
  <testcase classname="com.CA.qa.TestCases.APITesting" name="testResponsecode" time="0.033"/>
  <system-out/>
  <testcase classname="com.CA.qa.TestCases.APITesting" name="testResponsecode" time="0.090"/>
  <system-out/>
  <testcase classname="com.CA.qa.TestCases.APITesting" name="testResponsecode" time="0.031"/>
  <system-out/>
  <testcase classname="com.CA.qa.TestCases.APITesting" name="testResponsecode" time="0.041"/>
  <system-out/>
  <testcase classname="com.CA.qa.TestCases.APITesting" name="testResponsecode" time="0.037"/>
  <system-out/>
  <testcase classname="com.CA.qa.TestCases.APITesting" name="testResponsecode" time="0.034"/>
  <system-out/>
  <testcase classname="com.CA.qa.TestCases.APITesting" name="testResponsecode" time="0.055"/>
  <system-out/>
  <testcase classname="com.CA.qa.TestCases.APITesting" name="testResponsecode" time="0.043"/>
  <system-out/>
  <testcase classname="com.CA.qa.TestCases.APITesting" name="testResponsecode" time="0.033"/>
  <system-out/>
  <testcase classname="com.CA.qa.TestCases.APITesting" name="testResponsecode" time="0.033"/>
  <system-out/>
  <testcase classname="com.CA.qa.TestCases.APITesting" name="testResponsecode" time="0.037"/>
  <system-out/>
  <testcase classname="com.CA.qa.TestCases.APITesting" name="testResponsecode" time="0.043"/>
  <system-out/>
  <testcase classname="com.CA.qa.TestCases.APITesting" name="testResponsecode" time="0.033"/>
  <system-out/>
  <testcase classname="com.CA.qa.TestCases.APITesting" name="testResponsecode" time="0.045"/>
  <system-out/>
  <testcase classname="com.CA.qa.TestCases.APITesting" name="testResponsecode" time="0.166"/>
  <system-out/>
  <testcase classname="com.CA.qa.TestCases.APITesting" name="testResponsecode" time="0.034"/>
  <system-out/>
  <testcase classname="com.CA.qa.TestCases.APITesting" name="testResponsecode" time="0.039"/>
  <system-out/>
  <testcase classname="com.CA.qa.TestCases.APITesting" name="testResponsecode" time="0.034"/>
  <system-out/>
  <testcase classname="com.CA.qa.TestCases.APITesting" name="testResponsecode" time="0.033"/>
  <system-out/>
  <testcase classname="com.CA.qa.TestCases.APITesting" name="testResponsecode" time="0.033"/>
  <system-out/>
  <testcase classname="com.CA.qa.TestCases.APITesting" name="testResponsecode" time="0.037"/>
  <system-out/>
  <testcase classname="com.CA.qa.TestCases.APITesting" name="testResponsecode" time="0.053"/>
  <system-out/>
  <testcase classname="com.CA.qa.TestCases.APITesting" name="testResponsecode" time="0.033"/>
  <system-out/>
  <testcase classname="com.CA.qa.TestCases.APITesting" name="testResponsecode" time="0.040"/>
  <system-out/>
  <testcase classname="com.CA.qa.TestCases.APITesting" name="testResponsecode" time="0.035"/>
  <system-out/>
  <testcase classname="com.CA.qa.TestCases.APITesting" name="testResponsecode" time="0.039"/>
  <system-out/>
  <testcase classname="com.CA.qa.TestCases.APITesting" name="testResponsecode" time="0.040"/>
  <system-out/>
  <testcase classname="com.CA.qa.TestCases.APITesting" name="testResponsecode" time="0.361"/>
  <system-out/>
  <testcase classname="com.CA.qa.TestCases.APITesting" name="testResponsecode" time="0.033"/>
  <system-out/>
  <testcase classname="com.CA.qa.TestCases.APITesting" name="testResponsecode" time="0.052"/>
  <system-out/>
  <testcase classname="com.CA.qa.TestCases.APITesting" name="testResponsecode" time="0.036"/>
  <system-out/>
  <testcase classname="com.CA.qa.TestCases.APITesting" name="testResponsecode" time="0.062"/>
  <system-out/>
  <testcase classname="com.CA.qa.TestCases.APITesting" name="testResponsecode" time="0.035"/>
  <system-out/>
  <testcase classname="com.CA.qa.TestCases.APITesting" name="testResponsecode" time="0.037"/>
  <system-out/>
  <testcase classname="com.CA.qa.TestCases.APITesting" name="testResponsecode" time="0.181"/>
  <system-out/>
  <testcase classname="com.CA.qa.TestCases.APITesting" name="testResponsecode" time="0.196"/>
  <system-out/>
  <testcase classname="com.CA.qa.TestCases.APITesting" name="testResponsecode" time="0.037"/>
  <system-out/>
  <testcase classname="com.CA.qa.TestCases.APITesting" name="testResponsecode" time="0.035"/>
  <system-out/>
  <testcase classname="com.CA.qa.TestCases.APITesting" name="testResponsecode" time="0.034"/>
  <system-out/>
  <testcase classname="com.CA.qa.TestCases.APITesting" name="testResponsecode" time="0.040"/>
  <system-out/>
  <testcase classname="com.CA.qa.TestCases.APITesting" name="testResponsecode" time="0.032"/>
  <system-out/>
  <testcase classname="com.CA.qa.TestCases.APITesting" name="testResponsecode" time="0.037"/>
  <system-out/>
  <testcase classname="com.CA.qa.TestCases.APITesting" name="testResponsecode" time="0.143"/>
  <system-out/>
  <testcase classname="com.CA.qa.TestCases.APITesting" name="testResponsecode" time="0.041"/>
  <system-out/>
  <testcase classname="com.CA.qa.TestCases.APITesting" name="testResponsecode" time="0.034"/>
  <system-out/>
  <testcase classname="com.CA.qa.TestCases.APITesting" name="testResponsecode" time="0.036"/>
  <system-out/>
  <testcase classname="com.CA.qa.TestCases.APITesting" name="testResponsecode" time="0.034"/>
  <system-out/>
  <testcase classname="com.CA.qa.TestCases.APITesting" name="testResponsecode" time="0.038"/>
  <system-out/>
  <testcase classname="com.CA.qa.TestCases.APITesting" name="testResponsecode" time="0.032"/>
  <system-out/>
  <testcase classname="com.CA.qa.TestCases.APITesting" name="testResponsecode" time="0.046"/>
  <system-out/>
  <testcase classname="com.CA.qa.TestCases.APITesting" name="testResponsecode" time="0.034"/>
  <system-out/>
  <testcase classname="com.CA.qa.TestCases.APITesting" name="testResponsecode" time="0.042"/>
  <system-out/>
  <testcase classname="com.CA.qa.TestCases.APITesting" name="testResponsecode" time="0.213"/>
  <system-out/>
  <testcase classname="com.CA.qa.TestCases.APITesting" name="testResponsecode" time="0.033"/>
  <system-out/>
  <testcase classname="com.CA.qa.TestCases.APITesting" name="testResponsecode" time="0.036"/>
  <system-out/>
  <testcase classname="com.CA.qa.TestCases.APITesting" name="testResponsecode" time="0.033"/>
  <system-out/>
  <testcase classname="com.CA.qa.TestCases.APITesting" name="testResponsecode" time="0.037"/>
  <system-out/>
  <testcase classname="com.CA.qa.TestCases.APITesting" name="testResponsecode" time="0.122"/>
  <system-out/>
  <testcase classname="com.CA.qa.TestCases.APITesting" name="testResponsecode" time="0.034"/>
  <system-out/>
  <testcase classname="com.CA.qa.TestCases.APITesting" name="testResponsecode" time="0.034"/>
  <system-out/>
  <testcase classname="com.CA.qa.TestCases.APITesting" name="testResponsecode" time="0.034"/>
  <system-out/>
  <testcase classname="com.CA.qa.TestCases.APITesting" name="testResponsecode" time="0.033"/>
  <system-out/>
  <testcase classname="com.CA.qa.TestCases.APITesting" name="testResponsecode" time="0.034"/>
  <system-out/>
  <testcase classname="com.CA.qa.TestCases.APITesting" name="testResponsecode" time="0.040"/>
  <system-out/>
  <testcase classname="com.CA.qa.TestCases.APITesting" name="testResponsecode" time="0.135"/>
  <system-out/>
  <testcase classname="com.CA.qa.TestCases.APITesting" name="testResponsecode" time="0.055"/>
  <system-out/>
  <testcase classname="com.CA.qa.TestCases.APITesting" name="testResponsecode" time="0.032"/>
  <system-out/>
  <testcase classname="com.CA.qa.TestCases.APITesting" name="testResponsecode" time="0.034"/>
  <system-out/>
  <testcase classname="com.CA.qa.TestCases.APITesting" name="testResponsecode" time="0.032"/>
  <system-out/>
  <testcase classname="com.CA.qa.TestCases.APITesting" name="testResponsecode" time="0.033"/>
  <system-out/>
  <testcase classname="com.CA.qa.TestCases.APITesting" name="testResponsecode" time="0.033"/>
  <system-out/>
  <testcase classname="com.CA.qa.TestCases.APITesting" name="testResponsecode" time="0.037"/>
  <system-out/>
  <testcase classname="com.CA.qa.TestCases.APITesting" name="testResponsecode" time="0.038"/>
  <system-out/>
  <testcase classname="com.CA.qa.TestCases.APITesting" name="testResponsecode" time="0.147"/>
  <system-out/>
  <testcase classname="com.CA.qa.TestCases.APITesting" name="testResponsecode" time="0.037"/>
  <system-out/>
  <testcase classname="com.CA.qa.TestCases.APITesting" name="testResponsecode" time="0.081"/>
  <system-out/>
  <testcase classname="com.CA.qa.TestCases.APITesting" name="testResponsecode" time="0.034"/>
  <system-out/>
  <testcase classname="com.CA.qa.TestCases.APITesting" name="testResponsecode" time="0.042"/>
  <system-out/>
  <testcase classname="com.CA.qa.TestCases.APITesting" name="testResponsecode" time="0.033"/>
  <system-out/>
  <testcase classname="com.CA.qa.TestCases.APITesting" name="testResponsecode" time="0.035"/>
  <system-out/>
  <testcase classname="com.CA.qa.TestCases.APITesting" name="testResponsecode" time="0.040"/>
  <system-out/>
  <testcase classname="com.CA.qa.TestCases.APITesting" name="testResponsecode" time="0.050"/>
  <system-out/>
  <testcase classname="com.CA.qa.TestCases.APITesting" name="testResponsecode" time="0.050"/>
  <system-out/>
  <testcase classname="com.CA.qa.TestCases.APITesting" name="testResponsecode" time="0.033"/>
  <system-out/>
  <testcase classname="com.CA.qa.TestCases.APITesting" name="testResponsecode" time="0.046"/>
  <system-out/>
  <testcase classname="com.CA.qa.TestCases.APITesting" name="testResponsecode" time="0.051"/>
  <system-out/>
  <testcase classname="com.CA.qa.TestCases.APITesting" name="testResponsecode" time="0.059"/>
  <system-out/>
  <testcase classname="com.CA.qa.TestCases.APITesting" name="testResponsecode" time="0.033"/>
  <system-out/>
  <testcase classname="com.CA.qa.TestCases.APITesting" name="testResponsecode" time="0.042"/>
  <system-out/>
  <testcase classname="com.CA.qa.TestCases.APITesting" name="testResponsecode" time="0.034"/>
  <system-out/>
  <testcase classname="com.CA.qa.TestCases.APITesting" name="testResponsecode" time="0.034"/>
  <system-out/>
  <testcase classname="com.CA.qa.TestCases.APITesting" name="testResponsecode" time="0.031"/>
  <system-out/>
  <testcase classname="com.CA.qa.TestCases.APITesting" name="testResponsecode" time="0.034"/>
  <system-out/>
  <testcase classname="com.CA.qa.TestCases.APITesting" name="testResponsecode" time="0.034"/>
  <system-out/>
  <testcase classname="com.CA.qa.TestCases.APITesting" name="testResponsecode" time="0.033"/>
  <system-out/>
  <testcase classname="com.CA.qa.TestCases.APITesting" name="testResponsecode" time="0.033"/>
  <system-out/>
  <testcase classname="com.CA.qa.TestCases.APITesting" name="testResponsecode" time="0.031"/>
  <system-out/>
  <testcase classname="com.CA.qa.TestCases.APITesting" name="testResponsecode" time="0.042"/>
  <system-out/>
  <testcase classname="com.CA.qa.TestCases.APITesting" name="testResponsecode" time="0.034"/>
  <system-out/>
  <testcase classname="com.CA.qa.TestCases.APITesting" name="testResponsecode" time="0.037"/>
  <system-out/>
  <testcase classname="com.CA.qa.TestCases.APITesting" name="testResponsecode" time="0.048"/>
  <system-out/>
  <testcase classname="com.CA.qa.TestCases.APITesting" name="testResponsecode" time="0.035"/>
  <system-out/>
  <testcase classname="com.CA.qa.TestCases.APITesting" name="testResponsecode" time="0.034"/>
  <system-out/>
  <testcase classname="com.CA.qa.TestCases.APITesting" name="testResponsecode" time="0.044"/>
  <system-out/>
  <testcase classname="com.CA.qa.TestCases.APITesting" name="testResponsecode" time="0.033"/>
  <system-out/>
  <testcase classname="com.CA.qa.TestCases.APITesting" name="testResponsecode" time="0.034"/>
  <system-out/>
  <testcase classname="com.CA.qa.TestCases.APITesting" name="testResponsecode" time="0.037"/>
  <system-out/>
  <testcase classname="com.CA.qa.TestCases.APITesting" name="testResponsecode" time="0.042"/>
  <system-out/>
  <testcase classname="com.CA.qa.TestCases.APITesting" name="testResponsecode" time="0.031"/>
  <system-out/>
  <testcase classname="com.CA.qa.TestCases.APITesting" name="testResponsecode" time="0.033"/>
  <system-out/>
  <testcase classname="com.CA.qa.TestCases.APITesting" name="testResponsecode" time="0.042"/>
  <system-out/>
  <testcase classname="com.CA.qa.TestCases.APITesting" name="testResponsecode" time="0.035"/>
  <system-out/>
  <testcase classname="com.CA.qa.TestCases.APITesting" name="testResponsecode" time="0.036"/>
  <system-out/>
  <testcase classname="com.CA.qa.TestCases.APITesting" name="testResponsecode" time="0.047"/>
  <system-out/>
  <testcase classname="com.CA.qa.TestCases.APITesting" name="testResponsecode" time="0.053"/>
  <system-out/>
  <testcase classname="com.CA.qa.TestCases.APITesting" name="testResponsecode" time="0.047"/>
  <system-out/>
  <testcase classname="com.CA.qa.TestCases.APITesting" name="testResponsecode" time="0.036"/>
  <system-out/>
  <testcase classname="com.CA.qa.TestCases.APITesting" name="testResponsecode" time="0.038"/>
  <system-out/>
  <testcase classname="com.CA.qa.TestCases.APITesting" name="testResponsecode" time="0.058"/>
  <system-out/>
  <testcase classname="com.CA.qa.TestCases.APITesting" name="testResponsecode" time="0.034"/>
  <system-out/>
  <testcase classname="com.CA.qa.TestCases.APITesting" name="testResponsecode" time="0.034"/>
  <system-out/>
  <testcase classname="com.CA.qa.TestCases.APITesting" name="testResponsecode" time="0.093"/>
  <system-out/>
  <testcase classname="com.CA.qa.TestCases.APITesting" name="testResponsecode" time="0.037"/>
  <system-out/>
  <testcase classname="com.CA.qa.TestCases.APITesting" name="testResponsecode" time="0.038"/>
  <system-out/>
  <testcase classname="com.CA.qa.TestCases.APITesting" name="testResponsecode" time="0.033"/>
  <system-out/>
  <testcase classname="com.CA.qa.TestCases.APITesting" name="testResponsecode" time="0.033"/>
  <system-out/>
  <testcase classname="com.CA.qa.TestCases.APITesting" name="testResponsecode" time="0.033"/>
  <system-out/>
  <testcase classname="com.CA.qa.TestCases.APITesting" name="testResponsecode" time="0.034"/>
  <system-out/>
  <testcase classname="com.CA.qa.TestCases.APITesting" name="testResponsecode" time="0.035"/>
  <system-out/>
  <testcase classname="com.CA.qa.TestCases.APITesting" name="testResponsecode" time="0.033"/>
  <system-out/>
  <testcase classname="com.CA.qa.TestCases.APITesting" name="testResponsecode" time="0.033"/>
  <system-out/>
  <testcase classname="com.CA.qa.TestCases.APITesting" name="testResponsecode" time="0.033"/>
  <system-out/>
  <testcase classname="com.CA.qa.TestCases.APITesting" name="testResponsecode" time="0.159"/>
  <system-out/>
  <testcase classname="com.CA.qa.TestCases.APITesting" name="testResponsecode" time="0.033"/>
  <system-out/>
  <testcase classname="com.CA.qa.TestCases.APITesting" name="testResponsecode" time="0.033"/>
  <system-out/>
  <testcase classname="com.CA.qa.TestCases.APITesting" name="testResponsecode" time="0.034"/>
  <system-out/>
  <testcase classname="com.CA.qa.TestCases.APITesting" name="testResponsecode" time="0.033"/>
  <system-out/>
  <testcase classname="com.CA.qa.TestCases.APITesting" name="testResponsecode" time="0.035"/>
  <system-out/>
  <testcase classname="com.CA.qa.TestCases.APITesting" name="testResponsecode" time="0.059"/>
  <system-out/>
  <testcase classname="com.CA.qa.TestCases.APITesting" name="testResponsecode" time="0.035"/>
  <system-out/>
  <testcase classname="com.CA.qa.TestCases.APITesting" name="testResponsecode" time="0.038"/>
  <system-out/>
  <testcase classname="com.CA.qa.TestCases.APITesting" name="testResponsecode" time="0.109"/>
  <system-out/>
  <testcase classname="com.CA.qa.TestCases.APITesting" name="testResponsecode" time="0.038"/>
  <system-out/>
  <testcase classname="com.CA.qa.TestCases.APITesting" name="testResponsecode" time="0.039"/>
  <system-out/>
  <testcase classname="com.CA.qa.TestCases.APITesting" name="testResponsecode" time="0.034"/>
  <system-out/>
  <testcase classname="com.CA.qa.TestCases.APITesting" name="testResponsecode" time="0.033"/>
  <system-out/>
  <testcase classname="com.CA.qa.TestCases.APITesting" name="testResponsecode" time="0.987"/>
  <system-out/>
  <testcase classname="com.CA.qa.TestCases.APITesting" name="testResponsecode" time="0.035"/>
  <system-out/>
  <testcase classname="com.CA.qa.TestCases.APITesting" name="testResponsecode" time="0.036"/>
  <system-out/>
  <testcase classname="com.CA.qa.TestCases.APITesting" name="testResponsecode" time="0.039"/>
  <system-out/>
  <testcase classname="com.CA.qa.TestCases.APITesting" name="testResponsecode" time="0.033"/>
  <system-out/>
  <testcase classname="com.CA.qa.TestCases.APITesting" name="testResponsecode" time="0.033"/>
  <system-out/>
  <testcase classname="com.CA.qa.TestCases.APITesting" name="testResponsecode" time="0.035"/>
  <system-out/>
  <testcase classname="com.CA.qa.TestCases.APITesting" name="testResponsecode" time="0.035"/>
  <system-out/>
  <testcase classname="com.CA.qa.TestCases.APITesting" name="testResponsecode" time="0.045"/>
  <system-out/>
  <testcase classname="com.CA.qa.TestCases.APITesting" name="testResponsecode" time="0.089"/>
  <system-out/>
  <testcase classname="com.CA.qa.TestCases.APITesting" name="testResponsecode" time="0.037"/>
  <system-out/>
  <testcase classname="com.CA.qa.TestCases.APITesting" name="testResponsecode" time="0.038"/>
  <system-out/>
  <testcase classname="com.CA.qa.TestCases.APITesting" name="testResponsecode" time="0.036"/>
  <system-out/>
  <testcase classname="com.CA.qa.TestCases.APITesting" name="testResponsecode" time="0.139"/>
  <system-out/>
  <testcase classname="com.CA.qa.TestCases.APITesting" name="testResponsecode" time="0.035"/>
  <system-out/>
  <testcase classname="com.CA.qa.TestCases.APITesting" name="testResponsecode" time="0.034"/>
  <system-out/>
  <testcase classname="com.CA.qa.TestCases.APITesting" name="testResponsecode" time="0.039"/>
  <system-out/>
  <testcase classname="com.CA.qa.TestCases.APITesting" name="testResponsecode" time="0.033"/>
  <system-out/>
  <testcase classname="com.CA.qa.TestCases.APITesting" name="testResponsecode" time="0.049"/>
  <system-out/>
  <testcase classname="com.CA.qa.TestCases.APITesting" name="testResponsecode" time="0.037"/>
  <system-out/>
  <testcase classname="com.CA.qa.TestCases.APITesting" name="testResponsecode" time="0.033"/>
  <system-out/>
  <testcase classname="com.CA.qa.TestCases.APITesting" name="testResponsecode" time="0.032"/>
  <system-out/>
  <testcase classname="com.CA.qa.TestCases.APITesting" name="testResponsecode" time="0.035"/>
  <system-out/>
  <testcase classname="com.CA.qa.TestCases.APITesting" name="testResponsecode" time="0.039"/>
  <system-out/>
  <testcase classname="com.CA.qa.TestCases.APITesting" name="testResponsecode" time="0.037"/>
  <system-out/>
  <testcase classname="com.CA.qa.TestCases.APITesting" name="testResponsecode" time="0.033"/>
  <system-out/>
  <testcase classname="com.CA.qa.TestCases.APITesting" name="testResponsecode" time="0.032"/>
  <system-out/>
  <testcase classname="com.CA.qa.TestCases.APITesting" name="testResponsecode" time="0.032"/>
  <system-out/>
  <testcase classname="com.CA.qa.TestCases.APITesting" name="testResponsecode" time="0.033"/>
  <system-out/>
  <testcase classname="com.CA.qa.TestCases.APITesting" name="testResponsecode" time="0.033"/>
  <system-out/>
  <testcase classname="com.CA.qa.TestCases.APITesting" name="testResponsecode" time="0.123"/>
  <system-out/>
  <testcase classname="com.CA.qa.TestCases.APITesting" name="testResponsecode" time="0.036"/>
  <system-out/>
  <testcase classname="com.CA.qa.TestCases.APITesting" name="testResponsecode" time="0.033"/>
  <system-out/>
  <testcase classname="com.CA.qa.TestCases.APITesting" name="testResponsecode" time="0.033"/>
  <system-out/>
  <testcase classname="com.CA.qa.TestCases.APITesting" name="testResponsecode" time="0.135"/>
  <system-out/>
  <testcase classname="com.CA.qa.TestCases.APITesting" name="testResponsecode" time="0.033"/>
  <system-out/>
  <testcase classname="com.CA.qa.TestCases.APITesting" name="testResponsecode" time="0.044"/>
  <system-out/>
  <testcase classname="com.CA.qa.TestCases.APITesting" name="testResponsecode" time="0.034"/>
  <system-out/>
  <testcase classname="com.CA.qa.TestCases.APITesting" name="testResponsecode" time="0.035"/>
  <system-out/>
  <testcase classname="com.CA.qa.TestCases.APITesting" name="testResponsecode" time="0.043"/>
  <system-out/>
  <testcase classname="com.CA.qa.TestCases.APITesting" name="testResponsecode" time="0.036"/>
  <system-out/>
  <testcase classname="com.CA.qa.TestCases.APITesting" name="testResponsecode" time="0.032"/>
  <system-out/>
  <testcase classname="com.CA.qa.TestCases.APITesting" name="testResponsecode" time="0.782"/>
  <system-out/>
  <testcase classname="com.CA.qa.TestCases.APITesting" name="testResponsecode" time="0.048"/>
  <system-out/>
  <testcase classname="com.CA.qa.TestCases.APITesting" name="testResponsecode" time="2.532"/>
  <system-out/>
  <testcase classname="com.CA.qa.TestCases.APITesting" name="testResponsecode" time="0.043"/>
  <system-out/>
  <testcase classname="com.CA.qa.TestCases.APITesting" name="testResponsecode" time="0.032"/>
  <system-out/>
  <testcase classname="com.CA.qa.TestCases.APITesting" name="testResponsecode" time="0.314"/>
  <system-out/>
  <testcase classname="com.CA.qa.TestCases.APITesting" name="testResponsecode" time="0.795"/>
  <system-out/>
  <testcase classname="com.CA.qa.TestCases.APITesting" name="testResponsecode" time="0.037"/>
  <system-out/>
  <testcase classname="com.CA.qa.TestCases.APITesting" name="testResponsecode" time="0.044"/>
  <system-out/>
  <testcase classname="com.CA.qa.TestCases.APITesting" name="testResponsecode" time="0.035"/>
  <system-out/>
  <testcase classname="com.CA.qa.TestCases.APITesting" name="testResponsecode" time="0.035"/>
  <system-out/>
  <testcase classname="com.CA.qa.TestCases.APITesting" name="testResponsecode" time="0.036"/>
  <system-out/>
  <testcase classname="com.CA.qa.TestCases.APITesting" name="testResponsecode" time="0.034"/>
  <system-out/>
  <testcase classname="com.CA.qa.TestCases.APITesting" name="testResponsecode" time="0.037"/>
  <system-out/>
  <testcase classname="com.CA.qa.TestCases.APITesting" name="testResponsecode" time="0.033"/>
  <system-out/>
  <testcase classname="com.CA.qa.TestCases.APITesting" name="testResponsecode" time="0.139"/>
  <system-out/>
  <testcase classname="com.CA.qa.TestCases.APITesting" name="testResponsecode" time="0.159"/>
  <system-out/>
  <testcase classname="com.CA.qa.TestCases.APITesting" name="testResponsecode" time="0.041"/>
  <system-out/>
  <testcase classname="com.CA.qa.TestCases.APITesting" name="testResponsecode" time="1.233"/>
  <system-out/>
  <testcase classname="com.CA.qa.TestCases.APITesting" name="testResponsecode" time="0.037"/>
  <system-out/>
  <testcase classname="com.CA.qa.TestCases.APITesting" name="testResponsecode" time="0.049"/>
  <system-out/>
  <testcase classname="com.CA.qa.TestCases.APITesting" name="testResponsecode" time="0.195"/>
  <system-out/>
  <testcase classname="com.CA.qa.TestCases.APITesting" name="testResponsecode" time="0.034"/>
  <system-out/>
  <testcase classname="com.CA.qa.TestCases.APITesting" name="testResponsecode" time="0.033"/>
  <system-out/>
  <testcase classname="com.CA.qa.TestCases.APITesting" name="testResponsecode" time="0.194"/>
  <system-out/>
  <testcase classname="com.CA.qa.TestCases.APITesting" name="testResponsecode" time="0.034"/>
  <system-out/>
  <testcase classname="com.CA.qa.TestCases.APITesting" name="testResponsecode" time="0.292"/>
  <system-out/>
  <testcase classname="com.CA.qa.TestCases.APITesting" name="testResponsecode" time="0.038"/>
  <system-out/>
  <testcase classname="com.CA.qa.TestCases.APITesting" name="testResponsecode" time="0.038"/>
  <system-out/>
  <testcase classname="com.CA.qa.TestCases.APITesting" name="testResponsecode" time="0.113"/>
  <system-out/>
  <testcase classname="com.CA.qa.TestCases.APITesting" name="testResponsecode" time="0.032"/>
  <system-out/>
  <testcase classname="com.CA.qa.TestCases.APITesting" name="testResponsecode" time="0.033"/>
  <system-out/>
  <testcase classname="com.CA.qa.TestCases.APITesting" name="testResponsecode" time="0.036"/>
  <system-out/>
  <testcase classname="com.CA.qa.TestCases.APITesting" name="testResponsecode" time="0.038"/>
  <system-out/>
  <testcase classname="com.CA.qa.TestCases.APITesting" name="testResponsecode" time="0.036"/>
  <system-out/>
  <testcase classname="com.CA.qa.TestCases.APITesting" name="testResponsecode" time="0.041"/>
  <system-out/>
  <testcase classname="com.CA.qa.TestCases.APITesting" name="testResponsecode" time="0.033"/>
  <system-out/>
  <testcase classname="com.CA.qa.TestCases.APITesting" name="testResponsecode" time="0.034"/>
  <system-out/>
  <testcase classname="com.CA.qa.TestCases.APITesting" name="testResponsecode" time="0.184"/>
  <system-out/>
  <testcase classname="com.CA.qa.TestCases.APITesting" name="testResponsecode" time="0.036"/>
  <system-out/>
  <testcase classname="com.CA.qa.TestCases.APITesting" name="testResponsecode" time="0.034"/>
  <system-out/>
  <testcase classname="com.CA.qa.TestCases.APITesting" name="testResponsecode" time="0.040"/>
  <system-out/>
  <testcase classname="com.CA.qa.TestCases.APITesting" name="testResponsecode" time="0.039"/>
  <system-out/>
  <testcase classname="com.CA.qa.TestCases.APITesting" name="testResponsecode" time="0.039"/>
  <system-out/>
  <testcase classname="com.CA.qa.TestCases.APITesting" name="testResponsecode" time="0.040"/>
  <system-out/>
  <testcase classname="com.CA.qa.TestCases.APITesting" name="testResponsecode" time="0.032"/>
  <system-out/>
  <testcase classname="com.CA.qa.TestCases.APITesting" name="testResponsecode" time="0.155"/>
  <system-out/>
  <testcase classname="com.CA.qa.TestCases.APITesting" name="testResponsecode" time="0.034"/>
  <system-out/>
  <testcase classname="com.CA.qa.TestCases.APITesting" name="testResponsecode" time="0.035"/>
  <system-out/>
  <testcase classname="com.CA.qa.TestCases.APITesting" name="testResponsecode" time="0.045"/>
  <system-out/>
  <testcase classname="com.CA.qa.TestCases.APITesting" name="testResponsecode" time="0.035"/>
  <system-out/>
  <testcase classname="com.CA.qa.TestCases.APITesting" name="testResponsecode" time="0.041"/>
  <system-out/>
  <testcase classname="com.CA.qa.TestCases.APITesting" name="testResponsecode" time="0.060"/>
  <system-out/>
  <testcase classname="com.CA.qa.TestCases.APITesting" name="testResponsecode" time="0.041"/>
  <system-out/>
  <testcase classname="com.CA.qa.TestCases.APITesting" name="testResponsecode" time="0.034"/>
  <system-out/>
  <testcase classname="com.CA.qa.TestCases.APITesting" name="testResponsecode" time="0.035"/>
  <system-out/>
  <testcase classname="com.CA.qa.TestCases.APITesting" name="testResponsecode" time="0.051"/>
  <system-out/>
  <testcase classname="com.CA.qa.TestCases.APITesting" name="testResponsecode" time="0.038"/>
  <system-out/>
  <testcase classname="com.CA.qa.TestCases.APITesting" name="testResponsecode" time="0.039"/>
  <system-out/>
  <testcase classname="com.CA.qa.TestCases.APITesting" name="testResponsecode" time="0.045"/>
  <system-out/>
  <testcase classname="com.CA.qa.TestCases.APITesting" name="testResponsecode" time="0.035"/>
  <system-out/>
  <testcase classname="com.CA.qa.TestCases.APITesting" name="testResponsecode" time="0.040"/>
  <system-out/>
  <testcase classname="com.CA.qa.TestCases.APITesting" name="testResponsecode" time="0.035"/>
  <system-out/>
  <testcase classname="com.CA.qa.TestCases.APITesting" name="testResponsecode" time="0.036"/>
  <system-out/>
  <testcase classname="com.CA.qa.TestCases.APITesting" name="testResponsecode" time="0.035"/>
  <system-out/>
  <testcase classname="com.CA.qa.TestCases.APITesting" name="testResponsecode" time="0.032"/>
  <system-out/>
  <testcase classname="com.CA.qa.TestCases.APITesting" name="testResponsecode" time="0.037"/>
  <system-out/>
  <testcase classname="com.CA.qa.TestCases.APITesting" name="testResponsecode" time="0.046"/>
  <system-out/>
  <testcase classname="com.CA.qa.TestCases.APITesting" name="testResponsecode" time="0.034"/>
  <system-out/>
  <testcase classname="com.CA.qa.TestCases.APITesting" name="testResponsecode" time="0.038"/>
  <system-out/>
  <testcase classname="com.CA.qa.TestCases.APITesting" name="testResponsecode" time="0.389"/>
  <system-out/>
  <testcase classname="com.CA.qa.TestCases.APITesting" name="testResponsecode" time="0.044"/>
  <system-out/>
  <testcase classname="com.CA.qa.TestCases.APITesting" name="testResponsecode" time="0.033"/>
  <system-out/>
  <testcase classname="com.CA.qa.TestCases.APITesting" name="testResponsecode" time="0.032"/>
  <system-out/>
  <testcase classname="com.CA.qa.TestCases.APITesting" name="testResponsecode" time="0.034"/>
  <system-out/>
  <testcase classname="com.CA.qa.TestCases.APITesting" name="testResponsecode" time="0.043"/>
  <system-out/>
  <testcase classname="com.CA.qa.TestCases.APITesting" name="testResponsecode" time="0.036"/>
  <system-out/>
  <testcase classname="com.CA.qa.TestCases.APITesting" name="testResponsecode" time="0.038"/>
  <system-out/>
  <testcase classname="com.CA.qa.TestCases.APITesting" name="testResponsecode" time="0.037"/>
  <system-out/>
  <testcase classname="com.CA.qa.TestCases.APITesting" name="testResponsecode" time="0.034"/>
  <system-out/>
  <testcase classname="com.CA.qa.TestCases.APITesting" name="testResponsecode" time="0.032"/>
  <system-out/>
  <testcase classname="com.CA.qa.TestCases.APITesting" name="testResponsecode" time="0.036"/>
  <system-out/>
  <testcase classname="com.CA.qa.TestCases.APITesting" name="testResponsecode" time="0.033"/>
  <system-out/>
  <testcase classname="com.CA.qa.TestCases.APITesting" name="testResponsecode" time="0.033"/>
  <system-out/>
  <testcase classname="com.CA.qa.TestCases.APITesting" name="testResponsecode" time="0.033"/>
  <system-out/>
  <testcase classname="com.CA.qa.TestCases.APITesting" name="testResponsecode" time="0.035"/>
  <system-out/>
  <testcase classname="com.CA.qa.TestCases.APITesting" name="testResponsecode" time="0.034"/>
  <system-out/>
  <testcase classname="com.CA.qa.TestCases.APITesting" name="testResponsecode" time="0.035"/>
  <system-out/>
  <testcase classname="com.CA.qa.TestCases.APITesting" name="testResponsecode" time="0.037"/>
  <system-out/>
  <testcase classname="com.CA.qa.TestCases.APITesting" name="testResponsecode" time="0.042"/>
  <system-out/>
  <testcase classname="com.CA.qa.TestCases.APITesting" name="testResponsecode" time="0.036"/>
  <system-out/>
  <testcase classname="com.CA.qa.TestCases.APITesting" name="testResponsecode" time="0.036"/>
  <system-out/>
  <testcase classname="com.CA.qa.TestCases.APITesting" name="testResponsecode" time="0.035"/>
  <system-out/>
  <testcase classname="com.CA.qa.TestCases.APITesting" name="testResponsecode" time="0.035"/>
  <system-out/>
  <testcase classname="com.CA.qa.TestCases.APITesting" name="testResponsecode" time="0.036"/>
  <system-out/>
  <testcase classname="com.CA.qa.TestCases.APITesting" name="testResponsecode" time="0.035"/>
  <system-out/>
  <testcase classname="com.CA.qa.TestCases.APITesting" name="testResponsecode" time="0.056"/>
  <system-out/>
  <testcase classname="com.CA.qa.TestCases.APITesting" name="testResponsecode" time="0.040"/>
  <system-out/>
  <testcase classname="com.CA.qa.TestCases.APITesting" name="testResponsecode" time="0.033"/>
  <system-out/>
  <testcase classname="com.CA.qa.TestCases.APITesting" name="testResponsecode" time="0.036"/>
  <system-out/>
  <testcase classname="com.CA.qa.TestCases.APITesting" name="testResponsecode" time="0.032"/>
  <system-out/>
  <testcase classname="com.CA.qa.TestCases.APITesting" name="testResponsecode" time="0.035"/>
  <system-out/>
  <testcase classname="com.CA.qa.TestCases.APITesting" name="testResponsecode" time="0.034"/>
  <system-out/>
  <testcase classname="com.CA.qa.TestCases.APITesting" name="testResponsecode" time="0.036"/>
  <system-out/>
  <testcase classname="com.CA.qa.TestCases.APITesting" name="testResponsecode" time="0.036"/>
  <system-out/>
  <testcase classname="com.CA.qa.TestCases.APITesting" name="testResponsecode" time="0.038"/>
  <system-out/>
  <testcase classname="com.CA.qa.TestCases.APITesting" name="testResponsecode" time="0.042"/>
  <system-out/>
  <testcase classname="com.CA.qa.TestCases.APITesting" name="testResponsecode" time="0.032"/>
  <system-out/>
  <testcase classname="com.CA.qa.TestCases.APITesting" name="testResponsecode" time="0.038"/>
  <system-out/>
  <testcase classname="com.CA.qa.TestCases.APITesting" name="testResponsecode" time="0.034"/>
  <system-out/>
  <testcase classname="com.CA.qa.TestCases.APITesting" name="testResponsecode" time="0.041"/>
  <system-out/>
  <testcase classname="com.CA.qa.TestCases.APITesting" name="testResponsecode" time="0.035"/>
  <system-out/>
  <testcase classname="com.CA.qa.TestCases.APITesting" name="testResponsecode" time="0.033"/>
  <system-out/>
  <testcase classname="com.CA.qa.TestCases.APITesting" name="testResponsecode" time="0.033"/>
  <system-out/>
  <testcase classname="com.CA.qa.TestCases.APITesting" name="testResponsecode" time="0.036"/>
  <system-out/>
  <testcase classname="com.CA.qa.TestCases.APITesting" name="testResponsecode" time="0.034"/>
  <system-out/>
  <testcase classname="com.CA.qa.TestCases.APITesting" name="testResponsecode" time="0.042"/>
  <system-out/>
  <testcase classname="com.CA.qa.TestCases.APITesting" name="testResponsecode" time="0.042"/>
  <system-out/>
  <testcase classname="com.CA.qa.TestCases.APITesting" name="testResponsecode" time="0.044"/>
  <system-out/>
  <testcase classname="com.CA.qa.TestCases.APITesting" name="testResponsecode" time="0.035"/>
  <system-out/>
  <testcase classname="com.CA.qa.TestCases.APITesting" name="testResponsecode" time="0.062"/>
  <system-out/>
  <testcase classname="com.CA.qa.TestCases.APITesting" name="testResponsecode" time="0.034"/>
  <system-out/>
  <testcase classname="com.CA.qa.TestCases.APITesting" name="testResponsecode" time="0.037"/>
  <system-out/>
  <testcase classname="com.CA.qa.TestCases.APITesting" name="testResponsecode" time="0.040"/>
  <system-out/>
  <testcase classname="com.CA.qa.TestCases.APITesting" name="testResponsecode" time="0.035"/>
  <system-out/>
  <testcase classname="com.CA.qa.TestCases.APITesting" name="testResponsecode" time="0.040"/>
  <system-out/>
  <testcase classname="com.CA.qa.TestCases.APITesting" name="testResponsecode" time="0.050"/>
  <system-out/>
  <testcase classname="com.CA.qa.TestCases.APITesting" name="testResponsecode" time="0.182"/>
  <system-out/>
  <testcase classname="com.CA.qa.TestCases.APITesting" name="testResponsecode" time="0.034"/>
  <system-out/>
  <testcase classname="com.CA.qa.TestCases.APITesting" name="testResponsecode" time="0.038"/>
  <system-out/>
  <testcase classname="com.CA.qa.TestCases.APITesting" name="testResponsecode" time="0.044"/>
  <system-out/>
  <testcase classname="com.CA.qa.TestCases.APITesting" name="testResponsecode" time="0.036"/>
  <system-out/>
  <testcase classname="com.CA.qa.TestCases.APITesting" name="testResponsecode" time="0.047"/>
  <system-out/>
  <testcase classname="com.CA.qa.TestCases.APITesting" name="testResponsecode" time="0.034"/>
  <system-out/>
  <testcase classname="com.CA.qa.TestCases.APITesting" name="testResponsecode" time="0.034"/>
  <system-out/>
  <testcase classname="com.CA.qa.TestCases.APITesting" name="testResponsecode" time="0.032"/>
  <system-out/>
  <testcase classname="com.CA.qa.TestCases.APITesting" name="testResponsecode" time="0.032"/>
  <system-out/>
  <testcase classname="com.CA.qa.TestCases.APITesting" name="testResponsecode" time="0.039"/>
  <system-out/>
  <testcase classname="com.CA.qa.TestCases.APITesting" name="testResponsecode" time="0.215"/>
  <system-out/>
  <testcase classname="com.CA.qa.TestCases.APITesting" name="testResponsecode" time="0.038"/>
  <system-out/>
  <testcase classname="com.CA.qa.TestCases.APITesting" name="testResponsecode" time="0.033"/>
  <system-out/>
  <testcase classname="com.CA.qa.TestCases.APITesting" name="testResponsecode" time="0.034"/>
  <system-out/>
  <testcase classname="com.CA.qa.TestCases.APITesting" name="testResponsecode" time="0.034"/>
  <system-out/>
  <testcase classname="com.CA.qa.TestCases.APITesting" name="testResponsecode" time="0.036"/>
  <system-out/>
  <testcase classname="com.CA.qa.TestCases.APITesting" name="testResponsecode" time="0.034"/>
  <system-out/>
  <testcase classname="com.CA.qa.TestCases.APITesting" name="testResponsecode" time="0.032"/>
  <system-out/>
  <testcase classname="com.CA.qa.TestCases.APITesting" name="testResponsecode" time="0.043"/>
  <system-out/>
  <testcase classname="com.CA.qa.TestCases.APITesting" name="testResponsecode" time="0.036"/>
  <system-out/>
  <testcase classname="com.CA.qa.TestCases.APITesting" name="testResponsecode" time="0.035"/>
  <system-out/>
  <testcase classname="com.CA.qa.TestCases.APITesting" name="testResponsecode" time="0.046"/>
  <system-out/>
  <testcase classname="com.CA.qa.TestCases.APITesting" name="testResponsecode" time="0.034"/>
  <system-out/>
  <testcase classname="com.CA.qa.TestCases.APITesting" name="testResponsecode" time="0.036"/>
  <system-out/>
  <testcase classname="com.CA.qa.TestCases.APITesting" name="testResponsecode" time="0.033"/>
  <system-out/>
  <testcase classname="com.CA.qa.TestCases.APITesting" name="testResponsecode" time="0.038"/>
  <system-out/>
  <testcase classname="com.CA.qa.TestCases.APITesting" name="testResponsecode" time="0.039"/>
  <system-out/>
  <testcase classname="com.CA.qa.TestCases.APITesting" name="testResponsecode" time="0.050"/>
  <system-out/>
  <testcase classname="com.CA.qa.TestCases.APITesting" name="testResponsecode" time="0.038"/>
  <system-out/>
  <testcase classname="com.CA.qa.TestCases.APITesting" name="testResponsecode" time="0.034"/>
  <system-out/>
  <testcase classname="com.CA.qa.TestCases.APITesting" name="testResponsecode" time="0.142"/>
  <system-out/>
  <testcase classname="com.CA.qa.TestCases.APITesting" name="testResponsecode" time="0.037"/>
  <system-out/>
  <testcase classname="com.CA.qa.TestCases.APITesting" name="testResponsecode" time="0.032"/>
  <system-out/>
  <testcase classname="com.CA.qa.TestCases.APITesting" name="testResponsecode" time="0.034"/>
  <system-out/>
  <testcase classname="com.CA.qa.TestCases.APITesting" name="testResponsecode" time="0.040"/>
  <system-out/>
  <testcase classname="com.CA.qa.TestCases.APITesting" name="testResponsecode" time="0.039"/>
  <system-out/>
  <testcase classname="com.CA.qa.TestCases.APITesting" name="testResponsecode" time="0.042"/>
  <system-out/>
  <testcase classname="com.CA.qa.TestCases.APITesting" name="testResponsecode" time="0.040"/>
  <system-out/>
  <testcase classname="com.CA.qa.TestCases.APITesting" name="testResponsecode" time="0.063"/>
  <system-out/>
  <testcase classname="com.CA.qa.TestCases.APITesting" name="testResponsecode" time="0.035"/>
  <system-out/>
  <testcase classname="com.CA.qa.TestCases.APITesting" name="testResponsecode" time="0.114"/>
  <system-out/>
  <testcase classname="com.CA.qa.TestCases.APITesting" name="testResponsecode" time="0.034"/>
  <system-out/>
  <testcase classname="com.CA.qa.TestCases.APITesting" name="testResponsecode" time="0.033"/>
  <system-out/>
  <testcase classname="com.CA.qa.TestCases.APITesting" name="testResponsecode" time="0.035"/>
  <system-out/>
  <testcase classname="com.CA.qa.TestCases.APITesting" name="testResponsecode" time="0.034"/>
  <system-out/>
  <testcase classname="com.CA.qa.TestCases.APITesting" name="testResponsecode" time="0.039"/>
  <system-out/>
  <testcase classname="com.CA.qa.TestCases.APITesting" name="testResponsecode" time="0.049"/>
  <system-out/>
  <testcase classname="com.CA.qa.TestCases.APITesting" name="testResponsecode" time="0.033"/>
  <system-out/>
  <testcase classname="com.CA.qa.TestCases.APITesting" name="testResponsecode" time="0.034"/>
  <system-out/>
  <testcase classname="com.CA.qa.TestCases.APITesting" name="testResponsecode" time="0.133"/>
  <system-out/>
  <testcase classname="com.CA.qa.TestCases.APITesting" name="testResponsecode" time="0.032"/>
  <system-out/>
  <testcase classname="com.CA.qa.TestCases.APITesting" name="testResponsecode" time="0.033"/>
  <system-out/>
  <testcase classname="com.CA.qa.TestCases.APITesting" name="testResponsecode" time="0.033"/>
  <system-out/>
  <testcase classname="com.CA.qa.TestCases.APITesting" name="testResponsecode" time="0.040"/>
  <system-out/>
  <testcase classname="com.CA.qa.TestCases.APITesting" name="testResponsecode" time="0.147"/>
  <system-out/>
  <testcase classname="com.CA.qa.TestCases.APITesting" name="testResponsecode" time="0.034"/>
  <system-out/>
  <testcase classname="com.CA.qa.TestCases.APITesting" name="testResponsecode" time="0.035"/>
  <system-out/>
  <testcase classname="com.CA.qa.TestCases.APITesting" name="testResponsecode" time="0.039"/>
  <system-out/>
  <testcase classname="com.CA.qa.TestCases.APITesting" name="testResponsecode" time="0.049"/>
  <system-out/>
  <testcase classname="com.CA.qa.TestCases.APITesting" name="testResponsecode" time="0.051"/>
  <system-out/>
  <testcase classname="com.CA.qa.TestCases.APITesting" name="testResponsecode" time="0.036"/>
  <system-out/>
  <testcase classname="com.CA.qa.TestCases.APITesting" name="testResponsecode" time="0.047"/>
  <system-out/>
  <testcase classname="com.CA.qa.TestCases.APITesting" name="testResponsecode" time="0.044"/>
  <system-out/>
  <testcase classname="com.CA.qa.TestCases.APITesting" name="testResponsecode" time="0.035"/>
  <system-out/>
  <testcase classname="com.CA.qa.TestCases.APITesting" name="testResponsecode" time="0.033"/>
  <system-out/>
  <testcase classname="com.CA.qa.TestCases.APITesting" name="testResponsecode" time="0.139"/>
  <system-out/>
  <testcase classname="com.CA.qa.TestCases.APITesting" name="testResponsecode" time="0.035"/>
  <system-out/>
  <testcase classname="com.CA.qa.TestCases.APITesting" name="testResponsecode" time="0.033"/>
  <system-out/>
  <testcase classname="com.CA.qa.TestCases.APITesting" name="testResponsecode" time="0.036"/>
  <system-out/>
  <testcase classname="com.CA.qa.TestCases.APITesting" name="testResponsecode" time="0.044"/>
  <system-out/>
  <testcase classname="com.CA.qa.TestCases.APITesting" name="testResponsecode" time="0.034"/>
  <system-out/>
  <testcase classname="com.CA.qa.TestCases.APITesting" name="testResponsecode" time="0.038"/>
  <system-out/>
  <testcase classname="com.CA.qa.TestCases.APITesting" name="testResponsecode" time="0.034"/>
  <system-out/>
  <testcase classname="com.CA.qa.TestCases.APITesting" name="testResponsecode" time="0.033"/>
  <system-out/>
  <testcase classname="com.CA.qa.TestCases.APITesting" name="testResponsecode" time="0.034"/>
  <system-out/>
  <testcase classname="com.CA.qa.TestCases.APITesting" name="testResponsecode" time="0.041"/>
  <system-out/>
  <testcase classname="com.CA.qa.TestCases.APITesting" name="testResponsecode" time="0.037"/>
  <system-out/>
  <testcase classname="com.CA.qa.TestCases.APITesting" name="testResponsecode" time="0.032"/>
  <system-out/>
  <testcase classname="com.CA.qa.TestCases.APITesting" name="testResponsecode" time="0.035"/>
  <system-out/>
  <testcase classname="com.CA.qa.TestCases.APITesting" name="testResponsecode" time="0.035"/>
  <system-out/>
  <testcase classname="com.CA.qa.TestCases.APITesting" name="testResponsecode" time="0.036"/>
  <system-out/>
  <testcase classname="com.CA.qa.TestCases.APITesting" name="testResponsecode" time="0.034"/>
  <system-out/>
  <testcase classname="com.CA.qa.TestCases.APITesting" name="testResponsecode" time="0.040"/>
  <system-out/>
  <testcase classname="com.CA.qa.TestCases.APITesting" name="testResponsecode" time="0.040"/>
  <system-out/>
  <testcase classname="com.CA.qa.TestCases.APITesting" name="testResponsecode" time="1.004"/>
  <system-out/>
  <testcase classname="com.CA.qa.TestCases.APITesting" name="testResponsecode" time="0.034"/>
  <system-out/>
  <testcase classname="com.CA.qa.TestCases.APITesting" name="testResponsecode" time="0.041"/>
  <system-out/>
  <testcase classname="com.CA.qa.TestCases.APITesting" name="testResponsecode" time="0.048"/>
  <system-out/>
  <testcase classname="com.CA.qa.TestCases.APITesting" name="testResponsecode" time="0.036"/>
  <system-out/>
  <testcase classname="com.CA.qa.TestCases.APITesting" name="testResponsecode" time="0.034"/>
  <system-out/>
  <testcase classname="com.CA.qa.TestCases.APITesting" name="testResponsecode" time="0.136"/>
  <system-out/>
  <testcase classname="com.CA.qa.TestCases.APITesting" name="testResponsecode" time="0.035"/>
  <system-out/>
  <testcase classname="com.CA.qa.TestCases.APITesting" name="testResponsecode" time="0.036"/>
  <system-out/>
  <testcase classname="com.CA.qa.TestCases.APITesting" name="testResponsecode" time="0.374"/>
  <system-out/>
  <testcase classname="com.CA.qa.TestCases.APITesting" name="testResponsecode" time="0.124"/>
  <system-out/>
  <testcase classname="com.CA.qa.TestCases.APITesting" name="testResponsecode" time="0.034"/>
  <system-out/>
  <testcase classname="com.CA.qa.TestCases.APITesting" name="testResponsecode" time="0.034"/>
  <system-out/>
  <testcase classname="com.CA.qa.TestCases.APITesting" name="testResponsecode" time="0.034"/>
  <system-out/>
  <testcase classname="com.CA.qa.TestCases.APITesting" name="testResponsecode" time="0.032"/>
  <system-out/>
  <testcase classname="com.CA.qa.TestCases.APITesting" name="testResponsecode" time="0.035"/>
  <system-out/>
  <testcase classname="com.CA.qa.TestCases.APITesting" name="testResponsecode" time="0.124"/>
  <system-out/>
  <testcase classname="com.CA.qa.TestCases.APITesting" name="testResponsecode" time="0.035"/>
  <system-out/>
  <testcase classname="com.CA.qa.TestCases.APITesting" name="testResponsecode" time="0.033"/>
  <system-out/>
  <testcase classname="com.CA.qa.TestCases.APITesting" name="testResponsecode" time="0.033"/>
  <system-out/>
  <testcase classname="com.CA.qa.TestCases.APITesting" name="testResponsecode" time="0.034"/>
  <system-out/>
  <testcase classname="com.CA.qa.TestCases.APITesting" name="testResponsecode" time="0.124"/>
  <system-out/>
  <testcase classname="com.CA.qa.TestCases.APITesting" name="testResponsecode" time="0.032"/>
  <system-out/>
  <testcase classname="com.CA.qa.TestCases.APITesting" name="testResponsecode" time="0.067"/>
  <system-out/>
  <testcase classname="com.CA.qa.TestCases.APITesting" name="testResponsecode" time="0.038"/>
  <system-out/>
  <testcase classname="com.CA.qa.TestCases.APITesting" name="testResponsecode" time="0.033"/>
  <system-out/>
  <testcase classname="com.CA.qa.TestCases.APITesting" name="testResponsecode" time="0.032"/>
  <system-out/>
  <testcase classname="com.CA.qa.TestCases.APITesting" name="testResponsecode" time="0.045"/>
  <system-out/>
  <testcase classname="com.CA.qa.TestCases.APITesting" name="testResponsecode" time="0.034"/>
  <system-out/>
  <testcase classname="com.CA.qa.TestCases.APITesting" name="testResponsecode" time="0.033"/>
  <system-out/>
  <testcase classname="com.CA.qa.TestCases.APITesting" name="testResponsecode" time="0.032"/>
  <system-out/>
  <testcase classname="com.CA.qa.TestCases.APITesting" name="testResponsecode" time="0.038"/>
  <system-out/>
  <testcase classname="com.CA.qa.TestCases.APITesting" name="testResponsecode" time="0.063"/>
  <system-out/>
  <testcase classname="com.CA.qa.TestCases.APITesting" name="testResponsecode" time="0.035"/>
  <system-out/>
  <testcase classname="com.CA.qa.TestCases.APITesting" name="testResponsecode" time="0.041"/>
  <system-out/>
  <testcase classname="com.CA.qa.TestCases.APITesting" name="testResponsecode" time="0.033"/>
  <system-out/>
  <testcase classname="com.CA.qa.TestCases.APITesting" name="testResponsecode" time="0.033"/>
  <system-out/>
  <testcase classname="com.CA.qa.TestCases.APITesting" name="testResponsecode" time="0.055"/>
  <system-out/>
  <testcase classname="com.CA.qa.TestCases.APITesting" name="testResponsecode" time="0.916"/>
  <system-out/>
  <testcase classname="com.CA.qa.TestCases.APITesting" name="testResponsecode" time="0.035"/>
  <system-out/>
  <testcase classname="com.CA.qa.TestCases.APITesting" name="testResponsecode" time="0.127"/>
  <system-out/>
  <testcase classname="com.CA.qa.TestCases.APITesting" name="testResponsecode" time="0.034"/>
  <system-out/>
  <testcase classname="com.CA.qa.TestCases.APITesting" name="testResponsecode" time="0.039"/>
  <system-out/>
  <testcase classname="com.CA.qa.TestCases.APITesting" name="testResponsecode" time="0.045"/>
  <system-out/>
  <testcase classname="com.CA.qa.TestCases.APITesting" name="testResponsecode" time="0.047"/>
  <system-out/>
  <testcase classname="com.CA.qa.TestCases.APITesting" name="testResponsecode" time="0.034"/>
  <system-out/>
  <testcase classname="com.CA.qa.TestCases.APITesting" name="testResponsecode" time="0.805"/>
  <system-out/>
  <testcase classname="com.CA.qa.TestCases.APITesting" name="testResponsecode" time="0.036"/>
  <system-out/>
  <testcase classname="com.CA.qa.TestCases.APITesting" name="testResponsecode" time="0.032"/>
  <system-out/>
  <testcase classname="com.CA.qa.TestCases.APITesting" name="testResponsecode" time="1.033"/>
  <system-out/>
  <testcase classname="com.CA.qa.TestCases.APITesting" name="testResponsecode" time="0.040"/>
  <system-out/>
  <testcase classname="com.CA.qa.TestCases.APITesting" name="testResponsecode" time="0.034"/>
  <system-out/>
  <testcase classname="com.CA.qa.TestCases.APITesting" name="testResponsecode" time="0.063"/>
  <system-out/>
  <testcase classname="com.CA.qa.TestCases.APITesting" name="testResponsecode" time="0.967"/>
  <system-out/>
  <testcase classname="com.CA.qa.TestCases.APITesting" name="testResponsecode" time="0.032"/>
  <system-out/>
  <testcase classname="com.CA.qa.TestCases.APITesting" name="testResponsecode" time="0.116"/>
  <system-out/>
  <testcase classname="com.CA.qa.TestCases.APITesting" name="testResponsecode" time="0.035"/>
  <system-out/>
  <testcase classname="com.CA.qa.TestCases.APITesting" name="testResponsecode" time="0.034"/>
  <system-out/>
  <testcase classname="com.CA.qa.TestCases.APITesting" name="testResponsecode" time="0.034"/>
  <system-out/>
  <testcase classname="com.CA.qa.TestCases.APITesting" name="testResponsecode" time="0.035"/>
  <system-out/>
  <testcase classname="com.CA.qa.TestCases.APITesting" name="testResponsecode" time="0.039"/>
  <system-out/>
  <testcase classname="com.CA.qa.TestCases.APITesting" name="testResponsecode" time="0.148"/>
  <system-out/>
  <testcase classname="com.CA.qa.TestCases.APITesting" name="testResponsecode" time="0.035"/>
  <system-out/>
  <testcase classname="com.CA.qa.TestCases.APITesting" name="testResponsecode" time="0.032"/>
  <system-out/>
  <testcase classname="com.CA.qa.TestCases.APITesting" name="testResponsecode" time="0.032"/>
  <system-out/>
  <testcase classname="com.CA.qa.TestCases.APITesting" name="testResponsecode" time="0.033"/>
  <system-out/>
  <testcase classname="com.CA.qa.TestCases.APITesting" name="testResponsecode" time="0.042"/>
  <system-out/>
  <testcase classname="com.CA.qa.TestCases.APITesting" name="testResponsecode" time="0.033"/>
  <system-out/>
  <testcase classname="com.CA.qa.TestCases.APITesting" name="testResponsecode" time="1.572"/>
  <system-out/>
  <testcase classname="com.CA.qa.TestCases.APITesting" name="testResponsecode" time="0.047"/>
  <system-out/>
  <testcase classname="com.CA.qa.TestCases.APITesting" name="testResponsecode" time="0.032"/>
  <system-out/>
  <testcase classname="com.CA.qa.TestCases.APITesting" name="testResponsecode" time="0.035"/>
  <system-out/>
  <testcase classname="com.CA.qa.TestCases.APITesting" name="testResponsecode" time="0.039"/>
  <system-out/>
  <testcase classname="com.CA.qa.TestCases.APITesting" name="testResponsecode" time="0.033"/>
  <system-out/>
  <testcase classname="com.CA.qa.TestCases.APITesting" name="testResponsecode" time="0.039"/>
  <system-out/>
  <testcase classname="com.CA.qa.TestCases.APITesting" name="testResponsecode" time="0.034"/>
  <system-out/>
  <testcase classname="com.CA.qa.TestCases.APITesting" name="testResponsecode" time="0.033"/>
  <system-out/>
  <testcase classname="com.CA.qa.TestCases.APITesting" name="testResponsecode" time="0.125"/>
  <system-out/>
  <testcase classname="com.CA.qa.TestCases.APITesting" name="testResponsecode" time="0.032"/>
  <system-out/>
  <testcase classname="com.CA.qa.TestCases.APITesting" name="testResponsecode" time="0.035"/>
  <system-out/>
  <testcase classname="com.CA.qa.TestCases.APITesting" name="testResponsecode" time="0.033"/>
  <system-out/>
  <testcase classname="com.CA.qa.TestCases.APITesting" name="testResponsecode" time="0.033"/>
  <system-out/>
  <testcase classname="com.CA.qa.TestCases.APITesting" name="testResponsecode" time="0.034"/>
  <system-out/>
  <testcase classname="com.CA.qa.TestCases.APITesting" name="testResponsecode" time="0.033"/>
  <system-out/>
  <testcase classname="com.CA.qa.TestCases.APITesting" name="testResponsecode" time="0.033"/>
  <system-out/>
  <testcase classname="com.CA.qa.TestCases.APITesting" name="testResponsecode" time="0.033"/>
  <system-out/>
  <testcase classname="com.CA.qa.TestCases.APITesting" name="testResponsecode" time="0.055"/>
  <system-out/>
  <testcase classname="com.CA.qa.TestCases.APITesting" name="testResponsecode" time="0.038"/>
  <system-out/>
  <testcase classname="com.CA.qa.TestCases.APITesting" name="testResponsecode" time="0.134"/>
  <system-out/>
  <testcase classname="com.CA.qa.TestCases.APITesting" name="testResponsecode" time="0.035"/>
  <system-out/>
  <testcase classname="com.CA.qa.TestCases.APITesting" name="testResponsecode" time="0.036"/>
  <system-out/>
  <testcase classname="com.CA.qa.TestCases.APITesting" name="testResponsecode" time="0.034"/>
  <system-out/>
  <testcase classname="com.CA.qa.TestCases.APITesting" name="testResponsecode" time="0.033"/>
  <system-out/>
  <testcase classname="com.CA.qa.TestCases.APITesting" name="testResponsecode" time="0.034"/>
  <system-out/>
  <testcase classname="com.CA.qa.TestCases.APITesting" name="testResponsecode" time="0.034"/>
  <system-out/>
  <testcase classname="com.CA.qa.TestCases.APITesting" name="testResponsecode" time="0.033"/>
  <system-out/>
  <testcase classname="com.CA.qa.TestCases.APITesting" name="testResponsecode" time="0.032"/>
  <system-out/>
  <testcase classname="com.CA.qa.TestCases.APITesting" name="testResponsecode" time="0.135"/>
  <system-out/>
  <testcase classname="com.CA.qa.TestCases.APITesting" name="testResponsecode" time="0.098"/>
  <system-out/>
  <testcase classname="com.CA.qa.TestCases.APITesting" name="testResponsecode" time="0.044"/>
  <system-out/>
  <testcase classname="com.CA.qa.TestCases.APITesting" name="testResponsecode" time="0.032"/>
  <system-out/>
  <testcase classname="com.CA.qa.TestCases.APITesting" name="testResponsecode" time="0.036"/>
  <system-out/>
  <testcase classname="com.CA.qa.TestCases.APITesting" name="testResponsecode" time="0.033"/>
  <system-out/>
  <testcase classname="com.CA.qa.TestCases.APITesting" name="testResponsecode" time="0.037"/>
  <system-out/>
  <testcase classname="com.CA.qa.TestCases.APITesting" name="testResponsecode" time="0.259"/>
  <system-out/>
  <testcase classname="com.CA.qa.TestCases.APITesting" name="testResponsecode" time="0.084"/>
  <system-out/>
  <testcase classname="com.CA.qa.TestCases.APITesting" name="testResponsecode" time="0.034"/>
  <system-out/>
  <testcase classname="com.CA.qa.TestCases.APITesting" name="testResponsecode" time="0.039"/>
  <system-out/>
  <testcase classname="com.CA.qa.TestCases.APITesting" name="testResponsecode" time="0.036"/>
  <system-out/>
  <testcase classname="com.CA.qa.TestCases.APITesting" name="testResponsecode" time="0.033"/>
  <system-out/>
  <testcase classname="com.CA.qa.TestCases.APITesting" name="testResponsecode" time="0.034"/>
  <system-out/>
  <testcase classname="com.CA.qa.TestCases.APITesting" name="testResponsecode" time="0.032"/>
  <system-out/>
  <testcase classname="com.CA.qa.TestCases.APITesting" name="testResponsecode" time="0.037"/>
  <system-out/>
  <testcase classname="com.CA.qa.TestCases.APITesting" name="testResponsecode" time="0.034"/>
  <system-out/>
  <testcase classname="com.CA.qa.TestCases.APITesting" name="testResponsecode" time="0.034"/>
  <system-out/>
  <testcase classname="com.CA.qa.TestCases.APITesting" name="testResponsecode" time="0.149"/>
  <system-out/>
  <testcase classname="com.CA.qa.TestCases.APITesting" name="testResponsecode" time="0.150"/>
  <system-out/>
  <testcase classname="com.CA.qa.TestCases.APITesting" name="testResponsecode" time="0.037"/>
  <system-out/>
  <testcase classname="com.CA.qa.TestCases.APITesting" name="testResponsecode" time="0.036"/>
  <system-out/>
  <testcase classname="com.CA.qa.TestCases.APITesting" name="testResponsecode" time="0.038"/>
  <system-out/>
  <testcase classname="com.CA.qa.TestCases.APITesting" name="testResponsecode" time="0.048"/>
  <system-out/>
  <testcase classname="com.CA.qa.TestCases.APITesting" name="testResponsecode" time="0.035"/>
  <system-out/>
  <testcase classname="com.CA.qa.TestCases.APITesting" name="testResponsecode" time="0.033"/>
  <system-out/>
  <testcase classname="com.CA.qa.TestCases.APITesting" name="testResponsecode" time="0.037"/>
  <system-out/>
  <testcase classname="com.CA.qa.TestCases.APITesting" name="testResponsecode" time="0.035"/>
  <system-out/>
  <testcase classname="com.CA.qa.TestCases.APITesting" name="testResponsecode" time="0.037"/>
  <system-out/>
  <testcase classname="com.CA.qa.TestCases.APITesting" name="testResponsecode" time="0.032"/>
  <system-out/>
  <testcase classname="com.CA.qa.TestCases.APITesting" name="testResponsecode" time="0.037"/>
  <system-out/>
  <testcase classname="com.CA.qa.TestCases.APITesting" name="testResponsecode" time="0.043"/>
  <system-out/>
  <testcase classname="com.CA.qa.TestCases.APITesting" name="testResponsecode" time="0.037"/>
  <system-out/>
  <testcase classname="com.CA.qa.TestCases.APITesting" name="testResponsecode" time="0.033"/>
  <system-out/>
  <testcase classname="com.CA.qa.TestCases.APITesting" name="testResponsecode" time="0.043"/>
  <system-out/>
  <testcase classname="com.CA.qa.TestCases.APITesting" name="testResponsecode" time="0.036"/>
  <system-out/>
  <testcase classname="com.CA.qa.TestCases.APITesting" name="testResponsecode" time="0.033"/>
  <system-out/>
  <testcase classname="com.CA.qa.TestCases.APITesting" name="testResponsecode" time="0.036"/>
  <system-out/>
  <testcase classname="com.CA.qa.TestCases.APITesting" name="testResponsecode" time="0.040"/>
  <system-out/>
  <testcase classname="com.CA.qa.TestCases.APITesting" name="testResponsecode" time="0.032"/>
  <system-out/>
  <testcase classname="com.CA.qa.TestCases.APITesting" name="testResponsecode" time="0.037"/>
  <system-out/>
  <testcase classname="com.CA.qa.TestCases.APITesting" name="testResponsecode" time="0.033"/>
  <system-out/>
  <testcase classname="com.CA.qa.TestCases.APITesting" name="testResponsecode" time="0.676"/>
  <system-out/>
  <testcase classname="com.CA.qa.TestCases.APITesting" name="testResponsecode" time="0.033"/>
  <system-out/>
  <testcase classname="com.CA.qa.TestCases.APITesting" name="testResponsecode" time="0.034"/>
  <system-out/>
  <testcase classname="com.CA.qa.TestCases.APITesting" name="testResponsecode" time="0.033"/>
  <system-out/>
  <testcase classname="com.CA.qa.TestCases.APITesting" name="testResponsecode" time="0.033"/>
  <system-out/>
  <testcase classname="com.CA.qa.TestCases.APITesting" name="testResponsecode" time="0.035"/>
  <system-out/>
  <testcase classname="com.CA.qa.TestCases.APITesting" name="testResponsecode" time="0.031"/>
  <system-out/>
  <testcase classname="com.CA.qa.TestCases.APITesting" name="testResponsecode" time="0.037"/>
  <system-out/>
  <testcase classname="com.CA.qa.TestCases.APITesting" name="testResponsecode" time="0.041"/>
  <system-out/>
  <testcase classname="com.CA.qa.TestCases.APITesting" name="testResponsecode" time="0.070"/>
  <system-out/>
  <testcase classname="com.CA.qa.TestCases.APITesting" name="testResponsecode" time="0.040"/>
  <system-out/>
  <testcase classname="com.CA.qa.TestCases.APITesting" name="testResponsecode" time="0.037"/>
  <system-out/>
  <testcase classname="com.CA.qa.TestCases.APITesting" name="testResponsecode" time="0.042"/>
  <system-out/>
  <testcase classname="com.CA.qa.TestCases.APITesting" name="testResponsecode" time="0.034"/>
  <system-out/>
  <testcase classname="com.CA.qa.TestCases.APITesting" name="testResponsecode" time="0.036"/>
  <system-out/>
  <testcase classname="com.CA.qa.TestCases.APITesting" name="testResponsecode" time="0.037"/>
  <system-out/>
  <testcase classname="com.CA.qa.TestCases.APITesting" name="testResponsecode" time="0.037"/>
  <system-out/>
  <testcase classname="com.CA.qa.TestCases.APITesting" name="testResponsecode" time="0.036"/>
  <system-out/>
  <testcase classname="com.CA.qa.TestCases.APITesting" name="testResponsecode" time="0.031"/>
  <system-out/>
  <testcase classname="com.CA.qa.TestCases.APITesting" name="testResponsecode" time="0.223"/>
  <system-out/>
  <testcase classname="com.CA.qa.TestCases.APITesting" name="testResponsecode" time="0.037"/>
  <system-out/>
  <testcase classname="com.CA.qa.TestCases.APITesting" name="testResponsecode" time="0.037"/>
  <system-out/>
  <testcase classname="com.CA.qa.TestCases.APITesting" name="testResponsecode" time="0.032"/>
  <system-out/>
  <testcase classname="com.CA.qa.TestCases.APITesting" name="testResponsecode" time="0.045"/>
  <system-out/>
  <testcase classname="com.CA.qa.TestCases.APITesting" name="testResponsecode" time="0.032"/>
  <system-out/>
  <testcase classname="com.CA.qa.TestCases.APITesting" name="testResponsecode" time="0.033"/>
  <system-out/>
  <testcase classname="com.CA.qa.TestCases.APITesting" name="testResponsecode" time="0.035"/>
  <system-out/>
  <testcase classname="com.CA.qa.TestCases.APITesting" name="testResponsecode" time="0.033"/>
  <system-out/>
  <testcase classname="com.CA.qa.TestCases.APITesting" name="testResponsecode" time="0.040"/>
  <system-out/>
  <testcase classname="com.CA.qa.TestCases.APITesting" name="testResponsecode" time="0.036"/>
  <system-out/>
  <testcase classname="com.CA.qa.TestCases.APITesting" name="testResponsecode" time="0.157"/>
  <system-out/>
  <testcase classname="com.CA.qa.TestCases.APITesting" name="testResponsecode" time="0.032"/>
  <system-out/>
  <testcase classname="com.CA.qa.TestCases.APITesting" name="testResponsecode" time="0.974"/>
  <system-out/>
  <testcase classname="com.CA.qa.TestCases.APITesting" name="testResponsecode" time="0.036"/>
  <system-out/>
  <testcase classname="com.CA.qa.TestCases.APITesting" name="testResponsecode" time="0.034"/>
  <system-out/>
  <testcase classname="com.CA.qa.TestCases.APITesting" name="testResponsecode" time="0.049"/>
  <system-out/>
  <testcase classname="com.CA.qa.TestCases.APITesting" name="testResponsecode" time="0.033"/>
  <system-out/>
  <testcase classname="com.CA.qa.TestCases.APITesting" name="testResponsecode" time="0.036"/>
  <system-out/>
  <testcase classname="com.CA.qa.TestCases.APITesting" name="testResponsecode" time="0.039"/>
  <system-out/>
  <testcase classname="com.CA.qa.TestCases.APITesting" name="testResponsecode" time="0.525"/>
  <system-out/>
  <testcase classname="com.CA.qa.TestCases.APITesting" name="testResponsecode" time="0.038"/>
  <system-out/>
  <testcase classname="com.CA.qa.TestCases.APITesting" name="testResponsecode" time="0.034"/>
  <system-out/>
  <testcase classname="com.CA.qa.TestCases.APITesting" name="testResponsecode" time="0.034"/>
  <system-out/>
  <testcase classname="com.CA.qa.TestCases.APITesting" name="testResponsecode" time="0.048"/>
  <system-out/>
  <testcase classname="com.CA.qa.TestCases.APITesting" name="testResponsecode" time="0.031"/>
  <system-out/>
  <testcase classname="com.CA.qa.TestCases.APITesting" name="testResponsecode" time="0.047"/>
  <system-out/>
  <testcase classname="com.CA.qa.TestCases.APITesting" name="testResponsecode" time="0.034"/>
  <system-out/>
  <testcase classname="com.CA.qa.TestCases.APITesting" name="testResponsecode" time="0.042"/>
  <system-out/>
  <testcase classname="com.CA.qa.TestCases.APITesting" name="testResponsecode" time="0.033"/>
  <system-out/>
  <testcase classname="com.CA.qa.TestCases.APITesting" name="testResponsecode" time="0.158"/>
  <system-out/>
  <testcase classname="com.CA.qa.TestCases.APITesting" name="testResponsecode" time="0.033"/>
  <system-out/>
  <testcase classname="com.CA.qa.TestCases.APITesting" name="testResponsecode" time="0.037"/>
  <system-out/>
  <testcase classname="com.CA.qa.TestCases.APITesting" name="testResponsecode" time="0.035"/>
  <system-out/>
  <testcase classname="com.CA.qa.TestCases.APITesting" name="testResponsecode" time="0.041"/>
  <system-out/>
  <testcase classname="com.CA.qa.TestCases.APITesting" name="testResponsecode" time="0.032"/>
  <system-out/>
  <testcase classname="com.CA.qa.TestCases.APITesting" name="testResponsecode" time="0.041"/>
  <system-out/>
  <testcase classname="com.CA.qa.TestCases.APITesting" name="testResponsecode" time="0.031"/>
  <system-out/>
  <testcase classname="com.CA.qa.TestCases.APITesting" name="testResponsecode" time="0.034"/>
  <system-out/>
  <testcase classname="com.CA.qa.TestCases.APITesting" name="testResponsecode" time="0.040"/>
  <system-out/>
  <testcase classname="com.CA.qa.TestCases.APITesting" name="testResponsecode" time="0.161"/>
  <system-out/>
  <testcase classname="com.CA.qa.TestCases.APITesting" name="testResponsecode" time="0.033"/>
  <system-out/>
  <testcase classname="com.CA.qa.TestCases.APITesting" name="testResponsecode" time="0.036"/>
  <system-out/>
  <testcase classname="com.CA.qa.TestCases.APITesting" name="testResponsecode" time="0.041"/>
  <system-out/>
  <testcase classname="com.CA.qa.TestCases.APITesting" name="testResponsecode" time="0.041"/>
  <system-out/>
  <testcase classname="com.CA.qa.TestCases.APITesting" name="testResponsecode" time="0.035"/>
  <system-out/>
  <testcase classname="com.CA.qa.TestCases.APITesting" name="testResponsecode" time="0.046"/>
  <system-out/>
  <testcase classname="com.CA.qa.TestCases.APITesting" name="testResponsecode" time="0.033"/>
  <system-out/>
  <testcase classname="com.CA.qa.TestCases.APITesting" name="testResponsecode" time="0.033"/>
  <system-out/>
  <testcase classname="com.CA.qa.TestCases.APITesting" name="testResponsecode" time="0.310"/>
  <system-out/>
  <testcase classname="com.CA.qa.TestCases.APITesting" name="testResponsecode" time="0.035"/>
  <system-out/>
  <testcase classname="com.CA.qa.TestCases.APITesting" name="testResponsecode" time="0.136"/>
  <system-out/>
  <testcase classname="com.CA.qa.TestCases.APITesting" name="testResponsecode" time="0.033"/>
  <system-out/>
  <testcase classname="com.CA.qa.TestCases.APITesting" name="testResponsecode" time="0.037"/>
  <system-out/>
  <testcase classname="com.CA.qa.TestCases.APITesting" name="testResponsecode" time="0.898"/>
  <system-out/>
  <testcase classname="com.CA.qa.TestCases.APITesting" name="testResponsecode" time="0.034"/>
  <system-out/>
  <testcase classname="com.CA.qa.TestCases.APITesting" name="testResponsecode" time="0.032"/>
  <system-out/>
  <testcase classname="com.CA.qa.TestCases.APITesting" name="testResponsecode" time="0.036"/>
  <system-out/>
  <testcase classname="com.CA.qa.TestCases.APITesting" name="testResponsecode" time="0.928"/>
  <system-out/>
  <testcase classname="com.CA.qa.TestCases.APITesting" name="testResponsecode" time="0.038"/>
  <system-out/>
  <testcase classname="com.CA.qa.TestCases.APITesting" name="testResponsecode" time="0.035"/>
  <system-out/>
  <testcase classname="com.CA.qa.TestCases.APITesting" name="testResponsecode" time="0.037"/>
  <system-out/>
  <testcase classname="com.CA.qa.TestCases.APITesting" name="testResponsecode" time="0.033"/>
  <system-out/>
  <testcase classname="com.CA.qa.TestCases.APITesting" name="testResponsecode" time="0.043"/>
  <system-out/>
  <testcase classname="com.CA.qa.TestCases.APITesting" name="testResponsecode" time="0.047"/>
  <system-out/>
  <testcase classname="com.CA.qa.TestCases.APITesting" name="testResponsecode" time="0.033"/>
  <system-out/>
  <testcase classname="com.CA.qa.TestCases.APITesting" name="testResponsecode" time="0.124"/>
  <system-out/>
  <testcase classname="com.CA.qa.TestCases.APITesting" name="testResponsecode" time="0.134"/>
  <system-out/>
  <testcase classname="com.CA.qa.TestCases.APITesting" name="testResponsecode" time="0.047"/>
  <system-out/>
  <testcase classname="com.CA.qa.TestCases.APITesting" name="testResponsecode" time="0.192"/>
  <system-out/>
  <testcase classname="com.CA.qa.TestCases.APITesting" name="testResponsecode" time="0.041"/>
  <system-out/>
  <testcase classname="com.CA.qa.TestCases.APITesting" name="testResponsecode" time="0.950"/>
  <system-out/>
  <testcase classname="com.CA.qa.TestCases.APITesting" name="testResponsecode" time="0.032"/>
  <system-out/>
  <testcase classname="com.CA.qa.TestCases.APITesting" name="testResponsecode" time="0.034"/>
  <system-out/>
  <testcase classname="com.CA.qa.TestCases.APITesting" name="testResponsecode" time="0.033"/>
  <system-out/>
  <testcase classname="com.CA.qa.TestCases.APITesting" name="testResponsecode" time="0.035"/>
  <system-out/>
  <testcase classname="com.CA.qa.TestCases.APITesting" name="testResponsecode" time="0.044"/>
  <system-out/>
  <testcase classname="com.CA.qa.TestCases.APITesting" name="testResponsecode" time="0.036"/>
  <system-out/>
  <testcase classname="com.CA.qa.TestCases.APITesting" name="testResponsecode" time="0.040"/>
  <system-out/>
  <testcase classname="com.CA.qa.TestCases.APITesting" name="testResponsecode" time="0.038"/>
  <system-out/>
  <testcase classname="com.CA.qa.TestCases.APITesting" name="testResponsecode" time="0.035"/>
  <system-out/>
  <testcase classname="com.CA.qa.TestCases.APITesting" name="testResponsecode" time="0.040"/>
  <system-out/>
  <testcase classname="com.CA.qa.TestCases.APITesting" name="testResponsecode" time="0.138"/>
  <system-out/>
  <testcase classname="com.CA.qa.TestCases.APITesting" name="testResponsecode" time="0.032"/>
  <system-out/>
  <testcase classname="com.CA.qa.TestCases.APITesting" name="testResponsecode" time="0.037"/>
  <system-out/>
  <testcase classname="com.CA.qa.TestCases.APITesting" name="testResponsecode" time="0.036"/>
  <system-out/>
  <testcase classname="com.CA.qa.TestCases.APITesting" name="testResponsecode" time="0.044"/>
  <system-out/>
  <testcase classname="com.CA.qa.TestCases.APITesting" name="testResponsecode" time="0.035"/>
  <system-out/>
  <testcase classname="com.CA.qa.TestCases.APITesting" name="testResponsecode" time="0.041"/>
  <system-out/>
  <testcase classname="com.CA.qa.TestCases.APITesting" name="testResponsecode" time="0.040"/>
  <system-out/>
  <testcase classname="com.CA.qa.TestCases.APITesting" name="testResponsecode" time="0.053"/>
  <system-out/>
  <testcase classname="com.CA.qa.TestCases.APITesting" name="testResponsecode" time="0.033"/>
  <system-out/>
  <testcase classname="com.CA.qa.TestCases.APITesting" name="testResponsecode" time="0.038"/>
  <system-out/>
  <testcase classname="com.CA.qa.TestCases.APITesting" name="testResponsecode" time="0.181"/>
  <system-out/>
  <testcase classname="com.CA.qa.TestCases.APITesting" name="testResponsecode" time="0.040"/>
  <system-out/>
  <testcase classname="com.CA.qa.TestCases.APITesting" name="testResponsecode" time="0.366"/>
  <system-out/>
  <testcase classname="com.CA.qa.TestCases.APITesting" name="testResponsecode" time="0.040"/>
  <system-out/>
  <testcase classname="com.CA.qa.TestCases.APITesting" name="testResponsecode" time="0.055"/>
  <system-out/>
  <testcase classname="com.CA.qa.TestCases.APITesting" name="testResponsecode" time="0.058"/>
  <system-out/>
  <testcase classname="com.CA.qa.TestCases.APITesting" name="testResponsecode" time="0.053"/>
  <system-out/>
  <testcase classname="com.CA.qa.TestCases.APITesting" name="testResponsecode" time="0.040"/>
  <system-out/>
  <testcase classname="com.CA.qa.TestCases.APITesting" name="testResponsecode" time="0.033"/>
  <system-out/>
  <testcase classname="com.CA.qa.TestCases.APITesting" name="testResponsecode" time="0.037"/>
  <system-out/>
  <testcase classname="com.CA.qa.TestCases.APITesting" name="testResponsecode" time="0.037"/>
  <system-out/>
  <testcase classname="com.CA.qa.TestCases.APITesting" name="testResponsecode" time="0.033"/>
  <system-out/>
  <testcase classname="com.CA.qa.TestCases.APITesting" name="testResponsecode" time="0.045"/>
  <system-out/>
  <testcase classname="com.CA.qa.TestCases.APITesting" name="testResponsecode" time="0.065"/>
  <system-out/>
  <testcase classname="com.CA.qa.TestCases.APITesting" name="testResponsecode" time="0.032"/>
  <system-out/>
  <testcase classname="com.CA.qa.TestCases.APITesting" name="testResponsecode" time="0.032"/>
  <system-out/>
  <testcase classname="com.CA.qa.TestCases.APITesting" name="testResponsecode" time="0.139"/>
  <system-out/>
  <testcase classname="com.CA.qa.TestCases.APITesting" name="testResponsecode" time="0.033"/>
  <system-out/>
  <testcase classname="com.CA.qa.TestCases.APITesting" name="testResponsecode" time="0.033"/>
  <system-out/>
  <testcase classname="com.CA.qa.TestCases.APITesting" name="testResponsecode" time="0.045"/>
  <system-out/>
  <testcase classname="com.CA.qa.TestCases.APITesting" name="testResponsecode" time="0.033"/>
  <system-out/>
  <testcase classname="com.CA.qa.TestCases.APITesting" name="testResponsecode" time="0.038"/>
  <system-out/>
  <testcase classname="com.CA.qa.TestCases.APITesting" name="testResponsecode" time="0.032"/>
  <system-out/>
  <testcase classname="com.CA.qa.TestCases.APITesting" name="testResponsecode" time="0.033"/>
  <system-out/>
  <testcase classname="com.CA.qa.TestCases.APITesting" name="testResponsecode" time="0.032"/>
  <system-out/>
  <testcase classname="com.CA.qa.TestCases.APITesting" name="testResponsecode" time="0.033"/>
  <system-out/>
  <testcase classname="com.CA.qa.TestCases.APITesting" name="testResponsecode" time="0.132"/>
  <system-out/>
  <testcase classname="com.CA.qa.TestCases.APITesting" name="testResponsecode" time="0.045"/>
  <system-out/>
  <testcase classname="com.CA.qa.TestCases.APITesting" name="testResponsecode" time="0.059"/>
  <system-out/>
  <testcase classname="com.CA.qa.TestCases.APITesting" name="testResponsecode" time="0.039"/>
  <system-out/>
  <testcase classname="com.CA.qa.TestCases.APITesting" name="testResponsecode" time="0.036"/>
  <system-out/>
  <testcase classname="com.CA.qa.TestCases.APITesting" name="testResponsecode" time="0.046"/>
  <system-out/>
  <testcase classname="com.CA.qa.TestCases.APITesting" name="testResponsecode" time="0.037"/>
  <system-out/>
  <testcase classname="com.CA.qa.TestCases.APITesting" name="testResponsecode" time="0.032"/>
  <system-out/>
  <testcase classname="com.CA.qa.TestCases.APITesting" name="testResponsecode" time="0.048"/>
  <system-out/>
  <testcase classname="com.CA.qa.TestCases.APITesting" name="testResponsecode" time="0.034"/>
  <system-out/>
  <testcase classname="com.CA.qa.TestCases.APITesting" name="testResponsecode" time="0.214"/>
  <system-out/>
  <testcase classname="com.CA.qa.TestCases.APITesting" name="testResponsecode" time="0.034"/>
  <system-out/>
  <testcase classname="com.CA.qa.TestCases.APITesting" name="testResponsecode" time="0.032"/>
  <system-out/>
  <testcase classname="com.CA.qa.TestCases.APITesting" name="testResponsecode" time="0.033"/>
  <system-out/>
  <testcase classname="com.CA.qa.TestCases.APITesting" name="testResponsecode" time="0.127"/>
  <system-out/>
  <testcase classname="com.CA.qa.TestCases.APITesting" name="testResponsecode" time="0.032"/>
  <system-out/>
  <testcase classname="com.CA.qa.TestCases.APITesting" name="testResponsecode" time="0.033"/>
  <system-out/>
  <testcase classname="com.CA.qa.TestCases.APITesting" name="testResponsecode" time="0.035"/>
  <system-out/>
  <testcase classname="com.CA.qa.TestCases.APITesting" name="testResponsecode" time="0.035"/>
  <system-out/>
  <testcase classname="com.CA.qa.TestCases.APITesting" name="testResponsecode" time="0.034"/>
  <system-out/>
  <testcase classname="com.CA.qa.TestCases.APITesting" name="testResponsecode" time="0.034"/>
  <system-out/>
  <testcase classname="com.CA.qa.TestCases.APITesting" name="testResponsecode" time="0.033"/>
  <system-out/>
  <testcase classname="com.CA.qa.TestCases.APITesting" name="testResponsecode" time="0.033"/>
  <system-out/>
  <testcase classname="com.CA.qa.TestCases.APITesting" name="testResponsecode" time="0.032"/>
  <system-out/>
  <testcase classname="com.CA.qa.TestCases.APITesting" name="testResponsecode" time="0.040"/>
  <system-out/>
  <testcase classname="com.CA.qa.TestCases.APITesting" name="testResponsecode" time="0.038"/>
  <system-out/>
  <testcase classname="com.CA.qa.TestCases.APITesting" name="testResponsecode" time="0.031"/>
  <system-out/>
  <testcase classname="com.CA.qa.TestCases.APITesting" name="testResponsecode" time="0.172"/>
  <system-out/>
  <testcase classname="com.CA.qa.TestCases.APITesting" name="testResponsecode" time="0.041"/>
  <system-out/>
  <testcase classname="com.CA.qa.TestCases.APITesting" name="testResponsecode" time="0.044"/>
  <system-out/>
  <testcase classname="com.CA.qa.TestCases.APITesting" name="testResponsecode" time="0.045"/>
  <system-out/>
  <testcase classname="com.CA.qa.TestCases.APITesting" name="testResponsecode" time="0.062"/>
  <system-out/>
  <testcase classname="com.CA.qa.TestCases.APITesting" name="testResponsecode" time="0.034"/>
  <system-out/>
  <testcase classname="com.CA.qa.TestCases.APITesting" name="testResponsecode" time="0.035"/>
  <system-out/>
  <testcase classname="com.CA.qa.TestCases.APITesting" name="testResponsecode" time="0.044"/>
  <system-out/>
  <testcase classname="com.CA.qa.TestCases.APITesting" name="testResponsecode" time="0.071"/>
  <system-out/>
  <testcase classname="com.CA.qa.TestCases.APITesting" name="testResponsecode" time="0.033"/>
  <system-out/>
  <testcase classname="com.CA.qa.TestCases.APITesting" name="testResponsecode" time="0.073"/>
  <system-out/>
  <testcase classname="com.CA.qa.TestCases.APITesting" name="testResponsecode" time="0.032"/>
  <system-out/>
  <testcase classname="com.CA.qa.TestCases.APITesting" name="testResponsecode" time="0.050"/>
  <system-out/>
  <testcase classname="com.CA.qa.TestCases.APITesting" name="testResponsecode" time="0.048"/>
  <system-out/>
  <testcase classname="com.CA.qa.TestCases.APITesting" name="testResponsecode" time="0.071"/>
  <system-out/>
  <testcase classname="com.CA.qa.TestCases.APITesting" name="testResponsecode" time="0.036"/>
  <system-out/>
  <testcase classname="com.CA.qa.TestCases.APITesting" name="testResponsecode" time="0.037"/>
  <system-out/>
  <testcase classname="com.CA.qa.TestCases.APITesting" name="testResponsecode" time="0.033"/>
  <system-out/>
  <testcase classname="com.CA.qa.TestCases.APITesting" name="testResponsecode" time="0.034"/>
  <system-out/>
  <testcase classname="com.CA.qa.TestCases.APITesting" name="testResponsecode" time="0.231"/>
  <system-out/>
  <testcase classname="com.CA.qa.TestCases.APITesting" name="testResponsecode" time="0.034"/>
  <system-out/>
  <testcase classname="com.CA.qa.TestCases.APITesting" name="testResponsecode" time="0.035"/>
  <system-out/>
  <testcase classname="com.CA.qa.TestCases.APITesting" name="testResponsecode" time="0.033"/>
  <system-out/>
  <testcase classname="com.CA.qa.TestCases.APITesting" name="testResponsecode" time="0.035"/>
  <system-out/>
  <testcase classname="com.CA.qa.TestCases.APITesting" name="testResponsecode" time="0.034"/>
  <system-out/>
  <testcase classname="com.CA.qa.TestCases.APITesting" name="testResponsecode" time="0.033"/>
  <system-out/>
  <testcase classname="com.CA.qa.TestCases.APITesting" name="testResponsecode" time="0.037"/>
  <system-out/>
  <testcase classname="com.CA.qa.TestCases.APITesting" name="testResponsecode" time="0.037"/>
  <system-out/>
  <testcase classname="com.CA.qa.TestCases.APITesting" name="testResponsecode" time="0.035"/>
  <system-out/>
  <testcase classname="com.CA.qa.TestCases.APITesting" name="testResponsecode" time="0.035"/>
  <system-out/>
  <testcase classname="com.CA.qa.TestCases.APITesting" name="testResponsecode" time="0.034"/>
  <system-out/>
  <testcase classname="com.CA.qa.TestCases.APITesting" name="testResponsecode" time="0.040"/>
  <system-out/>
  <testcase classname="com.CA.qa.TestCases.APITesting" name="testResponsecode" time="0.046"/>
  <system-out/>
  <testcase classname="com.CA.qa.TestCases.APITesting" name="testResponsecode" time="0.033"/>
  <system-out/>
  <testcase classname="com.CA.qa.TestCases.APITesting" name="testResponsecode" time="0.036"/>
  <system-out/>
  <testcase classname="com.CA.qa.TestCases.APITesting" name="testResponsecode" time="0.037"/>
  <system-out/>
  <testcase classname="com.CA.qa.TestCases.APITesting" name="testResponsecode" time="0.034"/>
  <system-out/>
  <testcase classname="com.CA.qa.TestCases.APITesting" name="testResponsecode" time="0.036"/>
  <system-out/>
  <testcase classname="com.CA.qa.TestCases.APITesting" name="testResponsecode" time="0.037"/>
  <system-out/>
  <testcase classname="com.CA.qa.TestCases.APITesting" name="testResponsecode" time="0.038"/>
  <system-out/>
  <testcase classname="com.CA.qa.TestCases.APITesting" name="testResponsecode" time="0.033"/>
  <system-out/>
  <testcase classname="com.CA.qa.TestCases.APITesting" name="testResponsecode" time="0.032"/>
  <system-out/>
  <testcase classname="com.CA.qa.TestCases.APITesting" name="testResponsecode" time="0.043"/>
  <system-out/>
  <testcase classname="com.CA.qa.TestCases.APITesting" name="testResponsecode" time="0.124"/>
  <system-out/>
  <testcase classname="com.CA.qa.TestCases.APITesting" name="testResponsecode" time="0.177"/>
  <system-out/>
  <testcase classname="com.CA.qa.TestCases.APITesting" name="testResponsecode" time="0.039"/>
  <system-out/>
  <testcase classname="com.CA.qa.TestCases.APITesting" name="testResponsecode" time="0.037"/>
  <system-out/>
  <testcase classname="com.CA.qa.TestCases.APITesting" name="testResponsecode" time="0.047"/>
  <system-out/>
  <testcase classname="com.CA.qa.TestCases.APITesting" name="testResponsecode" time="0.036"/>
  <system-out/>
  <testcase classname="com.CA.qa.TestCases.APITesting" name="testResponsecode" time="0.033"/>
  <system-out/>
  <testcase classname="com.CA.qa.TestCases.APITesting" name="testResponsecode" time="0.033"/>
  <system-out/>
  <testcase classname="com.CA.qa.TestCases.APITesting" name="testResponsecode" time="0.034"/>
  <system-out/>
  <testcase classname="com.CA.qa.TestCases.APITesting" name="testResponsecode" time="0.035"/>
  <system-out/>
  <testcase classname="com.CA.qa.TestCases.APITesting" name="testResponsecode" time="0.035"/>
  <system-out/>
  <testcase classname="com.CA.qa.TestCases.APITesting" name="testResponsecode" time="0.073"/>
  <system-out/>
  <testcase classname="com.CA.qa.TestCases.APITesting" name="testResponsecode" time="0.032"/>
  <system-out/>
  <testcase classname="com.CA.qa.TestCases.APITesting" name="testResponsecode" time="0.032"/>
  <system-out/>
  <testcase classname="com.CA.qa.TestCases.APITesting" name="testResponsecode" time="0.035"/>
  <system-out/>
  <testcase classname="com.CA.qa.TestCases.APITesting" name="testResponsecode" time="0.032"/>
  <system-out/>
  <testcase classname="com.CA.qa.TestCases.APITesting" name="testResponsecode" time="0.037"/>
  <system-out/>
  <testcase classname="com.CA.qa.TestCases.APITesting" name="testResponsecode" time="0.034"/>
  <system-out/>
  <testcase classname="com.CA.qa.TestCases.APITesting" name="testResponsecode" time="0.064"/>
  <system-out/>
  <testcase classname="com.CA.qa.TestCases.APITesting" name="testResponsecode" time="0.034"/>
  <system-out/>
  <testcase classname="com.CA.qa.TestCases.APITesting" name="testResponsecode" time="0.034"/>
  <system-out/>
  <testcase classname="com.CA.qa.TestCases.APITesting" name="testResponsecode" time="0.125"/>
  <system-out/>
  <testcase classname="com.CA.qa.TestCases.APITesting" name="testResponsecode" time="0.034"/>
  <system-out/>
  <testcase classname="com.CA.qa.TestCases.APITesting" name="testResponsecode" time="0.037"/>
  <system-out/>
  <testcase classname="com.CA.qa.TestCases.APITesting" name="testResponsecode" time="0.039"/>
  <system-out/>
  <testcase classname="com.CA.qa.TestCases.APITesting" name="testResponsecode" time="0.056"/>
  <system-out/>
  <testcase classname="com.CA.qa.TestCases.APITesting" name="testResponsecode" time="0.041"/>
  <system-out/>
  <testcase classname="com.CA.qa.TestCases.APITesting" name="testResponsecode" time="0.034"/>
  <system-out/>
  <testcase classname="com.CA.qa.TestCases.APITesting" name="testResponsecode" time="0.032"/>
  <system-out/>
  <testcase classname="com.CA.qa.TestCases.APITesting" name="testResponsecode" time="0.052"/>
  <system-out/>
  <testcase classname="com.CA.qa.TestCases.APITesting" name="testResponsecode" time="0.309"/>
  <system-out/>
  <testcase classname="com.CA.qa.TestCases.APITesting" name="testResponsecode" time="0.035"/>
  <system-out/>
  <testcase classname="com.CA.qa.TestCases.APITesting" name="testResponsecode" time="0.034"/>
  <system-out/>
  <testcase classname="com.CA.qa.TestCases.APITesting" name="testResponsecode" time="0.036"/>
  <system-out/>
  <testcase classname="com.CA.qa.TestCases.APITesting" name="testResponsecode" time="0.036"/>
  <system-out/>
  <testcase classname="com.CA.qa.TestCases.APITesting" name="testResponsecode" time="0.034"/>
  <system-out/>
  <testcase classname="com.CA.qa.TestCases.APITesting" name="testResponsecode" time="0.036"/>
  <system-out/>
  <testcase classname="com.CA.qa.TestCases.APITesting" name="testResponsecode" time="0.181"/>
  <system-out/>
  <testcase classname="com.CA.qa.TestCases.APITesting" name="testResponsecode" time="0.034"/>
  <system-out/>
  <testcase classname="com.CA.qa.TestCases.APITesting" name="testResponsecode" time="0.033"/>
  <system-out/>
  <testcase classname="com.CA.qa.TestCases.APITesting" name="testResponsecode" time="0.039"/>
  <system-out/>
  <testcase classname="com.CA.qa.TestCases.APITesting" name="testResponsecode" time="0.036"/>
  <system-out/>
  <testcase classname="com.CA.qa.TestCases.APITesting" name="testResponsecode" time="0.177"/>
  <system-out/>
  <testcase classname="com.CA.qa.TestCases.APITesting" name="testResponsecode" time="0.033"/>
  <system-out/>
  <testcase classname="com.CA.qa.TestCases.APITesting" name="testResponsecode" time="0.046"/>
  <system-out/>
  <testcase classname="com.CA.qa.TestCases.APITesting" name="testResponsecode" time="0.034"/>
  <system-out/>
  <testcase classname="com.CA.qa.TestCases.APITesting" name="testResponsecode" time="0.042"/>
  <system-out/>
  <testcase classname="com.CA.qa.TestCases.APITesting" name="testResponsecode" time="0.042"/>
  <system-out/>
  <testcase classname="com.CA.qa.TestCases.APITesting" name="testResponsecode" time="0.058"/>
  <system-out/>
  <testcase classname="com.CA.qa.TestCases.APITesting" name="testResponsecode" time="0.033"/>
  <system-out/>
  <testcase classname="com.CA.qa.TestCases.APITesting" name="testResponsecode" time="0.032"/>
  <system-out/>
  <testcase classname="com.CA.qa.TestCases.APITesting" name="testResponsecode" time="0.033"/>
  <system-out/>
  <testcase classname="com.CA.qa.TestCases.APITesting" name="testResponsecode" time="0.037"/>
  <system-out/>
  <testcase classname="com.CA.qa.TestCases.APITesting" name="testResponsecode" time="0.034"/>
  <system-out/>
  <testcase classname="com.CA.qa.TestCases.APITesting" name="testResponsecode" time="0.031"/>
  <system-out/>
  <testcase classname="com.CA.qa.TestCases.APITesting" name="testResponsecode" time="0.034"/>
  <system-out/>
  <testcase classname="com.CA.qa.TestCases.APITesting" name="testResponsecode" time="0.043"/>
  <system-out/>
  <testcase classname="com.CA.qa.TestCases.APITesting" name="testResponsecode" time="0.041"/>
  <system-out/>
  <testcase classname="com.CA.qa.TestCases.APITesting" name="testResponsecode" time="0.036"/>
  <system-out/>
  <testcase classname="com.CA.qa.TestCases.APITesting" name="testResponsecode" time="0.032"/>
  <system-out/>
  <testcase classname="com.CA.qa.TestCases.APITesting" name="testResponsecode" time="0.036"/>
  <system-out/>
  <testcase classname="com.CA.qa.TestCases.APITesting" name="testResponsecode" time="0.035"/>
  <system-out/>
  <testcase classname="com.CA.qa.TestCases.APITesting" name="testResponsecode" time="0.046"/>
  <system-out/>
  <testcase classname="com.CA.qa.TestCases.APITesting" name="testResponsecode" time="0.048"/>
  <system-out/>
  <testcase classname="com.CA.qa.TestCases.APITesting" name="testResponsecode" time="0.036"/>
  <system-out/>
  <testcase classname="com.CA.qa.TestCases.APITesting" name="testResponsecode" time="0.044"/>
  <system-out/>
  <testcase classname="com.CA.qa.TestCases.APITesting" name="testResponsecode" time="0.034"/>
  <system-out/>
  <testcase classname="com.CA.qa.TestCases.APITesting" name="testResponsecode" time="0.033"/>
  <system-out/>
  <testcase classname="com.CA.qa.TestCases.APITesting" name="testResponsecode" time="0.130"/>
  <system-out/>
  <testcase classname="com.CA.qa.TestCases.APITesting" name="testResponsecode" time="0.032"/>
  <system-out/>
  <testcase classname="com.CA.qa.TestCases.APITesting" name="testResponsecode" time="0.044"/>
  <system-out/>
  <testcase classname="com.CA.qa.TestCases.APITesting" name="testResponsecode" time="0.047"/>
  <system-out/>
  <testcase classname="com.CA.qa.TestCases.APITesting" name="testResponsecode" time="0.051"/>
  <system-out/>
  <testcase classname="com.CA.qa.TestCases.APITesting" name="testResponsecode" time="0.033"/>
  <system-out/>
  <testcase classname="com.CA.qa.TestCases.APITesting" name="testResponsecode" time="0.035"/>
  <system-out/>
  <testcase classname="com.CA.qa.TestCases.APITesting" name="testResponsecode" time="0.032"/>
  <system-out/>
  <testcase classname="com.CA.qa.TestCases.APITesting" name="testResponsecode" time="0.037"/>
  <system-out/>
  <testcase classname="com.CA.qa.TestCases.APITesting" name="testResponsecode" time="0.033"/>
  <system-out/>
  <testcase classname="com.CA.qa.TestCases.APITesting" name="testResponsecode" time="0.055"/>
  <system-out/>
  <testcase classname="com.CA.qa.TestCases.APITesting" name="testResponsecode" time="0.034"/>
  <system-out/>
  <testcase classname="com.CA.qa.TestCases.APITesting" name="testResponsecode" time="1.868"/>
  <system-out/>
  <testcase classname="com.CA.qa.TestCases.APITesting" name="testResponsecode" time="0.045"/>
  <system-out/>
  <testcase classname="com.CA.qa.TestCases.APITesting" name="testResponsecode" time="0.034"/>
  <system-out/>
  <testcase classname="com.CA.qa.TestCases.APITesting" name="testResponsecode" time="0.034"/>
  <system-out/>
  <testcase classname="com.CA.qa.TestCases.APITesting" name="testResponsecode" time="0.032"/>
  <system-out/>
  <testcase classname="com.CA.qa.TestCases.APITesting" name="testResponsecode" time="0.036"/>
  <system-out/>
  <testcase classname="com.CA.qa.TestCases.APITesting" name="testResponsecode" time="0.054"/>
  <system-out/>
  <testcase classname="com.CA.qa.TestCases.APITesting" name="testResponsecode" time="0.038"/>
  <system-out/>
  <testcase classname="com.CA.qa.TestCases.APITesting" name="testResponsecode" time="0.047"/>
  <system-out/>
  <testcase classname="com.CA.qa.TestCases.APITesting" name="testResponsecode" time="0.043"/>
  <system-out/>
  <testcase classname="com.CA.qa.TestCases.APITesting" name="testResponsecode" time="0.035"/>
  <system-out/>
  <testcase classname="com.CA.qa.TestCases.APITesting" name="testResponsecode" time="0.036"/>
  <system-out/>
  <testcase classname="com.CA.qa.TestCases.APITesting" name="testResponsecode" time="0.034"/>
  <system-out/>
  <testcase classname="com.CA.qa.TestCases.APITesting" name="testResponsecode" time="0.033"/>
  <system-out/>
  <testcase classname="com.CA.qa.TestCases.APITesting" name="testResponsecode" time="0.046"/>
  <system-out/>
  <testcase classname="com.CA.qa.TestCases.APITesting" name="testResponsecode" time="0.039"/>
  <system-out/>
  <testcase classname="com.CA.qa.TestCases.APITesting" name="testResponsecode" time="0.032"/>
  <system-out/>
  <testcase classname="com.CA.qa.TestCases.APITesting" name="testResponsecode" time="0.036"/>
  <system-out/>
  <testcase classname="com.CA.qa.TestCases.APITesting" name="testResponsecode" time="0.033"/>
  <system-out/>
  <testcase classname="com.CA.qa.TestCases.APITesting" name="testResponsecode" time="0.039"/>
  <system-out/>
  <testcase classname="com.CA.qa.TestCases.APITesting" name="testResponsecode" time="0.037"/>
  <system-out/>
  <testcase classname="com.CA.qa.TestCases.APITesting" name="testResponsecode" time="0.209"/>
  <system-out/>
  <testcase classname="com.CA.qa.TestCases.APITesting" name="testResponsecode" time="0.044"/>
  <system-out/>
  <testcase classname="com.CA.qa.TestCases.APITesting" name="testResponsecode" time="0.035"/>
  <system-out/>
  <testcase classname="com.CA.qa.TestCases.APITesting" name="testResponsecode" time="0.035"/>
  <system-out/>
  <testcase classname="com.CA.qa.TestCases.APITesting" name="testResponsecode" time="0.069"/>
  <system-out/>
  <testcase classname="com.CA.qa.TestCases.APITesting" name="testResponsecode" time="0.035"/>
  <system-out/>
  <testcase classname="com.CA.qa.TestCases.APITesting" name="testResponsecode" time="0.046"/>
  <system-out/>
  <testcase classname="com.CA.qa.TestCases.APITesting" name="testResponsecode" time="0.041"/>
  <system-out/>
  <testcase classname="com.CA.qa.TestCases.APITesting" name="testResponsecode" time="0.033"/>
  <system-out/>
  <testcase classname="com.CA.qa.TestCases.APITesting" name="testResponsecode" time="0.196"/>
  <system-out/>
  <testcase classname="com.CA.qa.TestCases.APITesting" name="testResponsecode" time="0.032"/>
  <system-out/>
  <testcase classname="com.CA.qa.TestCases.APITesting" name="testResponsecode" time="0.040"/>
  <system-out/>
  <testcase classname="com.CA.qa.TestCases.APITesting" name="testResponsecode" time="0.034"/>
  <system-out/>
  <testcase classname="com.CA.qa.TestCases.APITesting" name="testResponsecode" time="0.035"/>
  <system-out/>
  <testcase classname="com.CA.qa.TestCases.APITesting" name="testResponsecode" time="0.034"/>
  <system-out/>
  <testcase classname="com.CA.qa.TestCases.APITesting" name="testResponsecode" time="0.037"/>
  <system-out/>
  <testcase classname="com.CA.qa.TestCases.APITesting" name="testResponsecode" time="0.034"/>
  <system-out/>
  <testcase classname="com.CA.qa.TestCases.APITesting" name="testResponsecode" time="0.051"/>
  <system-out/>
  <testcase classname="com.CA.qa.TestCases.APITesting" name="testResponsecode" time="0.037"/>
  <system-out/>
  <testcase classname="com.CA.qa.TestCases.APITesting" name="testResponsecode" time="0.949"/>
  <system-out/>
  <testcase classname="com.CA.qa.TestCases.APITesting" name="testResponsecode" time="0.046"/>
  <system-out/>
  <testcase classname="com.CA.qa.TestCases.APITesting" name="testResponsecode" time="0.033"/>
  <system-out/>
  <testcase classname="com.CA.qa.TestCases.APITesting" name="testResponsecode" time="0.038"/>
  <system-out/>
  <testcase classname="com.CA.qa.TestCases.APITesting" name="testResponsecode" time="0.125"/>
  <system-out/>
  <testcase classname="com.CA.qa.TestCases.APITesting" name="testResponsecode" time="0.034"/>
  <system-out/>
  <testcase classname="com.CA.qa.TestCases.APITesting" name="testResponsecode" time="0.043"/>
  <system-out/>
  <testcase classname="com.CA.qa.TestCases.APITesting" name="testResponsecode" time="0.036"/>
  <system-out/>
  <testcase classname="com.CA.qa.TestCases.APITesting" name="testResponsecode" time="0.033"/>
  <system-out/>
  <testcase classname="com.CA.qa.TestCases.APITesting" name="testResponsecode" time="0.036"/>
  <system-out/>
  <testcase classname="com.CA.qa.TestCases.APITesting" name="testResponsecode" time="0.034"/>
  <system-out/>
  <testcase classname="com.CA.qa.TestCases.APITesting" name="testResponsecode" time="0.035"/>
  <system-out/>
  <testcase classname="com.CA.qa.TestCases.APITesting" name="testResponsecode" time="0.042"/>
  <system-out/>
  <testcase classname="com.CA.qa.TestCases.APITesting" name="testResponsecode" time="0.141"/>
  <system-out/>
  <testcase classname="com.CA.qa.TestCases.APITesting" name="testResponsecode" time="0.042"/>
  <system-out/>
  <testcase classname="com.CA.qa.TestCases.APITesting" name="testResponsecode" time="0.038"/>
  <system-out/>
  <testcase classname="com.CA.qa.TestCases.APITesting" name="testResponsecode" time="0.036"/>
  <system-out/>
  <testcase classname="com.CA.qa.TestCases.APITesting" name="testResponsecode" time="0.087"/>
  <system-out/>
  <testcase classname="com.CA.qa.TestCases.APITesting" name="testResponsecode" time="0.035"/>
  <system-out/>
  <testcase classname="com.CA.qa.TestCases.APITesting" name="testResponsecode" time="0.035"/>
  <system-out/>
  <testcase classname="com.CA.qa.TestCases.APITesting" name="testResponsecode" time="0.036"/>
  <system-out/>
  <testcase classname="com.CA.qa.TestCases.APITesting" name="testResponsecode" time="0.045"/>
  <system-out/>
  <testcase classname="com.CA.qa.TestCases.APITesting" name="testResponsecode" time="0.038"/>
  <system-out/>
  <testcase classname="com.CA.qa.TestCases.APITesting" name="testResponsecode" time="0.034"/>
  <system-out/>
  <testcase classname="com.CA.qa.TestCases.APITesting" name="testResponsecode" time="0.161"/>
  <system-out/>
  <testcase classname="com.CA.qa.TestCases.APITesting" name="testResponsecode" time="0.036"/>
  <system-out/>
  <testcase classname="com.CA.qa.TestCases.APITesting" name="testResponsecode" time="0.032"/>
  <system-out/>
  <testcase classname="com.CA.qa.TestCases.APITesting" name="testResponsecode" time="0.033"/>
  <system-out/>
  <testcase classname="com.CA.qa.TestCases.APITesting" name="testResponsecode" time="0.038"/>
  <system-out/>
  <testcase classname="com.CA.qa.TestCases.APITesting" name="testResponsecode" time="0.034"/>
  <system-out/>
  <testcase classname="com.CA.qa.TestCases.APITesting" name="testResponsecode" time="0.042"/>
  <system-out/>
  <testcase classname="com.CA.qa.TestCases.APITesting" name="testResponsecode" time="0.038"/>
  <system-out/>
  <testcase classname="com.CA.qa.TestCases.APITesting" name="testResponsecode" time="0.036"/>
  <system-out/>
  <testcase classname="com.CA.qa.TestCases.APITesting" name="testResponsecode" time="0.037"/>
  <system-out/>
  <testcase classname="com.CA.qa.TestCases.APITesting" name="testResponsecode" time="0.040"/>
  <system-out/>
  <testcase classname="com.CA.qa.TestCases.APITesting" name="testResponsecode" time="0.134"/>
  <system-out/>
  <testcase classname="com.CA.qa.TestCases.APITesting" name="testResponsecode" time="0.035"/>
  <system-out/>
  <testcase classname="com.CA.qa.TestCases.APITesting" name="testResponsecode" time="0.150"/>
  <system-out/>
  <testcase classname="com.CA.qa.TestCases.APITesting" name="testResponsecode" time="0.034"/>
  <system-out/>
  <testcase classname="com.CA.qa.TestCases.APITesting" name="testResponsecode" time="0.034"/>
  <system-out/>
  <testcase classname="com.CA.qa.TestCases.APITesting" name="testResponsecode" time="0.035"/>
  <system-out/>
  <testcase classname="com.CA.qa.TestCases.APITesting" name="testResponsecode" time="0.048"/>
  <system-out/>
  <testcase classname="com.CA.qa.TestCases.APITesting" name="testResponsecode" time="0.034"/>
  <system-out/>
  <testcase classname="com.CA.qa.TestCases.APITesting" name="testResponsecode" time="0.037"/>
  <system-out/>
  <testcase classname="com.CA.qa.TestCases.APITesting" name="testResponsecode" time="0.049"/>
  <system-out/>
  <testcase classname="com.CA.qa.TestCases.APITesting" name="testResponsecode" time="0.164"/>
  <system-out/>
  <testcase classname="com.CA.qa.TestCases.APITesting" name="testResponsecode" time="0.044"/>
  <system-out/>
  <testcase classname="com.CA.qa.TestCases.APITesting" name="testResponsecode" time="0.042"/>
  <system-out/>
  <testcase classname="com.CA.qa.TestCases.APITesting" name="testResponsecode" time="0.032"/>
  <system-out/>
  <testcase classname="com.CA.qa.TestCases.APITesting" name="testResponsecode" time="0.044"/>
  <system-out/>
  <testcase classname="com.CA.qa.TestCases.APITesting" name="testResponsecode" time="0.035"/>
  <system-out/>
  <testcase classname="com.CA.qa.TestCases.APITesting" name="testResponsecode" time="0.047"/>
  <system-out/>
  <testcase classname="com.CA.qa.TestCases.APITesting" name="testResponsecode" time="0.033"/>
  <system-out/>
  <testcase classname="com.CA.qa.TestCases.APITesting" name="testResponsecode" time="0.034"/>
  <system-out/>
  <testcase classname="com.CA.qa.TestCases.APITesting" name="testResponsecode" time="0.038"/>
  <system-out/>
  <testcase classname="com.CA.qa.TestCases.APITesting" name="testResponsecode" time="1.001"/>
  <system-out/>
  <testcase classname="com.CA.qa.TestCases.APITesting" name="testResponsecode" time="0.033"/>
  <system-out/>
  <testcase classname="com.CA.qa.TestCases.APITesting" name="testResponsecode" time="0.037"/>
  <system-out/>
  <testcase classname="com.CA.qa.TestCases.APITesting" name="testResponsecode" time="0.033"/>
  <system-out/>
  <testcase classname="com.CA.qa.TestCases.APITesting" name="testResponsecode" time="0.033"/>
  <system-out/>
  <testcase classname="com.CA.qa.TestCases.APITesting" name="testResponsecode" time="0.034"/>
  <system-out/>
  <testcase classname="com.CA.qa.TestCases.APITesting" name="testResponsecode" time="0.033"/>
  <system-out/>
  <testcase classname="com.CA.qa.TestCases.APITesting" name="testResponsecode" time="0.123"/>
  <system-out/>
  <testcase classname="com.CA.qa.TestCases.APITesting" name="testResponsecode" time="0.039"/>
  <system-out/>
  <testcase classname="com.CA.qa.TestCases.APITesting" name="testResponsecode" time="0.034"/>
  <system-out/>
  <testcase classname="com.CA.qa.TestCases.APITesting" name="testResponsecode" time="0.034"/>
  <system-out/>
  <testcase classname="com.CA.qa.TestCases.APITesting" name="testResponsecode" time="0.076"/>
  <system-out/>
  <testcase classname="com.CA.qa.TestCases.APITesting" name="testResponsecode" time="0.033"/>
  <system-out/>
  <testcase classname="com.CA.qa.TestCases.APITesting" name="testResponsecode" time="0.161"/>
  <system-out/>
  <testcase classname="com.CA.qa.TestCases.APITesting" name="testResponsecode" time="0.035"/>
  <system-out/>
  <testcase classname="com.CA.qa.TestCases.APITesting" name="testResponsecode" time="0.034"/>
  <system-out/>
  <testcase classname="com.CA.qa.TestCases.APITesting" name="testResponsecode" time="0.047"/>
  <system-out/>
  <testcase classname="com.CA.qa.TestCases.APITesting" name="testResponsecode" time="0.032"/>
  <system-out/>
  <testcase classname="com.CA.qa.TestCases.APITesting" name="testResponsecode" time="0.037"/>
  <system-out/>
  <testcase classname="com.CA.qa.TestCases.APITesting" name="testResponsecode" time="0.034"/>
  <system-out/>
  <testcase classname="com.CA.qa.TestCases.APITesting" name="testResponsecode" time="0.034"/>
  <system-out/>
  <testcase classname="com.CA.qa.TestCases.APITesting" name="testResponsecode" time="0.041"/>
  <system-out/>
  <testcase classname="com.CA.qa.TestCases.APITesting" name="testResponsecode" time="0.034"/>
  <system-out/>
  <testcase classname="com.CA.qa.TestCases.APITesting" name="testResponsecode" time="0.033"/>
  <system-out/>
  <testcase classname="com.CA.qa.TestCases.APITesting" name="testResponsecode" time="0.037"/>
  <system-out/>
  <testcase classname="com.CA.qa.TestCases.APITesting" name="testResponsecode" time="0.047"/>
  <system-out/>
  <testcase classname="com.CA.qa.TestCases.APITesting" name="testResponsecode" time="0.279"/>
  <system-out/>
  <testcase classname="com.CA.qa.TestCases.APITesting" name="testResponsecode" time="0.034"/>
  <system-out/>
  <testcase classname="com.CA.qa.TestCases.APITesting" name="testResponsecode" time="0.036"/>
  <system-out/>
  <testcase classname="com.CA.qa.TestCases.APITesting" name="testResponsecode" time="0.153"/>
  <system-out/>
  <testcase classname="com.CA.qa.TestCases.APITesting" name="testResponsecode" time="0.033"/>
  <system-out/>
  <testcase classname="com.CA.qa.TestCases.APITesting" name="testResponsecode" time="0.034"/>
  <system-out/>
  <testcase classname="com.CA.qa.TestCases.APITesting" name="testResponsecode" time="0.038"/>
  <system-out/>
  <testcase classname="com.CA.qa.TestCases.APITesting" name="testResponsecode" time="0.040"/>
  <system-out/>
  <testcase classname="com.CA.qa.TestCases.APITesting" name="testResponsecode" time="0.033"/>
  <system-out/>
  <testcase classname="com.CA.qa.TestCases.APITesting" name="testResponsecode" time="0.059"/>
  <system-out/>
  <testcase classname="com.CA.qa.TestCases.APITesting" name="testResponsecode" time="0.037"/>
  <system-out/>
  <testcase classname="com.CA.qa.TestCases.APITesting" name="testResponsecode" time="0.032"/>
  <system-out/>
  <testcase classname="com.CA.qa.TestCases.APITesting" name="testResponsecode" time="0.035"/>
  <system-out/>
  <testcase classname="com.CA.qa.TestCases.APITesting" name="testResponsecode" time="0.038"/>
  <system-out/>
  <testcase classname="com.CA.qa.TestCases.APITesting" name="testResponsecode" time="0.042"/>
  <system-out/>
  <testcase classname="com.CA.qa.TestCases.APITesting" name="testResponsecode" time="0.139"/>
  <system-out/>
  <testcase classname="com.CA.qa.TestCases.APITesting" name="testResponsecode" time="0.062"/>
  <system-out/>
  <testcase classname="com.CA.qa.TestCases.APITesting" name="testResponsecode" time="0.032"/>
  <system-out/>
  <testcase classname="com.CA.qa.TestCases.APITesting" name="testResponsecode" time="0.034"/>
  <system-out/>
  <testcase classname="com.CA.qa.TestCases.APITesting" name="testResponsecode" time="0.038"/>
  <system-out/>
  <testcase classname="com.CA.qa.TestCases.APITesting" name="testResponsecode" time="0.041"/>
  <system-out/>
  <testcase classname="com.CA.qa.TestCases.APITesting" name="testResponsecode" time="0.040"/>
  <system-out/>
  <testcase classname="com.CA.qa.TestCases.APITesting" name="testResponsecode" time="0.033"/>
  <system-out/>
  <testcase classname="com.CA.qa.TestCases.APITesting" name="testResponsecode" time="0.036"/>
  <system-out/>
  <testcase classname="com.CA.qa.TestCases.APITesting" name="testResponsecode" time="0.033"/>
  <system-out/>
  <testcase classname="com.CA.qa.TestCases.APITesting" name="testResponsecode" time="0.039"/>
  <system-out/>
  <testcase classname="com.CA.qa.TestCases.APITesting" name="testResponsecode" time="0.042"/>
  <system-out/>
  <testcase classname="com.CA.qa.TestCases.APITesting" name="testResponsecode" time="0.033"/>
  <system-out/>
  <testcase classname="com.CA.qa.TestCases.APITesting" name="testResponsecode" time="0.040"/>
  <system-out/>
  <testcase classname="com.CA.qa.TestCases.APITesting" name="testResponsecode" time="0.044"/>
  <system-out/>
  <testcase classname="com.CA.qa.TestCases.APITesting" name="testResponsecode" time="0.149"/>
  <system-out/>
  <testcase classname="com.CA.qa.TestCases.APITesting" name="testResponsecode" time="0.034"/>
  <system-out/>
  <testcase classname="com.CA.qa.TestCases.APITesting" name="testResponsecode" time="0.042"/>
  <system-out/>
  <testcase classname="com.CA.qa.TestCases.APITesting" name="testResponsecode" time="0.037"/>
  <system-out/>
  <testcase classname="com.CA.qa.TestCases.APITesting" name="testResponsecode" time="0.036"/>
  <system-out/>
  <testcase classname="com.CA.qa.TestCases.APITesting" name="testResponsecode" time="0.032"/>
  <system-out/>
  <testcase classname="com.CA.qa.TestCases.APITesting" name="testResponsecode" time="0.032"/>
  <system-out/>
  <testcase classname="com.CA.qa.TestCases.APITesting" name="testResponsecode" time="0.046"/>
  <system-out/>
  <testcase classname="com.CA.qa.TestCases.APITesting" name="testResponsecode" time="0.033"/>
  <system-out/>
  <testcase classname="com.CA.qa.TestCases.APITesting" name="testResponsecode" time="0.033"/>
  <system-out/>
  <testcase classname="com.CA.qa.TestCases.APITesting" name="testResponsecode" time="0.033"/>
  <system-out/>
  <testcase classname="com.CA.qa.TestCases.APITesting" name="testResponsecode" time="0.040"/>
  <system-out/>
  <testcase classname="com.CA.qa.TestCases.APITesting" name="testResponsecode" time="0.032"/>
  <system-out/>
  <testcase classname="com.CA.qa.TestCases.APITesting" name="testResponsecode" time="0.032"/>
  <system-out/>
  <testcase classname="com.CA.qa.TestCases.APITesting" name="testResponsecode" time="0.039"/>
  <system-out/>
  <testcase classname="com.CA.qa.TestCases.APITesting" name="testResponsecode" time="0.035"/>
  <system-out/>
  <testcase classname="com.CA.qa.TestCases.APITesting" name="testResponsecode" time="0.044"/>
  <system-out/>
  <testcase classname="com.CA.qa.TestCases.APITesting" name="testResponsecode" time="0.032"/>
  <system-out/>
  <testcase classname="com.CA.qa.TestCases.APITesting" name="testResponsecode" time="0.041"/>
  <system-out/>
  <testcase classname="com.CA.qa.TestCases.APITesting" name="testResponsecode" time="0.032"/>
  <system-out/>
  <testcase classname="com.CA.qa.TestCases.APITesting" name="testResponsecode" time="0.035"/>
  <system-out/>
  <testcase classname="com.CA.qa.TestCases.APITesting" name="testResponsecode" time="0.041"/>
  <system-out/>
  <testcase classname="com.CA.qa.TestCases.APITesting" name="testResponsecode" time="0.037"/>
  <system-out/>
  <testcase classname="com.CA.qa.TestCases.APITesting" name="testResponsecode" time="0.966"/>
  <system-out/>
  <testcase classname="com.CA.qa.TestCases.APITesting" name="testResponsecode" time="0.034"/>
  <system-out/>
  <testcase classname="com.CA.qa.TestCases.APITesting" name="testResponsecode" time="0.035"/>
  <system-out/>
  <testcase classname="com.CA.qa.TestCases.APITesting" name="testResponsecode" time="0.034"/>
  <system-out/>
  <testcase classname="com.CA.qa.TestCases.APITesting" name="testResponsecode" time="0.033"/>
  <system-out/>
  <testcase classname="com.CA.qa.TestCases.APITesting" name="testResponsecode" time="0.038"/>
  <system-out/>
  <testcase classname="com.CA.qa.TestCases.APITesting" name="testResponsecode" time="0.038"/>
  <system-out/>
  <testcase classname="com.CA.qa.TestCases.APITesting" name="testResponsecode" time="0.033"/>
  <system-out/>
  <testcase classname="com.CA.qa.TestCases.APITesting" name="testResponsecode" time="0.040"/>
  <system-out/>
  <testcase classname="com.CA.qa.TestCases.APITesting" name="testResponsecode" time="0.037"/>
  <system-out/>
  <testcase classname="com.CA.qa.TestCases.APITesting" name="testResponsecode" time="0.127"/>
  <system-out/>
  <testcase classname="com.CA.qa.TestCases.APITesting" name="testResponsecode" time="0.044"/>
  <system-out/>
  <testcase classname="com.CA.qa.TestCases.APITesting" name="testResponsecode" time="0.034"/>
  <system-out/>
  <testcase classname="com.CA.qa.TestCases.APITesting" name="testResponsecode" time="0.036"/>
  <system-out/>
  <testcase classname="com.CA.qa.TestCases.APITesting" name="testResponsecode" time="0.041"/>
  <system-out/>
  <testcase classname="com.CA.qa.TestCases.APITesting" name="testResponsecode" time="0.106"/>
  <system-out/>
  <testcase classname="com.CA.qa.TestCases.APITesting" name="testResponsecode" time="0.035"/>
  <system-out/>
  <testcase classname="com.CA.qa.TestCases.APITesting" name="testResponsecode" time="0.044"/>
  <system-out/>
  <testcase classname="com.CA.qa.TestCases.APITesting" name="testResponsecode" time="0.034"/>
  <system-out/>
  <testcase classname="com.CA.qa.TestCases.APITesting" name="testResponsecode" time="0.037"/>
  <system-out/>
  <testcase classname="com.CA.qa.TestCases.APITesting" name="testResponsecode" time="0.033"/>
  <system-out/>
  <testcase classname="com.CA.qa.TestCases.APITesting" name="testResponsecode" time="0.033"/>
  <system-out/>
  <testcase classname="com.CA.qa.TestCases.APITesting" name="testResponsecode" time="0.041"/>
  <system-out/>
  <testcase classname="com.CA.qa.TestCases.APITesting" name="testResponsecode" time="0.047"/>
  <system-out/>
  <testcase classname="com.CA.qa.TestCases.APITesting" name="testResponsecode" time="0.034"/>
  <system-out/>
  <testcase classname="com.CA.qa.TestCases.APITesting" name="testResponsecode" time="0.035"/>
  <system-out/>
  <testcase classname="com.CA.qa.TestCases.APITesting" name="testResponsecode" time="0.034"/>
  <system-out/>
  <testcase classname="com.CA.qa.TestCases.APITesting" name="testResponsecode" time="0.036"/>
  <system-out/>
  <testcase classname="com.CA.qa.TestCases.APITesting" name="testResponsecode" time="0.037"/>
  <system-out/>
  <testcase classname="com.CA.qa.TestCases.APITesting" name="testResponsecode" time="0.033"/>
  <system-out/>
  <testcase classname="com.CA.qa.TestCases.APITesting" name="testResponsecode" time="0.037"/>
  <system-out/>
  <testcase classname="com.CA.qa.TestCases.APITesting" name="testResponsecode" time="0.035"/>
  <system-out/>
  <testcase classname="com.CA.qa.TestCases.APITesting" name="testResponsecode" time="0.033"/>
  <system-out/>
  <testcase classname="com.CA.qa.TestCases.APITesting" name="testResponsecode" time="0.034"/>
  <system-out/>
  <testcase classname="com.CA.qa.TestCases.APITesting" name="testResponsecode" time="0.037"/>
  <system-out/>
  <testcase classname="com.CA.qa.TestCases.APITesting" name="testResponsecode" time="0.043"/>
  <system-out/>
  <testcase classname="com.CA.qa.TestCases.APITesting" name="testResponsecode" time="0.033"/>
  <system-out/>
  <testcase classname="com.CA.qa.TestCases.APITesting" name="testResponsecode" time="0.037"/>
  <system-out/>
  <testcase classname="com.CA.qa.TestCases.APITesting" name="testResponsecode" time="0.036"/>
  <system-out/>
  <testcase classname="com.CA.qa.TestCases.APITesting" name="testResponsecode" time="0.035"/>
  <system-out/>
  <testcase classname="com.CA.qa.TestCases.APITesting" name="testResponsecode" time="0.035"/>
  <system-out/>
  <testcase classname="com.CA.qa.TestCases.APITesting" name="testResponsecode" time="0.037"/>
  <system-out/>
  <testcase classname="com.CA.qa.TestCases.APITesting" name="testResponsecode" time="0.039"/>
  <system-out/>
  <testcase classname="com.CA.qa.TestCases.APITesting" name="testResponsecode" time="0.038"/>
  <system-out/>
  <testcase classname="com.CA.qa.TestCases.APITesting" name="testResponsecode" time="0.048"/>
  <system-out/>
  <testcase classname="com.CA.qa.TestCases.APITesting" name="testResponsecode" time="0.043"/>
  <system-out/>
  <testcase classname="com.CA.qa.TestCases.APITesting" name="testResponsecode" time="0.035"/>
  <system-out/>
  <testcase classname="com.CA.qa.TestCases.APITesting" name="testResponsecode" time="0.039"/>
  <system-out/>
  <testcase classname="com.CA.qa.TestCases.APITesting" name="testResponsecode" time="0.039"/>
  <system-out/>
  <testcase classname="com.CA.qa.TestCases.APITesting" name="testResponsecode" time="0.049"/>
  <system-out/>
  <testcase classname="com.CA.qa.TestCases.APITesting" name="testResponsecode" time="0.034"/>
  <system-out/>
  <testcase classname="com.CA.qa.TestCases.APITesting" name="testResponsecode" time="0.034"/>
  <system-out/>
  <testcase classname="com.CA.qa.TestCases.APITesting" name="testResponsecode" time="0.034"/>
  <system-out/>
  <testcase classname="com.CA.qa.TestCases.APITesting" name="testResponsecode" time="0.034"/>
  <system-out/>
  <testcase classname="com.CA.qa.TestCases.APITesting" name="testResponsecode" time="0.114"/>
  <system-out/>
  <testcase classname="com.CA.qa.TestCases.APITesting" name="testResponsecode" time="0.988"/>
  <system-out/>
  <testcase classname="com.CA.qa.TestCases.APITesting" name="testResponsecode" time="0.032"/>
  <system-out/>
  <testcase classname="com.CA.qa.TestCases.APITesting" name="testResponsecode" time="0.034"/>
  <system-out/>
  <testcase classname="com.CA.qa.TestCases.APITesting" name="testResponsecode" time="0.037"/>
  <system-out/>
  <testcase classname="com.CA.qa.TestCases.APITesting" name="testResponsecode" time="0.039"/>
  <system-out/>
  <testcase classname="com.CA.qa.TestCases.APITesting" name="testResponsecode" time="0.033"/>
  <system-out/>
  <testcase classname="com.CA.qa.TestCases.APITesting" name="testResponsecode" time="0.042"/>
  <system-out/>
  <testcase classname="com.CA.qa.TestCases.APITesting" name="testResponsecode" time="0.037"/>
  <system-out/>
  <testcase classname="com.CA.qa.TestCases.APITesting" name="testResponsecode" time="0.045"/>
  <system-out/>
  <testcase classname="com.CA.qa.TestCases.APITesting" name="testResponsecode" time="0.033"/>
  <system-out/>
  <testcase classname="com.CA.qa.TestCases.APITesting" name="testResponsecode" time="0.034"/>
  <system-out/>
  <testcase classname="com.CA.qa.TestCases.APITesting" name="testResponsecode" time="0.035"/>
  <system-out/>
  <testcase classname="com.CA.qa.TestCases.APITesting" name="testResponsecode" time="0.046"/>
  <system-out/>
  <testcase classname="com.CA.qa.TestCases.APITesting" name="testResponsecode" time="0.043"/>
  <system-out/>
  <testcase classname="com.CA.qa.TestCases.APITesting" name="testResponsecode" time="0.164"/>
  <system-out/>
  <testcase classname="com.CA.qa.TestCases.APITesting" name="testResponsecode" time="0.038"/>
  <system-out/>
  <testcase classname="com.CA.qa.TestCases.APITesting" name="testResponsecode" time="0.033"/>
  <system-out/>
  <testcase classname="com.CA.qa.TestCases.APITesting" name="testResponsecode" time="0.037"/>
  <system-out/>
  <testcase classname="com.CA.qa.TestCases.APITesting" name="testResponsecode" time="0.035"/>
  <system-out/>
  <testcase classname="com.CA.qa.TestCases.APITesting" name="testResponsecode" time="0.033"/>
  <system-out/>
  <testcase classname="com.CA.qa.TestCases.APITesting" name="testResponsecode" time="0.033"/>
  <system-out/>
  <testcase classname="com.CA.qa.TestCases.APITesting" name="testResponsecode" time="0.035"/>
  <system-out/>
  <testcase classname="com.CA.qa.TestCases.APITesting" name="testResponsecode" time="0.032"/>
  <system-out/>
  <testcase classname="com.CA.qa.TestCases.APITesting" name="testResponsecode" time="0.033"/>
  <system-out/>
  <testcase classname="com.CA.qa.TestCases.APITesting" name="testResponsecode" time="0.049"/>
  <system-out/>
  <testcase classname="com.CA.qa.TestCases.APITesting" name="testResponsecode" time="0.041"/>
  <system-out/>
  <testcase classname="com.CA.qa.TestCases.APITesting" name="testResponsecode" time="0.041"/>
  <system-out/>
  <testcase classname="com.CA.qa.TestCases.APITesting" name="testResponsecode" time="0.033"/>
  <system-out/>
  <testcase classname="com.CA.qa.TestCases.APITesting" name="testResponsecode" time="0.036"/>
  <system-out/>
  <testcase classname="com.CA.qa.TestCases.APITesting" name="testResponsecode" time="0.045"/>
  <system-out/>
  <testcase classname="com.CA.qa.TestCases.APITesting" name="testResponsecode" time="0.033"/>
  <system-out/>
  <testcase classname="com.CA.qa.TestCases.APITesting" name="testResponsecode" time="0.036"/>
  <system-out/>
  <testcase classname="com.CA.qa.TestCases.APITesting" name="testResponsecode" time="0.038"/>
  <system-out/>
  <testcase classname="com.CA.qa.TestCases.APITesting" name="testResponsecode" time="0.040"/>
  <system-out/>
  <testcase classname="com.CA.qa.TestCases.APITesting" name="testResponsecode" time="0.033"/>
  <system-out/>
  <testcase classname="com.CA.qa.TestCases.APITesting" name="testResponsecode" time="0.036"/>
  <system-out/>
  <testcase classname="com.CA.qa.TestCases.APITesting" name="testResponsecode" time="0.035"/>
  <system-out/>
  <testcase classname="com.CA.qa.TestCases.APITesting" name="testResponsecode" time="0.035"/>
  <system-out/>
  <testcase classname="com.CA.qa.TestCases.APITesting" name="testResponsecode" time="0.046"/>
  <system-out/>
  <testcase classname="com.CA.qa.TestCases.APITesting" name="testResponsecode" time="0.035"/>
  <system-out/>
  <testcase classname="com.CA.qa.TestCases.APITesting" name="testResponsecode" time="0.038"/>
  <system-out/>
  <testcase classname="com.CA.qa.TestCases.APITesting" name="testResponsecode" time="0.034"/>
  <system-out/>
  <testcase classname="com.CA.qa.TestCases.APITesting" name="testResponsecode" time="0.033"/>
  <system-out/>
  <testcase classname="com.CA.qa.TestCases.APITesting" name="testResponsecode" time="0.039"/>
  <system-out/>
  <testcase classname="com.CA.qa.TestCases.APITesting" name="testResponsecode" time="0.121"/>
  <system-out/>
  <testcase classname="com.CA.qa.TestCases.APITesting" name="testResponsecode" time="0.035"/>
  <system-out/>
  <testcase classname="com.CA.qa.TestCases.APITesting" name="testResponsecode" time="0.031"/>
  <system-out/>
  <testcase classname="com.CA.qa.TestCases.APITesting" name="testResponsecode" time="0.034"/>
  <system-out/>
  <testcase classname="com.CA.qa.TestCases.APITesting" name="testResponsecode" time="0.241"/>
  <system-out/>
  <testcase classname="com.CA.qa.TestCases.APITesting" name="testResponsecode" time="0.036"/>
  <system-out/>
  <testcase classname="com.CA.qa.TestCases.APITesting" name="testResponsecode" time="0.033"/>
  <system-out/>
  <testcase classname="com.CA.qa.TestCases.APITesting" name="testResponsecode" time="0.136"/>
  <system-out/>
  <testcase classname="com.CA.qa.TestCases.APITesting" name="testResponsecode" time="0.033"/>
  <system-out/>
  <testcase classname="com.CA.qa.TestCases.APITesting" name="testResponsecode" time="0.035"/>
  <system-out/>
  <testcase classname="com.CA.qa.TestCases.APITesting" name="testResponsecode" time="0.038"/>
  <system-out/>
  <testcase classname="com.CA.qa.TestCases.APITesting" name="testResponsecode" time="0.032"/>
  <system-out/>
  <testcase classname="com.CA.qa.TestCases.APITesting" name="testResponsecode" time="0.783"/>
  <system-out/>
  <testcase classname="com.CA.qa.TestCases.APITesting" name="testResponsecode" time="0.034"/>
  <system-out/>
  <testcase classname="com.CA.qa.TestCases.APITesting" name="testResponsecode" time="0.040"/>
  <system-out/>
  <testcase classname="com.CA.qa.TestCases.APITesting" name="testResponsecode" time="0.032"/>
  <system-out/>
  <testcase classname="com.CA.qa.TestCases.APITesting" name="testResponsecode" time="0.038"/>
  <system-out/>
  <testcase classname="com.CA.qa.TestCases.APITesting" name="testResponsecode" time="0.036"/>
  <system-out/>
  <testcase classname="com.CA.qa.TestCases.APITesting" name="testResponsecode" time="0.036"/>
  <system-out/>
  <testcase classname="com.CA.qa.TestCases.APITesting" name="testResponsecode" time="0.037"/>
  <system-out/>
  <testcase classname="com.CA.qa.TestCases.APITesting" name="testResponsecode" time="0.034"/>
  <system-out/>
  <testcase classname="com.CA.qa.TestCases.APITesting" name="testResponsecode" time="0.034"/>
  <system-out/>
  <testcase classname="com.CA.qa.TestCases.APITesting" name="testResponsecode" time="0.033"/>
  <system-out/>
  <testcase classname="com.CA.qa.TestCases.APITesting" name="testResponsecode" time="0.035"/>
  <system-out/>
  <testcase classname="com.CA.qa.TestCases.APITesting" name="testResponsecode" time="0.038"/>
  <system-out/>
  <testcase classname="com.CA.qa.TestCases.APITesting" name="testResponsecode" time="0.038"/>
  <system-out/>
  <testcase classname="com.CA.qa.TestCases.APITesting" name="testResponsecode" time="0.036"/>
  <system-out/>
  <testcase classname="com.CA.qa.TestCases.APITesting" name="testResponsecode" time="0.038"/>
  <system-out/>
  <testcase classname="com.CA.qa.TestCases.APITesting" name="testResponsecode" time="0.069"/>
  <system-out/>
  <testcase classname="com.CA.qa.TestCases.APITesting" name="testResponsecode" time="0.033"/>
  <system-out/>
  <testcase classname="com.CA.qa.TestCases.APITesting" name="testResponsecode" time="0.038"/>
  <system-out/>
  <testcase classname="com.CA.qa.TestCases.APITesting" name="testResponsecode" time="0.039"/>
  <system-out/>
  <testcase classname="com.CA.qa.TestCases.APITesting" name="testResponsecode" time="0.033"/>
  <system-out/>
  <testcase classname="com.CA.qa.TestCases.APITesting" name="testResponsecode" time="0.032"/>
  <system-out/>
  <testcase classname="com.CA.qa.TestCases.APITesting" name="testResponsecode" time="0.041"/>
  <system-out/>
  <testcase classname="com.CA.qa.TestCases.APITesting" name="testResponsecode" time="0.038"/>
  <system-out/>
  <testcase classname="com.CA.qa.TestCases.APITesting" name="testResponsecode" time="0.033"/>
  <system-out/>
  <testcase classname="com.CA.qa.TestCases.APITesting" name="testResponsecode" time="0.073"/>
  <system-out/>
  <testcase classname="com.CA.qa.TestCases.APITesting" name="testResponsecode" time="0.034"/>
  <system-out/>
  <testcase classname="com.CA.qa.TestCases.APITesting" name="testResponsecode" time="0.032"/>
  <system-out/>
  <testcase classname="com.CA.qa.TestCases.APITesting" name="testResponsecode" time="0.035"/>
  <system-out/>
  <testcase classname="com.CA.qa.TestCases.APITesting" name="testResponsecode" time="0.034"/>
  <system-out/>
  <testcase classname="com.CA.qa.TestCases.APITesting" name="testResponsecode" time="0.033"/>
  <system-out/>
  <testcase classname="com.CA.qa.TestCases.APITesting" name="testResponsecode" time="0.061"/>
  <system-out/>
  <testcase classname="com.CA.qa.TestCases.APITesting" name="testResponsecode" time="0.034"/>
  <system-out/>
  <testcase classname="com.CA.qa.TestCases.APITesting" name="testResponsecode" time="0.033"/>
  <system-out/>
  <testcase classname="com.CA.qa.TestCases.APITesting" name="testResponsecode" time="0.038"/>
  <system-out/>
  <testcase classname="com.CA.qa.TestCases.APITesting" name="testResponsecode" time="0.038"/>
  <system-out/>
  <testcase classname="com.CA.qa.TestCases.APITesting" name="testResponsecode" time="0.053"/>
  <system-out/>
  <testcase classname="com.CA.qa.TestCases.APITesting" name="testResponsecode" time="0.038"/>
  <system-out/>
  <testcase classname="com.CA.qa.TestCases.APITesting" name="testResponsecode" time="0.034"/>
  <system-out/>
  <testcase classname="com.CA.qa.TestCases.APITesting" name="testResponsecode" time="0.032"/>
  <system-out/>
  <testcase classname="com.CA.qa.TestCases.APITesting" name="testResponsecode" time="0.040"/>
  <system-out/>
  <testcase classname="com.CA.qa.TestCases.APITesting" name="testResponsecode" time="0.037"/>
  <system-out/>
  <testcase classname="com.CA.qa.TestCases.APITesting" name="testResponsecode" time="0.035"/>
  <system-out/>
  <testcase classname="com.CA.qa.TestCases.APITesting" name="testResponsecode" time="0.045"/>
  <system-out/>
  <testcase classname="com.CA.qa.TestCases.APITesting" name="testResponsecode" time="0.036"/>
  <system-out/>
  <testcase classname="com.CA.qa.TestCases.APITesting" name="testResponsecode" time="0.037"/>
  <system-out/>
  <testcase classname="com.CA.qa.TestCases.APITesting" name="testResponsecode" time="0.033"/>
  <system-out/>
  <testcase classname="com.CA.qa.TestCases.APITesting" name="testResponsecode" time="0.035"/>
  <system-out/>
  <testcase classname="com.CA.qa.TestCases.APITesting" name="testResponsecode" time="0.034"/>
  <system-out/>
  <testcase classname="com.CA.qa.TestCases.APITesting" name="testResponsecode" time="0.041"/>
  <system-out/>
  <testcase classname="com.CA.qa.TestCases.APITesting" name="testResponsecode" time="0.036"/>
  <system-out/>
  <testcase classname="com.CA.qa.TestCases.APITesting" name="testResponsecode" time="0.033"/>
  <system-out/>
  <testcase classname="com.CA.qa.TestCases.APITesting" name="testResponsecode" time="0.037"/>
  <system-out/>
  <testcase classname="com.CA.qa.TestCases.APITesting" name="testResponsecode" time="0.033"/>
  <system-out/>
  <testcase classname="com.CA.qa.TestCases.APITesting" name="testResponsecode" time="0.033"/>
  <system-out/>
  <testcase classname="com.CA.qa.TestCases.APITesting" name="testResponsecode" time="0.034"/>
  <system-out/>
  <testcase classname="com.CA.qa.TestCases.APITesting" name="testResponsecode" time="0.035"/>
  <system-out/>
  <testcase classname="com.CA.qa.TestCases.APITesting" name="testResponsecode" time="0.036"/>
  <system-out/>
  <testcase classname="com.CA.qa.TestCases.APITesting" name="testResponsecode" time="0.040"/>
  <system-out/>
  <testcase classname="com.CA.qa.TestCases.APITesting" name="testResponsecode" time="0.047"/>
  <system-out/>
  <testcase classname="com.CA.qa.TestCases.APITesting" name="testResponsecode" time="0.041"/>
  <system-out/>
  <testcase classname="com.CA.qa.TestCases.APITesting" name="testResponsecode" time="0.057"/>
  <system-out/>
  <testcase classname="com.CA.qa.TestCases.APITesting" name="testResponsecode" time="0.070"/>
  <system-out/>
  <testcase classname="com.CA.qa.TestCases.APITesting" name="testResponsecode" time="0.036"/>
  <system-out/>
  <testcase classname="com.CA.qa.TestCases.APITesting" name="testResponsecode" time="0.037"/>
  <system-out/>
  <testcase classname="com.CA.qa.TestCases.APITesting" name="testResponsecode" time="0.036"/>
  <system-out/>
  <testcase classname="com.CA.qa.TestCases.APITesting" name="testResponsecode" time="0.122"/>
  <system-out/>
  <testcase classname="com.CA.qa.TestCases.APITesting" name="testResponsecode" time="0.033"/>
  <system-out/>
  <testcase classname="com.CA.qa.TestCases.APITesting" name="testResponsecode" time="0.037"/>
  <system-out/>
  <testcase classname="com.CA.qa.TestCases.APITesting" name="testResponsecode" time="0.033"/>
  <system-out/>
  <testcase classname="com.CA.qa.TestCases.APITesting" name="testResponsecode" time="0.033"/>
  <system-out/>
  <testcase classname="com.CA.qa.TestCases.APITesting" name="testResponsecode" time="0.037"/>
  <system-out/>
  <testcase classname="com.CA.qa.TestCases.APITesting" name="testResponsecode" time="0.065"/>
  <system-out/>
  <testcase classname="com.CA.qa.TestCases.APITesting" name="testResponsecode" time="0.036"/>
  <system-out/>
  <testcase classname="com.CA.qa.TestCases.APITesting" name="testResponsecode" time="0.037"/>
  <system-out/>
  <testcase classname="com.CA.qa.TestCases.APITesting" name="testResponsecode" time="0.037"/>
  <system-out/>
  <testcase classname="com.CA.qa.TestCases.APITesting" name="testResponsecode" time="0.038"/>
  <system-out/>
  <testcase classname="com.CA.qa.TestCases.APITesting" name="testResponsecode" time="0.034"/>
  <system-out/>
  <testcase classname="com.CA.qa.TestCases.APITesting" name="testResponsecode" time="0.042"/>
  <system-out/>
  <testcase classname="com.CA.qa.TestCases.APITesting" name="testResponsecode" time="0.037"/>
  <system-out/>
  <testcase classname="com.CA.qa.TestCases.APITesting" name="testResponsecode" time="0.129"/>
  <system-out/>
  <testcase classname="com.CA.qa.TestCases.APITesting" name="testResponsecode" time="0.032"/>
  <system-out/>
  <testcase classname="com.CA.qa.TestCases.APITesting" name="testResponsecode" time="0.035"/>
  <system-out/>
  <testcase classname="com.CA.qa.TestCases.APITesting" name="testResponsecode" time="0.038"/>
  <system-out/>
  <testcase classname="com.CA.qa.TestCases.APITesting" name="testResponsecode" time="0.112"/>
  <system-out/>
  <testcase classname="com.CA.qa.TestCases.APITesting" name="testResponsecode" time="0.033"/>
  <system-out/>
  <testcase classname="com.CA.qa.TestCases.APITesting" name="testResponsecode" time="0.034"/>
  <system-out/>
  <testcase classname="com.CA.qa.TestCases.APITesting" name="testResponsecode" time="0.034"/>
  <system-out/>
  <testcase classname="com.CA.qa.TestCases.APITesting" name="testResponsecode" time="0.032"/>
  <system-out/>
  <testcase classname="com.CA.qa.TestCases.APITesting" name="testResponsecode" time="0.033"/>
  <system-out/>
  <testcase classname="com.CA.qa.TestCases.APITesting" name="testResponsecode" time="0.035"/>
  <system-out/>
  <testcase classname="com.CA.qa.TestCases.APITesting" name="testResponsecode" time="0.036"/>
  <system-out/>
  <testcase classname="com.CA.qa.TestCases.APITesting" name="testResponsecode" time="0.032"/>
  <system-out/>
  <testcase classname="com.CA.qa.TestCases.APITesting" name="testResponsecode" time="0.046"/>
  <system-out/>
  <testcase classname="com.CA.qa.TestCases.APITesting" name="testResponsecode" time="0.054"/>
  <system-out/>
  <testcase classname="com.CA.qa.TestCases.APITesting" name="testResponsecode" time="0.034"/>
  <system-out/>
  <testcase classname="com.CA.qa.TestCases.APITesting" name="testResponsecode" time="0.038"/>
  <system-out/>
  <testcase classname="com.CA.qa.TestCases.APITesting" name="testResponsecode" time="0.035"/>
  <system-out/>
  <testcase classname="com.CA.qa.TestCases.APITesting" name="testResponsecode" time="0.428"/>
  <system-out/>
  <testcase classname="com.CA.qa.TestCases.APITesting" name="testResponsecode" time="0.033"/>
  <system-out/>
  <testcase classname="com.CA.qa.TestCases.APITesting" name="testResponsecode" time="0.059"/>
  <system-out/>
  <testcase classname="com.CA.qa.TestCases.APITesting" name="testResponsecode" time="0.037"/>
  <system-out/>
  <testcase classname="com.CA.qa.TestCases.APITesting" name="testResponsecode" time="0.045"/>
  <system-out/>
  <testcase classname="com.CA.qa.TestCases.APITesting" name="testResponsecode" time="0.034"/>
  <system-out/>
  <testcase classname="com.CA.qa.TestCases.APITesting" name="testResponsecode" time="0.032"/>
  <system-out/>
  <testcase classname="com.CA.qa.TestCases.APITesting" name="testResponsecode" time="0.037"/>
  <system-out/>
  <testcase classname="com.CA.qa.TestCases.APITesting" name="testResponsecode" time="0.045"/>
  <system-out/>
  <testcase classname="com.CA.qa.TestCases.APITesting" name="testResponsecode" time="0.073"/>
  <system-out/>
  <testcase classname="com.CA.qa.TestCases.APITesting" name="testResponsecode" time="0.034"/>
  <system-out/>
  <testcase classname="com.CA.qa.TestCases.APITesting" name="testResponsecode" time="0.033"/>
  <system-out/>
  <testcase classname="com.CA.qa.TestCases.APITesting" name="testResponsecode" time="0.035"/>
  <system-out/>
  <testcase classname="com.CA.qa.TestCases.APITesting" name="testResponsecode" time="0.033"/>
  <system-out/>
  <testcase classname="com.CA.qa.TestCases.APITesting" name="testResponsecode" time="0.037"/>
  <system-out/>
  <testcase classname="com.CA.qa.TestCases.APITesting" name="testResponsecode" time="0.037"/>
  <system-out/>
  <testcase classname="com.CA.qa.TestCases.APITesting" name="testResponsecode" time="0.032"/>
  <system-out/>
  <testcase classname="com.CA.qa.TestCases.APITesting" name="testResponsecode" time="0.036"/>
  <system-out/>
  <testcase classname="com.CA.qa.TestCases.APITesting" name="testResponsecode" time="0.038"/>
  <system-out/>
  <testcase classname="com.CA.qa.TestCases.APITesting" name="testResponsecode" time="0.051"/>
  <system-out/>
  <testcase classname="com.CA.qa.TestCases.APITesting" name="testResponsecode" time="0.063"/>
  <system-out/>
  <testcase classname="com.CA.qa.TestCases.APITesting" name="testResponsecode" time="0.034"/>
  <system-out/>
  <testcase classname="com.CA.qa.TestCases.APITesting" name="testResponsecode" time="0.049"/>
  <system-out/>
  <testcase classname="com.CA.qa.TestCases.APITesting" name="testResponsecode" time="0.033"/>
  <system-out/>
  <testcase classname="com.CA.qa.TestCases.APITesting" name="testResponsecode" time="0.036"/>
  <system-out/>
  <testcase classname="com.CA.qa.TestCases.APITesting" name="testResponsecode" time="0.046"/>
  <system-out/>
  <testcase classname="com.CA.qa.TestCases.APITesting" name="testResponsecode" time="0.033"/>
  <system-out/>
  <testcase classname="com.CA.qa.TestCases.APITesting" name="testResponsecode" time="0.044"/>
  <system-out/>
  <testcase classname="com.CA.qa.TestCases.APITesting" name="testResponsecode" time="0.033"/>
  <system-out/>
  <testcase classname="com.CA.qa.TestCases.APITesting" name="testResponsecode" time="0.033"/>
  <system-out/>
  <testcase classname="com.CA.qa.TestCases.APITesting" name="testResponsecode" time="0.033"/>
  <system-out/>
  <testcase classname="com.CA.qa.TestCases.APITesting" name="testResponsecode" time="0.169"/>
  <system-out/>
  <testcase classname="com.CA.qa.TestCases.APITesting" name="testResponsecode" time="0.034"/>
  <system-out/>
  <testcase classname="com.CA.qa.TestCases.APITesting" name="testResponsecode" time="0.034"/>
  <system-out/>
  <testcase classname="com.CA.qa.TestCases.APITesting" name="testResponsecode" time="0.036"/>
  <system-out/>
  <testcase classname="com.CA.qa.TestCases.APITesting" name="testResponsecode" time="0.035"/>
  <system-out/>
  <testcase classname="com.CA.qa.TestCases.APITesting" name="testResponsecode" time="0.036"/>
  <system-out/>
  <testcase classname="com.CA.qa.TestCases.APITesting" name="testResponsecode" time="0.034"/>
  <system-out/>
  <testcase classname="com.CA.qa.TestCases.APITesting" name="testResponsecode" time="0.039"/>
  <system-out/>
  <testcase classname="com.CA.qa.TestCases.APITesting" name="testResponsecode" time="0.176"/>
  <system-out/>
  <testcase classname="com.CA.qa.TestCases.APITesting" name="testResponsecode" time="0.038"/>
  <system-out/>
  <testcase classname="com.CA.qa.TestCases.APITesting" name="testResponsecode" time="0.033"/>
  <system-out/>
  <testcase classname="com.CA.qa.TestCases.APITesting" name="testResponsecode" time="0.035"/>
  <system-out/>
  <testcase classname="com.CA.qa.TestCases.APITesting" name="testResponsecode" time="0.042"/>
  <system-out/>
  <testcase classname="com.CA.qa.TestCases.APITesting" name="testResponsecode" time="0.033"/>
  <system-out/>
  <testcase classname="com.CA.qa.TestCases.APITesting" name="testResponsecode" time="0.034"/>
  <system-out/>
  <testcase classname="com.CA.qa.TestCases.APITesting" name="testResponsecode" time="0.043"/>
  <system-out/>
  <testcase classname="com.CA.qa.TestCases.APITesting" name="testResponsecode" time="0.036"/>
  <system-out/>
  <testcase classname="com.CA.qa.TestCases.APITesting" name="testResponsecode" time="0.034"/>
  <system-out/>
  <testcase classname="com.CA.qa.TestCases.APITesting" name="testResponsecode" time="0.033"/>
  <system-out/>
  <testcase classname="com.CA.qa.TestCases.APITesting" name="testResponsecode" time="0.033"/>
  <system-out/>
  <testcase classname="com.CA.qa.TestCases.APITesting" name="testResponsecode" time="0.046"/>
  <system-out/>
  <testcase classname="com.CA.qa.TestCases.APITesting" name="testResponsecode" time="0.034"/>
  <system-out/>
  <testcase classname="com.CA.qa.TestCases.APITesting" name="testResponsecode" time="0.043"/>
  <system-out/>
  <testcase classname="com.CA.qa.TestCases.APITesting" name="testResponsecode" time="0.036"/>
  <system-out/>
  <testcase classname="com.CA.qa.TestCases.APITesting" name="testResponsecode" time="0.037"/>
  <system-out/>
  <testcase classname="com.CA.qa.TestCases.APITesting" name="testResponsecode" time="0.035"/>
  <system-out/>
  <testcase classname="com.CA.qa.TestCases.APITesting" name="testResponsecode" time="0.177"/>
  <system-out/>
  <testcase classname="com.CA.qa.TestCases.APITesting" name="testResponsecode" time="0.046"/>
  <system-out/>
  <testcase classname="com.CA.qa.TestCases.APITesting" name="testResponsecode" time="0.032"/>
  <system-out/>
  <testcase classname="com.CA.qa.TestCases.APITesting" name="testResponsecode" time="0.037"/>
  <system-out/>
  <testcase classname="com.CA.qa.TestCases.APITesting" name="testResponsecode" time="0.033"/>
  <system-out/>
  <testcase classname="com.CA.qa.TestCases.APITesting" name="testResponsecode" time="0.033"/>
  <system-out/>
  <testcase classname="com.CA.qa.TestCases.APITesting" name="testResponsecode" time="0.033"/>
  <system-out/>
  <testcase classname="com.CA.qa.TestCases.APITesting" name="testResponsecode" time="0.034"/>
  <system-out/>
  <testcase classname="com.CA.qa.TestCases.APITesting" name="testResponsecode" time="0.034"/>
  <system-out/>
  <testcase classname="com.CA.qa.TestCases.APITesting" name="testResponsecode" time="0.033"/>
  <system-out/>
  <testcase classname="com.CA.qa.TestCases.APITesting" name="testResponsecode" time="0.034"/>
  <system-out/>
  <testcase classname="com.CA.qa.TestCases.APITesting" name="testResponsecode" time="0.032"/>
  <system-out/>
  <testcase classname="com.CA.qa.TestCases.APITesting" name="testResponsecode" time="0.031"/>
  <system-out/>
  <testcase classname="com.CA.qa.TestCases.APITesting" name="testResponsecode" time="0.032"/>
  <system-out/>
  <testcase classname="com.CA.qa.TestCases.APITesting" name="testResponsecode" time="0.034"/>
  <system-out/>
  <testcase classname="com.CA.qa.TestCases.APITesting" name="testResponsecode" time="0.036"/>
  <system-out/>
  <testcase classname="com.CA.qa.TestCases.APITesting" name="testResponsecode" time="0.130"/>
  <system-out/>
  <testcase classname="com.CA.qa.TestCases.APITesting" name="testResponsecode" time="0.033"/>
  <system-out/>
  <testcase classname="com.CA.qa.TestCases.APITesting" name="testResponsecode" time="0.031"/>
  <system-out/>
  <testcase classname="com.CA.qa.TestCases.APITesting" name="testResponsecode" time="0.032"/>
  <system-out/>
  <testcase classname="com.CA.qa.TestCases.APITesting" name="testResponsecode" time="0.035"/>
  <system-out/>
  <testcase classname="com.CA.qa.TestCases.APITesting" name="testResponsecode" time="0.034"/>
  <system-out/>
  <testcase classname="com.CA.qa.TestCases.APITesting" name="testResponsecode" time="0.044"/>
  <system-out/>
  <testcase classname="com.CA.qa.TestCases.APITesting" name="testResponsecode" time="0.038"/>
  <system-out/>
  <testcase classname="com.CA.qa.TestCases.APITesting" name="testResponsecode" time="0.032"/>
  <system-out/>
  <testcase classname="com.CA.qa.TestCases.APITesting" name="testResponsecode" time="0.040"/>
  <system-out/>
  <testcase classname="com.CA.qa.TestCases.APITesting" name="testResponsecode" time="0.043"/>
  <system-out/>
  <testcase classname="com.CA.qa.TestCases.APITesting" name="testResponsecode" time="0.032"/>
  <system-out/>
  <testcase classname="com.CA.qa.TestCases.APITesting" name="testResponsecode" time="0.033"/>
  <system-out/>
  <testcase classname="com.CA.qa.TestCases.APITesting" name="testResponsecode" time="0.036"/>
  <system-out/>
  <testcase classname="com.CA.qa.TestCases.APITesting" name="testResponsecode" time="0.092"/>
  <system-out/>
  <testcase classname="com.CA.qa.TestCases.APITesting" name="testResponsecode" time="0.036"/>
  <system-out/>
  <testcase classname="com.CA.qa.TestCases.APITesting" name="testResponsecode" time="0.032"/>
  <system-out/>
  <testcase classname="com.CA.qa.TestCases.APITesting" name="testResponsecode" time="0.031"/>
  <system-out/>
  <testcase classname="com.CA.qa.TestCases.APITesting" name="testResponsecode" time="0.033"/>
  <system-out/>
  <testcase classname="com.CA.qa.TestCases.APITesting" name="testResponsecode" time="0.044"/>
  <system-out/>
  <testcase classname="com.CA.qa.TestCases.APITesting" name="testResponsecode" time="0.037"/>
  <system-out/>
  <testcase classname="com.CA.qa.TestCases.APITesting" name="testResponsecode" time="0.043"/>
  <system-out/>
  <testcase classname="com.CA.qa.TestCases.APITesting" name="testResponsecode" time="0.033"/>
  <system-out/>
  <testcase classname="com.CA.qa.TestCases.APITesting" name="testResponsecode" time="0.035"/>
  <system-out/>
  <testcase classname="com.CA.qa.TestCases.APITesting" name="testResponsecode" time="0.035"/>
  <system-out/>
  <testcase classname="com.CA.qa.TestCases.APITesting" name="testResponsecode" time="0.048"/>
  <system-out/>
  <testcase classname="com.CA.qa.TestCases.APITesting" name="testResponsecode" time="0.044"/>
  <system-out/>
  <testcase classname="com.CA.qa.TestCases.APITesting" name="testResponsecode" time="0.034"/>
  <system-out/>
  <testcase classname="com.CA.qa.TestCases.APITesting" name="testResponsecode" time="0.037"/>
  <system-out/>
  <testcase classname="com.CA.qa.TestCases.APITesting" name="testResponsecode" time="0.032"/>
  <system-out/>
  <testcase classname="com.CA.qa.TestCases.APITesting" name="testResponsecode" time="0.046"/>
  <system-out/>
  <testcase classname="com.CA.qa.TestCases.APITesting" name="testResponsecode" time="0.034"/>
  <system-out/>
  <testcase classname="com.CA.qa.TestCases.APITesting" name="testResponsecode" time="0.034"/>
  <system-out/>
  <testcase classname="com.CA.qa.TestCases.APITesting" name="testResponsecode" time="0.033"/>
  <system-out/>
  <testcase classname="com.CA.qa.TestCases.APITesting" name="testResponsecode" time="0.034"/>
  <system-out/>
  <testcase classname="com.CA.qa.TestCases.APITesting" name="testResponsecode" time="0.033"/>
  <system-out/>
  <testcase classname="com.CA.qa.TestCases.APITesting" name="testResponsecode" time="0.041"/>
  <system-out/>
  <testcase classname="com.CA.qa.TestCases.APITesting" name="testResponsecode" time="0.038"/>
  <system-out/>
  <testcase classname="com.CA.qa.TestCases.APITesting" name="testResponsecode" time="0.035"/>
  <system-out/>
  <testcase classname="com.CA.qa.TestCases.APITesting" name="testResponsecode" time="0.033"/>
  <system-out/>
  <testcase classname="com.CA.qa.TestCases.APITesting" name="testResponsecode" time="0.035"/>
  <system-out/>
  <testcase classname="com.CA.qa.TestCases.APITesting" name="testResponsecode" time="0.039"/>
  <system-out/>
  <testcase classname="com.CA.qa.TestCases.APITesting" name="testResponsecode" time="0.035"/>
  <system-out/>
  <testcase classname="com.CA.qa.TestCases.APITesting" name="testResponsecode" time="0.165"/>
  <system-out/>
  <testcase classname="com.CA.qa.TestCases.APITesting" name="testResponsecode" time="0.033"/>
  <system-out/>
  <testcase classname="com.CA.qa.TestCases.APITesting" name="testResponsecode" time="0.039"/>
  <system-out/>
  <testcase classname="com.CA.qa.TestCases.APITesting" name="testResponsecode" time="0.038"/>
  <system-out/>
  <testcase classname="com.CA.qa.TestCases.APITesting" name="testResponsecode" time="0.032"/>
  <system-out/>
  <testcase classname="com.CA.qa.TestCases.APITesting" name="testResponsecode" time="0.048"/>
  <system-out/>
  <testcase classname="com.CA.qa.TestCases.APITesting" name="testResponsecode" time="0.034"/>
  <system-out/>
  <testcase classname="com.CA.qa.TestCases.APITesting" name="testResponsecode" time="0.042"/>
  <system-out/>
  <testcase classname="com.CA.qa.TestCases.APITesting" name="testResponsecode" time="0.032"/>
  <system-out/>
  <testcase classname="com.CA.qa.TestCases.APITesting" name="testResponsecode" time="0.035"/>
  <system-out/>
  <testcase classname="com.CA.qa.TestCases.APITesting" name="testResponsecode" time="0.037"/>
  <system-out/>
  <testcase classname="com.CA.qa.TestCases.APITesting" name="testResponsecode" time="0.032"/>
  <system-out/>
  <testcase classname="com.CA.qa.TestCases.APITesting" name="testResponsecode" time="0.044"/>
  <system-out/>
  <testcase classname="com.CA.qa.TestCases.APITesting" name="testResponsecode" time="0.033"/>
  <system-out/>
  <testcase classname="com.CA.qa.TestCases.APITesting" name="testResponsecode" time="0.037"/>
  <system-out/>
  <testcase classname="com.CA.qa.TestCases.APITesting" name="testResponsecode" time="0.035"/>
  <system-out/>
  <testcase classname="com.CA.qa.TestCases.APITesting" name="testResponsecode" time="0.035"/>
  <system-out/>
  <testcase classname="com.CA.qa.TestCases.APITesting" name="testResponsecode" time="0.032"/>
  <system-out/>
  <testcase classname="com.CA.qa.TestCases.APITesting" name="testResponsecode" time="0.044"/>
  <system-out/>
  <testcase classname="com.CA.qa.TestCases.APITesting" name="testResponsecode" time="0.069"/>
  <system-out/>
  <testcase classname="com.CA.qa.TestCases.APITesting" name="testResponsecode" time="0.091"/>
  <system-out/>
  <testcase classname="com.CA.qa.TestCases.APITesting" name="testResponsecode" time="0.034"/>
  <system-out/>
  <testcase classname="com.CA.qa.TestCases.APITesting" name="testResponsecode" time="0.036"/>
  <system-out/>
  <testcase classname="com.CA.qa.TestCases.APITesting" name="testResponsecode" time="0.032"/>
  <system-out/>
  <testcase classname="com.CA.qa.TestCases.APITesting" name="testResponsecode" time="0.035"/>
  <system-out/>
  <testcase classname="com.CA.qa.TestCases.APITesting" name="testResponsecode" time="0.036"/>
  <system-out/>
  <testcase classname="com.CA.qa.TestCases.APITesting" name="testResponsecode" time="0.034"/>
  <system-out/>
  <testcase classname="com.CA.qa.TestCases.APITesting" name="testResponsecode" time="0.174"/>
  <system-out/>
  <testcase classname="com.CA.qa.TestCases.APITesting" name="testResponsecode" time="0.051"/>
  <system-out/>
  <testcase classname="com.CA.qa.TestCases.APITesting" name="testResponsecode" time="0.054"/>
  <system-out/>
  <testcase classname="com.CA.qa.TestCases.APITesting" name="testResponsecode" time="0.036"/>
  <system-out/>
  <testcase classname="com.CA.qa.TestCases.APITesting" name="testResponsecode" time="0.035"/>
  <system-out/>
  <testcase classname="com.CA.qa.TestCases.APITesting" name="testResponsecode" time="0.241"/>
  <system-out/>
  <testcase classname="com.CA.qa.TestCases.APITesting" name="testResponsecode" time="0.033"/>
  <system-out/>
  <testcase classname="com.CA.qa.TestCases.APITesting" name="testResponsecode" time="0.033"/>
  <system-out/>
  <testcase classname="com.CA.qa.TestCases.APITesting" name="testResponsecode" time="0.039"/>
  <system-out/>
  <testcase classname="com.CA.qa.TestCases.APITesting" name="testResponsecode" time="0.039"/>
  <system-out/>
  <testcase classname="com.CA.qa.TestCases.APITesting" name="testResponsecode" time="0.066"/>
  <system-out/>
  <testcase classname="com.CA.qa.TestCases.APITesting" name="testResponsecode" time="0.037"/>
  <system-out/>
  <testcase classname="com.CA.qa.TestCases.APITesting" name="testResponsecode" time="0.032"/>
  <system-out/>
  <testcase classname="com.CA.qa.TestCases.APITesting" name="testResponsecode" time="0.143"/>
  <system-out/>
  <testcase classname="com.CA.qa.TestCases.APITesting" name="testResponsecode" time="0.036"/>
  <system-out/>
  <testcase classname="com.CA.qa.TestCases.APITesting" name="testResponsecode" time="0.040"/>
  <system-out/>
  <testcase classname="com.CA.qa.TestCases.APITesting" name="testResponsecode" time="0.037"/>
  <system-out/>
  <testcase classname="com.CA.qa.TestCases.APITesting" name="testResponsecode" time="0.052"/>
  <system-out/>
  <testcase classname="com.CA.qa.TestCases.APITesting" name="testResponsecode" time="0.033"/>
  <system-out/>
  <testcase classname="com.CA.qa.TestCases.APITesting" name="testResponsecode" time="0.033"/>
  <system-out/>
  <testcase classname="com.CA.qa.TestCases.APITesting" name="testResponsecode" time="0.048"/>
  <system-out/>
  <testcase classname="com.CA.qa.TestCases.APITesting" name="testResponsecode" time="0.033"/>
  <system-out/>
  <testcase classname="com.CA.qa.TestCases.APITesting" name="testResponsecode" time="0.046"/>
  <system-out/>
  <testcase classname="com.CA.qa.TestCases.APITesting" name="testResponsecode" time="0.037"/>
  <system-out/>
  <testcase classname="com.CA.qa.TestCases.APITesting" name="testResponsecode" time="0.036"/>
  <system-out/>
  <testcase classname="com.CA.qa.TestCases.APITesting" name="testResponsecode" time="0.033"/>
  <system-out/>
  <testcase classname="com.CA.qa.TestCases.APITesting" name="testResponsecode" time="0.035"/>
  <system-out/>
  <testcase classname="com.CA.qa.TestCases.APITesting" name="testResponsecode" time="0.033"/>
  <system-out/>
  <testcase classname="com.CA.qa.TestCases.APITesting" name="testResponsecode" time="0.049"/>
  <system-out/>
  <testcase classname="com.CA.qa.TestCases.APITesting" name="testResponsecode" time="0.044"/>
  <system-out/>
  <testcase classname="com.CA.qa.TestCases.APITesting" name="testResponsecode" time="0.032"/>
  <system-out/>
  <testcase classname="com.CA.qa.TestCases.APITesting" name="testResponsecode" time="0.967"/>
  <system-out/>
  <testcase classname="com.CA.qa.TestCases.APITesting" name="testResponsecode" time="0.035"/>
  <system-out/>
  <testcase classname="com.CA.qa.TestCases.APITesting" name="testResponsecode" time="0.033"/>
  <system-out/>
  <testcase classname="com.CA.qa.TestCases.APITesting" name="testResponsecode" time="0.034"/>
  <system-out/>
  <testcase classname="com.CA.qa.TestCases.APITesting" name="testResponsecode" time="0.035"/>
  <system-out/>
  <testcase classname="com.CA.qa.TestCases.APITesting" name="testResponsecode" time="0.034"/>
  <system-out/>
  <testcase classname="com.CA.qa.TestCases.APITesting" name="testResponsecode" time="0.125"/>
  <system-out/>
  <testcase classname="com.CA.qa.TestCases.APITesting" name="testResponsecode" time="0.034"/>
  <system-out/>
  <testcase classname="com.CA.qa.TestCases.APITesting" name="testResponsecode" time="0.033"/>
  <system-out/>
  <testcase classname="com.CA.qa.TestCases.APITesting" name="testResponsecode" time="0.036"/>
  <system-out/>
  <testcase classname="com.CA.qa.TestCases.APITesting" name="testResponsecode" time="0.034"/>
  <system-out/>
  <testcase classname="com.CA.qa.TestCases.APITesting" name="testResponsecode" time="0.033"/>
  <system-out/>
  <testcase classname="com.CA.qa.TestCases.APITesting" name="testResponsecode" time="0.045"/>
  <system-out/>
  <testcase classname="com.CA.qa.TestCases.APITesting" name="testResponsecode" time="0.150"/>
  <system-out/>
  <testcase classname="com.CA.qa.TestCases.APITesting" name="testResponsecode" time="0.036"/>
  <system-out/>
  <testcase classname="com.CA.qa.TestCases.APITesting" name="testResponsecode" time="0.033"/>
  <system-out/>
  <testcase classname="com.CA.qa.TestCases.APITesting" name="testResponsecode" time="0.034"/>
  <system-out/>
  <testcase classname="com.CA.qa.TestCases.APITesting" name="testResponsecode" time="0.035"/>
  <system-out/>
  <testcase classname="com.CA.qa.TestCases.APITesting" name="testResponsecode" time="0.039"/>
  <system-out/>
  <testcase classname="com.CA.qa.TestCases.APITesting" name="testResponsecode" time="0.040"/>
  <system-out/>
  <testcase classname="com.CA.qa.TestCases.APITesting" name="testResponsecode" time="0.035"/>
  <system-out/>
  <testcase classname="com.CA.qa.TestCases.APITesting" name="testResponsecode" time="0.035"/>
  <system-out/>
  <testcase classname="com.CA.qa.TestCases.APITesting" name="testResponsecode" time="0.036"/>
  <system-out/>
  <testcase classname="com.CA.qa.TestCases.APITesting" name="testResponsecode" time="0.184"/>
  <system-out/>
  <testcase classname="com.CA.qa.TestCases.APITesting" name="testResponsecode" time="0.256"/>
  <system-out/>
  <testcase classname="com.CA.qa.TestCases.APITesting" name="testResponsecode" time="0.032"/>
  <system-out/>
  <testcase classname="com.CA.qa.TestCases.APITesting" name="testResponsecode" time="0.032"/>
  <system-out/>
  <testcase classname="com.CA.qa.TestCases.APITesting" name="testResponsecode" time="0.052"/>
  <system-out/>
  <testcase classname="com.CA.qa.TestCases.APITesting" name="testResponsecode" time="0.039"/>
  <system-out/>
  <testcase classname="com.CA.qa.TestCases.APITesting" name="testResponsecode" time="0.154"/>
  <system-out/>
  <testcase classname="com.CA.qa.TestCases.APITesting" name="testResponsecode" time="0.035"/>
  <system-out/>
  <testcase classname="com.CA.qa.TestCases.APITesting" name="testResponsecode" time="0.148"/>
  <system-out/>
  <testcase classname="com.CA.qa.TestCases.APITesting" name="testResponsecode" time="0.186"/>
  <system-out/>
  <testcase classname="com.CA.qa.TestCases.APITesting" name="testResponsecode" time="0.032"/>
  <system-out/>
  <testcase classname="com.CA.qa.TestCases.APITesting" name="testResponsecode" time="0.032"/>
  <system-out/>
  <testcase classname="com.CA.qa.TestCases.APITesting" name="testResponsecode" time="0.034"/>
  <system-out/>
  <testcase classname="com.CA.qa.TestCases.APITesting" name="testResponsecode" time="0.033"/>
  <system-out/>
  <testcase classname="com.CA.qa.TestCases.APITesting" name="testResponsecode" time="0.033"/>
  <system-out/>
  <testcase classname="com.CA.qa.TestCases.APITesting" name="testResponsecode" time="0.035"/>
  <system-out/>
  <testcase classname="com.CA.qa.TestCases.APITesting" name="testResponsecode" time="0.034"/>
  <system-out/>
  <testcase classname="com.CA.qa.TestCases.APITesting" name="testResponsecode" time="0.036"/>
  <system-out/>
  <testcase classname="com.CA.qa.TestCases.APITesting" name="testResponsecode" time="0.034"/>
  <system-out/>
  <testcase classname="com.CA.qa.TestCases.APITesting" name="testResponsecode" time="0.720"/>
  <system-out/>
  <testcase classname="com.CA.qa.TestCases.APITesting" name="testResponsecode" time="0.033"/>
  <system-out/>
  <testcase classname="com.CA.qa.TestCases.APITesting" name="testResponsecode" time="0.038"/>
  <system-out/>
  <testcase classname="com.CA.qa.TestCases.APITesting" name="testResponsecode" time="0.051"/>
  <system-out/>
  <testcase classname="com.CA.qa.TestCases.APITesting" name="testResponsecode" time="0.034"/>
  <system-out/>
  <testcase classname="com.CA.qa.TestCases.APITesting" name="testResponsecode" time="0.046"/>
  <system-out/>
  <testcase classname="com.CA.qa.TestCases.APITesting" name="testResponsecode" time="0.171"/>
  <system-out/>
  <testcase classname="com.CA.qa.TestCases.APITesting" name="testResponsecode" time="0.042"/>
  <system-out/>
  <testcase classname="com.CA.qa.TestCases.APITesting" name="testResponsecode" time="0.185"/>
  <system-out/>
  <testcase classname="com.CA.qa.TestCases.APITesting" name="testResponsecode" time="0.031"/>
  <system-out/>
  <testcase classname="com.CA.qa.TestCases.APITesting" name="testResponsecode" time="0.047"/>
  <system-out/>
  <testcase classname="com.CA.qa.TestCases.APITesting" name="testResponsecode" time="0.038"/>
  <system-out/>
  <testcase classname="com.CA.qa.TestCases.APITesting" name="testResponsecode" time="0.033"/>
  <system-out/>
  <testcase classname="com.CA.qa.TestCases.APITesting" name="testResponsecode" time="0.034"/>
  <system-out/>
  <testcase classname="com.CA.qa.TestCases.APITesting" name="testResponsecode" time="0.243"/>
  <system-out/>
  <testcase classname="com.CA.qa.TestCases.APITesting" name="testResponsecode" time="0.167"/>
  <system-out/>
  <testcase classname="com.CA.qa.TestCases.APITesting" name="testResponsecode" time="0.187"/>
  <system-out/>
  <testcase classname="com.CA.qa.TestCases.APITesting" name="testResponsecode" time="0.033"/>
  <system-out/>
  <testcase classname="com.CA.qa.TestCases.APITesting" name="testResponsecode" time="0.034"/>
  <system-out/>
  <testcase classname="com.CA.qa.TestCases.APITesting" name="testResponsecode" time="0.034"/>
  <system-out/>
  <testcase classname="com.CA.qa.TestCases.APITesting" name="testResponsecode" time="0.032"/>
  <system-out/>
  <testcase classname="com.CA.qa.TestCases.APITesting" name="testResponsecode" time="0.049"/>
  <system-out/>
  <testcase classname="com.CA.qa.TestCases.APITesting" name="testResponsecode" time="0.036"/>
  <system-out/>
  <testcase classname="com.CA.qa.TestCases.APITesting" name="testResponsecode" time="0.035"/>
  <system-out/>
  <testcase classname="com.CA.qa.TestCases.APITesting" name="testResponsecode" time="0.054"/>
  <system-out/>
  <testcase classname="com.CA.qa.TestCases.APITesting" name="testResponsecode" time="0.036"/>
  <system-out/>
  <testcase classname="com.CA.qa.TestCases.APITesting" name="testResponsecode" time="0.114"/>
  <system-out/>
  <testcase classname="com.CA.qa.TestCases.APITesting" name="testResponsecode" time="0.055"/>
  <system-out/>
  <testcase classname="com.CA.qa.TestCases.APITesting" name="testResponsecode" time="0.033"/>
  <system-out/>
  <testcase classname="com.CA.qa.TestCases.APITesting" name="testResponsecode" time="0.123"/>
  <system-out/>
  <testcase classname="com.CA.qa.TestCases.APITesting" name="testResponsecode" time="0.033"/>
  <system-out/>
  <testcase classname="com.CA.qa.TestCases.APITesting" name="testResponsecode" time="0.032"/>
  <system-out/>
  <testcase classname="com.CA.qa.TestCases.APITesting" name="testResponsecode" time="0.034"/>
  <system-out/>
  <testcase classname="com.CA.qa.TestCases.APITesting" name="testResponsecode" time="0.036"/>
  <system-out/>
  <testcase classname="com.CA.qa.TestCases.APITesting" name="testResponsecode" time="0.043"/>
  <system-out/>
  <testcase classname="com.CA.qa.TestCases.APITesting" name="testResponsecode" time="0.036"/>
  <system-out/>
  <testcase classname="com.CA.qa.TestCases.APITesting" name="testResponsecode" time="0.034"/>
  <system-out/>
  <testcase classname="com.CA.qa.TestCases.APITesting" name="testResponsecode" time="0.040"/>
  <system-out/>
  <testcase classname="com.CA.qa.TestCases.APITesting" name="testResponsecode" time="0.032"/>
  <system-out/>
  <testcase classname="com.CA.qa.TestCases.APITesting" name="testResponsecode" time="0.143"/>
  <system-out/>
  <testcase classname="com.CA.qa.TestCases.APITesting" name="testResponsecode" time="0.035"/>
  <system-out/>
  <testcase classname="com.CA.qa.TestCases.APITesting" name="testResponsecode" time="0.088"/>
  <system-out/>
  <testcase classname="com.CA.qa.TestCases.APITesting" name="testResponsecode" time="0.034"/>
  <system-out/>
  <testcase classname="com.CA.qa.TestCases.APITesting" name="testResponsecode" time="0.049"/>
  <system-out/>
  <testcase classname="com.CA.qa.TestCases.APITesting" name="testResponsecode" time="0.033"/>
  <system-out/>
  <testcase classname="com.CA.qa.TestCases.APITesting" name="testResponsecode" time="0.037"/>
  <system-out/>
  <testcase classname="com.CA.qa.TestCases.APITesting" name="testResponsecode" time="0.033"/>
  <system-out/>
  <testcase classname="com.CA.qa.TestCases.APITesting" name="testResponsecode" time="0.136"/>
  <system-out/>
  <testcase classname="com.CA.qa.TestCases.APITesting" name="testResponsecode" time="0.047"/>
  <system-out/>
  <testcase classname="com.CA.qa.TestCases.APITesting" name="testResponsecode" time="0.033"/>
  <system-out/>
  <testcase classname="com.CA.qa.TestCases.APITesting" name="testResponsecode" time="0.034"/>
  <system-out/>
  <testcase classname="com.CA.qa.TestCases.APITesting" name="testResponsecode" time="0.058"/>
  <system-out/>
  <testcase classname="com.CA.qa.TestCases.APITesting" name="testResponsecode" time="0.034"/>
  <system-out/>
  <testcase classname="com.CA.qa.TestCases.APITesting" name="testResponsecode" time="0.035"/>
  <system-out/>
  <testcase classname="com.CA.qa.TestCases.APITesting" name="testResponsecode" time="0.036"/>
  <system-out/>
  <testcase classname="com.CA.qa.TestCases.APITesting" name="testResponsecode" time="0.032"/>
  <system-out/>
  <testcase classname="com.CA.qa.TestCases.APITesting" name="testResponsecode" time="0.170"/>
  <system-out/>
  <testcase classname="com.CA.qa.TestCases.APITesting" name="testResponsecode" time="0.036"/>
  <system-out/>
  <testcase classname="com.CA.qa.TestCases.APITesting" name="testResponsecode" time="0.035"/>
  <system-out/>
  <testcase classname="com.CA.qa.TestCases.APITesting" name="testResponsecode" time="0.034"/>
  <system-out/>
  <testcase classname="com.CA.qa.TestCases.APITesting" name="testResponsecode" time="0.035"/>
  <system-out/>
  <testcase classname="com.CA.qa.TestCases.APITesting" name="testResponsecode" time="0.036"/>
  <system-out/>
  <testcase classname="com.CA.qa.TestCases.APITesting" name="testResponsecode" time="0.033"/>
  <system-out/>
  <testcase classname="com.CA.qa.TestCases.APITesting" name="testResponsecode" time="0.033"/>
  <system-out/>
  <testcase classname="com.CA.qa.TestCases.APITesting" name="testResponsecode" time="0.036"/>
  <system-out/>
  <testcase classname="com.CA.qa.TestCases.APITesting" name="testResponsecode" time="0.150"/>
  <system-out/>
  <testcase classname="com.CA.qa.TestCases.APITesting" name="testResponsecode" time="0.077"/>
  <system-out/>
  <testcase classname="com.CA.qa.TestCases.APITesting" name="testResponsecode" time="0.034"/>
  <system-out/>
  <testcase classname="com.CA.qa.TestCases.APITesting" name="testResponsecode" time="0.071"/>
  <system-out/>
  <testcase classname="com.CA.qa.TestCases.APITesting" name="testResponsecode" time="0.036"/>
  <system-out/>
  <testcase classname="com.CA.qa.TestCases.APITesting" name="testResponsecode" time="0.033"/>
  <system-out/>
  <testcase classname="com.CA.qa.TestCases.APITesting" name="testResponsecode" time="0.033"/>
  <system-out/>
  <testcase classname="com.CA.qa.TestCases.APITesting" name="testResponsecode" time="0.094"/>
  <system-out/>
  <testcase classname="com.CA.qa.TestCases.APITesting" name="testResponsecode" time="0.046"/>
  <system-out/>
  <testcase classname="com.CA.qa.TestCases.APITesting" name="testResponsecode" time="0.037"/>
  <system-out/>
  <testcase classname="com.CA.qa.TestCases.APITesting" name="testResponsecode" time="0.043"/>
  <system-out/>
  <testcase classname="com.CA.qa.TestCases.APITesting" name="testResponsecode" time="0.036"/>
  <system-out/>
  <testcase classname="com.CA.qa.TestCases.APITesting" name="testResponsecode" time="0.035"/>
  <system-out/>
  <testcase classname="com.CA.qa.TestCases.APITesting" name="testResponsecode" time="0.046"/>
  <system-out/>
  <testcase classname="com.CA.qa.TestCases.APITesting" name="testResponsecode" time="0.036"/>
  <system-out/>
  <testcase classname="com.CA.qa.TestCases.APITesting" name="testResponsecode" time="0.033"/>
  <system-out/>
  <testcase classname="com.CA.qa.TestCases.APITesting" name="testResponsecode" time="0.036"/>
  <system-out/>
  <testcase classname="com.CA.qa.TestCases.APITesting" name="testResponsecode" time="0.034"/>
  <system-out/>
  <testcase classname="com.CA.qa.TestCases.APITesting" name="testResponsecode" time="0.141"/>
  <system-out/>
  <testcase classname="com.CA.qa.TestCases.APITesting" name="testResponsecode" time="0.043"/>
  <system-out/>
  <testcase classname="com.CA.qa.TestCases.APITesting" name="testResponsecode" time="0.034"/>
  <system-out/>
  <testcase classname="com.CA.qa.TestCases.APITesting" name="testResponsecode" time="0.032"/>
  <system-out/>
  <testcase classname="com.CA.qa.TestCases.APITesting" name="testResponsecode" time="0.054"/>
  <system-out/>
  <testcase classname="com.CA.qa.TestCases.APITesting" name="testResponsecode" time="0.032"/>
  <system-out/>
  <testcase classname="com.CA.qa.TestCases.APITesting" name="testResponsecode" time="0.035"/>
  <system-out/>
  <testcase classname="com.CA.qa.TestCases.APITesting" name="testResponsecode" time="0.035"/>
  <system-out/>
  <testcase classname="com.CA.qa.TestCases.APITesting" name="testResponsecode" time="0.034"/>
  <system-out/>
  <testcase classname="com.CA.qa.TestCases.APITesting" name="testResponsecode" time="0.032"/>
  <system-out/>
  <testcase classname="com.CA.qa.TestCases.APITesting" name="testResponsecode" time="0.961"/>
  <system-out/>
  <testcase classname="com.CA.qa.TestCases.APITesting" name="testResponsecode" time="0.035"/>
  <system-out/>
  <testcase classname="com.CA.qa.TestCases.APITesting" name="testResponsecode" time="0.040"/>
  <system-out/>
  <testcase classname="com.CA.qa.TestCases.APITesting" name="testResponsecode" time="0.036"/>
  <system-out/>
  <testcase classname="com.CA.qa.TestCases.APITesting" name="testResponsecode" time="0.039"/>
  <system-out/>
  <testcase classname="com.CA.qa.TestCases.APITesting" name="testResponsecode" time="0.048"/>
  <system-out/>
  <testcase classname="com.CA.qa.TestCases.APITesting" name="testResponsecode" time="0.036"/>
  <system-out/>
  <testcase classname="com.CA.qa.TestCases.APITesting" name="testResponsecode" time="0.035"/>
  <system-out/>
  <testcase classname="com.CA.qa.TestCases.APITesting" name="testResponsecode" time="0.034"/>
  <system-out/>
  <testcase classname="com.CA.qa.TestCases.APITesting" name="testResponsecode" time="0.048"/>
  <system-out/>
  <testcase classname="com.CA.qa.TestCases.APITesting" name="testResponsecode" time="0.036"/>
  <system-out/>
  <testcase classname="com.CA.qa.TestCases.APITesting" name="testResponsecode" time="0.035"/>
  <system-out/>
  <testcase classname="com.CA.qa.TestCases.APITesting" name="testResponsecode" time="0.032"/>
  <system-out/>
  <testcase classname="com.CA.qa.TestCases.APITesting" name="testResponsecode" time="0.033"/>
  <system-out/>
  <testcase classname="com.CA.qa.TestCases.APITesting" name="testResponsecode" time="0.037"/>
  <system-out/>
  <testcase classname="com.CA.qa.TestCases.APITesting" name="testResponsecode" time="0.042"/>
  <system-out/>
  <testcase classname="com.CA.qa.TestCases.APITesting" name="testResponsecode" time="0.204"/>
  <system-out/>
  <testcase classname="com.CA.qa.TestCases.APITesting" name="testResponsecode" time="0.039"/>
  <system-out/>
  <testcase classname="com.CA.qa.TestCases.APITesting" name="testResponsecode" time="0.151"/>
  <system-out/>
  <testcase classname="com.CA.qa.TestCases.APITesting" name="testResponsecode" time="0.032"/>
  <system-out/>
  <testcase classname="com.CA.qa.TestCases.APITesting" name="testResponsecode" time="0.178"/>
  <system-out/>
  <testcase classname="com.CA.qa.TestCases.APITesting" name="testResponsecode" time="0.037"/>
  <system-out/>
  <testcase classname="com.CA.qa.TestCases.APITesting" name="testResponsecode" time="0.065"/>
  <system-out/>
  <testcase classname="com.CA.qa.TestCases.APITesting" name="testResponsecode" time="0.034"/>
  <system-out/>
  <testcase classname="com.CA.qa.TestCases.APITesting" name="testResponsecode" time="0.033"/>
  <system-out/>
  <testcase classname="com.CA.qa.TestCases.APITesting" name="testResponsecode" time="0.033"/>
  <system-out/>
  <testcase classname="com.CA.qa.TestCases.APITesting" name="testResponsecode" time="0.040"/>
  <system-out/>
  <testcase classname="com.CA.qa.TestCases.APITesting" name="testResponsecode" time="0.034"/>
  <system-out/>
  <testcase classname="com.CA.qa.TestCases.APITesting" name="testResponsecode" time="0.037"/>
  <system-out/>
  <testcase classname="com.CA.qa.TestCases.APITesting" name="testResponsecode" time="0.035"/>
  <system-out/>
  <testcase classname="com.CA.qa.TestCases.APITesting" name="testResponsecode" time="0.097"/>
  <system-out/>
  <testcase classname="com.CA.qa.TestCases.APITesting" name="testResponsecode" time="0.036"/>
  <system-out/>
  <testcase classname="com.CA.qa.TestCases.APITesting" name="testResponsecode" time="0.035"/>
  <system-out/>
  <testcase classname="com.CA.qa.TestCases.APITesting" name="testResponsecode" time="0.034"/>
  <system-out/>
  <testcase classname="com.CA.qa.TestCases.APITesting" name="testResponsecode" time="0.033"/>
  <system-out/>
  <testcase classname="com.CA.qa.TestCases.APITesting" name="testResponsecode" time="0.033"/>
  <system-out/>
  <testcase classname="com.CA.qa.TestCases.APITesting" name="testResponsecode" time="0.035"/>
  <system-out/>
  <testcase classname="com.CA.qa.TestCases.APITesting" name="testResponsecode" time="0.032"/>
  <system-out/>
  <testcase classname="com.CA.qa.TestCases.APITesting" name="testResponsecode" time="0.049"/>
  <system-out/>
  <testcase classname="com.CA.qa.TestCases.APITesting" name="testResponsecode" time="0.034"/>
  <system-out/>
  <testcase classname="com.CA.qa.TestCases.APITesting" name="testResponsecode" time="0.039"/>
  <system-out/>
  <testcase classname="com.CA.qa.TestCases.APITesting" name="testResponsecode" time="0.047"/>
  <system-out/>
  <testcase classname="com.CA.qa.TestCases.APITesting" name="testResponsecode" time="0.051"/>
  <system-out/>
  <testcase classname="com.CA.qa.TestCases.APITesting" name="testResponsecode" time="0.045"/>
  <system-out/>
  <testcase classname="com.CA.qa.TestCases.APITesting" name="testResponsecode" time="0.053"/>
  <system-out/>
  <testcase classname="com.CA.qa.TestCases.APITesting" name="testResponsecode" time="0.040"/>
  <system-out/>
  <testcase classname="com.CA.qa.TestCases.APITesting" name="testResponsecode" time="0.033"/>
  <system-out/>
  <testcase classname="com.CA.qa.TestCases.APITesting" name="testResponsecode" time="0.042"/>
  <system-out/>
  <testcase classname="com.CA.qa.TestCases.APITesting" name="testResponsecode" time="0.039"/>
  <system-out/>
  <testcase classname="com.CA.qa.TestCases.APITesting" name="testResponsecode" time="0.034"/>
  <system-out/>
  <testcase classname="com.CA.qa.TestCases.APITesting" name="testResponsecode" time="0.039"/>
  <system-out/>
  <testcase classname="com.CA.qa.TestCases.APITesting" name="testResponsecode" time="0.071"/>
  <system-out/>
  <testcase classname="com.CA.qa.TestCases.APITesting" name="testResponsecode" time="0.151"/>
  <system-out/>
  <testcase classname="com.CA.qa.TestCases.APITesting" name="testResponsecode" time="0.032"/>
  <system-out/>
  <testcase classname="com.CA.qa.TestCases.APITesting" name="testResponsecode" time="0.037"/>
  <system-out/>
  <testcase classname="com.CA.qa.TestCases.APITesting" name="testResponsecode" time="0.043"/>
  <system-out/>
  <testcase classname="com.CA.qa.TestCases.APITesting" name="testResponsecode" time="0.143"/>
  <system-out/>
  <testcase classname="com.CA.qa.TestCases.APITesting" name="testResponsecode" time="0.035"/>
  <system-out/>
  <testcase classname="com.CA.qa.TestCases.APITesting" name="testResponsecode" time="0.040"/>
  <system-out/>
  <testcase classname="com.CA.qa.TestCases.APITesting" name="testResponsecode" time="0.136"/>
  <system-out/>
  <testcase classname="com.CA.qa.TestCases.APITesting" name="testResponsecode" time="0.144"/>
  <system-out/>
  <testcase classname="com.CA.qa.TestCases.APITesting" name="testResponsecode" time="0.064"/>
  <system-out/>
  <testcase classname="com.CA.qa.TestCases.APITesting" name="testResponsecode" time="0.032"/>
  <system-out/>
  <testcase classname="com.CA.qa.TestCases.APITesting" name="testResponsecode" time="0.039"/>
  <system-out/>
  <testcase classname="com.CA.qa.TestCases.APITesting" name="testResponsecode" time="0.033"/>
  <system-out/>
  <testcase classname="com.CA.qa.TestCases.APITesting" name="testResponsecode" time="0.450"/>
  <system-out/>
  <testcase classname="com.CA.qa.TestCases.APITesting" name="testResponsecode" time="0.040"/>
  <system-out/>
  <testcase classname="com.CA.qa.TestCases.APITesting" name="testResponsecode" time="0.043"/>
  <system-out/>
  <testcase classname="com.CA.qa.TestCases.APITesting" name="testResponsecode" time="0.048"/>
  <system-out/>
  <testcase classname="com.CA.qa.TestCases.APITesting" name="testResponsecode" time="0.031"/>
  <system-out/>
  <testcase classname="com.CA.qa.TestCases.APITesting" name="testResponsecode" time="0.034"/>
  <system-out/>
  <testcase classname="com.CA.qa.TestCases.APITesting" name="testResponsecode" time="0.362"/>
  <system-out/>
  <testcase classname="com.CA.qa.TestCases.APITesting" name="testResponsecode" time="0.031"/>
  <system-out/>
  <testcase classname="com.CA.qa.TestCases.APITesting" name="testResponsecode" time="0.033"/>
  <system-out/>
  <testcase classname="com.CA.qa.TestCases.APITesting" name="testResponsecode" time="0.038"/>
  <system-out/>
  <testcase classname="com.CA.qa.TestCases.APITesting" name="testResponsecode" time="0.036"/>
  <system-out/>
  <testcase classname="com.CA.qa.TestCases.APITesting" name="testResponsecode" time="0.037"/>
  <system-out/>
  <testcase classname="com.CA.qa.TestCases.APITesting" name="testResponsecode" time="0.037"/>
  <system-out/>
  <testcase classname="com.CA.qa.TestCases.APITesting" name="testResponsecode" time="0.120"/>
  <system-out/>
  <testcase classname="com.CA.qa.TestCases.APITesting" name="testResponsecode" time="0.048"/>
  <system-out/>
  <testcase classname="com.CA.qa.TestCases.APITesting" name="testResponsecode" time="0.126"/>
  <system-out/>
  <testcase classname="com.CA.qa.TestCases.APITesting" name="testResponsecode" time="1.005"/>
  <system-out/>
  <testcase classname="com.CA.qa.TestCases.APITesting" name="testResponsecode" time="0.037"/>
  <system-out/>
  <testcase classname="com.CA.qa.TestCases.APITesting" name="testResponsecode" time="0.038"/>
  <system-out/>
  <testcase classname="com.CA.qa.TestCases.APITesting" name="testResponsecode" time="0.033"/>
  <system-out/>
  <testcase classname="com.CA.qa.TestCases.APITesting" name="testResponsecode" time="0.042"/>
  <system-out/>
  <testcase classname="com.CA.qa.TestCases.APITesting" name="testResponsecode" time="0.033"/>
  <system-out/>
  <testcase classname="com.CA.qa.TestCases.APITesting" name="testResponsecode" time="0.040"/>
  <system-out/>
  <testcase classname="com.CA.qa.TestCases.APITesting" name="testResponsecode" time="0.044"/>
  <system-out/>
  <testcase classname="com.CA.qa.TestCases.APITesting" name="testResponsecode" time="0.056"/>
  <system-out/>
  <testcase classname="com.CA.qa.TestCases.APITesting" name="testResponsecode" time="0.035"/>
  <system-out/>
  <testcase classname="com.CA.qa.TestCases.APITesting" name="testResponsecode" time="0.063"/>
  <system-out/>
  <testcase classname="com.CA.qa.TestCases.APITesting" name="testResponsecode" time="0.125"/>
  <system-out/>
  <testcase classname="com.CA.qa.TestCases.APITesting" name="testResponsecode" time="0.032"/>
  <system-out/>
  <testcase classname="com.CA.qa.TestCases.APITesting" name="testResponsecode" time="0.036"/>
  <system-out/>
  <testcase classname="com.CA.qa.TestCases.APITesting" name="testResponsecode" time="0.123"/>
  <system-out/>
  <testcase classname="com.CA.qa.TestCases.APITesting" name="testResponsecode" time="0.036"/>
  <system-out/>
  <testcase classname="com.CA.qa.TestCases.APITesting" name="testResponsecode" time="0.034"/>
  <system-out/>
  <testcase classname="com.CA.qa.TestCases.APITesting" name="testResponsecode" time="0.033"/>
  <system-out/>
  <testcase classname="com.CA.qa.TestCases.APITesting" name="testResponsecode" time="0.041"/>
  <system-out/>
  <testcase classname="com.CA.qa.TestCases.APITesting" name="testResponsecode" time="0.031"/>
  <system-out/>
  <testcase classname="com.CA.qa.TestCases.APITesting" name="testResponsecode" time="0.033"/>
  <system-out/>
  <testcase classname="com.CA.qa.TestCases.APITesting" name="testResponsecode" time="0.038"/>
  <system-out/>
  <testcase classname="com.CA.qa.TestCases.APITesting" name="testResponsecode" time="0.034"/>
  <system-out/>
  <testcase classname="com.CA.qa.TestCases.APITesting" name="testResponsecode" time="0.031"/>
  <system-out/>
  <testcase classname="com.CA.qa.TestCases.APITesting" name="testResponsecode" time="0.137"/>
  <system-out/>
  <testcase classname="com.CA.qa.TestCases.APITesting" name="testResponsecode" time="0.144"/>
  <system-out/>
  <testcase classname="com.CA.qa.TestCases.APITesting" name="testResponsecode" time="0.034"/>
  <system-out/>
  <testcase classname="com.CA.qa.TestCases.APITesting" name="testResponsecode" time="0.035"/>
  <system-out/>
  <testcase classname="com.CA.qa.TestCases.APITesting" name="testResponsecode" time="0.038"/>
  <system-out/>
  <testcase classname="com.CA.qa.TestCases.APITesting" name="testResponsecode" time="0.034"/>
  <system-out/>
  <testcase classname="com.CA.qa.TestCases.APITesting" name="testResponsecode" time="0.036"/>
  <system-out/>
  <testcase classname="com.CA.qa.TestCases.APITesting" name="testResponsecode" time="0.039"/>
  <system-out/>
  <testcase classname="com.CA.qa.TestCases.APITesting" name="testResponsecode" time="0.040"/>
  <system-out/>
  <testcase classname="com.CA.qa.TestCases.APITesting" name="testResponsecode" time="0.035"/>
  <system-out/>
  <testcase classname="com.CA.qa.TestCases.APITesting" name="testResponsecode" time="0.059"/>
  <system-out/>
  <testcase classname="com.CA.qa.TestCases.APITesting" name="testResponsecode" time="0.033"/>
  <system-out/>
  <testcase classname="com.CA.qa.TestCases.APITesting" name="testResponsecode" time="0.985"/>
  <system-out/>
  <testcase classname="com.CA.qa.TestCases.APITesting" name="testResponsecode" time="0.045"/>
  <system-out/>
  <testcase classname="com.CA.qa.TestCases.APITesting" name="testResponsecode" time="0.033"/>
  <system-out/>
  <testcase classname="com.CA.qa.TestCases.APITesting" name="testResponsecode" time="0.032"/>
  <system-out/>
  <testcase classname="com.CA.qa.TestCases.APITesting" name="testResponsecode" time="0.032"/>
  <system-out/>
  <testcase classname="com.CA.qa.TestCases.APITesting" name="testResponsecode" time="0.033"/>
  <system-out/>
  <testcase classname="com.CA.qa.TestCases.APITesting" name="testResponsecode" time="0.040"/>
  <system-out/>
  <testcase classname="com.CA.qa.TestCases.APITesting" name="testResponsecode" time="0.034"/>
  <system-out/>
  <testcase classname="com.CA.qa.TestCases.APITesting" name="testResponsecode" time="0.032"/>
  <system-out/>
  <testcase classname="com.CA.qa.TestCases.APITesting" name="testResponsecode" time="0.034"/>
  <system-out/>
  <testcase classname="com.CA.qa.TestCases.APITesting" name="testResponsecode" time="0.043"/>
  <system-out/>
  <testcase classname="com.CA.qa.TestCases.APITesting" name="testResponsecode" time="0.032"/>
  <system-out/>
  <testcase classname="com.CA.qa.TestCases.APITesting" name="testResponsecode" time="0.032"/>
  <system-out/>
  <testcase classname="com.CA.qa.TestCases.APITesting" name="testResponsecode" time="0.038"/>
  <system-out/>
  <testcase classname="com.CA.qa.TestCases.APITesting" name="testResponsecode" time="0.034"/>
  <system-out/>
  <testcase classname="com.CA.qa.TestCases.APITesting" name="testResponsecode" time="0.039"/>
  <system-out/>
  <testcase classname="com.CA.qa.TestCases.APITesting" name="testResponsecode" time="0.036"/>
  <system-out/>
  <testcase classname="com.CA.qa.TestCases.APITesting" name="testResponsecode" time="0.051"/>
  <system-out/>
  <testcase classname="com.CA.qa.TestCases.APITesting" name="testResponsecode" time="0.300"/>
  <system-out/>
  <testcase classname="com.CA.qa.TestCases.APITesting" name="testResponsecode" time="0.034"/>
  <system-out/>
  <testcase classname="com.CA.qa.TestCases.APITesting" name="testResponsecode" time="0.056"/>
  <system-out/>
  <testcase classname="com.CA.qa.TestCases.APITesting" name="testResponsecode" time="0.143"/>
  <system-out/>
  <testcase classname="com.CA.qa.TestCases.APITesting" name="testResponsecode" time="0.033"/>
  <system-out/>
  <testcase classname="com.CA.qa.TestCases.APITesting" name="testResponsecode" time="0.038"/>
  <system-out/>
  <testcase classname="com.CA.qa.TestCases.APITesting" name="testResponsecode" time="0.041"/>
  <system-out/>
  <testcase classname="com.CA.qa.TestCases.APITesting" name="testResponsecode" time="0.035"/>
  <system-out/>
  <testcase classname="com.CA.qa.TestCases.APITesting" name="testResponsecode" time="0.044"/>
  <system-out/>
  <testcase classname="com.CA.qa.TestCases.APITesting" name="testResponsecode" time="0.040"/>
  <system-out/>
  <testcase classname="com.CA.qa.TestCases.APITesting" name="testResponsecode" time="0.052"/>
  <system-out/>
  <testcase classname="com.CA.qa.TestCases.APITesting" name="testResponsecode" time="0.052"/>
  <system-out/>
  <testcase classname="com.CA.qa.TestCases.APITesting" name="testResponsecode" time="0.034"/>
  <system-out/>
  <testcase classname="com.CA.qa.TestCases.APITesting" name="testResponsecode" time="0.045"/>
  <system-out/>
  <testcase classname="com.CA.qa.TestCases.APITesting" name="testResponsecode" time="0.089"/>
  <system-out/>
  <testcase classname="com.CA.qa.TestCases.APITesting" name="testResponsecode" time="0.034"/>
  <system-out/>
  <testcase classname="com.CA.qa.TestCases.APITesting" name="testResponsecode" time="0.042"/>
  <system-out/>
  <testcase classname="com.CA.qa.TestCases.APITesting" name="testResponsecode" time="0.032"/>
  <system-out/>
  <testcase classname="com.CA.qa.TestCases.APITesting" name="testResponsecode" time="0.139"/>
  <system-out/>
  <testcase classname="com.CA.qa.TestCases.APITesting" name="testResponsecode" time="0.036"/>
  <system-out/>
  <testcase classname="com.CA.qa.TestCases.APITesting" name="testResponsecode" time="0.036"/>
  <system-out/>
  <testcase classname="com.CA.qa.TestCases.APITesting" name="testResponsecode" time="0.045"/>
  <system-out/>
  <testcase classname="com.CA.qa.TestCases.APITesting" name="testResponsecode" time="0.044"/>
  <system-out/>
  <testcase classname="com.CA.qa.TestCases.APITesting" name="testResponsecode" time="0.031"/>
  <system-out/>
  <testcase classname="com.CA.qa.TestCases.APITesting" name="testResponsecode" time="0.127"/>
  <system-out/>
  <testcase classname="com.CA.qa.TestCases.APITesting" name="testResponsecode" time="0.093"/>
  <system-out/>
  <testcase classname="com.CA.qa.TestCases.APITesting" name="testResponsecode" time="0.035"/>
  <system-out/>
  <testcase classname="com.CA.qa.TestCases.APITesting" name="testResponsecode" time="0.044"/>
  <system-out/>
  <testcase classname="com.CA.qa.TestCases.APITesting" name="testResponsecode" time="0.033"/>
  <system-out/>
  <testcase classname="com.CA.qa.TestCases.APITesting" name="testResponsecode" time="0.034"/>
  <system-out/>
  <testcase classname="com.CA.qa.TestCases.APITesting" name="testResponsecode" time="0.036"/>
  <system-out/>
  <testcase classname="com.CA.qa.TestCases.APITesting" name="testResponsecode" time="0.034"/>
  <system-out/>
  <testcase classname="com.CA.qa.TestCases.APITesting" name="testResponsecode" time="0.033"/>
  <system-out/>
  <testcase classname="com.CA.qa.TestCases.APITesting" name="testResponsecode" time="0.033"/>
  <system-out/>
  <testcase classname="com.CA.qa.TestCases.APITesting" name="testResponsecode" time="0.037"/>
  <system-out/>
  <testcase classname="com.CA.qa.TestCases.APITesting" name="testResponsecode" time="0.035"/>
  <system-out/>
  <testcase classname="com.CA.qa.TestCases.APITesting" name="testResponsecode" time="0.040"/>
  <system-out/>
  <testcase classname="com.CA.qa.TestCases.APITesting" name="testResponsecode" time="0.050"/>
  <system-out/>
  <testcase classname="com.CA.qa.TestCases.APITesting" name="testResponsecode" time="0.037"/>
  <system-out/>
  <testcase classname="com.CA.qa.TestCases.APITesting" name="testResponsecode" time="0.036"/>
  <system-out/>
  <testcase classname="com.CA.qa.TestCases.APITesting" name="testResponsecode" time="0.049"/>
  <system-out/>
  <testcase classname="com.CA.qa.TestCases.APITesting" name="testResponsecode" time="0.039"/>
  <system-out/>
  <testcase classname="com.CA.qa.TestCases.APITesting" name="testResponsecode" time="0.035"/>
  <system-out/>
  <testcase classname="com.CA.qa.TestCases.APITesting" name="testResponsecode" time="0.054"/>
  <system-out/>
  <testcase classname="com.CA.qa.TestCases.APITesting" name="testResponsecode" time="0.035"/>
  <system-out/>
  <testcase classname="com.CA.qa.TestCases.APITesting" name="testResponsecode" time="0.032"/>
  <system-out/>
  <testcase classname="com.CA.qa.TestCases.APITesting" name="testResponsecode" time="0.032"/>
  <system-out/>
  <testcase classname="com.CA.qa.TestCases.APITesting" name="testResponsecode" time="0.037"/>
  <system-out/>
  <testcase classname="com.CA.qa.TestCases.APITesting" name="testResponsecode" time="0.035"/>
  <system-out/>
  <testcase classname="com.CA.qa.TestCases.APITesting" name="testResponsecode" time="0.034"/>
  <system-out/>
  <testcase classname="com.CA.qa.TestCases.APITesting" name="testResponsecode" time="0.039"/>
  <system-out/>
  <testcase classname="com.CA.qa.TestCases.APITesting" name="testResponsecode" time="0.045"/>
  <system-out/>
  <testcase classname="com.CA.qa.TestCases.APITesting" name="testResponsecode" time="0.039"/>
  <system-out/>
  <testcase classname="com.CA.qa.TestCases.APITesting" name="testResponsecode" time="0.033"/>
  <system-out/>
  <testcase classname="com.CA.qa.TestCases.APITesting" name="testResponsecode" time="0.032"/>
  <system-out/>
  <testcase classname="com.CA.qa.TestCases.APITesting" name="testResponsecode" time="0.141"/>
  <system-out/>
  <testcase classname="com.CA.qa.TestCases.APITesting" name="testResponsecode" time="0.034"/>
  <system-out/>
  <testcase classname="com.CA.qa.TestCases.APITesting" name="testResponsecode" time="0.035"/>
  <system-out/>
  <testcase classname="com.CA.qa.TestCases.APITesting" name="testResponsecode" time="0.034"/>
  <system-out/>
  <testcase classname="com.CA.qa.TestCases.APITesting" name="testResponsecode" time="0.037"/>
  <system-out/>
  <testcase classname="com.CA.qa.TestCases.APITesting" name="testResponsecode" time="0.045"/>
  <system-out/>
  <testcase classname="com.CA.qa.TestCases.APITesting" name="testResponsecode" time="0.990"/>
  <system-out/>
  <testcase classname="com.CA.qa.TestCases.APITesting" name="testResponsecode" time="0.036"/>
  <system-out/>
  <testcase classname="com.CA.qa.TestCases.APITesting" name="testResponsecode" time="0.033"/>
  <system-out/>
  <testcase classname="com.CA.qa.TestCases.APITesting" name="testResponsecode" time="0.038"/>
  <system-out/>
  <testcase classname="com.CA.qa.TestCases.APITesting" name="testResponsecode" time="0.034"/>
  <system-out/>
  <testcase classname="com.CA.qa.TestCases.APITesting" name="testResponsecode" time="0.037"/>
  <system-out/>
  <testcase classname="com.CA.qa.TestCases.APITesting" name="testResponsecode" time="0.032"/>
  <system-out/>
  <testcase classname="com.CA.qa.TestCases.APITesting" name="testResponsecode" time="0.036"/>
  <system-out/>
  <testcase classname="com.CA.qa.TestCases.APITesting" name="testResponsecode" time="0.036"/>
  <system-out/>
  <testcase classname="com.CA.qa.TestCases.APITesting" name="testResponsecode" time="0.041"/>
  <system-out/>
  <testcase classname="com.CA.qa.TestCases.APITesting" name="testResponsecode" time="0.169"/>
  <system-out/>
  <testcase classname="com.CA.qa.TestCases.APITesting" name="testResponsecode" time="0.036"/>
  <system-out/>
  <testcase classname="com.CA.qa.TestCases.APITesting" name="testResponsecode" time="0.049"/>
  <system-out/>
  <testcase classname="com.CA.qa.TestCases.APITesting" name="testResponsecode" time="0.037"/>
  <system-out/>
  <testcase classname="com.CA.qa.TestCases.APITesting" name="testResponsecode" time="0.044"/>
  <system-out/>
  <testcase classname="com.CA.qa.TestCases.APITesting" name="testResponsecode" time="0.032"/>
  <system-out/>
  <testcase classname="com.CA.qa.TestCases.APITesting" name="testResponsecode" time="0.140"/>
  <system-out/>
  <testcase classname="com.CA.qa.TestCases.APITesting" name="testResponsecode" time="0.060"/>
  <system-out/>
  <testcase classname="com.CA.qa.TestCases.APITesting" name="testResponsecode" time="0.041"/>
  <system-out/>
  <testcase classname="com.CA.qa.TestCases.APITesting" name="testResponsecode" time="0.037"/>
  <system-out/>
  <testcase classname="com.CA.qa.TestCases.APITesting" name="testResponsecode" time="0.035"/>
  <system-out/>
  <testcase classname="com.CA.qa.TestCases.APITesting" name="testResponsecode" time="0.039"/>
  <system-out/>
  <testcase classname="com.CA.qa.TestCases.APITesting" name="testResponsecode" time="0.049"/>
  <system-out/>
  <testcase classname="com.CA.qa.TestCases.APITesting" name="testResponsecode" time="0.075"/>
  <system-out/>
  <testcase classname="com.CA.qa.TestCases.APITesting" name="testResponsecode" time="0.033"/>
  <system-out/>
  <testcase classname="com.CA.qa.TestCases.APITesting" name="testResponsecode" time="0.033"/>
  <system-out/>
  <testcase classname="com.CA.qa.TestCases.APITesting" name="testResponsecode" time="0.033"/>
  <system-out/>
  <testcase classname="com.CA.qa.TestCases.APITesting" name="testResponsecode" time="0.037"/>
  <system-out/>
  <testcase classname="com.CA.qa.TestCases.APITesting" name="testResponsecode" time="0.033"/>
  <system-out/>
  <testcase classname="com.CA.qa.TestCases.APITesting" name="testResponsecode" time="0.032"/>
  <system-out/>
  <testcase classname="com.CA.qa.TestCases.APITesting" name="testResponsecode" time="0.036"/>
  <system-out/>
  <testcase classname="com.CA.qa.TestCases.APITesting" name="testResponsecode" time="0.034"/>
  <system-out/>
  <testcase classname="com.CA.qa.TestCases.APITesting" name="testResponsecode" time="0.133"/>
  <system-out/>
  <testcase classname="com.CA.qa.TestCases.APITesting" name="testResponsecode" time="0.042"/>
  <system-out/>
  <testcase classname="com.CA.qa.TestCases.APITesting" name="testResponsecode" time="0.035"/>
  <system-out/>
  <testcase classname="com.CA.qa.TestCases.APITesting" name="testResponsecode" time="0.033"/>
  <system-out/>
  <testcase classname="com.CA.qa.TestCases.APITesting" name="testResponsecode" time="0.032"/>
  <system-out/>
  <testcase classname="com.CA.qa.TestCases.APITesting" name="testResponsecode" time="0.049"/>
  <system-out/>
  <testcase classname="com.CA.qa.TestCases.APITesting" name="testResponsecode" time="0.033"/>
  <system-out/>
  <testcase classname="com.CA.qa.TestCases.APITesting" name="testResponsecode" time="0.034"/>
  <system-out/>
  <testcase classname="com.CA.qa.TestCases.APITesting" name="testResponsecode" time="0.034"/>
  <system-out/>
  <testcase classname="com.CA.qa.TestCases.APITesting" name="testResponsecode" time="0.034"/>
  <system-out/>
  <testcase classname="com.CA.qa.TestCases.APITesting" name="testResponsecode" time="0.037"/>
  <system-out/>
  <testcase classname="com.CA.qa.TestCases.APITesting" name="testResponsecode" time="0.044"/>
  <system-out/>
  <testcase classname="com.CA.qa.TestCases.APITesting" name="testResponsecode" time="0.033"/>
  <system-out/>
  <testcase classname="com.CA.qa.TestCases.APITesting" name="testResponsecode" time="0.034"/>
  <system-out/>
  <testcase classname="com.CA.qa.TestCases.APITesting" name="testResponsecode" time="0.037"/>
  <system-out/>
  <testcase classname="com.CA.qa.TestCases.APITesting" name="testResponsecode" time="0.035"/>
  <system-out/>
  <testcase classname="com.CA.qa.TestCases.APITesting" name="testResponsecode" time="0.033"/>
  <system-out/>
  <testcase classname="com.CA.qa.TestCases.APITesting" name="testResponsecode" time="0.035"/>
  <system-out/>
  <testcase classname="com.CA.qa.TestCases.APITesting" name="testResponsecode" time="0.049"/>
  <system-out/>
  <testcase classname="com.CA.qa.TestCases.APITesting" name="testResponsecode" time="0.036"/>
  <system-out/>
  <testcase classname="com.CA.qa.TestCases.APITesting" name="testResponsecode" time="0.032"/>
  <system-out/>
  <testcase classname="com.CA.qa.TestCases.APITesting" name="testResponsecode" time="0.032"/>
  <system-out/>
  <testcase classname="com.CA.qa.TestCases.APITesting" name="testResponsecode" time="0.133"/>
  <system-out/>
  <testcase classname="com.CA.qa.TestCases.APITesting" name="testResponsecode" time="0.041"/>
  <system-out/>
  <testcase classname="com.CA.qa.TestCases.APITesting" name="testResponsecode" time="0.032"/>
  <system-out/>
  <testcase classname="com.CA.qa.TestCases.APITesting" name="testResponsecode" time="0.310"/>
  <system-out/>
  <testcase classname="com.CA.qa.TestCases.APITesting" name="testResponsecode" time="0.033"/>
  <system-out/>
  <testcase classname="com.CA.qa.TestCases.APITesting" name="testResponsecode" time="0.033"/>
  <system-out/>
  <testcase classname="com.CA.qa.TestCases.APITesting" name="testResponsecode" time="0.034"/>
  <system-out/>
  <testcase classname="com.CA.qa.TestCases.APITesting" name="testResponsecode" time="0.050"/>
  <system-out/>
  <testcase classname="com.CA.qa.TestCases.APITesting" name="testResponsecode" time="0.528"/>
  <system-out/>
  <testcase classname="com.CA.qa.TestCases.APITesting" name="testResponsecode" time="0.034"/>
  <system-out/>
  <testcase classname="com.CA.qa.TestCases.APITesting" name="testResponsecode" time="0.033"/>
  <system-out/>
  <testcase classname="com.CA.qa.TestCases.APITesting" name="testResponsecode" time="0.163"/>
  <system-out/>
  <testcase classname="com.CA.qa.TestCases.APITesting" name="testResponsecode" time="0.035"/>
  <system-out/>
  <testcase classname="com.CA.qa.TestCases.APITesting" name="testResponsecode" time="0.033"/>
  <system-out/>
  <testcase classname="com.CA.qa.TestCases.APITesting" name="testResponsecode" time="0.040"/>
  <system-out/>
  <testcase classname="com.CA.qa.TestCases.APITesting" name="testResponsecode" time="0.036"/>
  <system-out/>
  <testcase classname="com.CA.qa.TestCases.APITesting" name="testResponsecode" time="0.033"/>
  <system-out/>
  <testcase classname="com.CA.qa.TestCases.APITesting" name="testResponsecode" time="0.034"/>
  <system-out/>
  <testcase classname="com.CA.qa.TestCases.APITesting" name="testResponsecode" time="0.032"/>
  <system-out/>
  <testcase classname="com.CA.qa.TestCases.APITesting" name="testResponsecode" time="0.033"/>
  <system-out/>
  <testcase classname="com.CA.qa.TestCases.APITesting" name="testResponsecode" time="0.032"/>
  <system-out/>
  <testcase classname="com.CA.qa.TestCases.APITesting" name="testResponsecode" time="0.060"/>
  <system-out/>
  <testcase classname="com.CA.qa.TestCases.APITesting" name="testResponsecode" time="0.038"/>
  <system-out/>
  <testcase classname="com.CA.qa.TestCases.APITesting" name="testResponsecode" time="0.036"/>
  <system-out/>
  <testcase classname="com.CA.qa.TestCases.APITesting" name="testResponsecode" time="0.186"/>
  <system-out/>
  <testcase classname="com.CA.qa.TestCases.APITesting" name="testResponsecode" time="0.181"/>
  <system-out/>
  <testcase classname="com.CA.qa.TestCases.APITesting" name="testResponsecode" time="0.046"/>
  <system-out/>
  <testcase classname="com.CA.qa.TestCases.APITesting" name="testResponsecode" time="0.033"/>
  <system-out/>
  <testcase classname="com.CA.qa.TestCases.APITesting" name="testResponsecode" time="0.033"/>
  <system-out/>
  <testcase classname="com.CA.qa.TestCases.APITesting" name="testResponsecode" time="0.037"/>
  <system-out/>
  <testcase classname="com.CA.qa.TestCases.APITesting" name="testResponsecode" time="0.032"/>
  <system-out/>
  <testcase classname="com.CA.qa.TestCases.APITesting" name="testResponsecode" time="0.033"/>
  <system-out/>
  <testcase classname="com.CA.qa.TestCases.APITesting" name="testResponsecode" time="0.035"/>
  <system-out/>
  <testcase classname="com.CA.qa.TestCases.APITesting" name="testResponsecode" time="0.035"/>
  <system-out/>
  <testcase classname="com.CA.qa.TestCases.APITesting" name="testResponsecode" time="0.032"/>
  <system-out/>
  <testcase classname="com.CA.qa.TestCases.APITesting" name="testResponsecode" time="0.033"/>
  <system-out/>
  <testcase classname="com.CA.qa.TestCases.APITesting" name="testResponsecode" time="0.032"/>
  <system-out/>
  <testcase classname="com.CA.qa.TestCases.APITesting" name="testResponsecode" time="0.037"/>
  <system-out/>
  <testcase classname="com.CA.qa.TestCases.APITesting" name="testResponsecode" time="0.036"/>
  <system-out/>
  <testcase classname="com.CA.qa.TestCases.APITesting" name="testResponsecode" time="0.047"/>
  <system-out/>
  <testcase classname="com.CA.qa.TestCases.APITesting" name="testResponsecode" time="0.175"/>
  <system-out/>
  <testcase classname="com.CA.qa.TestCases.APITesting" name="testResponsecode" time="0.032"/>
  <system-out/>
  <testcase classname="com.CA.qa.TestCases.APITesting" name="testResponsecode" time="0.033"/>
  <system-out/>
  <testcase classname="com.CA.qa.TestCases.APITesting" name="testResponsecode" time="0.033"/>
  <system-out/>
  <testcase classname="com.CA.qa.TestCases.APITesting" name="testResponsecode" time="0.034"/>
  <system-out/>
  <testcase classname="com.CA.qa.TestCases.APITesting" name="testResponsecode" time="0.035"/>
  <system-out/>
  <testcase classname="com.CA.qa.TestCases.APITesting" name="testResponsecode" time="0.038"/>
  <system-out/>
  <testcase classname="com.CA.qa.TestCases.APITesting" name="testResponsecode" time="0.033"/>
  <system-out/>
  <testcase classname="com.CA.qa.TestCases.APITesting" name="testResponsecode" time="0.066"/>
  <system-out/>
  <testcase classname="com.CA.qa.TestCases.APITesting" name="testResponsecode" time="0.054"/>
  <system-out/>
  <testcase classname="com.CA.qa.TestCases.APITesting" name="testResponsecode" time="0.037"/>
  <system-out/>
  <testcase classname="com.CA.qa.TestCases.APITesting" name="testResponsecode" time="0.037"/>
  <system-out/>
  <testcase classname="com.CA.qa.TestCases.APITesting" name="testResponsecode" time="0.035"/>
  <system-out/>
  <testcase classname="com.CA.qa.TestCases.APITesting" name="testResponsecode" time="0.033"/>
  <system-out/>
  <testcase classname="com.CA.qa.TestCases.APITesting" name="testResponsecode" time="0.039"/>
  <system-out/>
  <testcase classname="com.CA.qa.TestCases.APITesting" name="testResponsecode" time="0.036"/>
  <system-out/>
  <testcase classname="com.CA.qa.TestCases.APITesting" name="testResponsecode" time="0.035"/>
  <system-out/>
  <testcase classname="com.CA.qa.TestCases.APITesting" name="testResponsecode" time="0.049"/>
  <system-out/>
  <testcase classname="com.CA.qa.TestCases.APITesting" name="testResponsecode" time="0.046"/>
  <system-out/>
  <testcase classname="com.CA.qa.TestCases.APITesting" name="testResponsecode" time="0.033"/>
  <system-out/>
  <testcase classname="com.CA.qa.TestCases.APITesting" name="testResponsecode" time="0.045"/>
  <system-out/>
  <testcase classname="com.CA.qa.TestCases.APITesting" name="testResponsecode" time="0.035"/>
  <system-out/>
  <testcase classname="com.CA.qa.TestCases.APITesting" name="testResponsecode" time="0.041"/>
  <system-out/>
  <testcase classname="com.CA.qa.TestCases.APITesting" name="testResponsecode" time="0.032"/>
  <system-out/>
  <testcase classname="com.CA.qa.TestCases.APITesting" name="testResponsecode" time="0.033"/>
  <system-out/>
  <testcase classname="com.CA.qa.TestCases.APITesting" name="testResponsecode" time="0.041"/>
  <system-out/>
  <testcase classname="com.CA.qa.TestCases.APITesting" name="testResponsecode" time="0.033"/>
  <system-out/>
  <testcase classname="com.CA.qa.TestCases.APITesting" name="testResponsecode" time="0.040"/>
  <system-out/>
  <testcase classname="com.CA.qa.TestCases.APITesting" name="testResponsecode" time="0.036"/>
  <system-out/>
  <testcase classname="com.CA.qa.TestCases.APITesting" name="testResponsecode" time="0.035"/>
  <system-out/>
  <testcase classname="com.CA.qa.TestCases.APITesting" name="testResponsecode" time="0.044"/>
  <system-out/>
  <testcase classname="com.CA.qa.TestCases.APITesting" name="testResponsecode" time="0.035"/>
  <system-out/>
  <testcase classname="com.CA.qa.TestCases.APITesting" name="testResponsecode" time="0.034"/>
  <system-out/>
  <testcase classname="com.CA.qa.TestCases.APITesting" name="testResponsecode" time="0.040"/>
  <system-out/>
  <testcase classname="com.CA.qa.TestCases.APITesting" name="testResponsecode" time="0.266"/>
  <system-out/>
  <testcase classname="com.CA.qa.TestCases.APITesting" name="testResponsecode" time="0.034"/>
  <system-out/>
  <testcase classname="com.CA.qa.TestCases.APITesting" name="testResponsecode" time="0.034"/>
  <system-out/>
  <testcase classname="com.CA.qa.TestCases.APITesting" name="testResponsecode" time="0.032"/>
  <system-out/>
  <testcase classname="com.CA.qa.TestCases.APITesting" name="testResponsecode" time="0.881"/>
  <system-out/>
  <testcase classname="com.CA.qa.TestCases.APITesting" name="testResponsecode" time="0.042"/>
  <system-out/>
  <testcase classname="com.CA.qa.TestCases.APITesting" name="testResponsecode" time="0.038"/>
  <system-out/>
  <testcase classname="com.CA.qa.TestCases.APITesting" name="testResponsecode" time="0.054"/>
  <system-out/>
  <testcase classname="com.CA.qa.TestCases.APITesting" name="testResponsecode" time="0.033"/>
  <system-out/>
  <testcase classname="com.CA.qa.TestCases.APITesting" name="testResponsecode" time="0.037"/>
  <system-out/>
  <testcase classname="com.CA.qa.TestCases.APITesting" name="testResponsecode" time="0.032"/>
  <system-out/>
  <testcase classname="com.CA.qa.TestCases.APITesting" name="testResponsecode" time="0.038"/>
  <system-out/>
  <testcase classname="com.CA.qa.TestCases.APITesting" name="testResponsecode" time="0.037"/>
  <system-out/>
  <testcase classname="com.CA.qa.TestCases.APITesting" name="testResponsecode" time="0.035"/>
  <system-out/>
  <testcase classname="com.CA.qa.TestCases.APITesting" name="testResponsecode" time="0.042"/>
  <system-out/>
  <testcase classname="com.CA.qa.TestCases.APITesting" name="testResponsecode" time="0.033"/>
  <system-out/>
  <testcase classname="com.CA.qa.TestCases.APITesting" name="testResponsecode" time="0.033"/>
  <system-out/>
  <testcase classname="com.CA.qa.TestCases.APITesting" name="testResponsecode" time="0.125"/>
  <system-out/>
  <testcase classname="com.CA.qa.TestCases.APITesting" name="testResponsecode" time="0.042"/>
  <system-out/>
  <testcase classname="com.CA.qa.TestCases.APITesting" name="testResponsecode" time="0.039"/>
  <system-out/>
  <testcase classname="com.CA.qa.TestCases.APITesting" name="testResponsecode" time="0.037"/>
  <system-out/>
  <testcase classname="com.CA.qa.TestCases.APITesting" name="testResponsecode" time="0.034"/>
  <system-out/>
  <testcase classname="com.CA.qa.TestCases.APITesting" name="testResponsecode" time="0.047"/>
  <system-out/>
  <testcase classname="com.CA.qa.TestCases.APITesting" name="testResponsecode" time="0.039"/>
  <system-out/>
  <testcase classname="com.CA.qa.TestCases.APITesting" name="testResponsecode" time="0.035"/>
  <system-out/>
  <testcase classname="com.CA.qa.TestCases.APITesting" name="testResponsecode" time="0.035"/>
  <system-out/>
  <testcase classname="com.CA.qa.TestCases.APITesting" name="testResponsecode" time="0.036"/>
  <system-out/>
  <testcase classname="com.CA.qa.TestCases.APITesting" name="testResponsecode" time="0.034"/>
  <system-out/>
  <testcase classname="com.CA.qa.TestCases.APITesting" name="testResponsecode" time="0.033"/>
  <system-out/>
  <testcase classname="com.CA.qa.TestCases.APITesting" name="testResponsecode" time="0.032"/>
  <system-out/>
  <testcase classname="com.CA.qa.TestCases.APITesting" name="testResponsecode" time="0.038"/>
  <system-out/>
  <testcase classname="com.CA.qa.TestCases.APITesting" name="testResponsecode" time="0.032"/>
  <system-out/>
  <testcase classname="com.CA.qa.TestCases.APITesting" name="testResponsecode" time="0.052"/>
  <system-out/>
  <testcase classname="com.CA.qa.TestCases.APITesting" name="testResponsecode" time="0.035"/>
  <system-out/>
  <testcase classname="com.CA.qa.TestCases.APITesting" name="testResponsecode" time="0.039"/>
  <system-out/>
  <testcase classname="com.CA.qa.TestCases.APITesting" name="testResponsecode" time="0.038"/>
  <system-out/>
  <testcase classname="com.CA.qa.TestCases.APITesting" name="testResponsecode" time="0.037"/>
  <system-out/>
  <testcase classname="com.CA.qa.TestCases.APITesting" name="testResponsecode" time="0.037"/>
  <system-out/>
  <testcase classname="com.CA.qa.TestCases.APITesting" name="testResponsecode" time="0.039"/>
  <system-out/>
  <testcase classname="com.CA.qa.TestCases.APITesting" name="testResponsecode" time="0.146"/>
  <system-out/>
  <testcase classname="com.CA.qa.TestCases.APITesting" name="testResponsecode" time="0.032"/>
  <system-out/>
  <testcase classname="com.CA.qa.TestCases.APITesting" name="testResponsecode" time="0.033"/>
  <system-out/>
  <testcase classname="com.CA.qa.TestCases.APITesting" name="testResponsecode" time="0.032"/>
  <system-out/>
  <testcase classname="com.CA.qa.TestCases.APITesting" name="testResponsecode" time="0.041"/>
  <system-out/>
  <testcase classname="com.CA.qa.TestCases.APITesting" name="testResponsecode" time="0.033"/>
  <system-out/>
  <testcase classname="com.CA.qa.TestCases.APITesting" name="testResponsecode" time="0.033"/>
  <system-out/>
  <testcase classname="com.CA.qa.TestCases.APITesting" name="testResponsecode" time="0.044"/>
  <system-out/>
  <testcase classname="com.CA.qa.TestCases.APITesting" name="testResponsecode" time="0.035"/>
  <system-out/>
  <testcase classname="com.CA.qa.TestCases.APITesting" name="testResponsecode" time="0.039"/>
  <system-out/>
  <testcase classname="com.CA.qa.TestCases.APITesting" name="testResponsecode" time="0.039"/>
  <system-out/>
  <testcase classname="com.CA.qa.TestCases.APITesting" name="testResponsecode" time="0.035"/>
  <system-out/>
  <testcase classname="com.CA.qa.TestCases.APITesting" name="testResponsecode" time="0.036"/>
  <system-out/>
  <testcase classname="com.CA.qa.TestCases.APITesting" name="testResponsecode" time="0.036"/>
  <system-out/>
  <testcase classname="com.CA.qa.TestCases.APITesting" name="testResponsecode" time="0.041"/>
  <system-out/>
  <testcase classname="com.CA.qa.TestCases.APITesting" name="testResponsecode" time="0.037"/>
  <system-out/>
  <testcase classname="com.CA.qa.TestCases.APITesting" name="testResponsecode" time="0.033"/>
  <system-out/>
  <testcase classname="com.CA.qa.TestCases.APITesting" name="testResponsecode" time="0.038"/>
  <system-out/>
  <testcase classname="com.CA.qa.TestCases.APITesting" name="testResponsecode" time="0.033"/>
  <system-out/>
  <testcase classname="com.CA.qa.TestCases.APITesting" name="testResponsecode" time="0.056"/>
  <system-out/>
  <testcase classname="com.CA.qa.TestCases.APITesting" name="testResponsecode" time="0.036"/>
  <system-out/>
  <testcase classname="com.CA.qa.TestCases.APITesting" name="testResponsecode" time="0.191"/>
  <system-out/>
  <testcase classname="com.CA.qa.TestCases.APITesting" name="testResponsecode" time="0.037"/>
  <system-out/>
  <testcase classname="com.CA.qa.TestCases.APITesting" name="testResponsecode" time="0.032"/>
  <system-out/>
  <testcase classname="com.CA.qa.TestCases.APITesting" name="testResponsecode" time="0.046"/>
  <system-out/>
  <testcase classname="com.CA.qa.TestCases.APITesting" name="testResponsecode" time="0.038"/>
  <system-out/>
  <testcase classname="com.CA.qa.TestCases.APITesting" name="testResponsecode" time="0.034"/>
  <system-out/>
  <testcase classname="com.CA.qa.TestCases.APITesting" name="testResponsecode" time="0.034"/>
  <system-out/>
  <testcase classname="com.CA.qa.TestCases.APITesting" name="testResponsecode" time="0.031"/>
  <system-out/>
  <testcase classname="com.CA.qa.TestCases.APITesting" name="testResponsecode" time="0.034"/>
  <system-out/>
  <testcase classname="com.CA.qa.TestCases.APITesting" name="testResponsecode" time="0.036"/>
  <system-out/>
  <testcase classname="com.CA.qa.TestCases.APITesting" name="testResponsecode" time="0.038"/>
  <system-out/>
  <testcase classname="com.CA.qa.TestCases.APITesting" name="testResponsecode" time="0.038"/>
  <system-out/>
  <testcase classname="com.CA.qa.TestCases.APITesting" name="testResponsecode" time="0.043"/>
  <system-out/>
  <testcase classname="com.CA.qa.TestCases.APITesting" name="testResponsecode" time="0.093"/>
  <system-out/>
  <testcase classname="com.CA.qa.TestCases.APITesting" name="testResponsecode" time="0.045"/>
  <system-out/>
  <testcase classname="com.CA.qa.TestCases.APITesting" name="testResponsecode" time="0.041"/>
  <system-out/>
  <testcase classname="com.CA.qa.TestCases.APITesting" name="testResponsecode" time="0.142"/>
  <system-out/>
  <testcase classname="com.CA.qa.TestCases.APITesting" name="testResponsecode" time="0.051"/>
  <system-out/>
  <testcase classname="com.CA.qa.TestCases.APITesting" name="testResponsecode" time="0.040"/>
  <system-out/>
  <testcase classname="com.CA.qa.TestCases.APITesting" name="testResponsecode" time="0.035"/>
  <system-out/>
  <testcase classname="com.CA.qa.TestCases.APITesting" name="testResponsecode" time="0.033"/>
  <system-out/>
  <testcase classname="com.CA.qa.TestCases.APITesting" name="testResponsecode" time="0.034"/>
  <system-out/>
  <testcase classname="com.CA.qa.TestCases.APITesting" name="testResponsecode" time="0.034"/>
  <system-out/>
  <testcase classname="com.CA.qa.TestCases.APITesting" name="testResponsecode" time="0.036"/>
  <system-out/>
  <testcase classname="com.CA.qa.TestCases.APITesting" name="testResponsecode" time="0.037"/>
  <system-out/>
  <testcase classname="com.CA.qa.TestCases.APITesting" name="testResponsecode" time="0.045"/>
  <system-out/>
  <testcase classname="com.CA.qa.TestCases.APITesting" name="testResponsecode" time="0.036"/>
  <system-out/>
  <testcase classname="com.CA.qa.TestCases.APITesting" name="testResponsecode" time="0.052"/>
  <system-out/>
  <testcase classname="com.CA.qa.TestCases.APITesting" name="testResponsecode" time="0.033"/>
  <system-out/>
  <testcase classname="com.CA.qa.TestCases.APITesting" name="testResponsecode" time="0.035"/>
  <system-out/>
  <testcase classname="com.CA.qa.TestCases.APITesting" name="testResponsecode" time="0.054"/>
  <system-out/>
  <testcase classname="com.CA.qa.TestCases.APITesting" name="testResponsecode" time="0.033"/>
  <system-out/>
  <testcase classname="com.CA.qa.TestCases.APITesting" name="testResponsecode" time="0.033"/>
  <system-out/>
  <testcase classname="com.CA.qa.TestCases.APITesting" name="testResponsecode" time="0.037"/>
  <system-out/>
  <testcase classname="com.CA.qa.TestCases.APITesting" name="testResponsecode" time="0.044"/>
  <system-out/>
  <testcase classname="com.CA.qa.TestCases.APITesting" name="testResponsecode" time="0.043"/>
  <system-out/>
  <testcase classname="com.CA.qa.TestCases.APITesting" name="testResponsecode" time="0.040"/>
  <system-out/>
  <testcase classname="com.CA.qa.TestCases.APITesting" name="testResponsecode" time="0.041"/>
  <system-out/>
  <testcase classname="com.CA.qa.TestCases.APITesting" name="testResponsecode" time="0.032"/>
  <system-out/>
  <testcase classname="com.CA.qa.TestCases.APITesting" name="testResponsecode" time="0.041"/>
  <system-out/>
  <testcase classname="com.CA.qa.TestCases.APITesting" name="testResponsecode" time="0.125"/>
  <system-out/>
  <testcase classname="com.CA.qa.TestCases.APITesting" name="testResponsecode" time="0.036"/>
  <system-out/>
  <testcase classname="com.CA.qa.TestCases.APITesting" name="testResponsecode" time="0.036"/>
  <system-out/>
  <testcase classname="com.CA.qa.TestCases.APITesting" name="testResponsecode" time="0.038"/>
  <system-out/>
  <testcase classname="com.CA.qa.TestCases.APITesting" name="testResponsecode" time="0.093"/>
  <system-out/>
  <testcase classname="com.CA.qa.TestCases.APITesting" name="testResponsecode" time="0.038"/>
  <system-out/>
  <testcase classname="com.CA.qa.TestCases.APITesting" name="testResponsecode" time="0.034"/>
  <system-out/>
  <testcase classname="com.CA.qa.TestCases.APITesting" name="testResponsecode" time="0.036"/>
  <system-out/>
  <testcase classname="com.CA.qa.TestCases.APITesting" name="testResponsecode" time="0.036"/>
  <system-out/>
  <testcase classname="com.CA.qa.TestCases.APITesting" name="testResponsecode" time="0.034"/>
  <system-out/>
  <testcase classname="com.CA.qa.TestCases.APITesting" name="testResponsecode" time="0.033"/>
  <system-out/>
  <testcase classname="com.CA.qa.TestCases.APITesting" name="testResponsecode" time="0.061"/>
  <system-out/>
  <testcase classname="com.CA.qa.TestCases.APITesting" name="testResponsecode" time="0.045"/>
  <system-out/>
  <testcase classname="com.CA.qa.TestCases.APITesting" name="testResponsecode" time="0.037"/>
  <system-out/>
  <testcase classname="com.CA.qa.TestCases.APITesting" name="testResponsecode" time="0.047"/>
  <system-out/>
  <testcase classname="com.CA.qa.TestCases.APITesting" name="testResponsecode" time="0.034"/>
  <system-out/>
  <testcase classname="com.CA.qa.TestCases.APITesting" name="testResponsecode" time="0.033"/>
  <system-out/>
  <testcase classname="com.CA.qa.TestCases.APITesting" name="testResponsecode" time="0.033"/>
  <system-out/>
  <testcase classname="com.CA.qa.TestCases.APITesting" name="testResponsecode" time="0.036"/>
  <system-out/>
  <testcase classname="com.CA.qa.TestCases.APITesting" name="testResponsecode" time="0.038"/>
  <system-out/>
  <testcase classname="com.CA.qa.TestCases.APITesting" name="testResponsecode" time="0.048"/>
  <system-out/>
  <testcase classname="com.CA.qa.TestCases.APITesting" name="testResponsecode" time="0.048"/>
  <system-out/>
  <testcase classname="com.CA.qa.TestCases.APITesting" name="testResponsecode" time="0.035"/>
  <system-out/>
  <testcase classname="com.CA.qa.TestCases.APITesting" name="testResponsecode" time="0.055"/>
  <system-out/>
  <testcase classname="com.CA.qa.TestCases.APITesting" name="testResponsecode" time="0.034"/>
  <system-out/>
  <testcase classname="com.CA.qa.TestCases.APITesting" name="testResponsecode" time="0.032"/>
  <system-out/>
  <testcase classname="com.CA.qa.TestCases.APITesting" name="testResponsecode" time="0.135"/>
  <system-out/>
  <testcase classname="com.CA.qa.TestCases.APITesting" name="testResponsecode" time="0.040"/>
  <system-out/>
  <testcase classname="com.CA.qa.TestCases.APITesting" name="testResponsecode" time="0.034"/>
  <system-out/>
  <testcase classname="com.CA.qa.TestCases.APITesting" name="testResponsecode" time="0.038"/>
  <system-out/>
  <testcase classname="com.CA.qa.TestCases.APITesting" name="testResponsecode" time="0.154"/>
  <system-out/>
  <testcase classname="com.CA.qa.TestCases.APITesting" name="testResponsecode" time="0.046"/>
  <system-out/>
  <testcase classname="com.CA.qa.TestCases.APITesting" name="testResponsecode" time="0.035"/>
  <system-out/>
  <testcase classname="com.CA.qa.TestCases.APITesting" name="testResponsecode" time="0.034"/>
  <system-out/>
  <testcase classname="com.CA.qa.TestCases.APITesting" name="testResponsecode" time="0.143"/>
  <system-out/>
  <testcase classname="com.CA.qa.TestCases.APITesting" name="testResponsecode" time="0.041"/>
  <system-out/>
  <testcase classname="com.CA.qa.TestCases.APITesting" name="testResponsecode" time="0.038"/>
  <system-out/>
  <testcase classname="com.CA.qa.TestCases.APITesting" name="testResponsecode" time="0.033"/>
  <system-out/>
  <testcase classname="com.CA.qa.TestCases.APITesting" name="testResponsecode" time="0.038"/>
  <system-out/>
  <testcase classname="com.CA.qa.TestCases.APITesting" name="testResponsecode" time="0.033"/>
  <system-out/>
  <testcase classname="com.CA.qa.TestCases.APITesting" name="testResponsecode" time="0.042"/>
  <system-out/>
  <testcase classname="com.CA.qa.TestCases.APITesting" name="testResponsecode" time="0.035"/>
  <system-out/>
  <testcase classname="com.CA.qa.TestCases.APITesting" name="testResponsecode" time="0.050"/>
  <system-out/>
  <testcase classname="com.CA.qa.TestCases.APITesting" name="testResponsecode" time="0.032"/>
  <system-out/>
  <testcase classname="com.CA.qa.TestCases.APITesting" name="testResponsecode" time="0.033"/>
  <system-out/>
  <testcase classname="com.CA.qa.TestCases.APITesting" name="testResponsecode" time="0.034"/>
  <system-out/>
  <testcase classname="com.CA.qa.TestCases.APITesting" name="testResponsecode" time="0.033"/>
  <system-out/>
  <testcase classname="com.CA.qa.TestCases.APITesting" name="testResponsecode" time="0.103"/>
  <system-out/>
  <testcase classname="com.CA.qa.TestCases.APITesting" name="testResponsecode" time="0.036"/>
  <system-out/>
  <testcase classname="com.CA.qa.TestCases.APITesting" name="testResponsecode" time="0.033"/>
  <system-out/>
  <testcase classname="com.CA.qa.TestCases.APITesting" name="testResponsecode" time="0.053"/>
  <system-out/>
  <testcase classname="com.CA.qa.TestCases.APITesting" name="testResponsecode" time="0.032"/>
  <system-out/>
  <testcase classname="com.CA.qa.TestCases.APITesting" name="testResponsecode" time="0.034"/>
  <system-out/>
  <testcase classname="com.CA.qa.TestCases.APITesting" name="testResponsecode" time="0.041"/>
  <system-out/>
  <testcase classname="com.CA.qa.TestCases.APITesting" name="testResponsecode" time="0.041"/>
  <system-out/>
  <testcase classname="com.CA.qa.TestCases.APITesting" name="testResponsecode" time="0.033"/>
  <system-out/>
  <testcase classname="com.CA.qa.TestCases.APITesting" name="testResponsecode" time="0.035"/>
  <system-out/>
  <testcase classname="com.CA.qa.TestCases.APITesting" name="testResponsecode" time="0.038"/>
  <system-out/>
  <testcase classname="com.CA.qa.TestCases.APITesting" name="testResponsecode" time="0.039"/>
  <system-out/>
  <testcase classname="com.CA.qa.TestCases.APITesting" name="testResponsecode" time="0.038"/>
  <system-out/>
  <testcase classname="com.CA.qa.TestCases.APITesting" name="testResponsecode" time="0.039"/>
  <system-out/>
  <testcase classname="com.CA.qa.TestCases.APITesting" name="testResponsecode" time="0.035"/>
  <system-out/>
  <testcase classname="com.CA.qa.TestCases.APITesting" name="testResponsecode" time="0.037"/>
  <system-out/>
  <testcase classname="com.CA.qa.TestCases.APITesting" name="testResponsecode" time="0.042"/>
  <system-out/>
  <testcase classname="com.CA.qa.TestCases.APITesting" name="testResponsecode" time="0.039"/>
  <system-out/>
  <testcase classname="com.CA.qa.TestCases.APITesting" name="testResponsecode" time="0.046"/>
  <system-out/>
  <testcase classname="com.CA.qa.TestCases.APITesting" name="testResponsecode" time="0.047"/>
  <system-out/>
  <testcase classname="com.CA.qa.TestCases.APITesting" name="testResponsecode" time="0.100"/>
  <system-out/>
  <testcase classname="com.CA.qa.TestCases.APITesting" name="testResponsecode" time="0.035"/>
  <system-out/>
  <testcase classname="com.CA.qa.TestCases.APITesting" name="testResponsecode" time="0.038"/>
  <system-out/>
  <testcase classname="com.CA.qa.TestCases.APITesting" name="testResponsecode" time="0.036"/>
  <system-out/>
  <testcase classname="com.CA.qa.TestCases.APITesting" name="testResponsecode" time="0.035"/>
  <system-out/>
  <testcase classname="com.CA.qa.TestCases.APITesting" name="testResponsecode" time="0.036"/>
  <system-out/>
  <testcase classname="com.CA.qa.TestCases.APITesting" name="testResponsecode" time="0.040"/>
  <system-out/>
  <testcase classname="com.CA.qa.TestCases.APITesting" name="testResponsecode" time="0.088"/>
  <system-out/>
  <testcase classname="com.CA.qa.TestCases.APITesting" name="testResponsecode" time="0.035"/>
  <system-out/>
  <testcase classname="com.CA.qa.TestCases.APITesting" name="testResponsecode" time="0.031"/>
  <system-out/>
  <testcase classname="com.CA.qa.TestCases.APITesting" name="testResponsecode" time="0.035"/>
  <system-out/>
  <testcase classname="com.CA.qa.TestCases.APITesting" name="testResponsecode" time="0.037"/>
  <system-out/>
  <testcase classname="com.CA.qa.TestCases.APITesting" name="testResponsecode" time="0.034"/>
  <system-out/>
  <testcase classname="com.CA.qa.TestCases.APITesting" name="testResponsecode" time="0.056"/>
  <system-out/>
  <testcase classname="com.CA.qa.TestCases.APITesting" name="testResponsecode" time="0.035"/>
  <system-out/>
  <testcase classname="com.CA.qa.TestCases.APITesting" name="testResponsecode" time="0.033"/>
  <system-out/>
  <testcase classname="com.CA.qa.TestCases.APITesting" name="testResponsecode" time="0.139"/>
  <system-out/>
  <testcase classname="com.CA.qa.TestCases.APITesting" name="testResponsecode" time="0.135"/>
  <system-out/>
  <testcase classname="com.CA.qa.TestCases.APITesting" name="testResponsecode" time="0.039"/>
  <system-out/>
  <testcase classname="com.CA.qa.TestCases.APITesting" name="testResponsecode" time="0.040"/>
  <system-out/>
  <testcase classname="com.CA.qa.TestCases.APITesting" name="testResponsecode" time="0.035"/>
  <system-out/>
  <testcase classname="com.CA.qa.TestCases.APITesting" name="testResponsecode" time="0.033"/>
  <system-out/>
  <testcase classname="com.CA.qa.TestCases.APITesting" name="testResponsecode" time="0.034"/>
  <system-out/>
  <testcase classname="com.CA.qa.TestCases.APITesting" name="testResponsecode" time="0.037"/>
  <system-out/>
  <testcase classname="com.CA.qa.TestCases.APITesting" name="testResponsecode" time="0.043"/>
  <system-out/>
  <testcase classname="com.CA.qa.TestCases.APITesting" name="testResponsecode" time="0.035"/>
  <system-out/>
  <testcase classname="com.CA.qa.TestCases.APITesting" name="testResponsecode" time="0.039"/>
  <system-out/>
  <testcase classname="com.CA.qa.TestCases.APITesting" name="testResponsecode" time="0.041"/>
  <system-out/>
  <testcase classname="com.CA.qa.TestCases.APITesting" name="testResponsecode" time="0.036"/>
  <system-out/>
  <testcase classname="com.CA.qa.TestCases.APITesting" name="testResponsecode" time="0.035"/>
  <system-out/>
  <testcase classname="com.CA.qa.TestCases.APITesting" name="testResponsecode" time="0.035"/>
  <system-out/>
  <testcase classname="com.CA.qa.TestCases.APITesting" name="testResponsecode" time="0.039"/>
  <system-out/>
  <testcase classname="com.CA.qa.TestCases.APITesting" name="testResponsecode" time="0.035"/>
  <system-out/>
  <testcase classname="com.CA.qa.TestCases.APITesting" name="testResponsecode" time="0.041"/>
  <system-out/>
  <testcase classname="com.CA.qa.TestCases.APITesting" name="testResponsecode" time="0.131"/>
  <system-out/>
  <testcase classname="com.CA.qa.TestCases.APITesting" name="testResponsecode" time="0.033"/>
  <system-out/>
  <testcase classname="com.CA.qa.TestCases.APITesting" name="testResponsecode" time="0.038"/>
  <system-out/>
  <testcase classname="com.CA.qa.TestCases.APITesting" name="testResponsecode" time="0.032"/>
  <system-out/>
  <testcase classname="com.CA.qa.TestCases.APITesting" name="testResponsecode" time="0.032"/>
  <system-out/>
  <testcase classname="com.CA.qa.TestCases.APITesting" name="testResponsecode" time="0.043"/>
  <system-out/>
  <testcase classname="com.CA.qa.TestCases.APITesting" name="testResponsecode" time="0.061"/>
  <system-out/>
  <testcase classname="com.CA.qa.TestCases.APITesting" name="testResponsecode" time="0.033"/>
  <system-out/>
  <testcase classname="com.CA.qa.TestCases.APITesting" name="testResponsecode" time="0.034"/>
  <system-out/>
  <testcase classname="com.CA.qa.TestCases.APITesting" name="testResponsecode" time="0.037"/>
  <system-out/>
  <testcase classname="com.CA.qa.TestCases.APITesting" name="testResponsecode" time="0.034"/>
  <system-out/>
  <testcase classname="com.CA.qa.TestCases.APITesting" name="testResponsecode" time="0.037"/>
  <system-out/>
  <testcase classname="com.CA.qa.TestCases.APITesting" name="testResponsecode" time="0.032"/>
  <system-out/>
  <testcase classname="com.CA.qa.TestCases.APITesting" name="testResponsecode" time="0.042"/>
  <system-out/>
  <testcase classname="com.CA.qa.TestCases.APITesting" name="testResponsecode" time="0.040"/>
  <system-out/>
  <testcase classname="com.CA.qa.TestCases.APITesting" name="testResponsecode" time="0.035"/>
  <system-out/>
  <testcase classname="com.CA.qa.TestCases.APITesting" name="testResponsecode" time="0.033"/>
  <system-out/>
  <testcase classname="com.CA.qa.TestCases.APITesting" name="testResponsecode" time="0.054"/>
  <system-out/>
  <testcase classname="com.CA.qa.TestCases.APITesting" name="testResponsecode" time="0.087"/>
  <system-out/>
  <testcase classname="com.CA.qa.TestCases.APITesting" name="testResponsecode" time="0.032"/>
  <system-out/>
  <testcase classname="com.CA.qa.TestCases.APITesting" name="testResponsecode" time="0.045"/>
  <system-out/>
  <testcase classname="com.CA.qa.TestCases.APITesting" name="testResponsecode" time="0.037"/>
  <system-out/>
  <testcase classname="com.CA.qa.TestCases.APITesting" name="testResponsecode" time="0.033"/>
  <system-out/>
  <testcase classname="com.CA.qa.TestCases.APITesting" name="testResponsecode" time="0.032"/>
  <system-out/>
  <testcase classname="com.CA.qa.TestCases.APITesting" name="testResponsecode" time="0.216"/>
  <system-out/>
  <testcase classname="com.CA.qa.TestCases.APITesting" name="testResponsecode" time="0.165"/>
  <system-out/>
  <testcase classname="com.CA.qa.TestCases.APITesting" name="testResponsecode" time="0.034"/>
  <system-out/>
  <testcase classname="com.CA.qa.TestCases.APITesting" name="testResponsecode" time="0.162"/>
  <system-out/>
  <testcase classname="com.CA.qa.TestCases.APITesting" name="testResponsecode" time="0.033"/>
  <system-out/>
  <testcase classname="com.CA.qa.TestCases.APITesting" name="testResponsecode" time="0.045"/>
  <system-out/>
  <testcase classname="com.CA.qa.TestCases.APITesting" name="testResponsecode" time="0.033"/>
  <system-out/>
  <testcase classname="com.CA.qa.TestCases.APITesting" name="testResponsecode" time="0.034"/>
  <system-out/>
  <testcase classname="com.CA.qa.TestCases.APITesting" name="testResponsecode" time="0.034"/>
  <system-out/>
  <testcase classname="com.CA.qa.TestCases.APITesting" name="testResponsecode" time="0.034"/>
  <system-out/>
  <testcase classname="com.CA.qa.TestCases.APITesting" name="testResponsecode" time="0.037"/>
  <system-out/>
  <testcase classname="com.CA.qa.TestCases.APITesting" name="testResponsecode" time="0.175"/>
  <system-out/>
  <testcase classname="com.CA.qa.TestCases.APITesting" name="testResponsecode" time="0.036"/>
  <system-out/>
  <testcase classname="com.CA.qa.TestCases.APITesting" name="testResponsecode" time="0.035"/>
  <system-out/>
  <testcase classname="com.CA.qa.TestCases.APITesting" name="testResponsecode" time="0.036"/>
  <system-out/>
  <testcase classname="com.CA.qa.TestCases.APITesting" name="testResponsecode" time="0.053"/>
  <system-out/>
  <testcase classname="com.CA.qa.TestCases.APITesting" name="testResponsecode" time="0.033"/>
  <system-out/>
  <testcase classname="com.CA.qa.TestCases.APITesting" name="testResponsecode" time="0.033"/>
  <system-out/>
  <testcase classname="com.CA.qa.TestCases.APITesting" name="testResponsecode" time="0.066"/>
  <system-out/>
  <testcase classname="com.CA.qa.TestCases.APITesting" name="testResponsecode" time="0.034"/>
  <system-out/>
  <testcase classname="com.CA.qa.TestCases.APITesting" name="testResponsecode" time="0.035"/>
  <system-out/>
  <testcase classname="com.CA.qa.TestCases.APITesting" name="testResponsecode" time="0.032"/>
  <system-out/>
  <testcase classname="com.CA.qa.TestCases.APITesting" name="testResponsecode" time="0.063"/>
  <system-out/>
  <testcase classname="com.CA.qa.TestCases.APITesting" name="testResponsecode" time="0.034"/>
  <system-out/>
  <testcase classname="com.CA.qa.TestCases.APITesting" name="testResponsecode" time="0.041"/>
  <system-out/>
  <testcase classname="com.CA.qa.TestCases.APITesting" name="testResponsecode" time="0.035"/>
  <system-out/>
  <testcase classname="com.CA.qa.TestCases.APITesting" name="testResponsecode" time="0.132"/>
  <system-out/>
  <testcase classname="com.CA.qa.TestCases.APITesting" name="testResponsecode" time="0.034"/>
  <system-out/>
  <testcase classname="com.CA.qa.TestCases.APITesting" name="testResponsecode" time="0.034"/>
  <system-out/>
  <testcase classname="com.CA.qa.TestCases.APITesting" name="testResponsecode" time="0.032"/>
  <system-out/>
  <testcase classname="com.CA.qa.TestCases.APITesting" name="testResponsecode" time="0.038"/>
  <system-out/>
  <testcase classname="com.CA.qa.TestCases.APITesting" name="testResponsecode" time="0.045"/>
  <system-out/>
  <testcase classname="com.CA.qa.TestCases.APITesting" name="testResponsecode" time="0.034"/>
  <system-out/>
  <testcase classname="com.CA.qa.TestCases.APITesting" name="testResponsecode" time="0.043"/>
  <system-out/>
  <testcase classname="com.CA.qa.TestCases.APITesting" name="testResponsecode" time="0.037"/>
  <system-out/>
  <testcase classname="com.CA.qa.TestCases.APITesting" name="testResponsecode" time="0.035"/>
  <system-out/>
  <testcase classname="com.CA.qa.TestCases.APITesting" name="testResponsecode" time="0.158"/>
  <system-out/>
  <testcase classname="com.CA.qa.TestCases.APITesting" name="testResponsecode" time="0.039"/>
  <system-out/>
  <testcase classname="com.CA.qa.TestCases.APITesting" name="testResponsecode" time="0.035"/>
  <system-out/>
  <testcase classname="com.CA.qa.TestCases.APITesting" name="testResponsecode" time="0.037"/>
  <system-out/>
  <testcase classname="com.CA.qa.TestCases.APITesting" name="testResponsecode" time="0.035"/>
  <system-out/>
  <testcase classname="com.CA.qa.TestCases.APITesting" name="testResponsecode" time="0.036"/>
  <system-out/>
  <testcase classname="com.CA.qa.TestCases.APITesting" name="testResponsecode" time="0.062"/>
  <system-out/>
  <testcase classname="com.CA.qa.TestCases.APITesting" name="testResponsecode" time="0.034"/>
  <system-out/>
  <testcase classname="com.CA.qa.TestCases.APITesting" name="testResponsecode" time="0.041"/>
  <system-out/>
  <testcase classname="com.CA.qa.TestCases.APITesting" name="testResponsecode" time="0.132"/>
  <system-out/>
  <testcase classname="com.CA.qa.TestCases.APITesting" name="testResponsecode" time="0.034"/>
  <system-out/>
  <testcase classname="com.CA.qa.TestCases.APITesting" name="testResponsecode" time="0.034"/>
  <system-out/>
  <testcase classname="com.CA.qa.TestCases.APITesting" name="testResponsecode" time="0.035"/>
  <system-out/>
  <testcase classname="com.CA.qa.TestCases.APITesting" name="testResponsecode" time="0.044"/>
  <system-out/>
  <testcase classname="com.CA.qa.TestCases.APITesting" name="testResponsecode" time="0.039"/>
  <system-out/>
  <testcase classname="com.CA.qa.TestCases.APITesting" name="testResponsecode" time="0.132"/>
  <system-out/>
  <testcase classname="com.CA.qa.TestCases.APITesting" name="testResponsecode" time="0.040"/>
  <system-out/>
  <testcase classname="com.CA.qa.TestCases.APITesting" name="testResponsecode" time="0.037"/>
  <system-out/>
  <testcase classname="com.CA.qa.TestCases.APITesting" name="testResponsecode" time="0.033"/>
  <system-out/>
  <testcase classname="com.CA.qa.TestCases.APITesting" name="testResponsecode" time="0.037"/>
  <system-out/>
  <testcase classname="com.CA.qa.TestCases.APITesting" name="testResponsecode" time="0.034"/>
  <system-out/>
  <testcase classname="com.CA.qa.TestCases.APITesting" name="testResponsecode" time="0.034"/>
  <system-out/>
  <testcase classname="com.CA.qa.TestCases.APITesting" name="testResponsecode" time="0.033"/>
  <system-out/>
  <testcase classname="com.CA.qa.TestCases.APITesting" name="testResponsecode" time="0.035"/>
  <system-out/>
  <testcase classname="com.CA.qa.TestCases.APITesting" name="testResponsecode" time="0.032"/>
  <system-out/>
  <testcase classname="com.CA.qa.TestCases.APITesting" name="testResponsecode" time="0.063"/>
  <system-out/>
  <testcase classname="com.CA.qa.TestCases.APITesting" name="testResponsecode" time="0.185"/>
  <system-out/>
  <testcase classname="com.CA.qa.TestCases.APITesting" name="testResponsecode" time="0.044"/>
  <system-out/>
  <testcase classname="com.CA.qa.TestCases.APITesting" name="testResponsecode" time="0.050"/>
  <system-out/>
  <testcase classname="com.CA.qa.TestCases.APITesting" name="testResponsecode" time="0.033"/>
  <system-out/>
  <testcase classname="com.CA.qa.TestCases.APITesting" name="testResponsecode" time="0.032"/>
  <system-out/>
  <testcase classname="com.CA.qa.TestCases.APITesting" name="testResponsecode" time="0.033"/>
  <system-out/>
  <testcase classname="com.CA.qa.TestCases.APITesting" name="testResponsecode" time="0.033"/>
  <system-out/>
  <testcase classname="com.CA.qa.TestCases.APITesting" name="testResponsecode" time="0.038"/>
  <system-out/>
  <testcase classname="com.CA.qa.TestCases.APITesting" name="testResponsecode" time="0.034"/>
  <system-out/>
  <testcase classname="com.CA.qa.TestCases.APITesting" name="testResponsecode" time="0.041"/>
  <system-out/>
  <testcase classname="com.CA.qa.TestCases.APITesting" name="testResponsecode" time="0.032"/>
  <system-out/>
  <testcase classname="com.CA.qa.TestCases.APITesting" name="testResponsecode" time="0.033"/>
  <system-out/>
  <testcase classname="com.CA.qa.TestCases.APITesting" name="testResponsecode" time="0.032"/>
  <system-out/>
  <testcase classname="com.CA.qa.TestCases.APITesting" name="testResponsecode" time="0.037"/>
  <system-out/>
  <testcase classname="com.CA.qa.TestCases.APITesting" name="testResponsecode" time="0.034"/>
  <system-out/>
  <testcase classname="com.CA.qa.TestCases.APITesting" name="testResponsecode" time="0.036"/>
  <system-out/>
  <testcase classname="com.CA.qa.TestCases.APITesting" name="testResponsecode" time="0.041"/>
  <system-out/>
  <testcase classname="com.CA.qa.TestCases.APITesting" name="testResponsecode" time="0.038"/>
  <system-out/>
  <testcase classname="com.CA.qa.TestCases.APITesting" name="testResponsecode" time="0.032"/>
  <system-out/>
  <testcase classname="com.CA.qa.TestCases.APITesting" name="testResponsecode" time="0.106"/>
  <system-out/>
  <testcase classname="com.CA.qa.TestCases.APITesting" name="testResponsecode" time="0.038"/>
  <system-out/>
  <testcase classname="com.CA.qa.TestCases.APITesting" name="testResponsecode" time="0.038"/>
  <system-out/>
  <testcase classname="com.CA.qa.TestCases.APITesting" name="testResponsecode" time="0.032"/>
  <system-out/>
  <testcase classname="com.CA.qa.TestCases.APITesting" name="testResponsecode" time="0.034"/>
  <system-out/>
  <testcase classname="com.CA.qa.TestCases.APITesting" name="testResponsecode" time="0.038"/>
  <system-out/>
  <testcase classname="com.CA.qa.TestCases.APITesting" name="testResponsecode" time="0.082"/>
  <system-out/>
  <testcase classname="com.CA.qa.TestCases.APITesting" name="testResponsecode" time="0.033"/>
  <system-out/>
  <testcase classname="com.CA.qa.TestCases.APITesting" name="testResponsecode" time="0.033"/>
  <system-out/>
  <testcase classname="com.CA.qa.TestCases.APITesting" name="testResponsecode" time="0.042"/>
  <system-out/>
  <testcase classname="com.CA.qa.TestCases.APITesting" name="testResponsecode" time="0.059"/>
  <system-out/>
  <testcase classname="com.CA.qa.TestCases.APITesting" name="testResponsecode" time="0.039"/>
  <system-out/>
  <testcase classname="com.CA.qa.TestCases.APITesting" name="testResponsecode" time="0.033"/>
  <system-out/>
  <testcase classname="com.CA.qa.TestCases.APITesting" name="testResponsecode" time="0.033"/>
  <system-out/>
  <testcase classname="com.CA.qa.TestCases.APITesting" name="testResponsecode" time="0.034"/>
  <system-out/>
  <testcase classname="com.CA.qa.TestCases.APITesting" name="testResponsecode" time="0.032"/>
  <system-out/>
  <testcase classname="com.CA.qa.TestCases.APITesting" name="testResponsecode" time="0.148"/>
  <system-out/>
  <testcase classname="com.CA.qa.TestCases.APITesting" name="testResponsecode" time="0.037"/>
  <system-out/>
  <testcase classname="com.CA.qa.TestCases.APITesting" name="testResponsecode" time="0.051"/>
  <system-out/>
  <testcase classname="com.CA.qa.TestCases.APITesting" name="testResponsecode" time="0.036"/>
  <system-out/>
  <testcase classname="com.CA.qa.TestCases.APITesting" name="testResponsecode" time="0.039"/>
  <system-out/>
  <testcase classname="com.CA.qa.TestCases.APITesting" name="testResponsecode" time="0.044"/>
  <system-out/>
  <testcase classname="com.CA.qa.TestCases.APITesting" name="testResponsecode" time="0.043"/>
  <system-out/>
  <testcase classname="com.CA.qa.TestCases.APITesting" name="testResponsecode" time="0.042"/>
  <system-out/>
  <testcase classname="com.CA.qa.TestCases.APITesting" name="testResponsecode" time="0.033"/>
  <system-out/>
  <testcase classname="com.CA.qa.TestCases.APITesting" name="testResponsecode" time="0.074"/>
  <system-out/>
  <testcase classname="com.CA.qa.TestCases.APITesting" name="testResponsecode" time="0.056"/>
  <system-out/>
  <testcase classname="com.CA.qa.TestCases.APITesting" name="testResponsecode" time="0.037"/>
  <system-out/>
  <testcase classname="com.CA.qa.TestCases.APITesting" name="testResponsecode" time="0.034"/>
  <system-out/>
  <testcase classname="com.CA.qa.TestCases.APITesting" name="testResponsecode" time="0.033"/>
  <system-out/>
  <testcase classname="com.CA.qa.TestCases.APITesting" name="testResponsecode" time="0.039"/>
  <system-out/>
  <testcase classname="com.CA.qa.TestCases.APITesting" name="testResponsecode" time="0.035"/>
  <system-out/>
  <testcase classname="com.CA.qa.TestCases.APITesting" name="testResponsecode" time="0.062"/>
  <system-out/>
  <testcase classname="com.CA.qa.TestCases.APITesting" name="testResponsecode" time="0.032"/>
  <system-out/>
  <testcase classname="com.CA.qa.TestCases.APITesting" name="testResponsecode" time="0.043"/>
  <system-out/>
  <testcase classname="com.CA.qa.TestCases.APITesting" name="testResponsecode" time="0.046"/>
  <system-out/>
  <testcase classname="com.CA.qa.TestCases.APITesting" name="testResponsecode" time="0.042"/>
  <system-out/>
  <testcase classname="com.CA.qa.TestCases.APITesting" name="testResponsecode" time="0.143"/>
  <system-out/>
  <testcase classname="com.CA.qa.TestCases.APITesting" name="testResponsecode" time="0.032"/>
  <system-out/>
  <testcase classname="com.CA.qa.TestCases.APITesting" name="testResponsecode" time="0.037"/>
  <system-out/>
  <testcase classname="com.CA.qa.TestCases.APITesting" name="testResponsecode" time="0.034"/>
  <system-out/>
  <testcase classname="com.CA.qa.TestCases.APITesting" name="testResponsecode" time="0.051"/>
  <system-out/>
  <testcase classname="com.CA.qa.TestCases.APITesting" name="testResponsecode" time="0.057"/>
  <system-out/>
  <testcase classname="com.CA.qa.TestCases.APITesting" name="testResponsecode" time="0.039"/>
  <system-out/>
  <testcase classname="com.CA.qa.TestCases.APITesting" name="testResponsecode" time="0.032"/>
  <system-out/>
  <testcase classname="com.CA.qa.TestCases.APITesting" name="testResponsecode" time="0.045"/>
  <system-out/>
  <testcase classname="com.CA.qa.TestCases.APITesting" name="testResponsecode" time="0.037"/>
  <system-out/>
  <testcase classname="com.CA.qa.TestCases.APITesting" name="testResponsecode" time="0.034"/>
  <system-out/>
  <testcase classname="com.CA.qa.TestCases.APITesting" name="testResponsecode" time="0.033"/>
  <system-out/>
  <testcase classname="com.CA.qa.TestCases.APITesting" name="testResponsecode" time="0.059"/>
  <system-out/>
  <testcase classname="com.CA.qa.TestCases.APITesting" name="testResponsecode" time="0.034"/>
  <system-out/>
  <testcase classname="com.CA.qa.TestCases.APITesting" name="testResponsecode" time="0.033"/>
  <system-out/>
  <testcase classname="com.CA.qa.TestCases.APITesting" name="testResponsecode" time="0.036"/>
  <system-out/>
  <testcase classname="com.CA.qa.TestCases.APITesting" name="testResponsecode" time="0.033"/>
  <system-out/>
  <testcase classname="com.CA.qa.TestCases.APITesting" name="testResponsecode" time="0.040"/>
  <system-out/>
  <testcase classname="com.CA.qa.TestCases.APITesting" name="testResponsecode" time="0.034"/>
  <system-out/>
  <testcase classname="com.CA.qa.TestCases.APITesting" name="testResponsecode" time="0.040"/>
  <system-out/>
  <testcase classname="com.CA.qa.TestCases.APITesting" name="testResponsecode" time="0.032"/>
  <system-out/>
  <testcase classname="com.CA.qa.TestCases.APITesting" name="testResponsecode" time="0.031"/>
  <system-out/>
  <testcase classname="com.CA.qa.TestCases.APITesting" name="testResponsecode" time="0.033"/>
  <system-out/>
  <testcase classname="com.CA.qa.TestCases.APITesting" name="testResponsecode" time="0.034"/>
  <system-out/>
  <testcase classname="com.CA.qa.TestCases.APITesting" name="testResponsecode" time="0.035"/>
  <system-out/>
  <testcase classname="com.CA.qa.TestCases.APITesting" name="testResponsecode" time="0.037"/>
  <system-out/>
  <testcase classname="com.CA.qa.TestCases.APITesting" name="testResponsecode" time="0.050"/>
  <system-out/>
  <testcase classname="com.CA.qa.TestCases.APITesting" name="testResponsecode" time="0.034"/>
  <system-out/>
  <testcase classname="com.CA.qa.TestCases.APITesting" name="testResponsecode" time="0.158"/>
  <system-out/>
  <testcase classname="com.CA.qa.TestCases.APITesting" name="testResponsecode" time="0.036"/>
  <system-out/>
  <testcase classname="com.CA.qa.TestCases.APITesting" name="testResponsecode" time="0.041"/>
  <system-out/>
  <testcase classname="com.CA.qa.TestCases.APITesting" name="testResponsecode" time="0.034"/>
  <system-out/>
  <testcase classname="com.CA.qa.TestCases.APITesting" name="testResponsecode" time="0.033"/>
  <system-out/>
  <testcase classname="com.CA.qa.TestCases.APITesting" name="testResponsecode" time="0.043"/>
  <system-out/>
  <testcase classname="com.CA.qa.TestCases.APITesting" name="testResponsecode" time="0.038"/>
  <system-out/>
  <testcase classname="com.CA.qa.TestCases.APITesting" name="testResponsecode" time="0.032"/>
  <system-out/>
  <testcase classname="com.CA.qa.TestCases.APITesting" name="testResponsecode" time="0.035"/>
  <system-out/>
  <testcase classname="com.CA.qa.TestCases.APITesting" name="testResponsecode" time="0.037"/>
  <system-out/>
  <testcase classname="com.CA.qa.TestCases.APITesting" name="testResponsecode" time="0.038"/>
  <system-out/>
  <testcase classname="com.CA.qa.TestCases.APITesting" name="testResponsecode" time="0.049"/>
  <system-out/>
  <testcase classname="com.CA.qa.TestCases.APITesting" name="testResponsecode" time="0.033"/>
  <system-out/>
  <testcase classname="com.CA.qa.TestCases.APITesting" name="testResponsecode" time="0.033"/>
  <system-out/>
  <testcase classname="com.CA.qa.TestCases.APITesting" name="testResponsecode" time="0.034"/>
  <system-out/>
  <testcase classname="com.CA.qa.TestCases.APITesting" name="testResponsecode" time="0.035"/>
  <system-out/>
  <testcase classname="com.CA.qa.TestCases.APITesting" name="testResponsecode" time="0.042"/>
  <system-out/>
  <testcase classname="com.CA.qa.TestCases.APITesting" name="testResponsecode" time="0.033"/>
  <system-out/>
  <testcase classname="com.CA.qa.TestCases.APITesting" name="testResponsecode" time="0.038"/>
  <system-out/>
  <testcase classname="com.CA.qa.TestCases.APITesting" name="testResponsecode" time="0.033"/>
  <system-out/>
  <testcase classname="com.CA.qa.TestCases.APITesting" name="testResponsecode" time="0.036"/>
  <system-out/>
  <testcase classname="com.CA.qa.TestCases.APITesting" name="testResponsecode" time="0.033"/>
  <system-out/>
  <testcase classname="com.CA.qa.TestCases.APITesting" name="testResponsecode" time="0.037"/>
  <system-out/>
  <testcase classname="com.CA.qa.TestCases.APITesting" name="testResponsecode" time="0.035"/>
  <system-out/>
  <testcase classname="com.CA.qa.TestCases.APITesting" name="testResponsecode" time="0.033"/>
  <system-out/>
  <testcase classname="com.CA.qa.TestCases.APITesting" name="testResponsecode" time="0.158"/>
  <system-out/>
  <testcase classname="com.CA.qa.TestCases.APITesting" name="testResponsecode" time="0.033"/>
  <system-out/>
  <testcase classname="com.CA.qa.TestCases.APITesting" name="testResponsecode" time="0.034"/>
  <system-out/>
  <testcase classname="com.CA.qa.TestCases.APITesting" name="testResponsecode" time="0.037"/>
  <system-out/>
  <testcase classname="com.CA.qa.TestCases.APITesting" name="testResponsecode" time="0.035"/>
  <system-out/>
  <testcase classname="com.CA.qa.TestCases.APITesting" name="testResponsecode" time="0.033"/>
  <system-out/>
  <testcase classname="com.CA.qa.TestCases.APITesting" name="testResponsecode" time="0.035"/>
  <system-out/>
  <testcase classname="com.CA.qa.TestCases.APITesting" name="testResponsecode" time="0.034"/>
  <system-out/>
  <testcase classname="com.CA.qa.TestCases.APITesting" name="testResponsecode" time="0.041"/>
  <system-out/>
  <testcase classname="com.CA.qa.TestCases.APITesting" name="testResponsecode" time="0.033"/>
  <system-out/>
  <testcase classname="com.CA.qa.TestCases.APITesting" name="testResponsecode" time="0.043"/>
  <system-out/>
  <testcase classname="com.CA.qa.TestCases.APITesting" name="testResponsecode" time="0.178"/>
  <system-out/>
  <testcase classname="com.CA.qa.TestCases.APITesting" name="testResponsecode" time="0.032"/>
  <system-out/>
  <testcase classname="com.CA.qa.TestCases.APITesting" name="testResponsecode" time="0.032"/>
  <system-out/>
  <testcase classname="com.CA.qa.TestCases.APITesting" name="testResponsecode" time="0.036"/>
  <system-out/>
  <testcase classname="com.CA.qa.TestCases.APITesting" name="testResponsecode" time="0.041"/>
  <system-out/>
  <testcase classname="com.CA.qa.TestCases.APITesting" name="testResponsecode" time="0.032"/>
  <system-out/>
  <testcase classname="com.CA.qa.TestCases.APITesting" name="testResponsecode" time="0.052"/>
  <system-out/>
  <testcase classname="com.CA.qa.TestCases.APITesting" name="testResponsecode" time="0.040"/>
  <system-out/>
  <testcase classname="com.CA.qa.TestCases.APITesting" name="testResponsecode" time="0.089"/>
  <system-out/>
  <testcase classname="com.CA.qa.TestCases.APITesting" name="testResponsecode" time="0.039"/>
  <system-out/>
  <testcase classname="com.CA.qa.TestCases.APITesting" name="testResponsecode" time="0.035"/>
  <system-out/>
  <testcase classname="com.CA.qa.TestCases.APITesting" name="testResponsecode" time="0.047"/>
  <system-out/>
  <testcase classname="com.CA.qa.TestCases.APITesting" name="testResponsecode" time="0.050"/>
  <system-out/>
  <testcase classname="com.CA.qa.TestCases.APITesting" name="testResponsecode" time="0.032"/>
  <system-out/>
  <testcase classname="com.CA.qa.TestCases.APITesting" name="testResponsecode" time="0.040"/>
  <system-out/>
  <testcase classname="com.CA.qa.TestCases.APITesting" name="testResponsecode" time="0.126"/>
  <system-out/>
  <testcase classname="com.CA.qa.TestCases.APITesting" name="testResponsecode" time="0.045"/>
  <system-out/>
  <testcase classname="com.CA.qa.TestCases.APITesting" name="testResponsecode" time="0.122"/>
  <system-out/>
  <testcase classname="com.CA.qa.TestCases.APITesting" name="testResponsecode" time="0.034"/>
  <system-out/>
  <testcase classname="com.CA.qa.TestCases.APITesting" name="testResponsecode" time="0.032"/>
  <system-out/>
  <testcase classname="com.CA.qa.TestCases.APITesting" name="testResponsecode" time="0.033"/>
  <system-out/>
  <testcase classname="com.CA.qa.TestCases.APITesting" name="testResponsecode" time="0.039"/>
  <system-out/>
  <testcase classname="com.CA.qa.TestCases.APITesting" name="testResponsecode" time="0.049"/>
  <system-out/>
  <testcase classname="com.CA.qa.TestCases.APITesting" name="testResponsecode" time="0.033"/>
  <system-out/>
  <testcase classname="com.CA.qa.TestCases.APITesting" name="testResponsecode" time="0.041"/>
  <system-out/>
  <testcase classname="com.CA.qa.TestCases.APITesting" name="testResponsecode" time="0.034"/>
  <system-out/>
  <testcase classname="com.CA.qa.TestCases.APITesting" name="testResponsecode" time="0.055"/>
  <system-out/>
  <testcase classname="com.CA.qa.TestCases.APITesting" name="testResponsecode" time="0.045"/>
  <system-out/>
  <testcase classname="com.CA.qa.TestCases.APITesting" name="testResponsecode" time="0.032"/>
  <system-out/>
  <testcase classname="com.CA.qa.TestCases.APITesting" name="testResponsecode" time="0.035"/>
  <system-out/>
  <testcase classname="com.CA.qa.TestCases.APITesting" name="testResponsecode" time="0.036"/>
  <system-out/>
  <testcase classname="com.CA.qa.TestCases.APITesting" name="testResponsecode" time="0.034"/>
  <system-out/>
  <testcase classname="com.CA.qa.TestCases.APITesting" name="testResponsecode" time="0.038"/>
  <system-out/>
  <testcase classname="com.CA.qa.TestCases.APITesting" name="testResponsecode" time="0.033"/>
  <system-out/>
  <testcase classname="com.CA.qa.TestCases.APITesting" name="testResponsecode" time="0.040"/>
  <system-out/>
  <testcase classname="com.CA.qa.TestCases.APITesting" name="testResponsecode" time="0.058"/>
  <system-out/>
  <testcase classname="com.CA.qa.TestCases.APITesting" name="testResponsecode" time="0.034"/>
  <system-out/>
  <testcase classname="com.CA.qa.TestCases.APITesting" name="testResponsecode" time="0.036"/>
  <system-out/>
  <testcase classname="com.CA.qa.TestCases.APITesting" name="testResponsecode" time="0.034"/>
  <system-out/>
  <testcase classname="com.CA.qa.TestCases.APITesting" name="testResponsecode" time="0.897"/>
  <system-out/>
  <testcase classname="com.CA.qa.TestCases.APITesting" name="testResponsecode" time="0.035"/>
  <system-out/>
  <testcase classname="com.CA.qa.TestCases.APITesting" name="testResponsecode" time="1.030"/>
  <system-out/>
  <testcase classname="com.CA.qa.TestCases.APITesting" name="testResponsecode" time="0.033"/>
  <system-out/>
  <testcase classname="com.CA.qa.TestCases.APITesting" name="testResponsecode" time="0.049"/>
  <system-out/>
  <testcase classname="com.CA.qa.TestCases.APITesting" name="testResponsecode" time="0.036"/>
  <system-out/>
  <testcase classname="com.CA.qa.TestCases.APITesting" name="testResponsecode" time="0.033"/>
  <system-out/>
  <testcase classname="com.CA.qa.TestCases.APITesting" name="testResponsecode" time="0.033"/>
  <system-out/>
  <testcase classname="com.CA.qa.TestCases.APITesting" name="testResponsecode" time="0.034"/>
  <system-out/>
  <testcase classname="com.CA.qa.TestCases.APITesting" name="testResponsecode" time="0.033"/>
  <system-out/>
  <testcase classname="com.CA.qa.TestCases.APITesting" name="testResponsecode" time="0.041"/>
  <system-out/>
  <testcase classname="com.CA.qa.TestCases.APITesting" name="testResponsecode" time="0.036"/>
  <system-out/>
  <testcase classname="com.CA.qa.TestCases.APITesting" name="testResponsecode" time="0.042"/>
  <system-out/>
  <testcase classname="com.CA.qa.TestCases.APITesting" name="testResponsecode" time="0.033"/>
  <system-out/>
  <testcase classname="com.CA.qa.TestCases.APITesting" name="testResponsecode" time="0.151"/>
  <system-out/>
  <testcase classname="com.CA.qa.TestCases.APITesting" name="testResponsecode" time="0.033"/>
  <system-out/>
  <testcase classname="com.CA.qa.TestCases.APITesting" name="testResponsecode" time="0.047"/>
  <system-out/>
  <testcase classname="com.CA.qa.TestCases.APITesting" name="testResponsecode" time="0.035"/>
  <system-out/>
  <testcase classname="com.CA.qa.TestCases.APITesting" name="testResponsecode" time="0.052"/>
  <system-out/>
  <testcase classname="com.CA.qa.TestCases.APITesting" name="testResponsecode" time="0.045"/>
  <system-out/>
  <testcase classname="com.CA.qa.TestCases.APITesting" name="testResponsecode" time="0.040"/>
  <system-out/>
  <testcase classname="com.CA.qa.TestCases.APITesting" name="testResponsecode" time="0.424"/>
  <system-out/>
  <testcase classname="com.CA.qa.TestCases.APITesting" name="testResponsecode" time="0.033"/>
  <system-out/>
  <testcase classname="com.CA.qa.TestCases.APITesting" name="testResponsecode" time="0.032"/>
  <system-out/>
  <testcase classname="com.CA.qa.TestCases.APITesting" name="testResponsecode" time="0.033"/>
  <system-out/>
  <testcase classname="com.CA.qa.TestCases.APITesting" name="testResponsecode" time="0.032"/>
  <system-out/>
  <testcase classname="com.CA.qa.TestCases.APITesting" name="testResponsecode" time="0.051"/>
  <system-out/>
  <testcase classname="com.CA.qa.TestCases.APITesting" name="testResponsecode" time="0.033"/>
  <system-out/>
  <testcase classname="com.CA.qa.TestCases.APITesting" name="testResponsecode" time="0.044"/>
  <system-out/>
  <testcase classname="com.CA.qa.TestCases.APITesting" name="testResponsecode" time="0.036"/>
  <system-out/>
  <testcase classname="com.CA.qa.TestCases.APITesting" name="testResponsecode" time="0.035"/>
  <system-out/>
  <testcase classname="com.CA.qa.TestCases.APITesting" name="testResponsecode" time="0.115"/>
  <system-out/>
  <testcase classname="com.CA.qa.TestCases.APITesting" name="testResponsecode" time="0.033"/>
  <system-out/>
  <testcase classname="com.CA.qa.TestCases.APITesting" name="testResponsecode" time="0.034"/>
  <system-out/>
  <testcase classname="com.CA.qa.TestCases.APITesting" name="testResponsecode" time="0.033"/>
  <system-out/>
  <testcase classname="com.CA.qa.TestCases.APITesting" name="testResponsecode" time="0.033"/>
  <system-out/>
  <testcase classname="com.CA.qa.TestCases.APITesting" name="testResponsecode" time="0.040"/>
  <system-out/>
  <testcase classname="com.CA.qa.TestCases.APITesting" name="testResponsecode" time="0.043"/>
  <system-out/>
  <testcase classname="com.CA.qa.TestCases.APITesting" name="testResponsecode" time="0.036"/>
  <system-out/>
  <testcase classname="com.CA.qa.TestCases.APITesting" name="testResponsecode" time="0.054"/>
  <system-out/>
  <testcase classname="com.CA.qa.TestCases.APITesting" name="testResponsecode" time="0.041"/>
  <system-out/>
  <testcase classname="com.CA.qa.TestCases.APITesting" name="testResponsecode" time="0.039"/>
  <system-out/>
  <testcase classname="com.CA.qa.TestCases.APITesting" name="testResponsecode" time="0.052"/>
  <system-out/>
  <testcase classname="com.CA.qa.TestCases.APITesting" name="testResponsecode" time="0.039"/>
  <system-out/>
  <testcase classname="com.CA.qa.TestCases.APITesting" name="testResponsecode" time="0.034"/>
  <system-out/>
  <testcase classname="com.CA.qa.TestCases.APITesting" name="testResponsecode" time="0.033"/>
  <system-out/>
  <testcase classname="com.CA.qa.TestCases.APITesting" name="testResponsecode" time="0.035"/>
  <system-out/>
  <testcase classname="com.CA.qa.TestCases.APITesting" name="testResponsecode" time="0.141"/>
  <system-out/>
  <testcase classname="com.CA.qa.TestCases.APITesting" name="testResponsecode" time="0.033"/>
  <system-out/>
  <testcase classname="com.CA.qa.TestCases.APITesting" name="testResponsecode" time="0.036"/>
  <system-out/>
  <testcase classname="com.CA.qa.TestCases.APITesting" name="testResponsecode" time="0.038"/>
  <system-out/>
  <testcase classname="com.CA.qa.TestCases.APITesting" name="testResponsecode" time="0.031"/>
  <system-out/>
  <testcase classname="com.CA.qa.TestCases.APITesting" name="testResponsecode" time="0.036"/>
  <system-out/>
  <testcase classname="com.CA.qa.TestCases.APITesting" name="testResponsecode" time="0.070"/>
  <system-out/>
  <testcase classname="com.CA.qa.TestCases.APITesting" name="testResponsecode" time="0.132"/>
  <system-out/>
  <testcase classname="com.CA.qa.TestCases.APITesting" name="testResponsecode" time="0.072"/>
  <system-out/>
  <testcase classname="com.CA.qa.TestCases.APITesting" name="testResponsecode" time="0.171"/>
  <system-out/>
  <testcase classname="com.CA.qa.TestCases.APITesting" name="testResponsecode" time="0.047"/>
  <system-out/>
  <testcase classname="com.CA.qa.TestCases.APITesting" name="testResponsecode" time="0.034"/>
  <system-out/>
  <testcase classname="com.CA.qa.TestCases.APITesting" name="testResponsecode" time="0.034"/>
  <system-out/>
  <testcase classname="com.CA.qa.TestCases.APITesting" name="testResponsecode" time="0.038"/>
  <system-out/>
  <testcase classname="com.CA.qa.TestCases.APITesting" name="testResponsecode" time="0.138"/>
  <system-out/>
  <testcase classname="com.CA.qa.TestCases.APITesting" name="testResponsecode" time="0.035"/>
  <system-out/>
  <testcase classname="com.CA.qa.TestCases.APITesting" name="testResponsecode" time="0.031"/>
  <system-out/>
  <testcase classname="com.CA.qa.TestCases.APITesting" name="testResponsecode" time="0.034"/>
  <system-out/>
  <testcase classname="com.CA.qa.TestCases.APITesting" name="testResponsecode" time="0.083"/>
  <system-out/>
  <testcase classname="com.CA.qa.TestCases.APITesting" name="testResponsecode" time="0.032"/>
  <system-out/>
  <testcase classname="com.CA.qa.TestCases.APITesting" name="testResponsecode" time="0.037"/>
  <system-out/>
  <testcase classname="com.CA.qa.TestCases.APITesting" name="testResponsecode" time="0.078"/>
  <system-out/>
  <testcase classname="com.CA.qa.TestCases.APITesting" name="testResponsecode" time="0.045"/>
  <system-out/>
  <testcase classname="com.CA.qa.TestCases.APITesting" name="testResponsecode" time="0.037"/>
  <system-out/>
  <testcase classname="com.CA.qa.TestCases.APITesting" name="testResponsecode" time="0.045"/>
  <system-out/>
  <testcase classname="com.CA.qa.TestCases.APITesting" name="testResponsecode" time="0.033"/>
  <system-out/>
  <testcase classname="com.CA.qa.TestCases.APITesting" name="testResponsecode" time="0.035"/>
  <system-out/>
  <testcase classname="com.CA.qa.TestCases.APITesting" name="testResponsecode" time="0.033"/>
  <system-out/>
  <testcase classname="com.CA.qa.TestCases.APITesting" name="testResponsecode" time="0.032"/>
  <system-out/>
  <testcase classname="com.CA.qa.TestCases.APITesting" name="testResponsecode" time="0.052"/>
  <system-out/>
  <testcase classname="com.CA.qa.TestCases.APITesting" name="testResponsecode" time="0.035"/>
  <system-out/>
  <testcase classname="com.CA.qa.TestCases.APITesting" name="testResponsecode" time="0.036"/>
  <system-out/>
  <testcase classname="com.CA.qa.TestCases.APITesting" name="testResponsecode" time="0.034"/>
  <system-out/>
  <testcase classname="com.CA.qa.TestCases.APITesting" name="testResponsecode" time="0.033"/>
  <system-out/>
  <testcase classname="com.CA.qa.TestCases.APITesting" name="testResponsecode" time="0.925"/>
  <system-out/>
  <testcase classname="com.CA.qa.TestCases.APITesting" name="testResponsecode" time="0.043"/>
  <system-out/>
  <testcase classname="com.CA.qa.TestCases.APITesting" name="testResponsecode" time="0.038"/>
  <system-out/>
  <testcase classname="com.CA.qa.TestCases.APITesting" name="testResponsecode" time="0.034"/>
  <system-out/>
  <testcase classname="com.CA.qa.TestCases.APITesting" name="testResponsecode" time="0.038"/>
  <system-out/>
  <testcase classname="com.CA.qa.TestCases.APITesting" name="testResponsecode" time="0.038"/>
  <system-out/>
  <testcase classname="com.CA.qa.TestCases.APITesting" name="testResponsecode" time="0.034"/>
  <system-out/>
  <testcase classname="com.CA.qa.TestCases.APITesting" name="testResponsecode" time="0.036"/>
  <system-out/>
  <testcase classname="com.CA.qa.TestCases.APITesting" name="testResponsecode" time="0.036"/>
  <system-out/>
  <testcase classname="com.CA.qa.TestCases.APITesting" name="testResponsecode" time="0.034"/>
  <system-out/>
  <testcase classname="com.CA.qa.TestCases.APITesting" name="testResponsecode" time="0.045"/>
  <system-out/>
  <testcase classname="com.CA.qa.TestCases.APITesting" name="testResponsecode" time="0.045"/>
  <system-out/>
  <testcase classname="com.CA.qa.TestCases.APITesting" name="testResponsecode" time="0.213"/>
  <system-out/>
  <testcase classname="com.CA.qa.TestCases.APITesting" name="testResponsecode" time="0.033"/>
  <system-out/>
  <testcase classname="com.CA.qa.TestCases.APITesting" name="testResponsecode" time="0.033"/>
  <system-out/>
  <testcase classname="com.CA.qa.TestCases.APITesting" name="testResponsecode" time="0.034"/>
  <system-out/>
  <testcase classname="com.CA.qa.TestCases.APITesting" name="testResponsecode" time="0.133"/>
  <system-out/>
  <testcase classname="com.CA.qa.TestCases.APITesting" name="testResponsecode" time="0.033"/>
  <system-out/>
  <testcase classname="com.CA.qa.TestCases.APITesting" name="testResponsecode" time="0.034"/>
  <system-out/>
  <testcase classname="com.CA.qa.TestCases.APITesting" name="testResponsecode" time="0.039"/>
  <system-out/>
  <testcase classname="com.CA.qa.TestCases.APITesting" name="testResponsecode" time="0.034"/>
  <system-out/>
  <testcase classname="com.CA.qa.TestCases.APITesting" name="testResponsecode" time="0.046"/>
  <system-out/>
  <testcase classname="com.CA.qa.TestCases.APITesting" name="testResponsecode" time="0.032"/>
  <system-out/>
  <testcase classname="com.CA.qa.TestCases.APITesting" name="testResponsecode" time="0.035"/>
  <system-out/>
  <testcase classname="com.CA.qa.TestCases.APITesting" name="testResponsecode" time="0.038"/>
  <system-out/>
  <testcase classname="com.CA.qa.TestCases.APITesting" name="testResponsecode" time="0.060"/>
  <system-out/>
  <testcase classname="com.CA.qa.TestCases.APITesting" name="testResponsecode" time="0.053"/>
  <system-out/>
  <testcase classname="com.CA.qa.TestCases.APITesting" name="testResponsecode" time="0.032"/>
  <system-out/>
  <testcase classname="com.CA.qa.TestCases.APITesting" name="testResponsecode" time="0.034"/>
  <system-out/>
  <testcase classname="com.CA.qa.TestCases.APITesting" name="testResponsecode" time="0.034"/>
  <system-out/>
  <testcase classname="com.CA.qa.TestCases.APITesting" name="testResponsecode" time="0.041"/>
  <system-out/>
  <testcase classname="com.CA.qa.TestCases.APITesting" name="testResponsecode" time="0.037"/>
  <system-out/>
  <testcase classname="com.CA.qa.TestCases.APITesting" name="testResponsecode" time="2.295"/>
  <system-out/>
  <testcase classname="com.CA.qa.TestCases.APITesting" name="testResponsecode" time="0.034"/>
  <system-out/>
  <testcase classname="com.CA.qa.TestCases.APITesting" name="testResponsecode" time="0.045"/>
  <system-out/>
  <testcase classname="com.CA.qa.TestCases.APITesting" name="testResponsecode" time="0.032"/>
  <system-out/>
  <testcase classname="com.CA.qa.TestCases.APITesting" name="testResponsecode" time="0.034"/>
  <system-out/>
  <testcase classname="com.CA.qa.TestCases.APITesting" name="testResponsecode" time="0.033"/>
  <system-out/>
  <testcase classname="com.CA.qa.TestCases.APITesting" name="testResponsecode" time="0.033"/>
  <system-out/>
  <testcase classname="com.CA.qa.TestCases.APITesting" name="testResponsecode" time="0.299"/>
  <system-out/>
  <testcase classname="com.CA.qa.TestCases.APITesting" name="testResponsecode" time="0.043"/>
  <system-out/>
  <testcase classname="com.CA.qa.TestCases.APITesting" name="testResponsecode" time="0.141"/>
  <system-out/>
  <testcase classname="com.CA.qa.TestCases.APITesting" name="testResponsecode" time="0.037"/>
  <system-out/>
  <testcase classname="com.CA.qa.TestCases.APITesting" name="testResponsecode" time="0.038"/>
  <system-out/>
  <testcase classname="com.CA.qa.TestCases.APITesting" name="testResponsecode" time="0.034"/>
  <system-out/>
  <testcase classname="com.CA.qa.TestCases.APITesting" name="testResponsecode" time="0.038"/>
  <system-out/>
  <testcase classname="com.CA.qa.TestCases.APITesting" name="testResponsecode" time="0.033"/>
  <system-out/>
  <testcase classname="com.CA.qa.TestCases.APITesting" name="testResponsecode" time="0.033"/>
  <system-out/>
  <testcase classname="com.CA.qa.TestCases.APITesting" name="testResponsecode" time="0.037"/>
  <system-out/>
  <testcase classname="com.CA.qa.TestCases.APITesting" name="testResponsecode" time="0.041"/>
  <system-out/>
  <testcase classname="com.CA.qa.TestCases.APITesting" name="testResponsecode" time="0.033"/>
  <system-out/>
  <testcase classname="com.CA.qa.TestCases.APITesting" name="testResponsecode" time="0.032"/>
  <system-out/>
  <testcase classname="com.CA.qa.TestCases.APITesting" name="testResponsecode" time="0.048"/>
  <system-out/>
  <testcase classname="com.CA.qa.TestCases.APITesting" name="testResponsecode" time="1.002"/>
  <system-out/>
  <testcase classname="com.CA.qa.TestCases.APITesting" name="testResponsecode" time="0.037"/>
  <system-out/>
  <testcase classname="com.CA.qa.TestCases.APITesting" name="testResponsecode" time="0.039"/>
  <system-out/>
  <testcase classname="com.CA.qa.TestCases.APITesting" name="testResponsecode" time="0.122"/>
  <system-out/>
  <testcase classname="com.CA.qa.TestCases.APITesting" name="testResponsecode" time="0.034"/>
  <system-out/>
  <testcase classname="com.CA.qa.TestCases.APITesting" name="testResponsecode" time="0.037"/>
  <system-out/>
  <testcase classname="com.CA.qa.TestCases.APITesting" name="testResponsecode" time="0.033"/>
  <system-out/>
  <testcase classname="com.CA.qa.TestCases.APITesting" name="testResponsecode" time="0.041"/>
  <system-out/>
  <testcase classname="com.CA.qa.TestCases.APITesting" name="testResponsecode" time="0.034"/>
  <system-out/>
  <testcase classname="com.CA.qa.TestCases.APITesting" name="testResponsecode" time="0.144"/>
  <system-out/>
  <testcase classname="com.CA.qa.TestCases.APITesting" name="testResponsecode" time="0.362"/>
  <system-out/>
  <testcase classname="com.CA.qa.TestCases.APITesting" name="testResponsecode" time="0.035"/>
  <system-out/>
  <testcase classname="com.CA.qa.TestCases.APITesting" name="testResponsecode" time="0.034"/>
  <system-out/>
  <testcase classname="com.CA.qa.TestCases.APITesting" name="testResponsecode" time="0.032"/>
  <system-out/>
  <testcase classname="com.CA.qa.TestCases.APITesting" name="testResponsecode" time="0.034"/>
  <system-out/>
  <testcase classname="com.CA.qa.TestCases.APITesting" name="testResponsecode" time="0.035"/>
  <system-out/>
  <testcase classname="com.CA.qa.TestCases.APITesting" name="testResponsecode" time="0.030"/>
  <system-out/>
  <testcase classname="com.CA.qa.TestCases.APITesting" name="testResponsecode" time="0.036"/>
  <system-out/>
  <testcase classname="com.CA.qa.TestCases.APITesting" name="testResponsecode" time="0.033"/>
  <system-out/>
  <testcase classname="com.CA.qa.TestCases.APITesting" name="testResponsecode" time="0.034"/>
  <system-out/>
  <testcase classname="com.CA.qa.TestCases.APITesting" name="testResponsecode" time="0.037"/>
  <system-out/>
  <testcase classname="com.CA.qa.TestCases.APITesting" name="testResponsecode" time="0.034"/>
  <system-out/>
  <testcase classname="com.CA.qa.TestCases.APITesting" name="testResponsecode" time="0.034"/>
  <system-out/>
  <testcase classname="com.CA.qa.TestCases.APITesting" name="testResponsecode" time="0.044"/>
  <system-out/>
  <testcase classname="com.CA.qa.TestCases.APITesting" name="testResponsecode" time="0.041"/>
  <system-out/>
  <testcase classname="com.CA.qa.TestCases.APITesting" name="testResponsecode" time="0.033"/>
  <system-out/>
  <testcase classname="com.CA.qa.TestCases.APITesting" name="testResponsecode" time="0.033"/>
  <system-out/>
  <testcase classname="com.CA.qa.TestCases.APITesting" name="testResponsecode" time="0.033"/>
  <system-out/>
  <testcase classname="com.CA.qa.TestCases.APITesting" name="testResponsecode" time="0.035"/>
  <system-out/>
  <testcase classname="com.CA.qa.TestCases.APITesting" name="testResponsecode" time="0.033"/>
  <system-out/>
  <testcase classname="com.CA.qa.TestCases.APITesting" name="testResponsecode" time="0.173"/>
  <system-out/>
  <testcase classname="com.CA.qa.TestCases.APITesting" name="testResponsecode" time="0.050"/>
  <system-out/>
  <testcase classname="com.CA.qa.TestCases.APITesting" name="testResponsecode" time="0.040"/>
  <system-out/>
  <testcase classname="com.CA.qa.TestCases.APITesting" name="testResponsecode" time="0.037"/>
  <system-out/>
  <testcase classname="com.CA.qa.TestCases.APITesting" name="testResponsecode" time="0.037"/>
  <system-out/>
  <testcase classname="com.CA.qa.TestCases.APITesting" name="testResponsecode" time="0.040"/>
  <system-out/>
  <testcase classname="com.CA.qa.TestCases.APITesting" name="testResponsecode" time="0.039"/>
  <system-out/>
  <testcase classname="com.CA.qa.TestCases.APITesting" name="testResponsecode" time="0.037"/>
  <system-out/>
  <testcase classname="com.CA.qa.TestCases.APITesting" name="testResponsecode" time="0.035"/>
  <system-out/>
  <testcase classname="com.CA.qa.TestCases.APITesting" name="testResponsecode" time="0.032"/>
  <system-out/>
  <testcase classname="com.CA.qa.TestCases.APITesting" name="testResponsecode" time="0.044"/>
  <system-out/>
  <testcase classname="com.CA.qa.TestCases.APITesting" name="testResponsecode" time="0.031"/>
  <system-out/>
  <testcase classname="com.CA.qa.TestCases.APITesting" name="testResponsecode" time="0.033"/>
  <system-out/>
  <testcase classname="com.CA.qa.TestCases.APITesting" name="testResponsecode" time="0.050"/>
  <system-out/>
  <testcase classname="com.CA.qa.TestCases.APITesting" name="testResponsecode" time="0.034"/>
  <system-out/>
  <testcase classname="com.CA.qa.TestCases.APITesting" name="testResponsecode" time="0.036"/>
  <system-out/>
  <testcase classname="com.CA.qa.TestCases.APITesting" name="testResponsecode" time="0.046"/>
  <system-out/>
  <testcase classname="com.CA.qa.TestCases.APITesting" name="testResponsecode" time="0.202"/>
  <system-out/>
  <testcase classname="com.CA.qa.TestCases.APITesting" name="testResponsecode" time="0.039"/>
  <system-out/>
  <testcase classname="com.CA.qa.TestCases.APITesting" name="testResponsecode" time="0.035"/>
  <system-out/>
  <testcase classname="com.CA.qa.TestCases.APITesting" name="testResponsecode" time="0.033"/>
  <system-out/>
  <testcase classname="com.CA.qa.TestCases.APITesting" name="testResponsecode" time="0.034"/>
  <system-out/>
  <testcase classname="com.CA.qa.TestCases.APITesting" name="testResponsecode" time="0.042"/>
  <system-out/>
  <testcase classname="com.CA.qa.TestCases.APITesting" name="testResponsecode" time="0.058"/>
  <system-out/>
  <testcase classname="com.CA.qa.TestCases.APITesting" name="testResponsecode" time="0.033"/>
  <system-out/>
  <testcase classname="com.CA.qa.TestCases.APITesting" name="testResponsecode" time="0.042"/>
  <system-out/>
  <testcase classname="com.CA.qa.TestCases.APITesting" name="testResponsecode" time="0.035"/>
  <system-out/>
  <testcase classname="com.CA.qa.TestCases.APITesting" name="testResponsecode" time="0.034"/>
  <system-out/>
  <testcase classname="com.CA.qa.TestCases.APITesting" name="testResponsecode" time="0.034"/>
  <system-out/>
  <testcase classname="com.CA.qa.TestCases.APITesting" name="testResponsecode" time="0.033"/>
  <system-out/>
  <testcase classname="com.CA.qa.TestCases.APITesting" name="testResponsecode" time="0.050"/>
  <system-out/>
  <testcase classname="com.CA.qa.TestCases.APITesting" name="testResponsecode" time="0.034"/>
  <system-out/>
  <testcase classname="com.CA.qa.TestCases.APITesting" name="testResponsecode" time="0.033"/>
  <system-out/>
  <testcase classname="com.CA.qa.TestCases.APITesting" name="testResponsecode" time="0.033"/>
  <system-out/>
  <testcase classname="com.CA.qa.TestCases.APITesting" name="testResponsecode" time="0.033"/>
  <system-out/>
  <testcase classname="com.CA.qa.TestCases.APITesting" name="testResponsecode" time="0.034"/>
  <system-out/>
  <testcase classname="com.CA.qa.TestCases.APITesting" name="testResponsecode" time="0.067"/>
  <system-out/>
  <testcase classname="com.CA.qa.TestCases.APITesting" name="testResponsecode" time="0.036"/>
  <system-out/>
  <testcase classname="com.CA.qa.TestCases.APITesting" name="testResponsecode" time="0.198"/>
  <system-out/>
  <testcase classname="com.CA.qa.TestCases.APITesting" name="testResponsecode" time="0.036"/>
  <system-out/>
  <testcase classname="com.CA.qa.TestCases.APITesting" name="testResponsecode" time="0.043"/>
  <system-out/>
  <testcase classname="com.CA.qa.TestCases.APITesting" name="testResponsecode" time="0.060"/>
  <system-out/>
  <testcase classname="com.CA.qa.TestCases.APITesting" name="testResponsecode" time="0.039"/>
  <system-out/>
  <testcase classname="com.CA.qa.TestCases.APITesting" name="testResponsecode" time="0.036"/>
  <system-out/>
  <testcase classname="com.CA.qa.TestCases.APITesting" name="testResponsecode" time="0.136"/>
  <system-out/>
  <testcase classname="com.CA.qa.TestCases.APITesting" name="testResponsecode" time="0.038"/>
  <system-out/>
  <testcase classname="com.CA.qa.TestCases.APITesting" name="testResponsecode" time="0.033"/>
  <system-out/>
  <testcase classname="com.CA.qa.TestCases.APITesting" name="testResponsecode" time="0.142"/>
  <system-out/>
  <testcase classname="com.CA.qa.TestCases.APITesting" name="testResponsecode" time="0.037"/>
  <system-out/>
  <testcase classname="com.CA.qa.TestCases.APITesting" name="testResponsecode" time="0.034"/>
  <system-out/>
  <testcase classname="com.CA.qa.TestCases.APITesting" name="testResponsecode" time="0.032"/>
  <system-out/>
  <testcase classname="com.CA.qa.TestCases.APITesting" name="testResponsecode" time="0.033"/>
  <system-out/>
  <testcase classname="com.CA.qa.TestCases.APITesting" name="testResponsecode" time="0.149"/>
  <system-out/>
  <testcase classname="com.CA.qa.TestCases.APITesting" name="testResponsecode" time="0.034"/>
  <system-out/>
  <testcase classname="com.CA.qa.TestCases.APITesting" name="testResponsecode" time="0.042"/>
  <system-out/>
  <testcase classname="com.CA.qa.TestCases.APITesting" name="testResponsecode" time="0.036"/>
  <system-out/>
  <testcase classname="com.CA.qa.TestCases.APITesting" name="testResponsecode" time="0.041"/>
  <system-out/>
  <testcase classname="com.CA.qa.TestCases.APITesting" name="testResponsecode" time="0.034"/>
  <system-out/>
  <testcase classname="com.CA.qa.TestCases.APITesting" name="testResponsecode" time="0.042"/>
  <system-out/>
  <testcase classname="com.CA.qa.TestCases.APITesting" name="testResponsecode" time="0.033"/>
  <system-out/>
  <testcase classname="com.CA.qa.TestCases.APITesting" name="testResponsecode" time="0.033"/>
  <system-out/>
  <testcase classname="com.CA.qa.TestCases.APITesting" name="testResponsecode" time="0.319"/>
  <system-out/>
  <testcase classname="com.CA.qa.TestCases.APITesting" name="testResponsecode" time="0.033"/>
  <system-out/>
  <testcase classname="com.CA.qa.TestCases.APITesting" name="testResponsecode" time="0.035"/>
  <system-out/>
  <testcase classname="com.CA.qa.TestCases.APITesting" name="testResponsecode" time="0.037"/>
  <system-out/>
  <testcase classname="com.CA.qa.TestCases.APITesting" name="testResponsecode" time="0.033"/>
  <system-out/>
  <testcase classname="com.CA.qa.TestCases.APITesting" name="testResponsecode" time="0.032"/>
  <system-out/>
  <testcase classname="com.CA.qa.TestCases.APITesting" name="testResponsecode" time="0.034"/>
  <system-out/>
  <testcase classname="com.CA.qa.TestCases.APITesting" name="testResponsecode" time="0.037"/>
  <system-out/>
  <testcase classname="com.CA.qa.TestCases.APITesting" name="testResponsecode" time="0.052"/>
  <system-out/>
  <testcase classname="com.CA.qa.TestCases.APITesting" name="testResponsecode" time="0.065"/>
  <system-out/>
  <testcase classname="com.CA.qa.TestCases.APITesting" name="testResponsecode" time="0.039"/>
  <system-out/>
  <testcase classname="com.CA.qa.TestCases.APITesting" name="testResponsecode" time="0.090"/>
  <system-out/>
  <testcase classname="com.CA.qa.TestCases.APITesting" name="testResponsecode" time="0.038"/>
  <system-out/>
  <testcase classname="com.CA.qa.TestCases.APITesting" name="testResponsecode" time="0.037"/>
  <system-out/>
  <testcase classname="com.CA.qa.TestCases.APITesting" name="testResponsecode" time="0.035"/>
  <system-out/>
  <testcase classname="com.CA.qa.TestCases.APITesting" name="testResponsecode" time="0.032"/>
  <system-out/>
  <testcase classname="com.CA.qa.TestCases.APITesting" name="testResponsecode" time="0.032"/>
  <system-out/>
  <testcase classname="com.CA.qa.TestCases.APITesting" name="testResponsecode" time="0.298"/>
  <system-out/>
  <testcase classname="com.CA.qa.TestCases.APITesting" name="testResponsecode" time="0.033"/>
  <system-out/>
  <testcase classname="com.CA.qa.TestCases.APITesting" name="testResponsecode" time="0.043"/>
  <system-out/>
  <testcase classname="com.CA.qa.TestCases.APITesting" name="testResponsecode" time="0.040"/>
  <system-out/>
  <testcase classname="com.CA.qa.TestCases.APITesting" name="testResponsecode" time="0.039"/>
  <system-out/>
  <testcase classname="com.CA.qa.TestCases.APITesting" name="testResponsecode" time="0.032"/>
  <system-out/>
  <testcase classname="com.CA.qa.TestCases.APITesting" name="testResponsecode" time="0.037"/>
  <system-out/>
  <testcase classname="com.CA.qa.TestCases.APITesting" name="testResponsecode" time="0.042"/>
  <system-out/>
  <testcase classname="com.CA.qa.TestCases.APITesting" name="testResponsecode" time="0.185"/>
  <system-out/>
  <testcase classname="com.CA.qa.TestCases.APITesting" name="testResponsecode" time="0.167"/>
  <system-out/>
  <testcase classname="com.CA.qa.TestCases.APITesting" name="testResponsecode" time="0.037"/>
  <system-out/>
  <testcase classname="com.CA.qa.TestCases.APITesting" name="testResponsecode" time="0.039"/>
  <system-out/>
  <testcase classname="com.CA.qa.TestCases.APITesting" name="testResponsecode" time="0.039"/>
  <system-out/>
  <testcase classname="com.CA.qa.TestCases.APITesting" name="testResponsecode" time="0.226"/>
  <system-out/>
  <testcase classname="com.CA.qa.TestCases.APITesting" name="testResponsecode" time="0.033"/>
  <system-out/>
  <testcase classname="com.CA.qa.TestCases.APITesting" name="testResponsecode" time="0.042"/>
  <system-out/>
  <testcase classname="com.CA.qa.TestCases.APITesting" name="testResponsecode" time="0.036"/>
  <system-out/>
  <testcase classname="com.CA.qa.TestCases.APITesting" name="testResponsecode" time="0.033"/>
  <system-out/>
  <testcase classname="com.CA.qa.TestCases.APITesting" name="testResponsecode" time="0.038"/>
  <system-out/>
  <testcase classname="com.CA.qa.TestCases.APITesting" name="testResponsecode" time="0.039"/>
  <system-out/>
  <testcase classname="com.CA.qa.TestCases.APITesting" name="testResponsecode" time="0.035"/>
  <system-out/>
  <testcase classname="com.CA.qa.TestCases.APITesting" name="testResponsecode" time="0.039"/>
  <system-out/>
  <testcase classname="com.CA.qa.TestCases.APITesting" name="testResponsecode" time="0.051"/>
  <system-out/>
  <testcase classname="com.CA.qa.TestCases.APITesting" name="testResponsecode" time="0.034"/>
  <system-out/>
  <testcase classname="com.CA.qa.TestCases.APITesting" name="testResponsecode" time="0.032"/>
  <system-out/>
  <testcase classname="com.CA.qa.TestCases.APITesting" name="testResponsecode" time="0.500"/>
  <system-out/>
  <testcase classname="com.CA.qa.TestCases.APITesting" name="testResponsecode" time="0.033"/>
  <system-out/>
  <testcase classname="com.CA.qa.TestCases.APITesting" name="testResponsecode" time="0.041"/>
  <system-out/>
  <testcase classname="com.CA.qa.TestCases.APITesting" name="testResponsecode" time="0.043"/>
  <system-out/>
  <testcase classname="com.CA.qa.TestCases.APITesting" name="testResponsecode" time="0.050"/>
  <system-out/>
  <testcase classname="com.CA.qa.TestCases.APITesting" name="testResponsecode" time="0.043"/>
  <system-out/>
  <testcase classname="com.CA.qa.TestCases.APITesting" name="testResponsecode" time="0.042"/>
  <system-out/>
  <testcase classname="com.CA.qa.TestCases.APITesting" name="testResponsecode" time="0.051"/>
  <system-out/>
  <testcase classname="com.CA.qa.TestCases.APITesting" name="testResponsecode" time="0.058"/>
  <system-out/>
  <testcase classname="com.CA.qa.TestCases.APITesting" name="testResponsecode" time="0.039"/>
  <system-out/>
  <testcase classname="com.CA.qa.TestCases.APITesting" name="testResponsecode" time="0.032"/>
  <system-out/>
  <testcase classname="com.CA.qa.TestCases.APITesting" name="testResponsecode" time="0.050"/>
  <system-out/>
  <testcase classname="com.CA.qa.TestCases.APITesting" name="testResponsecode" time="0.034"/>
  <system-out/>
  <testcase classname="com.CA.qa.TestCases.APITesting" name="testResponsecode" time="0.035"/>
  <system-out/>
  <testcase classname="com.CA.qa.TestCases.APITesting" name="testResponsecode" time="0.037"/>
  <system-out/>
  <testcase classname="com.CA.qa.TestCases.APITesting" name="testResponsecode" time="0.034"/>
  <system-out/>
  <testcase classname="com.CA.qa.TestCases.APITesting" name="testResponsecode" time="0.032"/>
  <system-out/>
  <testcase classname="com.CA.qa.TestCases.APITesting" name="testResponsecode" time="0.044"/>
  <system-out/>
  <testcase classname="com.CA.qa.TestCases.APITesting" name="testResponsecode" time="0.038"/>
  <system-out/>
  <testcase classname="com.CA.qa.TestCases.APITesting" name="testResponsecode" time="0.036"/>
  <system-out/>
  <testcase classname="com.CA.qa.TestCases.APITesting" name="testResponsecode" time="0.034"/>
  <system-out/>
  <testcase classname="com.CA.qa.TestCases.APITesting" name="testResponsecode" time="0.034"/>
  <system-out/>
  <testcase classname="com.CA.qa.TestCases.APITesting" name="testResponsecode" time="0.031"/>
  <system-out/>
  <testcase classname="com.CA.qa.TestCases.APITesting" name="testResponsecode" time="0.037"/>
  <system-out/>
  <testcase classname="com.CA.qa.TestCases.APITesting" name="testResponsecode" time="0.036"/>
  <system-out/>
  <testcase classname="com.CA.qa.TestCases.APITesting" name="testResponsecode" time="0.034"/>
  <system-out/>
  <testcase classname="com.CA.qa.TestCases.APITesting" name="testResponsecode" time="0.035"/>
  <system-out/>
  <testcase classname="com.CA.qa.TestCases.APITesting" name="testResponsecode" time="0.044"/>
  <system-out/>
  <testcase classname="com.CA.qa.TestCases.APITesting" name="testResponsecode" time="0.033"/>
  <system-out/>
  <testcase classname="com.CA.qa.TestCases.APITesting" name="testResponsecode" time="0.041"/>
  <system-out/>
  <testcase classname="com.CA.qa.TestCases.APITesting" name="testResponsecode" time="0.042"/>
  <system-out/>
  <testcase classname="com.CA.qa.TestCases.APITesting" name="testResponsecode" time="0.035"/>
  <system-out/>
  <testcase classname="com.CA.qa.TestCases.APITesting" name="testResponsecode" time="0.055"/>
  <system-out/>
  <testcase classname="com.CA.qa.TestCases.APITesting" name="testResponsecode" time="0.038"/>
  <system-out/>
  <testcase classname="com.CA.qa.TestCases.APITesting" name="testResponsecode" time="0.034"/>
  <system-out/>
  <testcase classname="com.CA.qa.TestCases.APITesting" name="testResponsecode" time="0.040"/>
  <system-out/>
  <testcase classname="com.CA.qa.TestCases.APITesting" name="testResponsecode" time="0.032"/>
  <system-out/>
  <testcase classname="com.CA.qa.TestCases.APITesting" name="testResponsecode" time="0.113"/>
  <system-out/>
  <testcase classname="com.CA.qa.TestCases.APITesting" name="testResponsecode" time="0.033"/>
  <system-out/>
  <testcase classname="com.CA.qa.TestCases.APITesting" name="testResponsecode" time="0.036"/>
  <system-out/>
  <testcase classname="com.CA.qa.TestCases.APITesting" name="testResponsecode" time="0.041"/>
  <system-out/>
  <testcase classname="com.CA.qa.TestCases.APITesting" name="testResponsecode" time="0.034"/>
  <system-out/>
  <testcase classname="com.CA.qa.TestCases.APITesting" name="testResponsecode" time="0.033"/>
  <system-out/>
  <testcase classname="com.CA.qa.TestCases.APITesting" name="testResponsecode" time="0.039"/>
  <system-out/>
  <testcase classname="com.CA.qa.TestCases.APITesting" name="testResponsecode" time="0.034"/>
  <system-out/>
  <testcase classname="com.CA.qa.TestCases.APITesting" name="testResponsecode" time="0.035"/>
  <system-out/>
  <testcase classname="com.CA.qa.TestCases.APITesting" name="testResponsecode" time="0.038"/>
  <system-out/>
  <testcase classname="com.CA.qa.TestCases.APITesting" name="testResponsecode" time="0.035"/>
  <system-out/>
  <testcase classname="com.CA.qa.TestCases.APITesting" name="testResponsecode" time="0.033"/>
  <system-out/>
  <testcase classname="com.CA.qa.TestCases.APITesting" name="testResponsecode" time="0.032"/>
  <system-out/>
  <testcase classname="com.CA.qa.TestCases.APITesting" name="testResponsecode" time="0.034"/>
  <system-out/>
  <testcase classname="com.CA.qa.TestCases.APITesting" name="testResponsecode" time="0.053"/>
  <system-out/>
  <testcase classname="com.CA.qa.TestCases.APITesting" name="testResponsecode" time="0.032"/>
  <system-out/>
  <testcase classname="com.CA.qa.TestCases.APITesting" name="testResponsecode" time="0.041"/>
  <system-out/>
  <testcase classname="com.CA.qa.TestCases.APITesting" name="testResponsecode" time="0.050"/>
  <system-out/>
  <testcase classname="com.CA.qa.TestCases.APITesting" name="testResponsecode" time="0.044"/>
  <system-out/>
  <testcase classname="com.CA.qa.TestCases.APITesting" name="testResponsecode" time="0.035"/>
  <system-out/>
  <testcase classname="com.CA.qa.TestCases.APITesting" name="testResponsecode" time="0.052"/>
  <system-out/>
  <testcase classname="com.CA.qa.TestCases.APITesting" name="testResponsecode" time="0.033"/>
  <system-out/>
  <testcase classname="com.CA.qa.TestCases.APITesting" name="testResponsecode" time="0.034"/>
  <system-out/>
  <testcase classname="com.CA.qa.TestCases.APITesting" name="testResponsecode" time="0.036"/>
  <system-out/>
  <testcase classname="com.CA.qa.TestCases.APITesting" name="testResponsecode" time="0.145"/>
  <system-out/>
  <testcase classname="com.CA.qa.TestCases.APITesting" name="testResponsecode" time="0.983"/>
  <system-out/>
  <testcase classname="com.CA.qa.TestCases.APITesting" name="testResponsecode" time="0.131"/>
  <system-out/>
  <testcase classname="com.CA.qa.TestCases.APITesting" name="testResponsecode" time="0.038"/>
  <system-out/>
  <testcase classname="com.CA.qa.TestCases.APITesting" name="testResponsecode" time="0.034"/>
  <system-out/>
  <testcase classname="com.CA.qa.TestCases.APITesting" name="testResponsecode" time="1.005"/>
  <system-out/>
  <testcase classname="com.CA.qa.TestCases.APITesting" name="testResponsecode" time="0.033"/>
  <system-out/>
  <testcase classname="com.CA.qa.TestCases.APITesting" name="testResponsecode" time="0.033"/>
  <system-out/>
  <testcase classname="com.CA.qa.TestCases.APITesting" name="testResponsecode" time="0.035"/>
  <system-out/>
  <testcase classname="com.CA.qa.TestCases.APITesting" name="testResponsecode" time="0.033"/>
  <system-out/>
  <testcase classname="com.CA.qa.TestCases.APITesting" name="testResponsecode" time="0.036"/>
  <system-out/>
  <testcase classname="com.CA.qa.TestCases.APITesting" name="testResponsecode" time="0.033"/>
  <system-out/>
  <testcase classname="com.CA.qa.TestCases.APITesting" name="testResponsecode" time="0.032"/>
  <system-out/>
  <testcase classname="com.CA.qa.TestCases.APITesting" name="testResponsecode" time="0.033"/>
  <system-out/>
  <testcase classname="com.CA.qa.TestCases.APITesting" name="testResponsecode" time="0.033"/>
  <system-out/>
  <testcase classname="com.CA.qa.TestCases.APITesting" name="testResponsecode" time="0.046"/>
  <system-out/>
  <testcase classname="com.CA.qa.TestCases.APITesting" name="testResponsecode" time="0.032"/>
  <system-out/>
  <testcase classname="com.CA.qa.TestCases.APITesting" name="testResponsecode" time="0.032"/>
  <system-out/>
  <testcase classname="com.CA.qa.TestCases.APITesting" name="testResponsecode" time="0.126"/>
  <system-out/>
  <testcase classname="com.CA.qa.TestCases.APITesting" name="testResponsecode" time="0.035"/>
  <system-out/>
  <testcase classname="com.CA.qa.TestCases.APITesting" name="testResponsecode" time="0.037"/>
  <system-out/>
  <testcase classname="com.CA.qa.TestCases.APITesting" name="testResponsecode" time="0.040"/>
  <system-out/>
  <testcase classname="com.CA.qa.TestCases.APITesting" name="testResponsecode" time="0.039"/>
  <system-out/>
  <testcase classname="com.CA.qa.TestCases.APITesting" name="testResponsecode" time="0.149"/>
  <system-out/>
  <testcase classname="com.CA.qa.TestCases.APITesting" name="testResponsecode" time="0.042"/>
  <system-out/>
  <testcase classname="com.CA.qa.TestCases.APITesting" name="testResponsecode" time="0.032"/>
  <system-out/>
  <testcase classname="com.CA.qa.TestCases.APITesting" name="testResponsecode" time="0.049"/>
  <system-out/>
  <testcase classname="com.CA.qa.TestCases.APITesting" name="testResponsecode" time="0.047"/>
  <system-out/>
  <testcase classname="com.CA.qa.TestCases.APITesting" name="testResponsecode" time="0.043"/>
  <system-out/>
  <testcase classname="com.CA.qa.TestCases.APITesting" name="testResponsecode" time="0.035"/>
  <system-out/>
  <testcase classname="com.CA.qa.TestCases.APITesting" name="testResponsecode" time="0.068"/>
  <system-out/>
  <testcase classname="com.CA.qa.TestCases.APITesting" name="testResponsecode" time="0.037"/>
  <system-out/>
  <testcase classname="com.CA.qa.TestCases.APITesting" name="testResponsecode" time="0.034"/>
  <system-out/>
  <testcase classname="com.CA.qa.TestCases.APITesting" name="testResponsecode" time="0.045"/>
  <system-out/>
  <testcase classname="com.CA.qa.TestCases.APITesting" name="testResponsecode" time="0.051"/>
  <system-out/>
  <testcase classname="com.CA.qa.TestCases.APITesting" name="testResponsecode" time="0.914"/>
  <system-out/>
  <testcase classname="com.CA.qa.TestCases.APITesting" name="testResponsecode" time="0.032"/>
  <system-out/>
  <testcase classname="com.CA.qa.TestCases.APITesting" name="testResponsecode" time="0.034"/>
  <system-out/>
  <testcase classname="com.CA.qa.TestCases.APITesting" name="testResponsecode" time="0.044"/>
  <system-out/>
  <testcase classname="com.CA.qa.TestCases.APITesting" name="testResponsecode" time="0.039"/>
  <system-out/>
  <testcase classname="com.CA.qa.TestCases.APITesting" name="testResponsecode" time="0.036"/>
  <system-out/>
  <testcase classname="com.CA.qa.TestCases.APITesting" name="testResponsecode" time="0.047"/>
  <system-out/>
  <testcase classname="com.CA.qa.TestCases.APITesting" name="testResponsecode" time="0.041"/>
  <system-out/>
  <testcase classname="com.CA.qa.TestCases.APITesting" name="testResponsecode" time="0.035"/>
  <system-out/>
  <testcase classname="com.CA.qa.TestCases.APITesting" name="testResponsecode" time="0.037"/>
  <system-out/>
  <testcase classname="com.CA.qa.TestCases.APITesting" name="testResponsecode" time="0.035"/>
  <system-out/>
  <testcase classname="com.CA.qa.TestCases.APITesting" name="testResponsecode" time="0.034"/>
  <system-out/>
  <testcase classname="com.CA.qa.TestCases.APITesting" name="testResponsecode" time="0.032"/>
  <system-out/>
  <testcase classname="com.CA.qa.TestCases.APITesting" name="testResponsecode" time="0.135"/>
  <system-out/>
  <testcase classname="com.CA.qa.TestCases.APITesting" name="testResponsecode" time="0.038"/>
  <system-out/>
  <testcase classname="com.CA.qa.TestCases.APITesting" name="testResponsecode" time="0.038"/>
  <system-out/>
  <testcase classname="com.CA.qa.TestCases.APITesting" name="testResponsecode" time="0.035"/>
  <system-out/>
  <testcase classname="com.CA.qa.TestCases.APITesting" name="testResponsecode" time="0.064"/>
  <system-out/>
  <testcase classname="com.CA.qa.TestCases.APITesting" name="testResponsecode" time="0.036"/>
  <system-out/>
  <testcase classname="com.CA.qa.TestCases.APITesting" name="testResponsecode" time="0.043"/>
  <system-out/>
  <testcase classname="com.CA.qa.TestCases.APITesting" name="testResponsecode" time="0.279"/>
  <system-out/>
  <testcase classname="com.CA.qa.TestCases.APITesting" name="testResponsecode" time="0.032"/>
  <system-out/>
  <testcase classname="com.CA.qa.TestCases.APITesting" name="testResponsecode" time="0.044"/>
  <system-out/>
  <testcase classname="com.CA.qa.TestCases.APITesting" name="testResponsecode" time="0.033"/>
  <system-out/>
  <testcase classname="com.CA.qa.TestCases.APITesting" name="testResponsecode" time="0.034"/>
  <system-out/>
  <testcase classname="com.CA.qa.TestCases.APITesting" name="testResponsecode" time="0.070"/>
  <system-out/>
  <testcase classname="com.CA.qa.TestCases.APITesting" name="testResponsecode" time="0.035"/>
  <system-out/>
  <testcase classname="com.CA.qa.TestCases.APITesting" name="testResponsecode" time="0.070"/>
  <system-out/>
  <testcase classname="com.CA.qa.TestCases.APITesting" name="testResponsecode" time="0.038"/>
  <system-out/>
  <testcase classname="com.CA.qa.TestCases.APITesting" name="testResponsecode" time="0.032"/>
  <system-out/>
  <testcase classname="com.CA.qa.TestCases.APITesting" name="testResponsecode" time="0.035"/>
  <system-out/>
  <testcase classname="com.CA.qa.TestCases.APITesting" name="testResponsecode" time="0.042"/>
  <system-out/>
  <testcase classname="com.CA.qa.TestCases.APITesting" name="testResponsecode" time="0.054"/>
  <system-out/>
  <testcase classname="com.CA.qa.TestCases.APITesting" name="testResponsecode" time="0.033"/>
  <system-out/>
  <testcase classname="com.CA.qa.TestCases.APITesting" name="testResponsecode" time="0.040"/>
  <system-out/>
  <testcase classname="com.CA.qa.TestCases.APITesting" name="testResponsecode" time="0.069"/>
  <system-out/>
  <testcase classname="com.CA.qa.TestCases.APITesting" name="testResponsecode" time="0.040"/>
  <system-out/>
  <testcase classname="com.CA.qa.TestCases.APITesting" name="testResponsecode" time="0.038"/>
  <system-out/>
  <testcase classname="com.CA.qa.TestCases.APITesting" name="testResponsecode" time="0.035"/>
  <system-out/>
  <testcase classname="com.CA.qa.TestCases.APITesting" name="testResponsecode" time="0.034"/>
  <system-out/>
  <testcase classname="com.CA.qa.TestCases.APITesting" name="testResponsecode" time="0.036"/>
  <system-out/>
  <testcase classname="com.CA.qa.TestCases.APITesting" name="testResponsecode" time="0.038"/>
  <system-out/>
  <testcase classname="com.CA.qa.TestCases.APITesting" name="testResponsecode" time="0.044"/>
  <system-out/>
  <testcase classname="com.CA.qa.TestCases.APITesting" name="testResponsecode" time="0.325"/>
  <system-out/>
  <testcase classname="com.CA.qa.TestCases.APITesting" name="testResponsecode" time="0.034"/>
  <system-out/>
  <testcase classname="com.CA.qa.TestCases.APITesting" name="testResponsecode" time="0.327"/>
  <system-out/>
  <testcase classname="com.CA.qa.TestCases.APITesting" name="testResponsecode" time="0.034"/>
  <system-out/>
  <testcase classname="com.CA.qa.TestCases.APITesting" name="testResponsecode" time="0.032"/>
  <system-out/>
  <testcase classname="com.CA.qa.TestCases.APITesting" name="testResponsecode" time="0.034"/>
  <system-out/>
  <testcase classname="com.CA.qa.TestCases.APITesting" name="testResponsecode" time="0.033"/>
  <system-out/>
  <testcase classname="com.CA.qa.TestCases.APITesting" name="testResponsecode" time="0.041"/>
  <system-out/>
  <testcase classname="com.CA.qa.TestCases.APITesting" name="testResponsecode" time="0.035"/>
  <system-out/>
  <testcase classname="com.CA.qa.TestCases.APITesting" name="testResponsecode" time="0.035"/>
  <system-out/>
  <testcase classname="com.CA.qa.TestCases.APITesting" name="testResponsecode" time="0.037"/>
  <system-out/>
  <testcase classname="com.CA.qa.TestCases.APITesting" name="testResponsecode" time="0.035"/>
  <system-out/>
  <testcase classname="com.CA.qa.TestCases.APITesting" name="testResponsecode" time="0.037"/>
  <system-out/>
  <testcase classname="com.CA.qa.TestCases.APITesting" name="testResponsecode" time="0.033"/>
  <system-out/>
  <testcase classname="com.CA.qa.TestCases.APITesting" name="testResponsecode" time="0.057"/>
  <system-out/>
  <testcase classname="com.CA.qa.TestCases.APITesting" name="testResponsecode" time="0.033"/>
  <system-out/>
  <testcase classname="com.CA.qa.TestCases.APITesting" name="testResponsecode" time="0.045"/>
  <system-out/>
  <testcase classname="com.CA.qa.TestCases.APITesting" name="testResponsecode" time="0.033"/>
  <system-out/>
  <testcase classname="com.CA.qa.TestCases.APITesting" name="testResponsecode" time="0.038"/>
  <system-out/>
  <testcase classname="com.CA.qa.TestCases.APITesting" name="testResponsecode" time="0.035"/>
  <system-out/>
  <testcase classname="com.CA.qa.TestCases.APITesting" name="testResponsecode" time="0.032"/>
  <system-out/>
  <testcase classname="com.CA.qa.TestCases.APITesting" name="testResponsecode" time="0.036"/>
  <system-out/>
  <testcase classname="com.CA.qa.TestCases.APITesting" name="testResponsecode" time="0.030"/>
  <system-out/>
  <testcase classname="com.CA.qa.TestCases.APITesting" name="testResponsecode" time="0.036"/>
  <system-out/>
  <testcase classname="com.CA.qa.TestCases.APITesting" name="testResponsecode" time="0.037"/>
  <system-out/>
  <testcase classname="com.CA.qa.TestCases.APITesting" name="testResponsecode" time="0.035"/>
  <system-out/>
  <testcase classname="com.CA.qa.TestCases.APITesting" name="testResponsecode" time="0.034"/>
  <system-out/>
  <testcase classname="com.CA.qa.TestCases.APITesting" name="testResponsecode" time="0.038"/>
  <system-out/>
  <testcase classname="com.CA.qa.TestCases.APITesting" name="testResponsecode" time="0.032"/>
  <system-out/>
  <testcase classname="com.CA.qa.TestCases.APITesting" name="testResponsecode" time="0.042"/>
  <system-out/>
  <testcase classname="com.CA.qa.TestCases.APITesting" name="testResponsecode" time="0.039"/>
  <system-out/>
  <testcase classname="com.CA.qa.TestCases.APITesting" name="testResponsecode" time="0.033"/>
  <system-out/>
  <testcase classname="com.CA.qa.TestCases.APITesting" name="testResponsecode" time="0.047"/>
  <system-out/>
  <testcase classname="com.CA.qa.TestCases.APITesting" name="testResponsecode" time="0.037"/>
  <system-out/>
  <testcase classname="com.CA.qa.TestCases.APITesting" name="testResponsecode" time="0.151"/>
  <system-out/>
  <testcase classname="com.CA.qa.TestCases.APITesting" name="testResponsecode" time="0.033"/>
  <system-out/>
  <testcase classname="com.CA.qa.TestCases.APITesting" name="testResponsecode" time="0.035"/>
  <system-out/>
  <testcase classname="com.CA.qa.TestCases.APITesting" name="testResponsecode" time="0.034"/>
  <system-out/>
  <testcase classname="com.CA.qa.TestCases.APITesting" name="testResponsecode" time="0.034"/>
  <system-out/>
  <testcase classname="com.CA.qa.TestCases.APITesting" name="testResponsecode" time="0.035"/>
  <system-out/>
  <testcase classname="com.CA.qa.TestCases.APITesting" name="testResponsecode" time="0.036"/>
  <system-out/>
  <testcase classname="com.CA.qa.TestCases.APITesting" name="testResponsecode" time="0.041"/>
  <system-out/>
  <testcase classname="com.CA.qa.TestCases.APITesting" name="testResponsecode" time="0.033"/>
  <system-out/>
  <testcase classname="com.CA.qa.TestCases.APITesting" name="testResponsecode" time="0.037"/>
  <system-out/>
  <testcase classname="com.CA.qa.TestCases.APITesting" name="testResponsecode" time="0.036"/>
  <system-out/>
  <testcase classname="com.CA.qa.TestCases.APITesting" name="testResponsecode" time="0.033"/>
  <system-out/>
  <testcase classname="com.CA.qa.TestCases.APITesting" name="testResponsecode" time="0.034"/>
  <system-out/>
  <testcase classname="com.CA.qa.TestCases.APITesting" name="testResponsecode" time="0.036"/>
  <system-out/>
  <testcase classname="com.CA.qa.TestCases.APITesting" name="testResponsecode" time="0.035"/>
  <system-out/>
  <testcase classname="com.CA.qa.TestCases.APITesting" name="testResponsecode" time="0.033"/>
  <system-out/>
  <testcase classname="com.CA.qa.TestCases.APITesting" name="testResponsecode" time="0.039"/>
  <system-out/>
  <testcase classname="com.CA.qa.TestCases.APITesting" name="testResponsecode" time="0.040"/>
  <system-out/>
  <testcase classname="com.CA.qa.TestCases.APITesting" name="testResponsecode" time="0.046"/>
  <system-out/>
  <testcase classname="com.CA.qa.TestCases.APITesting" name="testResponsecode" time="0.035"/>
  <system-out/>
  <testcase classname="com.CA.qa.TestCases.APITesting" name="testResponsecode" time="0.032"/>
  <system-out/>
  <testcase classname="com.CA.qa.TestCases.APITesting" name="testResponsecode" time="0.071"/>
  <system-out/>
  <testcase classname="com.CA.qa.TestCases.APITesting" name="testResponsecode" time="0.044"/>
  <system-out/>
  <testcase classname="com.CA.qa.TestCases.APITesting" name="testResponsecode" time="0.032"/>
  <system-out/>
  <testcase classname="com.CA.qa.TestCases.APITesting" name="testResponsecode" time="0.035"/>
  <system-out/>
  <testcase classname="com.CA.qa.TestCases.APITesting" name="testResponsecode" time="0.032"/>
  <system-out/>
  <testcase classname="com.CA.qa.TestCases.APITesting" name="testResponsecode" time="0.036"/>
  <system-out/>
  <testcase classname="com.CA.qa.TestCases.APITesting" name="testResponsecode" time="0.042"/>
  <system-out/>
  <testcase classname="com.CA.qa.TestCases.APITesting" name="testResponsecode" time="0.032"/>
  <system-out/>
  <testcase classname="com.CA.qa.TestCases.APITesting" name="testResponsecode" time="0.171"/>
  <system-out/>
  <testcase classname="com.CA.qa.TestCases.APITesting" name="testResponsecode" time="0.035"/>
  <system-out/>
  <testcase classname="com.CA.qa.TestCases.APITesting" name="testResponsecode" time="0.035"/>
  <system-out/>
  <testcase classname="com.CA.qa.TestCases.APITesting" name="testResponsecode" time="0.035"/>
  <system-out/>
  <testcase classname="com.CA.qa.TestCases.APITesting" name="testResponsecode" time="0.148"/>
  <system-out/>
  <testcase classname="com.CA.qa.TestCases.APITesting" name="testResponsecode" time="0.040"/>
  <system-out/>
  <testcase classname="com.CA.qa.TestCases.APITesting" name="testResponsecode" time="0.049"/>
  <system-out/>
  <testcase classname="com.CA.qa.TestCases.APITesting" name="testResponsecode" time="0.036"/>
  <system-out/>
  <testcase classname="com.CA.qa.TestCases.APITesting" name="testResponsecode" time="0.052"/>
  <system-out/>
  <testcase classname="com.CA.qa.TestCases.APITesting" name="testResponsecode" time="0.046"/>
  <system-out/>
  <testcase classname="com.CA.qa.TestCases.APITesting" name="testResponsecode" time="0.046"/>
  <system-out/>
  <testcase classname="com.CA.qa.TestCases.APITesting" name="testResponsecode" time="0.047"/>
  <system-out/>
  <testcase classname="com.CA.qa.TestCases.APITesting" name="testResponsecode" time="0.034"/>
  <system-out/>
  <testcase classname="com.CA.qa.TestCases.APITesting" name="testResponsecode" time="0.041"/>
  <system-out/>
  <testcase classname="com.CA.qa.TestCases.APITesting" name="testResponsecode" time="0.039"/>
  <system-out/>
  <testcase classname="com.CA.qa.TestCases.APITesting" name="testResponsecode" time="0.033"/>
  <system-out/>
  <testcase classname="com.CA.qa.TestCases.APITesting" name="testResponsecode" time="0.039"/>
  <system-out/>
  <testcase classname="com.CA.qa.TestCases.APITesting" name="testResponsecode" time="0.037"/>
  <system-out/>
  <testcase classname="com.CA.qa.TestCases.APITesting" name="testResponsecode" time="0.037"/>
  <system-out/>
  <testcase classname="com.CA.qa.TestCases.APITesting" name="testResponsecode" time="0.043"/>
  <system-out/>
  <testcase classname="com.CA.qa.TestCases.APITesting" name="testResponsecode" time="0.037"/>
  <system-out/>
  <testcase classname="com.CA.qa.TestCases.APITesting" name="testResponsecode" time="0.036"/>
  <system-out/>
  <testcase classname="com.CA.qa.TestCases.APITesting" name="testResponsecode" time="0.038"/>
  <system-out/>
  <testcase classname="com.CA.qa.TestCases.APITesting" name="testResponsecode" time="0.114"/>
  <system-out/>
  <testcase classname="com.CA.qa.TestCases.APITesting" name="testResponsecode" time="0.055"/>
  <system-out/>
  <testcase classname="com.CA.qa.TestCases.APITesting" name="testResponsecode" time="0.043"/>
  <system-out/>
  <testcase classname="com.CA.qa.TestCases.APITesting" name="testResponsecode" time="0.038"/>
  <system-out/>
  <testcase classname="com.CA.qa.TestCases.APITesting" name="testResponsecode" time="0.043"/>
  <system-out/>
  <testcase classname="com.CA.qa.TestCases.APITesting" name="testResponsecode" time="0.042"/>
  <system-out/>
  <testcase classname="com.CA.qa.TestCases.APITesting" name="testResponsecode" time="0.142"/>
  <system-out/>
  <testcase classname="com.CA.qa.TestCases.APITesting" name="testResponsecode" time="0.130"/>
  <system-out/>
  <testcase classname="com.CA.qa.TestCases.APITesting" name="testResponsecode" time="0.034"/>
  <system-out/>
  <testcase classname="com.CA.qa.TestCases.APITesting" name="testResponsecode" time="0.034"/>
  <system-out/>
  <testcase classname="com.CA.qa.TestCases.APITesting" name="testResponsecode" time="0.278"/>
  <system-out/>
  <testcase classname="com.CA.qa.TestCases.APITesting" name="testResponsecode" time="0.091"/>
  <system-out/>
  <testcase classname="com.CA.qa.TestCases.APITesting" name="testResponsecode" time="0.034"/>
  <system-out/>
  <testcase classname="com.CA.qa.TestCases.APITesting" name="testResponsecode" time="0.035"/>
  <system-out/>
  <testcase classname="com.CA.qa.TestCases.APITesting" name="testResponsecode" time="0.045"/>
  <system-out/>
  <testcase classname="com.CA.qa.TestCases.APITesting" name="testResponsecode" time="0.039"/>
  <system-out/>
  <testcase classname="com.CA.qa.TestCases.APITesting" name="testResponsecode" time="0.034"/>
  <system-out/>
  <testcase classname="com.CA.qa.TestCases.APITesting" name="testResponsecode" time="0.054"/>
  <system-out/>
  <testcase classname="com.CA.qa.TestCases.APITesting" name="testResponsecode" time="0.033"/>
  <system-out/>
  <testcase classname="com.CA.qa.TestCases.APITesting" name="testResponsecode" time="0.037"/>
  <system-out/>
  <testcase classname="com.CA.qa.TestCases.APITesting" name="testResponsecode" time="0.041"/>
  <system-out/>
  <testcase classname="com.CA.qa.TestCases.APITesting" name="testResponsecode" time="0.042"/>
  <system-out/>
  <testcase classname="com.CA.qa.TestCases.APITesting" name="testResponsecode" time="0.033"/>
  <system-out/>
  <testcase classname="com.CA.qa.TestCases.APITesting" name="testResponsecode" time="0.061"/>
  <system-out/>
  <testcase classname="com.CA.qa.TestCases.APITesting" name="testResponsecode" time="0.033"/>
  <system-out/>
  <testcase classname="com.CA.qa.TestCases.APITesting" name="testResponsecode" time="0.136"/>
  <system-out/>
  <testcase classname="com.CA.qa.TestCases.APITesting" name="testResponsecode" time="0.036"/>
  <system-out/>
  <testcase classname="com.CA.qa.TestCases.APITesting" name="testResponsecode" time="0.038"/>
  <system-out/>
  <testcase classname="com.CA.qa.TestCases.APITesting" name="testResponsecode" time="0.070"/>
  <system-out/>
  <testcase classname="com.CA.qa.TestCases.APITesting" name="testResponsecode" time="0.035"/>
  <system-out/>
  <testcase classname="com.CA.qa.TestCases.APITesting" name="testResponsecode" time="0.032"/>
  <system-out/>
  <testcase classname="com.CA.qa.TestCases.APITesting" name="testResponsecode" time="0.033"/>
  <system-out/>
  <testcase classname="com.CA.qa.TestCases.APITesting" name="testResponsecode" time="0.038"/>
  <system-out/>
  <testcase classname="com.CA.qa.TestCases.APITesting" name="testResponsecode" time="0.035"/>
  <system-out/>
  <testcase classname="com.CA.qa.TestCases.APITesting" name="testResponsecode" time="0.037"/>
  <system-out/>
  <testcase classname="com.CA.qa.TestCases.APITesting" name="testResponsecode" time="0.033"/>
  <system-out/>
  <testcase classname="com.CA.qa.TestCases.APITesting" name="testResponsecode" time="0.036"/>
  <system-out/>
  <testcase classname="com.CA.qa.TestCases.APITesting" name="testResponsecode" time="0.039"/>
  <system-out/>
  <testcase classname="com.CA.qa.TestCases.APITesting" name="testResponsecode" time="0.032"/>
  <system-out/>
  <testcase classname="com.CA.qa.TestCases.APITesting" name="testResponsecode" time="0.163"/>
  <system-out/>
  <testcase classname="com.CA.qa.TestCases.APITesting" name="testResponsecode" time="0.033"/>
  <system-out/>
  <testcase classname="com.CA.qa.TestCases.APITesting" name="testResponsecode" time="0.032"/>
  <system-out/>
  <testcase classname="com.CA.qa.TestCases.APITesting" name="testResponsecode" time="0.102"/>
  <system-out/>
  <testcase classname="com.CA.qa.TestCases.APITesting" name="testResponsecode" time="0.033"/>
  <system-out/>
  <testcase classname="com.CA.qa.TestCases.APITesting" name="testResponsecode" time="0.033"/>
  <system-out/>
  <testcase classname="com.CA.qa.TestCases.APITesting" name="testResponsecode" time="0.046"/>
  <system-out/>
  <testcase classname="com.CA.qa.TestCases.APITesting" name="testResponsecode" time="0.040"/>
  <system-out/>
  <testcase classname="com.CA.qa.TestCases.APITesting" name="testResponsecode" time="0.035"/>
  <system-out/>
  <testcase classname="com.CA.qa.TestCases.APITesting" name="testResponsecode" time="0.053"/>
  <system-out/>
  <testcase classname="com.CA.qa.TestCases.APITesting" name="testResponsecode" time="0.032"/>
  <system-out/>
  <testcase classname="com.CA.qa.TestCases.APITesting" name="testResponsecode" time="0.035"/>
  <system-out/>
  <testcase classname="com.CA.qa.TestCases.APITesting" name="testResponsecode" time="0.033"/>
  <system-out/>
  <testcase classname="com.CA.qa.TestCases.APITesting" name="testResponsecode" time="0.035"/>
  <system-out/>
  <testcase classname="com.CA.qa.TestCases.APITesting" name="testResponsecode" time="0.038"/>
  <system-out/>
  <testcase classname="com.CA.qa.TestCases.APITesting" name="testResponsecode" time="0.034"/>
  <system-out/>
  <testcase classname="com.CA.qa.TestCases.APITesting" name="testResponsecode" time="0.032"/>
  <system-out/>
  <testcase classname="com.CA.qa.TestCases.APITesting" name="testResponsecode" time="0.034"/>
  <system-out/>
  <testcase classname="com.CA.qa.TestCases.APITesting" name="testResponsecode" time="0.046"/>
  <system-out/>
  <testcase classname="com.CA.qa.TestCases.APITesting" name="testResponsecode" time="0.032"/>
  <system-out/>
  <testcase classname="com.CA.qa.TestCases.APITesting" name="testResponsecode" time="0.035"/>
  <system-out/>
  <testcase classname="com.CA.qa.TestCases.APITesting" name="testResponsecode" time="0.037"/>
  <system-out/>
  <testcase classname="com.CA.qa.TestCases.APITesting" name="testResponsecode" time="0.039"/>
  <system-out/>
  <testcase classname="com.CA.qa.TestCases.APITesting" name="testResponsecode" time="0.033"/>
  <system-out/>
  <testcase classname="com.CA.qa.TestCases.APITesting" name="testResponsecode" time="0.037"/>
  <system-out/>
  <testcase classname="com.CA.qa.TestCases.APITesting" name="testResponsecode" time="0.035"/>
  <system-out/>
  <testcase classname="com.CA.qa.TestCases.APITesting" name="testResponsecode" time="0.035"/>
  <system-out/>
  <testcase classname="com.CA.qa.TestCases.APITesting" name="testResponsecode" time="0.226"/>
  <system-out/>
  <testcase classname="com.CA.qa.TestCases.APITesting" name="testResponsecode" time="0.039"/>
  <system-out/>
  <testcase classname="com.CA.qa.TestCases.APITesting" name="testResponsecode" time="0.038"/>
  <system-out/>
  <testcase classname="com.CA.qa.TestCases.APITesting" name="testResponsecode" time="0.062"/>
  <system-out/>
  <testcase classname="com.CA.qa.TestCases.APITesting" name="testResponsecode" time="0.046"/>
  <system-out/>
  <testcase classname="com.CA.qa.TestCases.APITesting" name="testResponsecode" time="0.053"/>
  <system-out/>
  <testcase classname="com.CA.qa.TestCases.APITesting" name="testResponsecode" time="0.033"/>
  <system-out/>
  <testcase classname="com.CA.qa.TestCases.APITesting" name="testResponsecode" time="0.034"/>
  <system-out/>
  <testcase classname="com.CA.qa.TestCases.APITesting" name="testResponsecode" time="0.035"/>
  <system-out/>
  <testcase classname="com.CA.qa.TestCases.APITesting" name="testResponsecode" time="0.039"/>
  <system-out/>
  <testcase classname="com.CA.qa.TestCases.APITesting" name="testResponsecode" time="0.037"/>
  <system-out/>
  <testcase classname="com.CA.qa.TestCases.APITesting" name="testResponsecode" time="0.033"/>
  <system-out/>
  <testcase classname="com.CA.qa.TestCases.APITesting" name="testResponsecode" time="0.038"/>
  <system-out/>
  <testcase classname="com.CA.qa.TestCases.APITesting" name="testResponsecode" time="0.033"/>
  <system-out/>
  <testcase classname="com.CA.qa.TestCases.APITesting" name="testResponsecode" time="0.036"/>
  <system-out/>
  <testcase classname="com.CA.qa.TestCases.APITesting" name="testResponsecode" time="0.037"/>
  <system-out/>
  <testcase classname="com.CA.qa.TestCases.APITesting" name="testResponsecode" time="0.056"/>
  <system-out/>
  <testcase classname="com.CA.qa.TestCases.APITesting" name="testResponsecode" time="0.058"/>
  <system-out/>
  <testcase classname="com.CA.qa.TestCases.APITesting" name="testResponsecode" time="0.037"/>
  <system-out/>
  <testcase classname="com.CA.qa.TestCases.APITesting" name="testResponsecode" time="0.135"/>
  <system-out/>
  <testcase classname="com.CA.qa.TestCases.APITesting" name="testResponsecode" time="0.033"/>
  <system-out/>
  <testcase classname="com.CA.qa.TestCases.APITesting" name="testResponsecode" time="0.034"/>
  <system-out/>
  <testcase classname="com.CA.qa.TestCases.APITesting" name="testResponsecode" time="0.039"/>
  <system-out/>
  <testcase classname="com.CA.qa.TestCases.APITesting" name="testResponsecode" time="0.038"/>
  <system-out/>
  <testcase classname="com.CA.qa.TestCases.APITesting" name="testResponsecode" time="0.034"/>
  <system-out/>
  <testcase classname="com.CA.qa.TestCases.APITesting" name="testResponsecode" time="0.036"/>
  <system-out/>
  <testcase classname="com.CA.qa.TestCases.APITesting" name="testResponsecode" time="0.037"/>
  <system-out/>
  <testcase classname="com.CA.qa.TestCases.APITesting" name="testResponsecode" time="0.034"/>
  <system-out/>
  <testcase classname="com.CA.qa.TestCases.APITesting" name="testResponsecode" time="0.036"/>
  <system-out/>
  <testcase classname="com.CA.qa.TestCases.APITesting" name="testResponsecode" time="0.033"/>
  <system-out/>
  <testcase classname="com.CA.qa.TestCases.APITesting" name="testResponsecode" time="0.124"/>
  <system-out/>
  <testcase classname="com.CA.qa.TestCases.APITesting" name="testResponsecode" time="0.238"/>
  <system-out/>
  <testcase classname="com.CA.qa.TestCases.APITesting" name="testResponsecode" time="0.036"/>
  <system-out/>
  <testcase classname="com.CA.qa.TestCases.APITesting" name="testResponsecode" time="0.034"/>
  <system-out/>
  <testcase classname="com.CA.qa.TestCases.APITesting" name="testResponsecode" time="0.124"/>
  <system-out/>
  <testcase classname="com.CA.qa.TestCases.APITesting" name="testResponsecode" time="0.035"/>
  <system-out/>
  <testcase classname="com.CA.qa.TestCases.APITesting" name="testResponsecode" time="0.069"/>
  <system-out/>
  <testcase classname="com.CA.qa.TestCases.APITesting" name="testResponsecode" time="0.031"/>
  <system-out/>
  <testcase classname="com.CA.qa.TestCases.APITesting" name="testResponsecode" time="0.038"/>
  <system-out/>
  <testcase classname="com.CA.qa.TestCases.APITesting" name="testResponsecode" time="0.041"/>
  <system-out/>
  <testcase classname="com.CA.qa.TestCases.APITesting" name="testResponsecode" time="0.036"/>
  <system-out/>
  <testcase classname="com.CA.qa.TestCases.APITesting" name="testResponsecode" time="0.041"/>
  <system-out/>
  <testcase classname="com.CA.qa.TestCases.APITesting" name="testResponsecode" time="0.075"/>
  <system-out/>
  <testcase classname="com.CA.qa.TestCases.APITesting" name="testResponsecode" time="0.956"/>
  <system-out/>
  <testcase classname="com.CA.qa.TestCases.APITesting" name="testResponsecode" time="0.068"/>
  <system-out/>
  <testcase classname="com.CA.qa.TestCases.APITesting" name="testResponsecode" time="0.039"/>
  <system-out/>
  <testcase classname="com.CA.qa.TestCases.APITesting" name="testResponsecode" time="0.034"/>
  <system-out/>
  <testcase classname="com.CA.qa.TestCases.APITesting" name="testResponsecode" time="0.037"/>
  <system-out/>
  <testcase classname="com.CA.qa.TestCases.APITesting" name="testResponsecode" time="0.036"/>
  <system-out/>
  <testcase classname="com.CA.qa.TestCases.APITesting" name="testResponsecode" time="0.037"/>
  <system-out/>
  <testcase classname="com.CA.qa.TestCases.APITesting" name="testResponsecode" time="0.034"/>
  <system-out/>
  <testcase classname="com.CA.qa.TestCases.APITesting" name="testResponsecode" time="0.032"/>
  <system-out/>
  <testcase classname="com.CA.qa.TestCases.APITesting" name="testResponsecode" time="0.042"/>
  <system-out/>
  <testcase classname="com.CA.qa.TestCases.APITesting" name="testResponsecode" time="0.034"/>
  <system-out/>
  <testcase classname="com.CA.qa.TestCases.APITesting" name="testResponsecode" time="0.141"/>
  <system-out/>
  <testcase classname="com.CA.qa.TestCases.APITesting" name="testResponsecode" time="0.037"/>
  <system-out/>
  <testcase classname="com.CA.qa.TestCases.APITesting" name="testResponsecode" time="0.035"/>
  <system-out/>
  <testcase classname="com.CA.qa.TestCases.APITesting" name="testResponsecode" time="0.037"/>
  <system-out/>
  <testcase classname="com.CA.qa.TestCases.APITesting" name="testResponsecode" time="0.036"/>
  <system-out/>
  <testcase classname="com.CA.qa.TestCases.APITesting" name="testResponsecode" time="0.034"/>
  <system-out/>
  <testcase classname="com.CA.qa.TestCases.APITesting" name="testResponsecode" time="0.044"/>
  <system-out/>
  <testcase classname="com.CA.qa.TestCases.APITesting" name="testResponsecode" time="0.036"/>
  <system-out/>
  <testcase classname="com.CA.qa.TestCases.APITesting" name="testResponsecode" time="0.037"/>
  <system-out/>
  <testcase classname="com.CA.qa.TestCases.APITesting" name="testResponsecode" time="0.033"/>
  <system-out/>
  <testcase classname="com.CA.qa.TestCases.APITesting" name="testResponsecode" time="0.034"/>
  <system-out/>
  <testcase classname="com.CA.qa.TestCases.APITesting" name="testResponsecode" time="0.044"/>
  <system-out/>
  <testcase classname="com.CA.qa.TestCases.APITesting" name="testResponsecode" time="0.053"/>
  <system-out/>
  <testcase classname="com.CA.qa.TestCases.APITesting" name="testResponsecode" time="0.037"/>
  <system-out/>
  <testcase classname="com.CA.qa.TestCases.APITesting" name="testResponsecode" time="0.037"/>
  <system-out/>
  <testcase classname="com.CA.qa.TestCases.APITesting" name="testResponsecode" time="0.042"/>
  <system-out/>
  <testcase classname="com.CA.qa.TestCases.APITesting" name="testResponsecode" time="0.033"/>
  <system-out/>
  <testcase classname="com.CA.qa.TestCases.APITesting" name="testResponsecode" time="2.476"/>
  <system-out/>
  <testcase classname="com.CA.qa.TestCases.APITesting" name="testResponsecode" time="0.044"/>
  <system-out/>
  <testcase classname="com.CA.qa.TestCases.APITesting" name="testResponsecode" time="0.034"/>
  <system-out/>
  <testcase classname="com.CA.qa.TestCases.APITesting" name="testResponsecode" time="0.037"/>
  <system-out/>
  <testcase classname="com.CA.qa.TestCases.APITesting" name="testResponsecode" time="0.037"/>
  <system-out/>
  <testcase classname="com.CA.qa.TestCases.APITesting" name="testResponsecode" time="0.053"/>
  <system-out/>
  <testcase classname="com.CA.qa.TestCases.APITesting" name="testResponsecode" time="0.033"/>
  <system-out/>
  <testcase classname="com.CA.qa.TestCases.APITesting" name="testResponsecode" time="0.035"/>
  <system-out/>
  <testcase classname="com.CA.qa.TestCases.APITesting" name="testResponsecode" time="0.033"/>
  <system-out/>
  <testcase classname="com.CA.qa.TestCases.APITesting" name="testResponsecode" time="0.037"/>
  <system-out/>
  <testcase classname="com.CA.qa.TestCases.APITesting" name="testResponsecode" time="0.035"/>
  <system-out/>
  <testcase classname="com.CA.qa.TestCases.APITesting" name="testResponsecode" time="0.038"/>
  <system-out/>
  <testcase classname="com.CA.qa.TestCases.APITesting" name="testResponsecode" time="0.169"/>
  <system-out/>
  <testcase classname="com.CA.qa.TestCases.APITesting" name="testResponsecode" time="0.058"/>
  <system-out/>
  <testcase classname="com.CA.qa.TestCases.APITesting" name="testResponsecode" time="0.040"/>
  <system-out/>
  <testcase classname="com.CA.qa.TestCases.APITesting" name="testResponsecode" time="0.040"/>
  <system-out/>
  <testcase classname="com.CA.qa.TestCases.APITesting" name="testResponsecode" time="0.033"/>
  <system-out/>
  <testcase classname="com.CA.qa.TestCases.APITesting" name="testResponsecode" time="0.033"/>
  <system-out/>
  <testcase classname="com.CA.qa.TestCases.APITesting" name="testResponsecode" time="0.034"/>
  <system-out/>
  <testcase classname="com.CA.qa.TestCases.APITesting" name="testResponsecode" time="0.036"/>
  <system-out/>
  <testcase classname="com.CA.qa.TestCases.APITesting" name="testResponsecode" time="0.038"/>
  <system-out/>
  <testcase classname="com.CA.qa.TestCases.APITesting" name="testResponsecode" time="0.136"/>
  <system-out/>
  <testcase classname="com.CA.qa.TestCases.APITesting" name="testResponsecode" time="0.502"/>
  <system-out/>
  <testcase classname="com.CA.qa.TestCases.APITesting" name="testResponsecode" time="0.035"/>
  <system-out/>
  <testcase classname="com.CA.qa.TestCases.APITesting" name="testResponsecode" time="0.037"/>
  <system-out/>
  <testcase classname="com.CA.qa.TestCases.APITesting" name="testResponsecode" time="0.047"/>
  <system-out/>
  <testcase classname="com.CA.qa.TestCases.APITesting" name="testResponsecode" time="0.036"/>
  <system-out/>
  <testcase classname="com.CA.qa.TestCases.APITesting" name="testResponsecode" time="0.063"/>
  <system-out/>
  <testcase classname="com.CA.qa.TestCases.APITesting" name="testResponsecode" time="0.034"/>
  <system-out/>
  <testcase classname="com.CA.qa.TestCases.APITesting" name="testResponsecode" time="0.034"/>
  <system-out/>
  <testcase classname="com.CA.qa.TestCases.APITesting" name="testResponsecode" time="0.033"/>
  <system-out/>
  <testcase classname="com.CA.qa.TestCases.APITesting" name="testResponsecode" time="0.910"/>
  <system-out/>
  <testcase classname="com.CA.qa.TestCases.APITesting" name="testResponsecode" time="0.034"/>
  <system-out/>
  <testcase classname="com.CA.qa.TestCases.APITesting" name="testResponsecode" time="0.044"/>
  <system-out/>
  <testcase classname="com.CA.qa.TestCases.APITesting" name="testResponsecode" time="0.913"/>
  <system-out/>
  <testcase classname="com.CA.qa.TestCases.APITesting" name="testResponsecode" time="0.037"/>
  <system-out/>
  <testcase classname="com.CA.qa.TestCases.APITesting" name="testResponsecode" time="0.472"/>
  <system-out/>
  <testcase classname="com.CA.qa.TestCases.APITesting" name="testResponsecode" time="0.040"/>
  <system-out/>
  <testcase classname="com.CA.qa.TestCases.APITesting" name="testResponsecode" time="0.160"/>
  <system-out/>
  <testcase classname="com.CA.qa.TestCases.APITesting" name="testResponsecode" time="0.038"/>
  <system-out/>
  <testcase classname="com.CA.qa.TestCases.APITesting" name="testResponsecode" time="0.039"/>
  <system-out/>
  <testcase classname="com.CA.qa.TestCases.APITesting" name="testResponsecode" time="0.034"/>
  <system-out/>
  <testcase classname="com.CA.qa.TestCases.APITesting" name="testResponsecode" time="0.033"/>
  <system-out/>
  <testcase classname="com.CA.qa.TestCases.APITesting" name="testResponsecode" time="0.033"/>
  <system-out/>
  <testcase classname="com.CA.qa.TestCases.APITesting" name="testResponsecode" time="0.053"/>
  <system-out/>
  <testcase classname="com.CA.qa.TestCases.APITesting" name="testResponsecode" time="0.034"/>
  <system-out/>
  <testcase classname="com.CA.qa.TestCases.APITesting" name="testResponsecode" time="0.033"/>
  <system-out/>
  <testcase classname="com.CA.qa.TestCases.APITesting" name="testResponsecode" time="0.233"/>
  <system-out/>
  <testcase classname="com.CA.qa.TestCases.APITesting" name="testResponsecode" time="0.041"/>
  <system-out/>
  <testcase classname="com.CA.qa.TestCases.APITesting" name="testResponsecode" time="0.033"/>
  <system-out/>
  <testcase classname="com.CA.qa.TestCases.APITesting" name="testResponsecode" time="0.035"/>
  <system-out/>
  <testcase classname="com.CA.qa.TestCases.APITesting" name="testResponsecode" time="0.038"/>
  <system-out/>
  <testcase classname="com.CA.qa.TestCases.APITesting" name="testResponsecode" time="0.173"/>
  <system-out/>
  <testcase classname="com.CA.qa.TestCases.APITesting" name="testResponsecode" time="0.142"/>
  <system-out/>
  <testcase classname="com.CA.qa.TestCases.APITesting" name="testResponsecode" time="0.046"/>
  <system-out/>
  <testcase classname="com.CA.qa.TestCases.APITesting" name="testResponsecode" time="0.034"/>
  <system-out/>
  <testcase classname="com.CA.qa.TestCases.APITesting" name="testResponsecode" time="0.037"/>
  <system-out/>
  <testcase classname="com.CA.qa.TestCases.APITesting" name="testResponsecode" time="0.034"/>
  <system-out/>
  <testcase classname="com.CA.qa.TestCases.APITesting" name="testResponsecode" time="0.059"/>
  <system-out/>
  <testcase classname="com.CA.qa.TestCases.APITesting" name="testResponsecode" time="0.036"/>
  <system-out/>
  <testcase classname="com.CA.qa.TestCases.APITesting" name="testResponsecode" time="0.034"/>
  <system-out/>
  <testcase classname="com.CA.qa.TestCases.APITesting" name="testResponsecode" time="0.034"/>
  <system-out/>
  <testcase classname="com.CA.qa.TestCases.APITesting" name="testResponsecode" time="0.036"/>
  <system-out/>
  <testcase classname="com.CA.qa.TestCases.APITesting" name="testResponsecode" time="0.087"/>
  <system-out/>
  <testcase classname="com.CA.qa.TestCases.APITesting" name="testResponsecode" time="0.134"/>
  <system-out/>
  <testcase classname="com.CA.qa.TestCases.APITesting" name="testResponsecode" time="0.074"/>
  <system-out/>
  <testcase classname="com.CA.qa.TestCases.APITesting" name="testResponsecode" time="0.034"/>
  <system-out/>
  <testcase classname="com.CA.qa.TestCases.APITesting" name="testResponsecode" time="0.034"/>
  <system-out/>
  <testcase classname="com.CA.qa.TestCases.APITesting" name="testResponsecode" time="0.044"/>
  <system-out/>
  <testcase classname="com.CA.qa.TestCases.APITesting" name="testResponsecode" time="0.032"/>
  <system-out/>
  <testcase classname="com.CA.qa.TestCases.APITesting" name="testResponsecode" time="0.033"/>
  <system-out/>
  <testcase classname="com.CA.qa.TestCases.APITesting" name="testResponsecode" time="0.126"/>
  <system-out/>
  <testcase classname="com.CA.qa.TestCases.APITesting" name="testResponsecode" time="0.161"/>
  <system-out/>
  <testcase classname="com.CA.qa.TestCases.APITesting" name="testResponsecode" time="0.039"/>
  <system-out/>
  <testcase classname="com.CA.qa.TestCases.APITesting" name="testResponsecode" time="0.036"/>
  <system-out/>
  <testcase classname="com.CA.qa.TestCases.APITesting" name="testResponsecode" time="0.035"/>
  <system-out/>
  <testcase classname="com.CA.qa.TestCases.APITesting" name="testResponsecode" time="0.045"/>
  <system-out/>
  <testcase classname="com.CA.qa.TestCases.APITesting" name="testResponsecode" time="0.032"/>
  <system-out/>
  <testcase classname="com.CA.qa.TestCases.APITesting" name="testResponsecode" time="0.032"/>
  <system-out/>
  <testcase classname="com.CA.qa.TestCases.APITesting" name="testResponsecode" time="0.038"/>
  <system-out/>
  <testcase classname="com.CA.qa.TestCases.APITesting" name="testResponsecode" time="0.033"/>
  <system-out/>
  <testcase classname="com.CA.qa.TestCases.APITesting" name="testResponsecode" time="0.040"/>
  <system-out/>
  <testcase classname="com.CA.qa.TestCases.APITesting" name="testResponsecode" time="0.036"/>
  <system-out/>
  <testcase classname="com.CA.qa.TestCases.APITesting" name="testResponsecode" time="0.033"/>
  <system-out/>
  <testcase classname="com.CA.qa.TestCases.APITesting" name="testResponsecode" time="0.035"/>
  <system-out/>
  <testcase classname="com.CA.qa.TestCases.APITesting" name="testResponsecode" time="0.033"/>
  <system-out/>
  <testcase classname="com.CA.qa.TestCases.APITesting" name="testResponsecode" time="0.128"/>
  <system-out/>
  <testcase classname="com.CA.qa.TestCases.APITesting" name="testResponsecode" time="0.047"/>
  <system-out/>
  <testcase classname="com.CA.qa.TestCases.APITesting" name="testResponsecode" time="0.037"/>
  <system-out/>
  <testcase classname="com.CA.qa.TestCases.APITesting" name="testResponsecode" time="0.036"/>
  <system-out/>
  <testcase classname="com.CA.qa.TestCases.APITesting" name="testResponsecode" time="0.302"/>
  <system-out/>
  <testcase classname="com.CA.qa.TestCases.APITesting" name="testResponsecode" time="0.043"/>
  <system-out/>
  <testcase classname="com.CA.qa.TestCases.APITesting" name="testResponsecode" time="0.033"/>
  <system-out/>
  <testcase classname="com.CA.qa.TestCases.APITesting" name="testResponsecode" time="0.045"/>
  <system-out/>
  <testcase classname="com.CA.qa.TestCases.APITesting" name="testResponsecode" time="0.032"/>
  <system-out/>
  <testcase classname="com.CA.qa.TestCases.APITesting" name="testResponsecode" time="0.034"/>
  <system-out/>
  <testcase classname="com.CA.qa.TestCases.APITesting" name="testResponsecode" time="0.031"/>
  <system-out/>
  <testcase classname="com.CA.qa.TestCases.APITesting" name="testResponsecode" time="0.037"/>
  <system-out/>
  <testcase classname="com.CA.qa.TestCases.APITesting" name="testResponsecode" time="0.135"/>
  <system-out/>
  <testcase classname="com.CA.qa.TestCases.APITesting" name="testResponsecode" time="0.056"/>
  <system-out/>
  <testcase classname="com.CA.qa.TestCases.APITesting" name="testResponsecode" time="0.037"/>
  <system-out/>
  <testcase classname="com.CA.qa.TestCases.APITesting" name="testResponsecode" time="0.032"/>
  <system-out/>
  <testcase classname="com.CA.qa.TestCases.APITesting" name="testResponsecode" time="0.036"/>
  <system-out/>
  <testcase classname="com.CA.qa.TestCases.APITesting" name="testResponsecode" time="0.034"/>
  <system-out/>
  <testcase classname="com.CA.qa.TestCases.APITesting" name="testResponsecode" time="0.036"/>
  <system-out/>
  <testcase classname="com.CA.qa.TestCases.APITesting" name="testResponsecode" time="0.032"/>
  <system-out/>
  <testcase classname="com.CA.qa.TestCases.APITesting" name="testResponsecode" time="0.033"/>
  <system-out/>
  <testcase classname="com.CA.qa.TestCases.APITesting" name="testResponsecode" time="0.032"/>
  <system-out/>
  <testcase classname="com.CA.qa.TestCases.APITesting" name="testResponsecode" time="0.035"/>
  <system-out/>
  <testcase classname="com.CA.qa.TestCases.APITesting" name="testResponsecode" time="0.034"/>
  <system-out/>
  <testcase classname="com.CA.qa.TestCases.APITesting" name="testResponsecode" time="0.033"/>
  <system-out/>
  <testcase classname="com.CA.qa.TestCases.APITesting" name="testResponsecode" time="0.032"/>
  <system-out/>
  <testcase classname="com.CA.qa.TestCases.APITesting" name="testResponsecode" time="0.032"/>
  <system-out/>
  <testcase classname="com.CA.qa.TestCases.APITesting" name="testResponsecode" time="0.038"/>
  <system-out/>
  <testcase classname="com.CA.qa.TestCases.APITesting" name="testResponsecode" time="0.039"/>
  <system-out/>
  <testcase classname="com.CA.qa.TestCases.APITesting" name="testResponsecode" time="0.320"/>
  <system-out/>
  <testcase classname="com.CA.qa.TestCases.APITesting" name="testResponsecode" time="0.035"/>
  <system-out/>
  <testcase classname="com.CA.qa.TestCases.APITesting" name="testResponsecode" time="0.038"/>
  <system-out/>
  <testcase classname="com.CA.qa.TestCases.APITesting" name="testResponsecode" time="0.073"/>
  <system-out/>
  <testcase classname="com.CA.qa.TestCases.APITesting" name="testResponsecode" time="0.143"/>
  <system-out/>
  <testcase classname="com.CA.qa.TestCases.APITesting" name="testResponsecode" time="0.032"/>
  <system-out/>
  <testcase classname="com.CA.qa.TestCases.APITesting" name="testResponsecode" time="0.038"/>
  <system-out/>
  <testcase classname="com.CA.qa.TestCases.APITesting" name="testResponsecode" time="0.180"/>
  <system-out/>
  <testcase classname="com.CA.qa.TestCases.APITesting" name="testResponsecode" time="0.053"/>
  <system-out/>
  <testcase classname="com.CA.qa.TestCases.APITesting" name="testResponsecode" time="0.039"/>
  <system-out/>
  <testcase classname="com.CA.qa.TestCases.APITesting" name="testResponsecode" time="0.032"/>
  <system-out/>
  <testcase classname="com.CA.qa.TestCases.APITesting" name="testResponsecode" time="0.033"/>
  <system-out/>
  <testcase classname="com.CA.qa.TestCases.APITesting" name="testResponsecode" time="0.036"/>
  <system-out/>
  <testcase classname="com.CA.qa.TestCases.APITesting" name="testResponsecode" time="0.035"/>
  <system-out/>
  <testcase classname="com.CA.qa.TestCases.APITesting" name="testResponsecode" time="0.036"/>
  <system-out/>
  <testcase classname="com.CA.qa.TestCases.APITesting" name="testResponsecode" time="0.057"/>
  <system-out/>
  <testcase classname="com.CA.qa.TestCases.APITesting" name="testResponsecode" time="0.035"/>
  <system-out/>
  <testcase classname="com.CA.qa.TestCases.APITesting" name="testResponsecode" time="0.035"/>
  <system-out/>
  <testcase classname="com.CA.qa.TestCases.APITesting" name="testResponsecode" time="0.038"/>
  <system-out/>
  <testcase classname="com.CA.qa.TestCases.APITesting" name="testResponsecode" time="0.041"/>
  <system-out/>
  <testcase classname="com.CA.qa.TestCases.APITesting" name="testResponsecode" time="0.052"/>
  <system-out/>
  <testcase classname="com.CA.qa.TestCases.APITesting" name="testResponsecode" time="0.034"/>
  <system-out/>
  <testcase classname="com.CA.qa.TestCases.APITesting" name="testResponsecode" time="0.032"/>
  <system-out/>
  <testcase classname="com.CA.qa.TestCases.APITesting" name="testResponsecode" time="0.033"/>
  <system-out/>
  <testcase classname="com.CA.qa.TestCases.APITesting" name="testResponsecode" time="0.037"/>
  <system-out/>
  <testcase classname="com.CA.qa.TestCases.APITesting" name="testResponsecode" time="0.034"/>
  <system-out/>
  <testcase classname="com.CA.qa.TestCases.APITesting" name="testResponsecode" time="0.032"/>
  <system-out/>
  <testcase classname="com.CA.qa.TestCases.APITesting" name="testResponsecode" time="0.034"/>
  <system-out/>
  <testcase classname="com.CA.qa.TestCases.APITesting" name="testResponsecode" time="0.034"/>
  <system-out/>
  <testcase classname="com.CA.qa.TestCases.APITesting" name="testResponsecode" time="0.032"/>
  <system-out/>
  <testcase classname="com.CA.qa.TestCases.APITesting" name="testResponsecode" time="0.124"/>
  <system-out/>
  <testcase classname="com.CA.qa.TestCases.APITesting" name="testResponsecode" time="0.031"/>
  <system-out/>
  <testcase classname="com.CA.qa.TestCases.APITesting" name="testResponsecode" time="0.033"/>
  <system-out/>
  <testcase classname="com.CA.qa.TestCases.APITesting" name="testResponsecode" time="0.034"/>
  <system-out/>
  <testcase classname="com.CA.qa.TestCases.APITesting" name="testResponsecode" time="0.049"/>
  <system-out/>
  <testcase classname="com.CA.qa.TestCases.APITesting" name="testResponsecode" time="0.034"/>
  <system-out/>
  <testcase classname="com.CA.qa.TestCases.APITesting" name="testResponsecode" time="0.043"/>
  <system-out/>
  <testcase classname="com.CA.qa.TestCases.APITesting" name="testResponsecode" time="0.039"/>
  <system-out/>
  <testcase classname="com.CA.qa.TestCases.APITesting" name="testResponsecode" time="0.041"/>
  <system-out/>
  <testcase classname="com.CA.qa.TestCases.APITesting" name="testResponsecode" time="0.776"/>
  <system-out/>
  <testcase classname="com.CA.qa.TestCases.APITesting" name="testResponsecode" time="0.035"/>
  <system-out/>
  <testcase classname="com.CA.qa.TestCases.APITesting" name="testResponsecode" time="0.033"/>
  <system-out/>
  <testcase classname="com.CA.qa.TestCases.APITesting" name="testResponsecode" time="0.032"/>
  <system-out/>
  <testcase classname="com.CA.qa.TestCases.APITesting" name="testResponsecode" time="0.042"/>
  <system-out/>
  <testcase classname="com.CA.qa.TestCases.APITesting" name="testResponsecode" time="0.037"/>
  <system-out/>
  <testcase classname="com.CA.qa.TestCases.APITesting" name="testResponsecode" time="0.037"/>
  <system-out/>
  <testcase classname="com.CA.qa.TestCases.APITesting" name="testResponsecode" time="0.033"/>
  <system-out/>
  <testcase classname="com.CA.qa.TestCases.APITesting" name="testResponsecode" time="0.035"/>
  <system-out/>
  <testcase classname="com.CA.qa.TestCases.APITesting" name="testResponsecode" time="0.057"/>
  <system-out/>
  <testcase classname="com.CA.qa.TestCases.APITesting" name="testResponsecode" time="0.042"/>
  <system-out/>
  <testcase classname="com.CA.qa.TestCases.APITesting" name="testResponsecode" time="0.037"/>
  <system-out/>
  <testcase classname="com.CA.qa.TestCases.APITesting" name="testResponsecode" time="0.033"/>
  <system-out/>
  <testcase classname="com.CA.qa.TestCases.APITesting" name="testResponsecode" time="0.042"/>
  <system-out/>
  <testcase classname="com.CA.qa.TestCases.APITesting" name="testResponsecode" time="0.033"/>
  <system-out/>
  <testcase classname="com.CA.qa.TestCases.APITesting" name="testResponsecode" time="0.033"/>
  <system-out/>
  <testcase classname="com.CA.qa.TestCases.APITesting" name="testResponsecode" time="0.049"/>
  <system-out/>
  <testcase classname="com.CA.qa.TestCases.APITesting" name="testResponsecode" time="0.035"/>
  <system-out/>
  <testcase classname="com.CA.qa.TestCases.APITesting" name="testResponsecode" time="0.032"/>
  <system-out/>
  <testcase classname="com.CA.qa.TestCases.APITesting" name="testResponsecode" time="0.036"/>
  <system-out/>
  <testcase classname="com.CA.qa.TestCases.APITesting" name="testResponsecode" time="0.040"/>
  <system-out/>
  <testcase classname="com.CA.qa.TestCases.APITesting" name="testResponsecode" time="0.073"/>
  <system-out/>
  <testcase classname="com.CA.qa.TestCases.APITesting" name="testResponsecode" time="0.030"/>
  <system-out/>
  <testcase classname="com.CA.qa.TestCases.APITesting" name="testResponsecode" time="0.034"/>
  <system-out/>
  <testcase classname="com.CA.qa.TestCases.APITesting" name="testResponsecode" time="0.129"/>
  <system-out/>
  <testcase classname="com.CA.qa.TestCases.APITesting" name="testResponsecode" time="0.034"/>
  <system-out/>
  <testcase classname="com.CA.qa.TestCases.APITesting" name="testResponsecode" time="0.039"/>
  <system-out/>
  <testcase classname="com.CA.qa.TestCases.APITesting" name="testResponsecode" time="0.033"/>
  <system-out/>
  <testcase classname="com.CA.qa.TestCases.APITesting" name="testResponsecode" time="0.071"/>
  <system-out/>
  <testcase classname="com.CA.qa.TestCases.APITesting" name="testResponsecode" time="0.037"/>
  <system-out/>
  <testcase classname="com.CA.qa.TestCases.APITesting" name="testResponsecode" time="0.037"/>
  <system-out/>
  <testcase classname="com.CA.qa.TestCases.APITesting" name="testResponsecode" time="0.044"/>
  <system-out/>
  <testcase classname="com.CA.qa.TestCases.APITesting" name="testResponsecode" time="0.047"/>
  <system-out/>
  <testcase classname="com.CA.qa.TestCases.APITesting" name="testResponsecode" time="0.033"/>
  <system-out/>
  <testcase classname="com.CA.qa.TestCases.APITesting" name="testResponsecode" time="0.044"/>
  <system-out/>
  <testcase classname="com.CA.qa.TestCases.APITesting" name="testResponsecode" time="0.037"/>
  <system-out/>
  <testcase classname="com.CA.qa.TestCases.APITesting" name="testResponsecode" time="0.034"/>
  <system-out/>
  <testcase classname="com.CA.qa.TestCases.APITesting" name="testResponsecode" time="0.038"/>
  <system-out/>
  <testcase classname="com.CA.qa.TestCases.APITesting" name="testResponsecode" time="0.035"/>
  <system-out/>
  <testcase classname="com.CA.qa.TestCases.APITesting" name="testResponsecode" time="0.036"/>
  <system-out/>
  <testcase classname="com.CA.qa.TestCases.APITesting" name="testResponsecode" time="0.073"/>
  <system-out/>
  <testcase classname="com.CA.qa.TestCases.APITesting" name="testResponsecode" time="0.037"/>
  <system-out/>
  <testcase classname="com.CA.qa.TestCases.APITesting" name="testResponsecode" time="0.041"/>
  <system-out/>
  <testcase classname="com.CA.qa.TestCases.APITesting" name="testResponsecode" time="0.034"/>
  <system-out/>
  <testcase classname="com.CA.qa.TestCases.APITesting" name="testResponsecode" time="0.034"/>
  <system-out/>
  <testcase classname="com.CA.qa.TestCases.APITesting" name="testResponsecode" time="0.035"/>
  <system-out/>
  <testcase classname="com.CA.qa.TestCases.APITesting" name="testResponsecode" time="0.036"/>
  <system-out/>
  <testcase classname="com.CA.qa.TestCases.APITesting" name="testResponsecode" time="0.031"/>
  <system-out/>
  <testcase classname="com.CA.qa.TestCases.APITesting" name="testResponsecode" time="0.134"/>
  <system-out/>
  <testcase classname="com.CA.qa.TestCases.APITesting" name="testResponsecode" time="0.054"/>
  <system-out/>
  <testcase classname="com.CA.qa.TestCases.APITesting" name="testResponsecode" time="0.035"/>
  <system-out/>
  <testcase classname="com.CA.qa.TestCases.APITesting" name="testResponsecode" time="0.040"/>
  <system-out/>
  <testcase classname="com.CA.qa.TestCases.APITesting" name="testResponsecode" time="0.034"/>
  <system-out/>
  <testcase classname="com.CA.qa.TestCases.APITesting" name="testResponsecode" time="0.037"/>
  <system-out/>
  <testcase classname="com.CA.qa.TestCases.APITesting" name="testResponsecode" time="0.034"/>
  <system-out/>
  <testcase classname="com.CA.qa.TestCases.APITesting" name="testResponsecode" time="0.046"/>
  <system-out/>
  <testcase classname="com.CA.qa.TestCases.APITesting" name="testResponsecode" time="0.034"/>
  <system-out/>
  <testcase classname="com.CA.qa.TestCases.APITesting" name="testResponsecode" time="0.034"/>
  <system-out/>
  <testcase classname="com.CA.qa.TestCases.APITesting" name="testResponsecode" time="0.037"/>
  <system-out/>
  <testcase classname="com.CA.qa.TestCases.APITesting" name="testResponsecode" time="0.035"/>
  <system-out/>
  <testcase classname="com.CA.qa.TestCases.APITesting" name="testResponsecode" time="0.034"/>
  <system-out/>
  <testcase classname="com.CA.qa.TestCases.APITesting" name="testResponsecode" time="0.033"/>
  <system-out/>
  <testcase classname="com.CA.qa.TestCases.APITesting" name="testResponsecode" time="0.035"/>
  <system-out/>
  <testcase classname="com.CA.qa.TestCases.APITesting" name="testResponsecode" time="0.036"/>
  <system-out/>
  <testcase classname="com.CA.qa.TestCases.APITesting" name="testResponsecode" time="0.072"/>
  <system-out/>
  <testcase classname="com.CA.qa.TestCases.APITesting" name="testResponsecode" time="0.041"/>
  <system-out/>
  <testcase classname="com.CA.qa.TestCases.APITesting" name="testResponsecode" time="0.047"/>
  <system-out/>
  <testcase classname="com.CA.qa.TestCases.APITesting" name="testResponsecode" time="0.033"/>
  <system-out/>
  <testcase classname="com.CA.qa.TestCases.APITesting" name="testResponsecode" time="0.032"/>
  <system-out/>
  <testcase classname="com.CA.qa.TestCases.APITesting" name="testResponsecode" time="0.032"/>
  <system-out/>
  <testcase classname="com.CA.qa.TestCases.APITesting" name="testResponsecode" time="0.036"/>
  <system-out/>
  <testcase classname="com.CA.qa.TestCases.APITesting" name="testResponsecode" time="0.092"/>
  <system-out/>
  <testcase classname="com.CA.qa.TestCases.APITesting" name="testResponsecode" time="0.055"/>
  <system-out/>
  <testcase classname="com.CA.qa.TestCases.APITesting" name="testResponsecode" time="0.049"/>
  <system-out/>
  <testcase classname="com.CA.qa.TestCases.APITesting" name="testResponsecode" time="0.033"/>
  <system-out/>
  <testcase classname="com.CA.qa.TestCases.APITesting" name="testResponsecode" time="0.051"/>
  <system-out/>
  <testcase classname="com.CA.qa.TestCases.APITesting" name="testResponsecode" time="0.037"/>
  <system-out/>
  <testcase classname="com.CA.qa.TestCases.APITesting" name="testResponsecode" time="0.035"/>
  <system-out/>
  <testcase classname="com.CA.qa.TestCases.APITesting" name="testResponsecode" time="0.045"/>
  <system-out/>
  <testcase classname="com.CA.qa.TestCases.APITesting" name="testResponsecode" time="0.036"/>
  <system-out/>
  <testcase classname="com.CA.qa.TestCases.APITesting" name="testResponsecode" time="0.032"/>
  <system-out/>
  <testcase classname="com.CA.qa.TestCases.APITesting" name="testResponsecode" time="0.039"/>
  <system-out/>
  <testcase classname="com.CA.qa.TestCases.APITesting" name="testResponsecode" time="0.034"/>
  <system-out/>
  <testcase classname="com.CA.qa.TestCases.APITesting" name="testResponsecode" time="0.035"/>
  <system-out/>
  <testcase classname="com.CA.qa.TestCases.APITesting" name="testResponsecode" time="0.034"/>
  <system-out/>
  <testcase classname="com.CA.qa.TestCases.APITesting" name="testResponsecode" time="0.056"/>
  <system-out/>
  <testcase classname="com.CA.qa.TestCases.APITesting" name="testResponsecode" time="0.202"/>
  <system-out/>
  <testcase classname="com.CA.qa.TestCases.APITesting" name="testResponsecode" time="0.033"/>
  <system-out/>
  <testcase classname="com.CA.qa.TestCases.APITesting" name="testResponsecode" time="0.143"/>
  <system-out/>
  <testcase classname="com.CA.qa.TestCases.APITesting" name="testResponsecode" time="0.033"/>
  <system-out/>
  <testcase classname="com.CA.qa.TestCases.APITesting" name="testResponsecode" time="0.034"/>
  <system-out/>
  <testcase classname="com.CA.qa.TestCases.APITesting" name="testResponsecode" time="0.033"/>
  <system-out/>
  <testcase classname="com.CA.qa.TestCases.APITesting" name="testResponsecode" time="0.038"/>
  <system-out/>
  <testcase classname="com.CA.qa.TestCases.APITesting" name="testResponsecode" time="0.033"/>
  <system-out/>
  <testcase classname="com.CA.qa.TestCases.APITesting" name="testResponsecode" time="0.034"/>
  <system-out/>
  <testcase classname="com.CA.qa.TestCases.APITesting" name="testResponsecode" time="0.035"/>
  <system-out/>
  <testcase classname="com.CA.qa.TestCases.APITesting" name="testResponsecode" time="0.037"/>
  <system-out/>
  <testcase classname="com.CA.qa.TestCases.APITesting" name="testResponsecode" time="0.037"/>
  <system-out/>
  <testcase classname="com.CA.qa.TestCases.APITesting" name="testResponsecode" time="0.033"/>
  <system-out/>
  <testcase classname="com.CA.qa.TestCases.APITesting" name="testResponsecode" time="0.039"/>
  <system-out/>
  <testcase classname="com.CA.qa.TestCases.APITesting" name="testResponsecode" time="0.039"/>
  <system-out/>
  <testcase classname="com.CA.qa.TestCases.APITesting" name="testResponsecode" time="0.048"/>
  <system-out/>
  <testcase classname="com.CA.qa.TestCases.APITesting" name="testResponsecode" time="0.036"/>
  <system-out/>
  <testcase classname="com.CA.qa.TestCases.APITesting" name="testResponsecode" time="0.039"/>
  <system-out/>
  <testcase classname="com.CA.qa.TestCases.APITesting" name="testResponsecode" time="0.035"/>
  <system-out/>
  <testcase classname="com.CA.qa.TestCases.APITesting" name="testResponsecode" time="0.034"/>
  <system-out/>
  <testcase classname="com.CA.qa.TestCases.APITesting" name="testResponsecode" time="0.039"/>
  <system-out/>
  <testcase classname="com.CA.qa.TestCases.APITesting" name="testResponsecode" time="0.141"/>
  <system-out/>
  <testcase classname="com.CA.qa.TestCases.APITesting" name="testResponsecode" time="0.039"/>
  <system-out/>
  <testcase classname="com.CA.qa.TestCases.APITesting" name="testResponsecode" time="0.176"/>
  <system-out/>
  <testcase classname="com.CA.qa.TestCases.APITesting" name="testResponsecode" time="0.034"/>
  <system-out/>
  <testcase classname="com.CA.qa.TestCases.APITesting" name="testResponsecode" time="0.033"/>
  <system-out/>
  <testcase classname="com.CA.qa.TestCases.APITesting" name="testResponsecode" time="0.036"/>
  <system-out/>
  <testcase classname="com.CA.qa.TestCases.APITesting" name="testResponsecode" time="0.039"/>
  <system-out/>
  <testcase classname="com.CA.qa.TestCases.APITesting" name="testResponsecode" time="0.033"/>
  <system-out/>
  <testcase classname="com.CA.qa.TestCases.APITesting" name="testResponsecode" time="0.033"/>
  <system-out/>
  <testcase classname="com.CA.qa.TestCases.APITesting" name="testResponsecode" time="0.034"/>
  <system-out/>
  <testcase classname="com.CA.qa.TestCases.APITesting" name="testResponsecode" time="0.047"/>
  <system-out/>
  <testcase classname="com.CA.qa.TestCases.APITesting" name="testResponsecode" time="0.039"/>
  <system-out/>
  <testcase classname="com.CA.qa.TestCases.APITesting" name="testResponsecode" time="0.034"/>
  <system-out/>
  <testcase classname="com.CA.qa.TestCases.APITesting" name="testResponsecode" time="0.034"/>
  <system-out/>
  <testcase classname="com.CA.qa.TestCases.APITesting" name="testResponsecode" time="0.141"/>
  <system-out/>
  <testcase classname="com.CA.qa.TestCases.APITesting" name="testResponsecode" time="0.033"/>
  <system-out/>
  <testcase classname="com.CA.qa.TestCases.APITesting" name="testResponsecode" time="0.037"/>
  <system-out/>
  <testcase classname="com.CA.qa.TestCases.APITesting" name="testResponsecode" time="0.034"/>
  <system-out/>
  <testcase classname="com.CA.qa.TestCases.APITesting" name="testResponsecode" time="0.033"/>
  <system-out/>
  <testcase classname="com.CA.qa.TestCases.APITesting" name="testResponsecode" time="0.039"/>
  <system-out/>
  <testcase classname="com.CA.qa.TestCases.APITesting" name="testResponsecode" time="0.032"/>
  <system-out/>
  <testcase classname="com.CA.qa.TestCases.APITesting" name="testResponsecode" time="0.051"/>
  <system-out/>
  <testcase classname="com.CA.qa.TestCases.APITesting" name="testResponsecode" time="0.034"/>
  <system-out/>
  <testcase classname="com.CA.qa.TestCases.APITesting" name="testResponsecode" time="0.044"/>
  <system-out/>
  <testcase classname="com.CA.qa.TestCases.APITesting" name="testResponsecode" time="0.033"/>
  <system-out/>
  <testcase classname="com.CA.qa.TestCases.APITesting" name="testResponsecode" time="0.034"/>
  <system-out/>
  <testcase classname="com.CA.qa.TestCases.APITesting" name="testResponsecode" time="0.036"/>
  <system-out/>
  <testcase classname="com.CA.qa.TestCases.APITesting" name="testResponsecode" time="0.038"/>
  <system-out/>
  <testcase classname="com.CA.qa.TestCases.APITesting" name="testResponsecode" time="0.033"/>
  <system-out/>
  <testcase classname="com.CA.qa.TestCases.APITesting" name="testResponsecode" time="0.044"/>
  <system-out/>
  <testcase classname="com.CA.qa.TestCases.APITesting" name="testResponsecode" time="0.032"/>
  <system-out/>
  <testcase classname="com.CA.qa.TestCases.APITesting" name="testResponsecode" time="0.035"/>
  <system-out/>
  <testcase classname="com.CA.qa.TestCases.APITesting" name="testResponsecode" time="0.034"/>
  <system-out/>
  <testcase classname="com.CA.qa.TestCases.APITesting" name="testResponsecode" time="0.059"/>
  <system-out/>
  <testcase classname="com.CA.qa.TestCases.APITesting" name="testResponsecode" time="0.083"/>
  <system-out/>
  <testcase classname="com.CA.qa.TestCases.APITesting" name="testResponsecode" time="0.592"/>
  <system-out/>
  <testcase classname="com.CA.qa.TestCases.APITesting" name="testResponsecode" time="0.127"/>
  <system-out/>
  <testcase classname="com.CA.qa.TestCases.APITesting" name="testResponsecode" time="0.034"/>
  <system-out/>
  <testcase classname="com.CA.qa.TestCases.APITesting" name="testResponsecode" time="0.034"/>
  <system-out/>
  <testcase classname="com.CA.qa.TestCases.APITesting" name="testResponsecode" time="0.036"/>
  <system-out/>
  <testcase classname="com.CA.qa.TestCases.APITesting" name="testResponsecode" time="0.034"/>
  <system-out/>
  <testcase classname="com.CA.qa.TestCases.APITesting" name="testResponsecode" time="0.035"/>
  <system-out/>
  <testcase classname="com.CA.qa.TestCases.APITesting" name="testResponsecode" time="0.033"/>
  <system-out/>
  <testcase classname="com.CA.qa.TestCases.APITesting" name="testResponsecode" time="0.032"/>
  <system-out/>
  <testcase classname="com.CA.qa.TestCases.APITesting" name="testResponsecode" time="0.033"/>
  <system-out/>
  <testcase classname="com.CA.qa.TestCases.APITesting" name="testResponsecode" time="0.035"/>
  <system-out/>
  <testcase classname="com.CA.qa.TestCases.APITesting" name="testResponsecode" time="0.033"/>
  <system-out/>
  <testcase classname="com.CA.qa.TestCases.APITesting" name="testResponsecode" time="0.035"/>
  <system-out/>
  <testcase classname="com.CA.qa.TestCases.APITesting" name="testResponsecode" time="0.035"/>
  <system-out/>
  <testcase classname="com.CA.qa.TestCases.APITesting" name="testResponsecode" time="0.040"/>
  <system-out/>
  <testcase classname="com.CA.qa.TestCases.APITesting" name="testResponsecode" time="0.133"/>
  <system-out/>
  <testcase classname="com.CA.qa.TestCases.APITesting" name="testResponsecode" time="0.037"/>
  <system-out/>
  <testcase classname="com.CA.qa.TestCases.APITesting" name="testResponsecode" time="0.036"/>
  <system-out/>
  <testcase classname="com.CA.qa.TestCases.APITesting" name="testResponsecode" time="0.032"/>
  <system-out/>
  <testcase classname="com.CA.qa.TestCases.APITesting" name="testResponsecode" time="0.034"/>
  <system-out/>
  <testcase classname="com.CA.qa.TestCases.APITesting" name="testResponsecode" time="0.033"/>
  <system-out/>
  <testcase classname="com.CA.qa.TestCases.APITesting" name="testResponsecode" time="0.032"/>
  <system-out/>
  <testcase classname="com.CA.qa.TestCases.APITesting" name="testResponsecode" time="0.034"/>
  <system-out/>
  <testcase classname="com.CA.qa.TestCases.APITesting" name="testResponsecode" time="0.035"/>
  <system-out/>
  <testcase classname="com.CA.qa.TestCases.APITesting" name="testResponsecode" time="0.034"/>
  <system-out/>
  <testcase classname="com.CA.qa.TestCases.APITesting" name="testResponsecode" time="0.045"/>
  <system-out/>
  <testcase classname="com.CA.qa.TestCases.APITesting" name="testResponsecode" time="0.047"/>
  <system-out/>
  <testcase classname="com.CA.qa.TestCases.APITesting" name="testResponsecode" time="0.047"/>
  <system-out/>
  <testcase classname="com.CA.qa.TestCases.APITesting" name="testResponsecode" time="0.042"/>
  <system-out/>
  <testcase classname="com.CA.qa.TestCases.APITesting" name="testResponsecode" time="0.705"/>
  <system-out/>
  <testcase classname="com.CA.qa.TestCases.APITesting" name="testResponsecode" time="0.038"/>
  <system-out/>
  <testcase classname="com.CA.qa.TestCases.APITesting" name="testResponsecode" time="0.037"/>
  <system-out/>
  <testcase classname="com.CA.qa.TestCases.APITesting" name="testResponsecode" time="0.033"/>
  <system-out/>
  <testcase classname="com.CA.qa.TestCases.APITesting" name="testResponsecode" time="0.033"/>
  <system-out/>
  <testcase classname="com.CA.qa.TestCases.APITesting" name="testResponsecode" time="0.045"/>
  <system-out/>
  <testcase classname="com.CA.qa.TestCases.APITesting" name="testResponsecode" time="0.036"/>
  <system-out/>
  <testcase classname="com.CA.qa.TestCases.APITesting" name="testResponsecode" time="0.034"/>
  <system-out/>
  <testcase classname="com.CA.qa.TestCases.APITesting" name="testResponsecode" time="0.032"/>
  <system-out/>
  <testcase classname="com.CA.qa.TestCases.APITesting" name="testResponsecode" time="0.038"/>
  <system-out/>
  <testcase classname="com.CA.qa.TestCases.APITesting" name="testResponsecode" time="0.037"/>
  <system-out/>
  <testcase classname="com.CA.qa.TestCases.APITesting" name="testResponsecode" time="0.034"/>
  <system-out/>
  <testcase classname="com.CA.qa.TestCases.APITesting" name="testResponsecode" time="0.034"/>
  <system-out/>
  <testcase classname="com.CA.qa.TestCases.APITesting" name="testResponsecode" time="0.033"/>
  <system-out/>
  <testcase classname="com.CA.qa.TestCases.APITesting" name="testResponsecode" time="0.033"/>
  <system-out/>
  <testcase classname="com.CA.qa.TestCases.APITesting" name="testResponsecode" time="0.041"/>
  <system-out/>
  <testcase classname="com.CA.qa.TestCases.APITesting" name="testResponsecode" time="0.042"/>
  <system-out/>
  <testcase classname="com.CA.qa.TestCases.APITesting" name="testResponsecode" time="0.128"/>
  <system-out/>
  <testcase classname="com.CA.qa.TestCases.APITesting" name="testResponsecode" time="0.033"/>
  <system-out/>
  <testcase classname="com.CA.qa.TestCases.APITesting" name="testResponsecode" time="0.042"/>
  <system-out/>
  <testcase classname="com.CA.qa.TestCases.APITesting" name="testResponsecode" time="0.155"/>
  <system-out/>
  <testcase classname="com.CA.qa.TestCases.APITesting" name="testResponsecode" time="0.283"/>
  <system-out/>
  <testcase classname="com.CA.qa.TestCases.APITesting" name="testResponsecode" time="0.036"/>
  <system-out/>
  <testcase classname="com.CA.qa.TestCases.APITesting" name="testResponsecode" time="0.046"/>
  <system-out/>
  <testcase classname="com.CA.qa.TestCases.APITesting" name="testResponsecode" time="0.032"/>
  <system-out/>
  <testcase classname="com.CA.qa.TestCases.APITesting" name="testResponsecode" time="0.041"/>
  <system-out/>
  <testcase classname="com.CA.qa.TestCases.APITesting" name="testResponsecode" time="0.916"/>
  <system-out/>
  <testcase classname="com.CA.qa.TestCases.APITesting" name="testResponsecode" time="0.034"/>
  <system-out/>
  <testcase classname="com.CA.qa.TestCases.APITesting" name="testResponsecode" time="0.044"/>
  <system-out/>
  <testcase classname="com.CA.qa.TestCases.APITesting" name="testResponsecode" time="0.036"/>
  <system-out/>
  <testcase classname="com.CA.qa.TestCases.APITesting" name="testResponsecode" time="0.042"/>
  <system-out/>
  <testcase classname="com.CA.qa.TestCases.APITesting" name="testResponsecode" time="0.047"/>
  <system-out/>
  <testcase classname="com.CA.qa.TestCases.APITesting" name="testResponsecode" time="0.041"/>
  <system-out/>
  <testcase classname="com.CA.qa.TestCases.APITesting" name="testResponsecode" time="0.034"/>
  <system-out/>
  <testcase classname="com.CA.qa.TestCases.APITesting" name="testResponsecode" time="0.032"/>
  <system-out/>
  <testcase classname="com.CA.qa.TestCases.APITesting" name="testResponsecode" time="0.034"/>
  <system-out/>
  <testcase classname="com.CA.qa.TestCases.APITesting" name="testResponsecode" time="0.033"/>
  <system-out/>
  <testcase classname="com.CA.qa.TestCases.APITesting" name="testResponsecode" time="0.033"/>
  <system-out/>
  <testcase classname="com.CA.qa.TestCases.APITesting" name="testResponsecode" time="0.038"/>
  <system-out/>
  <testcase classname="com.CA.qa.TestCases.APITesting" name="testResponsecode" time="0.036"/>
  <system-out/>
  <testcase classname="com.CA.qa.TestCases.APITesting" name="testResponsecode" time="0.167"/>
  <system-out/>
  <testcase classname="com.CA.qa.TestCases.APITesting" name="testResponsecode" time="0.044"/>
  <system-out/>
  <testcase classname="com.CA.qa.TestCases.APITesting" name="testResponsecode" time="0.037"/>
  <system-out/>
  <testcase classname="com.CA.qa.TestCases.APITesting" name="testResponsecode" time="0.034"/>
  <system-out/>
  <testcase classname="com.CA.qa.TestCases.APITesting" name="testResponsecode" time="0.035"/>
  <system-out/>
  <testcase classname="com.CA.qa.TestCases.APITesting" name="testResponsecode" time="0.035"/>
  <system-out/>
  <testcase classname="com.CA.qa.TestCases.APITesting" name="testResponsecode" time="0.039"/>
  <system-out/>
  <testcase classname="com.CA.qa.TestCases.APITesting" name="testResponsecode" time="0.034"/>
  <system-out/>
  <testcase classname="com.CA.qa.TestCases.APITesting" name="testResponsecode" time="0.034"/>
  <system-out/>
  <testcase classname="com.CA.qa.TestCases.APITesting" name="testResponsecode" time="0.034"/>
  <system-out/>
  <testcase classname="com.CA.qa.TestCases.APITesting" name="testResponsecode" time="0.033"/>
  <system-out/>
  <testcase classname="com.CA.qa.TestCases.APITesting" name="testResponsecode" time="0.035"/>
  <system-out/>
  <testcase classname="com.CA.qa.TestCases.APITesting" name="testResponsecode" time="0.038"/>
  <system-out/>
  <testcase classname="com.CA.qa.TestCases.APITesting" name="testResponsecode" time="0.039"/>
  <system-out/>
  <testcase classname="com.CA.qa.TestCases.APITesting" name="testResponsecode" time="0.039"/>
  <system-out/>
  <testcase classname="com.CA.qa.TestCases.APITesting" name="testResponsecode" time="0.162"/>
  <system-out/>
  <testcase classname="com.CA.qa.TestCases.APITesting" name="testResponsecode" time="0.044"/>
  <system-out/>
  <testcase classname="com.CA.qa.TestCases.APITesting" name="testResponsecode" time="0.039"/>
  <system-out/>
  <testcase classname="com.CA.qa.TestCases.APITesting" name="testResponsecode" time="0.046"/>
  <system-out/>
  <testcase classname="com.CA.qa.TestCases.APITesting" name="testResponsecode" time="0.035"/>
  <system-out/>
  <testcase classname="com.CA.qa.TestCases.APITesting" name="testResponsecode" time="0.033"/>
  <system-out/>
  <testcase classname="com.CA.qa.TestCases.APITesting" name="testResponsecode" time="0.046"/>
  <system-out/>
  <testcase classname="com.CA.qa.TestCases.APITesting" name="testResponsecode" time="0.051"/>
  <system-out/>
  <testcase classname="com.CA.qa.TestCases.APITesting" name="testResponsecode" time="0.033"/>
  <system-out/>
  <testcase classname="com.CA.qa.TestCases.APITesting" name="testResponsecode" time="0.036"/>
  <system-out/>
  <testcase classname="com.CA.qa.TestCases.APITesting" name="testResponsecode" time="0.036"/>
  <system-out/>
  <testcase classname="com.CA.qa.TestCases.APITesting" name="testResponsecode" time="0.033"/>
  <system-out/>
  <testcase classname="com.CA.qa.TestCases.APITesting" name="testResponsecode" time="0.047"/>
  <system-out/>
  <testcase classname="com.CA.qa.TestCases.APITesting" name="testResponsecode" time="0.033"/>
  <system-out/>
  <testcase classname="com.CA.qa.TestCases.APITesting" name="testResponsecode" time="0.104"/>
  <system-out/>
  <testcase classname="com.CA.qa.TestCases.APITesting" name="testResponsecode" time="0.032"/>
  <system-out/>
  <testcase classname="com.CA.qa.TestCases.APITesting" name="testResponsecode" time="0.139"/>
  <system-out/>
  <testcase classname="com.CA.qa.TestCases.APITesting" name="testResponsecode" time="0.042"/>
  <system-out/>
  <testcase classname="com.CA.qa.TestCases.APITesting" name="testResponsecode" time="0.033"/>
  <system-out/>
  <testcase classname="com.CA.qa.TestCases.APITesting" name="testResponsecode" time="0.050"/>
  <system-out/>
  <testcase classname="com.CA.qa.TestCases.APITesting" name="testResponsecode" time="0.034"/>
  <system-out/>
  <testcase classname="com.CA.qa.TestCases.APITesting" name="testResponsecode" time="0.035"/>
  <system-out/>
  <testcase classname="com.CA.qa.TestCases.APITesting" name="testResponsecode" time="0.175"/>
  <system-out/>
  <testcase classname="com.CA.qa.TestCases.APITesting" name="testResponsecode" time="0.040"/>
  <system-out/>
  <testcase classname="com.CA.qa.TestCases.APITesting" name="testResponsecode" time="0.044"/>
  <system-out/>
  <testcase classname="com.CA.qa.TestCases.APITesting" name="testResponsecode" time="0.041"/>
  <system-out/>
  <testcase classname="com.CA.qa.TestCases.APITesting" name="testResponsecode" time="0.035"/>
  <system-out/>
  <testcase classname="com.CA.qa.TestCases.APITesting" name="testResponsecode" time="0.034"/>
  <system-out/>
  <testcase classname="com.CA.qa.TestCases.APITesting" name="testResponsecode" time="0.038"/>
  <system-out/>
  <testcase classname="com.CA.qa.TestCases.APITesting" name="testResponsecode" time="0.040"/>
  <system-out/>
  <testcase classname="com.CA.qa.TestCases.APITesting" name="testResponsecode" time="0.036"/>
  <system-out/>
  <testcase classname="com.CA.qa.TestCases.APITesting" name="testResponsecode" time="0.035"/>
  <system-out/>
  <testcase classname="com.CA.qa.TestCases.APITesting" name="testResponsecode" time="0.043"/>
  <system-out/>
  <testcase classname="com.CA.qa.TestCases.APITesting" name="testResponsecode" time="0.032"/>
  <system-out/>
  <testcase classname="com.CA.qa.TestCases.APITesting" name="testResponsecode" time="0.035"/>
  <system-out/>
  <testcase classname="com.CA.qa.TestCases.APITesting" name="testResponsecode" time="0.039"/>
  <system-out/>
  <testcase classname="com.CA.qa.TestCases.APITesting" name="testResponsecode" time="0.035"/>
  <system-out/>
  <testcase classname="com.CA.qa.TestCases.APITesting" name="testResponsecode" time="0.081"/>
  <system-out/>
  <testcase classname="com.CA.qa.TestCases.APITesting" name="testResponsecode" time="0.034"/>
  <system-out/>
  <testcase classname="com.CA.qa.TestCases.APITesting" name="testResponsecode" time="0.034"/>
  <system-out/>
  <testcase classname="com.CA.qa.TestCases.APITesting" name="testResponsecode" time="0.034"/>
  <system-out/>
  <testcase classname="com.CA.qa.TestCases.APITesting" name="testResponsecode" time="0.033"/>
  <system-out/>
  <testcase classname="com.CA.qa.TestCases.APITesting" name="testResponsecode" time="0.156"/>
  <system-out/>
  <testcase classname="com.CA.qa.TestCases.APITesting" name="testResponsecode" time="0.035"/>
  <system-out/>
  <testcase classname="com.CA.qa.TestCases.APITesting" name="testResponsecode" time="0.034"/>
  <system-out/>
  <testcase classname="com.CA.qa.TestCases.APITesting" name="testResponsecode" time="0.035"/>
  <system-out/>
  <testcase classname="com.CA.qa.TestCases.APITesting" name="testResponsecode" time="0.120"/>
  <system-out/>
  <testcase classname="com.CA.qa.TestCases.APITesting" name="testResponsecode" time="0.040"/>
  <system-out/>
  <testcase classname="com.CA.qa.TestCases.APITesting" name="testResponsecode" time="0.038"/>
  <system-out/>
  <testcase classname="com.CA.qa.TestCases.APITesting" name="testResponsecode" time="0.034"/>
  <system-out/>
  <testcase classname="com.CA.qa.TestCases.APITesting" name="testResponsecode" time="0.066"/>
  <system-out/>
  <testcase classname="com.CA.qa.TestCases.APITesting" name="testResponsecode" time="0.033"/>
  <system-out/>
  <testcase classname="com.CA.qa.TestCases.APITesting" name="testResponsecode" time="0.039"/>
  <system-out/>
  <testcase classname="com.CA.qa.TestCases.APITesting" name="testResponsecode" time="0.049"/>
  <system-out/>
  <testcase classname="com.CA.qa.TestCases.APITesting" name="testResponsecode" time="0.039"/>
  <system-out/>
  <testcase classname="com.CA.qa.TestCases.APITesting" name="testResponsecode" time="0.047"/>
  <system-out/>
  <testcase classname="com.CA.qa.TestCases.APITesting" name="testResponsecode" time="0.033"/>
  <system-out/>
  <testcase classname="com.CA.qa.TestCases.APITesting" name="testResponsecode" time="0.373"/>
  <system-out/>
  <testcase classname="com.CA.qa.TestCases.APITesting" name="testResponsecode" time="0.039"/>
  <system-out/>
  <testcase classname="com.CA.qa.TestCases.APITesting" name="testResponsecode" time="0.032"/>
  <system-out/>
  <testcase classname="com.CA.qa.TestCases.APITesting" name="testResponsecode" time="0.033"/>
  <system-out/>
  <testcase classname="com.CA.qa.TestCases.APITesting" name="testResponsecode" time="0.036"/>
  <system-out/>
  <testcase classname="com.CA.qa.TestCases.APITesting" name="testResponsecode" time="0.054"/>
  <system-out/>
  <testcase classname="com.CA.qa.TestCases.APITesting" name="testResponsecode" time="0.049"/>
  <system-out/>
  <testcase classname="com.CA.qa.TestCases.APITesting" name="testResponsecode" time="0.043"/>
  <system-out/>
  <testcase classname="com.CA.qa.TestCases.APITesting" name="testResponsecode" time="0.035"/>
  <system-out/>
  <testcase classname="com.CA.qa.TestCases.APITesting" name="testResponsecode" time="0.038"/>
  <system-out/>
  <testcase classname="com.CA.qa.TestCases.APITesting" name="testResponsecode" time="0.036"/>
  <system-out/>
  <testcase classname="com.CA.qa.TestCases.APITesting" name="testResponsecode" time="0.033"/>
  <system-out/>
  <testcase classname="com.CA.qa.TestCases.APITesting" name="testResponsecode" time="0.033"/>
  <system-out/>
  <testcase classname="com.CA.qa.TestCases.APITesting" name="testResponsecode" time="0.037"/>
  <system-out/>
  <testcase classname="com.CA.qa.TestCases.APITesting" name="testResponsecode" time="0.161"/>
  <system-out/>
  <testcase classname="com.CA.qa.TestCases.APITesting" name="testResponsecode" time="0.525"/>
  <system-out/>
  <testcase classname="com.CA.qa.TestCases.APITesting" name="testResponsecode" time="0.035"/>
  <system-out/>
  <testcase classname="com.CA.qa.TestCases.APITesting" name="testResponsecode" time="0.036"/>
  <system-out/>
  <testcase classname="com.CA.qa.TestCases.APITesting" name="testResponsecode" time="0.033"/>
  <system-out/>
  <testcase classname="com.CA.qa.TestCases.APITesting" name="testResponsecode" time="0.035"/>
  <system-out/>
  <testcase classname="com.CA.qa.TestCases.APITesting" name="testResponsecode" time="0.033"/>
  <system-out/>
  <testcase classname="com.CA.qa.TestCases.APITesting" name="testResponsecode" time="0.037"/>
  <system-out/>
  <testcase classname="com.CA.qa.TestCases.APITesting" name="testResponsecode" time="0.037"/>
  <system-out/>
  <testcase classname="com.CA.qa.TestCases.APITesting" name="testResponsecode" time="0.045"/>
  <system-out/>
  <testcase classname="com.CA.qa.TestCases.APITesting" name="testResponsecode" time="0.042"/>
  <system-out/>
  <testcase classname="com.CA.qa.TestCases.APITesting" name="testResponsecode" time="0.084"/>
  <system-out/>
  <testcase classname="com.CA.qa.TestCases.APITesting" name="testResponsecode" time="0.045"/>
  <system-out/>
  <testcase classname="com.CA.qa.TestCases.APITesting" name="testResponsecode" time="0.036"/>
  <system-out/>
  <testcase classname="com.CA.qa.TestCases.APITesting" name="testResponsecode" time="0.036"/>
  <system-out/>
  <testcase classname="com.CA.qa.TestCases.APITesting" name="testResponsecode" time="0.306"/>
  <system-out/>
  <testcase classname="com.CA.qa.TestCases.APITesting" name="testResponsecode" time="0.042"/>
  <system-out/>
  <testcase classname="com.CA.qa.TestCases.APITesting" name="testResponsecode" time="0.061"/>
  <system-out/>
  <testcase classname="com.CA.qa.TestCases.APITesting" name="testResponsecode" time="0.035"/>
  <system-out/>
  <testcase classname="com.CA.qa.TestCases.APITesting" name="testResponsecode" time="0.034"/>
  <system-out/>
  <testcase classname="com.CA.qa.TestCases.APITesting" name="testResponsecode" time="0.034"/>
  <system-out/>
  <testcase classname="com.CA.qa.TestCases.APITesting" name="testResponsecode" time="0.036"/>
  <system-out/>
  <testcase classname="com.CA.qa.TestCases.APITesting" name="testResponsecode" time="0.039"/>
  <system-out/>
  <testcase classname="com.CA.qa.TestCases.APITesting" name="testResponsecode" time="0.039"/>
  <system-out/>
  <testcase classname="com.CA.qa.TestCases.APITesting" name="testResponsecode" time="0.035"/>
  <system-out/>
  <testcase classname="com.CA.qa.TestCases.APITesting" name="testResponsecode" time="0.055"/>
  <system-out/>
  <testcase classname="com.CA.qa.TestCases.APITesting" name="testResponsecode" time="0.034"/>
  <system-out/>
  <testcase classname="com.CA.qa.TestCases.APITesting" name="testResponsecode" time="0.042"/>
  <system-out/>
  <testcase classname="com.CA.qa.TestCases.APITesting" name="testResponsecode" time="0.032"/>
  <system-out/>
  <testcase classname="com.CA.qa.TestCases.APITesting" name="testResponsecode" time="0.032"/>
  <system-out/>
  <testcase classname="com.CA.qa.TestCases.APITesting" name="testResponsecode" time="0.307"/>
  <system-out/>
  <testcase classname="com.CA.qa.TestCases.APITesting" name="testResponsecode" time="0.040"/>
  <system-out/>
  <testcase classname="com.CA.qa.TestCases.APITesting" name="testResponsecode" time="0.032"/>
  <system-out/>
  <testcase classname="com.CA.qa.TestCases.APITesting" name="testResponsecode" time="0.033"/>
  <system-out/>
  <testcase classname="com.CA.qa.TestCases.APITesting" name="testResponsecode" time="0.033"/>
  <system-out/>
  <testcase classname="com.CA.qa.TestCases.APITesting" name="testResponsecode" time="0.162"/>
  <system-out/>
  <testcase classname="com.CA.qa.TestCases.APITesting" name="testResponsecode" time="0.035"/>
  <system-out/>
  <testcase classname="com.CA.qa.TestCases.APITesting" name="testResponsecode" time="0.043"/>
  <system-out/>
  <testcase classname="com.CA.qa.TestCases.APITesting" name="testResponsecode" time="0.042"/>
  <system-out/>
  <testcase classname="com.CA.qa.TestCases.APITesting" name="testResponsecode" time="0.032"/>
  <system-out/>
  <testcase classname="com.CA.qa.TestCases.APITesting" name="testResponsecode" time="0.034"/>
  <system-out/>
  <testcase classname="com.CA.qa.TestCases.APITesting" name="testResponsecode" time="0.057"/>
  <system-out/>
  <testcase classname="com.CA.qa.TestCases.APITesting" name="testResponsecode" time="0.036"/>
  <system-out/>
  <testcase classname="com.CA.qa.TestCases.APITesting" name="testResponsecode" time="0.035"/>
  <system-out/>
  <testcase classname="com.CA.qa.TestCases.APITesting" name="testResponsecode" time="0.036"/>
  <system-out/>
  <testcase classname="com.CA.qa.TestCases.APITesting" name="testResponsecode" time="0.051"/>
  <system-out/>
  <testcase classname="com.CA.qa.TestCases.APITesting" name="testResponsecode" time="0.034"/>
  <system-out/>
  <testcase classname="com.CA.qa.TestCases.APITesting" name="testResponsecode" time="0.032"/>
  <system-out/>
  <testcase classname="com.CA.qa.TestCases.APITesting" name="testResponsecode" time="0.033"/>
  <system-out/>
  <testcase classname="com.CA.qa.TestCases.APITesting" name="testResponsecode" time="0.037"/>
  <system-out/>
  <testcase classname="com.CA.qa.TestCases.APITesting" name="testResponsecode" time="0.044"/>
  <system-out/>
  <testcase classname="com.CA.qa.TestCases.APITesting" name="testResponsecode" time="0.033"/>
  <system-out/>
  <testcase classname="com.CA.qa.TestCases.APITesting" name="testResponsecode" time="0.033"/>
  <system-out/>
  <testcase classname="com.CA.qa.TestCases.APITesting" name="testResponsecode" time="0.043"/>
  <system-out/>
  <testcase classname="com.CA.qa.TestCases.APITesting" name="testResponsecode" time="0.033"/>
  <system-out/>
  <testcase classname="com.CA.qa.TestCases.APITesting" name="testResponsecode" time="0.033"/>
  <system-out/>
  <testcase classname="com.CA.qa.TestCases.APITesting" name="testResponsecode" time="0.037"/>
  <system-out/>
  <testcase classname="com.CA.qa.TestCases.APITesting" name="testResponsecode" time="0.041"/>
  <system-out/>
  <testcase classname="com.CA.qa.TestCases.APITesting" name="testResponsecode" time="0.034"/>
  <system-out/>
  <testcase classname="com.CA.qa.TestCases.APITesting" name="testResponsecode" time="0.032"/>
  <system-out/>
  <testcase classname="com.CA.qa.TestCases.APITesting" name="testResponsecode" time="0.035"/>
  <system-out/>
  <testcase classname="com.CA.qa.TestCases.APITesting" name="testResponsecode" time="0.041"/>
  <system-out/>
  <testcase classname="com.CA.qa.TestCases.APITesting" name="testResponsecode" time="0.040"/>
  <system-out/>
  <testcase classname="com.CA.qa.TestCases.APITesting" name="testResponsecode" time="0.038"/>
  <system-out/>
  <testcase classname="com.CA.qa.TestCases.APITesting" name="testResponsecode" time="0.047"/>
  <system-out/>
  <testcase classname="com.CA.qa.TestCases.APITesting" name="testResponsecode" time="0.034"/>
  <system-out/>
  <testcase classname="com.CA.qa.TestCases.APITesting" name="testResponsecode" time="0.036"/>
  <system-out/>
  <testcase classname="com.CA.qa.TestCases.APITesting" name="testResponsecode" time="0.048"/>
  <system-out/>
  <testcase classname="com.CA.qa.TestCases.APITesting" name="testResponsecode" time="0.032"/>
  <system-out/>
  <testcase classname="com.CA.qa.TestCases.APITesting" name="testResponsecode" time="0.034"/>
  <system-out/>
  <testcase classname="com.CA.qa.TestCases.APITesting" name="testResponsecode" time="0.034"/>
  <system-out/>
  <testcase classname="com.CA.qa.TestCases.APITesting" name="testResponsecode" time="0.037"/>
  <system-out/>
  <testcase classname="com.CA.qa.TestCases.APITesting" name="testResponsecode" time="0.031"/>
  <system-out/>
  <testcase classname="com.CA.qa.TestCases.APITesting" name="testResponsecode" time="0.049"/>
  <system-out/>
  <testcase classname="com.CA.qa.TestCases.APITesting" name="testResponsecode" time="0.035"/>
  <system-out/>
  <testcase classname="com.CA.qa.TestCases.APITesting" name="testResponsecode" time="0.045"/>
  <system-out/>
  <testcase classname="com.CA.qa.TestCases.APITesting" name="testResponsecode" time="0.033"/>
  <system-out/>
  <testcase classname="com.CA.qa.TestCases.APITesting" name="testResponsecode" time="0.233"/>
  <system-out/>
  <testcase classname="com.CA.qa.TestCases.APITesting" name="testResponsecode" time="0.033"/>
  <system-out/>
  <testcase classname="com.CA.qa.TestCases.APITesting" name="testResponsecode" time="0.037"/>
  <system-out/>
  <testcase classname="com.CA.qa.TestCases.APITesting" name="testResponsecode" time="0.034"/>
  <system-out/>
  <testcase classname="com.CA.qa.TestCases.APITesting" name="testResponsecode" time="0.038"/>
  <system-out/>
  <testcase classname="com.CA.qa.TestCases.APITesting" name="testResponsecode" time="0.042"/>
  <system-out/>
  <testcase classname="com.CA.qa.TestCases.APITesting" name="testResponsecode" time="0.033"/>
  <system-out/>
  <testcase classname="com.CA.qa.TestCases.APITesting" name="testResponsecode" time="0.046"/>
  <system-out/>
  <testcase classname="com.CA.qa.TestCases.APITesting" name="testResponsecode" time="0.035"/>
  <system-out/>
  <testcase classname="com.CA.qa.TestCases.APITesting" name="testResponsecode" time="0.036"/>
  <system-out/>
  <testcase classname="com.CA.qa.TestCases.APITesting" name="testResponsecode" time="0.034"/>
  <system-out/>
  <testcase classname="com.CA.qa.TestCases.APITesting" name="testResponsecode" time="0.035"/>
  <system-out/>
  <testcase classname="com.CA.qa.TestCases.APITesting" name="testResponsecode" time="0.033"/>
  <system-out/>
  <testcase classname="com.CA.qa.TestCases.APITesting" name="testResponsecode" time="0.036"/>
  <system-out/>
  <testcase classname="com.CA.qa.TestCases.APITesting" name="testResponsecode" time="0.033"/>
  <system-out/>
  <testcase classname="com.CA.qa.TestCases.APITesting" name="testResponsecode" time="0.087"/>
  <system-out/>
  <testcase classname="com.CA.qa.TestCases.APITesting" name="testResponsecode" time="1.008"/>
  <system-out/>
  <testcase classname="com.CA.qa.TestCases.APITesting" name="testResponsecode" time="0.034"/>
  <system-out/>
  <testcase classname="com.CA.qa.TestCases.APITesting" name="testResponsecode" time="0.033"/>
  <system-out/>
  <testcase classname="com.CA.qa.TestCases.APITesting" name="testResponsecode" time="0.044"/>
  <system-out/>
  <testcase classname="com.CA.qa.TestCases.APITesting" name="testResponsecode" time="0.058"/>
  <system-out/>
  <testcase classname="com.CA.qa.TestCases.APITesting" name="testResponsecode" time="0.037"/>
  <system-out/>
  <testcase classname="com.CA.qa.TestCases.APITesting" name="testResponsecode" time="0.051"/>
  <system-out/>
  <testcase classname="com.CA.qa.TestCases.APITesting" name="testResponsecode" time="0.042"/>
  <system-out/>
  <testcase classname="com.CA.qa.TestCases.APITesting" name="testResponsecode" time="0.034"/>
  <system-out/>
  <testcase classname="com.CA.qa.TestCases.APITesting" name="testResponsecode" time="0.037"/>
  <system-out/>
  <testcase classname="com.CA.qa.TestCases.APITesting" name="testResponsecode" time="0.044"/>
  <system-out/>
  <testcase classname="com.CA.qa.TestCases.APITesting" name="testResponsecode" time="0.175"/>
  <system-out/>
  <testcase classname="com.CA.qa.TestCases.APITesting" name="testResponsecode" time="0.486"/>
  <system-out/>
  <testcase classname="com.CA.qa.TestCases.APITesting" name="testResponsecode" time="0.033"/>
  <system-out/>
  <testcase classname="com.CA.qa.TestCases.APITesting" name="testResponsecode" time="0.035"/>
  <system-out/>
  <testcase classname="com.CA.qa.TestCases.APITesting" name="testResponsecode" time="0.033"/>
  <system-out/>
  <testcase classname="com.CA.qa.TestCases.APITesting" name="testResponsecode" time="0.034"/>
  <system-out/>
  <testcase classname="com.CA.qa.TestCases.APITesting" name="testResponsecode" time="0.033"/>
  <system-out/>
  <testcase classname="com.CA.qa.TestCases.APITesting" name="testResponsecode" time="0.036"/>
  <system-out/>
  <testcase classname="com.CA.qa.TestCases.APITesting" name="testResponsecode" time="0.034"/>
  <system-out/>
  <testcase classname="com.CA.qa.TestCases.APITesting" name="testResponsecode" time="0.057"/>
  <system-out/>
  <testcase classname="com.CA.qa.TestCases.APITesting" name="testResponsecode" time="0.040"/>
  <system-out/>
  <testcase classname="com.CA.qa.TestCases.APITesting" name="testResponsecode" time="0.141"/>
  <system-out/>
  <testcase classname="com.CA.qa.TestCases.APITesting" name="testResponsecode" time="0.066"/>
  <system-out/>
  <testcase classname="com.CA.qa.TestCases.APITesting" name="testResponsecode" time="0.032"/>
  <system-out/>
  <testcase classname="com.CA.qa.TestCases.APITesting" name="testResponsecode" time="0.033"/>
  <system-out/>
  <testcase classname="com.CA.qa.TestCases.APITesting" name="testResponsecode" time="0.050"/>
  <system-out/>
  <testcase classname="com.CA.qa.TestCases.APITesting" name="testResponsecode" time="0.136"/>
  <system-out/>
  <testcase classname="com.CA.qa.TestCases.APITesting" name="testResponsecode" time="0.031"/>
  <system-out/>
  <testcase classname="com.CA.qa.TestCases.APITesting" name="testResponsecode" time="0.034"/>
  <system-out/>
  <testcase classname="com.CA.qa.TestCases.APITesting" name="testResponsecode" time="0.043"/>
  <system-out/>
  <testcase classname="com.CA.qa.TestCases.APITesting" name="testResponsecode" time="0.034"/>
  <system-out/>
  <testcase classname="com.CA.qa.TestCases.APITesting" name="testResponsecode" time="0.043"/>
  <system-out/>
  <testcase classname="com.CA.qa.TestCases.APITesting" name="testResponsecode" time="0.034"/>
  <system-out/>
  <testcase classname="com.CA.qa.TestCases.APITesting" name="testResponsecode" time="0.033"/>
  <system-out/>
  <testcase classname="com.CA.qa.TestCases.APITesting" name="testResponsecode" time="0.042"/>
  <system-out/>
  <testcase classname="com.CA.qa.TestCases.APITesting" name="testResponsecode" time="0.038"/>
  <system-out/>
  <testcase classname="com.CA.qa.TestCases.APITesting" name="testResponsecode" time="0.032"/>
  <system-out/>
  <testcase classname="com.CA.qa.TestCases.APITesting" name="testResponsecode" time="0.032"/>
  <system-out/>
  <testcase classname="com.CA.qa.TestCases.APITesting" name="testResponsecode" time="0.034"/>
  <system-out/>
  <testcase classname="com.CA.qa.TestCases.APITesting" name="testResponsecode" time="0.038"/>
  <system-out/>
  <testcase classname="com.CA.qa.TestCases.APITesting" name="testResponsecode" time="0.039"/>
  <system-out/>
  <testcase classname="com.CA.qa.TestCases.APITesting" name="testResponsecode" time="0.034"/>
  <system-out/>
  <testcase classname="com.CA.qa.TestCases.APITesting" name="testResponsecode" time="0.038"/>
  <system-out/>
  <testcase classname="com.CA.qa.TestCases.APITesting" name="testResponsecode" time="0.034"/>
  <system-out/>
  <testcase classname="com.CA.qa.TestCases.APITesting" name="testResponsecode" time="0.046"/>
  <system-out/>
  <testcase classname="com.CA.qa.TestCases.APITesting" name="testResponsecode" time="0.033"/>
  <system-out/>
  <testcase classname="com.CA.qa.TestCases.APITesting" name="testResponsecode" time="0.050"/>
  <system-out/>
  <testcase classname="com.CA.qa.TestCases.APITesting" name="testResponsecode" time="0.034"/>
  <system-out/>
  <testcase classname="com.CA.qa.TestCases.APITesting" name="testResponsecode" time="0.072"/>
  <system-out/>
  <testcase classname="com.CA.qa.TestCases.APITesting" name="testResponsecode" time="0.045"/>
  <system-out/>
  <testcase classname="com.CA.qa.TestCases.APITesting" name="testResponsecode" time="0.033"/>
  <system-out/>
  <testcase classname="com.CA.qa.TestCases.APITesting" name="testResponsecode" time="0.047"/>
  <system-out/>
  <testcase classname="com.CA.qa.TestCases.APITesting" name="testResponsecode" time="0.039"/>
  <system-out/>
  <testcase classname="com.CA.qa.TestCases.APITesting" name="testResponsecode" time="0.033"/>
  <system-out/>
  <testcase classname="com.CA.qa.TestCases.APITesting" name="testResponsecode" time="0.038"/>
  <system-out/>
  <testcase classname="com.CA.qa.TestCases.APITesting" name="testResponsecode" time="0.050"/>
  <system-out/>
  <testcase classname="com.CA.qa.TestCases.APITesting" name="testResponsecode" time="0.035"/>
  <system-out/>
  <testcase classname="com.CA.qa.TestCases.APITesting" name="testResponsecode" time="0.033"/>
  <system-out/>
  <testcase classname="com.CA.qa.TestCases.APITesting" name="testResponsecode" time="0.034"/>
  <system-out/>
  <testcase classname="com.CA.qa.TestCases.APITesting" name="testResponsecode" time="0.040"/>
  <system-out/>
  <testcase classname="com.CA.qa.TestCases.APITesting" name="testResponsecode" time="0.036"/>
  <system-out/>
  <testcase classname="com.CA.qa.TestCases.APITesting" name="testResponsecode" time="0.050"/>
  <system-out/>
  <testcase classname="com.CA.qa.TestCases.APITesting" name="testResponsecode" time="0.034"/>
  <system-out/>
  <testcase classname="com.CA.qa.TestCases.APITesting" name="testResponsecode" time="0.038"/>
  <system-out/>
  <testcase classname="com.CA.qa.TestCases.APITesting" name="testResponsecode" time="0.051"/>
  <system-out/>
  <testcase classname="com.CA.qa.TestCases.APITesting" name="testResponsecode" time="0.041"/>
  <system-out/>
  <testcase classname="com.CA.qa.TestCases.APITesting" name="testResponsecode" time="0.045"/>
  <system-out/>
  <testcase classname="com.CA.qa.TestCases.APITesting" name="testResponsecode" time="0.050"/>
  <system-out/>
  <testcase classname="com.CA.qa.TestCases.APITesting" name="testResponsecode" time="0.033"/>
  <system-out/>
  <testcase classname="com.CA.qa.TestCases.APITesting" name="testResponsecode" time="0.035"/>
  <system-out/>
  <testcase classname="com.CA.qa.TestCases.APITesting" name="testResponsecode" time="0.041"/>
  <system-out/>
  <testcase classname="com.CA.qa.TestCases.APITesting" name="testResponsecode" time="0.035"/>
  <system-out/>
  <testcase classname="com.CA.qa.TestCases.APITesting" name="testResponsecode" time="0.036"/>
  <system-out/>
  <testcase classname="com.CA.qa.TestCases.APITesting" name="testResponsecode" time="0.044"/>
  <system-out/>
  <testcase classname="com.CA.qa.TestCases.APITesting" name="testResponsecode" time="0.032"/>
  <system-out/>
  <testcase classname="com.CA.qa.TestCases.APITesting" name="testResponsecode" time="0.037"/>
  <system-out/>
  <testcase classname="com.CA.qa.TestCases.APITesting" name="testResponsecode" time="0.035"/>
  <system-out/>
  <testcase classname="com.CA.qa.TestCases.APITesting" name="testResponsecode" time="0.036"/>
  <system-out/>
  <testcase classname="com.CA.qa.TestCases.APITesting" name="testResponsecode" time="0.033"/>
  <system-out/>
  <testcase classname="com.CA.qa.TestCases.APITesting" name="testResponsecode" time="0.041"/>
  <system-out/>
  <testcase classname="com.CA.qa.TestCases.APITesting" name="testResponsecode" time="0.035"/>
  <system-out/>
  <testcase classname="com.CA.qa.TestCases.APITesting" name="testResponsecode" time="0.041"/>
  <system-out/>
  <testcase classname="com.CA.qa.TestCases.APITesting" name="testResponsecode" time="0.032"/>
  <system-out/>
  <testcase classname="com.CA.qa.TestCases.APITesting" name="testResponsecode" time="0.039"/>
  <system-out/>
  <testcase classname="com.CA.qa.TestCases.APITesting" name="testResponsecode" time="0.039"/>
  <system-out/>
  <testcase classname="com.CA.qa.TestCases.APITesting" name="testResponsecode" time="0.033"/>
  <system-out/>
  <testcase classname="com.CA.qa.TestCases.APITesting" name="testResponsecode" time="0.161"/>
  <system-out/>
  <testcase classname="com.CA.qa.TestCases.APITesting" name="testResponsecode" time="0.035"/>
  <system-out/>
  <testcase classname="com.CA.qa.TestCases.APITesting" name="testResponsecode" time="0.036"/>
  <system-out/>
  <testcase classname="com.CA.qa.TestCases.APITesting" name="testResponsecode" time="0.040"/>
  <system-out/>
  <testcase classname="com.CA.qa.TestCases.APITesting" name="testResponsecode" time="0.035"/>
  <system-out/>
  <testcase classname="com.CA.qa.TestCases.APITesting" name="testResponsecode" time="0.034"/>
  <system-out/>
  <testcase classname="com.CA.qa.TestCases.APITesting" name="testResponsecode" time="0.050"/>
  <system-out/>
  <testcase classname="com.CA.qa.TestCases.APITesting" name="testResponsecode" time="0.038"/>
  <system-out/>
  <testcase classname="com.CA.qa.TestCases.APITesting" name="testResponsecode" time="0.035"/>
  <system-out/>
  <testcase classname="com.CA.qa.TestCases.APITesting" name="testResponsecode" time="0.032"/>
  <system-out/>
  <testcase classname="com.CA.qa.TestCases.APITesting" name="testResponsecode" time="0.039"/>
  <system-out/>
  <testcase classname="com.CA.qa.TestCases.APITesting" name="testResponsecode" time="0.032"/>
  <system-out/>
  <testcase classname="com.CA.qa.TestCases.APITesting" name="testResponsecode" time="0.033"/>
  <system-out/>
  <testcase classname="com.CA.qa.TestCases.APITesting" name="testResponsecode" time="0.041"/>
  <system-out/>
  <testcase classname="com.CA.qa.TestCases.APITesting" name="testResponsecode" time="0.038"/>
  <system-out/>
  <testcase classname="com.CA.qa.TestCases.APITesting" name="testResponsecode" time="0.044"/>
  <system-out/>
  <testcase classname="com.CA.qa.TestCases.APITesting" name="testResponsecode" time="0.034"/>
  <system-out/>
  <testcase classname="com.CA.qa.TestCases.APITesting" name="testResponsecode" time="0.032"/>
  <system-out/>
  <testcase classname="com.CA.qa.TestCases.APITesting" name="testResponsecode" time="0.033"/>
  <system-out/>
  <testcase classname="com.CA.qa.TestCases.APITesting" name="testResponsecode" time="0.034"/>
  <system-out/>
  <testcase classname="com.CA.qa.TestCases.APITesting" name="testResponsecode" time="0.036"/>
  <system-out/>
  <testcase classname="com.CA.qa.TestCases.APITesting" name="testResponsecode" time="0.036"/>
  <system-out/>
  <testcase classname="com.CA.qa.TestCases.APITesting" name="testResponsecode" time="0.036"/>
  <system-out/>
  <testcase classname="com.CA.qa.TestCases.APITesting" name="testResponsecode" time="0.039"/>
  <system-out/>
  <testcase classname="com.CA.qa.TestCases.APITesting" name="testResponsecode" time="0.037"/>
  <system-out/>
  <testcase classname="com.CA.qa.TestCases.APITesting" name="testResponsecode" time="0.035"/>
  <system-out/>
  <testcase classname="com.CA.qa.TestCases.APITesting" name="testResponsecode" time="0.049"/>
  <system-out/>
  <testcase classname="com.CA.qa.TestCases.APITesting" name="testResponsecode" time="0.043"/>
  <system-out/>
  <testcase classname="com.CA.qa.TestCases.APITesting" name="testResponsecode" time="0.039"/>
  <system-out/>
  <testcase classname="com.CA.qa.TestCases.APITesting" name="testResponsecode" time="0.032"/>
  <system-out/>
  <testcase classname="com.CA.qa.TestCases.APITesting" name="testResponsecode" time="0.039"/>
  <system-out/>
  <testcase classname="com.CA.qa.TestCases.APITesting" name="testResponsecode" time="0.041"/>
  <system-out/>
  <testcase classname="com.CA.qa.TestCases.APITesting" name="testResponsecode" time="0.135"/>
  <system-out/>
  <testcase classname="com.CA.qa.TestCases.APITesting" name="testResponsecode" time="0.150"/>
  <system-out/>
  <testcase classname="com.CA.qa.TestCases.APITesting" name="testResponsecode" time="0.035"/>
  <system-out/>
  <testcase classname="com.CA.qa.TestCases.APITesting" name="testResponsecode" time="0.035"/>
  <system-out/>
  <testcase classname="com.CA.qa.TestCases.APITesting" name="testResponsecode" time="0.035"/>
  <system-out/>
  <testcase classname="com.CA.qa.TestCases.APITesting" name="testResponsecode" time="0.034"/>
  <system-out/>
  <testcase classname="com.CA.qa.TestCases.APITesting" name="testResponsecode" time="0.160"/>
  <system-out/>
  <testcase classname="com.CA.qa.TestCases.APITesting" name="testResponsecode" time="0.057"/>
  <system-out/>
  <testcase classname="com.CA.qa.TestCases.APITesting" name="testResponsecode" time="0.032"/>
  <system-out/>
  <testcase classname="com.CA.qa.TestCases.APITesting" name="testResponsecode" time="0.033"/>
  <system-out/>
  <testcase classname="com.CA.qa.TestCases.APITesting" name="testResponsecode" time="0.052"/>
  <system-out/>
  <testcase classname="com.CA.qa.TestCases.APITesting" name="testResponsecode" time="0.034"/>
  <system-out/>
  <testcase classname="com.CA.qa.TestCases.APITesting" name="testResponsecode" time="0.033"/>
  <system-out/>
  <testcase classname="com.CA.qa.TestCases.APITesting" name="testResponsecode" time="0.034"/>
  <system-out/>
  <testcase classname="com.CA.qa.TestCases.APITesting" name="testResponsecode" time="0.046"/>
  <system-out/>
  <testcase classname="com.CA.qa.TestCases.APITesting" name="testResponsecode" time="0.034"/>
  <system-out/>
  <testcase classname="com.CA.qa.TestCases.APITesting" name="testResponsecode" time="0.038"/>
  <system-out/>
  <testcase classname="com.CA.qa.TestCases.APITesting" name="testResponsecode" time="0.033"/>
  <system-out/>
  <testcase classname="com.CA.qa.TestCases.APITesting" name="testResponsecode" time="0.044"/>
  <system-out/>
  <testcase classname="com.CA.qa.TestCases.APITesting" name="testResponsecode" time="0.276"/>
  <system-out/>
  <testcase classname="com.CA.qa.TestCases.APITesting" name="testResponsecode" time="0.039"/>
  <system-out/>
  <testcase classname="com.CA.qa.TestCases.APITesting" name="testResponsecode" time="0.042"/>
  <system-out/>
  <testcase classname="com.CA.qa.TestCases.APITesting" name="testResponsecode" time="0.034"/>
  <system-out/>
  <testcase classname="com.CA.qa.TestCases.APITesting" name="testResponsecode" time="0.055"/>
  <system-out/>
  <testcase classname="com.CA.qa.TestCases.APITesting" name="testResponsecode" time="0.037"/>
  <system-out/>
  <testcase classname="com.CA.qa.TestCases.APITesting" name="testResponsecode" time="0.035"/>
  <system-out/>
  <testcase classname="com.CA.qa.TestCases.APITesting" name="testResponsecode" time="0.031"/>
  <system-out/>
  <testcase classname="com.CA.qa.TestCases.APITesting" name="testResponsecode" time="0.035"/>
  <system-out/>
  <testcase classname="com.CA.qa.TestCases.APITesting" name="testResponsecode" time="0.037"/>
  <system-out/>
  <testcase classname="com.CA.qa.TestCases.APITesting" name="testResponsecode" time="0.038"/>
  <system-out/>
  <testcase classname="com.CA.qa.TestCases.APITesting" name="testResponsecode" time="0.038"/>
  <system-out/>
  <testcase classname="com.CA.qa.TestCases.APITesting" name="testResponsecode" time="0.043"/>
  <system-out/>
  <testcase classname="com.CA.qa.TestCases.APITesting" name="testResponsecode" time="0.034"/>
  <system-out/>
  <testcase classname="com.CA.qa.TestCases.APITesting" name="testResponsecode" time="0.042"/>
  <system-out/>
  <testcase classname="com.CA.qa.TestCases.APITesting" name="testResponsecode" time="0.033"/>
  <system-out/>
  <testcase classname="com.CA.qa.TestCases.APITesting" name="testResponsecode" time="0.032"/>
  <system-out/>
  <testcase classname="com.CA.qa.TestCases.APITesting" name="testResponsecode" time="0.036"/>
  <system-out/>
  <testcase classname="com.CA.qa.TestCases.APITesting" name="testResponsecode" time="0.034"/>
  <system-out/>
  <testcase classname="com.CA.qa.TestCases.APITesting" name="testResponsecode" time="0.035"/>
  <system-out/>
  <testcase classname="com.CA.qa.TestCases.APITesting" name="testResponsecode" time="0.036"/>
  <system-out/>
  <testcase classname="com.CA.qa.TestCases.APITesting" name="testResponsecode" time="0.037"/>
  <system-out/>
  <testcase classname="com.CA.qa.TestCases.APITesting" name="testResponsecode" time="0.042"/>
  <system-out/>
  <testcase classname="com.CA.qa.TestCases.APITesting" name="testResponsecode" time="0.034"/>
  <system-out/>
  <testcase classname="com.CA.qa.TestCases.APITesting" name="testResponsecode" time="0.038"/>
  <system-out/>
  <testcase classname="com.CA.qa.TestCases.APITesting" name="testResponsecode" time="0.032"/>
  <system-out/>
  <testcase classname="com.CA.qa.TestCases.APITesting" name="testResponsecode" time="0.035"/>
  <system-out/>
  <testcase classname="com.CA.qa.TestCases.APITesting" name="testResponsecode" time="0.038"/>
  <system-out/>
  <testcase classname="com.CA.qa.TestCases.APITesting" name="testResponsecode" time="0.043"/>
  <system-out/>
  <testcase classname="com.CA.qa.TestCases.APITesting" name="testResponsecode" time="0.033"/>
  <system-out/>
  <testcase classname="com.CA.qa.TestCases.APITesting" name="testResponsecode" time="0.113"/>
  <system-out/>
  <testcase classname="com.CA.qa.TestCases.APITesting" name="testResponsecode" time="0.033"/>
  <system-out/>
  <testcase classname="com.CA.qa.TestCases.APITesting" name="testResponsecode" time="0.036"/>
  <system-out/>
  <testcase classname="com.CA.qa.TestCases.APITesting" name="testResponsecode" time="0.034"/>
  <system-out/>
  <testcase classname="com.CA.qa.TestCases.APITesting" name="testResponsecode" time="0.046"/>
  <system-out/>
  <testcase classname="com.CA.qa.TestCases.APITesting" name="testResponsecode" time="0.033"/>
  <system-out/>
  <testcase classname="com.CA.qa.TestCases.APITesting" name="testResponsecode" time="0.037"/>
  <system-out/>
  <testcase classname="com.CA.qa.TestCases.APITesting" name="testResponsecode" time="0.035"/>
  <system-out/>
  <testcase classname="com.CA.qa.TestCases.APITesting" name="testResponsecode" time="0.034"/>
  <system-out/>
  <testcase classname="com.CA.qa.TestCases.APITesting" name="testResponsecode" time="0.041"/>
  <system-out/>
  <testcase classname="com.CA.qa.TestCases.APITesting" name="testResponsecode" time="0.358"/>
  <system-out/>
  <testcase classname="com.CA.qa.TestCases.APITesting" name="testResponsecode" time="0.056"/>
  <system-out/>
  <testcase classname="com.CA.qa.TestCases.APITesting" name="testResponsecode" time="0.046"/>
  <system-out/>
  <testcase classname="com.CA.qa.TestCases.APITesting" name="testResponsecode" time="0.035"/>
  <system-out/>
  <testcase classname="com.CA.qa.TestCases.APITesting" name="testResponsecode" time="0.037"/>
  <system-out/>
  <testcase classname="com.CA.qa.TestCases.APITesting" name="testResponsecode" time="0.040"/>
  <system-out/>
  <testcase classname="com.CA.qa.TestCases.APITesting" name="testResponsecode" time="0.037"/>
  <system-out/>
  <testcase classname="com.CA.qa.TestCases.APITesting" name="testResponsecode" time="0.035"/>
  <system-out/>
  <testcase classname="com.CA.qa.TestCases.APITesting" name="testResponsecode" time="0.033"/>
  <system-out/>
  <testcase classname="com.CA.qa.TestCases.APITesting" name="testResponsecode" time="0.033"/>
  <system-out/>
  <testcase classname="com.CA.qa.TestCases.APITesting" name="testResponsecode" time="0.048"/>
  <system-out/>
  <testcase classname="com.CA.qa.TestCases.APITesting" name="testResponsecode" time="0.036"/>
  <system-out/>
  <testcase classname="com.CA.qa.TestCases.APITesting" name="testResponsecode" time="0.095"/>
  <system-out/>
  <testcase classname="com.CA.qa.TestCases.APITesting" name="testResponsecode" time="0.038"/>
  <system-out/>
  <testcase classname="com.CA.qa.TestCases.APITesting" name="testResponsecode" time="0.042"/>
  <system-out/>
  <testcase classname="com.CA.qa.TestCases.APITesting" name="testResponsecode" time="0.033"/>
  <system-out/>
  <testcase classname="com.CA.qa.TestCases.APITesting" name="testResponsecode" time="0.035"/>
  <system-out/>
  <testcase classname="com.CA.qa.TestCases.APITesting" name="testResponsecode" time="0.034"/>
  <system-out/>
  <testcase classname="com.CA.qa.TestCases.APITesting" name="testResponsecode" time="0.035"/>
  <system-out/>
  <testcase classname="com.CA.qa.TestCases.APITesting" name="testResponsecode" time="0.033"/>
  <system-out/>
  <testcase classname="com.CA.qa.TestCases.APITesting" name="testResponsecode" time="0.033"/>
  <system-out/>
  <testcase classname="com.CA.qa.TestCases.APITesting" name="testResponsecode" time="0.033"/>
  <system-out/>
  <testcase classname="com.CA.qa.TestCases.APITesting" name="testResponsecode" time="0.033"/>
  <system-out/>
  <testcase classname="com.CA.qa.TestCases.APITesting" name="testResponsecode" time="0.160"/>
  <system-out/>
  <testcase classname="com.CA.qa.TestCases.APITesting" name="testResponsecode" time="0.035"/>
  <system-out/>
  <testcase classname="com.CA.qa.TestCases.APITesting" name="testResponsecode" time="0.035"/>
  <system-out/>
  <testcase classname="com.CA.qa.TestCases.APITesting" name="testResponsecode" time="0.036"/>
  <system-out/>
  <testcase classname="com.CA.qa.TestCases.APITesting" name="testResponsecode" time="0.039"/>
  <system-out/>
  <testcase classname="com.CA.qa.TestCases.APITesting" name="testResponsecode" time="0.039"/>
  <system-out/>
  <testcase classname="com.CA.qa.TestCases.APITesting" name="testResponsecode" time="0.034"/>
  <system-out/>
  <testcase classname="com.CA.qa.TestCases.APITesting" name="testResponsecode" time="0.033"/>
  <system-out/>
  <testcase classname="com.CA.qa.TestCases.APITesting" name="testResponsecode" time="0.035"/>
  <system-out/>
  <testcase classname="com.CA.qa.TestCases.APITesting" name="testResponsecode" time="0.036"/>
  <system-out/>
  <testcase classname="com.CA.qa.TestCases.APITesting" name="testResponsecode" time="0.034"/>
  <system-out/>
  <testcase classname="com.CA.qa.TestCases.APITesting" name="testResponsecode" time="0.036"/>
  <system-out/>
  <testcase classname="com.CA.qa.TestCases.APITesting" name="testResponsecode" time="0.035"/>
  <system-out/>
  <testcase classname="com.CA.qa.TestCases.APITesting" name="testResponsecode" time="0.040"/>
  <system-out/>
  <testcase classname="com.CA.qa.TestCases.APITesting" name="testResponsecode" time="0.035"/>
  <system-out/>
  <testcase classname="com.CA.qa.TestCases.APITesting" name="testResponsecode" time="0.033"/>
  <system-out/>
  <testcase classname="com.CA.qa.TestCases.APITesting" name="testResponsecode" time="0.034"/>
  <system-out/>
  <testcase classname="com.CA.qa.TestCases.APITesting" name="testResponsecode" time="0.035"/>
  <system-out/>
  <testcase classname="com.CA.qa.TestCases.APITesting" name="testResponsecode" time="0.037"/>
  <system-out/>
  <testcase classname="com.CA.qa.TestCases.APITesting" name="testResponsecode" time="0.038"/>
  <system-out/>
  <testcase classname="com.CA.qa.TestCases.APITesting" name="testResponsecode" time="0.343"/>
  <system-out/>
  <testcase classname="com.CA.qa.TestCases.APITesting" name="testResponsecode" time="0.037"/>
  <system-out/>
  <testcase classname="com.CA.qa.TestCases.APITesting" name="testResponsecode" time="0.033"/>
  <system-out/>
  <testcase classname="com.CA.qa.TestCases.APITesting" name="testResponsecode" time="0.032"/>
  <system-out/>
  <testcase classname="com.CA.qa.TestCases.APITesting" name="testResponsecode" time="0.043"/>
  <system-out/>
  <testcase classname="com.CA.qa.TestCases.APITesting" name="testResponsecode" time="0.032"/>
  <system-out/>
  <testcase classname="com.CA.qa.TestCases.APITesting" name="testResponsecode" time="0.048"/>
  <system-out/>
  <testcase classname="com.CA.qa.TestCases.APITesting" name="testResponsecode" time="0.033"/>
  <system-out/>
  <testcase classname="com.CA.qa.TestCases.APITesting" name="testResponsecode" time="0.125"/>
  <system-out/>
  <testcase classname="com.CA.qa.TestCases.APITesting" name="testResponsecode" time="0.032"/>
  <system-out/>
  <testcase classname="com.CA.qa.TestCases.APITesting" name="testResponsecode" time="0.033"/>
  <system-out/>
  <testcase classname="com.CA.qa.TestCases.APITesting" name="testResponsecode" time="0.241"/>
  <system-out/>
  <testcase classname="com.CA.qa.TestCases.APITesting" name="testResponsecode" time="0.041"/>
  <system-out/>
  <testcase classname="com.CA.qa.TestCases.APITesting" name="testResponsecode" time="0.036"/>
  <system-out/>
  <testcase classname="com.CA.qa.TestCases.APITesting" name="testResponsecode" time="0.037"/>
  <system-out/>
  <testcase classname="com.CA.qa.TestCases.APITesting" name="testResponsecode" time="0.035"/>
  <system-out/>
  <testcase classname="com.CA.qa.TestCases.APITesting" name="testResponsecode" time="0.036"/>
  <system-out/>
  <testcase classname="com.CA.qa.TestCases.APITesting" name="testResponsecode" time="0.037"/>
  <system-out/>
  <testcase classname="com.CA.qa.TestCases.APITesting" name="testResponsecode" time="0.034"/>
  <system-out/>
  <testcase classname="com.CA.qa.TestCases.APITesting" name="testResponsecode" time="0.035"/>
  <system-out/>
  <testcase classname="com.CA.qa.TestCases.APITesting" name="testResponsecode" time="0.034"/>
  <system-out/>
  <testcase classname="com.CA.qa.TestCases.APITesting" name="testResponsecode" time="0.039"/>
  <system-out/>
  <testcase classname="com.CA.qa.TestCases.APITesting" name="testResponsecode" time="0.033"/>
  <system-out/>
  <testcase classname="com.CA.qa.TestCases.APITesting" name="testResponsecode" time="0.032"/>
  <system-out/>
  <testcase classname="com.CA.qa.TestCases.APITesting" name="testResponsecode" time="0.033"/>
  <system-out/>
  <testcase classname="com.CA.qa.TestCases.APITesting" name="testResponsecode" time="0.042"/>
  <system-out/>
  <testcase classname="com.CA.qa.TestCases.APITesting" name="testResponsecode" time="0.036"/>
  <system-out/>
  <testcase classname="com.CA.qa.TestCases.APITesting" name="testResponsecode" time="0.037"/>
  <system-out/>
  <testcase classname="com.CA.qa.TestCases.APITesting" name="testResponsecode" time="0.035"/>
  <system-out/>
  <testcase classname="com.CA.qa.TestCases.APITesting" name="testResponsecode" time="0.033"/>
  <system-out/>
  <testcase classname="com.CA.qa.TestCases.APITesting" name="testResponsecode" time="0.036"/>
  <system-out/>
  <testcase classname="com.CA.qa.TestCases.APITesting" name="testResponsecode" time="0.191"/>
  <system-out/>
  <testcase classname="com.CA.qa.TestCases.APITesting" name="testResponsecode" time="0.043"/>
  <system-out/>
  <testcase classname="com.CA.qa.TestCases.APITesting" name="testResponsecode" time="0.042"/>
  <system-out/>
  <testcase classname="com.CA.qa.TestCases.APITesting" name="testResponsecode" time="0.036"/>
  <system-out/>
  <testcase classname="com.CA.qa.TestCases.APITesting" name="testResponsecode" time="0.033"/>
  <system-out/>
  <testcase classname="com.CA.qa.TestCases.APITesting" name="testResponsecode" time="0.037"/>
  <system-out/>
  <testcase classname="com.CA.qa.TestCases.APITesting" name="testResponsecode" time="0.049"/>
  <system-out/>
  <testcase classname="com.CA.qa.TestCases.APITesting" name="testResponsecode" time="0.056"/>
  <system-out/>
  <testcase classname="com.CA.qa.TestCases.APITesting" name="testResponsecode" time="0.033"/>
  <system-out/>
  <testcase classname="com.CA.qa.TestCases.APITesting" name="testResponsecode" time="0.033"/>
  <system-out/>
  <testcase classname="com.CA.qa.TestCases.APITesting" name="testResponsecode" time="0.040"/>
  <system-out/>
  <testcase classname="com.CA.qa.TestCases.APITesting" name="testResponsecode" time="0.036"/>
  <system-out/>
  <testcase classname="com.CA.qa.TestCases.APITesting" name="testResponsecode" time="0.035"/>
  <system-out/>
  <testcase classname="com.CA.qa.TestCases.APITesting" name="testResponsecode" time="0.048"/>
  <system-out/>
  <testcase classname="com.CA.qa.TestCases.APITesting" name="testResponsecode" time="0.195"/>
  <system-out/>
  <testcase classname="com.CA.qa.TestCases.APITesting" name="testResponsecode" time="0.034"/>
  <system-out/>
  <testcase classname="com.CA.qa.TestCases.APITesting" name="testResponsecode" time="0.035"/>
  <system-out/>
  <testcase classname="com.CA.qa.TestCases.APITesting" name="testResponsecode" time="0.033"/>
  <system-out/>
  <testcase classname="com.CA.qa.TestCases.APITesting" name="testResponsecode" time="0.045"/>
  <system-out/>
  <testcase classname="com.CA.qa.TestCases.APITesting" name="testResponsecode" time="0.036"/>
  <system-out/>
  <testcase classname="com.CA.qa.TestCases.APITesting" name="testResponsecode" time="0.041"/>
  <system-out/>
  <testcase classname="com.CA.qa.TestCases.APITesting" name="testResponsecode" time="0.034"/>
  <system-out/>
  <testcase classname="com.CA.qa.TestCases.APITesting" name="testResponsecode" time="0.039"/>
  <system-out/>
  <testcase classname="com.CA.qa.TestCases.APITesting" name="testResponsecode" time="0.043"/>
  <system-out/>
  <testcase classname="com.CA.qa.TestCases.APITesting" name="testResponsecode" time="0.043"/>
  <system-out/>
  <testcase classname="com.CA.qa.TestCases.APITesting" name="testResponsecode" time="0.041"/>
  <system-out/>
  <testcase classname="com.CA.qa.TestCases.APITesting" name="testResponsecode" time="0.060"/>
  <system-out/>
  <testcase classname="com.CA.qa.TestCases.APITesting" name="testResponsecode" time="0.034"/>
  <system-out/>
  <testcase classname="com.CA.qa.TestCases.APITesting" name="testResponsecode" time="0.085"/>
  <system-out/>
  <testcase classname="com.CA.qa.TestCases.APITesting" name="testResponsecode" time="0.032"/>
  <system-out/>
  <testcase classname="com.CA.qa.TestCases.APITesting" name="testResponsecode" time="0.142"/>
  <system-out/>
  <testcase classname="com.CA.qa.TestCases.APITesting" name="testResponsecode" time="0.034"/>
  <system-out/>
  <testcase classname="com.CA.qa.TestCases.APITesting" name="testResponsecode" time="0.040"/>
  <system-out/>
  <testcase classname="com.CA.qa.TestCases.APITesting" name="testResponsecode" time="0.035"/>
  <system-out/>
  <testcase classname="com.CA.qa.TestCases.APITesting" name="testResponsecode" time="0.055"/>
  <system-out/>
  <testcase classname="com.CA.qa.TestCases.APITesting" name="testResponsecode" time="0.036"/>
  <system-out/>
  <testcase classname="com.CA.qa.TestCases.APITesting" name="testResponsecode" time="0.036"/>
  <system-out/>
  <testcase classname="com.CA.qa.TestCases.APITesting" name="testResponsecode" time="0.036"/>
  <system-out/>
  <testcase classname="com.CA.qa.TestCases.APITesting" name="testResponsecode" time="0.033"/>
  <system-out/>
  <testcase classname="com.CA.qa.TestCases.APITesting" name="testResponsecode" time="0.036"/>
  <system-out/>
  <testcase classname="com.CA.qa.TestCases.APITesting" name="testResponsecode" time="0.049"/>
  <system-out/>
  <testcase classname="com.CA.qa.TestCases.APITesting" name="testResponsecode" time="0.038"/>
  <system-out/>
  <testcase classname="com.CA.qa.TestCases.APITesting" name="testResponsecode" time="0.039"/>
  <system-out/>
  <testcase classname="com.CA.qa.TestCases.APITesting" name="testResponsecode" time="0.036"/>
  <system-out/>
  <testcase classname="com.CA.qa.TestCases.APITesting" name="testResponsecode" time="0.261"/>
  <system-out/>
  <testcase classname="com.CA.qa.TestCases.APITesting" name="testResponsecode" time="0.126"/>
  <system-out/>
  <testcase classname="com.CA.qa.TestCases.APITesting" name="testResponsecode" time="0.184"/>
  <system-out/>
  <testcase classname="com.CA.qa.TestCases.APITesting" name="testResponsecode" time="0.037"/>
  <system-out/>
  <testcase classname="com.CA.qa.TestCases.APITesting" name="testResponsecode" time="0.037"/>
  <system-out/>
  <testcase classname="com.CA.qa.TestCases.APITesting" name="testResponsecode" time="0.132"/>
  <system-out/>
  <testcase classname="com.CA.qa.TestCases.APITesting" name="testResponsecode" time="0.161"/>
  <system-out/>
  <testcase classname="com.CA.qa.TestCases.APITesting" name="testResponsecode" time="0.034"/>
  <system-out/>
  <testcase classname="com.CA.qa.TestCases.APITesting" name="testResponsecode" time="0.037"/>
  <system-out/>
  <testcase classname="com.CA.qa.TestCases.APITesting" name="testResponsecode" time="0.034"/>
  <system-out/>
  <testcase classname="com.CA.qa.TestCases.APITesting" name="testResponsecode" time="0.032"/>
  <system-out/>
  <testcase classname="com.CA.qa.TestCases.APITesting" name="testResponsecode" time="0.049"/>
  <system-out/>
  <testcase classname="com.CA.qa.TestCases.APITesting" name="testResponsecode" time="0.133"/>
  <system-out/>
  <testcase classname="com.CA.qa.TestCases.APITesting" name="testResponsecode" time="0.055"/>
  <system-out/>
  <testcase classname="com.CA.qa.TestCases.APITesting" name="testResponsecode" time="0.047"/>
  <system-out/>
  <testcase classname="com.CA.qa.TestCases.APITesting" name="testResponsecode" time="0.040"/>
  <system-out/>
  <testcase classname="com.CA.qa.TestCases.APITesting" name="testResponsecode" time="0.038"/>
  <system-out/>
  <testcase classname="com.CA.qa.TestCases.APITesting" name="testResponsecode" time="0.043"/>
  <system-out/>
  <testcase classname="com.CA.qa.TestCases.APITesting" name="testResponsecode" time="1.002"/>
  <system-out/>
  <testcase classname="com.CA.qa.TestCases.APITesting" name="testResponsecode" time="0.039"/>
  <system-out/>
  <testcase classname="com.CA.qa.TestCases.APITesting" name="testResponsecode" time="0.035"/>
  <system-out/>
  <testcase classname="com.CA.qa.TestCases.APITesting" name="testResponsecode" time="0.035"/>
  <system-out/>
  <testcase classname="com.CA.qa.TestCases.APITesting" name="testResponsecode" time="0.042"/>
  <system-out/>
  <testcase classname="com.CA.qa.TestCases.APITesting" name="testResponsecode" time="0.041"/>
  <system-out/>
  <testcase classname="com.CA.qa.TestCases.APITesting" name="testResponsecode" time="0.032"/>
  <system-out/>
  <testcase classname="com.CA.qa.TestCases.APITesting" name="testResponsecode" time="0.261"/>
  <system-out/>
  <testcase classname="com.CA.qa.TestCases.APITesting" name="testResponsecode" time="0.037"/>
  <system-out/>
  <testcase classname="com.CA.qa.TestCases.APITesting" name="testResponsecode" time="0.034"/>
  <system-out/>
  <testcase classname="com.CA.qa.TestCases.APITesting" name="testResponsecode" time="0.033"/>
  <system-out/>
  <testcase classname="com.CA.qa.TestCases.APITesting" name="testResponsecode" time="0.036"/>
  <system-out/>
  <testcase classname="com.CA.qa.TestCases.APITesting" name="testResponsecode" time="0.058"/>
  <system-out/>
  <testcase classname="com.CA.qa.TestCases.APITesting" name="testResponsecode" time="0.033"/>
  <system-out/>
  <testcase classname="com.CA.qa.TestCases.APITesting" name="testResponsecode" time="0.048"/>
  <system-out/>
  <testcase classname="com.CA.qa.TestCases.APITesting" name="testResponsecode" time="0.034"/>
  <system-out/>
  <testcase classname="com.CA.qa.TestCases.APITesting" name="testResponsecode" time="0.033"/>
  <system-out/>
  <testcase classname="com.CA.qa.TestCases.APITesting" name="testResponsecode" time="0.037"/>
  <system-out/>
  <testcase classname="com.CA.qa.TestCases.APITesting" name="testResponsecode" time="0.144"/>
  <system-out/>
  <testcase classname="com.CA.qa.TestCases.APITesting" name="testResponsecode" time="0.035"/>
  <system-out/>
  <testcase classname="com.CA.qa.TestCases.APITesting" name="testResponsecode" time="0.150"/>
  <system-out/>
  <testcase classname="com.CA.qa.TestCases.APITesting" name="testResponsecode" time="0.037"/>
  <system-out/>
  <testcase classname="com.CA.qa.TestCases.APITesting" name="testResponsecode" time="0.035"/>
  <system-out/>
  <testcase classname="com.CA.qa.TestCases.APITesting" name="testResponsecode" time="0.040"/>
  <system-out/>
  <testcase classname="com.CA.qa.TestCases.APITesting" name="testResponsecode" time="0.061"/>
  <system-out/>
  <testcase classname="com.CA.qa.TestCases.APITesting" name="testResponsecode" time="0.033"/>
  <system-out/>
  <testcase classname="com.CA.qa.TestCases.APITesting" name="testResponsecode" time="0.036"/>
  <system-out/>
  <testcase classname="com.CA.qa.TestCases.APITesting" name="testResponsecode" time="0.034"/>
  <system-out/>
  <testcase classname="com.CA.qa.TestCases.APITesting" name="testResponsecode" time="0.038"/>
  <system-out/>
  <testcase classname="com.CA.qa.TestCases.APITesting" name="testResponsecode" time="0.032"/>
  <system-out/>
  <testcase classname="com.CA.qa.TestCases.APITesting" name="testResponsecode" time="0.042"/>
  <system-out/>
  <testcase classname="com.CA.qa.TestCases.APITesting" name="testResponsecode" time="0.038"/>
  <system-out/>
  <testcase classname="com.CA.qa.TestCases.APITesting" name="testResponsecode" time="0.036"/>
  <system-out/>
  <testcase classname="com.CA.qa.TestCases.APITesting" name="testResponsecode" time="0.039"/>
  <system-out/>
  <testcase classname="com.CA.qa.TestCases.APITesting" name="testResponsecode" time="0.036"/>
  <system-out/>
  <testcase classname="com.CA.qa.TestCases.APITesting" name="testResponsecode" time="0.032"/>
  <system-out/>
  <testcase classname="com.CA.qa.TestCases.APITesting" name="testResponsecode" time="0.039"/>
  <system-out/>
  <testcase classname="com.CA.qa.TestCases.APITesting" name="testResponsecode" time="0.033"/>
  <system-out/>
  <testcase classname="com.CA.qa.TestCases.APITesting" name="testResponsecode" time="0.036"/>
  <system-out/>
  <testcase classname="com.CA.qa.TestCases.APITesting" name="testResponsecode" time="0.030"/>
  <system-out/>
  <testcase classname="com.CA.qa.TestCases.APITesting" name="testResponsecode" time="0.053"/>
  <system-out/>
  <testcase classname="com.CA.qa.TestCases.APITesting" name="testResponsecode" time="0.044"/>
  <system-out/>
  <testcase classname="com.CA.qa.TestCases.APITesting" name="testResponsecode" time="1.004"/>
  <system-out/>
  <testcase classname="com.CA.qa.TestCases.APITesting" name="testResponsecode" time="0.079"/>
  <system-out/>
  <testcase classname="com.CA.qa.TestCases.APITesting" name="testResponsecode" time="0.127"/>
  <system-out/>
  <testcase classname="com.CA.qa.TestCases.APITesting" name="testResponsecode" time="0.040"/>
  <system-out/>
  <testcase classname="com.CA.qa.TestCases.APITesting" name="testResponsecode" time="0.041"/>
  <system-out/>
  <testcase classname="com.CA.qa.TestCases.APITesting" name="testResponsecode" time="0.040"/>
  <system-out/>
  <testcase classname="com.CA.qa.TestCases.APITesting" name="testResponsecode" time="0.043"/>
  <system-out/>
  <testcase classname="com.CA.qa.TestCases.APITesting" name="testResponsecode" time="0.034"/>
  <system-out/>
  <testcase classname="com.CA.qa.TestCases.APITesting" name="testResponsecode" time="0.034"/>
  <system-out/>
  <testcase classname="com.CA.qa.TestCases.APITesting" name="testResponsecode" time="0.033"/>
  <system-out/>
  <testcase classname="com.CA.qa.TestCases.APITesting" name="testResponsecode" time="0.470"/>
  <system-out/>
  <testcase classname="com.CA.qa.TestCases.APITesting" name="testResponsecode" time="0.042"/>
  <system-out/>
  <testcase classname="com.CA.qa.TestCases.APITesting" name="testResponsecode" time="0.034"/>
  <system-out/>
  <testcase classname="com.CA.qa.TestCases.APITesting" name="testResponsecode" time="0.032"/>
  <system-out/>
  <testcase classname="com.CA.qa.TestCases.APITesting" name="testResponsecode" time="0.034"/>
  <system-out/>
  <testcase classname="com.CA.qa.TestCases.APITesting" name="testResponsecode" time="0.035"/>
  <system-out/>
  <testcase classname="com.CA.qa.TestCases.APITesting" name="testResponsecode" time="0.032"/>
  <system-out/>
  <testcase classname="com.CA.qa.TestCases.APITesting" name="testResponsecode" time="0.034"/>
  <system-out/>
  <testcase classname="com.CA.qa.TestCases.APITesting" name="testResponsecode" time="0.033"/>
  <system-out/>
  <testcase classname="com.CA.qa.TestCases.APITesting" name="testResponsecode" time="0.034"/>
  <system-out/>
  <testcase classname="com.CA.qa.TestCases.APITesting" name="testResponsecode" time="0.040"/>
  <system-out/>
  <testcase classname="com.CA.qa.TestCases.APITesting" name="testResponsecode" time="0.032"/>
  <system-out/>
  <testcase classname="com.CA.qa.TestCases.APITesting" name="testResponsecode" time="0.082"/>
  <system-out/>
  <testcase classname="com.CA.qa.TestCases.APITesting" name="testResponsecode" time="0.039"/>
  <system-out/>
  <testcase classname="com.CA.qa.TestCases.APITesting" name="testResponsecode" time="0.063"/>
  <system-out/>
  <testcase classname="com.CA.qa.TestCases.APITesting" name="testResponsecode" time="0.032"/>
  <system-out/>
  <testcase classname="com.CA.qa.TestCases.APITesting" name="testResponsecode" time="0.033"/>
  <system-out/>
  <testcase classname="com.CA.qa.TestCases.APITesting" name="testResponsecode" time="0.034"/>
  <system-out/>
  <testcase classname="com.CA.qa.TestCases.APITesting" name="testResponsecode" time="0.142"/>
  <system-out/>
  <testcase classname="com.CA.qa.TestCases.APITesting" name="testResponsecode" time="0.032"/>
  <system-out/>
  <testcase classname="com.CA.qa.TestCases.APITesting" name="testResponsecode" time="0.037"/>
  <system-out/>
  <testcase classname="com.CA.qa.TestCases.APITesting" name="testResponsecode" time="0.037"/>
  <system-out/>
  <testcase classname="com.CA.qa.TestCases.APITesting" name="testResponsecode" time="0.033"/>
  <system-out/>
  <testcase classname="com.CA.qa.TestCases.APITesting" name="testResponsecode" time="0.067"/>
  <system-out/>
  <testcase classname="com.CA.qa.TestCases.APITesting" name="testResponsecode" time="0.033"/>
  <system-out/>
  <testcase classname="com.CA.qa.TestCases.APITesting" name="testResponsecode" time="0.035"/>
  <system-out/>
  <testcase classname="com.CA.qa.TestCases.APITesting" name="testResponsecode" time="0.967"/>
  <system-out/>
  <testcase classname="com.CA.qa.TestCases.APITesting" name="testResponsecode" time="0.040"/>
  <system-out/>
  <testcase classname="com.CA.qa.TestCases.APITesting" name="testResponsecode" time="0.035"/>
  <system-out/>
  <testcase classname="com.CA.qa.TestCases.APITesting" name="testResponsecode" time="0.034"/>
  <system-out/>
  <testcase classname="com.CA.qa.TestCases.APITesting" name="testResponsecode" time="0.036"/>
  <system-out/>
  <testcase classname="com.CA.qa.TestCases.APITesting" name="testResponsecode" time="0.033"/>
  <system-out/>
  <testcase classname="com.CA.qa.TestCases.APITesting" name="testResponsecode" time="0.035"/>
  <system-out/>
  <testcase classname="com.CA.qa.TestCases.APITesting" name="testResponsecode" time="0.033"/>
  <system-out/>
  <testcase classname="com.CA.qa.TestCases.APITesting" name="testResponsecode" time="0.169"/>
  <system-out/>
  <testcase classname="com.CA.qa.TestCases.APITesting" name="testResponsecode" time="0.034"/>
  <system-out/>
  <testcase classname="com.CA.qa.TestCases.APITesting" name="testResponsecode" time="0.310"/>
  <system-out/>
  <testcase classname="com.CA.qa.TestCases.APITesting" name="testResponsecode" time="0.034"/>
  <system-out/>
  <testcase classname="com.CA.qa.TestCases.APITesting" name="testResponsecode" time="0.134"/>
  <system-out/>
  <testcase classname="com.CA.qa.TestCases.APITesting" name="testResponsecode" time="0.034"/>
  <system-out/>
  <testcase classname="com.CA.qa.TestCases.APITesting" name="testResponsecode" time="0.166"/>
  <system-out/>
  <testcase classname="com.CA.qa.TestCases.APITesting" name="testResponsecode" time="0.037"/>
  <system-out/>
  <testcase classname="com.CA.qa.TestCases.APITesting" name="testResponsecode" time="0.035"/>
  <system-out/>
  <testcase classname="com.CA.qa.TestCases.APITesting" name="testResponsecode" time="0.166"/>
  <system-out/>
  <testcase classname="com.CA.qa.TestCases.APITesting" name="testResponsecode" time="0.034"/>
  <system-out/>
  <testcase classname="com.CA.qa.TestCases.APITesting" name="testResponsecode" time="0.041"/>
  <system-out/>
  <testcase classname="com.CA.qa.TestCases.APITesting" name="testResponsecode" time="0.034"/>
  <system-out/>
  <testcase classname="com.CA.qa.TestCases.APITesting" name="testResponsecode" time="0.034"/>
  <system-out/>
  <testcase classname="com.CA.qa.TestCases.APITesting" name="testResponsecode" time="0.037"/>
  <system-out/>
  <testcase classname="com.CA.qa.TestCases.APITesting" name="testResponsecode" time="0.045"/>
  <system-out/>
  <testcase classname="com.CA.qa.TestCases.APITesting" name="testResponsecode" time="0.042"/>
  <system-out/>
  <testcase classname="com.CA.qa.TestCases.APITesting" name="testResponsecode" time="0.035"/>
  <system-out/>
  <testcase classname="com.CA.qa.TestCases.APITesting" name="testResponsecode" time="0.036"/>
  <system-out/>
  <testcase classname="com.CA.qa.TestCases.APITesting" name="testResponsecode" time="0.033"/>
  <system-out/>
  <testcase classname="com.CA.qa.TestCases.APITesting" name="testResponsecode" time="0.034"/>
  <system-out/>
  <testcase classname="com.CA.qa.TestCases.APITesting" name="testResponsecode" time="0.035"/>
  <system-out/>
  <testcase classname="com.CA.qa.TestCases.APITesting" name="testResponsecode" time="0.034"/>
  <system-out/>
  <testcase classname="com.CA.qa.TestCases.APITesting" name="testResponsecode" time="0.040"/>
  <system-out/>
  <testcase classname="com.CA.qa.TestCases.APITesting" name="testResponsecode" time="0.034"/>
  <system-out/>
  <testcase classname="com.CA.qa.TestCases.APITesting" name="testResponsecode" time="0.035"/>
  <system-out/>
  <testcase classname="com.CA.qa.TestCases.APITesting" name="testResponsecode" time="0.053"/>
  <system-out/>
  <testcase classname="com.CA.qa.TestCases.APITesting" name="testResponsecode" time="0.035"/>
  <system-out/>
  <testcase classname="com.CA.qa.TestCases.APITesting" name="testResponsecode" time="0.032"/>
  <system-out/>
  <testcase classname="com.CA.qa.TestCases.APITesting" name="testResponsecode" time="0.033"/>
  <system-out/>
  <testcase classname="com.CA.qa.TestCases.APITesting" name="testResponsecode" time="0.037"/>
  <system-out/>
  <testcase classname="com.CA.qa.TestCases.APITesting" name="testResponsecode" time="0.035"/>
  <system-out/>
  <testcase classname="com.CA.qa.TestCases.APITesting" name="testResponsecode" time="0.033"/>
  <system-out/>
  <testcase classname="com.CA.qa.TestCases.APITesting" name="testResponsecode" time="0.034"/>
  <system-out/>
  <testcase classname="com.CA.qa.TestCases.APITesting" name="testResponsecode" time="0.039"/>
  <system-out/>
  <testcase classname="com.CA.qa.TestCases.APITesting" name="testResponsecode" time="0.038"/>
  <system-out/>
  <testcase classname="com.CA.qa.TestCases.APITesting" name="testResponsecode" time="0.058"/>
  <system-out/>
  <testcase classname="com.CA.qa.TestCases.APITesting" name="testResponsecode" time="0.035"/>
  <system-out/>
  <testcase classname="com.CA.qa.TestCases.APITesting" name="testResponsecode" time="0.032"/>
  <system-out/>
  <testcase classname="com.CA.qa.TestCases.APITesting" name="testResponsecode" time="0.035"/>
  <system-out/>
  <testcase classname="com.CA.qa.TestCases.APITesting" name="testResponsecode" time="0.039"/>
  <system-out/>
  <testcase classname="com.CA.qa.TestCases.APITesting" name="testResponsecode" time="0.134"/>
  <system-out/>
  <testcase classname="com.CA.qa.TestCases.APITesting" name="testResponsecode" time="0.156"/>
  <system-out/>
  <testcase classname="com.CA.qa.TestCases.APITesting" name="testResponsecode" time="0.056"/>
  <system-out/>
  <testcase classname="com.CA.qa.TestCases.APITesting" name="testResponsecode" time="0.040"/>
  <system-out/>
  <testcase classname="com.CA.qa.TestCases.APITesting" name="testResponsecode" time="0.156"/>
  <system-out/>
  <testcase classname="com.CA.qa.TestCases.APITesting" name="testResponsecode" time="0.151"/>
  <system-out/>
  <testcase classname="com.CA.qa.TestCases.APITesting" name="testResponsecode" time="0.036"/>
  <system-out/>
  <testcase classname="com.CA.qa.TestCases.APITesting" name="testResponsecode" time="0.037"/>
  <system-out/>
  <testcase classname="com.CA.qa.TestCases.APITesting" name="testResponsecode" time="0.033"/>
  <system-out/>
  <testcase classname="com.CA.qa.TestCases.APITesting" name="testResponsecode" time="0.038"/>
  <system-out/>
  <testcase classname="com.CA.qa.TestCases.APITesting" name="testResponsecode" time="0.036"/>
  <system-out/>
  <testcase classname="com.CA.qa.TestCases.APITesting" name="testResponsecode" time="0.037"/>
  <system-out/>
  <testcase classname="com.CA.qa.TestCases.APITesting" name="testResponsecode" time="0.033"/>
  <system-out/>
  <testcase classname="com.CA.qa.TestCases.APITesting" name="testResponsecode" time="0.043"/>
  <system-out/>
  <testcase classname="com.CA.qa.TestCases.APITesting" name="testResponsecode" time="0.033"/>
  <system-out/>
  <testcase classname="com.CA.qa.TestCases.APITesting" name="testResponsecode" time="0.041"/>
  <system-out/>
  <testcase classname="com.CA.qa.TestCases.APITesting" name="testResponsecode" time="0.037"/>
  <system-out/>
  <testcase classname="com.CA.qa.TestCases.APITesting" name="testResponsecode" time="0.486"/>
  <system-out/>
  <testcase classname="com.CA.qa.TestCases.APITesting" name="testResponsecode" time="0.035"/>
  <system-out/>
  <testcase classname="com.CA.qa.TestCases.APITesting" name="testResponsecode" time="0.847"/>
  <system-out/>
  <testcase classname="com.CA.qa.TestCases.APITesting" name="testResponsecode" time="0.033"/>
  <system-out/>
  <testcase classname="com.CA.qa.TestCases.APITesting" name="testResponsecode" time="0.045"/>
  <system-out/>
  <testcase classname="com.CA.qa.TestCases.APITesting" name="testResponsecode" time="0.033"/>
  <system-out/>
  <testcase classname="com.CA.qa.TestCases.APITesting" name="testResponsecode" time="0.047"/>
  <system-out/>
  <testcase classname="com.CA.qa.TestCases.APITesting" name="testResponsecode" time="0.034"/>
  <system-out/>
  <testcase classname="com.CA.qa.TestCases.APITesting" name="testResponsecode" time="0.039"/>
  <system-out/>
  <testcase classname="com.CA.qa.TestCases.APITesting" name="testResponsecode" time="0.034"/>
  <system-out/>
  <testcase classname="com.CA.qa.TestCases.APITesting" name="testResponsecode" time="0.036"/>
  <system-out/>
  <testcase classname="com.CA.qa.TestCases.APITesting" name="testResponsecode" time="0.052"/>
  <system-out/>
  <testcase classname="com.CA.qa.TestCases.APITesting" name="testResponsecode" time="0.034"/>
  <system-out/>
  <testcase classname="com.CA.qa.TestCases.APITesting" name="testResponsecode" time="0.032"/>
  <system-out/>
  <testcase classname="com.CA.qa.TestCases.APITesting" name="testResponsecode" time="0.038"/>
  <system-out/>
  <testcase classname="com.CA.qa.TestCases.APITesting" name="testResponsecode" time="0.033"/>
  <system-out/>
  <testcase classname="com.CA.qa.TestCases.APITesting" name="testResponsecode" time="0.037"/>
  <system-out/>
  <testcase classname="com.CA.qa.TestCases.APITesting" name="testResponsecode" time="0.036"/>
  <system-out/>
  <testcase classname="com.CA.qa.TestCases.APITesting" name="testResponsecode" time="0.040"/>
  <system-out/>
  <testcase classname="com.CA.qa.TestCases.APITesting" name="testResponsecode" time="0.040"/>
  <system-out/>
  <testcase classname="com.CA.qa.TestCases.APITesting" name="testResponsecode" time="0.035"/>
  <system-out/>
  <testcase classname="com.CA.qa.TestCases.APITesting" name="testResponsecode" time="0.036"/>
  <system-out/>
  <testcase classname="com.CA.qa.TestCases.APITesting" name="testResponsecode" time="0.037"/>
  <system-out/>
  <testcase classname="com.CA.qa.TestCases.APITesting" name="testResponsecode" time="0.040"/>
  <system-out/>
  <testcase classname="com.CA.qa.TestCases.APITesting" name="testResponsecode" time="0.034"/>
  <system-out/>
  <testcase classname="com.CA.qa.TestCases.APITesting" name="testResponsecode" time="0.032"/>
  <system-out/>
  <testcase classname="com.CA.qa.TestCases.APITesting" name="testResponsecode" time="0.032"/>
  <system-out/>
  <testcase classname="com.CA.qa.TestCases.APITesting" name="testResponsecode" time="0.081"/>
  <system-out/>
  <testcase classname="com.CA.qa.TestCases.APITesting" name="testResponsecode" time="0.036"/>
  <system-out/>
  <testcase classname="com.CA.qa.TestCases.APITesting" name="testResponsecode" time="0.055"/>
  <system-out/>
  <testcase classname="com.CA.qa.TestCases.APITesting" name="testResponsecode" time="0.034"/>
  <system-out/>
  <testcase classname="com.CA.qa.TestCases.APITesting" name="testResponsecode" time="0.035"/>
  <system-out/>
  <testcase classname="com.CA.qa.TestCases.APITesting" name="testResponsecode" time="0.072"/>
  <system-out/>
  <testcase classname="com.CA.qa.TestCases.APITesting" name="testResponsecode" time="0.034"/>
  <system-out/>
  <testcase classname="com.CA.qa.TestCases.APITesting" name="testResponsecode" time="0.039"/>
  <system-out/>
  <testcase classname="com.CA.qa.TestCases.APITesting" name="testResponsecode" time="0.052"/>
  <system-out/>
  <testcase classname="com.CA.qa.TestCases.APITesting" name="testResponsecode" time="0.085"/>
  <system-out/>
  <testcase classname="com.CA.qa.TestCases.APITesting" name="testResponsecode" time="0.038"/>
  <system-out/>
  <testcase classname="com.CA.qa.TestCases.APITesting" name="testResponsecode" time="0.058"/>
  <system-out/>
  <testcase classname="com.CA.qa.TestCases.APITesting" name="testResponsecode" time="0.036"/>
  <system-out/>
  <testcase classname="com.CA.qa.TestCases.APITesting" name="testResponsecode" time="0.036"/>
  <system-out/>
  <testcase classname="com.CA.qa.TestCases.APITesting" name="testResponsecode" time="0.043"/>
  <system-out/>
  <testcase classname="com.CA.qa.TestCases.APITesting" name="testResponsecode" time="0.034"/>
  <system-out/>
  <testcase classname="com.CA.qa.TestCases.APITesting" name="testResponsecode" time="0.037"/>
  <system-out/>
  <testcase classname="com.CA.qa.TestCases.APITesting" name="testResponsecode" time="0.047"/>
  <system-out/>
  <testcase classname="com.CA.qa.TestCases.APITesting" name="testResponsecode" time="0.034"/>
  <system-out/>
  <testcase classname="com.CA.qa.TestCases.APITesting" name="testResponsecode" time="0.294"/>
  <system-out/>
  <testcase classname="com.CA.qa.TestCases.APITesting" name="testResponsecode" time="0.036"/>
  <system-out/>
  <testcase classname="com.CA.qa.TestCases.APITesting" name="testResponsecode" time="0.035"/>
  <system-out/>
  <testcase classname="com.CA.qa.TestCases.APITesting" name="testResponsecode" time="0.037"/>
  <system-out/>
  <testcase classname="com.CA.qa.TestCases.APITesting" name="testResponsecode" time="0.037"/>
  <system-out/>
  <testcase classname="com.CA.qa.TestCases.APITesting" name="testResponsecode" time="0.033"/>
  <system-out/>
  <testcase classname="com.CA.qa.TestCases.APITesting" name="testResponsecode" time="0.037"/>
  <system-out/>
  <testcase classname="com.CA.qa.TestCases.APITesting" name="testResponsecode" time="0.045"/>
  <system-out/>
  <testcase classname="com.CA.qa.TestCases.APITesting" name="testResponsecode" time="0.205"/>
  <system-out/>
  <testcase classname="com.CA.qa.TestCases.APITesting" name="testResponsecode" time="0.038"/>
  <system-out/>
  <testcase classname="com.CA.qa.TestCases.APITesting" name="testResponsecode" time="0.032"/>
  <system-out/>
  <testcase classname="com.CA.qa.TestCases.APITesting" name="testResponsecode" time="0.165"/>
  <system-out/>
  <testcase classname="com.CA.qa.TestCases.APITesting" name="testResponsecode" time="0.034"/>
  <system-out/>
  <testcase classname="com.CA.qa.TestCases.APITesting" name="testResponsecode" time="0.035"/>
  <system-out/>
  <testcase classname="com.CA.qa.TestCases.APITesting" name="testResponsecode" time="0.039"/>
  <system-out/>
  <testcase classname="com.CA.qa.TestCases.APITesting" name="testResponsecode" time="0.038"/>
  <system-out/>
  <testcase classname="com.CA.qa.TestCases.APITesting" name="testResponsecode" time="0.042"/>
  <system-out/>
  <testcase classname="com.CA.qa.TestCases.APITesting" name="testResponsecode" time="0.032"/>
  <system-out/>
  <testcase classname="com.CA.qa.TestCases.APITesting" name="testResponsecode" time="0.035"/>
  <system-out/>
  <testcase classname="com.CA.qa.TestCases.APITesting" name="testResponsecode" time="0.820"/>
  <system-out/>
  <testcase classname="com.CA.qa.TestCases.APITesting" name="testResponsecode" time="0.034"/>
  <system-out/>
  <testcase classname="com.CA.qa.TestCases.APITesting" name="testResponsecode" time="0.033"/>
  <system-out/>
  <testcase classname="com.CA.qa.TestCases.APITesting" name="testResponsecode" time="0.036"/>
  <system-out/>
  <testcase classname="com.CA.qa.TestCases.APITesting" name="testResponsecode" time="0.185"/>
  <system-out/>
  <testcase classname="com.CA.qa.TestCases.APITesting" name="testResponsecode" time="0.034"/>
  <system-out/>
  <testcase classname="com.CA.qa.TestCases.APITesting" name="testResponsecode" time="0.037"/>
  <system-out/>
  <testcase classname="com.CA.qa.TestCases.APITesting" name="testResponsecode" time="0.037"/>
  <system-out/>
  <testcase classname="com.CA.qa.TestCases.APITesting" name="testResponsecode" time="0.040"/>
  <system-out/>
  <testcase classname="com.CA.qa.TestCases.APITesting" name="testResponsecode" time="0.034"/>
  <system-out/>
  <testcase classname="com.CA.qa.TestCases.APITesting" name="testResponsecode" time="0.036"/>
  <system-out/>
  <testcase classname="com.CA.qa.TestCases.APITesting" name="testResponsecode" time="0.143"/>
  <system-out/>
  <testcase classname="com.CA.qa.TestCases.APITesting" name="testResponsecode" time="0.043"/>
  <system-out/>
  <testcase classname="com.CA.qa.TestCases.APITesting" name="testResponsecode" time="0.051"/>
  <system-out/>
  <testcase classname="com.CA.qa.TestCases.APITesting" name="testResponsecode" time="0.042"/>
  <system-out/>
  <testcase classname="com.CA.qa.TestCases.APITesting" name="testResponsecode" time="0.034"/>
  <system-out/>
  <testcase classname="com.CA.qa.TestCases.APITesting" name="testResponsecode" time="0.067"/>
  <system-out/>
  <testcase classname="com.CA.qa.TestCases.APITesting" name="testResponsecode" time="0.033"/>
  <system-out/>
  <testcase classname="com.CA.qa.TestCases.APITesting" name="testResponsecode" time="0.034"/>
  <system-out/>
  <testcase classname="com.CA.qa.TestCases.APITesting" name="testResponsecode" time="0.033"/>
  <system-out/>
  <testcase classname="com.CA.qa.TestCases.APITesting" name="testResponsecode" time="0.043"/>
  <system-out/>
  <testcase classname="com.CA.qa.TestCases.APITesting" name="testResponsecode" time="0.041"/>
  <system-out/>
  <testcase classname="com.CA.qa.TestCases.APITesting" name="testResponsecode" time="0.033"/>
  <system-out/>
  <testcase classname="com.CA.qa.TestCases.APITesting" name="testResponsecode" time="0.045"/>
  <system-out/>
  <testcase classname="com.CA.qa.TestCases.APITesting" name="testResponsecode" time="0.032"/>
  <system-out/>
  <testcase classname="com.CA.qa.TestCases.APITesting" name="testResponsecode" time="0.037"/>
  <system-out/>
  <testcase classname="com.CA.qa.TestCases.APITesting" name="testResponsecode" time="0.042"/>
  <system-out/>
  <testcase classname="com.CA.qa.TestCases.APITesting" name="testResponsecode" time="0.039"/>
  <system-out/>
  <testcase classname="com.CA.qa.TestCases.APITesting" name="testResponsecode" time="0.035"/>
  <system-out/>
  <testcase classname="com.CA.qa.TestCases.APITesting" name="testResponsecode" time="0.034"/>
  <system-out/>
  <testcase classname="com.CA.qa.TestCases.APITesting" name="testResponsecode" time="0.042"/>
  <system-out/>
  <testcase classname="com.CA.qa.TestCases.APITesting" name="testResponsecode" time="0.043"/>
  <system-out/>
  <testcase classname="com.CA.qa.TestCases.APITesting" name="testResponsecode" time="0.045"/>
  <system-out/>
  <testcase classname="com.CA.qa.TestCases.APITesting" name="testResponsecode" time="0.044"/>
  <system-out/>
  <testcase classname="com.CA.qa.TestCases.APITesting" name="testResponsecode" time="0.035"/>
  <system-out/>
  <testcase classname="com.CA.qa.TestCases.APITesting" name="testResponsecode" time="0.033"/>
  <system-out/>
  <testcase classname="com.CA.qa.TestCases.APITesting" name="testResponsecode" time="0.035"/>
  <system-out/>
  <testcase classname="com.CA.qa.TestCases.APITesting" name="testResponsecode" time="0.035"/>
  <system-out/>
  <testcase classname="com.CA.qa.TestCases.APITesting" name="testResponsecode" time="0.035"/>
  <system-out/>
  <testcase classname="com.CA.qa.TestCases.APITesting" name="testResponsecode" time="0.039"/>
  <system-out/>
  <testcase classname="com.CA.qa.TestCases.APITesting" name="testResponsecode" time="0.037"/>
  <system-out/>
  <testcase classname="com.CA.qa.TestCases.APITesting" name="testResponsecode" time="0.038"/>
  <system-out/>
  <testcase classname="com.CA.qa.TestCases.APITesting" name="testResponsecode" time="0.034"/>
  <system-out/>
  <testcase classname="com.CA.qa.TestCases.APITesting" name="testResponsecode" time="0.033"/>
  <system-out/>
  <testcase classname="com.CA.qa.TestCases.APITesting" name="testResponsecode" time="0.034"/>
  <system-out/>
  <testcase classname="com.CA.qa.TestCases.APITesting" name="testResponsecode" time="0.157"/>
  <system-out/>
  <testcase classname="com.CA.qa.TestCases.APITesting" name="testResponsecode" time="0.050"/>
  <system-out/>
  <testcase classname="com.CA.qa.TestCases.APITesting" name="testResponsecode" time="0.034"/>
  <system-out/>
  <testcase classname="com.CA.qa.TestCases.APITesting" name="testResponsecode" time="0.039"/>
  <system-out/>
  <testcase classname="com.CA.qa.TestCases.APITesting" name="testResponsecode" time="0.033"/>
  <system-out/>
  <testcase classname="com.CA.qa.TestCases.APITesting" name="testResponsecode" time="0.034"/>
  <system-out/>
  <testcase classname="com.CA.qa.TestCases.APITesting" name="testResponsecode" time="0.037"/>
  <system-out/>
  <testcase classname="com.CA.qa.TestCases.APITesting" name="testResponsecode" time="0.959"/>
  <system-out/>
  <testcase classname="com.CA.qa.TestCases.APITesting" name="testResponsecode" time="0.034"/>
  <system-out/>
  <testcase classname="com.CA.qa.TestCases.APITesting" name="testResponsecode" time="0.035"/>
  <system-out/>
  <testcase classname="com.CA.qa.TestCases.APITesting" name="testResponsecode" time="0.034"/>
  <system-out/>
  <testcase classname="com.CA.qa.TestCases.APITesting" name="testResponsecode" time="0.034"/>
  <system-out/>
  <testcase classname="com.CA.qa.TestCases.APITesting" name="testResponsecode" time="0.038"/>
  <system-out/>
  <testcase classname="com.CA.qa.TestCases.APITesting" name="testResponsecode" time="0.034"/>
  <system-out/>
  <testcase classname="com.CA.qa.TestCases.APITesting" name="testResponsecode" time="0.034"/>
  <system-out/>
  <testcase classname="com.CA.qa.TestCases.APITesting" name="testResponsecode" time="0.034"/>
  <system-out/>
  <testcase classname="com.CA.qa.TestCases.APITesting" name="testResponsecode" time="0.065"/>
  <system-out/>
  <testcase classname="com.CA.qa.TestCases.APITesting" name="testResponsecode" time="0.142"/>
  <system-out/>
  <testcase classname="com.CA.qa.TestCases.APITesting" name="testResponsecode" time="0.033"/>
  <system-out/>
  <testcase classname="com.CA.qa.TestCases.APITesting" name="testResponsecode" time="0.033"/>
  <system-out/>
  <testcase classname="com.CA.qa.TestCases.APITesting" name="testResponsecode" time="0.035"/>
  <system-out/>
  <testcase classname="com.CA.qa.TestCases.APITesting" name="testResponsecode" time="0.043"/>
  <system-out/>
  <testcase classname="com.CA.qa.TestCases.APITesting" name="testResponsecode" time="0.034"/>
  <system-out/>
  <testcase classname="com.CA.qa.TestCases.APITesting" name="testResponsecode" time="0.036"/>
  <system-out/>
  <testcase classname="com.CA.qa.TestCases.APITesting" name="testResponsecode" time="0.035"/>
  <system-out/>
  <testcase classname="com.CA.qa.TestCases.APITesting" name="testResponsecode" time="0.208"/>
  <system-out/>
  <testcase classname="com.CA.qa.TestCases.APITesting" name="testResponsecode" time="0.039"/>
  <system-out/>
  <testcase classname="com.CA.qa.TestCases.APITesting" name="testResponsecode" time="0.036"/>
  <system-out/>
  <testcase classname="com.CA.qa.TestCases.APITesting" name="testResponsecode" time="0.163"/>
  <system-out/>
  <testcase classname="com.CA.qa.TestCases.APITesting" name="testResponsecode" time="0.033"/>
  <system-out/>
  <testcase classname="com.CA.qa.TestCases.APITesting" name="testResponsecode" time="0.053"/>
  <system-out/>
  <testcase classname="com.CA.qa.TestCases.APITesting" name="testResponsecode" time="0.033"/>
  <system-out/>
  <testcase classname="com.CA.qa.TestCases.APITesting" name="testResponsecode" time="0.032"/>
  <system-out/>
  <testcase classname="com.CA.qa.TestCases.APITesting" name="testResponsecode" time="0.033"/>
  <system-out/>
  <testcase classname="com.CA.qa.TestCases.APITesting" name="testResponsecode" time="0.037"/>
  <system-out/>
  <testcase classname="com.CA.qa.TestCases.APITesting" name="testResponsecode" time="0.046"/>
  <system-out/>
  <testcase classname="com.CA.qa.TestCases.APITesting" name="testResponsecode" time="0.032"/>
  <system-out/>
  <testcase classname="com.CA.qa.TestCases.APITesting" name="testResponsecode" time="0.141"/>
  <system-out/>
  <testcase classname="com.CA.qa.TestCases.APITesting" name="testResponsecode" time="0.035"/>
  <system-out/>
  <testcase classname="com.CA.qa.TestCases.APITesting" name="testResponsecode" time="0.032"/>
  <system-out/>
  <testcase classname="com.CA.qa.TestCases.APITesting" name="testResponsecode" time="0.037"/>
  <system-out/>
  <testcase classname="com.CA.qa.TestCases.APITesting" name="testResponsecode" time="0.041"/>
  <system-out/>
  <testcase classname="com.CA.qa.TestCases.APITesting" name="testResponsecode" time="0.034"/>
  <system-out/>
  <testcase classname="com.CA.qa.TestCases.APITesting" name="testResponsecode" time="0.033"/>
  <system-out/>
  <testcase classname="com.CA.qa.TestCases.APITesting" name="testResponsecode" time="0.033"/>
  <system-out/>
  <testcase classname="com.CA.qa.TestCases.APITesting" name="testResponsecode" time="0.035"/>
  <system-out/>
  <testcase classname="com.CA.qa.TestCases.APITesting" name="testResponsecode" time="0.042"/>
  <system-out/>
  <testcase classname="com.CA.qa.TestCases.APITesting" name="testResponsecode" time="0.046"/>
  <system-out/>
  <testcase classname="com.CA.qa.TestCases.APITesting" name="testResponsecode" time="0.033"/>
  <system-out/>
  <testcase classname="com.CA.qa.TestCases.APITesting" name="testResponsecode" time="0.033"/>
  <system-out/>
  <testcase classname="com.CA.qa.TestCases.APITesting" name="testResponsecode" time="0.043"/>
  <system-out/>
  <testcase classname="com.CA.qa.TestCases.APITesting" name="testResponsecode" time="0.032"/>
  <system-out/>
  <testcase classname="com.CA.qa.TestCases.APITesting" name="testResponsecode" time="0.034"/>
  <system-out/>
  <testcase classname="com.CA.qa.TestCases.APITesting" name="testResponsecode" time="0.902"/>
  <system-out/>
  <testcase classname="com.CA.qa.TestCases.APITesting" name="testResponsecode" time="0.033"/>
  <system-out/>
  <testcase classname="com.CA.qa.TestCases.APITesting" name="testResponsecode" time="0.037"/>
  <system-out/>
  <testcase classname="com.CA.qa.TestCases.APITesting" name="testResponsecode" time="0.046"/>
  <system-out/>
  <testcase classname="com.CA.qa.TestCases.APITesting" name="testResponsecode" time="0.035"/>
  <system-out/>
  <testcase classname="com.CA.qa.TestCases.APITesting" name="testResponsecode" time="0.036"/>
  <system-out/>
  <testcase classname="com.CA.qa.TestCases.APITesting" name="testResponsecode" time="0.057"/>
  <system-out/>
  <testcase classname="com.CA.qa.TestCases.APITesting" name="testResponsecode" time="0.041"/>
  <system-out/>
  <testcase classname="com.CA.qa.TestCases.APITesting" name="testResponsecode" time="0.038"/>
  <system-out/>
  <testcase classname="com.CA.qa.TestCases.APITesting" name="testResponsecode" time="0.034"/>
  <system-out/>
  <testcase classname="com.CA.qa.TestCases.APITesting" name="testResponsecode" time="0.044"/>
  <system-out/>
  <testcase classname="com.CA.qa.TestCases.APITesting" name="testResponsecode" time="0.032"/>
  <system-out/>
  <testcase classname="com.CA.qa.TestCases.APITesting" name="testResponsecode" time="0.152"/>
  <system-out/>
  <testcase classname="com.CA.qa.TestCases.APITesting" name="testResponsecode" time="0.042"/>
  <system-out/>
  <testcase classname="com.CA.qa.TestCases.APITesting" name="testResponsecode" time="0.041"/>
  <system-out/>
  <testcase classname="com.CA.qa.TestCases.APITesting" name="testResponsecode" time="0.035"/>
  <system-out/>
  <testcase classname="com.CA.qa.TestCases.APITesting" name="testResponsecode" time="0.035"/>
  <system-out/>
  <testcase classname="com.CA.qa.TestCases.APITesting" name="testResponsecode" time="0.035"/>
  <system-out/>
  <testcase classname="com.CA.qa.TestCases.APITesting" name="testResponsecode" time="0.037"/>
  <system-out/>
  <testcase classname="com.CA.qa.TestCases.APITesting" name="testResponsecode" time="0.066"/>
  <system-out/>
  <testcase classname="com.CA.qa.TestCases.APITesting" name="testResponsecode" time="1.058"/>
  <system-out/>
  <testcase classname="com.CA.qa.TestCases.APITesting" name="testResponsecode" time="0.037"/>
  <system-out/>
  <testcase classname="com.CA.qa.TestCases.APITesting" name="testResponsecode" time="0.033"/>
  <system-out/>
  <testcase classname="com.CA.qa.TestCases.APITesting" name="testResponsecode" time="0.037"/>
  <system-out/>
  <testcase classname="com.CA.qa.TestCases.APITesting" name="testResponsecode" time="0.034"/>
  <system-out/>
  <testcase classname="com.CA.qa.TestCases.APITesting" name="testResponsecode" time="0.034"/>
  <system-out/>
  <testcase classname="com.CA.qa.TestCases.APITesting" name="testResponsecode" time="0.042"/>
  <system-out/>
  <testcase classname="com.CA.qa.TestCases.APITesting" name="testResponsecode" time="0.047"/>
  <system-out/>
  <testcase classname="com.CA.qa.TestCases.APITesting" name="testResponsecode" time="0.043"/>
  <system-out/>
  <testcase classname="com.CA.qa.TestCases.APITesting" name="testResponsecode" time="0.037"/>
  <system-out/>
  <testcase classname="com.CA.qa.TestCases.APITesting" name="testResponsecode" time="0.038"/>
  <system-out/>
  <testcase classname="com.CA.qa.TestCases.APITesting" name="testResponsecode" time="0.033"/>
  <system-out/>
  <testcase classname="com.CA.qa.TestCases.APITesting" name="testResponsecode" time="0.038"/>
  <system-out/>
  <testcase classname="com.CA.qa.TestCases.APITesting" name="testResponsecode" time="0.043"/>
  <system-out/>
  <testcase classname="com.CA.qa.TestCases.APITesting" name="testResponsecode" time="0.034"/>
  <system-out/>
  <testcase classname="com.CA.qa.TestCases.APITesting" name="testResponsecode" time="0.032"/>
  <system-out/>
  <testcase classname="com.CA.qa.TestCases.APITesting" name="testResponsecode" time="0.037"/>
  <system-out/>
  <testcase classname="com.CA.qa.TestCases.APITesting" name="testResponsecode" time="0.033"/>
  <system-out/>
  <testcase classname="com.CA.qa.TestCases.APITesting" name="testResponsecode" time="0.035"/>
  <system-out/>
  <testcase classname="com.CA.qa.TestCases.APITesting" name="testResponsecode" time="0.032"/>
  <system-out/>
  <testcase classname="com.CA.qa.TestCases.APITesting" name="testResponsecode" time="0.033"/>
  <system-out/>
  <testcase classname="com.CA.qa.TestCases.APITesting" name="testResponsecode" time="0.036"/>
  <system-out/>
  <testcase classname="com.CA.qa.TestCases.APITesting" name="testResponsecode" time="0.033"/>
  <system-out/>
  <testcase classname="com.CA.qa.TestCases.APITesting" name="testResponsecode" time="0.031"/>
  <system-out/>
  <testcase classname="com.CA.qa.TestCases.APITesting" name="testResponsecode" time="0.041"/>
  <system-out/>
  <testcase classname="com.CA.qa.TestCases.APITesting" name="testResponsecode" time="0.041"/>
  <system-out/>
  <testcase classname="com.CA.qa.TestCases.APITesting" name="testResponsecode" time="0.062"/>
  <system-out/>
  <testcase classname="com.CA.qa.TestCases.APITesting" name="testResponsecode" time="0.059"/>
  <system-out/>
  <testcase classname="com.CA.qa.TestCases.APITesting" name="testResponsecode" time="0.040"/>
  <system-out/>
  <testcase classname="com.CA.qa.TestCases.APITesting" name="testResponsecode" time="0.042"/>
  <system-out/>
  <testcase classname="com.CA.qa.TestCases.APITesting" name="testResponsecode" time="0.037"/>
  <system-out/>
  <testcase classname="com.CA.qa.TestCases.APITesting" name="testResponsecode" time="0.034"/>
  <system-out/>
  <testcase classname="com.CA.qa.TestCases.APITesting" name="testResponsecode" time="0.038"/>
  <system-out/>
  <testcase classname="com.CA.qa.TestCases.APITesting" name="testResponsecode" time="0.056"/>
  <system-out/>
  <testcase classname="com.CA.qa.TestCases.APITesting" name="testResponsecode" time="0.181"/>
  <system-out/>
  <testcase classname="com.CA.qa.TestCases.APITesting" name="testResponsecode" time="0.035"/>
  <system-out/>
  <testcase classname="com.CA.qa.TestCases.APITesting" name="testResponsecode" time="0.033"/>
  <system-out/>
  <testcase classname="com.CA.qa.TestCases.APITesting" name="testResponsecode" time="0.134"/>
  <system-out/>
  <testcase classname="com.CA.qa.TestCases.APITesting" name="testResponsecode" time="0.147"/>
  <system-out/>
  <testcase classname="com.CA.qa.TestCases.APITesting" name="testResponsecode" time="0.036"/>
  <system-out/>
  <testcase classname="com.CA.qa.TestCases.APITesting" name="testResponsecode" time="0.035"/>
  <system-out/>
  <testcase classname="com.CA.qa.TestCases.APITesting" name="testResponsecode" time="0.047"/>
  <system-out/>
  <testcase classname="com.CA.qa.TestCases.APITesting" name="testResponsecode" time="0.033"/>
  <system-out/>
  <testcase classname="com.CA.qa.TestCases.APITesting" name="testResponsecode" time="0.036"/>
  <system-out/>
  <testcase classname="com.CA.qa.TestCases.APITesting" name="testResponsecode" time="0.037"/>
  <system-out/>
  <testcase classname="com.CA.qa.TestCases.APITesting" name="testResponsecode" time="0.034"/>
  <system-out/>
  <testcase classname="com.CA.qa.TestCases.APITesting" name="testResponsecode" time="0.039"/>
  <system-out/>
  <testcase classname="com.CA.qa.TestCases.APITesting" name="testResponsecode" time="0.183"/>
  <system-out/>
  <testcase classname="com.CA.qa.TestCases.APITesting" name="testResponsecode" time="0.046"/>
  <system-out/>
  <testcase classname="com.CA.qa.TestCases.APITesting" name="testResponsecode" time="0.036"/>
  <system-out/>
  <testcase classname="com.CA.qa.TestCases.APITesting" name="testResponsecode" time="0.035"/>
  <system-out/>
  <testcase classname="com.CA.qa.TestCases.APITesting" name="testResponsecode" time="0.032"/>
  <system-out/>
  <testcase classname="com.CA.qa.TestCases.APITesting" name="testResponsecode" time="0.050"/>
  <system-out/>
  <testcase classname="com.CA.qa.TestCases.APITesting" name="testResponsecode" time="0.034"/>
  <system-out/>
  <testcase classname="com.CA.qa.TestCases.APITesting" name="testResponsecode" time="0.035"/>
  <system-out/>
  <testcase classname="com.CA.qa.TestCases.APITesting" name="testResponsecode" time="0.032"/>
  <system-out/>
  <testcase classname="com.CA.qa.TestCases.APITesting" name="testResponsecode" time="0.034"/>
  <system-out/>
  <testcase classname="com.CA.qa.TestCases.APITesting" name="testResponsecode" time="0.035"/>
  <system-out/>
  <testcase classname="com.CA.qa.TestCases.APITesting" name="testResponsecode" time="0.043"/>
  <system-out/>
  <testcase classname="com.CA.qa.TestCases.APITesting" name="testResponsecode" time="0.033"/>
  <system-out/>
  <testcase classname="com.CA.qa.TestCases.APITesting" name="testResponsecode" time="0.033"/>
  <system-out/>
  <testcase classname="com.CA.qa.TestCases.APITesting" name="testResponsecode" time="0.035"/>
  <system-out/>
  <testcase classname="com.CA.qa.TestCases.APITesting" name="testResponsecode" time="0.034"/>
  <system-out/>
  <testcase classname="com.CA.qa.TestCases.APITesting" name="testResponsecode" time="0.036"/>
  <system-out/>
  <testcase classname="com.CA.qa.TestCases.APITesting" name="testResponsecode" time="0.072"/>
  <system-out/>
  <testcase classname="com.CA.qa.TestCases.APITesting" name="testResponsecode" time="0.032"/>
  <system-out/>
  <testcase classname="com.CA.qa.TestCases.APITesting" name="testResponsecode" time="0.032"/>
  <system-out/>
  <testcase classname="com.CA.qa.TestCases.APITesting" name="testResponsecode" time="0.035"/>
  <system-out/>
  <testcase classname="com.CA.qa.TestCases.APITesting" name="testResponsecode" time="0.039"/>
  <system-out/>
  <testcase classname="com.CA.qa.TestCases.APITesting" name="testResponsecode" time="0.140"/>
  <system-out/>
  <testcase classname="com.CA.qa.TestCases.APITesting" name="testResponsecode" time="0.038"/>
  <system-out/>
  <testcase classname="com.CA.qa.TestCases.APITesting" name="testResponsecode" time="0.037"/>
  <system-out/>
  <testcase classname="com.CA.qa.TestCases.APITesting" name="testResponsecode" time="0.037"/>
  <system-out/>
  <testcase classname="com.CA.qa.TestCases.APITesting" name="testResponsecode" time="0.048"/>
  <system-out/>
  <testcase classname="com.CA.qa.TestCases.APITesting" name="testResponsecode" time="0.032"/>
  <system-out/>
  <testcase classname="com.CA.qa.TestCases.APITesting" name="testResponsecode" time="0.033"/>
  <system-out/>
  <testcase classname="com.CA.qa.TestCases.APITesting" name="testResponsecode" time="0.039"/>
  <system-out/>
  <testcase classname="com.CA.qa.TestCases.APITesting" name="testResponsecode" time="0.032"/>
  <system-out/>
  <testcase classname="com.CA.qa.TestCases.APITesting" name="testResponsecode" time="0.033"/>
  <system-out/>
  <testcase classname="com.CA.qa.TestCases.APITesting" name="testResponsecode" time="0.043"/>
  <system-out/>
  <testcase classname="com.CA.qa.TestCases.APITesting" name="testResponsecode" time="0.144"/>
  <system-out/>
  <testcase classname="com.CA.qa.TestCases.APITesting" name="testResponsecode" time="0.032"/>
  <system-out/>
  <testcase classname="com.CA.qa.TestCases.APITesting" name="testResponsecode" time="0.041"/>
  <system-out/>
  <testcase classname="com.CA.qa.TestCases.APITesting" name="testResponsecode" time="0.088"/>
  <system-out/>
  <testcase classname="com.CA.qa.TestCases.APITesting" name="testResponsecode" time="0.035"/>
  <system-out/>
  <testcase classname="com.CA.qa.TestCases.APITesting" name="testResponsecode" time="0.033"/>
  <system-out/>
  <testcase classname="com.CA.qa.TestCases.APITesting" name="testResponsecode" time="0.047"/>
  <system-out/>
  <testcase classname="com.CA.qa.TestCases.APITesting" name="testResponsecode" time="0.034"/>
  <system-out/>
  <testcase classname="com.CA.qa.TestCases.APITesting" name="testResponsecode" time="0.036"/>
  <system-out/>
  <testcase classname="com.CA.qa.TestCases.APITesting" name="testResponsecode" time="0.054"/>
  <system-out/>
  <testcase classname="com.CA.qa.TestCases.APITesting" name="testResponsecode" time="0.033"/>
  <system-out/>
  <testcase classname="com.CA.qa.TestCases.APITesting" name="testResponsecode" time="0.036"/>
  <system-out/>
  <testcase classname="com.CA.qa.TestCases.APITesting" name="testResponsecode" time="0.043"/>
  <system-out/>
  <testcase classname="com.CA.qa.TestCases.APITesting" name="testResponsecode" time="0.032"/>
  <system-out/>
  <testcase classname="com.CA.qa.TestCases.APITesting" name="testResponsecode" time="0.035"/>
  <system-out/>
  <testcase classname="com.CA.qa.TestCases.APITesting" name="testResponsecode" time="0.036"/>
  <system-out/>
  <testcase classname="com.CA.qa.TestCases.APITesting" name="testResponsecode" time="0.039"/>
  <system-out/>
  <testcase classname="com.CA.qa.TestCases.APITesting" name="testResponsecode" time="0.035"/>
  <system-out/>
  <testcase classname="com.CA.qa.TestCases.APITesting" name="testResponsecode" time="0.222"/>
  <system-out/>
  <testcase classname="com.CA.qa.TestCases.APITesting" name="testResponsecode" time="0.037"/>
  <system-out/>
  <testcase classname="com.CA.qa.TestCases.APITesting" name="testResponsecode" time="0.034"/>
  <system-out/>
  <testcase classname="com.CA.qa.TestCases.APITesting" name="testResponsecode" time="0.034"/>
  <system-out/>
  <testcase classname="com.CA.qa.TestCases.APITesting" name="testResponsecode" time="0.044"/>
  <system-out/>
  <testcase classname="com.CA.qa.TestCases.APITesting" name="testResponsecode" time="0.041"/>
  <system-out/>
  <testcase classname="com.CA.qa.TestCases.APITesting" name="testResponsecode" time="0.034"/>
  <system-out/>
  <testcase classname="com.CA.qa.TestCases.APITesting" name="testResponsecode" time="0.043"/>
  <system-out/>
  <testcase classname="com.CA.qa.TestCases.APITesting" name="testResponsecode" time="0.033"/>
  <system-out/>
  <testcase classname="com.CA.qa.TestCases.APITesting" name="testResponsecode" time="0.141"/>
  <system-out/>
  <testcase classname="com.CA.qa.TestCases.APITesting" name="testResponsecode" time="0.032"/>
  <system-out/>
  <testcase classname="com.CA.qa.TestCases.APITesting" name="testResponsecode" time="0.041"/>
  <system-out/>
  <testcase classname="com.CA.qa.TestCases.APITesting" name="testResponsecode" time="0.034"/>
  <system-out/>
  <testcase classname="com.CA.qa.TestCases.APITesting" name="testResponsecode" time="0.124"/>
  <system-out/>
  <testcase classname="com.CA.qa.TestCases.APITesting" name="testResponsecode" time="0.042"/>
  <system-out/>
  <testcase classname="com.CA.qa.TestCases.APITesting" name="testResponsecode" time="0.034"/>
  <system-out/>
  <testcase classname="com.CA.qa.TestCases.APITesting" name="testResponsecode" time="0.251"/>
  <system-out/>
  <testcase classname="com.CA.qa.TestCases.APITesting" name="testResponsecode" time="0.041"/>
  <system-out/>
  <testcase classname="com.CA.qa.TestCases.APITesting" name="testResponsecode" time="0.045"/>
  <system-out/>
  <testcase classname="com.CA.qa.TestCases.APITesting" name="testResponsecode" time="0.034"/>
  <system-out/>
  <testcase classname="com.CA.qa.TestCases.APITesting" name="testResponsecode" time="0.041"/>
  <system-out/>
  <testcase classname="com.CA.qa.TestCases.APITesting" name="testResponsecode" time="0.036"/>
  <system-out/>
  <testcase classname="com.CA.qa.TestCases.APITesting" name="testResponsecode" time="0.039"/>
  <system-out/>
  <testcase classname="com.CA.qa.TestCases.APITesting" name="testResponsecode" time="0.032"/>
  <system-out/>
  <testcase classname="com.CA.qa.TestCases.APITesting" name="testResponsecode" time="0.035"/>
  <system-out/>
  <testcase classname="com.CA.qa.TestCases.APITesting" name="testResponsecode" time="0.032"/>
  <system-out/>
  <testcase classname="com.CA.qa.TestCases.APITesting" name="testResponsecode" time="0.037"/>
  <system-out/>
  <testcase classname="com.CA.qa.TestCases.APITesting" name="testResponsecode" time="0.036"/>
  <system-out/>
  <testcase classname="com.CA.qa.TestCases.APITesting" name="testResponsecode" time="0.033"/>
  <system-out/>
  <testcase classname="com.CA.qa.TestCases.APITesting" name="testResponsecode" time="0.032"/>
  <system-out/>
  <testcase classname="com.CA.qa.TestCases.APITesting" name="testResponsecode" time="0.033"/>
  <system-out/>
  <testcase classname="com.CA.qa.TestCases.APITesting" name="testResponsecode" time="0.082"/>
  <system-out/>
  <testcase classname="com.CA.qa.TestCases.APITesting" name="testResponsecode" time="0.045"/>
  <system-out/>
  <testcase classname="com.CA.qa.TestCases.APITesting" name="testResponsecode" time="0.033"/>
  <system-out/>
  <testcase classname="com.CA.qa.TestCases.APITesting" name="testResponsecode" time="0.039"/>
  <system-out/>
  <testcase classname="com.CA.qa.TestCases.APITesting" name="testResponsecode" time="0.095"/>
  <system-out/>
  <testcase classname="com.CA.qa.TestCases.APITesting" name="testResponsecode" time="0.034"/>
  <system-out/>
  <testcase classname="com.CA.qa.TestCases.APITesting" name="testResponsecode" time="0.041"/>
  <system-out/>
  <testcase classname="com.CA.qa.TestCases.APITesting" name="testResponsecode" time="0.104"/>
  <system-out/>
  <testcase classname="com.CA.qa.TestCases.APITesting" name="testResponsecode" time="0.032"/>
  <system-out/>
  <testcase classname="com.CA.qa.TestCases.APITesting" name="testResponsecode" time="0.036"/>
  <system-out/>
  <testcase classname="com.CA.qa.TestCases.APITesting" name="testResponsecode" time="0.038"/>
  <system-out/>
  <testcase classname="com.CA.qa.TestCases.APITesting" name="testResponsecode" time="0.035"/>
  <system-out/>
  <testcase classname="com.CA.qa.TestCases.APITesting" name="testResponsecode" time="0.033"/>
  <system-out/>
  <testcase classname="com.CA.qa.TestCases.APITesting" name="testResponsecode" time="0.034"/>
  <system-out/>
  <testcase classname="com.CA.qa.TestCases.APITesting" name="testResponsecode" time="0.034"/>
  <system-out/>
  <testcase classname="com.CA.qa.TestCases.APITesting" name="testResponsecode" time="0.040"/>
  <system-out/>
  <testcase classname="com.CA.qa.TestCases.APITesting" name="testResponsecode" time="0.040"/>
  <system-out/>
  <testcase classname="com.CA.qa.TestCases.APITesting" name="testResponsecode" time="0.574"/>
  <system-out/>
  <testcase classname="com.CA.qa.TestCases.APITesting" name="testResponsecode" time="0.033"/>
  <system-out/>
  <testcase classname="com.CA.qa.TestCases.APITesting" name="testResponsecode" time="0.034"/>
  <system-out/>
  <testcase classname="com.CA.qa.TestCases.APITesting" name="testResponsecode" time="0.258"/>
  <system-out/>
  <testcase classname="com.CA.qa.TestCases.APITesting" name="testResponsecode" time="0.034"/>
  <system-out/>
  <testcase classname="com.CA.qa.TestCases.APITesting" name="testResponsecode" time="0.032"/>
  <system-out/>
  <testcase classname="com.CA.qa.TestCases.APITesting" name="testResponsecode" time="0.043"/>
  <system-out/>
  <testcase classname="com.CA.qa.TestCases.APITesting" name="testResponsecode" time="0.034"/>
  <system-out/>
  <testcase classname="com.CA.qa.TestCases.APITesting" name="testResponsecode" time="0.036"/>
  <system-out/>
  <testcase classname="com.CA.qa.TestCases.APITesting" name="testResponsecode" time="0.034"/>
  <system-out/>
  <testcase classname="com.CA.qa.TestCases.APITesting" name="testResponsecode" time="0.033"/>
  <system-out/>
  <testcase classname="com.CA.qa.TestCases.APITesting" name="testResponsecode" time="0.040"/>
  <system-out/>
  <testcase classname="com.CA.qa.TestCases.APITesting" name="testResponsecode" time="0.036"/>
  <system-out/>
  <testcase classname="com.CA.qa.TestCases.APITesting" name="testResponsecode" time="0.035"/>
  <system-out/>
  <testcase classname="com.CA.qa.TestCases.APITesting" name="testResponsecode" time="0.035"/>
  <system-out/>
  <testcase classname="com.CA.qa.TestCases.APITesting" name="testResponsecode" time="0.033"/>
  <system-out/>
  <testcase classname="com.CA.qa.TestCases.APITesting" name="testResponsecode" time="0.142"/>
  <system-out/>
  <testcase classname="com.CA.qa.TestCases.APITesting" name="testResponsecode" time="0.035"/>
  <system-out/>
  <testcase classname="com.CA.qa.TestCases.APITesting" name="testResponsecode" time="0.037"/>
  <system-out/>
  <testcase classname="com.CA.qa.TestCases.APITesting" name="testResponsecode" time="0.266"/>
  <system-out/>
  <testcase classname="com.CA.qa.TestCases.APITesting" name="testResponsecode" time="0.037"/>
  <system-out/>
  <testcase classname="com.CA.qa.TestCases.APITesting" name="testResponsecode" time="0.034"/>
  <system-out/>
  <testcase classname="com.CA.qa.TestCases.APITesting" name="testResponsecode" time="0.079"/>
  <system-out/>
  <testcase classname="com.CA.qa.TestCases.APITesting" name="testResponsecode" time="0.043"/>
  <system-out/>
  <testcase classname="com.CA.qa.TestCases.APITesting" name="testResponsecode" time="0.032"/>
  <system-out/>
  <testcase classname="com.CA.qa.TestCases.APITesting" name="testResponsecode" time="0.035"/>
  <system-out/>
  <testcase classname="com.CA.qa.TestCases.APITesting" name="testResponsecode" time="0.033"/>
  <system-out/>
  <testcase classname="com.CA.qa.TestCases.APITesting" name="testResponsecode" time="0.040"/>
  <system-out/>
  <testcase classname="com.CA.qa.TestCases.APITesting" name="testResponsecode" time="0.038"/>
  <system-out/>
  <testcase classname="com.CA.qa.TestCases.APITesting" name="testResponsecode" time="0.040"/>
  <system-out/>
  <testcase classname="com.CA.qa.TestCases.APITesting" name="testResponsecode" time="0.036"/>
  <system-out/>
  <testcase classname="com.CA.qa.TestCases.APITesting" name="testResponsecode" time="0.035"/>
  <system-out/>
  <testcase classname="com.CA.qa.TestCases.APITesting" name="testResponsecode" time="0.035"/>
  <system-out/>
  <testcase classname="com.CA.qa.TestCases.APITesting" name="testResponsecode" time="0.046"/>
  <system-out/>
  <testcase classname="com.CA.qa.TestCases.APITesting" name="testResponsecode" time="0.032"/>
  <system-out/>
  <testcase classname="com.CA.qa.TestCases.APITesting" name="testResponsecode" time="0.033"/>
  <system-out/>
  <testcase classname="com.CA.qa.TestCases.APITesting" name="testResponsecode" time="0.035"/>
  <system-out/>
  <testcase classname="com.CA.qa.TestCases.APITesting" name="testResponsecode" time="0.033"/>
  <system-out/>
  <testcase classname="com.CA.qa.TestCases.APITesting" name="testResponsecode" time="0.042"/>
  <system-out/>
  <testcase classname="com.CA.qa.TestCases.APITesting" name="testResponsecode" time="0.032"/>
  <system-out/>
  <testcase classname="com.CA.qa.TestCases.APITesting" name="testResponsecode" time="0.035"/>
  <system-out/>
  <testcase classname="com.CA.qa.TestCases.APITesting" name="testResponsecode" time="0.045"/>
  <system-out/>
  <testcase classname="com.CA.qa.TestCases.APITesting" name="testResponsecode" time="0.037"/>
  <system-out/>
  <testcase classname="com.CA.qa.TestCases.APITesting" name="testResponsecode" time="0.035"/>
  <system-out/>
  <testcase classname="com.CA.qa.TestCases.APITesting" name="testResponsecode" time="0.044"/>
  <system-out/>
  <testcase classname="com.CA.qa.TestCases.APITesting" name="testResponsecode" time="0.139"/>
  <system-out/>
  <testcase classname="com.CA.qa.TestCases.APITesting" name="testResponsecode" time="0.033"/>
  <system-out/>
  <testcase classname="com.CA.qa.TestCases.APITesting" name="testResponsecode" time="0.037"/>
  <system-out/>
  <testcase classname="com.CA.qa.TestCases.APITesting" name="testResponsecode" time="0.036"/>
  <system-out/>
  <testcase classname="com.CA.qa.TestCases.APITesting" name="testResponsecode" time="0.053"/>
  <system-out/>
  <testcase classname="com.CA.qa.TestCases.APITesting" name="testResponsecode" time="0.128"/>
  <system-out/>
  <testcase classname="com.CA.qa.TestCases.APITesting" name="testResponsecode" time="0.039"/>
  <system-out/>
  <testcase classname="com.CA.qa.TestCases.APITesting" name="testResponsecode" time="0.042"/>
  <system-out/>
  <testcase classname="com.CA.qa.TestCases.APITesting" name="testResponsecode" time="0.045"/>
  <system-out/>
  <testcase classname="com.CA.qa.TestCases.APITesting" name="testResponsecode" time="0.050"/>
  <system-out/>
  <testcase classname="com.CA.qa.TestCases.APITesting" name="testResponsecode" time="0.032"/>
  <system-out/>
  <testcase classname="com.CA.qa.TestCases.APITesting" name="testResponsecode" time="0.037"/>
  <system-out/>
  <testcase classname="com.CA.qa.TestCases.APITesting" name="testResponsecode" time="0.046"/>
  <system-out/>
  <testcase classname="com.CA.qa.TestCases.APITesting" name="testResponsecode" time="0.039"/>
  <system-out/>
  <testcase classname="com.CA.qa.TestCases.APITesting" name="testResponsecode" time="0.038"/>
  <system-out/>
  <testcase classname="com.CA.qa.TestCases.APITesting" name="testResponsecode" time="0.037"/>
  <system-out/>
  <testcase classname="com.CA.qa.TestCases.APITesting" name="testResponsecode" time="0.033"/>
  <system-out/>
  <testcase classname="com.CA.qa.TestCases.APITesting" name="testResponsecode" time="0.076"/>
  <system-out/>
  <testcase classname="com.CA.qa.TestCases.APITesting" name="testResponsecode" time="0.039"/>
  <system-out/>
  <testcase classname="com.CA.qa.TestCases.APITesting" name="testResponsecode" time="0.034"/>
  <system-out/>
  <testcase classname="com.CA.qa.TestCases.APITesting" name="testResponsecode" time="0.034"/>
  <system-out/>
  <testcase classname="com.CA.qa.TestCases.APITesting" name="testResponsecode" time="0.033"/>
  <system-out/>
  <testcase classname="com.CA.qa.TestCases.APITesting" name="testResponsecode" time="0.052"/>
  <system-out/>
  <testcase classname="com.CA.qa.TestCases.APITesting" name="testResponsecode" time="0.040"/>
  <system-out/>
  <testcase classname="com.CA.qa.TestCases.APITesting" name="testResponsecode" time="0.043"/>
  <system-out/>
  <testcase classname="com.CA.qa.TestCases.APITesting" name="testResponsecode" time="0.037"/>
  <system-out/>
  <testcase classname="com.CA.qa.TestCases.APITesting" name="testResponsecode" time="0.036"/>
  <system-out/>
  <testcase classname="com.CA.qa.TestCases.APITesting" name="testResponsecode" time="0.032"/>
  <system-out/>
  <testcase classname="com.CA.qa.TestCases.APITesting" name="testResponsecode" time="0.034"/>
  <system-out/>
  <testcase classname="com.CA.qa.TestCases.APITesting" name="testResponsecode" time="0.033"/>
  <system-out/>
  <testcase classname="com.CA.qa.TestCases.APITesting" name="testResponsecode" time="0.034"/>
  <system-out/>
  <testcase classname="com.CA.qa.TestCases.APITesting" name="testResponsecode" time="0.959"/>
  <system-out/>
  <testcase classname="com.CA.qa.TestCases.APITesting" name="testResponsecode" time="0.037"/>
  <system-out/>
  <testcase classname="com.CA.qa.TestCases.APITesting" name="testResponsecode" time="0.032"/>
  <system-out/>
  <testcase classname="com.CA.qa.TestCases.APITesting" name="testResponsecode" time="0.042"/>
  <system-out/>
  <testcase classname="com.CA.qa.TestCases.APITesting" name="testResponsecode" time="0.045"/>
  <system-out/>
  <testcase classname="com.CA.qa.TestCases.APITesting" name="testResponsecode" time="0.037"/>
  <system-out/>
  <testcase classname="com.CA.qa.TestCases.APITesting" name="testResponsecode" time="0.038"/>
  <system-out/>
  <testcase classname="com.CA.qa.TestCases.APITesting" name="testResponsecode" time="0.036"/>
  <system-out/>
  <testcase classname="com.CA.qa.TestCases.APITesting" name="testResponsecode" time="0.036"/>
  <system-out/>
  <testcase classname="com.CA.qa.TestCases.APITesting" name="testResponsecode" time="0.034"/>
  <system-out/>
  <testcase classname="com.CA.qa.TestCases.APITesting" name="testResponsecode" time="0.033"/>
  <system-out/>
  <testcase classname="com.CA.qa.TestCases.APITesting" name="testResponsecode" time="0.866"/>
  <system-out/>
  <testcase classname="com.CA.qa.TestCases.APITesting" name="testResponsecode" time="0.037"/>
  <system-out/>
  <testcase classname="com.CA.qa.TestCases.APITesting" name="testResponsecode" time="0.036"/>
  <system-out/>
  <testcase classname="com.CA.qa.TestCases.APITesting" name="testResponsecode" time="0.034"/>
  <system-out/>
  <testcase classname="com.CA.qa.TestCases.APITesting" name="testResponsecode" time="0.041"/>
  <system-out/>
  <testcase classname="com.CA.qa.TestCases.APITesting" name="testResponsecode" time="0.048"/>
  <system-out/>
  <testcase classname="com.CA.qa.TestCases.APITesting" name="testResponsecode" time="0.165"/>
  <system-out/>
  <testcase classname="com.CA.qa.TestCases.APITesting" name="testResponsecode" time="0.052"/>
  <system-out/>
  <testcase classname="com.CA.qa.TestCases.APITesting" name="testResponsecode" time="0.033"/>
  <system-out/>
  <testcase classname="com.CA.qa.TestCases.APITesting" name="testResponsecode" time="0.040"/>
  <system-out/>
  <testcase classname="com.CA.qa.TestCases.APITesting" name="testResponsecode" time="0.035"/>
  <system-out/>
  <testcase classname="com.CA.qa.TestCases.APITesting" name="testResponsecode" time="0.274"/>
  <system-out/>
  <testcase classname="com.CA.qa.TestCases.APITesting" name="testResponsecode" time="0.036"/>
  <system-out/>
  <testcase classname="com.CA.qa.TestCases.APITesting" name="testResponsecode" time="0.034"/>
  <system-out/>
  <testcase classname="com.CA.qa.TestCases.APITesting" name="testResponsecode" time="0.040"/>
  <system-out/>
  <testcase classname="com.CA.qa.TestCases.APITesting" name="testResponsecode" time="0.037"/>
  <system-out/>
  <testcase classname="com.CA.qa.TestCases.APITesting" name="testResponsecode" time="0.034"/>
  <system-out/>
  <testcase classname="com.CA.qa.TestCases.APITesting" name="testResponsecode" time="0.037"/>
  <system-out/>
  <testcase classname="com.CA.qa.TestCases.APITesting" name="testResponsecode" time="0.032"/>
  <system-out/>
  <testcase classname="com.CA.qa.TestCases.APITesting" name="testResponsecode" time="0.032"/>
  <system-out/>
  <testcase classname="com.CA.qa.TestCases.APITesting" name="testResponsecode" time="0.032"/>
  <system-out/>
  <testcase classname="com.CA.qa.TestCases.APITesting" name="testResponsecode" time="0.033"/>
  <system-out/>
  <testcase classname="com.CA.qa.TestCases.APITesting" name="testResponsecode" time="0.042"/>
  <system-out/>
  <testcase classname="com.CA.qa.TestCases.APITesting" name="testResponsecode" time="0.032"/>
  <system-out/>
  <testcase classname="com.CA.qa.TestCases.APITesting" name="testResponsecode" time="0.044"/>
  <system-out/>
  <testcase classname="com.CA.qa.TestCases.APITesting" name="testResponsecode" time="0.032"/>
  <system-out/>
  <testcase classname="com.CA.qa.TestCases.APITesting" name="testResponsecode" time="0.034"/>
  <system-out/>
  <testcase classname="com.CA.qa.TestCases.APITesting" name="testResponsecode" time="0.036"/>
  <system-out/>
  <testcase classname="com.CA.qa.TestCases.APITesting" name="testResponsecode" time="0.034"/>
  <system-out/>
  <testcase classname="com.CA.qa.TestCases.APITesting" name="testResponsecode" time="0.034"/>
  <system-out/>
  <testcase classname="com.CA.qa.TestCases.APITesting" name="testResponsecode" time="0.037"/>
  <system-out/>
  <testcase classname="com.CA.qa.TestCases.APITesting" name="testResponsecode" time="0.148"/>
  <system-out/>
  <testcase classname="com.CA.qa.TestCases.APITesting" name="testResponsecode" time="0.159"/>
  <system-out/>
  <testcase classname="com.CA.qa.TestCases.APITesting" name="testResponsecode" time="0.032"/>
  <system-out/>
  <testcase classname="com.CA.qa.TestCases.APITesting" name="testResponsecode" time="0.038"/>
  <system-out/>
  <testcase classname="com.CA.qa.TestCases.APITesting" name="testResponsecode" time="0.035"/>
  <system-out/>
  <testcase classname="com.CA.qa.TestCases.APITesting" name="testResponsecode" time="0.039"/>
  <system-out/>
  <testcase classname="com.CA.qa.TestCases.APITesting" name="testResponsecode" time="0.034"/>
  <system-out/>
  <testcase classname="com.CA.qa.TestCases.APITesting" name="testResponsecode" time="0.033"/>
  <system-out/>
  <testcase classname="com.CA.qa.TestCases.APITesting" name="testResponsecode" time="0.033"/>
  <system-out/>
  <testcase classname="com.CA.qa.TestCases.APITesting" name="testResponsecode" time="0.035"/>
  <system-out/>
  <testcase classname="com.CA.qa.TestCases.APITesting" name="testResponsecode" time="0.032"/>
  <system-out/>
  <testcase classname="com.CA.qa.TestCases.APITesting" name="testResponsecode" time="0.133"/>
  <system-out/>
  <testcase classname="com.CA.qa.TestCases.APITesting" name="testResponsecode" time="0.126"/>
  <system-out/>
  <testcase classname="com.CA.qa.TestCases.APITesting" name="testResponsecode" time="0.032"/>
  <system-out/>
  <testcase classname="com.CA.qa.TestCases.APITesting" name="testResponsecode" time="0.034"/>
  <system-out/>
  <testcase classname="com.CA.qa.TestCases.APITesting" name="testResponsecode" time="0.045"/>
  <system-out/>
  <testcase classname="com.CA.qa.TestCases.APITesting" name="testResponsecode" time="0.038"/>
  <system-out/>
  <testcase classname="com.CA.qa.TestCases.APITesting" name="testResponsecode" time="0.036"/>
  <system-out/>
  <testcase classname="com.CA.qa.TestCases.APITesting" name="testResponsecode" time="0.035"/>
  <system-out/>
  <testcase classname="com.CA.qa.TestCases.APITesting" name="testResponsecode" time="0.036"/>
  <system-out/>
  <testcase classname="com.CA.qa.TestCases.APITesting" name="testResponsecode" time="0.036"/>
  <system-out/>
  <testcase classname="com.CA.qa.TestCases.APITesting" name="testResponsecode" time="0.036"/>
  <system-out/>
  <testcase classname="com.CA.qa.TestCases.APITesting" name="testResponsecode" time="0.035"/>
  <system-out/>
  <testcase classname="com.CA.qa.TestCases.APITesting" name="testResponsecode" time="0.035"/>
  <system-out/>
  <testcase classname="com.CA.qa.TestCases.APITesting" name="testResponsecode" time="0.033"/>
  <system-out/>
  <testcase classname="com.CA.qa.TestCases.APITesting" name="testResponsecode" time="1.613"/>
  <system-out/>
  <testcase classname="com.CA.qa.TestCases.APITesting" name="testResponsecode" time="0.044"/>
  <system-out/>
  <testcase classname="com.CA.qa.TestCases.APITesting" name="testResponsecode" time="0.042"/>
  <system-out/>
  <testcase classname="com.CA.qa.TestCases.APITesting" name="testResponsecode" time="1.013"/>
  <system-out/>
  <testcase classname="com.CA.qa.TestCases.APITesting" name="testResponsecode" time="0.035"/>
  <system-out/>
  <testcase classname="com.CA.qa.TestCases.APITesting" name="testResponsecode" time="0.033"/>
  <system-out/>
  <testcase classname="com.CA.qa.TestCases.APITesting" name="testResponsecode" time="0.034"/>
  <system-out/>
  <testcase classname="com.CA.qa.TestCases.APITesting" name="testResponsecode" time="0.035"/>
  <system-out/>
  <testcase classname="com.CA.qa.TestCases.APITesting" name="testResponsecode" time="0.193"/>
  <system-out/>
  <testcase classname="com.CA.qa.TestCases.APITesting" name="testResponsecode" time="0.041"/>
  <system-out/>
  <testcase classname="com.CA.qa.TestCases.APITesting" name="testResponsecode" time="0.181"/>
  <system-out/>
  <testcase classname="com.CA.qa.TestCases.APITesting" name="testResponsecode" time="0.038"/>
  <system-out/>
  <testcase classname="com.CA.qa.TestCases.APITesting" name="testResponsecode" time="0.039"/>
  <system-out/>
  <testcase classname="com.CA.qa.TestCases.APITesting" name="testResponsecode" time="0.132"/>
  <system-out/>
  <testcase classname="com.CA.qa.TestCases.APITesting" name="testResponsecode" time="0.033"/>
  <system-out/>
  <testcase classname="com.CA.qa.TestCases.APITesting" name="testResponsecode" time="0.036"/>
  <system-out/>
  <testcase classname="com.CA.qa.TestCases.APITesting" name="testResponsecode" time="0.032"/>
  <system-out/>
  <testcase classname="com.CA.qa.TestCases.APITesting" name="testResponsecode" time="0.034"/>
  <system-out/>
  <testcase classname="com.CA.qa.TestCases.APITesting" name="testResponsecode" time="0.053"/>
  <system-out/>
  <testcase classname="com.CA.qa.TestCases.APITesting" name="testResponsecode" time="0.033"/>
  <system-out/>
  <testcase classname="com.CA.qa.TestCases.APITesting" name="testResponsecode" time="0.033"/>
  <system-out/>
  <testcase classname="com.CA.qa.TestCases.APITesting" name="testResponsecode" time="0.033"/>
  <system-out/>
  <testcase classname="com.CA.qa.TestCases.APITesting" name="testResponsecode" time="0.048"/>
  <system-out/>
  <testcase classname="com.CA.qa.TestCases.APITesting" name="testResponsecode" time="0.034"/>
  <system-out/>
  <testcase classname="com.CA.qa.TestCases.APITesting" name="testResponsecode" time="0.046"/>
  <system-out/>
  <testcase classname="com.CA.qa.TestCases.APITesting" name="testResponsecode" time="0.055"/>
  <system-out/>
  <testcase classname="com.CA.qa.TestCases.APITesting" name="testResponsecode" time="0.035"/>
  <system-out/>
  <testcase classname="com.CA.qa.TestCases.APITesting" name="testResponsecode" time="0.037"/>
  <system-out/>
  <testcase classname="com.CA.qa.TestCases.APITesting" name="testResponsecode" time="0.047"/>
  <system-out/>
  <testcase classname="com.CA.qa.TestCases.APITesting" name="testResponsecode" time="0.036"/>
  <system-out/>
  <testcase classname="com.CA.qa.TestCases.APITesting" name="testResponsecode" time="0.033"/>
  <system-out/>
  <testcase classname="com.CA.qa.TestCases.APITesting" name="testResponsecode" time="0.033"/>
  <system-out/>
  <testcase classname="com.CA.qa.TestCases.APITesting" name="testResponsecode" time="0.045"/>
  <system-out/>
  <testcase classname="com.CA.qa.TestCases.APITesting" name="testResponsecode" time="0.173"/>
  <system-out/>
  <testcase classname="com.CA.qa.TestCases.APITesting" name="testResponsecode" time="0.034"/>
  <system-out/>
  <testcase classname="com.CA.qa.TestCases.APITesting" name="testResponsecode" time="0.040"/>
  <system-out/>
  <testcase classname="com.CA.qa.TestCases.APITesting" name="testResponsecode" time="0.042"/>
  <system-out/>
  <testcase classname="com.CA.qa.TestCases.APITesting" name="testResponsecode" time="0.046"/>
  <system-out/>
  <testcase classname="com.CA.qa.TestCases.APITesting" name="testResponsecode" time="0.034"/>
  <system-out/>
  <testcase classname="com.CA.qa.TestCases.APITesting" name="testResponsecode" time="0.869"/>
  <system-out/>
  <testcase classname="com.CA.qa.TestCases.APITesting" name="testResponsecode" time="0.152"/>
  <system-out/>
  <testcase classname="com.CA.qa.TestCases.APITesting" name="testResponsecode" time="0.036"/>
  <system-out/>
  <testcase classname="com.CA.qa.TestCases.APITesting" name="testResponsecode" time="0.035"/>
  <system-out/>
  <testcase classname="com.CA.qa.TestCases.APITesting" name="testResponsecode" time="0.043"/>
  <system-out/>
  <testcase classname="com.CA.qa.TestCases.APITesting" name="testResponsecode" time="0.034"/>
  <system-out/>
  <testcase classname="com.CA.qa.TestCases.APITesting" name="testResponsecode" time="0.036"/>
  <system-out/>
  <testcase classname="com.CA.qa.TestCases.APITesting" name="testResponsecode" time="0.992"/>
  <system-out/>
  <testcase classname="com.CA.qa.TestCases.APITesting" name="testResponsecode" time="0.034"/>
  <system-out/>
  <testcase classname="com.CA.qa.TestCases.APITesting" name="testResponsecode" time="0.032"/>
  <system-out/>
  <testcase classname="com.CA.qa.TestCases.APITesting" name="testResponsecode" time="0.039"/>
  <system-out/>
  <testcase classname="com.CA.qa.TestCases.APITesting" name="testResponsecode" time="1.001"/>
  <system-out/>
  <testcase classname="com.CA.qa.TestCases.APITesting" name="testResponsecode" time="0.035"/>
  <system-out/>
  <testcase classname="com.CA.qa.TestCases.APITesting" name="testResponsecode" time="0.141"/>
  <system-out/>
  <testcase classname="com.CA.qa.TestCases.APITesting" name="testResponsecode" time="0.038"/>
  <system-out/>
  <testcase classname="com.CA.qa.TestCases.APITesting" name="testResponsecode" time="0.035"/>
  <system-out/>
  <testcase classname="com.CA.qa.TestCases.APITesting" name="testResponsecode" time="0.033"/>
  <system-out/>
  <testcase classname="com.CA.qa.TestCases.APITesting" name="testResponsecode" time="0.033"/>
  <system-out/>
  <testcase classname="com.CA.qa.TestCases.APITesting" name="testResponsecode" time="0.144"/>
  <system-out/>
  <testcase classname="com.CA.qa.TestCases.APITesting" name="testResponsecode" time="0.046"/>
  <system-out/>
  <testcase classname="com.CA.qa.TestCases.APITesting" name="testResponsecode" time="0.034"/>
  <system-out/>
  <testcase classname="com.CA.qa.TestCases.APITesting" name="testResponsecode" time="0.164"/>
  <system-out/>
  <testcase classname="com.CA.qa.TestCases.APITesting" name="testResponsecode" time="0.033"/>
  <system-out/>
  <testcase classname="com.CA.qa.TestCases.APITesting" name="testResponsecode" time="0.043"/>
  <system-out/>
  <testcase classname="com.CA.qa.TestCases.APITesting" name="testResponsecode" time="0.034"/>
  <system-out/>
  <testcase classname="com.CA.qa.TestCases.APITesting" name="testResponsecode" time="0.032"/>
  <system-out/>
  <testcase classname="com.CA.qa.TestCases.APITesting" name="testResponsecode" time="0.033"/>
  <system-out/>
  <testcase classname="com.CA.qa.TestCases.APITesting" name="testResponsecode" time="0.034"/>
  <system-out/>
  <testcase classname="com.CA.qa.TestCases.APITesting" name="testResponsecode" time="0.042"/>
  <system-out/>
  <testcase classname="com.CA.qa.TestCases.APITesting" name="testResponsecode" time="0.034"/>
  <system-out/>
  <testcase classname="com.CA.qa.TestCases.APITesting" name="testResponsecode" time="0.056"/>
  <system-out/>
  <testcase classname="com.CA.qa.TestCases.APITesting" name="testResponsecode" time="0.071"/>
  <system-out/>
  <testcase classname="com.CA.qa.TestCases.APITesting" name="testResponsecode" time="0.034"/>
  <system-out/>
  <testcase classname="com.CA.qa.TestCases.APITesting" name="testResponsecode" time="0.036"/>
  <system-out/>
  <testcase classname="com.CA.qa.TestCases.APITesting" name="testResponsecode" time="0.033"/>
  <system-out/>
  <testcase classname="com.CA.qa.TestCases.APITesting" name="testResponsecode" time="0.036"/>
  <system-out/>
  <testcase classname="com.CA.qa.TestCases.APITesting" name="testResponsecode" time="0.034"/>
  <system-out/>
  <testcase classname="com.CA.qa.TestCases.APITesting" name="testResponsecode" time="0.034"/>
  <system-out/>
  <testcase classname="com.CA.qa.TestCases.APITesting" name="testResponsecode" time="0.037"/>
  <system-out/>
  <testcase classname="com.CA.qa.TestCases.APITesting" name="testResponsecode" time="0.061"/>
  <system-out/>
  <testcase classname="com.CA.qa.TestCases.APITesting" name="testResponsecode" time="0.034"/>
  <system-out/>
  <testcase classname="com.CA.qa.TestCases.APITesting" name="testResponsecode" time="0.042"/>
  <system-out/>
  <testcase classname="com.CA.qa.TestCases.APITesting" name="testResponsecode" time="0.138"/>
  <system-out/>
  <testcase classname="com.CA.qa.TestCases.APITesting" name="testResponsecode" time="0.034"/>
  <system-out/>
  <testcase classname="com.CA.qa.TestCases.APITesting" name="testResponsecode" time="0.037"/>
  <system-out/>
  <testcase classname="com.CA.qa.TestCases.APITesting" name="testResponsecode" time="0.034"/>
  <system-out/>
  <testcase classname="com.CA.qa.TestCases.APITesting" name="testResponsecode" time="0.034"/>
  <system-out/>
  <testcase classname="com.CA.qa.TestCases.APITesting" name="testResponsecode" time="0.037"/>
  <system-out/>
  <testcase classname="com.CA.qa.TestCases.APITesting" name="testResponsecode" time="0.034"/>
  <system-out/>
  <testcase classname="com.CA.qa.TestCases.APITesting" name="testResponsecode" time="0.036"/>
  <system-out/>
  <testcase classname="com.CA.qa.TestCases.APITesting" name="testResponsecode" time="0.034"/>
  <system-out/>
  <testcase classname="com.CA.qa.TestCases.APITesting" name="testResponsecode" time="0.032"/>
  <system-out/>
  <testcase classname="com.CA.qa.TestCases.APITesting" name="testResponsecode" time="0.032"/>
  <system-out/>
  <testcase classname="com.CA.qa.TestCases.APITesting" name="testResponsecode" time="0.039"/>
  <system-out/>
  <testcase classname="com.CA.qa.TestCases.APITesting" name="testResponsecode" time="0.035"/>
  <system-out/>
  <testcase classname="com.CA.qa.TestCases.APITesting" name="testResponsecode" time="0.033"/>
  <system-out/>
  <testcase classname="com.CA.qa.TestCases.APITesting" name="testResponsecode" time="0.039"/>
  <system-out/>
  <testcase classname="com.CA.qa.TestCases.APITesting" name="testResponsecode" time="0.045"/>
  <system-out/>
  <testcase classname="com.CA.qa.TestCases.APITesting" name="testResponsecode" time="0.085"/>
  <system-out/>
  <testcase classname="com.CA.qa.TestCases.APITesting" name="testResponsecode" time="0.038"/>
  <system-out/>
  <testcase classname="com.CA.qa.TestCases.APITesting" name="testResponsecode" time="0.036"/>
  <system-out/>
  <testcase classname="com.CA.qa.TestCases.APITesting" name="testResponsecode" time="0.035"/>
  <system-out/>
  <testcase classname="com.CA.qa.TestCases.APITesting" name="testResponsecode" time="0.032"/>
  <system-out/>
  <testcase classname="com.CA.qa.TestCases.APITesting" name="testResponsecode" time="0.036"/>
  <system-out/>
  <testcase classname="com.CA.qa.TestCases.APITesting" name="testResponsecode" time="0.035"/>
  <system-out/>
  <testcase classname="com.CA.qa.TestCases.APITesting" name="testResponsecode" time="0.039"/>
  <system-out/>
  <testcase classname="com.CA.qa.TestCases.APITesting" name="testResponsecode" time="0.033"/>
  <system-out/>
  <testcase classname="com.CA.qa.TestCases.APITesting" name="testResponsecode" time="0.185"/>
  <system-out/>
  <testcase classname="com.CA.qa.TestCases.APITesting" name="testResponsecode" time="0.035"/>
  <system-out/>
  <testcase classname="com.CA.qa.TestCases.APITesting" name="testResponsecode" time="0.165"/>
  <system-out/>
  <testcase classname="com.CA.qa.TestCases.APITesting" name="testResponsecode" time="0.224"/>
  <system-out/>
  <testcase classname="com.CA.qa.TestCases.APITesting" name="testResponsecode" time="0.037"/>
  <system-out/>
  <testcase classname="com.CA.qa.TestCases.APITesting" name="testResponsecode" time="0.057"/>
  <system-out/>
  <testcase classname="com.CA.qa.TestCases.APITesting" name="testResponsecode" time="0.035"/>
  <system-out/>
  <testcase classname="com.CA.qa.TestCases.APITesting" name="testResponsecode" time="0.036"/>
  <system-out/>
  <testcase classname="com.CA.qa.TestCases.APITesting" name="testResponsecode" time="0.036"/>
  <system-out/>
  <testcase classname="com.CA.qa.TestCases.APITesting" name="testResponsecode" time="0.034"/>
  <system-out/>
  <testcase classname="com.CA.qa.TestCases.APITesting" name="testResponsecode" time="0.038"/>
  <system-out/>
  <testcase classname="com.CA.qa.TestCases.APITesting" name="testResponsecode" time="0.034"/>
  <system-out/>
  <testcase classname="com.CA.qa.TestCases.APITesting" name="testResponsecode" time="0.035"/>
  <system-out/>
  <testcase classname="com.CA.qa.TestCases.APITesting" name="testResponsecode" time="0.034"/>
  <system-out/>
  <testcase classname="com.CA.qa.TestCases.APITesting" name="testResponsecode" time="0.037"/>
  <system-out/>
  <testcase classname="com.CA.qa.TestCases.APITesting" name="testResponsecode" time="0.037"/>
  <system-out/>
  <testcase classname="com.CA.qa.TestCases.APITesting" name="testResponsecode" time="0.054"/>
  <system-out/>
  <testcase classname="com.CA.qa.TestCases.APITesting" name="testResponsecode" time="0.033"/>
  <system-out/>
  <testcase classname="com.CA.qa.TestCases.APITesting" name="testResponsecode" time="0.032"/>
  <system-out/>
  <testcase classname="com.CA.qa.TestCases.APITesting" name="testResponsecode" time="0.034"/>
  <system-out/>
  <testcase classname="com.CA.qa.TestCases.APITesting" name="testResponsecode" time="0.034"/>
  <system-out/>
  <testcase classname="com.CA.qa.TestCases.APITesting" name="testResponsecode" time="0.033"/>
  <system-out/>
  <testcase classname="com.CA.qa.TestCases.APITesting" name="testResponsecode" time="0.032"/>
  <system-out/>
  <testcase classname="com.CA.qa.TestCases.APITesting" name="testResponsecode" time="0.046"/>
  <system-out/>
  <testcase classname="com.CA.qa.TestCases.APITesting" name="testResponsecode" time="0.033"/>
  <system-out/>
  <testcase classname="com.CA.qa.TestCases.APITesting" name="testResponsecode" time="0.167"/>
  <system-out/>
  <testcase classname="com.CA.qa.TestCases.APITesting" name="testResponsecode" time="0.033"/>
  <system-out/>
  <testcase classname="com.CA.qa.TestCases.APITesting" name="testResponsecode" time="0.075"/>
  <system-out/>
  <testcase classname="com.CA.qa.TestCases.APITesting" name="testResponsecode" time="0.042"/>
  <system-out/>
  <testcase classname="com.CA.qa.TestCases.APITesting" name="testResponsecode" time="0.034"/>
  <system-out/>
  <testcase classname="com.CA.qa.TestCases.APITesting" name="testResponsecode" time="0.040"/>
  <system-out/>
  <testcase classname="com.CA.qa.TestCases.APITesting" name="testResponsecode" time="0.034"/>
  <system-out/>
  <testcase classname="com.CA.qa.TestCases.APITesting" name="testResponsecode" time="0.176"/>
  <system-out/>
  <testcase classname="com.CA.qa.TestCases.APITesting" name="testResponsecode" time="0.033"/>
  <system-out/>
  <testcase classname="com.CA.qa.TestCases.APITesting" name="testResponsecode" time="0.032"/>
  <system-out/>
  <testcase classname="com.CA.qa.TestCases.APITesting" name="testResponsecode" time="0.036"/>
  <system-out/>
  <testcase classname="com.CA.qa.TestCases.APITesting" name="testResponsecode" time="0.032"/>
  <system-out/>
  <testcase classname="com.CA.qa.TestCases.APITesting" name="testResponsecode" time="0.034"/>
  <system-out/>
  <testcase classname="com.CA.qa.TestCases.APITesting" name="testResponsecode" time="0.190"/>
  <system-out/>
  <testcase classname="com.CA.qa.TestCases.APITesting" name="testResponsecode" time="0.034"/>
  <system-out/>
  <testcase classname="com.CA.qa.TestCases.APITesting" name="testResponsecode" time="0.032"/>
  <system-out/>
  <testcase classname="com.CA.qa.TestCases.APITesting" name="testResponsecode" time="0.037"/>
  <system-out/>
  <testcase classname="com.CA.qa.TestCases.APITesting" name="testResponsecode" time="0.037"/>
  <system-out/>
  <testcase classname="com.CA.qa.TestCases.APITesting" name="testResponsecode" time="0.046"/>
  <system-out/>
  <testcase classname="com.CA.qa.TestCases.APITesting" name="testResponsecode" time="0.032"/>
  <system-out/>
  <testcase classname="com.CA.qa.TestCases.APITesting" name="testResponsecode" time="0.037"/>
  <system-out/>
  <testcase classname="com.CA.qa.TestCases.APITesting" name="testResponsecode" time="0.046"/>
  <system-out/>
  <testcase classname="com.CA.qa.TestCases.APITesting" name="testResponsecode" time="0.033"/>
  <system-out/>
  <testcase classname="com.CA.qa.TestCases.APITesting" name="testResponsecode" time="0.034"/>
  <system-out/>
  <testcase classname="com.CA.qa.TestCases.APITesting" name="testResponsecode" time="0.036"/>
  <system-out/>
  <testcase classname="com.CA.qa.TestCases.APITesting" name="testResponsecode" time="0.033"/>
  <system-out/>
  <testcase classname="com.CA.qa.TestCases.APITesting" name="testResponsecode" time="0.037"/>
  <system-out/>
  <testcase classname="com.CA.qa.TestCases.APITesting" name="testResponsecode" time="0.035"/>
  <system-out/>
  <testcase classname="com.CA.qa.TestCases.APITesting" name="testResponsecode" time="0.034"/>
  <system-out/>
  <testcase classname="com.CA.qa.TestCases.APITesting" name="testResponsecode" time="0.036"/>
  <system-out/>
  <testcase classname="com.CA.qa.TestCases.APITesting" name="testResponsecode" time="0.040"/>
  <system-out/>
  <testcase classname="com.CA.qa.TestCases.APITesting" name="testResponsecode" time="0.032"/>
  <system-out/>
  <testcase classname="com.CA.qa.TestCases.APITesting" name="testResponsecode" time="0.036"/>
  <system-out/>
  <testcase classname="com.CA.qa.TestCases.APITesting" name="testResponsecode" time="0.149"/>
  <system-out/>
  <testcase classname="com.CA.qa.TestCases.APITesting" name="testResponsecode" time="0.033"/>
  <system-out/>
  <testcase classname="com.CA.qa.TestCases.APITesting" name="testResponsecode" time="0.035"/>
  <system-out/>
  <testcase classname="com.CA.qa.TestCases.APITesting" name="testResponsecode" time="0.032"/>
  <system-out/>
  <testcase classname="com.CA.qa.TestCases.APITesting" name="testResponsecode" time="0.054"/>
  <system-out/>
  <testcase classname="com.CA.qa.TestCases.APITesting" name="testResponsecode" time="0.045"/>
  <system-out/>
  <testcase classname="com.CA.qa.TestCases.APITesting" name="testResponsecode" time="0.033"/>
  <system-out/>
  <testcase classname="com.CA.qa.TestCases.APITesting" name="testResponsecode" time="0.036"/>
  <system-out/>
  <testcase classname="com.CA.qa.TestCases.APITesting" name="testResponsecode" time="0.037"/>
  <system-out/>
  <testcase classname="com.CA.qa.TestCases.APITesting" name="testResponsecode" time="0.040"/>
  <system-out/>
  <testcase classname="com.CA.qa.TestCases.APITesting" name="testResponsecode" time="0.071"/>
  <system-out/>
  <testcase classname="com.CA.qa.TestCases.APITesting" name="testResponsecode" time="0.038"/>
  <system-out/>
  <testcase classname="com.CA.qa.TestCases.APITesting" name="testResponsecode" time="0.034"/>
  <system-out/>
  <testcase classname="com.CA.qa.TestCases.APITesting" name="testResponsecode" time="0.035"/>
  <system-out/>
  <testcase classname="com.CA.qa.TestCases.APITesting" name="testResponsecode" time="0.035"/>
  <system-out/>
  <testcase classname="com.CA.qa.TestCases.APITesting" name="testResponsecode" time="0.034"/>
  <system-out/>
  <testcase classname="com.CA.qa.TestCases.APITesting" name="testResponsecode" time="0.043"/>
  <system-out/>
  <testcase classname="com.CA.qa.TestCases.APITesting" name="testResponsecode" time="0.726"/>
  <system-out/>
  <testcase classname="com.CA.qa.TestCases.APITesting" name="testResponsecode" time="0.035"/>
  <system-out/>
  <testcase classname="com.CA.qa.TestCases.APITesting" name="testResponsecode" time="0.033"/>
  <system-out/>
  <testcase classname="com.CA.qa.TestCases.APITesting" name="testResponsecode" time="0.035"/>
  <system-out/>
  <testcase classname="com.CA.qa.TestCases.APITesting" name="testResponsecode" time="0.034"/>
  <system-out/>
  <testcase classname="com.CA.qa.TestCases.APITesting" name="testResponsecode" time="0.034"/>
  <system-out/>
  <testcase classname="com.CA.qa.TestCases.APITesting" name="testResponsecode" time="0.034"/>
  <system-out/>
  <testcase classname="com.CA.qa.TestCases.APITesting" name="testResponsecode" time="0.033"/>
  <system-out/>
  <testcase classname="com.CA.qa.TestCases.APITesting" name="testResponsecode" time="0.051"/>
  <system-out/>
  <testcase classname="com.CA.qa.TestCases.APITesting" name="testResponsecode" time="0.041"/>
  <system-out/>
  <testcase classname="com.CA.qa.TestCases.APITesting" name="testResponsecode" time="0.032"/>
  <system-out/>
  <testcase classname="com.CA.qa.TestCases.APITesting" name="testResponsecode" time="0.042"/>
  <system-out/>
  <testcase classname="com.CA.qa.TestCases.APITesting" name="testResponsecode" time="0.034"/>
  <system-out/>
  <testcase classname="com.CA.qa.TestCases.APITesting" name="testResponsecode" time="0.035"/>
  <system-out/>
  <testcase classname="com.CA.qa.TestCases.APITesting" name="testResponsecode" time="0.033"/>
  <system-out/>
  <testcase classname="com.CA.qa.TestCases.APITesting" name="testResponsecode" time="0.036"/>
  <system-out/>
  <testcase classname="com.CA.qa.TestCases.APITesting" name="testResponsecode" time="0.033"/>
  <system-out/>
  <testcase classname="com.CA.qa.TestCases.APITesting" name="testResponsecode" time="0.035"/>
  <system-out/>
  <testcase classname="com.CA.qa.TestCases.APITesting" name="testResponsecode" time="0.032"/>
  <system-out/>
  <testcase classname="com.CA.qa.TestCases.APITesting" name="testResponsecode" time="0.035"/>
  <system-out/>
  <testcase classname="com.CA.qa.TestCases.APITesting" name="testResponsecode" time="0.033"/>
  <system-out/>
  <testcase classname="com.CA.qa.TestCases.APITesting" name="testResponsecode" time="0.037"/>
  <system-out/>
  <testcase classname="com.CA.qa.TestCases.APITesting" name="testResponsecode" time="0.038"/>
  <system-out/>
  <testcase classname="com.CA.qa.TestCases.APITesting" name="testResponsecode" time="0.033"/>
  <system-out/>
  <testcase classname="com.CA.qa.TestCases.APITesting" name="testResponsecode" time="0.033"/>
  <system-out/>
  <testcase classname="com.CA.qa.TestCases.APITesting" name="testResponsecode" time="0.035"/>
  <system-out/>
  <testcase classname="com.CA.qa.TestCases.APITesting" name="testResponsecode" time="0.035"/>
  <system-out/>
  <testcase classname="com.CA.qa.TestCases.APITesting" name="testResponsecode" time="0.043"/>
  <system-out/>
  <testcase classname="com.CA.qa.TestCases.APITesting" name="testResponsecode" time="0.034"/>
  <system-out/>
  <testcase classname="com.CA.qa.TestCases.APITesting" name="testResponsecode" time="0.035"/>
  <system-out/>
  <testcase classname="com.CA.qa.TestCases.APITesting" name="testResponsecode" time="0.045"/>
  <system-out/>
  <testcase classname="com.CA.qa.TestCases.APITesting" name="testResponsecode" time="0.039"/>
  <system-out/>
  <testcase classname="com.CA.qa.TestCases.APITesting" name="testResponsecode" time="0.226"/>
  <system-out/>
  <testcase classname="com.CA.qa.TestCases.APITesting" name="testResponsecode" time="0.037"/>
  <system-out/>
  <testcase classname="com.CA.qa.TestCases.APITesting" name="testResponsecode" time="0.033"/>
  <system-out/>
  <testcase classname="com.CA.qa.TestCases.APITesting" name="testResponsecode" time="0.036"/>
  <system-out/>
  <testcase classname="com.CA.qa.TestCases.APITesting" name="testResponsecode" time="0.155"/>
  <system-out/>
  <testcase classname="com.CA.qa.TestCases.APITesting" name="testResponsecode" time="0.035"/>
  <system-out/>
  <testcase classname="com.CA.qa.TestCases.APITesting" name="testResponsecode" time="0.042"/>
  <system-out/>
  <testcase classname="com.CA.qa.TestCases.APITesting" name="testResponsecode" time="0.040"/>
  <system-out/>
  <testcase classname="com.CA.qa.TestCases.APITesting" name="testResponsecode" time="0.040"/>
  <system-out/>
  <testcase classname="com.CA.qa.TestCases.APITesting" name="testResponsecode" time="0.036"/>
  <system-out/>
  <testcase classname="com.CA.qa.TestCases.APITesting" name="testResponsecode" time="0.034"/>
  <system-out/>
  <testcase classname="com.CA.qa.TestCases.APITesting" name="testResponsecode" time="0.048"/>
  <system-out/>
  <testcase classname="com.CA.qa.TestCases.APITesting" name="testResponsecode" time="0.039"/>
  <system-out/>
  <testcase classname="com.CA.qa.TestCases.APITesting" name="testResponsecode" time="0.042"/>
  <system-out/>
  <testcase classname="com.CA.qa.TestCases.APITesting" name="testResponsecode" time="0.127"/>
  <system-out/>
  <testcase classname="com.CA.qa.TestCases.APITesting" name="testResponsecode" time="0.043"/>
  <system-out/>
  <testcase classname="com.CA.qa.TestCases.APITesting" name="testResponsecode" time="0.049"/>
  <system-out/>
  <testcase classname="com.CA.qa.TestCases.APITesting" name="testResponsecode" time="0.032"/>
  <system-out/>
  <testcase classname="com.CA.qa.TestCases.APITesting" name="testResponsecode" time="0.034"/>
  <system-out/>
  <testcase classname="com.CA.qa.TestCases.APITesting" name="testResponsecode" time="0.041"/>
  <system-out/>
  <testcase classname="com.CA.qa.TestCases.APITesting" name="testResponsecode" time="0.037"/>
  <system-out/>
  <testcase classname="com.CA.qa.TestCases.APITesting" name="testResponsecode" time="0.042"/>
  <system-out/>
  <testcase classname="com.CA.qa.TestCases.APITesting" name="testResponsecode" time="0.047"/>
  <system-out/>
  <testcase classname="com.CA.qa.TestCases.APITesting" name="testResponsecode" time="0.037"/>
  <system-out/>
  <testcase classname="com.CA.qa.TestCases.APITesting" name="testResponsecode" time="0.078"/>
  <system-out/>
  <testcase classname="com.CA.qa.TestCases.APITesting" name="testResponsecode" time="0.037"/>
  <system-out/>
  <testcase classname="com.CA.qa.TestCases.APITesting" name="testResponsecode" time="0.041"/>
  <system-out/>
  <testcase classname="com.CA.qa.TestCases.APITesting" name="testResponsecode" time="0.035"/>
  <system-out/>
  <testcase classname="com.CA.qa.TestCases.APITesting" name="testResponsecode" time="0.038"/>
  <system-out/>
  <testcase classname="com.CA.qa.TestCases.APITesting" name="testResponsecode" time="0.034"/>
  <system-out/>
  <testcase classname="com.CA.qa.TestCases.APITesting" name="testResponsecode" time="0.034"/>
  <system-out/>
  <testcase classname="com.CA.qa.TestCases.APITesting" name="testResponsecode" time="0.034"/>
  <system-out/>
  <testcase classname="com.CA.qa.TestCases.APITesting" name="testResponsecode" time="0.032"/>
  <system-out/>
  <testcase classname="com.CA.qa.TestCases.APITesting" name="testResponsecode" time="0.995"/>
  <system-out/>
  <testcase classname="com.CA.qa.TestCases.APITesting" name="testResponsecode" time="0.033"/>
  <system-out/>
  <testcase classname="com.CA.qa.TestCases.APITesting" name="testResponsecode" time="1.007"/>
  <system-out/>
  <testcase classname="com.CA.qa.TestCases.APITesting" name="testResponsecode" time="0.039"/>
  <system-out/>
  <testcase classname="com.CA.qa.TestCases.APITesting" name="testResponsecode" time="0.056"/>
  <system-out/>
  <testcase classname="com.CA.qa.TestCases.APITesting" name="testResponsecode" time="0.040"/>
  <system-out/>
  <testcase classname="com.CA.qa.TestCases.APITesting" name="testResponsecode" time="0.034"/>
  <system-out/>
  <testcase classname="com.CA.qa.TestCases.APITesting" name="testResponsecode" time="0.043"/>
  <system-out/>
  <testcase classname="com.CA.qa.TestCases.APITesting" name="testResponsecode" time="0.034"/>
  <system-out/>
  <testcase classname="com.CA.qa.TestCases.APITesting" name="testResponsecode" time="0.033"/>
  <system-out/>
  <testcase classname="com.CA.qa.TestCases.APITesting" name="testResponsecode" time="0.113"/>
  <system-out/>
  <testcase classname="com.CA.qa.TestCases.APITesting" name="testResponsecode" time="0.037"/>
  <system-out/>
  <testcase classname="com.CA.qa.TestCases.APITesting" name="testResponsecode" time="0.040"/>
  <system-out/>
  <testcase classname="com.CA.qa.TestCases.APITesting" name="testResponsecode" time="0.036"/>
  <system-out/>
  <testcase classname="com.CA.qa.TestCases.APITesting" name="testResponsecode" time="0.032"/>
  <system-out/>
  <testcase classname="com.CA.qa.TestCases.APITesting" name="testResponsecode" time="0.035"/>
  <system-out/>
  <testcase classname="com.CA.qa.TestCases.APITesting" name="testResponsecode" time="0.037"/>
  <system-out/>
  <testcase classname="com.CA.qa.TestCases.APITesting" name="testResponsecode" time="0.039"/>
  <system-out/>
  <testcase classname="com.CA.qa.TestCases.APITesting" name="testResponsecode" time="0.037"/>
  <system-out/>
  <testcase classname="com.CA.qa.TestCases.APITesting" name="testResponsecode" time="0.034"/>
  <system-out/>
  <testcase classname="com.CA.qa.TestCases.APITesting" name="testResponsecode" time="0.033"/>
  <system-out/>
  <testcase classname="com.CA.qa.TestCases.APITesting" name="testResponsecode" time="0.035"/>
  <system-out/>
  <testcase classname="com.CA.qa.TestCases.APITesting" name="testResponsecode" time="0.041"/>
  <system-out/>
  <testcase classname="com.CA.qa.TestCases.APITesting" name="testResponsecode" time="0.037"/>
  <system-out/>
  <testcase classname="com.CA.qa.TestCases.APITesting" name="testResponsecode" time="0.037"/>
  <system-out/>
  <testcase classname="com.CA.qa.TestCases.APITesting" name="testResponsecode" time="0.174"/>
  <system-out/>
  <testcase classname="com.CA.qa.TestCases.APITesting" name="testResponsecode" time="0.038"/>
  <system-out/>
  <testcase classname="com.CA.qa.TestCases.APITesting" name="testResponsecode" time="0.070"/>
  <system-out/>
  <testcase classname="com.CA.qa.TestCases.APITesting" name="testResponsecode" time="0.167"/>
  <system-out/>
  <testcase classname="com.CA.qa.TestCases.APITesting" name="testResponsecode" time="0.033"/>
  <system-out/>
  <testcase classname="com.CA.qa.TestCases.APITesting" name="testResponsecode" time="0.041"/>
  <system-out/>
  <testcase classname="com.CA.qa.TestCases.APITesting" name="testResponsecode" time="0.037"/>
  <system-out/>
  <testcase classname="com.CA.qa.TestCases.APITesting" name="testResponsecode" time="0.037"/>
  <system-out/>
  <testcase classname="com.CA.qa.TestCases.APITesting" name="testResponsecode" time="0.036"/>
  <system-out/>
  <testcase classname="com.CA.qa.TestCases.APITesting" name="testResponsecode" time="0.039"/>
  <system-out/>
  <testcase classname="com.CA.qa.TestCases.APITesting" name="testResponsecode" time="0.065"/>
  <system-out/>
  <testcase classname="com.CA.qa.TestCases.APITesting" name="testResponsecode" time="0.054"/>
  <system-out/>
  <testcase classname="com.CA.qa.TestCases.APITesting" name="testResponsecode" time="0.039"/>
  <system-out/>
  <testcase classname="com.CA.qa.TestCases.APITesting" name="testResponsecode" time="0.032"/>
  <system-out/>
  <testcase classname="com.CA.qa.TestCases.APITesting" name="testResponsecode" time="0.033"/>
  <system-out/>
  <testcase classname="com.CA.qa.TestCases.APITesting" name="testResponsecode" time="0.131"/>
  <system-out/>
  <testcase classname="com.CA.qa.TestCases.APITesting" name="testResponsecode" time="0.043"/>
  <system-out/>
  <testcase classname="com.CA.qa.TestCases.APITesting" name="testResponsecode" time="0.036"/>
  <system-out/>
  <testcase classname="com.CA.qa.TestCases.APITesting" name="testResponsecode" time="0.045"/>
  <system-out/>
  <testcase classname="com.CA.qa.TestCases.APITesting" name="testResponsecode" time="0.036"/>
  <system-out/>
  <testcase classname="com.CA.qa.TestCases.APITesting" name="testResponsecode" time="0.034"/>
  <system-out/>
  <testcase classname="com.CA.qa.TestCases.APITesting" name="testResponsecode" time="0.032"/>
  <system-out/>
  <testcase classname="com.CA.qa.TestCases.APITesting" name="testResponsecode" time="0.045"/>
  <system-out/>
  <testcase classname="com.CA.qa.TestCases.APITesting" name="testResponsecode" time="0.032"/>
  <system-out/>
  <testcase classname="com.CA.qa.TestCases.APITesting" name="testResponsecode" time="0.061"/>
  <system-out/>
  <testcase classname="com.CA.qa.TestCases.APITesting" name="testResponsecode" time="0.034"/>
  <system-out/>
  <testcase classname="com.CA.qa.TestCases.APITesting" name="testResponsecode" time="0.046"/>
  <system-out/>
  <testcase classname="com.CA.qa.TestCases.APITesting" name="testResponsecode" time="0.034"/>
  <system-out/>
  <testcase classname="com.CA.qa.TestCases.APITesting" name="testResponsecode" time="0.033"/>
  <system-out/>
  <testcase classname="com.CA.qa.TestCases.APITesting" name="testResponsecode" time="0.035"/>
  <system-out/>
  <testcase classname="com.CA.qa.TestCases.APITesting" name="testResponsecode" time="0.033"/>
  <system-out/>
  <testcase classname="com.CA.qa.TestCases.APITesting" name="testResponsecode" time="0.034"/>
  <system-out/>
  <testcase classname="com.CA.qa.TestCases.APITesting" name="testResponsecode" time="0.039"/>
  <system-out/>
  <testcase classname="com.CA.qa.TestCases.APITesting" name="testResponsecode" time="0.034"/>
  <system-out/>
  <testcase classname="com.CA.qa.TestCases.APITesting" name="testResponsecode" time="0.035"/>
  <system-out/>
  <testcase classname="com.CA.qa.TestCases.APITesting" name="testResponsecode" time="0.034"/>
  <system-out/>
  <testcase classname="com.CA.qa.TestCases.APITesting" name="testResponsecode" time="0.043"/>
  <system-out/>
  <testcase classname="com.CA.qa.TestCases.APITesting" name="testResponsecode" time="0.034"/>
  <system-out/>
  <testcase classname="com.CA.qa.TestCases.APITesting" name="testResponsecode" time="0.033"/>
  <system-out/>
  <testcase classname="com.CA.qa.TestCases.APITesting" name="testResponsecode" time="0.036"/>
  <system-out/>
  <testcase classname="com.CA.qa.TestCases.APITesting" name="testResponsecode" time="0.033"/>
  <system-out/>
  <testcase classname="com.CA.qa.TestCases.APITesting" name="testResponsecode" time="0.040"/>
  <system-out/>
  <testcase classname="com.CA.qa.TestCases.APITesting" name="testResponsecode" time="0.065"/>
  <system-out/>
  <testcase classname="com.CA.qa.TestCases.APITesting" name="testResponsecode" time="0.037"/>
  <system-out/>
  <testcase classname="com.CA.qa.TestCases.APITesting" name="testResponsecode" time="0.036"/>
  <system-out/>
  <testcase classname="com.CA.qa.TestCases.APITesting" name="testResponsecode" time="0.033"/>
  <system-out/>
  <testcase classname="com.CA.qa.TestCases.APITesting" name="testResponsecode" time="0.033"/>
  <system-out/>
  <testcase classname="com.CA.qa.TestCases.APITesting" name="testResponsecode" time="0.037"/>
  <system-out/>
  <testcase classname="com.CA.qa.TestCases.APITesting" name="testResponsecode" time="0.079"/>
  <system-out/>
  <testcase classname="com.CA.qa.TestCases.APITesting" name="testResponsecode" time="0.046"/>
  <system-out/>
  <testcase classname="com.CA.qa.TestCases.APITesting" name="testResponsecode" time="0.067"/>
  <system-out/>
  <testcase classname="com.CA.qa.TestCases.APITesting" name="testResponsecode" time="0.040"/>
  <system-out/>
  <testcase classname="com.CA.qa.TestCases.APITesting" name="testResponsecode" time="0.033"/>
  <system-out/>
  <testcase classname="com.CA.qa.TestCases.APITesting" name="testResponsecode" time="0.166"/>
  <system-out/>
  <testcase classname="com.CA.qa.TestCases.APITesting" name="testResponsecode" time="0.036"/>
  <system-out/>
  <testcase classname="com.CA.qa.TestCases.APITesting" name="testResponsecode" time="0.065"/>
  <system-out/>
  <testcase classname="com.CA.qa.TestCases.APITesting" name="testResponsecode" time="0.036"/>
  <system-out/>
  <testcase classname="com.CA.qa.TestCases.APITesting" name="testResponsecode" time="0.032"/>
  <system-out/>
  <testcase classname="com.CA.qa.TestCases.APITesting" name="testResponsecode" time="0.072"/>
  <system-out/>
  <testcase classname="com.CA.qa.TestCases.APITesting" name="testResponsecode" time="0.050"/>
  <system-out/>
  <testcase classname="com.CA.qa.TestCases.APITesting" name="testResponsecode" time="0.035"/>
  <system-out/>
  <testcase classname="com.CA.qa.TestCases.APITesting" name="testResponsecode" time="0.034"/>
  <system-out/>
  <testcase classname="com.CA.qa.TestCases.APITesting" name="testResponsecode" time="0.044"/>
  <system-out/>
  <testcase classname="com.CA.qa.TestCases.APITesting" name="testResponsecode" time="0.034"/>
  <system-out/>
  <testcase classname="com.CA.qa.TestCases.APITesting" name="testResponsecode" time="0.040"/>
  <system-out/>
  <testcase classname="com.CA.qa.TestCases.APITesting" name="testResponsecode" time="0.042"/>
  <system-out/>
  <testcase classname="com.CA.qa.TestCases.APITesting" name="testResponsecode" time="0.052"/>
  <system-out/>
  <testcase classname="com.CA.qa.TestCases.APITesting" name="testResponsecode" time="0.044"/>
  <system-out/>
  <testcase classname="com.CA.qa.TestCases.APITesting" name="testResponsecode" time="0.036"/>
  <system-out/>
  <testcase classname="com.CA.qa.TestCases.APITesting" name="testResponsecode" time="0.039"/>
  <system-out/>
  <testcase classname="com.CA.qa.TestCases.APITesting" name="testResponsecode" time="0.036"/>
  <system-out/>
  <testcase classname="com.CA.qa.TestCases.APITesting" name="testResponsecode" time="0.034"/>
  <system-out/>
  <testcase classname="com.CA.qa.TestCases.APITesting" name="testResponsecode" time="0.035"/>
  <system-out/>
  <testcase classname="com.CA.qa.TestCases.APITesting" name="testResponsecode" time="0.148"/>
  <system-out/>
  <testcase classname="com.CA.qa.TestCases.APITesting" name="testResponsecode" time="0.033"/>
  <system-out/>
  <testcase classname="com.CA.qa.TestCases.APITesting" name="testResponsecode" time="0.036"/>
  <system-out/>
  <testcase classname="com.CA.qa.TestCases.APITesting" name="testResponsecode" time="0.035"/>
  <system-out/>
  <testcase classname="com.CA.qa.TestCases.APITesting" name="testResponsecode" time="0.040"/>
  <system-out/>
  <testcase classname="com.CA.qa.TestCases.APITesting" name="testResponsecode" time="0.039"/>
  <system-out/>
  <testcase classname="com.CA.qa.TestCases.APITesting" name="testResponsecode" time="0.049"/>
  <system-out/>
  <testcase classname="com.CA.qa.TestCases.APITesting" name="testResponsecode" time="0.037"/>
  <system-out/>
  <testcase classname="com.CA.qa.TestCases.APITesting" name="testResponsecode" time="0.050"/>
  <system-out/>
  <testcase classname="com.CA.qa.TestCases.APITesting" name="testResponsecode" time="0.037"/>
  <system-out/>
  <testcase classname="com.CA.qa.TestCases.APITesting" name="testResponsecode" time="0.041"/>
  <system-out/>
  <testcase classname="com.CA.qa.TestCases.APITesting" name="testResponsecode" time="0.036"/>
  <system-out/>
  <testcase classname="com.CA.qa.TestCases.APITesting" name="testResponsecode" time="0.034"/>
  <system-out/>
  <testcase classname="com.CA.qa.TestCases.APITesting" name="testResponsecode" time="0.036"/>
  <system-out/>
  <testcase classname="com.CA.qa.TestCases.APITesting" name="testResponsecode" time="0.035"/>
  <system-out/>
  <testcase classname="com.CA.qa.TestCases.APITesting" name="testResponsecode" time="0.036"/>
  <system-out/>
  <testcase classname="com.CA.qa.TestCases.APITesting" name="testResponsecode" time="0.036"/>
  <system-out/>
  <testcase classname="com.CA.qa.TestCases.APITesting" name="testResponsecode" time="0.041"/>
  <system-out/>
  <testcase classname="com.CA.qa.TestCases.APITesting" name="testResponsecode" time="0.036"/>
  <system-out/>
  <testcase classname="com.CA.qa.TestCases.APITesting" name="testResponsecode" time="0.033"/>
  <system-out/>
  <testcase classname="com.CA.qa.TestCases.APITesting" name="testResponsecode" time="0.502"/>
  <system-out/>
  <testcase classname="com.CA.qa.TestCases.APITesting" name="testResponsecode" time="0.043"/>
  <system-out/>
  <testcase classname="com.CA.qa.TestCases.APITesting" name="testResponsecode" time="0.137"/>
  <system-out/>
  <testcase classname="com.CA.qa.TestCases.APITesting" name="testResponsecode" time="0.034"/>
  <system-out/>
  <testcase classname="com.CA.qa.TestCases.APITesting" name="testResponsecode" time="0.034"/>
  <system-out/>
  <testcase classname="com.CA.qa.TestCases.APITesting" name="testResponsecode" time="0.049"/>
  <system-out/>
  <testcase classname="com.CA.qa.TestCases.APITesting" name="testResponsecode" time="0.034"/>
  <system-out/>
  <testcase classname="com.CA.qa.TestCases.APITesting" name="testResponsecode" time="0.036"/>
  <system-out/>
  <testcase classname="com.CA.qa.TestCases.APITesting" name="testResponsecode" time="0.876"/>
  <system-out/>
  <testcase classname="com.CA.qa.TestCases.APITesting" name="testResponsecode" time="0.035"/>
  <system-out/>
  <testcase classname="com.CA.qa.TestCases.APITesting" name="testResponsecode" time="0.035"/>
  <system-out/>
  <testcase classname="com.CA.qa.TestCases.APITesting" name="testResponsecode" time="0.039"/>
  <system-out/>
  <testcase classname="com.CA.qa.TestCases.APITesting" name="testResponsecode" time="0.134"/>
  <system-out/>
  <testcase classname="com.CA.qa.TestCases.APITesting" name="testResponsecode" time="0.034"/>
  <system-out/>
  <testcase classname="com.CA.qa.TestCases.APITesting" name="testResponsecode" time="0.038"/>
  <system-out/>
  <testcase classname="com.CA.qa.TestCases.APITesting" name="testResponsecode" time="0.033"/>
  <system-out/>
  <testcase classname="com.CA.qa.TestCases.APITesting" name="testResponsecode" time="0.043"/>
  <system-out/>
  <testcase classname="com.CA.qa.TestCases.APITesting" name="testResponsecode" time="0.033"/>
  <system-out/>
  <testcase classname="com.CA.qa.TestCases.APITesting" name="testResponsecode" time="0.036"/>
  <system-out/>
  <testcase classname="com.CA.qa.TestCases.APITesting" name="testResponsecode" time="0.036"/>
  <system-out/>
  <testcase classname="com.CA.qa.TestCases.APITesting" name="testResponsecode" time="0.038"/>
  <system-out/>
  <testcase classname="com.CA.qa.TestCases.APITesting" name="testResponsecode" time="0.073"/>
  <system-out/>
  <testcase classname="com.CA.qa.TestCases.APITesting" name="testResponsecode" time="0.044"/>
  <system-out/>
  <testcase classname="com.CA.qa.TestCases.APITesting" name="testResponsecode" time="0.037"/>
  <system-out/>
  <testcase classname="com.CA.qa.TestCases.APITesting" name="testResponsecode" time="0.033"/>
  <system-out/>
  <testcase classname="com.CA.qa.TestCases.APITesting" name="testResponsecode" time="0.035"/>
  <system-out/>
  <testcase classname="com.CA.qa.TestCases.APITesting" name="testResponsecode" time="0.038"/>
  <system-out/>
  <testcase classname="com.CA.qa.TestCases.APITesting" name="testResponsecode" time="0.036"/>
  <system-out/>
  <testcase classname="com.CA.qa.TestCases.APITesting" name="testResponsecode" time="0.039"/>
  <system-out/>
  <testcase classname="com.CA.qa.TestCases.APITesting" name="testResponsecode" time="0.033"/>
  <system-out/>
  <testcase classname="com.CA.qa.TestCases.APITesting" name="testResponsecode" time="0.974"/>
  <system-out/>
  <testcase classname="com.CA.qa.TestCases.APITesting" name="testResponsecode" time="0.033"/>
  <system-out/>
  <testcase classname="com.CA.qa.TestCases.APITesting" name="testResponsecode" time="0.096"/>
  <system-out/>
  <testcase classname="com.CA.qa.TestCases.APITesting" name="testResponsecode" time="0.033"/>
  <system-out/>
  <testcase classname="com.CA.qa.TestCases.APITesting" name="testResponsecode" time="0.034"/>
  <system-out/>
  <testcase classname="com.CA.qa.TestCases.APITesting" name="testResponsecode" time="0.033"/>
  <system-out/>
  <testcase classname="com.CA.qa.TestCases.APITesting" name="testResponsecode" time="0.033"/>
  <system-out/>
  <testcase classname="com.CA.qa.TestCases.APITesting" name="testResponsecode" time="0.190"/>
  <system-out/>
  <testcase classname="com.CA.qa.TestCases.APITesting" name="testResponsecode" time="0.033"/>
  <system-out/>
  <testcase classname="com.CA.qa.TestCases.APITesting" name="testResponsecode" time="0.034"/>
  <system-out/>
  <testcase classname="com.CA.qa.TestCases.APITesting" name="testResponsecode" time="0.049"/>
  <system-out/>
  <testcase classname="com.CA.qa.TestCases.APITesting" name="testResponsecode" time="0.035"/>
  <system-out/>
  <testcase classname="com.CA.qa.TestCases.APITesting" name="testResponsecode" time="0.045"/>
  <system-out/>
  <testcase classname="com.CA.qa.TestCases.APITesting" name="testResponsecode" time="0.033"/>
  <system-out/>
  <testcase classname="com.CA.qa.TestCases.APITesting" name="testResponsecode" time="0.040"/>
  <system-out/>
  <testcase classname="com.CA.qa.TestCases.APITesting" name="testResponsecode" time="0.057"/>
  <system-out/>
  <testcase classname="com.CA.qa.TestCases.APITesting" name="testResponsecode" time="0.034"/>
  <system-out/>
  <testcase classname="com.CA.qa.TestCases.APITesting" name="testResponsecode" time="0.035"/>
  <system-out/>
  <testcase classname="com.CA.qa.TestCases.APITesting" name="testResponsecode" time="0.034"/>
  <system-out/>
  <testcase classname="com.CA.qa.TestCases.APITesting" name="testResponsecode" time="0.033"/>
  <system-out/>
  <testcase classname="com.CA.qa.TestCases.APITesting" name="testResponsecode" time="0.034"/>
  <system-out/>
  <testcase classname="com.CA.qa.TestCases.APITesting" name="testResponsecode" time="0.034"/>
  <system-out/>
  <testcase classname="com.CA.qa.TestCases.APITesting" name="testResponsecode" time="0.034"/>
  <system-out/>
  <testcase classname="com.CA.qa.TestCases.APITesting" name="testResponsecode" time="0.037"/>
  <system-out/>
  <testcase classname="com.CA.qa.TestCases.APITesting" name="testResponsecode" time="0.038"/>
  <system-out/>
  <testcase classname="com.CA.qa.TestCases.APITesting" name="testResponsecode" time="0.033"/>
  <system-out/>
  <testcase classname="com.CA.qa.TestCases.APITesting" name="testResponsecode" time="0.044"/>
  <system-out/>
  <testcase classname="com.CA.qa.TestCases.APITesting" name="testResponsecode" time="0.052"/>
  <system-out/>
  <testcase classname="com.CA.qa.TestCases.APITesting" name="testResponsecode" time="0.035"/>
  <system-out/>
  <testcase classname="com.CA.qa.TestCases.APITesting" name="testResponsecode" time="0.033"/>
  <system-out/>
  <testcase classname="com.CA.qa.TestCases.APITesting" name="testResponsecode" time="0.133"/>
  <system-out/>
  <testcase classname="com.CA.qa.TestCases.APITesting" name="testResponsecode" time="0.032"/>
  <system-out/>
  <testcase classname="com.CA.qa.TestCases.APITesting" name="testResponsecode" time="0.032"/>
  <system-out/>
  <testcase classname="com.CA.qa.TestCases.APITesting" name="testResponsecode" time="0.034"/>
  <system-out/>
  <testcase classname="com.CA.qa.TestCases.APITesting" name="testResponsecode" time="0.032"/>
  <system-out/>
  <testcase classname="com.CA.qa.TestCases.APITesting" name="testResponsecode" time="0.034"/>
  <system-out/>
  <testcase classname="com.CA.qa.TestCases.APITesting" name="testResponsecode" time="0.034"/>
  <system-out/>
  <testcase classname="com.CA.qa.TestCases.APITesting" name="testResponsecode" time="0.035"/>
  <system-out/>
  <testcase classname="com.CA.qa.TestCases.APITesting" name="testResponsecode" time="0.034"/>
  <system-out/>
  <testcase classname="com.CA.qa.TestCases.APITesting" name="testResponsecode" time="0.034"/>
  <system-out/>
  <testcase classname="com.CA.qa.TestCases.APITesting" name="testResponsecode" time="0.046"/>
  <system-out/>
  <testcase classname="com.CA.qa.TestCases.APITesting" name="testResponsecode" time="0.039"/>
  <system-out/>
  <testcase classname="com.CA.qa.TestCases.APITesting" name="testResponsecode" time="0.037"/>
  <system-out/>
  <testcase classname="com.CA.qa.TestCases.APITesting" name="testResponsecode" time="0.158"/>
  <system-out/>
  <testcase classname="com.CA.qa.TestCases.APITesting" name="testResponsecode" time="0.039"/>
  <system-out/>
  <testcase classname="com.CA.qa.TestCases.APITesting" name="testResponsecode" time="0.049"/>
  <system-out/>
  <testcase classname="com.CA.qa.TestCases.APITesting" name="testResponsecode" time="0.046"/>
  <system-out/>
  <testcase classname="com.CA.qa.TestCases.APITesting" name="testResponsecode" time="0.033"/>
  <system-out/>
  <testcase classname="com.CA.qa.TestCases.APITesting" name="testResponsecode" time="0.034"/>
  <system-out/>
  <testcase classname="com.CA.qa.TestCases.APITesting" name="testResponsecode" time="0.035"/>
  <system-out/>
  <testcase classname="com.CA.qa.TestCases.APITesting" name="testResponsecode" time="0.033"/>
  <system-out/>
  <testcase classname="com.CA.qa.TestCases.APITesting" name="testResponsecode" time="0.047"/>
  <system-out/>
  <testcase classname="com.CA.qa.TestCases.APITesting" name="testResponsecode" time="0.036"/>
  <system-out/>
  <testcase classname="com.CA.qa.TestCases.APITesting" name="testResponsecode" time="0.033"/>
  <system-out/>
  <testcase classname="com.CA.qa.TestCases.APITesting" name="testResponsecode" time="0.036"/>
  <system-out/>
  <testcase classname="com.CA.qa.TestCases.APITesting" name="testResponsecode" time="0.037"/>
  <system-out/>
  <testcase classname="com.CA.qa.TestCases.APITesting" name="testResponsecode" time="0.033"/>
  <system-out/>
  <testcase classname="com.CA.qa.TestCases.APITesting" name="testResponsecode" time="0.173"/>
  <system-out/>
  <testcase classname="com.CA.qa.TestCases.APITesting" name="testResponsecode" time="0.038"/>
  <system-out/>
  <testcase classname="com.CA.qa.TestCases.APITesting" name="testResponsecode" time="0.033"/>
  <system-out/>
  <testcase classname="com.CA.qa.TestCases.APITesting" name="testResponsecode" time="0.042"/>
  <system-out/>
  <testcase classname="com.CA.qa.TestCases.APITesting" name="testResponsecode" time="0.041"/>
  <system-out/>
  <testcase classname="com.CA.qa.TestCases.APITesting" name="testResponsecode" time="0.125"/>
  <system-out/>
  <testcase classname="com.CA.qa.TestCases.APITesting" name="testResponsecode" time="0.141"/>
  <system-out/>
  <testcase classname="com.CA.qa.TestCases.APITesting" name="testResponsecode" time="0.032"/>
  <system-out/>
  <testcase classname="com.CA.qa.TestCases.APITesting" name="testResponsecode" time="0.143"/>
  <system-out/>
  <testcase classname="com.CA.qa.TestCases.APITesting" name="testResponsecode" time="0.039"/>
  <system-out/>
  <testcase classname="com.CA.qa.TestCases.APITesting" name="testResponsecode" time="0.037"/>
  <system-out/>
  <testcase classname="com.CA.qa.TestCases.APITesting" name="testResponsecode" time="0.047"/>
  <system-out/>
  <testcase classname="com.CA.qa.TestCases.APITesting" name="testResponsecode" time="0.035"/>
  <system-out/>
  <testcase classname="com.CA.qa.TestCases.APITesting" name="testResponsecode" time="0.035"/>
  <system-out/>
  <testcase classname="com.CA.qa.TestCases.APITesting" name="testResponsecode" time="0.036"/>
  <system-out/>
  <testcase classname="com.CA.qa.TestCases.APITesting" name="testResponsecode" time="0.040"/>
  <system-out/>
  <testcase classname="com.CA.qa.TestCases.APITesting" name="testResponsecode" time="0.033"/>
  <system-out/>
  <testcase classname="com.CA.qa.TestCases.APITesting" name="testResponsecode" time="0.037"/>
  <system-out/>
  <testcase classname="com.CA.qa.TestCases.APITesting" name="testResponsecode" time="0.035"/>
  <system-out/>
  <testcase classname="com.CA.qa.TestCases.APITesting" name="testResponsecode" time="0.033"/>
  <system-out/>
  <testcase classname="com.CA.qa.TestCases.APITesting" name="testResponsecode" time="0.036"/>
  <system-out/>
  <testcase classname="com.CA.qa.TestCases.APITesting" name="testResponsecode" time="0.032"/>
  <system-out/>
  <testcase classname="com.CA.qa.TestCases.APITesting" name="testResponsecode" time="0.035"/>
  <system-out/>
  <testcase classname="com.CA.qa.TestCases.APITesting" name="testResponsecode" time="0.035"/>
  <system-out/>
  <testcase classname="com.CA.qa.TestCases.APITesting" name="testResponsecode" time="0.035"/>
  <system-out/>
  <testcase classname="com.CA.qa.TestCases.APITesting" name="testResponsecode" time="0.034"/>
  <system-out/>
  <testcase classname="com.CA.qa.TestCases.APITesting" name="testResponsecode" time="0.032"/>
  <system-out/>
  <testcase classname="com.CA.qa.TestCases.APITesting" name="testResponsecode" time="0.036"/>
  <system-out/>
  <testcase classname="com.CA.qa.TestCases.APITesting" name="testResponsecode" time="0.033"/>
  <system-out/>
  <testcase classname="com.CA.qa.TestCases.APITesting" name="testResponsecode" time="0.154"/>
  <system-out/>
  <testcase classname="com.CA.qa.TestCases.APITesting" name="testResponsecode" time="0.033"/>
  <system-out/>
  <testcase classname="com.CA.qa.TestCases.APITesting" name="testResponsecode" time="0.032"/>
  <system-out/>
  <testcase classname="com.CA.qa.TestCases.APITesting" name="testResponsecode" time="0.040"/>
  <system-out/>
  <testcase classname="com.CA.qa.TestCases.APITesting" name="testResponsecode" time="0.036"/>
  <system-out/>
  <testcase classname="com.CA.qa.TestCases.APITesting" name="testResponsecode" time="0.316"/>
  <system-out/>
  <testcase classname="com.CA.qa.TestCases.APITesting" name="testResponsecode" time="0.158"/>
  <system-out/>
  <testcase classname="com.CA.qa.TestCases.APITesting" name="testResponsecode" time="0.033"/>
  <system-out/>
  <testcase classname="com.CA.qa.TestCases.APITesting" name="testResponsecode" time="0.037"/>
  <system-out/>
  <testcase classname="com.CA.qa.TestCases.APITesting" name="testResponsecode" time="0.033"/>
  <system-out/>
  <testcase classname="com.CA.qa.TestCases.APITesting" name="testResponsecode" time="0.034"/>
  <system-out/>
  <testcase classname="com.CA.qa.TestCases.APITesting" name="testResponsecode" time="0.149"/>
  <system-out/>
  <testcase classname="com.CA.qa.TestCases.APITesting" name="testResponsecode" time="0.055"/>
  <system-out/>
  <testcase classname="com.CA.qa.TestCases.APITesting" name="testResponsecode" time="0.044"/>
  <system-out/>
  <testcase classname="com.CA.qa.TestCases.APITesting" name="testResponsecode" time="0.053"/>
  <system-out/>
  <testcase classname="com.CA.qa.TestCases.APITesting" name="testResponsecode" time="0.034"/>
  <system-out/>
  <testcase classname="com.CA.qa.TestCases.APITesting" name="testResponsecode" time="0.034"/>
  <system-out/>
  <testcase classname="com.CA.qa.TestCases.APITesting" name="testResponsecode" time="0.049"/>
  <system-out/>
  <testcase classname="com.CA.qa.TestCases.APITesting" name="testResponsecode" time="0.034"/>
  <system-out/>
  <testcase classname="com.CA.qa.TestCases.APITesting" name="testResponsecode" time="0.036"/>
  <system-out/>
  <testcase classname="com.CA.qa.TestCases.APITesting" name="testResponsecode" time="0.037"/>
  <system-out/>
  <testcase classname="com.CA.qa.TestCases.APITesting" name="testResponsecode" time="0.036"/>
  <system-out/>
  <testcase classname="com.CA.qa.TestCases.APITesting" name="testResponsecode" time="0.161"/>
  <system-out/>
  <testcase classname="com.CA.qa.TestCases.APITesting" name="testResponsecode" time="0.038"/>
  <system-out/>
  <testcase classname="com.CA.qa.TestCases.APITesting" name="testResponsecode" time="0.036"/>
  <system-out/>
  <testcase classname="com.CA.qa.TestCases.APITesting" name="testResponsecode" time="0.044"/>
  <system-out/>
  <testcase classname="com.CA.qa.TestCases.APITesting" name="testResponsecode" time="0.033"/>
  <system-out/>
  <testcase classname="com.CA.qa.TestCases.APITesting" name="testResponsecode" time="0.037"/>
  <system-out/>
  <testcase classname="com.CA.qa.TestCases.APITesting" name="testResponsecode" time="0.033"/>
  <system-out/>
  <testcase classname="com.CA.qa.TestCases.APITesting" name="testResponsecode" time="0.033"/>
  <system-out/>
  <testcase classname="com.CA.qa.TestCases.APITesting" name="testResponsecode" time="0.134"/>
  <system-out/>
  <testcase classname="com.CA.qa.TestCases.APITesting" name="testResponsecode" time="0.044"/>
  <system-out/>
  <testcase classname="com.CA.qa.TestCases.APITesting" name="testResponsecode" time="0.050"/>
  <system-out/>
  <testcase classname="com.CA.qa.TestCases.APITesting" name="testResponsecode" time="0.042"/>
  <system-out/>
  <testcase classname="com.CA.qa.TestCases.APITesting" name="testResponsecode" time="0.046"/>
  <system-out/>
  <testcase classname="com.CA.qa.TestCases.APITesting" name="testResponsecode" time="0.038"/>
  <system-out/>
  <testcase classname="com.CA.qa.TestCases.APITesting" name="testResponsecode" time="0.033"/>
  <system-out/>
  <testcase classname="com.CA.qa.TestCases.APITesting" name="testResponsecode" time="0.033"/>
  <system-out/>
  <testcase classname="com.CA.qa.TestCases.APITesting" name="testResponsecode" time="0.047"/>
  <system-out/>
  <testcase classname="com.CA.qa.TestCases.APITesting" name="testResponsecode" time="0.130"/>
  <system-out/>
  <testcase classname="com.CA.qa.TestCases.APITesting" name="testResponsecode" time="0.056"/>
  <system-out/>
  <testcase classname="com.CA.qa.TestCases.APITesting" name="testResponsecode" time="0.033"/>
  <system-out/>
  <testcase classname="com.CA.qa.TestCases.APITesting" name="testResponsecode" time="0.042"/>
  <system-out/>
  <testcase classname="com.CA.qa.TestCases.APITesting" name="testResponsecode" time="0.034"/>
  <system-out/>
  <testcase classname="com.CA.qa.TestCases.APITesting" name="testResponsecode" time="0.183"/>
  <system-out/>
  <testcase classname="com.CA.qa.TestCases.APITesting" name="testResponsecode" time="0.033"/>
  <system-out/>
  <testcase classname="com.CA.qa.TestCases.APITesting" name="testResponsecode" time="0.154"/>
  <system-out/>
  <testcase classname="com.CA.qa.TestCases.APITesting" name="testResponsecode" time="0.032"/>
  <system-out/>
  <testcase classname="com.CA.qa.TestCases.APITesting" name="testResponsecode" time="0.037"/>
  <system-out/>
  <testcase classname="com.CA.qa.TestCases.APITesting" name="testResponsecode" time="0.034"/>
  <system-out/>
  <testcase classname="com.CA.qa.TestCases.APITesting" name="testResponsecode" time="0.035"/>
  <system-out/>
  <testcase classname="com.CA.qa.TestCases.APITesting" name="testResponsecode" time="0.043"/>
  <system-out/>
  <testcase classname="com.CA.qa.TestCases.APITesting" name="testResponsecode" time="0.051"/>
  <system-out/>
  <testcase classname="com.CA.qa.TestCases.APITesting" name="testResponsecode" time="0.037"/>
  <system-out/>
  <testcase classname="com.CA.qa.TestCases.APITesting" name="testResponsecode" time="0.054"/>
  <system-out/>
  <testcase classname="com.CA.qa.TestCases.APITesting" name="testResponsecode" time="0.046"/>
  <system-out/>
  <testcase classname="com.CA.qa.TestCases.APITesting" name="testResponsecode" time="0.034"/>
  <system-out/>
  <testcase classname="com.CA.qa.TestCases.APITesting" name="testResponsecode" time="0.033"/>
  <system-out/>
  <testcase classname="com.CA.qa.TestCases.APITesting" name="testResponsecode" time="0.047"/>
  <system-out/>
  <testcase classname="com.CA.qa.TestCases.APITesting" name="testResponsecode" time="0.038"/>
  <system-out/>
  <testcase classname="com.CA.qa.TestCases.APITesting" name="testResponsecode" time="0.035"/>
  <system-out/>
  <testcase classname="com.CA.qa.TestCases.APITesting" name="testResponsecode" time="0.034"/>
  <system-out/>
  <testcase classname="com.CA.qa.TestCases.APITesting" name="testResponsecode" time="0.037"/>
  <system-out/>
  <testcase classname="com.CA.qa.TestCases.APITesting" name="testResponsecode" time="0.036"/>
  <system-out/>
  <testcase classname="com.CA.qa.TestCases.APITesting" name="testResponsecode" time="0.039"/>
  <system-out/>
  <testcase classname="com.CA.qa.TestCases.APITesting" name="testResponsecode" time="0.037"/>
  <system-out/>
  <testcase classname="com.CA.qa.TestCases.APITesting" name="testResponsecode" time="0.034"/>
  <system-out/>
  <testcase classname="com.CA.qa.TestCases.APITesting" name="testResponsecode" time="0.035"/>
  <system-out/>
  <testcase classname="com.CA.qa.TestCases.APITesting" name="testResponsecode" time="0.045"/>
  <system-out/>
  <testcase classname="com.CA.qa.TestCases.APITesting" name="testResponsecode" time="0.040"/>
  <system-out/>
  <testcase classname="com.CA.qa.TestCases.APITesting" name="testResponsecode" time="0.035"/>
  <system-out/>
  <testcase classname="com.CA.qa.TestCases.APITesting" name="testResponsecode" time="0.038"/>
  <system-out/>
  <testcase classname="com.CA.qa.TestCases.APITesting" name="testResponsecode" time="0.033"/>
  <system-out/>
  <testcase classname="com.CA.qa.TestCases.APITesting" name="testResponsecode" time="0.068"/>
  <system-out/>
  <testcase classname="com.CA.qa.TestCases.APITesting" name="testResponsecode" time="0.035"/>
  <system-out/>
  <testcase classname="com.CA.qa.TestCases.APITesting" name="testResponsecode" time="0.038"/>
  <system-out/>
  <testcase classname="com.CA.qa.TestCases.APITesting" name="testResponsecode" time="0.032"/>
  <system-out/>
  <testcase classname="com.CA.qa.TestCases.APITesting" name="testResponsecode" time="0.125"/>
  <system-out/>
  <testcase classname="com.CA.qa.TestCases.APITesting" name="testResponsecode" time="0.035"/>
  <system-out/>
  <testcase classname="com.CA.qa.TestCases.APITesting" name="testResponsecode" time="0.044"/>
  <system-out/>
  <testcase classname="com.CA.qa.TestCases.APITesting" name="testResponsecode" time="0.033"/>
  <system-out/>
  <testcase classname="com.CA.qa.TestCases.APITesting" name="testResponsecode" time="0.033"/>
  <system-out/>
  <testcase classname="com.CA.qa.TestCases.APITesting" name="testResponsecode" time="0.035"/>
  <system-out/>
  <testcase classname="com.CA.qa.TestCases.APITesting" name="testResponsecode" time="0.163"/>
  <system-out/>
  <testcase classname="com.CA.qa.TestCases.APITesting" name="testResponsecode" time="0.042"/>
  <system-out/>
  <testcase classname="com.CA.qa.TestCases.APITesting" name="testResponsecode" time="0.037"/>
  <system-out/>
  <testcase classname="com.CA.qa.TestCases.APITesting" name="testResponsecode" time="0.038"/>
  <system-out/>
  <testcase classname="com.CA.qa.TestCases.APITesting" name="testResponsecode" time="0.034"/>
  <system-out/>
  <testcase classname="com.CA.qa.TestCases.APITesting" name="testResponsecode" time="0.034"/>
  <system-out/>
  <testcase classname="com.CA.qa.TestCases.APITesting" name="testResponsecode" time="0.041"/>
  <system-out/>
  <testcase classname="com.CA.qa.TestCases.APITesting" name="testResponsecode" time="0.033"/>
  <system-out/>
  <testcase classname="com.CA.qa.TestCases.APITesting" name="testResponsecode" time="0.150"/>
  <system-out/>
  <testcase classname="com.CA.qa.TestCases.APITesting" name="testResponsecode" time="0.035"/>
  <system-out/>
  <testcase classname="com.CA.qa.TestCases.APITesting" name="testResponsecode" time="0.032"/>
  <system-out/>
  <testcase classname="com.CA.qa.TestCases.APITesting" name="testResponsecode" time="0.035"/>
  <system-out/>
  <testcase classname="com.CA.qa.TestCases.APITesting" name="testResponsecode" time="0.037"/>
  <system-out/>
  <testcase classname="com.CA.qa.TestCases.APITesting" name="testResponsecode" time="0.042"/>
  <system-out/>
  <testcase classname="com.CA.qa.TestCases.APITesting" name="testResponsecode" time="0.035"/>
  <system-out/>
  <testcase classname="com.CA.qa.TestCases.APITesting" name="testResponsecode" time="0.040"/>
  <system-out/>
  <testcase classname="com.CA.qa.TestCases.APITesting" name="testResponsecode" time="0.038"/>
  <system-out/>
  <testcase classname="com.CA.qa.TestCases.APITesting" name="testResponsecode" time="0.036"/>
  <system-out/>
  <testcase classname="com.CA.qa.TestCases.APITesting" name="testResponsecode" time="0.039"/>
  <system-out/>
  <testcase classname="com.CA.qa.TestCases.APITesting" name="testResponsecode" time="0.035"/>
  <system-out/>
  <testcase classname="com.CA.qa.TestCases.APITesting" name="testResponsecode" time="0.037"/>
  <system-out/>
  <testcase classname="com.CA.qa.TestCases.APITesting" name="testResponsecode" time="0.040"/>
  <system-out/>
  <testcase classname="com.CA.qa.TestCases.APITesting" name="testResponsecode" time="0.147"/>
  <system-out/>
  <testcase classname="com.CA.qa.TestCases.APITesting" name="testResponsecode" time="0.037"/>
  <system-out/>
  <testcase classname="com.CA.qa.TestCases.APITesting" name="testResponsecode" time="0.034"/>
  <system-out/>
  <testcase classname="com.CA.qa.TestCases.APITesting" name="testResponsecode" time="0.037"/>
  <system-out/>
  <testcase classname="com.CA.qa.TestCases.APITesting" name="testResponsecode" time="0.034"/>
  <system-out/>
  <testcase classname="com.CA.qa.TestCases.APITesting" name="testResponsecode" time="0.034"/>
  <system-out/>
  <testcase classname="com.CA.qa.TestCases.APITesting" name="testResponsecode" time="0.034"/>
  <system-out/>
  <testcase classname="com.CA.qa.TestCases.APITesting" name="testResponsecode" time="0.123"/>
  <system-out/>
  <testcase classname="com.CA.qa.TestCases.APITesting" name="testResponsecode" time="0.035"/>
  <system-out/>
  <testcase classname="com.CA.qa.TestCases.APITesting" name="testResponsecode" time="0.032"/>
  <system-out/>
  <testcase classname="com.CA.qa.TestCases.APITesting" name="testResponsecode" time="0.033"/>
  <system-out/>
  <testcase classname="com.CA.qa.TestCases.APITesting" name="testResponsecode" time="0.067"/>
  <system-out/>
  <testcase classname="com.CA.qa.TestCases.APITesting" name="testResponsecode" time="0.034"/>
  <system-out/>
  <testcase classname="com.CA.qa.TestCases.APITesting" name="testResponsecode" time="0.033"/>
  <system-out/>
  <testcase classname="com.CA.qa.TestCases.APITesting" name="testResponsecode" time="0.038"/>
  <system-out/>
  <testcase classname="com.CA.qa.TestCases.APITesting" name="testResponsecode" time="0.040"/>
  <system-out/>
  <testcase classname="com.CA.qa.TestCases.APITesting" name="testResponsecode" time="0.032"/>
  <system-out/>
  <testcase classname="com.CA.qa.TestCases.APITesting" name="testResponsecode" time="0.035"/>
  <system-out/>
  <testcase classname="com.CA.qa.TestCases.APITesting" name="testResponsecode" time="0.190"/>
  <system-out/>
  <testcase classname="com.CA.qa.TestCases.APITesting" name="testResponsecode" time="0.042"/>
  <system-out/>
  <testcase classname="com.CA.qa.TestCases.APITesting" name="testResponsecode" time="0.132"/>
  <system-out/>
  <testcase classname="com.CA.qa.TestCases.APITesting" name="testResponsecode" time="0.032"/>
  <system-out/>
  <testcase classname="com.CA.qa.TestCases.APITesting" name="testResponsecode" time="0.033"/>
  <system-out/>
  <testcase classname="com.CA.qa.TestCases.APITesting" name="testResponsecode" time="0.035"/>
  <system-out/>
  <testcase classname="com.CA.qa.TestCases.APITesting" name="testResponsecode" time="0.476"/>
  <system-out/>
  <testcase classname="com.CA.qa.TestCases.APITesting" name="testResponsecode" time="0.036"/>
  <system-out/>
  <testcase classname="com.CA.qa.TestCases.APITesting" name="testResponsecode" time="0.034"/>
  <system-out/>
  <testcase classname="com.CA.qa.TestCases.APITesting" name="testResponsecode" time="0.044"/>
  <system-out/>
  <testcase classname="com.CA.qa.TestCases.APITesting" name="testResponsecode" time="0.033"/>
  <system-out/>
  <testcase classname="com.CA.qa.TestCases.APITesting" name="testResponsecode" time="0.033"/>
  <system-out/>
  <testcase classname="com.CA.qa.TestCases.APITesting" name="testResponsecode" time="0.036"/>
  <system-out/>
  <testcase classname="com.CA.qa.TestCases.APITesting" name="testResponsecode" time="0.035"/>
  <system-out/>
  <testcase classname="com.CA.qa.TestCases.APITesting" name="testResponsecode" time="0.152"/>
  <system-out/>
  <testcase classname="com.CA.qa.TestCases.APITesting" name="testResponsecode" time="0.049"/>
  <system-out/>
  <testcase classname="com.CA.qa.TestCases.APITesting" name="testResponsecode" time="0.037"/>
  <system-out/>
  <testcase classname="com.CA.qa.TestCases.APITesting" name="testResponsecode" time="0.038"/>
  <system-out/>
  <testcase classname="com.CA.qa.TestCases.APITesting" name="testResponsecode" time="0.137"/>
  <system-out/>
  <testcase classname="com.CA.qa.TestCases.APITesting" name="testResponsecode" time="0.033"/>
  <system-out/>
  <testcase classname="com.CA.qa.TestCases.APITesting" name="testResponsecode" time="0.150"/>
  <system-out/>
  <testcase classname="com.CA.qa.TestCases.APITesting" name="testResponsecode" time="0.033"/>
  <system-out/>
  <testcase classname="com.CA.qa.TestCases.APITesting" name="testResponsecode" time="0.430"/>
  <system-out/>
  <testcase classname="com.CA.qa.TestCases.APITesting" name="testResponsecode" time="0.034"/>
  <system-out/>
  <testcase classname="com.CA.qa.TestCases.APITesting" name="testResponsecode" time="0.039"/>
  <system-out/>
  <testcase classname="com.CA.qa.TestCases.APITesting" name="testResponsecode" time="0.036"/>
  <system-out/>
  <testcase classname="com.CA.qa.TestCases.APITesting" name="testResponsecode" time="0.036"/>
  <system-out/>
  <testcase classname="com.CA.qa.TestCases.APITesting" name="testResponsecode" time="0.057"/>
  <system-out/>
  <testcase classname="com.CA.qa.TestCases.APITesting" name="testResponsecode" time="0.034"/>
  <system-out/>
  <testcase classname="com.CA.qa.TestCases.APITesting" name="testResponsecode" time="0.034"/>
  <system-out/>
  <testcase classname="com.CA.qa.TestCases.APITesting" name="testResponsecode" time="0.037"/>
  <system-out/>
  <testcase classname="com.CA.qa.TestCases.APITesting" name="testResponsecode" time="0.034"/>
  <system-out/>
  <testcase classname="com.CA.qa.TestCases.APITesting" name="testResponsecode" time="0.039"/>
  <system-out/>
  <testcase classname="com.CA.qa.TestCases.APITesting" name="testResponsecode" time="0.163"/>
  <system-out/>
  <testcase classname="com.CA.qa.TestCases.APITesting" name="testResponsecode" time="0.045"/>
  <system-out/>
  <testcase classname="com.CA.qa.TestCases.APITesting" name="testResponsecode" time="0.039"/>
  <system-out/>
  <testcase classname="com.CA.qa.TestCases.APITesting" name="testResponsecode" time="0.035"/>
  <system-out/>
  <testcase classname="com.CA.qa.TestCases.APITesting" name="testResponsecode" time="0.595"/>
  <system-out/>
  <testcase classname="com.CA.qa.TestCases.APITesting" name="testResponsecode" time="0.034"/>
  <system-out/>
  <testcase classname="com.CA.qa.TestCases.APITesting" name="testResponsecode" time="0.034"/>
  <system-out/>
  <testcase classname="com.CA.qa.TestCases.APITesting" name="testResponsecode" time="0.035"/>
  <system-out/>
  <testcase classname="com.CA.qa.TestCases.APITesting" name="testResponsecode" time="0.037"/>
  <system-out/>
  <testcase classname="com.CA.qa.TestCases.APITesting" name="testResponsecode" time="0.034"/>
  <system-out/>
  <testcase classname="com.CA.qa.TestCases.APITesting" name="testResponsecode" time="0.039"/>
  <system-out/>
  <testcase classname="com.CA.qa.TestCases.APITesting" name="testResponsecode" time="0.164"/>
  <system-out/>
  <testcase classname="com.CA.qa.TestCases.APITesting" name="testResponsecode" time="0.036"/>
  <system-out/>
  <testcase classname="com.CA.qa.TestCases.APITesting" name="testResponsecode" time="0.033"/>
  <system-out/>
  <testcase classname="com.CA.qa.TestCases.APITesting" name="testResponsecode" time="0.071"/>
  <system-out/>
  <testcase classname="com.CA.qa.TestCases.APITesting" name="testResponsecode" time="0.035"/>
  <system-out/>
  <testcase classname="com.CA.qa.TestCases.APITesting" name="testResponsecode" time="0.033"/>
  <system-out/>
  <testcase classname="com.CA.qa.TestCases.APITesting" name="testResponsecode" time="0.037"/>
  <system-out/>
  <testcase classname="com.CA.qa.TestCases.APITesting" name="testResponsecode" time="0.033"/>
  <system-out/>
  <testcase classname="com.CA.qa.TestCases.APITesting" name="testResponsecode" time="0.125"/>
  <system-out/>
  <testcase classname="com.CA.qa.TestCases.APITesting" name="testResponsecode" time="0.034"/>
  <system-out/>
  <testcase classname="com.CA.qa.TestCases.APITesting" name="testResponsecode" time="0.044"/>
  <system-out/>
  <testcase classname="com.CA.qa.TestCases.APITesting" name="testResponsecode" time="0.034"/>
  <system-out/>
  <testcase classname="com.CA.qa.TestCases.APITesting" name="testResponsecode" time="0.045"/>
  <system-out/>
  <testcase classname="com.CA.qa.TestCases.APITesting" name="testResponsecode" time="0.045"/>
  <system-out/>
  <testcase classname="com.CA.qa.TestCases.APITesting" name="testResponsecode" time="0.037"/>
  <system-out/>
  <testcase classname="com.CA.qa.TestCases.APITesting" name="testResponsecode" time="0.032"/>
  <system-out/>
  <testcase classname="com.CA.qa.TestCases.APITesting" name="testResponsecode" time="0.043"/>
  <system-out/>
  <testcase classname="com.CA.qa.TestCases.APITesting" name="testResponsecode" time="0.041"/>
  <system-out/>
  <testcase classname="com.CA.qa.TestCases.APITesting" name="testResponsecode" time="0.045"/>
  <system-out/>
  <testcase classname="com.CA.qa.TestCases.APITesting" name="testResponsecode" time="0.037"/>
  <system-out/>
  <testcase classname="com.CA.qa.TestCases.APITesting" name="testResponsecode" time="0.040"/>
  <system-out/>
  <testcase classname="com.CA.qa.TestCases.APITesting" name="testResponsecode" time="0.032"/>
  <system-out/>
  <testcase classname="com.CA.qa.TestCases.APITesting" name="testResponsecode" time="0.045"/>
  <system-out/>
  <testcase classname="com.CA.qa.TestCases.APITesting" name="testResponsecode" time="0.034"/>
  <system-out/>
  <testcase classname="com.CA.qa.TestCases.APITesting" name="testResponsecode" time="0.035"/>
  <system-out/>
  <testcase classname="com.CA.qa.TestCases.APITesting" name="testResponsecode" time="0.739"/>
  <system-out/>
  <testcase classname="com.CA.qa.TestCases.APITesting" name="testResponsecode" time="0.033"/>
  <system-out/>
  <testcase classname="com.CA.qa.TestCases.APITesting" name="testResponsecode" time="0.036"/>
  <system-out/>
  <testcase classname="com.CA.qa.TestCases.APITesting" name="testResponsecode" time="0.034"/>
  <system-out/>
  <testcase classname="com.CA.qa.TestCases.APITesting" name="testResponsecode" time="0.039"/>
  <system-out/>
  <testcase classname="com.CA.qa.TestCases.APITesting" name="testResponsecode" time="0.034"/>
  <system-out/>
  <testcase classname="com.CA.qa.TestCases.APITesting" name="testResponsecode" time="0.041"/>
  <system-out/>
  <testcase classname="com.CA.qa.TestCases.APITesting" name="testResponsecode" time="0.036"/>
  <system-out/>
  <testcase classname="com.CA.qa.TestCases.APITesting" name="testResponsecode" time="0.035"/>
  <system-out/>
  <testcase classname="com.CA.qa.TestCases.APITesting" name="testResponsecode" time="0.035"/>
  <system-out/>
  <testcase classname="com.CA.qa.TestCases.APITesting" name="testResponsecode" time="0.047"/>
  <system-out/>
  <testcase classname="com.CA.qa.TestCases.APITesting" name="testResponsecode" time="0.189"/>
  <system-out/>
  <testcase classname="com.CA.qa.TestCases.APITesting" name="testResponsecode" time="0.035"/>
  <system-out/>
  <testcase classname="com.CA.qa.TestCases.APITesting" name="testResponsecode" time="0.044"/>
  <system-out/>
  <testcase classname="com.CA.qa.TestCases.APITesting" name="testResponsecode" time="0.033"/>
  <system-out/>
  <testcase classname="com.CA.qa.TestCases.APITesting" name="testResponsecode" time="0.038"/>
  <system-out/>
  <testcase classname="com.CA.qa.TestCases.APITesting" name="testResponsecode" time="0.035"/>
  <system-out/>
  <testcase classname="com.CA.qa.TestCases.APITesting" name="testResponsecode" time="0.033"/>
  <system-out/>
  <testcase classname="com.CA.qa.TestCases.APITesting" name="testResponsecode" time="0.034"/>
  <system-out/>
  <testcase classname="com.CA.qa.TestCases.APITesting" name="testResponsecode" time="0.035"/>
  <system-out/>
  <testcase classname="com.CA.qa.TestCases.APITesting" name="testResponsecode" time="0.032"/>
  <system-out/>
  <testcase classname="com.CA.qa.TestCases.APITesting" name="testResponsecode" time="0.128"/>
  <system-out/>
  <testcase classname="com.CA.qa.TestCases.APITesting" name="testResponsecode" time="0.033"/>
  <system-out/>
  <testcase classname="com.CA.qa.TestCases.APITesting" name="testResponsecode" time="0.037"/>
  <system-out/>
  <testcase classname="com.CA.qa.TestCases.APITesting" name="testResponsecode" time="0.037"/>
  <system-out/>
  <testcase classname="com.CA.qa.TestCases.APITesting" name="testResponsecode" time="0.048"/>
  <system-out/>
  <testcase classname="com.CA.qa.TestCases.APITesting" name="testResponsecode" time="0.041"/>
  <system-out/>
  <testcase classname="com.CA.qa.TestCases.APITesting" name="testResponsecode" time="0.033"/>
  <system-out/>
  <testcase classname="com.CA.qa.TestCases.APITesting" name="testResponsecode" time="0.035"/>
  <system-out/>
  <testcase classname="com.CA.qa.TestCases.APITesting" name="testResponsecode" time="0.032"/>
  <system-out/>
  <testcase classname="com.CA.qa.TestCases.APITesting" name="testResponsecode" time="0.039"/>
  <system-out/>
  <testcase classname="com.CA.qa.TestCases.APITesting" name="testResponsecode" time="0.038"/>
  <system-out/>
  <testcase classname="com.CA.qa.TestCases.APITesting" name="testResponsecode" time="0.037"/>
  <system-out/>
  <testcase classname="com.CA.qa.TestCases.APITesting" name="testResponsecode" time="0.034"/>
  <system-out/>
  <testcase classname="com.CA.qa.TestCases.APITesting" name="testResponsecode" time="0.044"/>
  <system-out/>
  <testcase classname="com.CA.qa.TestCases.APITesting" name="testResponsecode" time="0.049"/>
  <system-out/>
  <testcase classname="com.CA.qa.TestCases.APITesting" name="testResponsecode" time="0.045"/>
  <system-out/>
  <testcase classname="com.CA.qa.TestCases.APITesting" name="testResponsecode" time="0.133"/>
  <system-out/>
  <testcase classname="com.CA.qa.TestCases.APITesting" name="testResponsecode" time="0.043"/>
  <system-out/>
  <testcase classname="com.CA.qa.TestCases.APITesting" name="testResponsecode" time="0.035"/>
  <system-out/>
  <testcase classname="com.CA.qa.TestCases.APITesting" name="testResponsecode" time="0.043"/>
  <system-out/>
  <testcase classname="com.CA.qa.TestCases.APITesting" name="testResponsecode" time="0.051"/>
  <system-out/>
  <testcase classname="com.CA.qa.TestCases.APITesting" name="testResponsecode" time="0.036"/>
  <system-out/>
  <testcase classname="com.CA.qa.TestCases.APITesting" name="testResponsecode" time="0.033"/>
  <system-out/>
  <testcase classname="com.CA.qa.TestCases.APITesting" name="testResponsecode" time="0.033"/>
  <system-out/>
  <testcase classname="com.CA.qa.TestCases.APITesting" name="testResponsecode" time="0.033"/>
  <system-out/>
  <testcase classname="com.CA.qa.TestCases.APITesting" name="testResponsecode" time="0.041"/>
  <system-out/>
  <testcase classname="com.CA.qa.TestCases.APITesting" name="testResponsecode" time="0.049"/>
  <system-out/>
  <testcase classname="com.CA.qa.TestCases.APITesting" name="testResponsecode" time="0.040"/>
  <system-out/>
  <testcase classname="com.CA.qa.TestCases.APITesting" name="testResponsecode" time="0.032"/>
  <system-out/>
  <testcase classname="com.CA.qa.TestCases.APITesting" name="testResponsecode" time="0.036"/>
  <system-out/>
  <testcase classname="com.CA.qa.TestCases.APITesting" name="testResponsecode" time="0.064"/>
  <system-out/>
  <testcase classname="com.CA.qa.TestCases.APITesting" name="testResponsecode" time="0.033"/>
  <system-out/>
  <testcase classname="com.CA.qa.TestCases.APITesting" name="testResponsecode" time="0.038"/>
  <system-out/>
  <testcase classname="com.CA.qa.TestCases.APITesting" name="testResponsecode" time="0.032"/>
  <system-out/>
  <testcase classname="com.CA.qa.TestCases.APITesting" name="testResponsecode" time="0.039"/>
  <system-out/>
  <testcase classname="com.CA.qa.TestCases.APITesting" name="testResponsecode" time="0.036"/>
  <system-out/>
  <testcase classname="com.CA.qa.TestCases.APITesting" name="testResponsecode" time="0.034"/>
  <system-out/>
  <testcase classname="com.CA.qa.TestCases.APITesting" name="testResponsecode" time="0.033"/>
  <system-out/>
  <testcase classname="com.CA.qa.TestCases.APITesting" name="testResponsecode" time="0.134"/>
  <system-out/>
  <testcase classname="com.CA.qa.TestCases.APITesting" name="testResponsecode" time="0.038"/>
  <system-out/>
  <testcase classname="com.CA.qa.TestCases.APITesting" name="testResponsecode" time="0.034"/>
  <system-out/>
  <testcase classname="com.CA.qa.TestCases.APITesting" name="testResponsecode" time="0.036"/>
  <system-out/>
  <testcase classname="com.CA.qa.TestCases.APITesting" name="testResponsecode" time="0.037"/>
  <system-out/>
  <testcase classname="com.CA.qa.TestCases.APITesting" name="testResponsecode" time="0.042"/>
  <system-out/>
  <testcase classname="com.CA.qa.TestCases.APITesting" name="testResponsecode" time="0.034"/>
  <system-out/>
  <testcase classname="com.CA.qa.TestCases.APITesting" name="testResponsecode" time="0.033"/>
  <system-out/>
  <testcase classname="com.CA.qa.TestCases.APITesting" name="testResponsecode" time="0.035"/>
  <system-out/>
  <testcase classname="com.CA.qa.TestCases.APITesting" name="testResponsecode" time="0.039"/>
  <system-out/>
  <testcase classname="com.CA.qa.TestCases.APITesting" name="testResponsecode" time="0.045"/>
  <system-out/>
  <testcase classname="com.CA.qa.TestCases.APITesting" name="testResponsecode" time="0.037"/>
  <system-out/>
  <testcase classname="com.CA.qa.TestCases.APITesting" name="testResponsecode" time="0.033"/>
  <system-out/>
  <testcase classname="com.CA.qa.TestCases.APITesting" name="testResponsecode" time="0.042"/>
  <system-out/>
  <testcase classname="com.CA.qa.TestCases.APITesting" name="testResponsecode" time="0.032"/>
  <system-out/>
  <testcase classname="com.CA.qa.TestCases.APITesting" name="testResponsecode" time="0.037"/>
  <system-out/>
  <testcase classname="com.CA.qa.TestCases.APITesting" name="testResponsecode" time="0.036"/>
  <system-out/>
  <testcase classname="com.CA.qa.TestCases.APITesting" name="testResponsecode" time="0.052"/>
  <system-out/>
  <testcase classname="com.CA.qa.TestCases.APITesting" name="testResponsecode" time="0.044"/>
  <system-out/>
  <testcase classname="com.CA.qa.TestCases.APITesting" name="testResponsecode" time="0.038"/>
  <system-out/>
  <testcase classname="com.CA.qa.TestCases.APITesting" name="testResponsecode" time="0.034"/>
  <system-out/>
  <testcase classname="com.CA.qa.TestCases.APITesting" name="testResponsecode" time="0.040"/>
  <system-out/>
  <testcase classname="com.CA.qa.TestCases.APITesting" name="testResponsecode" time="0.043"/>
  <system-out/>
  <testcase classname="com.CA.qa.TestCases.APITesting" name="testResponsecode" time="0.034"/>
  <system-out/>
  <testcase classname="com.CA.qa.TestCases.APITesting" name="testResponsecode" time="0.033"/>
  <system-out/>
  <testcase classname="com.CA.qa.TestCases.APITesting" name="testResponsecode" time="0.052"/>
  <system-out/>
  <testcase classname="com.CA.qa.TestCases.APITesting" name="testResponsecode" time="0.034"/>
  <system-out/>
  <testcase classname="com.CA.qa.TestCases.APITesting" name="testResponsecode" time="0.035"/>
  <system-out/>
  <testcase classname="com.CA.qa.TestCases.APITesting" name="testResponsecode" time="0.042"/>
  <system-out/>
  <testcase classname="com.CA.qa.TestCases.APITesting" name="testResponsecode" time="0.145"/>
  <system-out/>
  <testcase classname="com.CA.qa.TestCases.APITesting" name="testResponsecode" time="0.040"/>
  <system-out/>
  <testcase classname="com.CA.qa.TestCases.APITesting" name="testResponsecode" time="0.038"/>
  <system-out/>
  <testcase classname="com.CA.qa.TestCases.APITesting" name="testResponsecode" time="0.038"/>
  <system-out/>
  <testcase classname="com.CA.qa.TestCases.APITesting" name="testResponsecode" time="0.033"/>
  <system-out/>
  <testcase classname="com.CA.qa.TestCases.APITesting" name="testResponsecode" time="0.061"/>
  <system-out/>
  <testcase classname="com.CA.qa.TestCases.APITesting" name="testResponsecode" time="0.033"/>
  <system-out/>
  <testcase classname="com.CA.qa.TestCases.APITesting" name="testResponsecode" time="0.041"/>
  <system-out/>
  <testcase classname="com.CA.qa.TestCases.APITesting" name="testResponsecode" time="0.034"/>
  <system-out/>
  <testcase classname="com.CA.qa.TestCases.APITesting" name="testResponsecode" time="0.174"/>
  <system-out/>
  <testcase classname="com.CA.qa.TestCases.APITesting" name="testResponsecode" time="0.035"/>
  <system-out/>
  <testcase classname="com.CA.qa.TestCases.APITesting" name="testResponsecode" time="0.035"/>
  <system-out/>
  <testcase classname="com.CA.qa.TestCases.APITesting" name="testResponsecode" time="0.036"/>
  <system-out/>
  <testcase classname="com.CA.qa.TestCases.APITesting" name="testResponsecode" time="0.036"/>
  <system-out/>
  <testcase classname="com.CA.qa.TestCases.APITesting" name="testResponsecode" time="0.036"/>
  <system-out/>
  <testcase classname="com.CA.qa.TestCases.APITesting" name="testResponsecode" time="0.161"/>
  <system-out/>
  <testcase classname="com.CA.qa.TestCases.APITesting" name="testResponsecode" time="0.034"/>
  <system-out/>
  <testcase classname="com.CA.qa.TestCases.APITesting" name="testResponsecode" time="0.036"/>
  <system-out/>
  <testcase classname="com.CA.qa.TestCases.APITesting" name="testResponsecode" time="0.033"/>
  <system-out/>
  <testcase classname="com.CA.qa.TestCases.APITesting" name="testResponsecode" time="0.164"/>
  <system-out/>
  <testcase classname="com.CA.qa.TestCases.APITesting" name="testResponsecode" time="0.033"/>
  <system-out/>
  <testcase classname="com.CA.qa.TestCases.APITesting" name="testResponsecode" time="0.161"/>
  <system-out/>
  <testcase classname="com.CA.qa.TestCases.APITesting" name="testResponsecode" time="0.073"/>
  <system-out/>
  <testcase classname="com.CA.qa.TestCases.APITesting" name="testResponsecode" time="0.036"/>
  <system-out/>
  <testcase classname="com.CA.qa.TestCases.APITesting" name="testResponsecode" time="0.034"/>
  <system-out/>
  <testcase classname="com.CA.qa.TestCases.APITesting" name="testResponsecode" time="0.076"/>
  <system-out/>
  <testcase classname="com.CA.qa.TestCases.APITesting" name="testResponsecode" time="0.145"/>
  <system-out/>
  <testcase classname="com.CA.qa.TestCases.APITesting" name="testResponsecode" time="0.167"/>
  <system-out/>
  <testcase classname="com.CA.qa.TestCases.APITesting" name="testResponsecode" time="0.033"/>
  <system-out/>
  <testcase classname="com.CA.qa.TestCases.APITesting" name="testResponsecode" time="0.033"/>
  <system-out/>
  <testcase classname="com.CA.qa.TestCases.APITesting" name="testResponsecode" time="0.036"/>
  <system-out/>
  <testcase classname="com.CA.qa.TestCases.APITesting" name="testResponsecode" time="0.039"/>
  <system-out/>
  <testcase classname="com.CA.qa.TestCases.APITesting" name="testResponsecode" time="0.038"/>
  <system-out/>
  <testcase classname="com.CA.qa.TestCases.APITesting" name="testResponsecode" time="0.033"/>
  <system-out/>
  <testcase classname="com.CA.qa.TestCases.APITesting" name="testResponsecode" time="0.034"/>
  <system-out/>
  <testcase classname="com.CA.qa.TestCases.APITesting" name="testResponsecode" time="0.036"/>
  <system-out/>
  <testcase classname="com.CA.qa.TestCases.APITesting" name="testResponsecode" time="0.034"/>
  <system-out/>
  <testcase classname="com.CA.qa.TestCases.APITesting" name="testResponsecode" time="0.036"/>
  <system-out/>
  <testcase classname="com.CA.qa.TestCases.APITesting" name="testResponsecode" time="0.032"/>
  <system-out/>
  <testcase classname="com.CA.qa.TestCases.APITesting" name="testResponsecode" time="0.033"/>
  <system-out/>
  <testcase classname="com.CA.qa.TestCases.APITesting" name="testResponsecode" time="0.032"/>
  <system-out/>
  <testcase classname="com.CA.qa.TestCases.APITesting" name="testResponsecode" time="0.035"/>
  <system-out/>
  <testcase classname="com.CA.qa.TestCases.APITesting" name="testResponsecode" time="0.032"/>
  <system-out/>
  <testcase classname="com.CA.qa.TestCases.APITesting" name="testResponsecode" time="0.057"/>
  <system-out/>
  <testcase classname="com.CA.qa.TestCases.APITesting" name="testResponsecode" time="0.034"/>
  <system-out/>
  <testcase classname="com.CA.qa.TestCases.APITesting" name="testResponsecode" time="0.045"/>
  <system-out/>
  <testcase classname="com.CA.qa.TestCases.APITesting" name="testResponsecode" time="0.182"/>
  <system-out/>
  <testcase classname="com.CA.qa.TestCases.APITesting" name="testResponsecode" time="0.043"/>
  <system-out/>
  <testcase classname="com.CA.qa.TestCases.APITesting" name="testResponsecode" time="0.071"/>
  <system-out/>
  <testcase classname="com.CA.qa.TestCases.APITesting" name="testResponsecode" time="0.037"/>
  <system-out/>
  <testcase classname="com.CA.qa.TestCases.APITesting" name="testResponsecode" time="0.142"/>
  <system-out/>
  <testcase classname="com.CA.qa.TestCases.APITesting" name="testResponsecode" time="0.036"/>
  <system-out/>
  <testcase classname="com.CA.qa.TestCases.APITesting" name="testResponsecode" time="0.050"/>
  <system-out/>
  <testcase classname="com.CA.qa.TestCases.APITesting" name="testResponsecode" time="0.039"/>
  <system-out/>
  <testcase classname="com.CA.qa.TestCases.APITesting" name="testResponsecode" time="0.140"/>
  <system-out/>
  <testcase classname="com.CA.qa.TestCases.APITesting" name="testResponsecode" time="0.033"/>
  <system-out/>
  <testcase classname="com.CA.qa.TestCases.APITesting" name="testResponsecode" time="0.033"/>
  <system-out/>
  <testcase classname="com.CA.qa.TestCases.APITesting" name="testResponsecode" time="0.034"/>
  <system-out/>
  <testcase classname="com.CA.qa.TestCases.APITesting" name="testResponsecode" time="0.032"/>
  <system-out/>
  <testcase classname="com.CA.qa.TestCases.APITesting" name="testResponsecode" time="0.033"/>
  <system-out/>
  <testcase classname="com.CA.qa.TestCases.APITesting" name="testResponsecode" time="0.118"/>
  <system-out/>
  <testcase classname="com.CA.qa.TestCases.APITesting" name="testResponsecode" time="0.039"/>
  <system-out/>
  <testcase classname="com.CA.qa.TestCases.APITesting" name="testResponsecode" time="0.035"/>
  <system-out/>
  <testcase classname="com.CA.qa.TestCases.APITesting" name="testResponsecode" time="0.034"/>
  <system-out/>
  <testcase classname="com.CA.qa.TestCases.APITesting" name="testResponsecode" time="0.035"/>
  <system-out/>
  <testcase classname="com.CA.qa.TestCases.APITesting" name="testResponsecode" time="0.033"/>
  <system-out/>
  <testcase classname="com.CA.qa.TestCases.APITesting" name="testResponsecode" time="0.162"/>
  <system-out/>
  <testcase classname="com.CA.qa.TestCases.APITesting" name="testResponsecode" time="0.037"/>
  <system-out/>
  <testcase classname="com.CA.qa.TestCases.APITesting" name="testResponsecode" time="0.033"/>
  <system-out/>
  <testcase classname="com.CA.qa.TestCases.APITesting" name="testResponsecode" time="0.033"/>
  <system-out/>
  <testcase classname="com.CA.qa.TestCases.APITesting" name="testResponsecode" time="0.032"/>
  <system-out/>
  <testcase classname="com.CA.qa.TestCases.APITesting" name="testResponsecode" time="0.033"/>
  <system-out/>
  <testcase classname="com.CA.qa.TestCases.APITesting" name="testResponsecode" time="0.032"/>
  <system-out/>
  <testcase classname="com.CA.qa.TestCases.APITesting" name="testResponsecode" time="0.035"/>
  <system-out/>
  <testcase classname="com.CA.qa.TestCases.APITesting" name="testResponsecode" time="0.033"/>
  <system-out/>
  <testcase classname="com.CA.qa.TestCases.APITesting" name="testResponsecode" time="0.031"/>
  <system-out/>
  <testcase classname="com.CA.qa.TestCases.APITesting" name="testResponsecode" time="0.035"/>
  <system-out/>
  <testcase classname="com.CA.qa.TestCases.APITesting" name="testResponsecode" time="0.072"/>
  <system-out/>
  <testcase classname="com.CA.qa.TestCases.APITesting" name="testResponsecode" time="0.191"/>
  <system-out/>
  <testcase classname="com.CA.qa.TestCases.APITesting" name="testResponsecode" time="0.035"/>
  <system-out/>
  <testcase classname="com.CA.qa.TestCases.APITesting" name="testResponsecode" time="0.033"/>
  <system-out/>
  <testcase classname="com.CA.qa.TestCases.APITesting" name="testResponsecode" time="0.044"/>
  <system-out/>
  <testcase classname="com.CA.qa.TestCases.APITesting" name="testResponsecode" time="0.035"/>
  <system-out/>
  <testcase classname="com.CA.qa.TestCases.APITesting" name="testResponsecode" time="0.032"/>
  <system-out/>
  <testcase classname="com.CA.qa.TestCases.APITesting" name="testResponsecode" time="0.134"/>
  <system-out/>
  <testcase classname="com.CA.qa.TestCases.APITesting" name="testResponsecode" time="0.033"/>
  <system-out/>
  <testcase classname="com.CA.qa.TestCases.APITesting" name="testResponsecode" time="0.035"/>
  <system-out/>
  <testcase classname="com.CA.qa.TestCases.APITesting" name="testResponsecode" time="0.042"/>
  <system-out/>
  <testcase classname="com.CA.qa.TestCases.APITesting" name="testResponsecode" time="0.085"/>
  <system-out/>
  <testcase classname="com.CA.qa.TestCases.APITesting" name="testResponsecode" time="0.041"/>
  <system-out/>
  <testcase classname="com.CA.qa.TestCases.APITesting" name="testResponsecode" time="0.179"/>
  <system-out/>
  <testcase classname="com.CA.qa.TestCases.APITesting" name="testResponsecode" time="0.041"/>
  <system-out/>
  <testcase classname="com.CA.qa.TestCases.APITesting" name="testResponsecode" time="0.053"/>
  <system-out/>
  <testcase classname="com.CA.qa.TestCases.APITesting" name="testResponsecode" time="0.034"/>
  <system-out/>
  <testcase classname="com.CA.qa.TestCases.APITesting" name="testResponsecode" time="0.040"/>
  <system-out/>
  <testcase classname="com.CA.qa.TestCases.APITesting" name="testResponsecode" time="0.044"/>
  <system-out/>
  <testcase classname="com.CA.qa.TestCases.APITesting" name="testResponsecode" time="0.041"/>
  <system-out/>
  <testcase classname="com.CA.qa.TestCases.APITesting" name="testResponsecode" time="0.032"/>
  <system-out/>
  <testcase classname="com.CA.qa.TestCases.APITesting" name="testResponsecode" time="0.035"/>
  <system-out/>
  <testcase classname="com.CA.qa.TestCases.APITesting" name="testResponsecode" time="0.089"/>
  <system-out/>
  <testcase classname="com.CA.qa.TestCases.APITesting" name="testResponsecode" time="0.034"/>
  <system-out/>
  <testcase classname="com.CA.qa.TestCases.APITesting" name="testResponsecode" time="0.039"/>
  <system-out/>
  <testcase classname="com.CA.qa.TestCases.APITesting" name="testResponsecode" time="0.033"/>
  <system-out/>
  <testcase classname="com.CA.qa.TestCases.APITesting" name="testResponsecode" time="0.044"/>
  <system-out/>
  <testcase classname="com.CA.qa.TestCases.APITesting" name="testResponsecode" time="0.033"/>
  <system-out/>
  <testcase classname="com.CA.qa.TestCases.APITesting" name="testResponsecode" time="0.033"/>
  <system-out/>
  <testcase classname="com.CA.qa.TestCases.APITesting" name="testResponsecode" time="0.040"/>
  <system-out/>
  <testcase classname="com.CA.qa.TestCases.APITesting" name="testResponsecode" time="0.035"/>
  <system-out/>
  <testcase classname="com.CA.qa.TestCases.APITesting" name="testResponsecode" time="0.043"/>
  <system-out/>
  <testcase classname="com.CA.qa.TestCases.APITesting" name="testResponsecode" time="0.037"/>
  <system-out/>
  <testcase classname="com.CA.qa.TestCases.APITesting" name="testResponsecode" time="0.036"/>
  <system-out/>
  <testcase classname="com.CA.qa.TestCases.APITesting" name="testResponsecode" time="0.032"/>
  <system-out/>
  <testcase classname="com.CA.qa.TestCases.APITesting" name="testResponsecode" time="0.045"/>
  <system-out/>
  <testcase classname="com.CA.qa.TestCases.APITesting" name="testResponsecode" time="0.035"/>
  <system-out/>
  <testcase classname="com.CA.qa.TestCases.APITesting" name="testResponsecode" time="0.036"/>
  <system-out/>
  <testcase classname="com.CA.qa.TestCases.APITesting" name="testResponsecode" time="0.039"/>
  <system-out/>
  <testcase classname="com.CA.qa.TestCases.APITesting" name="testResponsecode" time="0.049"/>
  <system-out/>
  <testcase classname="com.CA.qa.TestCases.APITesting" name="testResponsecode" time="0.032"/>
  <system-out/>
  <testcase classname="com.CA.qa.TestCases.APITesting" name="testResponsecode" time="0.050"/>
  <system-out/>
  <testcase classname="com.CA.qa.TestCases.APITesting" name="testResponsecode" time="0.040"/>
  <system-out/>
  <testcase classname="com.CA.qa.TestCases.APITesting" name="testResponsecode" time="0.041"/>
  <system-out/>
  <testcase classname="com.CA.qa.TestCases.APITesting" name="testResponsecode" time="0.047"/>
  <system-out/>
  <testcase classname="com.CA.qa.TestCases.APITesting" name="testResponsecode" time="0.045"/>
  <system-out/>
  <testcase classname="com.CA.qa.TestCases.APITesting" name="testResponsecode" time="0.129"/>
  <system-out/>
  <testcase classname="com.CA.qa.TestCases.APITesting" name="testResponsecode" time="0.035"/>
  <system-out/>
  <testcase classname="com.CA.qa.TestCases.APITesting" name="testResponsecode" time="0.032"/>
  <system-out/>
  <testcase classname="com.CA.qa.TestCases.APITesting" name="testResponsecode" time="0.034"/>
  <system-out/>
  <testcase classname="com.CA.qa.TestCases.APITesting" name="testResponsecode" time="0.040"/>
  <system-out/>
  <testcase classname="com.CA.qa.TestCases.APITesting" name="testResponsecode" time="0.042"/>
  <system-out/>
  <testcase classname="com.CA.qa.TestCases.APITesting" name="testResponsecode" time="0.032"/>
  <system-out/>
  <testcase classname="com.CA.qa.TestCases.APITesting" name="testResponsecode" time="0.067"/>
  <system-out/>
  <testcase classname="com.CA.qa.TestCases.APITesting" name="testResponsecode" time="0.036"/>
  <system-out/>
  <testcase classname="com.CA.qa.TestCases.APITesting" name="testResponsecode" time="0.134"/>
  <system-out/>
  <testcase classname="com.CA.qa.TestCases.APITesting" name="testResponsecode" time="0.919"/>
  <system-out/>
  <testcase classname="com.CA.qa.TestCases.APITesting" name="testResponsecode" time="0.033"/>
  <system-out/>
  <testcase classname="com.CA.qa.TestCases.APITesting" name="testResponsecode" time="0.034"/>
  <system-out/>
  <testcase classname="com.CA.qa.TestCases.APITesting" name="testResponsecode" time="0.034"/>
  <system-out/>
  <testcase classname="com.CA.qa.TestCases.APITesting" name="testResponsecode" time="0.035"/>
  <system-out/>
  <testcase classname="com.CA.qa.TestCases.APITesting" name="testResponsecode" time="0.035"/>
  <system-out/>
  <testcase classname="com.CA.qa.TestCases.APITesting" name="testResponsecode" time="0.054"/>
  <system-out/>
  <testcase classname="com.CA.qa.TestCases.APITesting" name="testResponsecode" time="0.034"/>
  <system-out/>
  <testcase classname="com.CA.qa.TestCases.APITesting" name="testResponsecode" time="0.036"/>
  <system-out/>
  <testcase classname="com.CA.qa.TestCases.APITesting" name="testResponsecode" time="0.285"/>
  <system-out/>
  <testcase classname="com.CA.qa.TestCases.APITesting" name="testResponsecode" time="0.034"/>
  <system-out/>
  <testcase classname="com.CA.qa.TestCases.APITesting" name="testResponsecode" time="0.064"/>
  <system-out/>
  <testcase classname="com.CA.qa.TestCases.APITesting" name="testResponsecode" time="0.100"/>
  <system-out/>
  <testcase classname="com.CA.qa.TestCases.APITesting" name="testResponsecode" time="0.155"/>
  <system-out/>
  <testcase classname="com.CA.qa.TestCases.APITesting" name="testResponsecode" time="0.034"/>
  <system-out/>
  <testcase classname="com.CA.qa.TestCases.APITesting" name="testResponsecode" time="0.154"/>
  <system-out/>
  <testcase classname="com.CA.qa.TestCases.APITesting" name="testResponsecode" time="0.033"/>
  <system-out/>
  <testcase classname="com.CA.qa.TestCases.APITesting" name="testResponsecode" time="0.036"/>
  <system-out/>
  <testcase classname="com.CA.qa.TestCases.APITesting" name="testResponsecode" time="0.034"/>
  <system-out/>
  <testcase classname="com.CA.qa.TestCases.APITesting" name="testResponsecode" time="0.041"/>
  <system-out/>
  <testcase classname="com.CA.qa.TestCases.APITesting" name="testResponsecode" time="0.032"/>
  <system-out/>
  <testcase classname="com.CA.qa.TestCases.APITesting" name="testResponsecode" time="0.033"/>
  <system-out/>
  <testcase classname="com.CA.qa.TestCases.APITesting" name="testResponsecode" time="0.046"/>
  <system-out/>
  <testcase classname="com.CA.qa.TestCases.APITesting" name="testResponsecode" time="0.032"/>
  <system-out/>
  <testcase classname="com.CA.qa.TestCases.APITesting" name="testResponsecode" time="0.037"/>
  <system-out/>
  <testcase classname="com.CA.qa.TestCases.APITesting" name="testResponsecode" time="0.033"/>
  <system-out/>
  <testcase classname="com.CA.qa.TestCases.APITesting" name="testResponsecode" time="0.042"/>
  <system-out/>
  <testcase classname="com.CA.qa.TestCases.APITesting" name="testResponsecode" time="0.039"/>
  <system-out/>
  <testcase classname="com.CA.qa.TestCases.APITesting" name="testResponsecode" time="0.036"/>
  <system-out/>
  <testcase classname="com.CA.qa.TestCases.APITesting" name="testResponsecode" time="0.036"/>
  <system-out/>
  <testcase classname="com.CA.qa.TestCases.APITesting" name="testResponsecode" time="0.043"/>
  <system-out/>
  <testcase classname="com.CA.qa.TestCases.APITesting" name="testResponsecode" time="0.044"/>
  <system-out/>
  <testcase classname="com.CA.qa.TestCases.APITesting" name="testResponsecode" time="0.036"/>
  <system-out/>
  <testcase classname="com.CA.qa.TestCases.APITesting" name="testResponsecode" time="0.034"/>
  <system-out/>
  <testcase classname="com.CA.qa.TestCases.APITesting" name="testResponsecode" time="0.149"/>
  <system-out/>
  <testcase classname="com.CA.qa.TestCases.APITesting" name="testResponsecode" time="0.041"/>
  <system-out/>
  <testcase classname="com.CA.qa.TestCases.APITesting" name="testResponsecode" time="0.033"/>
  <system-out/>
  <testcase classname="com.CA.qa.TestCases.APITesting" name="testResponsecode" time="0.033"/>
  <system-out/>
  <testcase classname="com.CA.qa.TestCases.APITesting" name="testResponsecode" time="0.034"/>
  <system-out/>
  <testcase classname="com.CA.qa.TestCases.APITesting" name="testResponsecode" time="0.035"/>
  <system-out/>
  <testcase classname="com.CA.qa.TestCases.APITesting" name="testResponsecode" time="0.034"/>
  <system-out/>
  <testcase classname="com.CA.qa.TestCases.APITesting" name="testResponsecode" time="0.055"/>
  <system-out/>
  <testcase classname="com.CA.qa.TestCases.APITesting" name="testResponsecode" time="0.032"/>
  <system-out/>
  <testcase classname="com.CA.qa.TestCases.APITesting" name="testResponsecode" time="0.038"/>
  <system-out/>
  <testcase classname="com.CA.qa.TestCases.APITesting" name="testResponsecode" time="0.035"/>
  <system-out/>
  <testcase classname="com.CA.qa.TestCases.APITesting" name="testResponsecode" time="0.035"/>
  <system-out/>
  <testcase classname="com.CA.qa.TestCases.APITesting" name="testResponsecode" time="0.035"/>
  <system-out/>
  <testcase classname="com.CA.qa.TestCases.APITesting" name="testResponsecode" time="0.044"/>
  <system-out/>
  <testcase classname="com.CA.qa.TestCases.APITesting" name="testResponsecode" time="0.035"/>
  <system-out/>
  <testcase classname="com.CA.qa.TestCases.APITesting" name="testResponsecode" time="0.036"/>
  <system-out/>
  <testcase classname="com.CA.qa.TestCases.APITesting" name="testResponsecode" time="0.140"/>
  <system-out/>
  <testcase classname="com.CA.qa.TestCases.APITesting" name="testResponsecode" time="0.037"/>
  <system-out/>
  <testcase classname="com.CA.qa.TestCases.APITesting" name="testResponsecode" time="0.042"/>
  <system-out/>
  <testcase classname="com.CA.qa.TestCases.APITesting" name="testResponsecode" time="0.033"/>
  <system-out/>
  <testcase classname="com.CA.qa.TestCases.APITesting" name="testResponsecode" time="0.037"/>
  <system-out/>
  <testcase classname="com.CA.qa.TestCases.APITesting" name="testResponsecode" time="0.032"/>
  <system-out/>
  <testcase classname="com.CA.qa.TestCases.APITesting" name="testResponsecode" time="0.033"/>
  <system-out/>
  <testcase classname="com.CA.qa.TestCases.APITesting" name="testResponsecode" time="0.035"/>
  <system-out/>
  <testcase classname="com.CA.qa.TestCases.APITesting" name="testResponsecode" time="0.033"/>
  <system-out/>
  <testcase classname="com.CA.qa.TestCases.APITesting" name="testResponsecode" time="0.034"/>
  <system-out/>
  <testcase classname="com.CA.qa.TestCases.APITesting" name="testResponsecode" time="0.038"/>
  <system-out/>
  <testcase classname="com.CA.qa.TestCases.APITesting" name="testResponsecode" time="0.034"/>
  <system-out/>
  <testcase classname="com.CA.qa.TestCases.APITesting" name="testResponsecode" time="0.039"/>
  <system-out/>
  <testcase classname="com.CA.qa.TestCases.APITesting" name="testResponsecode" time="0.046"/>
  <system-out/>
  <testcase classname="com.CA.qa.TestCases.APITesting" name="testResponsecode" time="0.035"/>
  <system-out/>
  <testcase classname="com.CA.qa.TestCases.APITesting" name="testResponsecode" time="0.187"/>
  <system-out/>
  <testcase classname="com.CA.qa.TestCases.APITesting" name="testResponsecode" time="0.032"/>
  <system-out/>
  <testcase classname="com.CA.qa.TestCases.APITesting" name="testResponsecode" time="0.037"/>
  <system-out/>
  <testcase classname="com.CA.qa.TestCases.APITesting" name="testResponsecode" time="0.034"/>
  <system-out/>
  <testcase classname="com.CA.qa.TestCases.APITesting" name="testResponsecode" time="0.035"/>
  <system-out/>
  <testcase classname="com.CA.qa.TestCases.APITesting" name="testResponsecode" time="0.040"/>
  <system-out/>
  <testcase classname="com.CA.qa.TestCases.APITesting" name="testResponsecode" time="0.033"/>
  <system-out/>
  <testcase classname="com.CA.qa.TestCases.APITesting" name="testResponsecode" time="0.033"/>
  <system-out/>
  <testcase classname="com.CA.qa.TestCases.APITesting" name="testResponsecode" time="0.034"/>
  <system-out/>
  <testcase classname="com.CA.qa.TestCases.APITesting" name="testResponsecode" time="0.035"/>
  <system-out/>
  <testcase classname="com.CA.qa.TestCases.APITesting" name="testResponsecode" time="0.033"/>
  <system-out/>
  <testcase classname="com.CA.qa.TestCases.APITesting" name="testResponsecode" time="0.040"/>
  <system-out/>
  <testcase classname="com.CA.qa.TestCases.APITesting" name="testResponsecode" time="0.035"/>
  <system-out/>
  <testcase classname="com.CA.qa.TestCases.APITesting" name="testResponsecode" time="0.040"/>
  <system-out/>
  <testcase classname="com.CA.qa.TestCases.APITesting" name="testResponsecode" time="0.587"/>
  <system-out/>
  <testcase classname="com.CA.qa.TestCases.APITesting" name="testResponsecode" time="0.034"/>
  <system-out/>
  <testcase classname="com.CA.qa.TestCases.APITesting" name="testResponsecode" time="0.034"/>
  <system-out/>
  <testcase classname="com.CA.qa.TestCases.APITesting" name="testResponsecode" time="0.044"/>
  <system-out/>
  <testcase classname="com.CA.qa.TestCases.APITesting" name="testResponsecode" time="0.037"/>
  <system-out/>
  <testcase classname="com.CA.qa.TestCases.APITesting" name="testResponsecode" time="0.060"/>
  <system-out/>
  <testcase classname="com.CA.qa.TestCases.APITesting" name="testResponsecode" time="0.037"/>
  <system-out/>
  <testcase classname="com.CA.qa.TestCases.APITesting" name="testResponsecode" time="0.036"/>
  <system-out/>
  <testcase classname="com.CA.qa.TestCases.APITesting" name="testResponsecode" time="0.034"/>
  <system-out/>
  <testcase classname="com.CA.qa.TestCases.APITesting" name="testResponsecode" time="0.124"/>
  <system-out/>
  <testcase classname="com.CA.qa.TestCases.APITesting" name="testResponsecode" time="0.033"/>
  <system-out/>
  <testcase classname="com.CA.qa.TestCases.APITesting" name="testResponsecode" time="0.035"/>
  <system-out/>
  <testcase classname="com.CA.qa.TestCases.APITesting" name="testResponsecode" time="0.033"/>
  <system-out/>
  <testcase classname="com.CA.qa.TestCases.APITesting" name="testResponsecode" time="0.034"/>
  <system-out/>
  <testcase classname="com.CA.qa.TestCases.APITesting" name="testResponsecode" time="0.033"/>
  <system-out/>
  <testcase classname="com.CA.qa.TestCases.APITesting" name="testResponsecode" time="0.035"/>
  <system-out/>
  <testcase classname="com.CA.qa.TestCases.APITesting" name="testResponsecode" time="0.031"/>
  <system-out/>
  <testcase classname="com.CA.qa.TestCases.APITesting" name="testResponsecode" time="0.032"/>
  <system-out/>
  <testcase classname="com.CA.qa.TestCases.APITesting" name="testResponsecode" time="0.037"/>
  <system-out/>
  <testcase classname="com.CA.qa.TestCases.APITesting" name="testResponsecode" time="0.038"/>
  <system-out/>
  <testcase classname="com.CA.qa.TestCases.APITesting" name="testResponsecode" time="0.033"/>
  <system-out/>
  <testcase classname="com.CA.qa.TestCases.APITesting" name="testResponsecode" time="0.158"/>
  <system-out/>
  <testcase classname="com.CA.qa.TestCases.APITesting" name="testResponsecode" time="0.032"/>
  <system-out/>
  <testcase classname="com.CA.qa.TestCases.APITesting" name="testResponsecode" time="0.035"/>
  <system-out/>
  <testcase classname="com.CA.qa.TestCases.APITesting" name="testResponsecode" time="0.066"/>
  <system-out/>
  <testcase classname="com.CA.qa.TestCases.APITesting" name="testResponsecode" time="0.033"/>
  <system-out/>
  <testcase classname="com.CA.qa.TestCases.APITesting" name="testResponsecode" time="0.476"/>
  <system-out/>
  <testcase classname="com.CA.qa.TestCases.APITesting" name="testResponsecode" time="0.034"/>
  <system-out/>
  <testcase classname="com.CA.qa.TestCases.APITesting" name="testResponsecode" time="0.036"/>
  <system-out/>
  <testcase classname="com.CA.qa.TestCases.APITesting" name="testResponsecode" time="0.036"/>
  <system-out/>
  <testcase classname="com.CA.qa.TestCases.APITesting" name="testResponsecode" time="0.038"/>
  <system-out/>
  <testcase classname="com.CA.qa.TestCases.APITesting" name="testResponsecode" time="0.035"/>
  <system-out/>
  <testcase classname="com.CA.qa.TestCases.APITesting" name="testResponsecode" time="0.039"/>
  <system-out/>
  <testcase classname="com.CA.qa.TestCases.APITesting" name="testResponsecode" time="0.038"/>
  <system-out/>
  <testcase classname="com.CA.qa.TestCases.APITesting" name="testResponsecode" time="0.035"/>
  <system-out/>
  <testcase classname="com.CA.qa.TestCases.APITesting" name="testResponsecode" time="0.039"/>
  <system-out/>
  <testcase classname="com.CA.qa.TestCases.APITesting" name="testResponsecode" time="0.041"/>
  <system-out/>
  <testcase classname="com.CA.qa.TestCases.APITesting" name="testResponsecode" time="0.037"/>
  <system-out/>
  <testcase classname="com.CA.qa.TestCases.APITesting" name="testResponsecode" time="0.040"/>
  <system-out/>
  <testcase classname="com.CA.qa.TestCases.APITesting" name="testResponsecode" time="0.032"/>
  <system-out/>
  <testcase classname="com.CA.qa.TestCases.APITesting" name="testResponsecode" time="0.034"/>
  <system-out/>
  <testcase classname="com.CA.qa.TestCases.APITesting" name="testResponsecode" time="0.038"/>
  <system-out/>
  <testcase classname="com.CA.qa.TestCases.APITesting" name="testResponsecode" time="0.034"/>
  <system-out/>
  <testcase classname="com.CA.qa.TestCases.APITesting" name="testResponsecode" time="0.038"/>
  <system-out/>
  <testcase classname="com.CA.qa.TestCases.APITesting" name="testResponsecode" time="0.034"/>
  <system-out/>
  <testcase classname="com.CA.qa.TestCases.APITesting" name="testResponsecode" time="0.033"/>
  <system-out/>
  <testcase classname="com.CA.qa.TestCases.APITesting" name="testResponsecode" time="0.046"/>
  <system-out/>
  <testcase classname="com.CA.qa.TestCases.APITesting" name="testResponsecode" time="0.039"/>
  <system-out/>
  <testcase classname="com.CA.qa.TestCases.APITesting" name="testResponsecode" time="0.034"/>
  <system-out/>
  <testcase classname="com.CA.qa.TestCases.APITesting" name="testResponsecode" time="0.042"/>
  <system-out/>
  <testcase classname="com.CA.qa.TestCases.APITesting" name="testResponsecode" time="0.035"/>
  <system-out/>
  <testcase classname="com.CA.qa.TestCases.APITesting" name="testResponsecode" time="0.035"/>
  <system-out/>
  <testcase classname="com.CA.qa.TestCases.APITesting" name="testResponsecode" time="0.032"/>
  <system-out/>
  <testcase classname="com.CA.qa.TestCases.APITesting" name="testResponsecode" time="0.033"/>
  <system-out/>
  <testcase classname="com.CA.qa.TestCases.APITesting" name="testResponsecode" time="0.043"/>
  <system-out/>
  <testcase classname="com.CA.qa.TestCases.APITesting" name="testResponsecode" time="0.038"/>
  <system-out/>
  <testcase classname="com.CA.qa.TestCases.APITesting" name="testResponsecode" time="0.037"/>
  <system-out/>
  <testcase classname="com.CA.qa.TestCases.APITesting" name="testResponsecode" time="0.033"/>
  <system-out/>
  <testcase classname="com.CA.qa.TestCases.APITesting" name="testResponsecode" time="0.033"/>
  <system-out/>
  <testcase classname="com.CA.qa.TestCases.APITesting" name="testResponsecode" time="0.041"/>
  <system-out/>
  <testcase classname="com.CA.qa.TestCases.APITesting" name="testResponsecode" time="0.037"/>
  <system-out/>
  <testcase classname="com.CA.qa.TestCases.APITesting" name="testResponsecode" time="0.035"/>
  <system-out/>
  <testcase classname="com.CA.qa.TestCases.APITesting" name="testResponsecode" time="0.032"/>
  <system-out/>
  <testcase classname="com.CA.qa.TestCases.APITesting" name="testResponsecode" time="0.049"/>
  <system-out/>
  <testcase classname="com.CA.qa.TestCases.APITesting" name="testResponsecode" time="0.195"/>
  <system-out/>
  <testcase classname="com.CA.qa.TestCases.APITesting" name="testResponsecode" time="0.036"/>
  <system-out/>
  <testcase classname="com.CA.qa.TestCases.APITesting" name="testResponsecode" time="0.033"/>
  <system-out/>
  <testcase classname="com.CA.qa.TestCases.APITesting" name="testResponsecode" time="0.042"/>
  <system-out/>
  <testcase classname="com.CA.qa.TestCases.APITesting" name="testResponsecode" time="0.033"/>
  <system-out/>
  <testcase classname="com.CA.qa.TestCases.APITesting" name="testResponsecode" time="0.039"/>
  <system-out/>
  <testcase classname="com.CA.qa.TestCases.APITesting" name="testResponsecode" time="0.037"/>
  <system-out/>
  <testcase classname="com.CA.qa.TestCases.APITesting" name="testResponsecode" time="0.064"/>
  <system-out/>
  <testcase classname="com.CA.qa.TestCases.APITesting" name="testResponsecode" time="0.037"/>
  <system-out/>
  <testcase classname="com.CA.qa.TestCases.APITesting" name="testResponsecode" time="0.035"/>
  <system-out/>
  <testcase classname="com.CA.qa.TestCases.APITesting" name="testResponsecode" time="0.161"/>
  <system-out/>
  <testcase classname="com.CA.qa.TestCases.APITesting" name="testResponsecode" time="0.035"/>
  <system-out/>
  <testcase classname="com.CA.qa.TestCases.APITesting" name="testResponsecode" time="0.048"/>
  <system-out/>
  <testcase classname="com.CA.qa.TestCases.APITesting" name="testResponsecode" time="0.227"/>
  <system-out/>
  <testcase classname="com.CA.qa.TestCases.APITesting" name="testResponsecode" time="0.047"/>
  <system-out/>
  <testcase classname="com.CA.qa.TestCases.APITesting" name="testResponsecode" time="0.034"/>
  <system-out/>
  <testcase classname="com.CA.qa.TestCases.APITesting" name="testResponsecode" time="0.036"/>
  <system-out/>
  <testcase classname="com.CA.qa.TestCases.APITesting" name="testResponsecode" time="0.037"/>
  <system-out/>
  <testcase classname="com.CA.qa.TestCases.APITesting" name="testResponsecode" time="0.032"/>
  <system-out/>
  <testcase classname="com.CA.qa.TestCases.APITesting" name="testResponsecode" time="0.035"/>
  <system-out/>
  <testcase classname="com.CA.qa.TestCases.APITesting" name="testResponsecode" time="0.039"/>
  <system-out/>
  <testcase classname="com.CA.qa.TestCases.APITesting" name="testResponsecode" time="0.070"/>
  <system-out/>
  <testcase classname="com.CA.qa.TestCases.APITesting" name="testResponsecode" time="0.034"/>
  <system-out/>
  <testcase classname="com.CA.qa.TestCases.APITesting" name="testResponsecode" time="0.129"/>
  <system-out/>
  <testcase classname="com.CA.qa.TestCases.APITesting" name="testResponsecode" time="0.035"/>
  <system-out/>
  <testcase classname="com.CA.qa.TestCases.APITesting" name="testResponsecode" time="0.036"/>
  <system-out/>
  <testcase classname="com.CA.qa.TestCases.APITesting" name="testResponsecode" time="0.033"/>
  <system-out/>
  <testcase classname="com.CA.qa.TestCases.APITesting" name="testResponsecode" time="0.035"/>
  <system-out/>
  <testcase classname="com.CA.qa.TestCases.APITesting" name="testResponsecode" time="0.033"/>
  <system-out/>
  <testcase classname="com.CA.qa.TestCases.APITesting" name="testResponsecode" time="0.036"/>
  <system-out/>
  <testcase classname="com.CA.qa.TestCases.APITesting" name="testResponsecode" time="0.034"/>
  <system-out/>
  <testcase classname="com.CA.qa.TestCases.APITesting" name="testResponsecode" time="0.035"/>
  <system-out/>
  <testcase classname="com.CA.qa.TestCases.APITesting" name="testResponsecode" time="0.037"/>
  <system-out/>
  <testcase classname="com.CA.qa.TestCases.APITesting" name="testResponsecode" time="0.050"/>
  <system-out/>
  <testcase classname="com.CA.qa.TestCases.APITesting" name="testResponsecode" time="0.039"/>
  <system-out/>
  <testcase classname="com.CA.qa.TestCases.APITesting" name="testResponsecode" time="0.121"/>
  <system-out/>
  <testcase classname="com.CA.qa.TestCases.APITesting" name="testResponsecode" time="0.045"/>
  <system-out/>
  <testcase classname="com.CA.qa.TestCases.APITesting" name="testResponsecode" time="0.125"/>
  <system-out/>
  <testcase classname="com.CA.qa.TestCases.APITesting" name="testResponsecode" time="0.039"/>
  <system-out/>
  <testcase classname="com.CA.qa.TestCases.APITesting" name="testResponsecode" time="0.033"/>
  <system-out/>
  <testcase classname="com.CA.qa.TestCases.APITesting" name="testResponsecode" time="0.036"/>
  <system-out/>
  <testcase classname="com.CA.qa.TestCases.APITesting" name="testResponsecode" time="0.033"/>
  <system-out/>
  <testcase classname="com.CA.qa.TestCases.APITesting" name="testResponsecode" time="0.033"/>
  <system-out/>
  <testcase classname="com.CA.qa.TestCases.APITesting" name="testResponsecode" time="0.033"/>
  <system-out/>
  <testcase classname="com.CA.qa.TestCases.APITesting" name="testResponsecode" time="0.034"/>
  <system-out/>
  <testcase classname="com.CA.qa.TestCases.APITesting" name="testResponsecode" time="0.125"/>
  <system-out/>
  <testcase classname="com.CA.qa.TestCases.APITesting" name="testResponsecode" time="0.049"/>
  <system-out/>
  <testcase classname="com.CA.qa.TestCases.APITesting" name="testResponsecode" time="0.044"/>
  <system-out/>
  <testcase classname="com.CA.qa.TestCases.APITesting" name="testResponsecode" time="0.037"/>
  <system-out/>
  <testcase classname="com.CA.qa.TestCases.APITesting" name="testResponsecode" time="0.248"/>
  <system-out/>
  <testcase classname="com.CA.qa.TestCases.APITesting" name="testResponsecode" time="0.209"/>
  <system-out/>
  <testcase classname="com.CA.qa.TestCases.APITesting" name="testResponsecode" time="0.034"/>
  <system-out/>
  <testcase classname="com.CA.qa.TestCases.APITesting" name="testResponsecode" time="0.033"/>
  <system-out/>
  <testcase classname="com.CA.qa.TestCases.APITesting" name="testResponsecode" time="0.048"/>
  <system-out/>
  <testcase classname="com.CA.qa.TestCases.APITesting" name="testResponsecode" time="0.040"/>
  <system-out/>
  <testcase classname="com.CA.qa.TestCases.APITesting" name="testResponsecode" time="0.043"/>
  <system-out/>
  <testcase classname="com.CA.qa.TestCases.APITesting" name="testResponsecode" time="0.036"/>
  <system-out/>
  <testcase classname="com.CA.qa.TestCases.APITesting" name="testResponsecode" time="0.033"/>
  <system-out/>
  <testcase classname="com.CA.qa.TestCases.APITesting" name="testResponsecode" time="0.036"/>
  <system-out/>
  <testcase classname="com.CA.qa.TestCases.APITesting" name="testResponsecode" time="0.033"/>
  <system-out/>
  <testcase classname="com.CA.qa.TestCases.APITesting" name="testResponsecode" time="0.035"/>
  <system-out/>
  <testcase classname="com.CA.qa.TestCases.APITesting" name="testResponsecode" time="0.033"/>
  <system-out/>
  <testcase classname="com.CA.qa.TestCases.APITesting" name="testResponsecode" time="0.038"/>
  <system-out/>
  <testcase classname="com.CA.qa.TestCases.APITesting" name="testResponsecode" time="0.037"/>
  <system-out/>
  <testcase classname="com.CA.qa.TestCases.APITesting" name="testResponsecode" time="0.036"/>
  <system-out/>
  <testcase classname="com.CA.qa.TestCases.APITesting" name="testResponsecode" time="0.035"/>
  <system-out/>
  <testcase classname="com.CA.qa.TestCases.APITesting" name="testResponsecode" time="0.033"/>
  <system-out/>
  <testcase classname="com.CA.qa.TestCases.APITesting" name="testResponsecode" time="0.037"/>
  <system-out/>
  <testcase classname="com.CA.qa.TestCases.APITesting" name="testResponsecode" time="0.041"/>
  <system-out/>
  <testcase classname="com.CA.qa.TestCases.APITesting" name="testResponsecode" time="0.035"/>
  <system-out/>
  <testcase classname="com.CA.qa.TestCases.APITesting" name="testResponsecode" time="0.036"/>
  <system-out/>
  <testcase classname="com.CA.qa.TestCases.APITesting" name="testResponsecode" time="0.034"/>
  <system-out/>
  <testcase classname="com.CA.qa.TestCases.APITesting" name="testResponsecode" time="0.034"/>
  <system-out/>
  <testcase classname="com.CA.qa.TestCases.APITesting" name="testResponsecode" time="0.034"/>
  <system-out/>
  <testcase classname="com.CA.qa.TestCases.APITesting" name="testResponsecode" time="0.035"/>
  <system-out/>
  <testcase classname="com.CA.qa.TestCases.APITesting" name="testResponsecode" time="0.039"/>
  <system-out/>
  <testcase classname="com.CA.qa.TestCases.APITesting" name="testResponsecode" time="0.032"/>
  <system-out/>
  <testcase classname="com.CA.qa.TestCases.APITesting" name="testResponsecode" time="0.033"/>
  <system-out/>
  <testcase classname="com.CA.qa.TestCases.APITesting" name="testResponsecode" time="0.165"/>
  <system-out/>
  <testcase classname="com.CA.qa.TestCases.APITesting" name="testResponsecode" time="0.036"/>
  <system-out/>
  <testcase classname="com.CA.qa.TestCases.APITesting" name="testResponsecode" time="0.033"/>
  <system-out/>
  <testcase classname="com.CA.qa.TestCases.APITesting" name="testResponsecode" time="0.134"/>
  <system-out/>
  <testcase classname="com.CA.qa.TestCases.APITesting" name="testResponsecode" time="0.037"/>
  <system-out/>
  <testcase classname="com.CA.qa.TestCases.APITesting" name="testResponsecode" time="0.031"/>
  <system-out/>
  <testcase classname="com.CA.qa.TestCases.APITesting" name="testResponsecode" time="0.049"/>
  <system-out/>
  <testcase classname="com.CA.qa.TestCases.APITesting" name="testResponsecode" time="0.061"/>
  <system-out/>
  <testcase classname="com.CA.qa.TestCases.APITesting" name="testResponsecode" time="0.040"/>
  <system-out/>
  <testcase classname="com.CA.qa.TestCases.APITesting" name="testResponsecode" time="0.035"/>
  <system-out/>
  <testcase classname="com.CA.qa.TestCases.APITesting" name="testResponsecode" time="0.052"/>
  <system-out/>
  <testcase classname="com.CA.qa.TestCases.APITesting" name="testResponsecode" time="0.033"/>
  <system-out/>
  <testcase classname="com.CA.qa.TestCases.APITesting" name="testResponsecode" time="0.041"/>
  <system-out/>
  <testcase classname="com.CA.qa.TestCases.APITesting" name="testResponsecode" time="0.034"/>
  <system-out/>
  <testcase classname="com.CA.qa.TestCases.APITesting" name="testResponsecode" time="0.033"/>
  <system-out/>
  <testcase classname="com.CA.qa.TestCases.APITesting" name="testResponsecode" time="0.178"/>
  <system-out/>
  <testcase classname="com.CA.qa.TestCases.APITesting" name="testResponsecode" time="0.036"/>
  <system-out/>
  <testcase classname="com.CA.qa.TestCases.APITesting" name="testResponsecode" time="0.034"/>
  <system-out/>
  <testcase classname="com.CA.qa.TestCases.APITesting" name="testResponsecode" time="0.034"/>
  <system-out/>
  <testcase classname="com.CA.qa.TestCases.APITesting" name="testResponsecode" time="0.041"/>
  <system-out/>
  <testcase classname="com.CA.qa.TestCases.APITesting" name="testResponsecode" time="0.034"/>
  <system-out/>
  <testcase classname="com.CA.qa.TestCases.APITesting" name="testResponsecode" time="0.150"/>
  <system-out/>
  <testcase classname="com.CA.qa.TestCases.APITesting" name="testResponsecode" time="0.038"/>
  <system-out/>
  <testcase classname="com.CA.qa.TestCases.APITesting" name="testResponsecode" time="0.032"/>
  <system-out/>
  <testcase classname="com.CA.qa.TestCases.APITesting" name="testResponsecode" time="0.037"/>
  <system-out/>
  <testcase classname="com.CA.qa.TestCases.APITesting" name="testResponsecode" time="0.041"/>
  <system-out/>
  <testcase classname="com.CA.qa.TestCases.APITesting" name="testResponsecode" time="0.032"/>
  <system-out/>
  <testcase classname="com.CA.qa.TestCases.APITesting" name="testResponsecode" time="0.032"/>
  <system-out/>
  <testcase classname="com.CA.qa.TestCases.APITesting" name="testResponsecode" time="0.032"/>
  <system-out/>
  <testcase classname="com.CA.qa.TestCases.APITesting" name="testResponsecode" time="0.033"/>
  <system-out/>
  <testcase classname="com.CA.qa.TestCases.APITesting" name="testResponsecode" time="0.036"/>
  <system-out/>
  <testcase classname="com.CA.qa.TestCases.APITesting" name="testResponsecode" time="0.038"/>
  <system-out/>
  <testcase classname="com.CA.qa.TestCases.APITesting" name="testResponsecode" time="0.033"/>
  <system-out/>
  <testcase classname="com.CA.qa.TestCases.APITesting" name="testResponsecode" time="0.036"/>
  <system-out/>
  <testcase classname="com.CA.qa.TestCases.APITesting" name="testResponsecode" time="0.036"/>
  <system-out/>
  <testcase classname="com.CA.qa.TestCases.APITesting" name="testResponsecode" time="0.040"/>
  <system-out/>
  <testcase classname="com.CA.qa.TestCases.APITesting" name="testResponsecode" time="0.223"/>
  <system-out/>
  <testcase classname="com.CA.qa.TestCases.APITesting" name="testResponsecode" time="0.051"/>
  <system-out/>
  <testcase classname="com.CA.qa.TestCases.APITesting" name="testResponsecode" time="0.042"/>
  <system-out/>
  <testcase classname="com.CA.qa.TestCases.APITesting" name="testResponsecode" time="0.035"/>
  <system-out/>
  <testcase classname="com.CA.qa.TestCases.APITesting" name="testResponsecode" time="0.039"/>
  <system-out/>
  <testcase classname="com.CA.qa.TestCases.APITesting" name="testResponsecode" time="0.040"/>
  <system-out/>
  <testcase classname="com.CA.qa.TestCases.APITesting" name="testResponsecode" time="0.034"/>
  <system-out/>
  <testcase classname="com.CA.qa.TestCases.APITesting" name="testResponsecode" time="0.032"/>
  <system-out/>
  <testcase classname="com.CA.qa.TestCases.APITesting" name="testResponsecode" time="0.034"/>
  <system-out/>
  <testcase classname="com.CA.qa.TestCases.APITesting" name="testResponsecode" time="0.033"/>
  <system-out/>
  <testcase classname="com.CA.qa.TestCases.APITesting" name="testResponsecode" time="0.034"/>
  <system-out/>
  <testcase classname="com.CA.qa.TestCases.APITesting" name="testResponsecode" time="0.032"/>
  <system-out/>
  <testcase classname="com.CA.qa.TestCases.APITesting" name="testResponsecode" time="0.041"/>
  <system-out/>
  <testcase classname="com.CA.qa.TestCases.APITesting" name="testResponsecode" time="0.035"/>
  <system-out/>
  <testcase classname="com.CA.qa.TestCases.APITesting" name="testResponsecode" time="0.034"/>
  <system-out/>
  <testcase classname="com.CA.qa.TestCases.APITesting" name="testResponsecode" time="0.075"/>
  <system-out/>
  <testcase classname="com.CA.qa.TestCases.APITesting" name="testResponsecode" time="0.048"/>
  <system-out/>
  <testcase classname="com.CA.qa.TestCases.APITesting" name="testResponsecode" time="0.042"/>
  <system-out/>
  <testcase classname="com.CA.qa.TestCases.APITesting" name="testResponsecode" time="0.036"/>
  <system-out/>
  <testcase classname="com.CA.qa.TestCases.APITesting" name="testResponsecode" time="0.034"/>
  <system-out/>
  <testcase classname="com.CA.qa.TestCases.APITesting" name="testResponsecode" time="0.032"/>
  <system-out/>
  <testcase classname="com.CA.qa.TestCases.APITesting" name="testResponsecode" time="0.040"/>
  <system-out/>
  <testcase classname="com.CA.qa.TestCases.APITesting" name="testResponsecode" time="0.032"/>
  <system-out/>
  <testcase classname="com.CA.qa.TestCases.APITesting" name="testResponsecode" time="0.082"/>
  <system-out/>
  <testcase classname="com.CA.qa.TestCases.APITesting" name="testResponsecode" time="0.151"/>
  <system-out/>
  <testcase classname="com.CA.qa.TestCases.APITesting" name="testResponsecode" time="0.041"/>
  <system-out/>
  <testcase classname="com.CA.qa.TestCases.APITesting" name="testResponsecode" time="0.032"/>
  <system-out/>
  <testcase classname="com.CA.qa.TestCases.APITesting" name="testResponsecode" time="0.040"/>
  <system-out/>
  <testcase classname="com.CA.qa.TestCases.APITesting" name="testResponsecode" time="0.034"/>
  <system-out/>
  <testcase classname="com.CA.qa.TestCases.APITesting" name="testResponsecode" time="0.040"/>
  <system-out/>
  <testcase classname="com.CA.qa.TestCases.APITesting" name="testResponsecode" time="0.032"/>
  <system-out/>
  <testcase classname="com.CA.qa.TestCases.APITesting" name="testResponsecode" time="0.041"/>
  <system-out/>
  <testcase classname="com.CA.qa.TestCases.APITesting" name="testResponsecode" time="0.031"/>
  <system-out/>
  <testcase classname="com.CA.qa.TestCases.APITesting" name="testResponsecode" time="0.083"/>
  <system-out/>
  <testcase classname="com.CA.qa.TestCases.APITesting" name="testResponsecode" time="0.034"/>
  <system-out/>
  <testcase classname="com.CA.qa.TestCases.APITesting" name="testResponsecode" time="0.033"/>
  <system-out/>
  <testcase classname="com.CA.qa.TestCases.APITesting" name="testResponsecode" time="0.042"/>
  <system-out/>
  <testcase classname="com.CA.qa.TestCases.APITesting" name="testResponsecode" time="0.033"/>
  <system-out/>
  <testcase classname="com.CA.qa.TestCases.APITesting" name="testResponsecode" time="0.035"/>
  <system-out/>
  <testcase classname="com.CA.qa.TestCases.APITesting" name="testResponsecode" time="0.040"/>
  <system-out/>
  <testcase classname="com.CA.qa.TestCases.APITesting" name="testResponsecode" time="0.043"/>
  <system-out/>
  <testcase classname="com.CA.qa.TestCases.APITesting" name="testResponsecode" time="0.044"/>
  <system-out/>
  <testcase classname="com.CA.qa.TestCases.APITesting" name="testResponsecode" time="0.033"/>
  <system-out/>
  <testcase classname="com.CA.qa.TestCases.APITesting" name="testResponsecode" time="0.034"/>
  <system-out/>
  <testcase classname="com.CA.qa.TestCases.APITesting" name="testResponsecode" time="0.059"/>
  <system-out/>
  <testcase classname="com.CA.qa.TestCases.APITesting" name="testResponsecode" time="0.039"/>
  <system-out/>
  <testcase classname="com.CA.qa.TestCases.APITesting" name="testResponsecode" time="0.033"/>
  <system-out/>
  <testcase classname="com.CA.qa.TestCases.APITesting" name="testResponsecode" time="0.033"/>
  <system-out/>
  <testcase classname="com.CA.qa.TestCases.APITesting" name="testResponsecode" time="0.036"/>
  <system-out/>
  <testcase classname="com.CA.qa.TestCases.APITesting" name="testResponsecode" time="0.150"/>
  <system-out/>
  <testcase classname="com.CA.qa.TestCases.APITesting" name="testResponsecode" time="0.055"/>
  <system-out/>
  <testcase classname="com.CA.qa.TestCases.APITesting" name="testResponsecode" time="0.033"/>
  <system-out/>
  <testcase classname="com.CA.qa.TestCases.APITesting" name="testResponsecode" time="0.033"/>
  <system-out/>
  <testcase classname="com.CA.qa.TestCases.APITesting" name="testResponsecode" time="0.035"/>
  <system-out/>
  <testcase classname="com.CA.qa.TestCases.APITesting" name="testResponsecode" time="0.052"/>
  <system-out/>
  <testcase classname="com.CA.qa.TestCases.APITesting" name="testResponsecode" time="0.034"/>
  <system-out/>
  <testcase classname="com.CA.qa.TestCases.APITesting" name="testResponsecode" time="0.036"/>
  <system-out/>
  <testcase classname="com.CA.qa.TestCases.APITesting" name="testResponsecode" time="0.033"/>
  <system-out/>
  <testcase classname="com.CA.qa.TestCases.APITesting" name="testResponsecode" time="0.033"/>
  <system-out/>
  <testcase classname="com.CA.qa.TestCases.APITesting" name="testResponsecode" time="0.040"/>
  <system-out/>
  <testcase classname="com.CA.qa.TestCases.APITesting" name="testResponsecode" time="0.040"/>
  <system-out/>
  <testcase classname="com.CA.qa.TestCases.APITesting" name="testResponsecode" time="0.032"/>
  <system-out/>
  <testcase classname="com.CA.qa.TestCases.APITesting" name="testResponsecode" time="0.966"/>
  <system-out/>
  <testcase classname="com.CA.qa.TestCases.APITesting" name="testResponsecode" time="0.034"/>
  <system-out/>
  <testcase classname="com.CA.qa.TestCases.APITesting" name="testResponsecode" time="0.032"/>
  <system-out/>
  <testcase classname="com.CA.qa.TestCases.APITesting" name="testResponsecode" time="0.045"/>
  <system-out/>
  <testcase classname="com.CA.qa.TestCases.APITesting" name="testResponsecode" time="0.036"/>
  <system-out/>
  <testcase classname="com.CA.qa.TestCases.APITesting" name="testResponsecode" time="0.038"/>
  <system-out/>
  <testcase classname="com.CA.qa.TestCases.APITesting" name="testResponsecode" time="0.038"/>
  <system-out/>
  <testcase classname="com.CA.qa.TestCases.APITesting" name="testResponsecode" time="0.035"/>
  <system-out/>
  <testcase classname="com.CA.qa.TestCases.APITesting" name="testResponsecode" time="0.034"/>
  <system-out/>
  <testcase classname="com.CA.qa.TestCases.APITesting" name="testResponsecode" time="0.052"/>
  <system-out/>
  <testcase classname="com.CA.qa.TestCases.APITesting" name="testResponsecode" time="0.032"/>
  <system-out/>
  <testcase classname="com.CA.qa.TestCases.APITesting" name="testResponsecode" time="0.034"/>
  <system-out/>
  <testcase classname="com.CA.qa.TestCases.APITesting" name="testResponsecode" time="0.166"/>
  <system-out/>
  <testcase classname="com.CA.qa.TestCases.APITesting" name="testResponsecode" time="0.055"/>
  <system-out/>
  <testcase classname="com.CA.qa.TestCases.APITesting" name="testResponsecode" time="0.036"/>
  <system-out/>
  <testcase classname="com.CA.qa.TestCases.APITesting" name="testResponsecode" time="0.072"/>
  <system-out/>
  <testcase classname="com.CA.qa.TestCases.APITesting" name="testResponsecode" time="0.041"/>
  <system-out/>
  <testcase classname="com.CA.qa.TestCases.APITesting" name="testResponsecode" time="0.035"/>
  <system-out/>
  <testcase classname="com.CA.qa.TestCases.APITesting" name="testResponsecode" time="0.034"/>
  <system-out/>
  <testcase classname="com.CA.qa.TestCases.APITesting" name="testResponsecode" time="0.064"/>
  <system-out/>
  <testcase classname="com.CA.qa.TestCases.APITesting" name="testResponsecode" time="0.033"/>
  <system-out/>
  <testcase classname="com.CA.qa.TestCases.APITesting" name="testResponsecode" time="0.045"/>
  <system-out/>
  <testcase classname="com.CA.qa.TestCases.APITesting" name="testResponsecode" time="0.032"/>
  <system-out/>
  <testcase classname="com.CA.qa.TestCases.APITesting" name="testResponsecode" time="0.043"/>
  <system-out/>
  <testcase classname="com.CA.qa.TestCases.APITesting" name="testResponsecode" time="0.039"/>
  <system-out/>
  <testcase classname="com.CA.qa.TestCases.APITesting" name="testResponsecode" time="0.033"/>
  <system-out/>
  <testcase classname="com.CA.qa.TestCases.APITesting" name="testResponsecode" time="0.051"/>
  <system-out/>
  <testcase classname="com.CA.qa.TestCases.APITesting" name="testResponsecode" time="0.033"/>
  <system-out/>
  <testcase classname="com.CA.qa.TestCases.APITesting" name="testResponsecode" time="0.033"/>
  <system-out/>
  <testcase classname="com.CA.qa.TestCases.APITesting" name="testResponsecode" time="0.206"/>
  <system-out/>
  <testcase classname="com.CA.qa.TestCases.APITesting" name="testResponsecode" time="0.051"/>
  <system-out/>
  <testcase classname="com.CA.qa.TestCases.APITesting" name="testResponsecode" time="0.035"/>
  <system-out/>
  <testcase classname="com.CA.qa.TestCases.APITesting" name="testResponsecode" time="0.036"/>
  <system-out/>
  <testcase classname="com.CA.qa.TestCases.APITesting" name="testResponsecode" time="0.045"/>
  <system-out/>
  <testcase classname="com.CA.qa.TestCases.APITesting" name="testResponsecode" time="0.033"/>
  <system-out/>
  <testcase classname="com.CA.qa.TestCases.APITesting" name="testResponsecode" time="0.037"/>
  <system-out/>
  <testcase classname="com.CA.qa.TestCases.APITesting" name="testResponsecode" time="0.037"/>
  <system-out/>
  <testcase classname="com.CA.qa.TestCases.APITesting" name="testResponsecode" time="0.036"/>
  <system-out/>
  <testcase classname="com.CA.qa.TestCases.APITesting" name="testResponsecode" time="0.035"/>
  <system-out/>
  <testcase classname="com.CA.qa.TestCases.APITesting" name="testResponsecode" time="0.035"/>
  <system-out/>
  <testcase classname="com.CA.qa.TestCases.APITesting" name="testResponsecode" time="0.035"/>
  <system-out/>
  <testcase classname="com.CA.qa.TestCases.APITesting" name="testResponsecode" time="0.042"/>
  <system-out/>
  <testcase classname="com.CA.qa.TestCases.APITesting" name="testResponsecode" time="0.033"/>
  <system-out/>
  <testcase classname="com.CA.qa.TestCases.APITesting" name="testResponsecode" time="0.033"/>
  <system-out/>
  <testcase classname="com.CA.qa.TestCases.APITesting" name="testResponsecode" time="0.049"/>
  <system-out/>
  <testcase classname="com.CA.qa.TestCases.APITesting" name="testResponsecode" time="0.037"/>
  <system-out/>
  <testcase classname="com.CA.qa.TestCases.APITesting" name="testResponsecode" time="0.034"/>
  <system-out/>
  <testcase classname="com.CA.qa.TestCases.APITesting" name="testResponsecode" time="0.044"/>
  <system-out/>
  <testcase classname="com.CA.qa.TestCases.APITesting" name="testResponsecode" time="0.037"/>
  <system-out/>
  <testcase classname="com.CA.qa.TestCases.APITesting" name="testResponsecode" time="0.038"/>
  <system-out/>
  <testcase classname="com.CA.qa.TestCases.APITesting" name="testResponsecode" time="0.034"/>
  <system-out/>
  <testcase classname="com.CA.qa.TestCases.APITesting" name="testResponsecode" time="0.035"/>
  <system-out/>
  <testcase classname="com.CA.qa.TestCases.APITesting" name="testResponsecode" time="0.036"/>
  <system-out/>
  <testcase classname="com.CA.qa.TestCases.APITesting" name="testResponsecode" time="0.034"/>
  <system-out/>
  <testcase classname="com.CA.qa.TestCases.APITesting" name="testResponsecode" time="0.046"/>
  <system-out/>
  <testcase classname="com.CA.qa.TestCases.APITesting" name="testResponsecode" time="0.040"/>
  <system-out/>
  <testcase classname="com.CA.qa.TestCases.APITesting" name="testResponsecode" time="0.034"/>
  <system-out/>
  <testcase classname="com.CA.qa.TestCases.APITesting" name="testResponsecode" time="0.126"/>
  <system-out/>
  <testcase classname="com.CA.qa.TestCases.APITesting" name="testResponsecode" time="0.033"/>
  <system-out/>
  <testcase classname="com.CA.qa.TestCases.APITesting" name="testResponsecode" time="0.048"/>
  <system-out/>
  <testcase classname="com.CA.qa.TestCases.APITesting" name="testResponsecode" time="0.033"/>
  <system-out/>
  <testcase classname="com.CA.qa.TestCases.APITesting" name="testResponsecode" time="0.035"/>
  <system-out/>
  <testcase classname="com.CA.qa.TestCases.APITesting" name="testResponsecode" time="0.034"/>
  <system-out/>
  <testcase classname="com.CA.qa.TestCases.APITesting" name="testResponsecode" time="0.036"/>
  <system-out/>
  <testcase classname="com.CA.qa.TestCases.APITesting" name="testResponsecode" time="0.038"/>
  <system-out/>
  <testcase classname="com.CA.qa.TestCases.APITesting" name="testResponsecode" time="0.041"/>
  <system-out/>
  <testcase classname="com.CA.qa.TestCases.APITesting" name="testResponsecode" time="0.037"/>
  <system-out/>
  <testcase classname="com.CA.qa.TestCases.APITesting" name="testResponsecode" time="0.042"/>
  <system-out/>
  <testcase classname="com.CA.qa.TestCases.APITesting" name="testResponsecode" time="0.034"/>
  <system-out/>
  <testcase classname="com.CA.qa.TestCases.APITesting" name="testResponsecode" time="0.041"/>
  <system-out/>
  <testcase classname="com.CA.qa.TestCases.APITesting" name="testResponsecode" time="0.049"/>
  <system-out/>
  <testcase classname="com.CA.qa.TestCases.APITesting" name="testResponsecode" time="0.034"/>
  <system-out/>
  <testcase classname="com.CA.qa.TestCases.APITesting" name="testResponsecode" time="0.036"/>
  <system-out/>
  <testcase classname="com.CA.qa.TestCases.APITesting" name="testResponsecode" time="0.036"/>
  <system-out/>
  <testcase classname="com.CA.qa.TestCases.APITesting" name="testResponsecode" time="0.037"/>
  <system-out/>
  <testcase classname="com.CA.qa.TestCases.APITesting" name="testResponsecode" time="0.034"/>
  <system-out/>
  <testcase classname="com.CA.qa.TestCases.APITesting" name="testResponsecode" time="0.037"/>
  <system-out/>
  <testcase classname="com.CA.qa.TestCases.APITesting" name="testResponsecode" time="0.041"/>
  <system-out/>
  <testcase classname="com.CA.qa.TestCases.APITesting" name="testResponsecode" time="0.037"/>
  <system-out/>
  <testcase classname="com.CA.qa.TestCases.APITesting" name="testResponsecode" time="0.035"/>
  <system-out/>
  <testcase classname="com.CA.qa.TestCases.APITesting" name="testResponsecode" time="0.034"/>
  <system-out/>
  <testcase classname="com.CA.qa.TestCases.APITesting" name="testResponsecode" time="0.038"/>
  <system-out/>
  <testcase classname="com.CA.qa.TestCases.APITesting" name="testResponsecode" time="0.034"/>
  <system-out/>
  <testcase classname="com.CA.qa.TestCases.APITesting" name="testResponsecode" time="0.041"/>
  <system-out/>
  <testcase classname="com.CA.qa.TestCases.APITesting" name="testResponsecode" time="0.034"/>
  <system-out/>
  <testcase classname="com.CA.qa.TestCases.APITesting" name="testResponsecode" time="0.037"/>
  <system-out/>
  <testcase classname="com.CA.qa.TestCases.APITesting" name="testResponsecode" time="0.037"/>
  <system-out/>
  <testcase classname="com.CA.qa.TestCases.APITesting" name="testResponsecode" time="0.035"/>
  <system-out/>
  <testcase classname="com.CA.qa.TestCases.APITesting" name="testResponsecode" time="0.036"/>
  <system-out/>
  <testcase classname="com.CA.qa.TestCases.APITesting" name="testResponsecode" time="0.041"/>
  <system-out/>
  <testcase classname="com.CA.qa.TestCases.APITesting" name="testResponsecode" time="0.033"/>
  <system-out/>
  <testcase classname="com.CA.qa.TestCases.APITesting" name="testResponsecode" time="0.032"/>
  <system-out/>
  <testcase classname="com.CA.qa.TestCases.APITesting" name="testResponsecode" time="0.033"/>
  <system-out/>
  <testcase classname="com.CA.qa.TestCases.APITesting" name="testResponsecode" time="0.040"/>
  <system-out/>
  <testcase classname="com.CA.qa.TestCases.APITesting" name="testResponsecode" time="0.038"/>
  <system-out/>
  <testcase classname="com.CA.qa.TestCases.APITesting" name="testResponsecode" time="0.071"/>
  <system-out/>
  <testcase classname="com.CA.qa.TestCases.APITesting" name="testResponsecode" time="0.075"/>
  <system-out/>
  <testcase classname="com.CA.qa.TestCases.APITesting" name="testResponsecode" time="0.033"/>
  <system-out/>
  <testcase classname="com.CA.qa.TestCases.APITesting" name="testResponsecode" time="0.127"/>
  <system-out/>
  <testcase classname="com.CA.qa.TestCases.APITesting" name="testResponsecode" time="0.035"/>
  <system-out/>
  <testcase classname="com.CA.qa.TestCases.APITesting" name="testResponsecode" time="0.040"/>
  <system-out/>
  <testcase classname="com.CA.qa.TestCases.APITesting" name="testResponsecode" time="0.035"/>
  <system-out/>
  <testcase classname="com.CA.qa.TestCases.APITesting" name="testResponsecode" time="0.034"/>
  <system-out/>
  <testcase classname="com.CA.qa.TestCases.APITesting" name="testResponsecode" time="0.040"/>
  <system-out/>
  <testcase classname="com.CA.qa.TestCases.APITesting" name="testResponsecode" time="0.032"/>
  <system-out/>
  <testcase classname="com.CA.qa.TestCases.APITesting" name="testResponsecode" time="0.034"/>
  <system-out/>
  <testcase classname="com.CA.qa.TestCases.APITesting" name="testResponsecode" time="0.036"/>
  <system-out/>
  <testcase classname="com.CA.qa.TestCases.APITesting" name="testResponsecode" time="0.037"/>
  <system-out/>
  <testcase classname="com.CA.qa.TestCases.APITesting" name="testResponsecode" time="0.033"/>
  <system-out/>
  <testcase classname="com.CA.qa.TestCases.APITesting" name="testResponsecode" time="0.035"/>
  <system-out/>
  <testcase classname="com.CA.qa.TestCases.APITesting" name="testResponsecode" time="0.037"/>
  <system-out/>
  <testcase classname="com.CA.qa.TestCases.APITesting" name="testResponsecode" time="0.036"/>
  <system-out/>
  <testcase classname="com.CA.qa.TestCases.APITesting" name="testResponsecode" time="0.046"/>
  <system-out/>
  <testcase classname="com.CA.qa.TestCases.APITesting" name="testResponsecode" time="0.038"/>
  <system-out/>
  <testcase classname="com.CA.qa.TestCases.APITesting" name="testResponsecode" time="0.057"/>
  <system-out/>
  <testcase classname="com.CA.qa.TestCases.APITesting" name="testResponsecode" time="0.036"/>
  <system-out/>
  <testcase classname="com.CA.qa.TestCases.APITesting" name="testResponsecode" time="0.035"/>
  <system-out/>
  <testcase classname="com.CA.qa.TestCases.APITesting" name="testResponsecode" time="0.034"/>
  <system-out/>
  <testcase classname="com.CA.qa.TestCases.APITesting" name="testResponsecode" time="0.040"/>
  <system-out/>
  <testcase classname="com.CA.qa.TestCases.APITesting" name="testResponsecode" time="0.039"/>
  <system-out/>
  <testcase classname="com.CA.qa.TestCases.APITesting" name="testResponsecode" time="0.036"/>
  <system-out/>
  <testcase classname="com.CA.qa.TestCases.APITesting" name="testResponsecode" time="0.034"/>
  <system-out/>
  <testcase classname="com.CA.qa.TestCases.APITesting" name="testResponsecode" time="0.033"/>
  <system-out/>
  <testcase classname="com.CA.qa.TestCases.APITesting" name="testResponsecode" time="0.034"/>
  <system-out/>
  <testcase classname="com.CA.qa.TestCases.APITesting" name="testResponsecode" time="0.046"/>
  <system-out/>
  <testcase classname="com.CA.qa.TestCases.APITesting" name="testResponsecode" time="0.037"/>
  <system-out/>
  <testcase classname="com.CA.qa.TestCases.APITesting" name="testResponsecode" time="0.044"/>
  <system-out/>
  <testcase classname="com.CA.qa.TestCases.APITesting" name="testResponsecode" time="0.036"/>
  <system-out/>
  <testcase classname="com.CA.qa.TestCases.APITesting" name="testResponsecode" time="0.034"/>
  <system-out/>
  <testcase classname="com.CA.qa.TestCases.APITesting" name="testResponsecode" time="0.033"/>
  <system-out/>
  <testcase classname="com.CA.qa.TestCases.APITesting" name="testResponsecode" time="0.036"/>
  <system-out/>
  <testcase classname="com.CA.qa.TestCases.APITesting" name="testResponsecode" time="0.035"/>
  <system-out/>
  <testcase classname="com.CA.qa.TestCases.APITesting" name="testResponsecode" time="0.035"/>
  <system-out/>
  <testcase classname="com.CA.qa.TestCases.APITesting" name="testResponsecode" time="0.042"/>
  <system-out/>
  <testcase classname="com.CA.qa.TestCases.APITesting" name="testResponsecode" time="0.032"/>
  <system-out/>
  <testcase classname="com.CA.qa.TestCases.APITesting" name="testResponsecode" time="0.034"/>
  <system-out/>
  <testcase classname="com.CA.qa.TestCases.APITesting" name="testResponsecode" time="0.033"/>
  <system-out/>
  <testcase classname="com.CA.qa.TestCases.APITesting" name="testResponsecode" time="0.044"/>
  <system-out/>
  <testcase classname="com.CA.qa.TestCases.APITesting" name="testResponsecode" time="0.036"/>
  <system-out/>
  <testcase classname="com.CA.qa.TestCases.APITesting" name="testResponsecode" time="0.034"/>
  <system-out/>
  <testcase classname="com.CA.qa.TestCases.APITesting" name="testResponsecode" time="0.037"/>
  <system-out/>
  <testcase classname="com.CA.qa.TestCases.APITesting" name="testResponsecode" time="0.035"/>
  <system-out/>
  <testcase classname="com.CA.qa.TestCases.APITesting" name="testResponsecode" time="0.036"/>
  <system-out/>
  <testcase classname="com.CA.qa.TestCases.APITesting" name="testResponsecode" time="0.033"/>
  <system-out/>
  <testcase classname="com.CA.qa.TestCases.APITesting" name="testResponsecode" time="0.038"/>
  <system-out/>
  <testcase classname="com.CA.qa.TestCases.APITesting" name="testResponsecode" time="0.037"/>
  <system-out/>
  <testcase classname="com.CA.qa.TestCases.APITesting" name="testResponsecode" time="0.050"/>
  <system-out/>
  <testcase classname="com.CA.qa.TestCases.APITesting" name="testResponsecode" time="0.034"/>
  <system-out/>
  <testcase classname="com.CA.qa.TestCases.APITesting" name="testResponsecode" time="0.033"/>
  <system-out/>
  <testcase classname="com.CA.qa.TestCases.APITesting" name="testResponsecode" time="0.045"/>
  <system-out/>
  <testcase classname="com.CA.qa.TestCases.APITesting" name="testResponsecode" time="0.034"/>
  <system-out/>
  <testcase classname="com.CA.qa.TestCases.APITesting" name="testResponsecode" time="0.033"/>
  <system-out/>
  <testcase classname="com.CA.qa.TestCases.APITesting" name="testResponsecode" time="0.034"/>
  <system-out/>
  <testcase classname="com.CA.qa.TestCases.APITesting" name="testResponsecode" time="0.044"/>
  <system-out/>
  <testcase classname="com.CA.qa.TestCases.APITesting" name="testResponsecode" time="0.044"/>
  <system-out/>
  <testcase classname="com.CA.qa.TestCases.APITesting" name="testResponsecode" time="0.069"/>
  <system-out/>
  <testcase classname="com.CA.qa.TestCases.APITesting" name="testResponsecode" time="0.033"/>
  <system-out/>
  <testcase classname="com.CA.qa.TestCases.APITesting" name="testResponsecode" time="0.033"/>
  <system-out/>
  <testcase classname="com.CA.qa.TestCases.APITesting" name="testResponsecode" time="0.035"/>
  <system-out/>
  <testcase classname="com.CA.qa.TestCases.APITesting" name="testResponsecode" time="0.038"/>
  <system-out/>
  <testcase classname="com.CA.qa.TestCases.APITesting" name="testResponsecode" time="0.056"/>
  <system-out/>
  <testcase classname="com.CA.qa.TestCases.APITesting" name="testResponsecode" time="0.032"/>
  <system-out/>
  <testcase classname="com.CA.qa.TestCases.APITesting" name="testResponsecode" time="0.037"/>
  <system-out/>
  <testcase classname="com.CA.qa.TestCases.APITesting" name="testResponsecode" time="0.035"/>
  <system-out/>
  <testcase classname="com.CA.qa.TestCases.APITesting" name="testResponsecode" time="0.047"/>
  <system-out/>
  <testcase classname="com.CA.qa.TestCases.APITesting" name="testResponsecode" time="0.141"/>
  <system-out/>
  <testcase classname="com.CA.qa.TestCases.APITesting" name="testResponsecode" time="0.035"/>
  <system-out/>
  <testcase classname="com.CA.qa.TestCases.APITesting" name="testResponsecode" time="0.033"/>
  <system-out/>
  <testcase classname="com.CA.qa.TestCases.APITesting" name="testResponsecode" time="0.033"/>
  <system-out/>
  <testcase classname="com.CA.qa.TestCases.APITesting" name="testResponsecode" time="0.036"/>
  <system-out/>
  <testcase classname="com.CA.qa.TestCases.APITesting" name="testResponsecode" time="0.034"/>
  <system-out/>
  <testcase classname="com.CA.qa.TestCases.APITesting" name="testResponsecode" time="0.034"/>
  <system-out/>
  <testcase classname="com.CA.qa.TestCases.APITesting" name="testResponsecode" time="0.036"/>
  <system-out/>
  <testcase classname="com.CA.qa.TestCases.APITesting" name="testResponsecode" time="0.036"/>
  <system-out/>
  <testcase classname="com.CA.qa.TestCases.APITesting" name="testResponsecode" time="0.034"/>
  <system-out/>
  <testcase classname="com.CA.qa.TestCases.APITesting" name="testResponsecode" time="0.038"/>
  <system-out/>
  <testcase classname="com.CA.qa.TestCases.APITesting" name="testResponsecode" time="1.013"/>
  <system-out/>
  <testcase classname="com.CA.qa.TestCases.APITesting" name="testResponsecode" time="0.033"/>
  <system-out/>
  <testcase classname="com.CA.qa.TestCases.APITesting" name="testResponsecode" time="0.034"/>
  <system-out/>
  <testcase classname="com.CA.qa.TestCases.APITesting" name="testResponsecode" time="0.034"/>
  <system-out/>
  <testcase classname="com.CA.qa.TestCases.APITesting" name="testResponsecode" time="0.166"/>
  <system-out/>
  <testcase classname="com.CA.qa.TestCases.APITesting" name="testResponsecode" time="0.050"/>
  <system-out/>
  <testcase classname="com.CA.qa.TestCases.APITesting" name="testResponsecode" time="0.036"/>
  <system-out/>
  <testcase classname="com.CA.qa.TestCases.APITesting" name="testResponsecode" time="0.033"/>
  <system-out/>
  <testcase classname="com.CA.qa.TestCases.APITesting" name="testResponsecode" time="0.035"/>
  <system-out/>
  <testcase classname="com.CA.qa.TestCases.APITesting" name="testResponsecode" time="0.036"/>
  <system-out/>
  <testcase classname="com.CA.qa.TestCases.APITesting" name="testResponsecode" time="0.035"/>
  <system-out/>
  <testcase classname="com.CA.qa.TestCases.APITesting" name="testResponsecode" time="0.046"/>
  <system-out/>
  <testcase classname="com.CA.qa.TestCases.APITesting" name="testResponsecode" time="0.033"/>
  <system-out/>
  <testcase classname="com.CA.qa.TestCases.APITesting" name="testResponsecode" time="0.143"/>
  <system-out/>
  <testcase classname="com.CA.qa.TestCases.APITesting" name="testResponsecode" time="0.052"/>
  <system-out/>
  <testcase classname="com.CA.qa.TestCases.APITesting" name="testResponsecode" time="0.034"/>
  <system-out/>
  <testcase classname="com.CA.qa.TestCases.APITesting" name="testResponsecode" time="0.035"/>
  <system-out/>
  <testcase classname="com.CA.qa.TestCases.APITesting" name="testResponsecode" time="0.035"/>
  <system-out/>
  <testcase classname="com.CA.qa.TestCases.APITesting" name="testResponsecode" time="0.038"/>
  <system-out/>
  <testcase classname="com.CA.qa.TestCases.APITesting" name="testResponsecode" time="0.035"/>
  <system-out/>
  <testcase classname="com.CA.qa.TestCases.APITesting" name="testResponsecode" time="0.035"/>
  <system-out/>
  <testcase classname="com.CA.qa.TestCases.APITesting" name="testResponsecode" time="0.038"/>
  <system-out/>
  <testcase classname="com.CA.qa.TestCases.APITesting" name="testResponsecode" time="0.135"/>
  <system-out/>
  <testcase classname="com.CA.qa.TestCases.APITesting" name="testResponsecode" time="0.034"/>
  <system-out/>
  <testcase classname="com.CA.qa.TestCases.APITesting" name="testResponsecode" time="0.033"/>
  <system-out/>
  <testcase classname="com.CA.qa.TestCases.APITesting" name="testResponsecode" time="0.034"/>
  <system-out/>
  <testcase classname="com.CA.qa.TestCases.APITesting" name="testResponsecode" time="0.033"/>
  <system-out/>
  <testcase classname="com.CA.qa.TestCases.APITesting" name="testResponsecode" time="0.037"/>
  <system-out/>
  <testcase classname="com.CA.qa.TestCases.APITesting" name="testResponsecode" time="0.034"/>
  <system-out/>
  <testcase classname="com.CA.qa.TestCases.APITesting" name="testResponsecode" time="0.037"/>
  <system-out/>
  <testcase classname="com.CA.qa.TestCases.APITesting" name="testResponsecode" time="0.034"/>
  <system-out/>
  <testcase classname="com.CA.qa.TestCases.APITesting" name="testResponsecode" time="0.034"/>
  <system-out/>
  <testcase classname="com.CA.qa.TestCases.APITesting" name="testResponsecode" time="0.033"/>
  <system-out/>
  <testcase classname="com.CA.qa.TestCases.APITesting" name="testResponsecode" time="0.057"/>
  <system-out/>
  <testcase classname="com.CA.qa.TestCases.APITesting" name="testResponsecode" time="0.056"/>
  <system-out/>
  <testcase classname="com.CA.qa.TestCases.APITesting" name="testResponsecode" time="0.038"/>
  <system-out/>
  <testcase classname="com.CA.qa.TestCases.APITesting" name="testResponsecode" time="0.199"/>
  <system-out/>
  <testcase classname="com.CA.qa.TestCases.APITesting" name="testResponsecode" time="0.034"/>
  <system-out/>
  <testcase classname="com.CA.qa.TestCases.APITesting" name="testResponsecode" time="0.035"/>
  <system-out/>
  <testcase classname="com.CA.qa.TestCases.APITesting" name="testResponsecode" time="0.035"/>
  <system-out/>
  <testcase classname="com.CA.qa.TestCases.APITesting" name="testResponsecode" time="0.248"/>
  <system-out/>
  <testcase classname="com.CA.qa.TestCases.APITesting" name="testResponsecode" time="0.050"/>
  <system-out/>
  <testcase classname="com.CA.qa.TestCases.APITesting" name="testResponsecode" time="0.035"/>
  <system-out/>
  <testcase classname="com.CA.qa.TestCases.APITesting" name="testResponsecode" time="0.034"/>
  <system-out/>
  <testcase classname="com.CA.qa.TestCases.APITesting" name="testResponsecode" time="0.034"/>
  <system-out/>
  <testcase classname="com.CA.qa.TestCases.APITesting" name="testResponsecode" time="0.062"/>
  <system-out/>
  <testcase classname="com.CA.qa.TestCases.APITesting" name="testResponsecode" time="0.037"/>
  <system-out/>
  <testcase classname="com.CA.qa.TestCases.APITesting" name="testResponsecode" time="0.040"/>
  <system-out/>
  <testcase classname="com.CA.qa.TestCases.APITesting" name="testResponsecode" time="0.033"/>
  <system-out/>
  <testcase classname="com.CA.qa.TestCases.APITesting" name="testResponsecode" time="0.032"/>
  <system-out/>
  <testcase classname="com.CA.qa.TestCases.APITesting" name="testResponsecode" time="0.156"/>
  <system-out/>
  <testcase classname="com.CA.qa.TestCases.APITesting" name="testResponsecode" time="0.034"/>
  <system-out/>
  <testcase classname="com.CA.qa.TestCases.APITesting" name="testResponsecode" time="0.057"/>
  <system-out/>
  <testcase classname="com.CA.qa.TestCases.APITesting" name="testResponsecode" time="0.036"/>
  <system-out/>
  <testcase classname="com.CA.qa.TestCases.APITesting" name="testResponsecode" time="0.042"/>
  <system-out/>
  <testcase classname="com.CA.qa.TestCases.APITesting" name="testResponsecode" time="0.038"/>
  <system-out/>
  <testcase classname="com.CA.qa.TestCases.APITesting" name="testResponsecode" time="0.069"/>
  <system-out/>
  <testcase classname="com.CA.qa.TestCases.APITesting" name="testResponsecode" time="0.062"/>
  <system-out/>
  <testcase classname="com.CA.qa.TestCases.APITesting" name="testResponsecode" time="0.035"/>
  <system-out/>
  <testcase classname="com.CA.qa.TestCases.APITesting" name="testResponsecode" time="0.034"/>
  <system-out/>
  <testcase classname="com.CA.qa.TestCases.APITesting" name="testResponsecode" time="0.036"/>
  <system-out/>
  <testcase classname="com.CA.qa.TestCases.APITesting" name="testResponsecode" time="0.040"/>
  <system-out/>
  <testcase classname="com.CA.qa.TestCases.APITesting" name="testResponsecode" time="0.033"/>
  <system-out/>
  <testcase classname="com.CA.qa.TestCases.APITesting" name="testResponsecode" time="0.036"/>
  <system-out/>
  <testcase classname="com.CA.qa.TestCases.APITesting" name="testResponsecode" time="0.034"/>
  <system-out/>
  <testcase classname="com.CA.qa.TestCases.APITesting" name="testResponsecode" time="0.049"/>
  <system-out/>
  <testcase classname="com.CA.qa.TestCases.APITesting" name="testResponsecode" time="0.045"/>
  <system-out/>
  <testcase classname="com.CA.qa.TestCases.APITesting" name="testResponsecode" time="0.059"/>
  <system-out/>
  <testcase classname="com.CA.qa.TestCases.APITesting" name="testResponsecode" time="0.035"/>
  <system-out/>
  <testcase classname="com.CA.qa.TestCases.APITesting" name="testResponsecode" time="0.032"/>
  <system-out/>
  <testcase classname="com.CA.qa.TestCases.APITesting" name="testResponsecode" time="0.039"/>
  <system-out/>
  <testcase classname="com.CA.qa.TestCases.APITesting" name="testResponsecode" time="0.033"/>
  <system-out/>
  <testcase classname="com.CA.qa.TestCases.APITesting" name="testResponsecode" time="0.034"/>
  <system-out/>
  <testcase classname="com.CA.qa.TestCases.APITesting" name="testResponsecode" time="0.141"/>
  <system-out/>
  <testcase classname="com.CA.qa.TestCases.APITesting" name="testResponsecode" time="0.062"/>
  <system-out/>
  <testcase classname="com.CA.qa.TestCases.APITesting" name="testResponsecode" time="0.043"/>
  <system-out/>
  <testcase classname="com.CA.qa.TestCases.APITesting" name="testResponsecode" time="0.896"/>
  <system-out/>
  <testcase classname="com.CA.qa.TestCases.APITesting" name="testResponsecode" time="0.963"/>
  <system-out/>
  <testcase classname="com.CA.qa.TestCases.APITesting" name="testResponsecode" time="0.032"/>
  <system-out/>
  <testcase classname="com.CA.qa.TestCases.APITesting" name="testResponsecode" time="0.032"/>
  <system-out/>
  <testcase classname="com.CA.qa.TestCases.APITesting" name="testResponsecode" time="0.127"/>
  <system-out/>
  <testcase classname="com.CA.qa.TestCases.APITesting" name="testResponsecode" time="0.036"/>
  <system-out/>
  <testcase classname="com.CA.qa.TestCases.APITesting" name="testResponsecode" time="1.008"/>
  <system-out/>
  <testcase classname="com.CA.qa.TestCases.APITesting" name="testResponsecode" time="0.033"/>
  <system-out/>
  <testcase classname="com.CA.qa.TestCases.APITesting" name="testResponsecode" time="0.035"/>
  <system-out/>
  <testcase classname="com.CA.qa.TestCases.APITesting" name="testResponsecode" time="0.052"/>
  <system-out/>
  <testcase classname="com.CA.qa.TestCases.APITesting" name="testResponsecode" time="0.166"/>
  <system-out/>
  <testcase classname="com.CA.qa.TestCases.APITesting" name="testResponsecode" time="0.034"/>
  <system-out/>
  <testcase classname="com.CA.qa.TestCases.APITesting" name="testResponsecode" time="0.037"/>
  <system-out/>
  <testcase classname="com.CA.qa.TestCases.APITesting" name="testResponsecode" time="0.035"/>
  <system-out/>
  <testcase classname="com.CA.qa.TestCases.APITesting" name="testResponsecode" time="0.073"/>
  <system-out/>
  <testcase classname="com.CA.qa.TestCases.APITesting" name="testResponsecode" time="0.038"/>
  <system-out/>
  <testcase classname="com.CA.qa.TestCases.APITesting" name="testResponsecode" time="0.188"/>
  <system-out/>
  <testcase classname="com.CA.qa.TestCases.APITesting" name="testResponsecode" time="0.044"/>
  <system-out/>
  <testcase classname="com.CA.qa.TestCases.APITesting" name="testResponsecode" time="0.034"/>
  <system-out/>
  <testcase classname="com.CA.qa.TestCases.APITesting" name="testResponsecode" time="0.034"/>
  <system-out/>
  <testcase classname="com.CA.qa.TestCases.APITesting" name="testResponsecode" time="0.034"/>
  <system-out/>
  <testcase classname="com.CA.qa.TestCases.APITesting" name="testResponsecode" time="0.035"/>
  <system-out/>
  <testcase classname="com.CA.qa.TestCases.APITesting" name="testResponsecode" time="0.034"/>
  <system-out/>
  <testcase classname="com.CA.qa.TestCases.APITesting" name="testResponsecode" time="0.035"/>
  <system-out/>
  <testcase classname="com.CA.qa.TestCases.APITesting" name="testResponsecode" time="0.037"/>
  <system-out/>
  <testcase classname="com.CA.qa.TestCases.APITesting" name="testResponsecode" time="0.084"/>
  <system-out/>
  <testcase classname="com.CA.qa.TestCases.APITesting" name="testResponsecode" time="0.034"/>
  <system-out/>
  <testcase classname="com.CA.qa.TestCases.APITesting" name="testResponsecode" time="0.211"/>
  <system-out/>
  <testcase classname="com.CA.qa.TestCases.APITesting" name="testResponsecode" time="0.041"/>
  <system-out/>
  <testcase classname="com.CA.qa.TestCases.APITesting" name="testResponsecode" time="0.040"/>
  <system-out/>
  <testcase classname="com.CA.qa.TestCases.APITesting" name="testResponsecode" time="0.035"/>
  <system-out/>
  <testcase classname="com.CA.qa.TestCases.APITesting" name="testResponsecode" time="0.035"/>
  <system-out/>
  <testcase classname="com.CA.qa.TestCases.APITesting" name="testResponsecode" time="0.035"/>
  <system-out/>
  <testcase classname="com.CA.qa.TestCases.APITesting" name="testResponsecode" time="0.033"/>
  <system-out/>
  <testcase classname="com.CA.qa.TestCases.APITesting" name="testResponsecode" time="0.145"/>
  <system-out/>
  <testcase classname="com.CA.qa.TestCases.APITesting" name="testResponsecode" time="0.053"/>
  <system-out/>
  <testcase classname="com.CA.qa.TestCases.APITesting" name="testResponsecode" time="0.193"/>
  <system-out/>
  <testcase classname="com.CA.qa.TestCases.APITesting" name="testResponsecode" time="0.040"/>
  <system-out/>
  <testcase classname="com.CA.qa.TestCases.APITesting" name="testResponsecode" time="0.041"/>
  <system-out/>
  <testcase classname="com.CA.qa.TestCases.APITesting" name="testResponsecode" time="0.032"/>
  <system-out/>
  <testcase classname="com.CA.qa.TestCases.APITesting" name="testResponsecode" time="0.040"/>
  <system-out/>
  <testcase classname="com.CA.qa.TestCases.APITesting" name="testResponsecode" time="0.034"/>
  <system-out/>
  <testcase classname="com.CA.qa.TestCases.APITesting" name="testResponsecode" time="0.034"/>
  <system-out/>
  <testcase classname="com.CA.qa.TestCases.APITesting" name="testResponsecode" time="0.032"/>
  <system-out/>
  <testcase classname="com.CA.qa.TestCases.APITesting" name="testResponsecode" time="0.046"/>
  <system-out/>
  <testcase classname="com.CA.qa.TestCases.APITesting" name="testResponsecode" time="0.089"/>
  <system-out/>
  <testcase classname="com.CA.qa.TestCases.APITesting" name="testResponsecode" time="0.038"/>
  <system-out/>
  <testcase classname="com.CA.qa.TestCases.APITesting" name="testResponsecode" time="0.035"/>
  <system-out/>
  <testcase classname="com.CA.qa.TestCases.APITesting" name="testResponsecode" time="0.871"/>
  <system-out/>
  <testcase classname="com.CA.qa.TestCases.APITesting" name="testResponsecode" time="0.058"/>
  <system-out/>
  <testcase classname="com.CA.qa.TestCases.APITesting" name="testResponsecode" time="0.055"/>
  <system-out/>
  <testcase classname="com.CA.qa.TestCases.APITesting" name="testResponsecode" time="0.049"/>
  <system-out/>
  <testcase classname="com.CA.qa.TestCases.APITesting" name="testResponsecode" time="0.034"/>
  <system-out/>
  <testcase classname="com.CA.qa.TestCases.APITesting" name="testResponsecode" time="0.036"/>
  <system-out/>
  <testcase classname="com.CA.qa.TestCases.APITesting" name="testResponsecode" time="0.132"/>
  <system-out/>
  <testcase classname="com.CA.qa.TestCases.APITesting" name="testResponsecode" time="0.033"/>
  <system-out/>
  <testcase classname="com.CA.qa.TestCases.APITesting" name="testResponsecode" time="0.038"/>
  <system-out/>
  <testcase classname="com.CA.qa.TestCases.APITesting" name="testResponsecode" time="0.036"/>
  <system-out/>
  <testcase classname="com.CA.qa.TestCases.APITesting" name="testResponsecode" time="0.038"/>
  <system-out/>
  <testcase classname="com.CA.qa.TestCases.APITesting" name="testResponsecode" time="0.034"/>
  <system-out/>
  <testcase classname="com.CA.qa.TestCases.APITesting" name="testResponsecode" time="0.037"/>
  <system-out/>
  <testcase classname="com.CA.qa.TestCases.APITesting" name="testResponsecode" time="0.035"/>
  <system-out/>
  <testcase classname="com.CA.qa.TestCases.APITesting" name="testResponsecode" time="0.033"/>
  <system-out/>
  <testcase classname="com.CA.qa.TestCases.APITesting" name="testResponsecode" time="0.032"/>
  <system-out/>
  <testcase classname="com.CA.qa.TestCases.APITesting" name="testResponsecode" time="0.033"/>
  <system-out/>
  <testcase classname="com.CA.qa.TestCases.APITesting" name="testResponsecode" time="0.036"/>
  <system-out/>
  <testcase classname="com.CA.qa.TestCases.APITesting" name="testResponsecode" time="0.111"/>
  <system-out/>
  <testcase classname="com.CA.qa.TestCases.APITesting" name="testResponsecode" time="0.036"/>
  <system-out/>
  <testcase classname="com.CA.qa.TestCases.APITesting" name="testResponsecode" time="0.039"/>
  <system-out/>
  <testcase classname="com.CA.qa.TestCases.APITesting" name="testResponsecode" time="0.039"/>
  <system-out/>
  <testcase classname="com.CA.qa.TestCases.APITesting" name="testResponsecode" time="0.032"/>
  <system-out/>
  <testcase classname="com.CA.qa.TestCases.APITesting" name="testResponsecode" time="0.042"/>
  <system-out/>
  <testcase classname="com.CA.qa.TestCases.APITesting" name="testResponsecode" time="0.041"/>
  <system-out/>
  <testcase classname="com.CA.qa.TestCases.APITesting" name="testResponsecode" time="0.032"/>
  <system-out/>
  <testcase classname="com.CA.qa.TestCases.APITesting" name="testResponsecode" time="0.039"/>
  <system-out/>
  <testcase classname="com.CA.qa.TestCases.APITesting" name="testResponsecode" time="0.796"/>
  <system-out/>
  <testcase classname="com.CA.qa.TestCases.APITesting" name="testResponsecode" time="0.042"/>
  <system-out/>
  <testcase classname="com.CA.qa.TestCases.APITesting" name="testResponsecode" time="0.038"/>
  <system-out/>
  <testcase classname="com.CA.qa.TestCases.APITesting" name="testResponsecode" time="0.035"/>
  <system-out/>
  <testcase classname="com.CA.qa.TestCases.APITesting" name="testResponsecode" time="0.035"/>
  <system-out/>
  <testcase classname="com.CA.qa.TestCases.APITesting" name="testResponsecode" time="0.059"/>
  <system-out/>
  <testcase classname="com.CA.qa.TestCases.APITesting" name="testResponsecode" time="0.034"/>
  <system-out/>
  <testcase classname="com.CA.qa.TestCases.APITesting" name="testResponsecode" time="0.035"/>
  <system-out/>
  <testcase classname="com.CA.qa.TestCases.APITesting" name="testResponsecode" time="0.035"/>
  <system-out/>
  <testcase classname="com.CA.qa.TestCases.APITesting" name="testResponsecode" time="0.032"/>
  <system-out/>
  <testcase classname="com.CA.qa.TestCases.APITesting" name="testResponsecode" time="0.041"/>
  <system-out/>
  <testcase classname="com.CA.qa.TestCases.APITesting" name="testResponsecode" time="0.033"/>
  <system-out/>
  <testcase classname="com.CA.qa.TestCases.APITesting" name="testResponsecode" time="0.038"/>
  <system-out/>
  <testcase classname="com.CA.qa.TestCases.APITesting" name="testResponsecode" time="0.037"/>
  <system-out/>
  <testcase classname="com.CA.qa.TestCases.APITesting" name="testResponsecode" time="0.033"/>
  <system-out/>
  <testcase classname="com.CA.qa.TestCases.APITesting" name="testResponsecode" time="0.040"/>
  <system-out/>
  <testcase classname="com.CA.qa.TestCases.APITesting" name="testResponsecode" time="0.032"/>
  <system-out/>
  <testcase classname="com.CA.qa.TestCases.APITesting" name="testResponsecode" time="0.033"/>
  <system-out/>
  <testcase classname="com.CA.qa.TestCases.APITesting" name="testResponsecode" time="0.036"/>
  <system-out/>
  <testcase classname="com.CA.qa.TestCases.APITesting" name="testResponsecode" time="0.043"/>
  <system-out/>
  <testcase classname="com.CA.qa.TestCases.APITesting" name="testResponsecode" time="0.038"/>
  <system-out/>
  <testcase classname="com.CA.qa.TestCases.APITesting" name="testResponsecode" time="0.033"/>
  <system-out/>
  <testcase classname="com.CA.qa.TestCases.APITesting" name="testResponsecode" time="0.035"/>
  <system-out/>
  <testcase classname="com.CA.qa.TestCases.APITesting" name="testResponsecode" time="0.033"/>
  <system-out/>
  <testcase classname="com.CA.qa.TestCases.APITesting" name="testResponsecode" time="0.055"/>
  <system-out/>
  <testcase classname="com.CA.qa.TestCases.APITesting" name="testResponsecode" time="0.034"/>
  <system-out/>
  <testcase classname="com.CA.qa.TestCases.APITesting" name="testResponsecode" time="0.046"/>
  <system-out/>
  <testcase classname="com.CA.qa.TestCases.APITesting" name="testResponsecode" time="0.040"/>
  <system-out/>
  <testcase classname="com.CA.qa.TestCases.APITesting" name="testResponsecode" time="0.034"/>
  <system-out/>
  <testcase classname="com.CA.qa.TestCases.APITesting" name="testResponsecode" time="0.042"/>
  <system-out/>
  <testcase classname="com.CA.qa.TestCases.APITesting" name="testResponsecode" time="0.036"/>
  <system-out/>
  <testcase classname="com.CA.qa.TestCases.APITesting" name="testResponsecode" time="0.032"/>
  <system-out/>
  <testcase classname="com.CA.qa.TestCases.APITesting" name="testResponsecode" time="0.033"/>
  <system-out/>
  <testcase classname="com.CA.qa.TestCases.APITesting" name="testResponsecode" time="0.105"/>
  <system-out/>
  <testcase classname="com.CA.qa.TestCases.APITesting" name="testResponsecode" time="0.035"/>
  <system-out/>
  <testcase classname="com.CA.qa.TestCases.APITesting" name="testResponsecode" time="0.033"/>
  <system-out/>
  <testcase classname="com.CA.qa.TestCases.APITesting" name="testResponsecode" time="0.213"/>
  <system-out/>
  <testcase classname="com.CA.qa.TestCases.APITesting" name="testResponsecode" time="0.038"/>
  <system-out/>
  <testcase classname="com.CA.qa.TestCases.APITesting" name="testResponsecode" time="0.037"/>
  <system-out/>
  <testcase classname="com.CA.qa.TestCases.APITesting" name="testResponsecode" time="0.041"/>
  <system-out/>
  <testcase classname="com.CA.qa.TestCases.APITesting" name="testResponsecode" time="0.328"/>
  <system-out/>
  <testcase classname="com.CA.qa.TestCases.APITesting" name="testResponsecode" time="0.040"/>
  <system-out/>
  <testcase classname="com.CA.qa.TestCases.APITesting" name="testResponsecode" time="0.035"/>
  <system-out/>
  <testcase classname="com.CA.qa.TestCases.APITesting" name="testResponsecode" time="0.034"/>
  <system-out/>
  <testcase classname="com.CA.qa.TestCases.APITesting" name="testResponsecode" time="0.041"/>
  <system-out/>
  <testcase classname="com.CA.qa.TestCases.APITesting" name="testResponsecode" time="0.038"/>
  <system-out/>
  <testcase classname="com.CA.qa.TestCases.APITesting" name="testResponsecode" time="0.038"/>
  <system-out/>
  <testcase classname="com.CA.qa.TestCases.APITesting" name="testResponsecode" time="0.164"/>
  <system-out/>
  <testcase classname="com.CA.qa.TestCases.APITesting" name="testResponsecode" time="0.046"/>
  <system-out/>
  <testcase classname="com.CA.qa.TestCases.APITesting" name="testResponsecode" time="0.040"/>
  <system-out/>
  <testcase classname="com.CA.qa.TestCases.APITesting" name="testResponsecode" time="0.047"/>
  <system-out/>
  <testcase classname="com.CA.qa.TestCases.APITesting" name="testResponsecode" time="0.053"/>
  <system-out/>
  <testcase classname="com.CA.qa.TestCases.APITesting" name="testResponsecode" time="0.151"/>
  <system-out/>
  <testcase classname="com.CA.qa.TestCases.APITesting" name="testResponsecode" time="0.034"/>
  <system-out/>
  <testcase classname="com.CA.qa.TestCases.APITesting" name="testResponsecode" time="0.034"/>
  <system-out/>
  <testcase classname="com.CA.qa.TestCases.APITesting" name="testResponsecode" time="0.034"/>
  <system-out/>
  <testcase classname="com.CA.qa.TestCases.APITesting" name="testResponsecode" time="0.039"/>
  <system-out/>
  <testcase classname="com.CA.qa.TestCases.APITesting" name="testResponsecode" time="0.037"/>
  <system-out/>
  <testcase classname="com.CA.qa.TestCases.APITesting" name="testResponsecode" time="0.035"/>
  <system-out/>
  <testcase classname="com.CA.qa.TestCases.APITesting" name="testResponsecode" time="0.035"/>
  <system-out/>
  <testcase classname="com.CA.qa.TestCases.APITesting" name="testResponsecode" time="0.033"/>
  <system-out/>
  <testcase classname="com.CA.qa.TestCases.APITesting" name="testResponsecode" time="0.037"/>
  <system-out/>
  <testcase classname="com.CA.qa.TestCases.APITesting" name="testResponsecode" time="0.044"/>
  <system-out/>
  <testcase classname="com.CA.qa.TestCases.APITesting" name="testResponsecode" time="0.036"/>
  <system-out/>
  <testcase classname="com.CA.qa.TestCases.APITesting" name="testResponsecode" time="0.040"/>
  <system-out/>
  <testcase classname="com.CA.qa.TestCases.APITesting" name="testResponsecode" time="0.059"/>
  <system-out/>
  <testcase classname="com.CA.qa.TestCases.APITesting" name="testResponsecode" time="0.032"/>
  <system-out/>
  <testcase classname="com.CA.qa.TestCases.APITesting" name="testResponsecode" time="0.135"/>
  <system-out/>
  <testcase classname="com.CA.qa.TestCases.APITesting" name="testResponsecode" time="0.046"/>
  <system-out/>
  <testcase classname="com.CA.qa.TestCases.APITesting" name="testResponsecode" time="0.033"/>
  <system-out/>
  <testcase classname="com.CA.qa.TestCases.APITesting" name="testResponsecode" time="0.034"/>
  <system-out/>
  <testcase classname="com.CA.qa.TestCases.APITesting" name="testResponsecode" time="0.033"/>
  <system-out/>
  <testcase classname="com.CA.qa.TestCases.APITesting" name="testResponsecode" time="0.039"/>
  <system-out/>
  <testcase classname="com.CA.qa.TestCases.APITesting" name="testResponsecode" time="0.052"/>
  <system-out/>
  <testcase classname="com.CA.qa.TestCases.APITesting" name="testResponsecode" time="0.040"/>
  <system-out/>
  <testcase classname="com.CA.qa.TestCases.APITesting" name="testResponsecode" time="0.038"/>
  <system-out/>
  <testcase classname="com.CA.qa.TestCases.APITesting" name="testResponsecode" time="0.035"/>
  <system-out/>
  <testcase classname="com.CA.qa.TestCases.APITesting" name="testResponsecode" time="0.034"/>
  <system-out/>
  <testcase classname="com.CA.qa.TestCases.APITesting" name="testResponsecode" time="0.039"/>
  <system-out/>
  <testcase classname="com.CA.qa.TestCases.APITesting" name="testResponsecode" time="0.035"/>
  <system-out/>
  <testcase classname="com.CA.qa.TestCases.APITesting" name="testResponsecode" time="0.045"/>
  <system-out/>
  <testcase classname="com.CA.qa.TestCases.APITesting" name="testResponsecode" time="0.034"/>
  <system-out/>
  <testcase classname="com.CA.qa.TestCases.APITesting" name="testResponsecode" time="0.037"/>
  <system-out/>
  <testcase classname="com.CA.qa.TestCases.APITesting" name="testResponsecode" time="0.034"/>
  <system-out/>
  <testcase classname="com.CA.qa.TestCases.APITesting" name="testResponsecode" time="0.035"/>
  <system-out/>
  <testcase classname="com.CA.qa.TestCases.APITesting" name="testResponsecode" time="0.034"/>
  <system-out/>
  <testcase classname="com.CA.qa.TestCases.APITesting" name="testResponsecode" time="0.039"/>
  <system-out/>
  <testcase classname="com.CA.qa.TestCases.APITesting" name="testResponsecode" time="0.033"/>
  <system-out/>
  <testcase classname="com.CA.qa.TestCases.APITesting" name="testResponsecode" time="0.033"/>
  <system-out/>
  <testcase classname="com.CA.qa.TestCases.APITesting" name="testResponsecode" time="0.034"/>
  <system-out/>
  <testcase classname="com.CA.qa.TestCases.APITesting" name="testResponsecode" time="0.033"/>
  <system-out/>
  <testcase classname="com.CA.qa.TestCases.APITesting" name="testResponsecode" time="0.032"/>
  <system-out/>
  <testcase classname="com.CA.qa.TestCases.APITesting" name="testResponsecode" time="0.036"/>
  <system-out/>
  <testcase classname="com.CA.qa.TestCases.APITesting" name="testResponsecode" time="0.036"/>
  <system-out/>
  <testcase classname="com.CA.qa.TestCases.APITesting" name="testResponsecode" time="0.032"/>
  <system-out/>
  <testcase classname="com.CA.qa.TestCases.APITesting" name="testResponsecode" time="0.033"/>
  <system-out/>
  <testcase classname="com.CA.qa.TestCases.APITesting" name="testResponsecode" time="0.055"/>
  <system-out/>
  <testcase classname="com.CA.qa.TestCases.APITesting" name="testResponsecode" time="0.122"/>
  <system-out/>
  <testcase classname="com.CA.qa.TestCases.APITesting" name="testResponsecode" time="0.033"/>
  <system-out/>
  <testcase classname="com.CA.qa.TestCases.APITesting" name="testResponsecode" time="0.036"/>
  <system-out/>
  <testcase classname="com.CA.qa.TestCases.APITesting" name="testResponsecode" time="0.035"/>
  <system-out/>
  <testcase classname="com.CA.qa.TestCases.APITesting" name="testResponsecode" time="0.046"/>
  <system-out/>
  <testcase classname="com.CA.qa.TestCases.APITesting" name="testResponsecode" time="0.032"/>
  <system-out/>
  <testcase classname="com.CA.qa.TestCases.APITesting" name="testResponsecode" time="0.034"/>
  <system-out/>
  <testcase classname="com.CA.qa.TestCases.APITesting" name="testResponsecode" time="0.036"/>
  <system-out/>
  <testcase classname="com.CA.qa.TestCases.APITesting" name="testResponsecode" time="0.039"/>
  <system-out/>
  <testcase classname="com.CA.qa.TestCases.APITesting" name="testResponsecode" time="0.048"/>
  <system-out/>
  <testcase classname="com.CA.qa.TestCases.APITesting" name="testResponsecode" time="0.032"/>
  <system-out/>
  <testcase classname="com.CA.qa.TestCases.APITesting" name="testResponsecode" time="0.035"/>
  <system-out/>
  <testcase classname="com.CA.qa.TestCases.APITesting" name="testResponsecode" time="0.033"/>
  <system-out/>
  <testcase classname="com.CA.qa.TestCases.APITesting" name="testResponsecode" time="0.056"/>
  <system-out/>
  <testcase classname="com.CA.qa.TestCases.APITesting" name="testResponsecode" time="0.043"/>
  <system-out/>
  <testcase classname="com.CA.qa.TestCases.APITesting" name="testResponsecode" time="0.039"/>
  <system-out/>
  <testcase classname="com.CA.qa.TestCases.APITesting" name="testResponsecode" time="0.036"/>
  <system-out/>
  <testcase classname="com.CA.qa.TestCases.APITesting" name="testResponsecode" time="0.032"/>
  <system-out/>
  <testcase classname="com.CA.qa.TestCases.APITesting" name="testResponsecode" time="0.037"/>
  <system-out/>
  <testcase classname="com.CA.qa.TestCases.APITesting" name="testResponsecode" time="0.036"/>
  <system-out/>
  <testcase classname="com.CA.qa.TestCases.APITesting" name="testResponsecode" time="0.034"/>
  <system-out/>
  <testcase classname="com.CA.qa.TestCases.APITesting" name="testResponsecode" time="0.041"/>
  <system-out/>
  <testcase classname="com.CA.qa.TestCases.APITesting" name="testResponsecode" time="0.040"/>
  <system-out/>
  <testcase classname="com.CA.qa.TestCases.APITesting" name="testResponsecode" time="0.045"/>
  <system-out/>
  <testcase classname="com.CA.qa.TestCases.APITesting" name="testResponsecode" time="0.047"/>
  <system-out/>
  <testcase classname="com.CA.qa.TestCases.APITesting" name="testResponsecode" time="0.395"/>
  <system-out/>
  <testcase classname="com.CA.qa.TestCases.APITesting" name="testResponsecode" time="0.039"/>
  <system-out/>
  <testcase classname="com.CA.qa.TestCases.APITesting" name="testResponsecode" time="0.034"/>
  <system-out/>
  <testcase classname="com.CA.qa.TestCases.APITesting" name="testResponsecode" time="0.033"/>
  <system-out/>
  <testcase classname="com.CA.qa.TestCases.APITesting" name="testResponsecode" time="0.038"/>
  <system-out/>
  <testcase classname="com.CA.qa.TestCases.APITesting" name="testResponsecode" time="0.044"/>
  <system-out/>
  <testcase classname="com.CA.qa.TestCases.APITesting" name="testResponsecode" time="0.040"/>
  <system-out/>
  <testcase classname="com.CA.qa.TestCases.APITesting" name="testResponsecode" time="0.033"/>
  <system-out/>
  <testcase classname="com.CA.qa.TestCases.APITesting" name="testResponsecode" time="0.125"/>
  <system-out/>
  <testcase classname="com.CA.qa.TestCases.APITesting" name="testResponsecode" time="0.041"/>
  <system-out/>
  <testcase classname="com.CA.qa.TestCases.APITesting" name="testResponsecode" time="0.038"/>
  <system-out/>
  <testcase classname="com.CA.qa.TestCases.APITesting" name="testResponsecode" time="0.038"/>
  <system-out/>
  <testcase classname="com.CA.qa.TestCases.APITesting" name="testResponsecode" time="0.045"/>
  <system-out/>
  <testcase classname="com.CA.qa.TestCases.APITesting" name="testResponsecode" time="0.039"/>
  <system-out/>
  <testcase classname="com.CA.qa.TestCases.APITesting" name="testResponsecode" time="0.233"/>
  <system-out/>
  <testcase classname="com.CA.qa.TestCases.APITesting" name="testResponsecode" time="0.033"/>
  <system-out/>
  <testcase classname="com.CA.qa.TestCases.APITesting" name="testResponsecode" time="0.036"/>
  <system-out/>
  <testcase classname="com.CA.qa.TestCases.APITesting" name="testResponsecode" time="0.035"/>
  <system-out/>
  <testcase classname="com.CA.qa.TestCases.APITesting" name="testResponsecode" time="0.036"/>
  <system-out/>
  <testcase classname="com.CA.qa.TestCases.APITesting" name="testResponsecode" time="0.038"/>
  <system-out/>
  <testcase classname="com.CA.qa.TestCases.APITesting" name="testResponsecode" time="0.033"/>
  <system-out/>
  <testcase classname="com.CA.qa.TestCases.APITesting" name="testResponsecode" time="0.036"/>
  <system-out/>
  <testcase classname="com.CA.qa.TestCases.APITesting" name="testResponsecode" time="0.033"/>
  <system-out/>
  <testcase classname="com.CA.qa.TestCases.APITesting" name="testResponsecode" time="0.039"/>
  <system-out/>
  <testcase classname="com.CA.qa.TestCases.APITesting" name="testResponsecode" time="0.032"/>
  <system-out/>
  <testcase classname="com.CA.qa.TestCases.APITesting" name="testResponsecode" time="0.035"/>
  <system-out/>
  <testcase classname="com.CA.qa.TestCases.APITesting" name="testResponsecode" time="0.035"/>
  <system-out/>
  <testcase classname="com.CA.qa.TestCases.APITesting" name="testResponsecode" time="0.034"/>
  <system-out/>
  <testcase classname="com.CA.qa.TestCases.APITesting" name="testResponsecode" time="0.048"/>
  <system-out/>
  <testcase classname="com.CA.qa.TestCases.APITesting" name="testResponsecode" time="0.040"/>
  <system-out/>
  <testcase classname="com.CA.qa.TestCases.APITesting" name="testResponsecode" time="0.040"/>
  <system-out/>
  <testcase classname="com.CA.qa.TestCases.APITesting" name="testResponsecode" time="0.040"/>
  <system-out/>
  <testcase classname="com.CA.qa.TestCases.APITesting" name="testResponsecode" time="0.038"/>
  <system-out/>
  <testcase classname="com.CA.qa.TestCases.APITesting" name="testResponsecode" time="0.038"/>
  <system-out/>
  <testcase classname="com.CA.qa.TestCases.APITesting" name="testResponsecode" time="0.033"/>
  <system-out/>
  <testcase classname="com.CA.qa.TestCases.APITesting" name="testResponsecode" time="0.160"/>
  <system-out/>
  <testcase classname="com.CA.qa.TestCases.APITesting" name="testResponsecode" time="0.037"/>
  <system-out/>
  <testcase classname="com.CA.qa.TestCases.APITesting" name="testResponsecode" time="0.036"/>
  <system-out/>
  <testcase classname="com.CA.qa.TestCases.APITesting" name="testResponsecode" time="0.034"/>
  <system-out/>
  <testcase classname="com.CA.qa.TestCases.APITesting" name="testResponsecode" time="0.057"/>
  <system-out/>
  <testcase classname="com.CA.qa.TestCases.APITesting" name="testResponsecode" time="0.046"/>
  <system-out/>
  <testcase classname="com.CA.qa.TestCases.APITesting" name="testResponsecode" time="0.033"/>
  <system-out/>
  <testcase classname="com.CA.qa.TestCases.APITesting" name="testResponsecode" time="0.042"/>
  <system-out/>
  <testcase classname="com.CA.qa.TestCases.APITesting" name="testResponsecode" time="0.036"/>
  <system-out/>
  <testcase classname="com.CA.qa.TestCases.APITesting" name="testResponsecode" time="0.033"/>
  <system-out/>
  <testcase classname="com.CA.qa.TestCases.APITesting" name="testResponsecode" time="0.034"/>
  <system-out/>
  <testcase classname="com.CA.qa.TestCases.APITesting" name="testResponsecode" time="0.034"/>
  <system-out/>
  <testcase classname="com.CA.qa.TestCases.APITesting" name="testResponsecode" time="0.040"/>
  <system-out/>
  <testcase classname="com.CA.qa.TestCases.APITesting" name="testResponsecode" time="0.032"/>
  <system-out/>
  <testcase classname="com.CA.qa.TestCases.APITesting" name="testResponsecode" time="0.033"/>
  <system-out/>
  <testcase classname="com.CA.qa.TestCases.APITesting" name="testResponsecode" time="0.040"/>
  <system-out/>
  <testcase classname="com.CA.qa.TestCases.APITesting" name="testResponsecode" time="0.035"/>
  <system-out/>
  <testcase classname="com.CA.qa.TestCases.APITesting" name="testResponsecode" time="0.035"/>
  <system-out/>
  <testcase classname="com.CA.qa.TestCases.APITesting" name="testResponsecode" time="0.037"/>
  <system-out/>
  <testcase classname="com.CA.qa.TestCases.APITesting" name="testResponsecode" time="0.039"/>
  <system-out/>
  <testcase classname="com.CA.qa.TestCases.APITesting" name="testResponsecode" time="0.142"/>
  <system-out/>
  <testcase classname="com.CA.qa.TestCases.APITesting" name="testResponsecode" time="0.151"/>
  <system-out/>
  <testcase classname="com.CA.qa.TestCases.APITesting" name="testResponsecode" time="0.050"/>
  <system-out/>
  <testcase classname="com.CA.qa.TestCases.APITesting" name="testResponsecode" time="0.033"/>
  <system-out/>
  <testcase classname="com.CA.qa.TestCases.APITesting" name="testResponsecode" time="0.036"/>
  <system-out/>
  <testcase classname="com.CA.qa.TestCases.APITesting" name="testResponsecode" time="0.033"/>
  <system-out/>
  <testcase classname="com.CA.qa.TestCases.APITesting" name="testResponsecode" time="0.042"/>
  <system-out/>
  <testcase classname="com.CA.qa.TestCases.APITesting" name="testResponsecode" time="0.046"/>
  <system-out/>
  <testcase classname="com.CA.qa.TestCases.APITesting" name="testResponsecode" time="0.039"/>
  <system-out/>
  <testcase classname="com.CA.qa.TestCases.APITesting" name="testResponsecode" time="0.047"/>
  <system-out/>
  <testcase classname="com.CA.qa.TestCases.APITesting" name="testResponsecode" time="0.035"/>
  <system-out/>
  <testcase classname="com.CA.qa.TestCases.APITesting" name="testResponsecode" time="0.033"/>
  <system-out/>
  <testcase classname="com.CA.qa.TestCases.APITesting" name="testResponsecode" time="0.032"/>
  <system-out/>
  <testcase classname="com.CA.qa.TestCases.APITesting" name="testResponsecode" time="0.192"/>
  <system-out/>
  <testcase classname="com.CA.qa.TestCases.APITesting" name="testResponsecode" time="0.036"/>
  <system-out/>
  <testcase classname="com.CA.qa.TestCases.APITesting" name="testResponsecode" time="0.035"/>
  <system-out/>
  <testcase classname="com.CA.qa.TestCases.APITesting" name="testResponsecode" time="0.037"/>
  <system-out/>
  <testcase classname="com.CA.qa.TestCases.APITesting" name="testResponsecode" time="0.034"/>
  <system-out/>
  <testcase classname="com.CA.qa.TestCases.APITesting" name="testResponsecode" time="0.047"/>
  <system-out/>
  <testcase classname="com.CA.qa.TestCases.APITesting" name="testResponsecode" time="0.036"/>
  <system-out/>
  <testcase classname="com.CA.qa.TestCases.APITesting" name="testResponsecode" time="0.034"/>
  <system-out/>
  <testcase classname="com.CA.qa.TestCases.APITesting" name="testResponsecode" time="0.041"/>
  <system-out/>
  <testcase classname="com.CA.qa.TestCases.APITesting" name="testResponsecode" time="0.036"/>
  <system-out/>
  <testcase classname="com.CA.qa.TestCases.APITesting" name="testResponsecode" time="0.053"/>
  <system-out/>
  <testcase classname="com.CA.qa.TestCases.APITesting" name="testResponsecode" time="0.034"/>
  <system-out/>
  <testcase classname="com.CA.qa.TestCases.APITesting" name="testResponsecode" time="0.137"/>
  <system-out/>
  <testcase classname="com.CA.qa.TestCases.APITesting" name="testResponsecode" time="0.032"/>
  <system-out/>
  <testcase classname="com.CA.qa.TestCases.APITesting" name="testResponsecode" time="0.033"/>
  <system-out/>
  <testcase classname="com.CA.qa.TestCases.APITesting" name="testResponsecode" time="0.038"/>
  <system-out/>
  <testcase classname="com.CA.qa.TestCases.APITesting" name="testResponsecode" time="0.032"/>
  <system-out/>
  <testcase classname="com.CA.qa.TestCases.APITesting" name="testResponsecode" time="0.034"/>
  <system-out/>
  <testcase classname="com.CA.qa.TestCases.APITesting" name="testResponsecode" time="0.035"/>
  <system-out/>
  <testcase classname="com.CA.qa.TestCases.APITesting" name="testResponsecode" time="0.173"/>
  <system-out/>
  <testcase classname="com.CA.qa.TestCases.APITesting" name="testResponsecode" time="0.044"/>
  <system-out/>
  <testcase classname="com.CA.qa.TestCases.APITesting" name="testResponsecode" time="0.037"/>
  <system-out/>
  <testcase classname="com.CA.qa.TestCases.APITesting" name="testResponsecode" time="0.033"/>
  <system-out/>
  <testcase classname="com.CA.qa.TestCases.APITesting" name="testResponsecode" time="0.039"/>
  <system-out/>
  <testcase classname="com.CA.qa.TestCases.APITesting" name="testResponsecode" time="0.039"/>
  <system-out/>
  <testcase classname="com.CA.qa.TestCases.APITesting" name="testResponsecode" time="0.038"/>
  <system-out/>
  <testcase classname="com.CA.qa.TestCases.APITesting" name="testResponsecode" time="0.779"/>
  <system-out/>
  <testcase classname="com.CA.qa.TestCases.APITesting" name="testResponsecode" time="0.039"/>
  <system-out/>
  <testcase classname="com.CA.qa.TestCases.APITesting" name="testResponsecode" time="0.035"/>
  <system-out/>
  <testcase classname="com.CA.qa.TestCases.APITesting" name="testResponsecode" time="0.055"/>
  <system-out/>
  <testcase classname="com.CA.qa.TestCases.APITesting" name="testResponsecode" time="0.032"/>
  <system-out/>
  <testcase classname="com.CA.qa.TestCases.APITesting" name="testResponsecode" time="0.034"/>
  <system-out/>
  <testcase classname="com.CA.qa.TestCases.APITesting" name="testResponsecode" time="0.039"/>
  <system-out/>
  <testcase classname="com.CA.qa.TestCases.APITesting" name="testResponsecode" time="0.039"/>
  <system-out/>
  <testcase classname="com.CA.qa.TestCases.APITesting" name="testResponsecode" time="0.036"/>
  <system-out/>
  <testcase classname="com.CA.qa.TestCases.APITesting" name="testResponsecode" time="0.035"/>
  <system-out/>
  <testcase classname="com.CA.qa.TestCases.APITesting" name="testResponsecode" time="0.045"/>
  <system-out/>
  <testcase classname="com.CA.qa.TestCases.APITesting" name="testResponsecode" time="0.748"/>
  <system-out/>
  <testcase classname="com.CA.qa.TestCases.APITesting" name="testResponsecode" time="0.037"/>
  <system-out/>
  <testcase classname="com.CA.qa.TestCases.APITesting" name="testResponsecode" time="0.036"/>
  <system-out/>
  <testcase classname="com.CA.qa.TestCases.APITesting" name="testResponsecode" time="0.034"/>
  <system-out/>
  <testcase classname="com.CA.qa.TestCases.APITesting" name="testResponsecode" time="0.033"/>
  <system-out/>
  <testcase classname="com.CA.qa.TestCases.APITesting" name="testResponsecode" time="0.033"/>
  <system-out/>
  <testcase classname="com.CA.qa.TestCases.APITesting" name="testResponsecode" time="0.053"/>
  <system-out/>
  <testcase classname="com.CA.qa.TestCases.APITesting" name="testResponsecode" time="0.034"/>
  <system-out/>
  <testcase classname="com.CA.qa.TestCases.APITesting" name="testResponsecode" time="0.075"/>
  <system-out/>
  <testcase classname="com.CA.qa.TestCases.APITesting" name="testResponsecode" time="0.035"/>
  <system-out/>
  <testcase classname="com.CA.qa.TestCases.APITesting" name="testResponsecode" time="0.126"/>
  <system-out/>
  <testcase classname="com.CA.qa.TestCases.APITesting" name="testResponsecode" time="0.042"/>
  <system-out/>
  <testcase classname="com.CA.qa.TestCases.APITesting" name="testResponsecode" time="0.034"/>
  <system-out/>
  <testcase classname="com.CA.qa.TestCases.APITesting" name="testResponsecode" time="0.033"/>
  <system-out/>
  <testcase classname="com.CA.qa.TestCases.APITesting" name="testResponsecode" time="0.047"/>
  <system-out/>
  <testcase classname="com.CA.qa.TestCases.APITesting" name="testResponsecode" time="0.032"/>
  <system-out/>
  <testcase classname="com.CA.qa.TestCases.APITesting" name="testResponsecode" time="0.033"/>
  <system-out/>
  <testcase classname="com.CA.qa.TestCases.APITesting" name="testResponsecode" time="0.033"/>
  <system-out/>
  <testcase classname="com.CA.qa.TestCases.APITesting" name="testResponsecode" time="0.050"/>
  <system-out/>
  <testcase classname="com.CA.qa.TestCases.APITesting" name="testResponsecode" time="0.036"/>
  <system-out/>
  <testcase classname="com.CA.qa.TestCases.APITesting" name="testResponsecode" time="0.033"/>
  <system-out/>
  <testcase classname="com.CA.qa.TestCases.APITesting" name="testResponsecode" time="0.168"/>
  <system-out/>
  <testcase classname="com.CA.qa.TestCases.APITesting" name="testResponsecode" time="0.059"/>
  <system-out/>
  <testcase classname="com.CA.qa.TestCases.APITesting" name="testResponsecode" time="0.048"/>
  <system-out/>
  <testcase classname="com.CA.qa.TestCases.APITesting" name="testResponsecode" time="0.035"/>
  <system-out/>
  <testcase classname="com.CA.qa.TestCases.APITesting" name="testResponsecode" time="0.039"/>
  <system-out/>
  <testcase classname="com.CA.qa.TestCases.APITesting" name="testResponsecode" time="0.039"/>
  <system-out/>
  <testcase classname="com.CA.qa.TestCases.APITesting" name="testResponsecode" time="0.035"/>
  <system-out/>
  <testcase classname="com.CA.qa.TestCases.APITesting" name="testResponsecode" time="0.034"/>
  <system-out/>
  <testcase classname="com.CA.qa.TestCases.APITesting" name="testResponsecode" time="0.034"/>
  <system-out/>
  <testcase classname="com.CA.qa.TestCases.APITesting" name="testResponsecode" time="0.032"/>
  <system-out/>
  <testcase classname="com.CA.qa.TestCases.APITesting" name="testResponsecode" time="0.034"/>
  <system-out/>
  <testcase classname="com.CA.qa.TestCases.APITesting" name="testResponsecode" time="0.039"/>
  <system-out/>
  <testcase classname="com.CA.qa.TestCases.APITesting" name="testResponsecode" time="0.033"/>
  <system-out/>
  <testcase classname="com.CA.qa.TestCases.APITesting" name="testResponsecode" time="0.041"/>
  <system-out/>
  <testcase classname="com.CA.qa.TestCases.APITesting" name="testResponsecode" time="0.043"/>
  <system-out/>
  <testcase classname="com.CA.qa.TestCases.APITesting" name="testResponsecode" time="0.467"/>
  <system-out/>
  <testcase classname="com.CA.qa.TestCases.APITesting" name="testResponsecode" time="0.034"/>
  <system-out/>
  <testcase classname="com.CA.qa.TestCases.APITesting" name="testResponsecode" time="0.044"/>
  <system-out/>
  <testcase classname="com.CA.qa.TestCases.APITesting" name="testResponsecode" time="0.039"/>
  <system-out/>
  <testcase classname="com.CA.qa.TestCases.APITesting" name="testResponsecode" time="0.035"/>
  <system-out/>
  <testcase classname="com.CA.qa.TestCases.APITesting" name="testResponsecode" time="0.032"/>
  <system-out/>
  <testcase classname="com.CA.qa.TestCases.APITesting" name="testResponsecode" time="0.035"/>
  <system-out/>
  <testcase classname="com.CA.qa.TestCases.APITesting" name="testResponsecode" time="0.067"/>
  <system-out/>
  <testcase classname="com.CA.qa.TestCases.APITesting" name="testResponsecode" time="0.033"/>
  <system-out/>
  <testcase classname="com.CA.qa.TestCases.APITesting" name="testResponsecode" time="0.068"/>
  <system-out/>
  <testcase classname="com.CA.qa.TestCases.APITesting" name="testResponsecode" time="0.167"/>
  <system-out/>
  <testcase classname="com.CA.qa.TestCases.APITesting" name="testResponsecode" time="0.034"/>
  <system-out/>
  <testcase classname="com.CA.qa.TestCases.APITesting" name="testResponsecode" time="0.032"/>
  <system-out/>
  <testcase classname="com.CA.qa.TestCases.APITesting" name="testResponsecode" time="0.033"/>
  <system-out/>
  <testcase classname="com.CA.qa.TestCases.APITesting" name="testResponsecode" time="0.035"/>
  <system-out/>
  <testcase classname="com.CA.qa.TestCases.APITesting" name="testResponsecode" time="0.039"/>
  <system-out/>
  <testcase classname="com.CA.qa.TestCases.APITesting" name="testResponsecode" time="0.033"/>
  <system-out/>
  <testcase classname="com.CA.qa.TestCases.APITesting" name="testResponsecode" time="0.041"/>
  <system-out/>
  <testcase classname="com.CA.qa.TestCases.APITesting" name="testResponsecode" time="0.033"/>
  <system-out/>
  <testcase classname="com.CA.qa.TestCases.APITesting" name="testResponsecode" time="0.044"/>
  <system-out/>
  <testcase classname="com.CA.qa.TestCases.APITesting" name="testResponsecode" time="1.011"/>
  <system-out/>
  <testcase classname="com.CA.qa.TestCases.APITesting" name="testResponsecode" time="0.050"/>
  <system-out/>
  <testcase classname="com.CA.qa.TestCases.APITesting" name="testResponsecode" time="0.036"/>
  <system-out/>
  <testcase classname="com.CA.qa.TestCases.APITesting" name="testResponsecode" time="0.036"/>
  <system-out/>
  <testcase classname="com.CA.qa.TestCases.APITesting" name="testResponsecode" time="0.035"/>
  <system-out/>
  <testcase classname="com.CA.qa.TestCases.APITesting" name="testResponsecode" time="0.144"/>
  <system-out/>
  <testcase classname="com.CA.qa.TestCases.APITesting" name="testResponsecode" time="0.037"/>
  <system-out/>
  <testcase classname="com.CA.qa.TestCases.APITesting" name="testResponsecode" time="0.035"/>
  <system-out/>
  <testcase classname="com.CA.qa.TestCases.APITesting" name="testResponsecode" time="0.031"/>
  <system-out/>
  <testcase classname="com.CA.qa.TestCases.APITesting" name="testResponsecode" time="0.967"/>
  <system-out/>
  <testcase classname="com.CA.qa.TestCases.APITesting" name="testResponsecode" time="0.046"/>
  <system-out/>
  <testcase classname="com.CA.qa.TestCases.APITesting" name="testResponsecode" time="0.037"/>
  <system-out/>
  <testcase classname="com.CA.qa.TestCases.APITesting" name="testResponsecode" time="0.042"/>
  <system-out/>
  <testcase classname="com.CA.qa.TestCases.APITesting" name="testResponsecode" time="0.033"/>
  <system-out/>
  <testcase classname="com.CA.qa.TestCases.APITesting" name="testResponsecode" time="0.033"/>
  <system-out/>
  <testcase classname="com.CA.qa.TestCases.APITesting" name="testResponsecode" time="0.034"/>
  <system-out/>
  <testcase classname="com.CA.qa.TestCases.APITesting" name="testResponsecode" time="0.037"/>
  <system-out/>
  <testcase classname="com.CA.qa.TestCases.APITesting" name="testResponsecode" time="0.037"/>
  <system-out/>
  <testcase classname="com.CA.qa.TestCases.APITesting" name="testResponsecode" time="0.033"/>
  <system-out/>
  <testcase classname="com.CA.qa.TestCases.APITesting" name="testResponsecode" time="0.036"/>
  <system-out/>
  <testcase classname="com.CA.qa.TestCases.APITesting" name="testResponsecode" time="0.048"/>
  <system-out/>
  <testcase classname="com.CA.qa.TestCases.APITesting" name="testResponsecode" time="0.032"/>
  <system-out/>
  <testcase classname="com.CA.qa.TestCases.APITesting" name="testResponsecode" time="0.037"/>
  <system-out/>
  <testcase classname="com.CA.qa.TestCases.APITesting" name="testResponsecode" time="0.040"/>
  <system-out/>
  <testcase classname="com.CA.qa.TestCases.APITesting" name="testResponsecode" time="0.035"/>
  <system-out/>
  <testcase classname="com.CA.qa.TestCases.APITesting" name="testResponsecode" time="0.033"/>
  <system-out/>
  <testcase classname="com.CA.qa.TestCases.APITesting" name="testResponsecode" time="0.037"/>
  <system-out/>
  <testcase classname="com.CA.qa.TestCases.APITesting" name="testResponsecode" time="0.035"/>
  <system-out/>
  <testcase classname="com.CA.qa.TestCases.APITesting" name="testResponsecode" time="0.033"/>
  <system-out/>
  <testcase classname="com.CA.qa.TestCases.APITesting" name="testResponsecode" time="0.033"/>
  <system-out/>
  <testcase classname="com.CA.qa.TestCases.APITesting" name="testResponsecode" time="0.035"/>
  <system-out/>
  <testcase classname="com.CA.qa.TestCases.APITesting" name="testResponsecode" time="0.034"/>
  <system-out/>
  <testcase classname="com.CA.qa.TestCases.APITesting" name="testResponsecode" time="0.034"/>
  <system-out/>
  <testcase classname="com.CA.qa.TestCases.APITesting" name="testResponsecode" time="0.034"/>
  <system-out/>
  <testcase classname="com.CA.qa.TestCases.APITesting" name="testResponsecode" time="0.044"/>
  <system-out/>
  <testcase classname="com.CA.qa.TestCases.APITesting" name="testResponsecode" time="0.036"/>
  <system-out/>
  <testcase classname="com.CA.qa.TestCases.APITesting" name="testResponsecode" time="0.039"/>
  <system-out/>
  <testcase classname="com.CA.qa.TestCases.APITesting" name="testResponsecode" time="0.032"/>
  <system-out/>
  <testcase classname="com.CA.qa.TestCases.APITesting" name="testResponsecode" time="0.033"/>
  <system-out/>
  <testcase classname="com.CA.qa.TestCases.APITesting" name="testResponsecode" time="0.035"/>
  <system-out/>
  <testcase classname="com.CA.qa.TestCases.APITesting" name="testResponsecode" time="0.041"/>
  <system-out/>
  <testcase classname="com.CA.qa.TestCases.APITesting" name="testResponsecode" time="0.033"/>
  <system-out/>
  <testcase classname="com.CA.qa.TestCases.APITesting" name="testResponsecode" time="0.032"/>
  <system-out/>
  <testcase classname="com.CA.qa.TestCases.APITesting" name="testResponsecode" time="0.034"/>
  <system-out/>
  <testcase classname="com.CA.qa.TestCases.APITesting" name="testResponsecode" time="0.039"/>
  <system-out/>
  <testcase classname="com.CA.qa.TestCases.APITesting" name="testResponsecode" time="0.152"/>
  <system-out/>
  <testcase classname="com.CA.qa.TestCases.APITesting" name="testResponsecode" time="0.038"/>
  <system-out/>
  <testcase classname="com.CA.qa.TestCases.APITesting" name="testResponsecode" time="0.050"/>
  <system-out/>
  <testcase classname="com.CA.qa.TestCases.APITesting" name="testResponsecode" time="0.048"/>
  <system-out/>
  <testcase classname="com.CA.qa.TestCases.APITesting" name="testResponsecode" time="0.037"/>
  <system-out/>
  <testcase classname="com.CA.qa.TestCases.APITesting" name="testResponsecode" time="0.040"/>
  <system-out/>
  <testcase classname="com.CA.qa.TestCases.APITesting" name="testResponsecode" time="0.040"/>
  <system-out/>
  <testcase classname="com.CA.qa.TestCases.APITesting" name="testResponsecode" time="0.033"/>
  <system-out/>
  <testcase classname="com.CA.qa.TestCases.APITesting" name="testResponsecode" time="0.043"/>
  <system-out/>
  <testcase classname="com.CA.qa.TestCases.APITesting" name="testResponsecode" time="0.136"/>
  <system-out/>
  <testcase classname="com.CA.qa.TestCases.APITesting" name="testResponsecode" time="0.036"/>
  <system-out/>
  <testcase classname="com.CA.qa.TestCases.APITesting" name="testResponsecode" time="0.033"/>
  <system-out/>
  <testcase classname="com.CA.qa.TestCases.APITesting" name="testResponsecode" time="0.065"/>
  <system-out/>
  <testcase classname="com.CA.qa.TestCases.APITesting" name="testResponsecode" time="0.050"/>
  <system-out/>
  <testcase classname="com.CA.qa.TestCases.APITesting" name="testResponsecode" time="0.034"/>
  <system-out/>
  <testcase classname="com.CA.qa.TestCases.APITesting" name="testResponsecode" time="0.033"/>
  <system-out/>
  <testcase classname="com.CA.qa.TestCases.APITesting" name="testResponsecode" time="0.034"/>
  <system-out/>
  <testcase classname="com.CA.qa.TestCases.APITesting" name="testResponsecode" time="0.045"/>
  <system-out/>
  <testcase classname="com.CA.qa.TestCases.APITesting" name="testResponsecode" time="0.037"/>
  <system-out/>
  <testcase classname="com.CA.qa.TestCases.APITesting" name="testResponsecode" time="0.040"/>
  <system-out/>
  <testcase classname="com.CA.qa.TestCases.APITesting" name="testResponsecode" time="0.125"/>
  <system-out/>
  <testcase classname="com.CA.qa.TestCases.APITesting" name="testResponsecode" time="0.045"/>
  <system-out/>
  <testcase classname="com.CA.qa.TestCases.APITesting" name="testResponsecode" time="0.033"/>
  <system-out/>
  <testcase classname="com.CA.qa.TestCases.APITesting" name="testResponsecode" time="0.033"/>
  <system-out/>
  <testcase classname="com.CA.qa.TestCases.APITesting" name="testResponsecode" time="0.067"/>
  <system-out/>
  <testcase classname="com.CA.qa.TestCases.APITesting" name="testResponsecode" time="0.031"/>
  <system-out/>
  <testcase classname="com.CA.qa.TestCases.APITesting" name="testResponsecode" time="0.036"/>
  <system-out/>
  <testcase classname="com.CA.qa.TestCases.APITesting" name="testResponsecode" time="0.034"/>
  <system-out/>
  <testcase classname="com.CA.qa.TestCases.APITesting" name="testResponsecode" time="0.034"/>
  <system-out/>
  <testcase classname="com.CA.qa.TestCases.APITesting" name="testResponsecode" time="0.036"/>
  <system-out/>
  <testcase classname="com.CA.qa.TestCases.APITesting" name="testResponsecode" time="0.032"/>
  <system-out/>
  <testcase classname="com.CA.qa.TestCases.APITesting" name="testResponsecode" time="0.039"/>
  <system-out/>
  <testcase classname="com.CA.qa.TestCases.APITesting" name="testResponsecode" time="0.035"/>
  <system-out/>
  <testcase classname="com.CA.qa.TestCases.APITesting" name="testResponsecode" time="0.038"/>
  <system-out/>
  <testcase classname="com.CA.qa.TestCases.APITesting" name="testResponsecode" time="0.047"/>
  <system-out/>
  <testcase classname="com.CA.qa.TestCases.APITesting" name="testResponsecode" time="0.037"/>
  <system-out/>
  <testcase classname="com.CA.qa.TestCases.APITesting" name="testResponsecode" time="0.036"/>
  <system-out/>
  <testcase classname="com.CA.qa.TestCases.APITesting" name="testResponsecode" time="0.033"/>
  <system-out/>
  <testcase classname="com.CA.qa.TestCases.APITesting" name="testResponsecode" time="0.038"/>
  <system-out/>
  <testcase classname="com.CA.qa.TestCases.APITesting" name="testResponsecode" time="0.033"/>
  <system-out/>
  <testcase classname="com.CA.qa.TestCases.APITesting" name="testResponsecode" time="0.053"/>
  <system-out/>
  <testcase classname="com.CA.qa.TestCases.APITesting" name="testResponsecode" time="0.053"/>
  <system-out/>
  <testcase classname="com.CA.qa.TestCases.APITesting" name="testResponsecode" time="0.035"/>
  <system-out/>
  <testcase classname="com.CA.qa.TestCases.APITesting" name="testResponsecode" time="0.034"/>
  <system-out/>
  <testcase classname="com.CA.qa.TestCases.APITesting" name="testResponsecode" time="0.033"/>
  <system-out/>
  <testcase classname="com.CA.qa.TestCases.APITesting" name="testResponsecode" time="0.037"/>
  <system-out/>
  <testcase classname="com.CA.qa.TestCases.APITesting" name="testResponsecode" time="0.033"/>
  <system-out/>
  <testcase classname="com.CA.qa.TestCases.APITesting" name="testResponsecode" time="0.048"/>
  <system-out/>
  <testcase classname="com.CA.qa.TestCases.APITesting" name="testResponsecode" time="0.035"/>
  <system-out/>
  <testcase classname="com.CA.qa.TestCases.APITesting" name="testResponsecode" time="0.035"/>
  <system-out/>
  <testcase classname="com.CA.qa.TestCases.APITesting" name="testResponsecode" time="0.033"/>
  <system-out/>
  <testcase classname="com.CA.qa.TestCases.APITesting" name="testResponsecode" time="0.035"/>
  <system-out/>
  <testcase classname="com.CA.qa.TestCases.APITesting" name="testResponsecode" time="0.043"/>
  <system-out/>
  <testcase classname="com.CA.qa.TestCases.APITesting" name="testResponsecode" time="0.033"/>
  <system-out/>
  <testcase classname="com.CA.qa.TestCases.APITesting" name="testResponsecode" time="0.049"/>
  <system-out/>
  <testcase classname="com.CA.qa.TestCases.APITesting" name="testResponsecode" time="0.031"/>
  <system-out/>
  <testcase classname="com.CA.qa.TestCases.APITesting" name="testResponsecode" time="0.036"/>
  <system-out/>
  <testcase classname="com.CA.qa.TestCases.APITesting" name="testResponsecode" time="0.033"/>
  <system-out/>
  <testcase classname="com.CA.qa.TestCases.APITesting" name="testResponsecode" time="0.038"/>
  <system-out/>
  <testcase classname="com.CA.qa.TestCases.APITesting" name="testResponsecode" time="0.044"/>
  <system-out/>
  <testcase classname="com.CA.qa.TestCases.APITesting" name="testResponsecode" time="0.044"/>
  <system-out/>
  <testcase classname="com.CA.qa.TestCases.APITesting" name="testResponsecode" time="0.043"/>
  <system-out/>
  <testcase classname="com.CA.qa.TestCases.APITesting" name="testResponsecode" time="0.035"/>
  <system-out/>
  <testcase classname="com.CA.qa.TestCases.APITesting" name="testResponsecode" time="0.032"/>
  <system-out/>
  <testcase classname="com.CA.qa.TestCases.APITesting" name="testResponsecode" time="0.036"/>
  <system-out/>
  <testcase classname="com.CA.qa.TestCases.APITesting" name="testResponsecode" time="0.047"/>
  <system-out/>
  <testcase classname="com.CA.qa.TestCases.APITesting" name="testResponsecode" time="0.041"/>
  <system-out/>
  <testcase classname="com.CA.qa.TestCases.APITesting" name="testResponsecode" time="0.036"/>
  <system-out/>
  <testcase classname="com.CA.qa.TestCases.APITesting" name="testResponsecode" time="0.033"/>
  <system-out/>
  <testcase classname="com.CA.qa.TestCases.APITesting" name="testResponsecode" time="0.032"/>
  <system-out/>
  <testcase classname="com.CA.qa.TestCases.APITesting" name="testResponsecode" time="0.033"/>
  <system-out/>
  <testcase classname="com.CA.qa.TestCases.APITesting" name="testResponsecode" time="0.033"/>
  <system-out/>
  <testcase classname="com.CA.qa.TestCases.APITesting" name="testResponsecode" time="0.146"/>
  <system-out/>
  <testcase classname="com.CA.qa.TestCases.APITesting" name="testResponsecode" time="0.052"/>
  <system-out/>
  <testcase classname="com.CA.qa.TestCases.APITesting" name="testResponsecode" time="0.033"/>
  <system-out/>
  <testcase classname="com.CA.qa.TestCases.APITesting" name="testResponsecode" time="0.033"/>
  <system-out/>
  <testcase classname="com.CA.qa.TestCases.APITesting" name="testResponsecode" time="0.039"/>
  <system-out/>
  <testcase classname="com.CA.qa.TestCases.APITesting" name="testResponsecode" time="0.034"/>
  <system-out/>
  <testcase classname="com.CA.qa.TestCases.APITesting" name="testResponsecode" time="0.036"/>
  <system-out/>
  <testcase classname="com.CA.qa.TestCases.APITesting" name="testResponsecode" time="0.032"/>
  <system-out/>
  <testcase classname="com.CA.qa.TestCases.APITesting" name="testResponsecode" time="0.033"/>
  <system-out/>
  <testcase classname="com.CA.qa.TestCases.APITesting" name="testResponsecode" time="0.033"/>
  <system-out/>
  <testcase classname="com.CA.qa.TestCases.APITesting" name="testResponsecode" time="0.044"/>
  <system-out/>
  <testcase classname="com.CA.qa.TestCases.APITesting" name="testResponsecode" time="0.036"/>
  <system-out/>
  <testcase classname="com.CA.qa.TestCases.APITesting" name="testResponsecode" time="0.032"/>
  <system-out/>
  <testcase classname="com.CA.qa.TestCases.APITesting" name="testResponsecode" time="0.041"/>
  <system-out/>
  <testcase classname="com.CA.qa.TestCases.APITesting" name="testResponsecode" time="0.034"/>
  <system-out/>
  <testcase classname="com.CA.qa.TestCases.APITesting" name="testResponsecode" time="0.037"/>
  <system-out/>
  <testcase classname="com.CA.qa.TestCases.APITesting" name="testResponsecode" time="0.041"/>
  <system-out/>
  <testcase classname="com.CA.qa.TestCases.APITesting" name="testResponsecode" time="0.124"/>
  <system-out/>
  <testcase classname="com.CA.qa.TestCases.APITesting" name="testResponsecode" time="0.039"/>
  <system-out/>
  <testcase classname="com.CA.qa.TestCases.APITesting" name="testResponsecode" time="0.034"/>
  <system-out/>
  <testcase classname="com.CA.qa.TestCases.APITesting" name="testResponsecode" time="0.033"/>
  <system-out/>
  <testcase classname="com.CA.qa.TestCases.APITesting" name="testResponsecode" time="0.050"/>
  <system-out/>
  <testcase classname="com.CA.qa.TestCases.APITesting" name="testResponsecode" time="0.059"/>
  <system-out/>
  <testcase classname="com.CA.qa.TestCases.APITesting" name="testResponsecode" time="0.034"/>
  <system-out/>
  <testcase classname="com.CA.qa.TestCases.APITesting" name="testResponsecode" time="0.037"/>
  <system-out/>
  <testcase classname="com.CA.qa.TestCases.APITesting" name="testResponsecode" time="0.037"/>
  <system-out/>
  <testcase classname="com.CA.qa.TestCases.APITesting" name="testResponsecode" time="0.039"/>
  <system-out/>
  <testcase classname="com.CA.qa.TestCases.APITesting" name="testResponsecode" time="0.034"/>
  <system-out/>
  <testcase classname="com.CA.qa.TestCases.APITesting" name="testResponsecode" time="0.038"/>
  <system-out/>
  <testcase classname="com.CA.qa.TestCases.APITesting" name="testResponsecode" time="0.035"/>
  <system-out/>
  <testcase classname="com.CA.qa.TestCases.APITesting" name="testResponsecode" time="0.034"/>
  <system-out/>
  <testcase classname="com.CA.qa.TestCases.APITesting" name="testResponsecode" time="0.035"/>
  <system-out/>
  <testcase classname="com.CA.qa.TestCases.APITesting" name="testResponsecode" time="0.038"/>
  <system-out/>
  <testcase classname="com.CA.qa.TestCases.APITesting" name="testResponsecode" time="0.083"/>
  <system-out/>
  <testcase classname="com.CA.qa.TestCases.APITesting" name="testResponsecode" time="0.035"/>
  <system-out/>
  <testcase classname="com.CA.qa.TestCases.APITesting" name="testResponsecode" time="0.033"/>
  <system-out/>
  <testcase classname="com.CA.qa.TestCases.APITesting" name="testResponsecode" time="0.036"/>
  <system-out/>
  <testcase classname="com.CA.qa.TestCases.APITesting" name="testResponsecode" time="0.033"/>
  <system-out/>
  <testcase classname="com.CA.qa.TestCases.APITesting" name="testResponsecode" time="0.034"/>
  <system-out/>
  <testcase classname="com.CA.qa.TestCases.APITesting" name="testResponsecode" time="0.036"/>
  <system-out/>
  <testcase classname="com.CA.qa.TestCases.APITesting" name="testResponsecode" time="0.062"/>
  <system-out/>
  <testcase classname="com.CA.qa.TestCases.APITesting" name="testResponsecode" time="0.033"/>
  <system-out/>
  <testcase classname="com.CA.qa.TestCases.APITesting" name="testResponsecode" time="0.033"/>
  <system-out/>
  <testcase classname="com.CA.qa.TestCases.APITesting" name="testResponsecode" time="0.041"/>
  <system-out/>
  <testcase classname="com.CA.qa.TestCases.APITesting" name="testResponsecode" time="0.035"/>
  <system-out/>
  <testcase classname="com.CA.qa.TestCases.APITesting" name="testResponsecode" time="0.038"/>
  <system-out/>
  <testcase classname="com.CA.qa.TestCases.APITesting" name="testResponsecode" time="0.032"/>
  <system-out/>
  <testcase classname="com.CA.qa.TestCases.APITesting" name="testResponsecode" time="0.036"/>
  <system-out/>
  <testcase classname="com.CA.qa.TestCases.APITesting" name="testResponsecode" time="0.033"/>
  <system-out/>
  <testcase classname="com.CA.qa.TestCases.APITesting" name="testResponsecode" time="0.039"/>
  <system-out/>
  <testcase classname="com.CA.qa.TestCases.APITesting" name="testResponsecode" time="0.032"/>
  <system-out/>
  <testcase classname="com.CA.qa.TestCases.APITesting" name="testResponsecode" time="0.034"/>
  <system-out/>
  <testcase classname="com.CA.qa.TestCases.APITesting" name="testResponsecode" time="0.039"/>
  <system-out/>
  <testcase classname="com.CA.qa.TestCases.APITesting" name="testResponsecode" time="0.033"/>
  <system-out/>
  <testcase classname="com.CA.qa.TestCases.APITesting" name="testResponsecode" time="0.034"/>
  <system-out/>
  <testcase classname="com.CA.qa.TestCases.APITesting" name="testResponsecode" time="0.039"/>
  <system-out/>
  <testcase classname="com.CA.qa.TestCases.APITesting" name="testResponsecode" time="0.064"/>
  <system-out/>
  <testcase classname="com.CA.qa.TestCases.APITesting" name="testResponsecode" time="0.034"/>
  <system-out/>
  <testcase classname="com.CA.qa.TestCases.APITesting" name="testResponsecode" time="0.163"/>
  <system-out/>
  <testcase classname="com.CA.qa.TestCases.APITesting" name="testResponsecode" time="0.033"/>
  <system-out/>
  <testcase classname="com.CA.qa.TestCases.APITesting" name="testResponsecode" time="0.033"/>
  <system-out/>
  <testcase classname="com.CA.qa.TestCases.APITesting" name="testResponsecode" time="0.037"/>
  <system-out/>
  <testcase classname="com.CA.qa.TestCases.APITesting" name="testResponsecode" time="0.033"/>
  <system-out/>
  <testcase classname="com.CA.qa.TestCases.APITesting" name="testResponsecode" time="0.045"/>
  <system-out/>
  <testcase classname="com.CA.qa.TestCases.APITesting" name="testResponsecode" time="0.041"/>
  <system-out/>
  <testcase classname="com.CA.qa.TestCases.APITesting" name="testResponsecode" time="0.033"/>
  <system-out/>
  <testcase classname="com.CA.qa.TestCases.APITesting" name="testResponsecode" time="0.033"/>
  <system-out/>
  <testcase classname="com.CA.qa.TestCases.APITesting" name="testResponsecode" time="0.033"/>
  <system-out/>
  <testcase classname="com.CA.qa.TestCases.APITesting" name="testResponsecode" time="0.037"/>
  <system-out/>
  <testcase classname="com.CA.qa.TestCases.APITesting" name="testResponsecode" time="0.033"/>
  <system-out/>
  <testcase classname="com.CA.qa.TestCases.APITesting" name="testResponsecode" time="0.033"/>
  <system-out/>
  <testcase classname="com.CA.qa.TestCases.APITesting" name="testResponsecode" time="0.033"/>
  <system-out/>
  <testcase classname="com.CA.qa.TestCases.APITesting" name="testResponsecode" time="0.033"/>
  <system-out/>
  <testcase classname="com.CA.qa.TestCases.APITesting" name="testResponsecode" time="0.042"/>
  <system-out/>
  <testcase classname="com.CA.qa.TestCases.APITesting" name="testResponsecode" time="0.034"/>
  <system-out/>
  <testcase classname="com.CA.qa.TestCases.APITesting" name="testResponsecode" time="0.032"/>
  <system-out/>
  <testcase classname="com.CA.qa.TestCases.APITesting" name="testResponsecode" time="0.040"/>
  <system-out/>
  <testcase classname="com.CA.qa.TestCases.APITesting" name="testResponsecode" time="0.036"/>
  <system-out/>
  <testcase classname="com.CA.qa.TestCases.APITesting" name="testResponsecode" time="0.035"/>
  <system-out/>
  <testcase classname="com.CA.qa.TestCases.APITesting" name="testResponsecode" time="0.042"/>
  <system-out/>
  <testcase classname="com.CA.qa.TestCases.APITesting" name="testResponsecode" time="0.034"/>
  <system-out/>
  <testcase classname="com.CA.qa.TestCases.APITesting" name="testResponsecode" time="0.038"/>
  <system-out/>
  <testcase classname="com.CA.qa.TestCases.APITesting" name="testResponsecode" time="0.034"/>
  <system-out/>
  <testcase classname="com.CA.qa.TestCases.APITesting" name="testResponsecode" time="0.034"/>
  <system-out/>
  <testcase classname="com.CA.qa.TestCases.APITesting" name="testResponsecode" time="0.042"/>
  <system-out/>
  <testcase classname="com.CA.qa.TestCases.APITesting" name="testResponsecode" time="0.033"/>
  <system-out/>
  <testcase classname="com.CA.qa.TestCases.APITesting" name="testResponsecode" time="0.036"/>
  <system-out/>
  <testcase classname="com.CA.qa.TestCases.APITesting" name="testResponsecode" time="0.034"/>
  <system-out/>
  <testcase classname="com.CA.qa.TestCases.APITesting" name="testResponsecode" time="0.040"/>
  <system-out/>
  <testcase classname="com.CA.qa.TestCases.APITesting" name="testResponsecode" time="0.033"/>
  <system-out/>
  <testcase classname="com.CA.qa.TestCases.APITesting" name="testResponsecode" time="0.035"/>
  <system-out/>
  <testcase classname="com.CA.qa.TestCases.APITesting" name="testResponsecode" time="0.036"/>
  <system-out/>
  <testcase classname="com.CA.qa.TestCases.APITesting" name="testResponsecode" time="0.092"/>
  <system-out/>
  <testcase classname="com.CA.qa.TestCases.APITesting" name="testResponsecode" time="0.033"/>
  <system-out/>
  <testcase classname="com.CA.qa.TestCases.APITesting" name="testResponsecode" time="0.035"/>
  <system-out/>
  <testcase classname="com.CA.qa.TestCases.APITesting" name="testResponsecode" time="0.036"/>
  <system-out/>
  <testcase classname="com.CA.qa.TestCases.APITesting" name="testResponsecode" time="0.067"/>
  <system-out/>
  <testcase classname="com.CA.qa.TestCases.APITesting" name="testResponsecode" time="0.120"/>
  <system-out/>
  <testcase classname="com.CA.qa.TestCases.APITesting" name="testResponsecode" time="0.044"/>
  <system-out/>
  <testcase classname="com.CA.qa.TestCases.APITesting" name="testResponsecode" time="0.037"/>
  <system-out/>
  <testcase classname="com.CA.qa.TestCases.APITesting" name="testResponsecode" time="0.398"/>
  <system-out/>
  <testcase classname="com.CA.qa.TestCases.APITesting" name="testResponsecode" time="0.036"/>
  <system-out/>
  <testcase classname="com.CA.qa.TestCases.APITesting" name="testResponsecode" time="0.037"/>
  <system-out/>
  <testcase classname="com.CA.qa.TestCases.APITesting" name="testResponsecode" time="0.034"/>
  <system-out/>
  <testcase classname="com.CA.qa.TestCases.APITesting" name="testResponsecode" time="0.034"/>
  <system-out/>
  <testcase classname="com.CA.qa.TestCases.APITesting" name="testResponsecode" time="0.033"/>
  <system-out/>
  <testcase classname="com.CA.qa.TestCases.APITesting" name="testResponsecode" time="0.038"/>
  <system-out/>
  <testcase classname="com.CA.qa.TestCases.APITesting" name="testResponsecode" time="0.070"/>
  <system-out/>
  <testcase classname="com.CA.qa.TestCases.APITesting" name="testResponsecode" time="0.035"/>
  <system-out/>
  <testcase classname="com.CA.qa.TestCases.APITesting" name="testResponsecode" time="0.036"/>
  <system-out/>
  <testcase classname="com.CA.qa.TestCases.APITesting" name="testResponsecode" time="0.036"/>
  <system-out/>
  <testcase classname="com.CA.qa.TestCases.APITesting" name="testResponsecode" time="0.068"/>
  <system-out/>
  <testcase classname="com.CA.qa.TestCases.APITesting" name="testResponsecode" time="0.038"/>
  <system-out/>
  <testcase classname="com.CA.qa.TestCases.APITesting" name="testResponsecode" time="0.036"/>
  <system-out/>
  <testcase classname="com.CA.qa.TestCases.APITesting" name="testResponsecode" time="0.032"/>
  <system-out/>
  <testcase classname="com.CA.qa.TestCases.APITesting" name="testResponsecode" time="0.033"/>
  <system-out/>
  <testcase classname="com.CA.qa.TestCases.APITesting" name="testResponsecode" time="0.042"/>
  <system-out/>
  <testcase classname="com.CA.qa.TestCases.APITesting" name="testResponsecode" time="0.037"/>
  <system-out/>
  <testcase classname="com.CA.qa.TestCases.APITesting" name="testResponsecode" time="0.035"/>
  <system-out/>
  <testcase classname="com.CA.qa.TestCases.APITesting" name="testResponsecode" time="0.036"/>
  <system-out/>
  <testcase classname="com.CA.qa.TestCases.APITesting" name="testResponsecode" time="0.040"/>
  <system-out/>
  <testcase classname="com.CA.qa.TestCases.APITesting" name="testResponsecode" time="0.038"/>
  <system-out/>
  <testcase classname="com.CA.qa.TestCases.APITesting" name="testResponsecode" time="0.038"/>
  <system-out/>
  <testcase classname="com.CA.qa.TestCases.APITesting" name="testResponsecode" time="0.033"/>
  <system-out/>
  <testcase classname="com.CA.qa.TestCases.APITesting" name="testResponsecode" time="0.034"/>
  <system-out/>
  <testcase classname="com.CA.qa.TestCases.APITesting" name="testResponsecode" time="0.034"/>
  <system-out/>
  <testcase classname="com.CA.qa.TestCases.APITesting" name="testResponsecode" time="0.032"/>
  <system-out/>
  <testcase classname="com.CA.qa.TestCases.APITesting" name="testResponsecode" time="0.036"/>
  <system-out/>
  <testcase classname="com.CA.qa.TestCases.APITesting" name="testResponsecode" time="0.035"/>
  <system-out/>
  <testcase classname="com.CA.qa.TestCases.APITesting" name="testResponsecode" time="0.035"/>
  <system-out/>
  <testcase classname="com.CA.qa.TestCases.APITesting" name="testResponsecode" time="0.035"/>
  <system-out/>
  <testcase classname="com.CA.qa.TestCases.APITesting" name="testResponsecode" time="0.079"/>
  <system-out/>
  <testcase classname="com.CA.qa.TestCases.APITesting" name="testResponsecode" time="0.054"/>
  <system-out/>
  <testcase classname="com.CA.qa.TestCases.APITesting" name="testResponsecode" time="0.034"/>
  <system-out/>
  <testcase classname="com.CA.qa.TestCases.APITesting" name="testResponsecode" time="0.036"/>
  <system-out/>
  <testcase classname="com.CA.qa.TestCases.APITesting" name="testResponsecode" time="0.038"/>
  <system-out/>
  <testcase classname="com.CA.qa.TestCases.APITesting" name="testResponsecode" time="0.032"/>
  <system-out/>
  <testcase classname="com.CA.qa.TestCases.APITesting" name="testResponsecode" time="0.044"/>
  <system-out/>
  <testcase classname="com.CA.qa.TestCases.APITesting" name="testResponsecode" time="0.033"/>
  <system-out/>
  <testcase classname="com.CA.qa.TestCases.APITesting" name="testResponsecode" time="0.043"/>
  <system-out/>
  <testcase classname="com.CA.qa.TestCases.APITesting" name="testResponsecode" time="0.036"/>
  <system-out/>
  <testcase classname="com.CA.qa.TestCases.APITesting" name="testResponsecode" time="0.033"/>
  <system-out/>
  <testcase classname="com.CA.qa.TestCases.APITesting" name="testResponsecode" time="0.039"/>
  <system-out/>
  <testcase classname="com.CA.qa.TestCases.APITesting" name="testResponsecode" time="0.034"/>
  <system-out/>
  <testcase classname="com.CA.qa.TestCases.APITesting" name="testResponsecode" time="0.034"/>
  <system-out/>
  <testcase classname="com.CA.qa.TestCases.APITesting" name="testResponsecode" time="0.036"/>
  <system-out/>
  <testcase classname="com.CA.qa.TestCases.APITesting" name="testResponsecode" time="0.033"/>
  <system-out/>
  <testcase classname="com.CA.qa.TestCases.APITesting" name="testResponsecode" time="0.053"/>
  <system-out/>
  <testcase classname="com.CA.qa.TestCases.APITesting" name="testResponsecode" time="0.032"/>
  <system-out/>
  <testcase classname="com.CA.qa.TestCases.APITesting" name="testResponsecode" time="0.034"/>
  <system-out/>
  <testcase classname="com.CA.qa.TestCases.APITesting" name="testResponsecode" time="0.032"/>
  <system-out/>
  <testcase classname="com.CA.qa.TestCases.APITesting" name="testResponsecode" time="0.032"/>
  <system-out/>
  <testcase classname="com.CA.qa.TestCases.APITesting" name="testResponsecode" time="0.047"/>
  <system-out/>
  <testcase classname="com.CA.qa.TestCases.APITesting" name="testResponsecode" time="0.039"/>
  <system-out/>
  <testcase classname="com.CA.qa.TestCases.APITesting" name="testResponsecode" time="0.040"/>
  <system-out/>
  <testcase classname="com.CA.qa.TestCases.APITesting" name="testResponsecode" time="0.032"/>
  <system-out/>
  <testcase classname="com.CA.qa.TestCases.APITesting" name="testResponsecode" time="0.111"/>
  <system-out/>
  <testcase classname="com.CA.qa.TestCases.APITesting" name="testResponsecode" time="0.167"/>
  <system-out/>
  <testcase classname="com.CA.qa.TestCases.APITesting" name="testResponsecode" time="0.040"/>
  <system-out/>
  <testcase classname="com.CA.qa.TestCases.APITesting" name="testResponsecode" time="0.033"/>
  <system-out/>
  <testcase classname="com.CA.qa.TestCases.APITesting" name="testResponsecode" time="0.033"/>
  <system-out/>
  <testcase classname="com.CA.qa.TestCases.APITesting" name="testResponsecode" time="0.033"/>
  <system-out/>
  <testcase classname="com.CA.qa.TestCases.APITesting" name="testResponsecode" time="0.044"/>
  <system-out/>
  <testcase classname="com.CA.qa.TestCases.APITesting" name="testResponsecode" time="0.036"/>
  <system-out/>
  <testcase classname="com.CA.qa.TestCases.APITesting" name="testResponsecode" time="0.036"/>
  <system-out/>
  <testcase classname="com.CA.qa.TestCases.APITesting" name="testResponsecode" time="0.032"/>
  <system-out/>
  <testcase classname="com.CA.qa.TestCases.APITesting" name="testResponsecode" time="0.073"/>
  <system-out/>
  <testcase classname="com.CA.qa.TestCases.APITesting" name="testResponsecode" time="0.032"/>
  <system-out/>
  <testcase classname="com.CA.qa.TestCases.APITesting" name="testResponsecode" time="0.047"/>
  <system-out/>
  <testcase classname="com.CA.qa.TestCases.APITesting" name="testResponsecode" time="0.889"/>
  <system-out/>
  <testcase classname="com.CA.qa.TestCases.APITesting" name="testResponsecode" time="0.036"/>
  <system-out/>
  <testcase classname="com.CA.qa.TestCases.APITesting" name="testResponsecode" time="0.036"/>
  <system-out/>
  <testcase classname="com.CA.qa.TestCases.APITesting" name="testResponsecode" time="0.033"/>
  <system-out/>
  <testcase classname="com.CA.qa.TestCases.APITesting" name="testResponsecode" time="0.034"/>
  <system-out/>
  <testcase classname="com.CA.qa.TestCases.APITesting" name="testResponsecode" time="0.033"/>
  <system-out/>
  <testcase classname="com.CA.qa.TestCases.APITesting" name="testResponsecode" time="0.140"/>
  <system-out/>
  <testcase classname="com.CA.qa.TestCases.APITesting" name="testResponsecode" time="0.049"/>
  <system-out/>
  <testcase classname="com.CA.qa.TestCases.APITesting" name="testResponsecode" time="0.043"/>
  <system-out/>
  <testcase classname="com.CA.qa.TestCases.APITesting" name="testResponsecode" time="0.138"/>
  <system-out/>
  <testcase classname="com.CA.qa.TestCases.APITesting" name="testResponsecode" time="0.036"/>
  <system-out/>
  <testcase classname="com.CA.qa.TestCases.APITesting" name="testResponsecode" time="0.036"/>
  <system-out/>
  <testcase classname="com.CA.qa.TestCases.APITesting" name="testResponsecode" time="0.033"/>
  <system-out/>
  <testcase classname="com.CA.qa.TestCases.APITesting" name="testResponsecode" time="0.071"/>
  <system-out/>
  <testcase classname="com.CA.qa.TestCases.APITesting" name="testResponsecode" time="0.035"/>
  <system-out/>
  <testcase classname="com.CA.qa.TestCases.APITesting" name="testResponsecode" time="0.040"/>
  <system-out/>
  <testcase classname="com.CA.qa.TestCases.APITesting" name="testResponsecode" time="0.059"/>
  <system-out/>
  <testcase classname="com.CA.qa.TestCases.APITesting" name="testResponsecode" time="0.032"/>
  <system-out/>
  <testcase classname="com.CA.qa.TestCases.APITesting" name="testResponsecode" time="0.032"/>
  <system-out/>
  <testcase classname="com.CA.qa.TestCases.APITesting" name="testResponsecode" time="0.035"/>
  <system-out/>
  <testcase classname="com.CA.qa.TestCases.APITesting" name="testResponsecode" time="0.034"/>
  <system-out/>
  <testcase classname="com.CA.qa.TestCases.APITesting" name="testResponsecode" time="0.035"/>
  <system-out/>
  <testcase classname="com.CA.qa.TestCases.APITesting" name="testResponsecode" time="0.037"/>
  <system-out/>
  <testcase classname="com.CA.qa.TestCases.APITesting" name="testResponsecode" time="0.219"/>
  <system-out/>
  <testcase classname="com.CA.qa.TestCases.APITesting" name="testResponsecode" time="0.035"/>
  <system-out/>
  <testcase classname="com.CA.qa.TestCases.APITesting" name="testResponsecode" time="0.034"/>
  <system-out/>
  <testcase classname="com.CA.qa.TestCases.APITesting" name="testResponsecode" time="0.037"/>
  <system-out/>
  <testcase classname="com.CA.qa.TestCases.APITesting" name="testResponsecode" time="0.037"/>
  <system-out/>
  <testcase classname="com.CA.qa.TestCases.APITesting" name="testResponsecode" time="0.034"/>
  <system-out/>
  <testcase classname="com.CA.qa.TestCases.APITesting" name="testResponsecode" time="0.040"/>
  <system-out/>
  <testcase classname="com.CA.qa.TestCases.APITesting" name="testResponsecode" time="0.034"/>
  <system-out/>
  <testcase classname="com.CA.qa.TestCases.APITesting" name="testResponsecode" time="0.038"/>
  <system-out/>
  <testcase classname="com.CA.qa.TestCases.APITesting" name="testResponsecode" time="0.131"/>
  <system-out/>
  <testcase classname="com.CA.qa.TestCases.APITesting" name="testResponsecode" time="0.034"/>
  <system-out/>
  <testcase classname="com.CA.qa.TestCases.APITesting" name="testResponsecode" time="0.033"/>
  <system-out/>
  <testcase classname="com.CA.qa.TestCases.APITesting" name="testResponsecode" time="0.290"/>
  <system-out/>
  <testcase classname="com.CA.qa.TestCases.APITesting" name="testResponsecode" time="0.035"/>
  <system-out/>
  <testcase classname="com.CA.qa.TestCases.APITesting" name="testResponsecode" time="0.059"/>
  <system-out/>
  <testcase classname="com.CA.qa.TestCases.APITesting" name="testResponsecode" time="0.036"/>
  <system-out/>
  <testcase classname="com.CA.qa.TestCases.APITesting" name="testResponsecode" time="0.035"/>
  <system-out/>
  <testcase classname="com.CA.qa.TestCases.APITesting" name="testResponsecode" time="0.039"/>
  <system-out/>
  <testcase classname="com.CA.qa.TestCases.APITesting" name="testResponsecode" time="0.032"/>
  <system-out/>
  <testcase classname="com.CA.qa.TestCases.APITesting" name="testResponsecode" time="0.300"/>
  <system-out/>
  <testcase classname="com.CA.qa.TestCases.APITesting" name="testResponsecode" time="0.033"/>
  <system-out/>
  <testcase classname="com.CA.qa.TestCases.APITesting" name="testResponsecode" time="0.035"/>
  <system-out/>
  <testcase classname="com.CA.qa.TestCases.APITesting" name="testResponsecode" time="0.034"/>
  <system-out/>
  <testcase classname="com.CA.qa.TestCases.APITesting" name="testResponsecode" time="0.060"/>
  <system-out/>
  <testcase classname="com.CA.qa.TestCases.APITesting" name="testResponsecode" time="0.161"/>
  <system-out/>
  <testcase classname="com.CA.qa.TestCases.APITesting" name="testResponsecode" time="0.040"/>
  <system-out/>
  <testcase classname="com.CA.qa.TestCases.APITesting" name="testResponsecode" time="0.132"/>
  <system-out/>
  <testcase classname="com.CA.qa.TestCases.APITesting" name="testResponsecode" time="0.043"/>
  <system-out/>
  <testcase classname="com.CA.qa.TestCases.APITesting" name="testResponsecode" time="0.668"/>
  <system-out/>
  <testcase classname="com.CA.qa.TestCases.APITesting" name="testResponsecode" time="0.040"/>
  <system-out/>
  <testcase classname="com.CA.qa.TestCases.APITesting" name="testResponsecode" time="0.043"/>
  <system-out/>
  <testcase classname="com.CA.qa.TestCases.APITesting" name="testResponsecode" time="0.039"/>
  <system-out/>
  <testcase classname="com.CA.qa.TestCases.APITesting" name="testResponsecode" time="0.037"/>
  <system-out/>
  <testcase classname="com.CA.qa.TestCases.APITesting" name="testResponsecode" time="0.036"/>
  <system-out/>
  <testcase classname="com.CA.qa.TestCases.APITesting" name="testResponsecode" time="0.034"/>
  <system-out/>
  <testcase classname="com.CA.qa.TestCases.APITesting" name="testResponsecode" time="0.150"/>
  <system-out/>
  <testcase classname="com.CA.qa.TestCases.APITesting" name="testResponsecode" time="0.119"/>
  <system-out/>
  <testcase classname="com.CA.qa.TestCases.APITesting" name="testResponsecode" time="0.035"/>
  <system-out/>
  <testcase classname="com.CA.qa.TestCases.APITesting" name="testResponsecode" time="0.032"/>
  <system-out/>
  <testcase classname="com.CA.qa.TestCases.APITesting" name="testResponsecode" time="0.034"/>
  <system-out/>
  <testcase classname="com.CA.qa.TestCases.APITesting" name="testResponsecode" time="0.036"/>
  <system-out/>
  <testcase classname="com.CA.qa.TestCases.APITesting" name="testResponsecode" time="0.036"/>
  <system-out/>
  <testcase classname="com.CA.qa.TestCases.APITesting" name="testResponsecode" time="0.044"/>
  <system-out/>
  <testcase classname="com.CA.qa.TestCases.APITesting" name="testResponsecode" time="0.037"/>
  <system-out/>
  <testcase classname="com.CA.qa.TestCases.APITesting" name="testResponsecode" time="0.152"/>
  <system-out/>
  <testcase classname="com.CA.qa.TestCases.APITesting" name="testResponsecode" time="0.043"/>
  <system-out/>
  <testcase classname="com.CA.qa.TestCases.APITesting" name="testResponsecode" time="0.034"/>
  <system-out/>
  <testcase classname="com.CA.qa.TestCases.APITesting" name="testResponsecode" time="0.052"/>
  <system-out/>
  <testcase classname="com.CA.qa.TestCases.APITesting" name="testResponsecode" time="0.048"/>
  <system-out/>
  <testcase classname="com.CA.qa.TestCases.APITesting" name="testResponsecode" time="0.038"/>
  <system-out/>
  <testcase classname="com.CA.qa.TestCases.APITesting" name="testResponsecode" time="0.037"/>
  <system-out/>
  <testcase classname="com.CA.qa.TestCases.APITesting" name="testResponsecode" time="0.033"/>
  <system-out/>
  <testcase classname="com.CA.qa.TestCases.APITesting" name="testResponsecode" time="0.041"/>
  <system-out/>
  <testcase classname="com.CA.qa.TestCases.APITesting" name="testResponsecode" time="0.035"/>
  <system-out/>
  <testcase classname="com.CA.qa.TestCases.APITesting" name="testResponsecode" time="0.265"/>
  <system-out/>
  <testcase classname="com.CA.qa.TestCases.APITesting" name="testResponsecode" time="0.033"/>
  <system-out/>
  <testcase classname="com.CA.qa.TestCases.APITesting" name="testResponsecode" time="0.034"/>
  <system-out/>
  <testcase classname="com.CA.qa.TestCases.APITesting" name="testResponsecode" time="0.034"/>
  <system-out/>
  <testcase classname="com.CA.qa.TestCases.APITesting" name="testResponsecode" time="0.038"/>
  <system-out/>
  <testcase classname="com.CA.qa.TestCases.APITesting" name="testResponsecode" time="0.039"/>
  <system-out/>
  <testcase classname="com.CA.qa.TestCases.APITesting" name="testResponsecode" time="0.036"/>
  <system-out/>
  <testcase classname="com.CA.qa.TestCases.APITesting" name="testResponsecode" time="0.036"/>
  <system-out/>
  <testcase classname="com.CA.qa.TestCases.APITesting" name="testResponsecode" time="0.038"/>
  <system-out/>
  <testcase classname="com.CA.qa.TestCases.APITesting" name="testResponsecode" time="0.036"/>
  <system-out/>
  <testcase classname="com.CA.qa.TestCases.APITesting" name="testResponsecode" time="0.034"/>
  <system-out/>
  <testcase classname="com.CA.qa.TestCases.APITesting" name="testResponsecode" time="0.053"/>
  <system-out/>
  <testcase classname="com.CA.qa.TestCases.APITesting" name="testResponsecode" time="0.034"/>
  <system-out/>
  <testcase classname="com.CA.qa.TestCases.APITesting" name="testResponsecode" time="0.038"/>
  <system-out/>
  <testcase classname="com.CA.qa.TestCases.APITesting" name="testResponsecode" time="0.035"/>
  <system-out/>
  <testcase classname="com.CA.qa.TestCases.APITesting" name="testResponsecode" time="0.042"/>
  <system-out/>
  <testcase classname="com.CA.qa.TestCases.APITesting" name="testResponsecode" time="0.032"/>
  <system-out/>
  <testcase classname="com.CA.qa.TestCases.APITesting" name="testResponsecode" time="0.041"/>
  <system-out/>
  <testcase classname="com.CA.qa.TestCases.APITesting" name="testResponsecode" time="0.132"/>
  <system-out/>
  <testcase classname="com.CA.qa.TestCases.APITesting" name="testResponsecode" time="0.033"/>
  <system-out/>
  <testcase classname="com.CA.qa.TestCases.APITesting" name="testResponsecode" time="0.037"/>
  <system-out/>
  <testcase classname="com.CA.qa.TestCases.APITesting" name="testResponsecode" time="0.036"/>
  <system-out/>
  <testcase classname="com.CA.qa.TestCases.APITesting" name="testResponsecode" time="0.038"/>
  <system-out/>
  <testcase classname="com.CA.qa.TestCases.APITesting" name="testResponsecode" time="0.038"/>
  <system-out/>
  <testcase classname="com.CA.qa.TestCases.APITesting" name="testResponsecode" time="0.037"/>
  <system-out/>
  <testcase classname="com.CA.qa.TestCases.APITesting" name="testResponsecode" time="0.037"/>
  <system-out/>
  <testcase classname="com.CA.qa.TestCases.APITesting" name="testResponsecode" time="0.074"/>
  <system-out/>
  <testcase classname="com.CA.qa.TestCases.APITesting" name="testResponsecode" time="0.036"/>
  <system-out/>
  <testcase classname="com.CA.qa.TestCases.APITesting" name="testResponsecode" time="0.034"/>
  <system-out/>
  <testcase classname="com.CA.qa.TestCases.APITesting" name="testResponsecode" time="0.050"/>
  <system-out/>
  <testcase classname="com.CA.qa.TestCases.APITesting" name="testResponsecode" time="0.037"/>
  <system-out/>
  <testcase classname="com.CA.qa.TestCases.APITesting" name="testResponsecode" time="0.033"/>
  <system-out/>
  <testcase classname="com.CA.qa.TestCases.APITesting" name="testResponsecode" time="0.034"/>
  <system-out/>
  <testcase classname="com.CA.qa.TestCases.APITesting" name="testResponsecode" time="0.035"/>
  <system-out/>
  <testcase classname="com.CA.qa.TestCases.APITesting" name="testResponsecode" time="0.116"/>
  <system-out/>
  <testcase classname="com.CA.qa.TestCases.APITesting" name="testResponsecode" time="0.045"/>
  <system-out/>
  <testcase classname="com.CA.qa.TestCases.APITesting" name="testResponsecode" time="0.040"/>
  <system-out/>
  <testcase classname="com.CA.qa.TestCases.APITesting" name="testResponsecode" time="0.059"/>
  <system-out/>
  <testcase classname="com.CA.qa.TestCases.APITesting" name="testResponsecode" time="0.055"/>
  <system-out/>
  <testcase classname="com.CA.qa.TestCases.APITesting" name="testResponsecode" time="0.036"/>
  <system-out/>
  <testcase classname="com.CA.qa.TestCases.APITesting" name="testResponsecode" time="0.035"/>
  <system-out/>
  <testcase classname="com.CA.qa.TestCases.APITesting" name="testResponsecode" time="0.033"/>
  <system-out/>
  <testcase classname="com.CA.qa.TestCases.APITesting" name="testResponsecode" time="0.037"/>
  <system-out/>
  <testcase classname="com.CA.qa.TestCases.APITesting" name="testResponsecode" time="0.036"/>
  <system-out/>
  <testcase classname="com.CA.qa.TestCases.APITesting" name="testResponsecode" time="0.039"/>
  <system-out/>
  <testcase classname="com.CA.qa.TestCases.APITesting" name="testResponsecode" time="0.032"/>
  <system-out/>
  <testcase classname="com.CA.qa.TestCases.APITesting" name="testResponsecode" time="0.034"/>
  <system-out/>
  <testcase classname="com.CA.qa.TestCases.APITesting" name="testResponsecode" time="0.036"/>
  <system-out/>
  <testcase classname="com.CA.qa.TestCases.APITesting" name="testResponsecode" time="0.035"/>
  <system-out/>
  <testcase classname="com.CA.qa.TestCases.APITesting" name="testResponsecode" time="0.148"/>
  <system-out/>
  <testcase classname="com.CA.qa.TestCases.APITesting" name="testResponsecode" time="0.035"/>
  <system-out/>
  <testcase classname="com.CA.qa.TestCases.APITesting" name="testResponsecode" time="0.035"/>
  <system-out/>
  <testcase classname="com.CA.qa.TestCases.APITesting" name="testResponsecode" time="0.034"/>
  <system-out/>
  <testcase classname="com.CA.qa.TestCases.APITesting" name="testResponsecode" time="0.046"/>
  <system-out/>
  <testcase classname="com.CA.qa.TestCases.APITesting" name="testResponsecode" time="0.038"/>
  <system-out/>
  <testcase classname="com.CA.qa.TestCases.APITesting" name="testResponsecode" time="0.034"/>
  <system-out/>
  <testcase classname="com.CA.qa.TestCases.APITesting" name="testResponsecode" time="0.034"/>
  <system-out/>
  <testcase classname="com.CA.qa.TestCases.APITesting" name="testResponsecode" time="0.034"/>
  <system-out/>
  <testcase classname="com.CA.qa.TestCases.APITesting" name="testResponsecode" time="0.037"/>
  <system-out/>
  <testcase classname="com.CA.qa.TestCases.APITesting" name="testResponsecode" time="0.039"/>
  <system-out/>
  <testcase classname="com.CA.qa.TestCases.APITesting" name="testResponsecode" time="0.034"/>
  <system-out/>
  <testcase classname="com.CA.qa.TestCases.APITesting" name="testResponsecode" time="0.048"/>
  <system-out/>
  <testcase classname="com.CA.qa.TestCases.APITesting" name="testResponsecode" time="0.036"/>
  <system-out/>
  <testcase classname="com.CA.qa.TestCases.APITesting" name="testResponsecode" time="0.070"/>
  <system-out/>
  <testcase classname="com.CA.qa.TestCases.APITesting" name="testResponsecode" time="0.035"/>
  <system-out/>
  <testcase classname="com.CA.qa.TestCases.APITesting" name="testResponsecode" time="0.033"/>
  <system-out/>
  <testcase classname="com.CA.qa.TestCases.APITesting" name="testResponsecode" time="0.035"/>
  <system-out/>
  <testcase classname="com.CA.qa.TestCases.APITesting" name="testResponsecode" time="0.032"/>
  <system-out/>
  <testcase classname="com.CA.qa.TestCases.APITesting" name="testResponsecode" time="0.032"/>
  <system-out/>
  <testcase classname="com.CA.qa.TestCases.APITesting" name="testResponsecode" time="0.035"/>
  <system-out/>
  <testcase classname="com.CA.qa.TestCases.APITesting" name="testResponsecode" time="0.035"/>
  <system-out/>
  <testcase classname="com.CA.qa.TestCases.APITesting" name="testResponsecode" time="0.039"/>
  <system-out/>
  <testcase classname="com.CA.qa.TestCases.APITesting" name="testResponsecode" time="0.050"/>
  <system-out/>
  <testcase classname="com.CA.qa.TestCases.APITesting" name="testResponsecode" time="0.039"/>
  <system-out/>
  <testcase classname="com.CA.qa.TestCases.APITesting" name="testResponsecode" time="0.039"/>
  <system-out/>
  <testcase classname="com.CA.qa.TestCases.APITesting" name="testResponsecode" time="0.116"/>
  <system-out/>
  <testcase classname="com.CA.qa.TestCases.APITesting" name="testResponsecode" time="0.035"/>
  <system-out/>
  <testcase classname="com.CA.qa.TestCases.APITesting" name="testResponsecode" time="0.038"/>
  <system-out/>
  <testcase classname="com.CA.qa.TestCases.APITesting" name="testResponsecode" time="0.105"/>
  <system-out/>
  <testcase classname="com.CA.qa.TestCases.APITesting" name="testResponsecode" time="0.032"/>
  <system-out/>
  <testcase classname="com.CA.qa.TestCases.APITesting" name="testResponsecode" time="0.049"/>
  <system-out/>
  <testcase classname="com.CA.qa.TestCases.APITesting" name="testResponsecode" time="0.034"/>
  <system-out/>
  <testcase classname="com.CA.qa.TestCases.APITesting" name="testResponsecode" time="0.033"/>
  <system-out/>
  <testcase classname="com.CA.qa.TestCases.APITesting" name="testResponsecode" time="0.033"/>
  <system-out/>
  <testcase classname="com.CA.qa.TestCases.APITesting" name="testResponsecode" time="0.033"/>
  <system-out/>
  <testcase classname="com.CA.qa.TestCases.APITesting" name="testResponsecode" time="0.041"/>
  <system-out/>
  <testcase classname="com.CA.qa.TestCases.APITesting" name="testResponsecode" time="0.033"/>
  <system-out/>
  <testcase classname="com.CA.qa.TestCases.APITesting" name="testResponsecode" time="0.034"/>
  <system-out/>
  <testcase classname="com.CA.qa.TestCases.APITesting" name="testResponsecode" time="0.145"/>
  <system-out/>
  <testcase classname="com.CA.qa.TestCases.APITesting" name="testResponsecode" time="0.035"/>
  <system-out/>
  <testcase classname="com.CA.qa.TestCases.APITesting" name="testResponsecode" time="0.038"/>
  <system-out/>
  <testcase classname="com.CA.qa.TestCases.APITesting" name="testResponsecode" time="0.035"/>
  <system-out/>
  <testcase classname="com.CA.qa.TestCases.APITesting" name="testResponsecode" time="0.035"/>
  <system-out/>
  <testcase classname="com.CA.qa.TestCases.APITesting" name="testResponsecode" time="0.036"/>
  <system-out/>
  <testcase classname="com.CA.qa.TestCases.APITesting" name="testResponsecode" time="0.034"/>
  <system-out/>
  <testcase classname="com.CA.qa.TestCases.APITesting" name="testResponsecode" time="0.035"/>
  <system-out/>
  <testcase classname="com.CA.qa.TestCases.APITesting" name="testResponsecode" time="0.038"/>
  <system-out/>
  <testcase classname="com.CA.qa.TestCases.APITesting" name="testResponsecode" time="0.040"/>
  <system-out/>
  <testcase classname="com.CA.qa.TestCases.APITesting" name="testResponsecode" time="0.136"/>
  <system-out/>
  <testcase classname="com.CA.qa.TestCases.APITesting" name="testResponsecode" time="0.033"/>
  <system-out/>
  <testcase classname="com.CA.qa.TestCases.APITesting" name="testResponsecode" time="0.034"/>
  <system-out/>
  <testcase classname="com.CA.qa.TestCases.APITesting" name="testResponsecode" time="0.041"/>
  <system-out/>
  <testcase classname="com.CA.qa.TestCases.APITesting" name="testResponsecode" time="0.036"/>
  <system-out/>
  <testcase classname="com.CA.qa.TestCases.APITesting" name="testResponsecode" time="0.152"/>
  <system-out/>
  <testcase classname="com.CA.qa.TestCases.APITesting" name="testResponsecode" time="0.041"/>
  <system-out/>
  <testcase classname="com.CA.qa.TestCases.APITesting" name="testResponsecode" time="0.033"/>
  <system-out/>
  <testcase classname="com.CA.qa.TestCases.APITesting" name="testResponsecode" time="0.034"/>
  <system-out/>
  <testcase classname="com.CA.qa.TestCases.APITesting" name="testResponsecode" time="0.035"/>
  <system-out/>
  <testcase classname="com.CA.qa.TestCases.APITesting" name="testResponsecode" time="0.059"/>
  <system-out/>
  <testcase classname="com.CA.qa.TestCases.APITesting" name="testResponsecode" time="0.036"/>
  <system-out/>
  <testcase classname="com.CA.qa.TestCases.APITesting" name="testResponsecode" time="0.033"/>
  <system-out/>
  <testcase classname="com.CA.qa.TestCases.APITesting" name="testResponsecode" time="0.032"/>
  <system-out/>
  <testcase classname="com.CA.qa.TestCases.APITesting" name="testResponsecode" time="0.038"/>
  <system-out/>
  <testcase classname="com.CA.qa.TestCases.APITesting" name="testResponsecode" time="0.034"/>
  <system-out/>
  <testcase classname="com.CA.qa.TestCases.APITesting" name="testResponsecode" time="0.032"/>
  <system-out/>
  <testcase classname="com.CA.qa.TestCases.APITesting" name="testResponsecode" time="0.047"/>
  <system-out/>
  <testcase classname="com.CA.qa.TestCases.APITesting" name="testResponsecode" time="0.036"/>
  <system-out/>
  <testcase classname="com.CA.qa.TestCases.APITesting" name="testResponsecode" time="0.109"/>
  <system-out/>
  <testcase classname="com.CA.qa.TestCases.APITesting" name="testResponsecode" time="0.039"/>
  <system-out/>
  <testcase classname="com.CA.qa.TestCases.APITesting" name="testResponsecode" time="0.034"/>
  <system-out/>
  <testcase classname="com.CA.qa.TestCases.APITesting" name="testResponsecode" time="0.033"/>
  <system-out/>
  <testcase classname="com.CA.qa.TestCases.APITesting" name="testResponsecode" time="0.045"/>
  <system-out/>
  <testcase classname="com.CA.qa.TestCases.APITesting" name="testResponsecode" time="0.043"/>
  <system-out/>
  <testcase classname="com.CA.qa.TestCases.APITesting" name="testResponsecode" time="0.036"/>
  <system-out/>
  <testcase classname="com.CA.qa.TestCases.APITesting" name="testResponsecode" time="0.039"/>
  <system-out/>
  <testcase classname="com.CA.qa.TestCases.APITesting" name="testResponsecode" time="0.891"/>
  <system-out/>
  <testcase classname="com.CA.qa.TestCases.APITesting" name="testResponsecode" time="0.033"/>
  <system-out/>
  <testcase classname="com.CA.qa.TestCases.APITesting" name="testResponsecode" time="0.032"/>
  <system-out/>
  <testcase classname="com.CA.qa.TestCases.APITesting" name="testResponsecode" time="0.162"/>
  <system-out/>
  <testcase classname="com.CA.qa.TestCases.APITesting" name="testResponsecode" time="0.033"/>
  <system-out/>
  <testcase classname="com.CA.qa.TestCases.APITesting" name="testResponsecode" time="0.033"/>
  <system-out/>
  <testcase classname="com.CA.qa.TestCases.APITesting" name="testResponsecode" time="0.036"/>
  <system-out/>
  <testcase classname="com.CA.qa.TestCases.APITesting" name="testResponsecode" time="0.638"/>
  <system-out/>
  <testcase classname="com.CA.qa.TestCases.APITesting" name="testResponsecode" time="0.040"/>
  <system-out/>
  <testcase classname="com.CA.qa.TestCases.APITesting" name="testResponsecode" time="0.040"/>
  <system-out/>
  <testcase classname="com.CA.qa.TestCases.APITesting" name="testResponsecode" time="0.045"/>
  <system-out/>
  <testcase classname="com.CA.qa.TestCases.APITesting" name="testResponsecode" time="0.117"/>
  <system-out/>
  <testcase classname="com.CA.qa.TestCases.APITesting" name="testResponsecode" time="0.053"/>
  <system-out/>
  <testcase classname="com.CA.qa.TestCases.APITesting" name="testResponsecode" time="0.080"/>
  <system-out/>
  <testcase classname="com.CA.qa.TestCases.APITesting" name="testResponsecode" time="0.032"/>
  <system-out/>
  <testcase classname="com.CA.qa.TestCases.APITesting" name="testResponsecode" time="0.032"/>
  <system-out/>
  <testcase classname="com.CA.qa.TestCases.APITesting" name="testResponsecode" time="0.033"/>
  <system-out/>
  <testcase classname="com.CA.qa.TestCases.APITesting" name="testResponsecode" time="0.033"/>
  <system-out/>
  <testcase classname="com.CA.qa.TestCases.APITesting" name="testResponsecode" time="0.043"/>
  <system-out/>
  <testcase classname="com.CA.qa.TestCases.APITesting" name="testResponsecode" time="0.034"/>
  <system-out/>
  <testcase classname="com.CA.qa.TestCases.APITesting" name="testResponsecode" time="0.036"/>
  <system-out/>
  <testcase classname="com.CA.qa.TestCases.APITesting" name="testResponsecode" time="0.037"/>
  <system-out/>
  <testcase classname="com.CA.qa.TestCases.APITesting" name="testResponsecode" time="0.165"/>
  <system-out/>
  <testcase classname="com.CA.qa.TestCases.APITesting" name="testResponsecode" time="0.037"/>
  <system-out/>
  <testcase classname="com.CA.qa.TestCases.APITesting" name="testResponsecode" time="0.035"/>
  <system-out/>
  <testcase classname="com.CA.qa.TestCases.APITesting" name="testResponsecode" time="0.063"/>
  <system-out/>
  <testcase classname="com.CA.qa.TestCases.APITesting" name="testResponsecode" time="0.469"/>
  <system-out/>
  <testcase classname="com.CA.qa.TestCases.APITesting" name="testResponsecode" time="0.035"/>
  <system-out/>
  <testcase classname="com.CA.qa.TestCases.APITesting" name="testResponsecode" time="0.137"/>
  <system-out/>
  <testcase classname="com.CA.qa.TestCases.APITesting" name="testResponsecode" time="0.035"/>
  <system-out/>
  <testcase classname="com.CA.qa.TestCases.APITesting" name="testResponsecode" time="0.044"/>
  <system-out/>
  <testcase classname="com.CA.qa.TestCases.APITesting" name="testResponsecode" time="0.034"/>
  <system-out/>
  <testcase classname="com.CA.qa.TestCases.APITesting" name="testResponsecode" time="0.035"/>
  <system-out/>
  <testcase classname="com.CA.qa.TestCases.APITesting" name="testResponsecode" time="0.033"/>
  <system-out/>
  <testcase classname="com.CA.qa.TestCases.APITesting" name="testResponsecode" time="0.051"/>
  <system-out/>
  <testcase classname="com.CA.qa.TestCases.APITesting" name="testResponsecode" time="0.033"/>
  <system-out/>
  <testcase classname="com.CA.qa.TestCases.APITesting" name="testResponsecode" time="0.035"/>
  <system-out/>
  <testcase classname="com.CA.qa.TestCases.APITesting" name="testResponsecode" time="0.048"/>
  <system-out/>
  <testcase classname="com.CA.qa.TestCases.APITesting" name="testResponsecode" time="0.034"/>
  <system-out/>
  <testcase classname="com.CA.qa.TestCases.APITesting" name="testResponsecode" time="0.037"/>
  <system-out/>
  <testcase classname="com.CA.qa.TestCases.APITesting" name="testResponsecode" time="0.035"/>
  <system-out/>
  <testcase classname="com.CA.qa.TestCases.APITesting" name="testResponsecode" time="0.032"/>
  <system-out/>
  <testcase classname="com.CA.qa.TestCases.APITesting" name="testResponsecode" time="0.045"/>
  <system-out/>
  <testcase classname="com.CA.qa.TestCases.APITesting" name="testResponsecode" time="0.033"/>
  <system-out/>
  <testcase classname="com.CA.qa.TestCases.APITesting" name="testResponsecode" time="0.034"/>
  <system-out/>
  <testcase classname="com.CA.qa.TestCases.APITesting" name="testResponsecode" time="0.031"/>
  <system-out/>
  <testcase classname="com.CA.qa.TestCases.APITesting" name="testResponsecode" time="0.036"/>
  <system-out/>
  <testcase classname="com.CA.qa.TestCases.APITesting" name="testResponsecode" time="0.034"/>
  <system-out/>
  <testcase classname="com.CA.qa.TestCases.APITesting" name="testResponsecode" time="0.048"/>
  <system-out/>
  <testcase classname="com.CA.qa.TestCases.APITesting" name="testResponsecode" time="0.043"/>
  <system-out/>
  <testcase classname="com.CA.qa.TestCases.APITesting" name="testResponsecode" time="0.043"/>
  <system-out/>
  <testcase classname="com.CA.qa.TestCases.APITesting" name="testResponsecode" time="0.036"/>
  <system-out/>
  <testcase classname="com.CA.qa.TestCases.APITesting" name="testResponsecode" time="0.042"/>
  <system-out/>
  <testcase classname="com.CA.qa.TestCases.APITesting" name="testResponsecode" time="0.033"/>
  <system-out/>
  <testcase classname="com.CA.qa.TestCases.APITesting" name="testResponsecode" time="0.037"/>
  <system-out/>
  <testcase classname="com.CA.qa.TestCases.APITesting" name="testResponsecode" time="0.033"/>
  <system-out/>
  <testcase classname="com.CA.qa.TestCases.APITesting" name="testResponsecode" time="0.037"/>
  <system-out/>
  <testcase classname="com.CA.qa.TestCases.APITesting" name="testResponsecode" time="0.041"/>
  <system-out/>
  <testcase classname="com.CA.qa.TestCases.APITesting" name="testResponsecode" time="0.034"/>
  <system-out/>
  <testcase classname="com.CA.qa.TestCases.APITesting" name="testResponsecode" time="0.035"/>
  <system-out/>
  <testcase classname="com.CA.qa.TestCases.APITesting" name="testResponsecode" time="0.036"/>
  <system-out/>
  <testcase classname="com.CA.qa.TestCases.APITesting" name="testResponsecode" time="0.070"/>
  <system-out/>
  <testcase classname="com.CA.qa.TestCases.APITesting" name="testResponsecode" time="0.056"/>
  <system-out/>
  <testcase classname="com.CA.qa.TestCases.APITesting" name="testResponsecode" time="0.032"/>
  <system-out/>
  <testcase classname="com.CA.qa.TestCases.APITesting" name="testResponsecode" time="0.250"/>
  <system-out/>
  <testcase classname="com.CA.qa.TestCases.APITesting" name="testResponsecode" time="0.141"/>
  <system-out/>
  <testcase classname="com.CA.qa.TestCases.APITesting" name="testResponsecode" time="0.037"/>
  <system-out/>
  <testcase classname="com.CA.qa.TestCases.APITesting" name="testResponsecode" time="0.035"/>
  <system-out/>
  <testcase classname="com.CA.qa.TestCases.APITesting" name="testResponsecode" time="0.035"/>
  <system-out/>
  <testcase classname="com.CA.qa.TestCases.APITesting" name="testResponsecode" time="0.033"/>
  <system-out/>
  <testcase classname="com.CA.qa.TestCases.APITesting" name="testResponsecode" time="0.033"/>
  <system-out/>
  <testcase classname="com.CA.qa.TestCases.APITesting" name="testResponsecode" time="0.039"/>
  <system-out/>
  <testcase classname="com.CA.qa.TestCases.APITesting" name="testResponsecode" time="0.036"/>
  <system-out/>
  <testcase classname="com.CA.qa.TestCases.APITesting" name="testResponsecode" time="0.042"/>
  <system-out/>
  <testcase classname="com.CA.qa.TestCases.APITesting" name="testResponsecode" time="0.035"/>
  <system-out/>
  <testcase classname="com.CA.qa.TestCases.APITesting" name="testResponsecode" time="0.037"/>
  <system-out/>
  <testcase classname="com.CA.qa.TestCases.APITesting" name="testResponsecode" time="0.396"/>
  <system-out/>
  <testcase classname="com.CA.qa.TestCases.APITesting" name="testResponsecode" time="0.043"/>
  <system-out/>
  <testcase classname="com.CA.qa.TestCases.APITesting" name="testResponsecode" time="0.033"/>
  <system-out/>
  <testcase classname="com.CA.qa.TestCases.APITesting" name="testResponsecode" time="0.043"/>
  <system-out/>
  <testcase classname="com.CA.qa.TestCases.APITesting" name="testResponsecode" time="0.130"/>
  <system-out/>
  <testcase classname="com.CA.qa.TestCases.APITesting" name="testResponsecode" time="0.037"/>
  <system-out/>
  <testcase classname="com.CA.qa.TestCases.APITesting" name="testResponsecode" time="0.038"/>
  <system-out/>
  <testcase classname="com.CA.qa.TestCases.APITesting" name="testResponsecode" time="0.044"/>
  <system-out/>
  <testcase classname="com.CA.qa.TestCases.APITesting" name="testResponsecode" time="0.033"/>
  <system-out/>
  <testcase classname="com.CA.qa.TestCases.APITesting" name="testResponsecode" time="0.033"/>
  <system-out/>
  <testcase classname="com.CA.qa.TestCases.APITesting" name="testResponsecode" time="0.037"/>
  <system-out/>
  <testcase classname="com.CA.qa.TestCases.APITesting" name="testResponsecode" time="0.034"/>
  <system-out/>
  <testcase classname="com.CA.qa.TestCases.APITesting" name="testResponsecode" time="0.035"/>
  <system-out/>
  <testcase classname="com.CA.qa.TestCases.APITesting" name="testResponsecode" time="0.036"/>
  <system-out/>
  <testcase classname="com.CA.qa.TestCases.APITesting" name="testResponsecode" time="0.035"/>
  <system-out/>
  <testcase classname="com.CA.qa.TestCases.APITesting" name="testResponsecode" time="0.143"/>
  <system-out/>
  <testcase classname="com.CA.qa.TestCases.APITesting" name="testResponsecode" time="0.033"/>
  <system-out/>
  <testcase classname="com.CA.qa.TestCases.APITesting" name="testResponsecode" time="0.033"/>
  <system-out/>
  <testcase classname="com.CA.qa.TestCases.APITesting" name="testResponsecode" time="0.033"/>
  <system-out/>
  <testcase classname="com.CA.qa.TestCases.APITesting" name="testResponsecode" time="0.034"/>
  <system-out/>
  <testcase classname="com.CA.qa.TestCases.APITesting" name="testResponsecode" time="0.055"/>
  <system-out/>
  <testcase classname="com.CA.qa.TestCases.APITesting" name="testResponsecode" time="0.034"/>
  <system-out/>
  <testcase classname="com.CA.qa.TestCases.APITesting" name="testResponsecode" time="0.163"/>
  <system-out/>
  <testcase classname="com.CA.qa.TestCases.APITesting" name="testResponsecode" time="0.038"/>
  <system-out/>
  <testcase classname="com.CA.qa.TestCases.APITesting" name="testResponsecode" time="0.041"/>
  <system-out/>
  <testcase classname="com.CA.qa.TestCases.APITesting" name="testResponsecode" time="0.035"/>
  <system-out/>
  <testcase classname="com.CA.qa.TestCases.APITesting" name="testResponsecode" time="0.037"/>
  <system-out/>
  <testcase classname="com.CA.qa.TestCases.APITesting" name="testResponsecode" time="0.039"/>
  <system-out/>
  <testcase classname="com.CA.qa.TestCases.APITesting" name="testResponsecode" time="0.160"/>
  <system-out/>
  <testcase classname="com.CA.qa.TestCases.APITesting" name="testResponsecode" time="0.035"/>
  <system-out/>
  <testcase classname="com.CA.qa.TestCases.APITesting" name="testResponsecode" time="0.140"/>
  <system-out/>
  <testcase classname="com.CA.qa.TestCases.APITesting" name="testResponsecode" time="0.037"/>
  <system-out/>
  <testcase classname="com.CA.qa.TestCases.APITesting" name="testResponsecode" time="0.033"/>
  <system-out/>
  <testcase classname="com.CA.qa.TestCases.APITesting" name="testResponsecode" time="0.033"/>
  <system-out/>
  <testcase classname="com.CA.qa.TestCases.APITesting" name="testResponsecode" time="0.038"/>
  <system-out/>
  <testcase classname="com.CA.qa.TestCases.APITesting" name="testResponsecode" time="0.045"/>
  <system-out/>
  <testcase classname="com.CA.qa.TestCases.APITesting" name="testResponsecode" time="0.032"/>
  <system-out/>
  <testcase classname="com.CA.qa.TestCases.APITesting" name="testResponsecode" time="0.041"/>
  <system-out/>
  <testcase classname="com.CA.qa.TestCases.APITesting" name="testResponsecode" time="0.035"/>
  <system-out/>
  <testcase classname="com.CA.qa.TestCases.APITesting" name="testResponsecode" time="0.195"/>
  <system-out/>
  <testcase classname="com.CA.qa.TestCases.APITesting" name="testResponsecode" time="0.033"/>
  <system-out/>
  <testcase classname="com.CA.qa.TestCases.APITesting" name="testResponsecode" time="0.034"/>
  <system-out/>
  <testcase classname="com.CA.qa.TestCases.APITesting" name="testResponsecode" time="0.036"/>
  <system-out/>
  <testcase classname="com.CA.qa.TestCases.APITesting" name="testResponsecode" time="0.040"/>
  <system-out/>
  <testcase classname="com.CA.qa.TestCases.APITesting" name="testResponsecode" time="0.035"/>
  <system-out/>
  <testcase classname="com.CA.qa.TestCases.APITesting" name="testResponsecode" time="0.034"/>
  <system-out/>
  <testcase classname="com.CA.qa.TestCases.APITesting" name="testResponsecode" time="0.039"/>
  <system-out/>
  <testcase classname="com.CA.qa.TestCases.APITesting" name="testResponsecode" time="0.033"/>
  <system-out/>
  <testcase classname="com.CA.qa.TestCases.APITesting" name="testResponsecode" time="0.034"/>
  <system-out/>
  <testcase classname="com.CA.qa.TestCases.APITesting" name="testResponsecode" time="0.037"/>
  <system-out/>
  <testcase classname="com.CA.qa.TestCases.APITesting" name="testResponsecode" time="0.037"/>
  <system-out/>
  <testcase classname="com.CA.qa.TestCases.APITesting" name="testResponsecode" time="0.035"/>
  <system-out/>
  <testcase classname="com.CA.qa.TestCases.APITesting" name="testResponsecode" time="0.036"/>
  <system-out/>
  <testcase classname="com.CA.qa.TestCases.APITesting" name="testResponsecode" time="0.032"/>
  <system-out/>
  <testcase classname="com.CA.qa.TestCases.APITesting" name="testResponsecode" time="0.040"/>
  <system-out/>
  <testcase classname="com.CA.qa.TestCases.APITesting" name="testResponsecode" time="0.033"/>
  <system-out/>
  <testcase classname="com.CA.qa.TestCases.APITesting" name="testResponsecode" time="0.042"/>
  <system-out/>
  <testcase classname="com.CA.qa.TestCases.APITesting" name="testResponsecode" time="0.107"/>
  <system-out/>
  <testcase classname="com.CA.qa.TestCases.APITesting" name="testResponsecode" time="0.033"/>
  <system-out/>
  <testcase classname="com.CA.qa.TestCases.APITesting" name="testResponsecode" time="0.093"/>
  <system-out/>
  <testcase classname="com.CA.qa.TestCases.APITesting" name="testResponsecode" time="0.034"/>
  <system-out/>
  <testcase classname="com.CA.qa.TestCases.APITesting" name="testResponsecode" time="0.034"/>
  <system-out/>
  <testcase classname="com.CA.qa.TestCases.APITesting" name="testResponsecode" time="0.038"/>
  <system-out/>
  <testcase classname="com.CA.qa.TestCases.APITesting" name="testResponsecode" time="0.158"/>
  <system-out/>
  <testcase classname="com.CA.qa.TestCases.APITesting" name="testResponsecode" time="0.032"/>
  <system-out/>
  <testcase classname="com.CA.qa.TestCases.APITesting" name="testResponsecode" time="0.034"/>
  <system-out/>
  <testcase classname="com.CA.qa.TestCases.APITesting" name="testResponsecode" time="0.035"/>
  <system-out/>
  <testcase classname="com.CA.qa.TestCases.APITesting" name="testResponsecode" time="0.199"/>
  <system-out/>
  <testcase classname="com.CA.qa.TestCases.APITesting" name="testResponsecode" time="0.036"/>
  <system-out/>
  <testcase classname="com.CA.qa.TestCases.APITesting" name="testResponsecode" time="0.032"/>
  <system-out/>
  <testcase classname="com.CA.qa.TestCases.APITesting" name="testResponsecode" time="0.036"/>
  <system-out/>
  <testcase classname="com.CA.qa.TestCases.APITesting" name="testResponsecode" time="0.039"/>
  <system-out/>
  <testcase classname="com.CA.qa.TestCases.APITesting" name="testResponsecode" time="0.034"/>
  <system-out/>
  <testcase classname="com.CA.qa.TestCases.APITesting" name="testResponsecode" time="0.036"/>
  <system-out/>
  <testcase classname="com.CA.qa.TestCases.APITesting" name="testResponsecode" time="0.037"/>
  <system-out/>
  <testcase classname="com.CA.qa.TestCases.APITesting" name="testResponsecode" time="0.034"/>
  <system-out/>
  <testcase classname="com.CA.qa.TestCases.APITesting" name="testResponsecode" time="0.182"/>
  <system-out/>
  <testcase classname="com.CA.qa.TestCases.APITesting" name="testResponsecode" time="0.034"/>
  <system-out/>
  <testcase classname="com.CA.qa.TestCases.APITesting" name="testResponsecode" time="0.034"/>
  <system-out/>
  <testcase classname="com.CA.qa.TestCases.APITesting" name="testResponsecode" time="0.037"/>
  <system-out/>
  <testcase classname="com.CA.qa.TestCases.APITesting" name="testResponsecode" time="0.033"/>
  <system-out/>
  <testcase classname="com.CA.qa.TestCases.APITesting" name="testResponsecode" time="0.035"/>
  <system-out/>
  <testcase classname="com.CA.qa.TestCases.APITesting" name="testResponsecode" time="0.037"/>
  <system-out/>
  <testcase classname="com.CA.qa.TestCases.APITesting" name="testResponsecode" time="0.037"/>
  <system-out/>
  <testcase classname="com.CA.qa.TestCases.APITesting" name="testResponsecode" time="0.032"/>
  <system-out/>
  <testcase classname="com.CA.qa.TestCases.APITesting" name="testResponsecode" time="0.038"/>
  <system-out/>
  <testcase classname="com.CA.qa.TestCases.APITesting" name="testResponsecode" time="0.046"/>
  <system-out/>
  <testcase classname="com.CA.qa.TestCases.APITesting" name="testResponsecode" time="0.039"/>
  <system-out/>
  <testcase classname="com.CA.qa.TestCases.APITesting" name="testResponsecode" time="0.035"/>
  <system-out/>
  <testcase classname="com.CA.qa.TestCases.APITesting" name="testResponsecode" time="0.040"/>
  <system-out/>
  <testcase classname="com.CA.qa.TestCases.APITesting" name="testResponsecode" time="0.033"/>
  <system-out/>
  <testcase classname="com.CA.qa.TestCases.APITesting" name="testResponsecode" time="0.034"/>
  <system-out/>
  <testcase classname="com.CA.qa.TestCases.APITesting" name="testResponsecode" time="0.034"/>
  <system-out/>
  <testcase classname="com.CA.qa.TestCases.APITesting" name="testResponsecode" time="0.033"/>
  <system-out/>
  <testcase classname="com.CA.qa.TestCases.APITesting" name="testResponsecode" time="0.045"/>
  <system-out/>
  <testcase classname="com.CA.qa.TestCases.APITesting" name="testResponsecode" time="0.041"/>
  <system-out/>
  <testcase classname="com.CA.qa.TestCases.APITesting" name="testResponsecode" time="0.038"/>
  <system-out/>
  <testcase classname="com.CA.qa.TestCases.APITesting" name="testResponsecode" time="0.033"/>
  <system-out/>
  <testcase classname="com.CA.qa.TestCases.APITesting" name="testResponsecode" time="0.037"/>
  <system-out/>
  <testcase classname="com.CA.qa.TestCases.APITesting" name="testResponsecode" time="0.041"/>
  <system-out/>
  <testcase classname="com.CA.qa.TestCases.APITesting" name="testResponsecode" time="0.035"/>
  <system-out/>
  <testcase classname="com.CA.qa.TestCases.APITesting" name="testResponsecode" time="0.035"/>
  <system-out/>
  <testcase classname="com.CA.qa.TestCases.APITesting" name="testResponsecode" time="0.035"/>
  <system-out/>
  <testcase classname="com.CA.qa.TestCases.APITesting" name="testResponsecode" time="0.036"/>
  <system-out/>
  <testcase classname="com.CA.qa.TestCases.APITesting" name="testResponsecode" time="0.036"/>
  <system-out/>
  <testcase classname="com.CA.qa.TestCases.APITesting" name="testResponsecode" time="0.034"/>
  <system-out/>
  <testcase classname="com.CA.qa.TestCases.APITesting" name="testResponsecode" time="0.034"/>
  <system-out/>
  <testcase classname="com.CA.qa.TestCases.APITesting" name="testResponsecode" time="0.034"/>
  <system-out/>
  <testcase classname="com.CA.qa.TestCases.APITesting" name="testResponsecode" time="0.038"/>
  <system-out/>
  <testcase classname="com.CA.qa.TestCases.APITesting" name="testResponsecode" time="0.037"/>
  <system-out/>
  <testcase classname="com.CA.qa.TestCases.APITesting" name="testResponsecode" time="0.038"/>
  <system-out/>
  <testcase classname="com.CA.qa.TestCases.APITesting" name="testResponsecode" time="0.033"/>
  <system-out/>
  <testcase classname="com.CA.qa.TestCases.APITesting" name="testResponsecode" time="0.034"/>
  <system-out/>
  <testcase classname="com.CA.qa.TestCases.APITesting" name="testResponsecode" time="0.033"/>
  <system-out/>
  <testcase classname="com.CA.qa.TestCases.APITesting" name="testResponsecode" time="0.082"/>
  <system-out/>
  <testcase classname="com.CA.qa.TestCases.APITesting" name="testResponsecode" time="0.037"/>
  <system-out/>
  <testcase classname="com.CA.qa.TestCases.APITesting" name="testResponsecode" time="0.045"/>
  <system-out/>
  <testcase classname="com.CA.qa.TestCases.APITesting" name="testResponsecode" time="0.042"/>
  <system-out/>
  <testcase classname="com.CA.qa.TestCases.APITesting" name="testResponsecode" time="0.035"/>
  <system-out/>
  <testcase classname="com.CA.qa.TestCases.APITesting" name="testResponsecode" time="0.037"/>
  <system-out/>
  <testcase classname="com.CA.qa.TestCases.APITesting" name="testResponsecode" time="0.075"/>
  <system-out/>
  <testcase classname="com.CA.qa.TestCases.APITesting" name="testResponsecode" time="0.034"/>
  <system-out/>
  <testcase classname="com.CA.qa.TestCases.APITesting" name="testResponsecode" time="0.048"/>
  <system-out/>
  <testcase classname="com.CA.qa.TestCases.APITesting" name="testResponsecode" time="0.034"/>
  <system-out/>
  <testcase classname="com.CA.qa.TestCases.APITesting" name="testResponsecode" time="0.034"/>
  <system-out/>
  <testcase classname="com.CA.qa.TestCases.APITesting" name="testResponsecode" time="0.032"/>
  <system-out/>
  <testcase classname="com.CA.qa.TestCases.APITesting" name="testResponsecode" time="0.032"/>
  <system-out/>
  <testcase classname="com.CA.qa.TestCases.APITesting" name="testResponsecode" time="0.048"/>
  <system-out/>
  <testcase classname="com.CA.qa.TestCases.APITesting" name="testResponsecode" time="0.037"/>
  <system-out/>
  <testcase classname="com.CA.qa.TestCases.APITesting" name="testResponsecode" time="0.033"/>
  <system-out/>
  <testcase classname="com.CA.qa.TestCases.APITesting" name="testResponsecode" time="0.037"/>
  <system-out/>
  <testcase classname="com.CA.qa.TestCases.APITesting" name="testResponsecode" time="0.033"/>
  <system-out/>
  <testcase classname="com.CA.qa.TestCases.APITesting" name="testResponsecode" time="0.033"/>
  <system-out/>
  <testcase classname="com.CA.qa.TestCases.APITesting" name="testResponsecode" time="0.040"/>
  <system-out/>
  <testcase classname="com.CA.qa.TestCases.APITesting" name="testResponsecode" time="0.188"/>
  <system-out/>
  <testcase classname="com.CA.qa.TestCases.APITesting" name="testResponsecode" time="0.036"/>
  <system-out/>
  <testcase classname="com.CA.qa.TestCases.APITesting" name="testResponsecode" time="0.032"/>
  <system-out/>
  <testcase classname="com.CA.qa.TestCases.APITesting" name="testResponsecode" time="0.032"/>
  <system-out/>
  <testcase classname="com.CA.qa.TestCases.APITesting" name="testResponsecode" time="0.032"/>
  <system-out/>
  <testcase classname="com.CA.qa.TestCases.APITesting" name="testResponsecode" time="0.033"/>
  <system-out/>
  <testcase classname="com.CA.qa.TestCases.APITesting" name="testResponsecode" time="0.052"/>
  <system-out/>
  <testcase classname="com.CA.qa.TestCases.APITesting" name="testResponsecode" time="0.033"/>
  <system-out/>
  <testcase classname="com.CA.qa.TestCases.APITesting" name="testResponsecode" time="0.051"/>
  <system-out/>
  <testcase classname="com.CA.qa.TestCases.APITesting" name="testResponsecode" time="0.077"/>
  <system-out/>
  <testcase classname="com.CA.qa.TestCases.APITesting" name="testResponsecode" time="0.037"/>
  <system-out/>
  <testcase classname="com.CA.qa.TestCases.APITesting" name="testResponsecode" time="0.044"/>
  <system-out/>
  <testcase classname="com.CA.qa.TestCases.APITesting" name="testResponsecode" time="0.033"/>
  <system-out/>
  <testcase classname="com.CA.qa.TestCases.APITesting" name="testResponsecode" time="0.032"/>
  <system-out/>
  <testcase classname="com.CA.qa.TestCases.APITesting" name="testResponsecode" time="0.093"/>
  <system-out/>
  <testcase classname="com.CA.qa.TestCases.APITesting" name="testResponsecode" time="0.058"/>
  <system-out/>
  <testcase classname="com.CA.qa.TestCases.APITesting" name="testResponsecode" time="0.038"/>
  <system-out/>
  <testcase classname="com.CA.qa.TestCases.APITesting" name="testResponsecode" time="0.067"/>
  <system-out/>
  <testcase classname="com.CA.qa.TestCases.APITesting" name="testResponsecode" time="0.044"/>
  <system-out/>
  <testcase classname="com.CA.qa.TestCases.APITesting" name="testResponsecode" time="0.035"/>
  <system-out/>
  <testcase classname="com.CA.qa.TestCases.APITesting" name="testResponsecode" time="0.036"/>
  <system-out/>
  <testcase classname="com.CA.qa.TestCases.APITesting" name="testResponsecode" time="0.037"/>
  <system-out/>
  <testcase classname="com.CA.qa.TestCases.APITesting" name="testResponsecode" time="0.034"/>
  <system-out/>
  <testcase classname="com.CA.qa.TestCases.APITesting" name="testResponsecode" time="0.038"/>
  <system-out/>
  <testcase classname="com.CA.qa.TestCases.APITesting" name="testResponsecode" time="0.036"/>
  <system-out/>
  <testcase classname="com.CA.qa.TestCases.APITesting" name="testResponsecode" time="0.055"/>
  <system-out/>
  <testcase classname="com.CA.qa.TestCases.APITesting" name="testResponsecode" time="0.038"/>
  <system-out/>
  <testcase classname="com.CA.qa.TestCases.APITesting" name="testResponsecode" time="0.035"/>
  <system-out/>
  <testcase classname="com.CA.qa.TestCases.APITesting" name="testResponsecode" time="0.039"/>
  <system-out/>
  <testcase classname="com.CA.qa.TestCases.APITesting" name="testResponsecode" time="0.054"/>
  <system-out/>
  <testcase classname="com.CA.qa.TestCases.APITesting" name="testResponsecode" time="0.033"/>
  <system-out/>
  <testcase classname="com.CA.qa.TestCases.APITesting" name="testResponsecode" time="0.032"/>
  <system-out/>
  <testcase classname="com.CA.qa.TestCases.APITesting" name="testResponsecode" time="0.037"/>
  <system-out/>
  <testcase classname="com.CA.qa.TestCases.APITesting" name="testResponsecode" time="0.037"/>
  <system-out/>
  <testcase classname="com.CA.qa.TestCases.APITesting" name="testResponsecode" time="0.041"/>
  <system-out/>
  <testcase classname="com.CA.qa.TestCases.APITesting" name="testResponsecode" time="0.040"/>
  <system-out/>
  <testcase classname="com.CA.qa.TestCases.APITesting" name="testResponsecode" time="0.037"/>
  <system-out/>
  <testcase classname="com.CA.qa.TestCases.APITesting" name="testResponsecode" time="0.132"/>
  <system-out/>
  <testcase classname="com.CA.qa.TestCases.APITesting" name="testResponsecode" time="0.120"/>
  <system-out/>
  <testcase classname="com.CA.qa.TestCases.APITesting" name="testResponsecode" time="0.036"/>
  <system-out/>
  <testcase classname="com.CA.qa.TestCases.APITesting" name="testResponsecode" time="0.045"/>
  <system-out/>
  <testcase classname="com.CA.qa.TestCases.APITesting" name="testResponsecode" time="0.043"/>
  <system-out/>
  <testcase classname="com.CA.qa.TestCases.APITesting" name="testResponsecode" time="0.038"/>
  <system-out/>
  <testcase classname="com.CA.qa.TestCases.APITesting" name="testResponsecode" time="0.046"/>
  <system-out/>
  <testcase classname="com.CA.qa.TestCases.APITesting" name="testResponsecode" time="0.050"/>
  <system-out/>
  <testcase classname="com.CA.qa.TestCases.APITesting" name="testResponsecode" time="0.508"/>
  <system-out/>
  <testcase classname="com.CA.qa.TestCases.APITesting" name="testResponsecode" time="0.033"/>
  <system-out/>
  <testcase classname="com.CA.qa.TestCases.APITesting" name="testResponsecode" time="0.035"/>
  <system-out/>
  <testcase classname="com.CA.qa.TestCases.APITesting" name="testResponsecode" time="0.062"/>
  <system-out/>
  <testcase classname="com.CA.qa.TestCases.APITesting" name="testResponsecode" time="0.036"/>
  <system-out/>
  <testcase classname="com.CA.qa.TestCases.APITesting" name="testResponsecode" time="0.042"/>
  <system-out/>
  <testcase classname="com.CA.qa.TestCases.APITesting" name="testResponsecode" time="0.044"/>
  <system-out/>
  <testcase classname="com.CA.qa.TestCases.APITesting" name="testResponsecode" time="0.178"/>
  <system-out/>
  <testcase classname="com.CA.qa.TestCases.APITesting" name="testResponsecode" time="0.035"/>
  <system-out/>
  <testcase classname="com.CA.qa.TestCases.APITesting" name="testResponsecode" time="0.036"/>
  <system-out/>
  <testcase classname="com.CA.qa.TestCases.APITesting" name="testResponsecode" time="0.040"/>
  <system-out/>
  <testcase classname="com.CA.qa.TestCases.APITesting" name="testResponsecode" time="0.035"/>
  <system-out/>
  <testcase classname="com.CA.qa.TestCases.APITesting" name="testResponsecode" time="0.034"/>
  <system-out/>
  <testcase classname="com.CA.qa.TestCases.APITesting" name="testResponsecode" time="0.032"/>
  <system-out/>
  <testcase classname="com.CA.qa.TestCases.APITesting" name="testResponsecode" time="0.035"/>
  <system-out/>
  <testcase classname="com.CA.qa.TestCases.APITesting" name="testResponsecode" time="0.034"/>
  <system-out/>
  <testcase classname="com.CA.qa.TestCases.APITesting" name="testResponsecode" time="0.033"/>
  <system-out/>
  <testcase classname="com.CA.qa.TestCases.APITesting" name="testResponsecode" time="0.034"/>
  <system-out/>
  <testcase classname="com.CA.qa.TestCases.APITesting" name="testResponsecode" time="0.040"/>
  <system-out/>
  <testcase classname="com.CA.qa.TestCases.APITesting" name="testResponsecode" time="0.033"/>
  <system-out/>
  <testcase classname="com.CA.qa.TestCases.APITesting" name="testResponsecode" time="0.035"/>
  <system-out/>
  <testcase classname="com.CA.qa.TestCases.APITesting" name="testResponsecode" time="0.033"/>
  <system-out/>
  <testcase classname="com.CA.qa.TestCases.APITesting" name="testResponsecode" time="0.035"/>
  <system-out/>
  <testcase classname="com.CA.qa.TestCases.APITesting" name="testResponsecode" time="0.054"/>
  <system-out/>
  <testcase classname="com.CA.qa.TestCases.APITesting" name="testResponsecode" time="0.053"/>
  <system-out/>
  <testcase classname="com.CA.qa.TestCases.APITesting" name="testResponsecode" time="0.037"/>
  <system-out/>
  <testcase classname="com.CA.qa.TestCases.APITesting" name="testResponsecode" time="0.035"/>
  <system-out/>
  <testcase classname="com.CA.qa.TestCases.APITesting" name="testResponsecode" time="0.044"/>
  <system-out/>
  <testcase classname="com.CA.qa.TestCases.APITesting" name="testResponsecode" time="0.046"/>
  <system-out/>
  <testcase classname="com.CA.qa.TestCases.APITesting" name="testResponsecode" time="0.033"/>
  <system-out/>
  <testcase classname="com.CA.qa.TestCases.APITesting" name="testResponsecode" time="0.032"/>
  <system-out/>
  <testcase classname="com.CA.qa.TestCases.APITesting" name="testResponsecode" time="0.033"/>
  <system-out/>
  <testcase classname="com.CA.qa.TestCases.APITesting" name="testResponsecode" time="0.034"/>
  <system-out/>
  <testcase classname="com.CA.qa.TestCases.APITesting" name="testResponsecode" time="0.040"/>
  <system-out/>
  <testcase classname="com.CA.qa.TestCases.APITesting" name="testResponsecode" time="0.038"/>
  <system-out/>
  <testcase classname="com.CA.qa.TestCases.APITesting" name="testResponsecode" time="0.159"/>
  <system-out/>
  <testcase classname="com.CA.qa.TestCases.APITesting" name="testResponsecode" time="0.033"/>
  <system-out/>
  <testcase classname="com.CA.qa.TestCases.APITesting" name="testResponsecode" time="0.032"/>
  <system-out/>
  <testcase classname="com.CA.qa.TestCases.APITesting" name="testResponsecode" time="0.060"/>
  <system-out/>
  <testcase classname="com.CA.qa.TestCases.APITesting" name="testResponsecode" time="0.040"/>
  <system-out/>
  <testcase classname="com.CA.qa.TestCases.APITesting" name="testResponsecode" time="0.050"/>
  <system-out/>
  <testcase classname="com.CA.qa.TestCases.APITesting" name="testResponsecode" time="0.038"/>
  <system-out/>
  <testcase classname="com.CA.qa.TestCases.APITesting" name="testResponsecode" time="0.316"/>
  <system-out/>
  <testcase classname="com.CA.qa.TestCases.APITesting" name="testResponsecode" time="0.035"/>
  <system-out/>
  <testcase classname="com.CA.qa.TestCases.APITesting" name="testResponsecode" time="0.035"/>
  <system-out/>
  <testcase classname="com.CA.qa.TestCases.APITesting" name="testResponsecode" time="0.035"/>
  <system-out/>
  <testcase classname="com.CA.qa.TestCases.APITesting" name="testResponsecode" time="0.037"/>
  <system-out/>
  <testcase classname="com.CA.qa.TestCases.APITesting" name="testResponsecode" time="0.303"/>
  <system-out/>
  <testcase classname="com.CA.qa.TestCases.APITesting" name="testResponsecode" time="0.034"/>
  <system-out/>
  <testcase classname="com.CA.qa.TestCases.APITesting" name="testResponsecode" time="0.037"/>
  <system-out/>
  <testcase classname="com.CA.qa.TestCases.APITesting" name="testResponsecode" time="0.037"/>
  <system-out/>
  <testcase classname="com.CA.qa.TestCases.APITesting" name="testResponsecode" time="0.075"/>
  <system-out/>
  <testcase classname="com.CA.qa.TestCases.APITesting" name="testResponsecode" time="0.042"/>
  <system-out/>
  <testcase classname="com.CA.qa.TestCases.APITesting" name="testResponsecode" time="0.033"/>
  <system-out/>
  <testcase classname="com.CA.qa.TestCases.APITesting" name="testResponsecode" time="0.034"/>
  <system-out/>
  <testcase classname="com.CA.qa.TestCases.APITesting" name="testResponsecode" time="0.035"/>
  <system-out/>
  <testcase classname="com.CA.qa.TestCases.APITesting" name="testResponsecode" time="0.034"/>
  <system-out/>
  <testcase classname="com.CA.qa.TestCases.APITesting" name="testResponsecode" time="0.041"/>
  <system-out/>
  <testcase classname="com.CA.qa.TestCases.APITesting" name="testResponsecode" time="0.043"/>
  <system-out/>
  <testcase classname="com.CA.qa.TestCases.APITesting" name="testResponsecode" time="0.073"/>
  <system-out/>
  <testcase classname="com.CA.qa.TestCases.APITesting" name="testResponsecode" time="0.034"/>
  <system-out/>
  <testcase classname="com.CA.qa.TestCases.APITesting" name="testResponsecode" time="0.047"/>
  <system-out/>
  <testcase classname="com.CA.qa.TestCases.APITesting" name="testResponsecode" time="0.035"/>
  <system-out/>
  <testcase classname="com.CA.qa.TestCases.APITesting" name="testResponsecode" time="0.041"/>
  <system-out/>
  <testcase classname="com.CA.qa.TestCases.APITesting" name="testResponsecode" time="0.055"/>
  <system-out/>
  <testcase classname="com.CA.qa.TestCases.APITesting" name="testResponsecode" time="0.042"/>
  <system-out/>
  <testcase classname="com.CA.qa.TestCases.APITesting" name="testResponsecode" time="0.035"/>
  <system-out/>
  <testcase classname="com.CA.qa.TestCases.APITesting" name="testResponsecode" time="0.032"/>
  <system-out/>
  <testcase classname="com.CA.qa.TestCases.APITesting" name="testResponsecode" time="0.050"/>
  <system-out/>
  <testcase classname="com.CA.qa.TestCases.APITesting" name="testResponsecode" time="0.049"/>
  <system-out/>
  <testcase classname="com.CA.qa.TestCases.APITesting" name="testResponsecode" time="0.038"/>
  <system-out/>
  <testcase classname="com.CA.qa.TestCases.APITesting" name="testResponsecode" time="0.033"/>
  <system-out/>
  <testcase classname="com.CA.qa.TestCases.APITesting" name="testResponsecode" time="0.054"/>
  <system-out/>
  <testcase classname="com.CA.qa.TestCases.APITesting" name="testResponsecode" time="0.042"/>
  <system-out/>
  <testcase classname="com.CA.qa.TestCases.APITesting" name="testResponsecode" time="0.036"/>
  <system-out/>
  <testcase classname="com.CA.qa.TestCases.APITesting" name="testResponsecode" time="0.035"/>
  <system-out/>
  <testcase classname="com.CA.qa.TestCases.APITesting" name="testResponsecode" time="0.175"/>
  <system-out/>
  <testcase classname="com.CA.qa.TestCases.APITesting" name="testResponsecode" time="0.050"/>
  <system-out/>
  <testcase classname="com.CA.qa.TestCases.APITesting" name="testResponsecode" time="0.037"/>
  <system-out/>
  <testcase classname="com.CA.qa.TestCases.APITesting" name="testResponsecode" time="0.037"/>
  <system-out/>
  <testcase classname="com.CA.qa.TestCases.APITesting" name="testResponsecode" time="0.094"/>
  <system-out/>
  <testcase classname="com.CA.qa.TestCases.APITesting" name="testResponsecode" time="0.034"/>
  <system-out/>
  <testcase classname="com.CA.qa.TestCases.APITesting" name="testResponsecode" time="0.033"/>
  <system-out/>
  <testcase classname="com.CA.qa.TestCases.APITesting" name="testResponsecode" time="0.033"/>
  <system-out/>
  <testcase classname="com.CA.qa.TestCases.APITesting" name="testResponsecode" time="0.204"/>
  <system-out/>
  <testcase classname="com.CA.qa.TestCases.APITesting" name="testResponsecode" time="0.036"/>
  <system-out/>
  <testcase classname="com.CA.qa.TestCases.APITesting" name="testResponsecode" time="0.032"/>
  <system-out/>
  <testcase classname="com.CA.qa.TestCases.APITesting" name="testResponsecode" time="0.059"/>
  <system-out/>
  <testcase classname="com.CA.qa.TestCases.APITesting" name="testResponsecode" time="0.046"/>
  <system-out/>
  <testcase classname="com.CA.qa.TestCases.APITesting" name="testResponsecode" time="0.037"/>
  <system-out/>
  <testcase classname="com.CA.qa.TestCases.APITesting" name="testResponsecode" time="0.040"/>
  <system-out/>
  <testcase classname="com.CA.qa.TestCases.APITesting" name="testResponsecode" time="0.033"/>
  <system-out/>
  <testcase classname="com.CA.qa.TestCases.APITesting" name="testResponsecode" time="0.033"/>
  <system-out/>
  <testcase classname="com.CA.qa.TestCases.APITesting" name="testResponsecode" time="0.032"/>
  <system-out/>
  <testcase classname="com.CA.qa.TestCases.APITesting" name="testResponsecode" time="0.035"/>
  <system-out/>
  <testcase classname="com.CA.qa.TestCases.APITesting" name="testResponsecode" time="0.033"/>
  <system-out/>
  <testcase classname="com.CA.qa.TestCases.APITesting" name="testResponsecode" time="0.039"/>
  <system-out/>
  <testcase classname="com.CA.qa.TestCases.APITesting" name="testResponsecode" time="0.036"/>
  <system-out/>
  <testcase classname="com.CA.qa.TestCases.APITesting" name="testResponsecode" time="0.037"/>
  <system-out/>
  <testcase classname="com.CA.qa.TestCases.APITesting" name="testResponsecode" time="0.033"/>
  <system-out/>
  <testcase classname="com.CA.qa.TestCases.APITesting" name="testResponsecode" time="0.038"/>
  <system-out/>
  <testcase classname="com.CA.qa.TestCases.APITesting" name="testResponsecode" time="0.039"/>
  <system-out/>
  <testcase classname="com.CA.qa.TestCases.APITesting" name="testResponsecode" time="0.037"/>
  <system-out/>
  <testcase classname="com.CA.qa.TestCases.APITesting" name="testResponsecode" time="0.036"/>
  <system-out/>
  <testcase classname="com.CA.qa.TestCases.APITesting" name="testResponsecode" time="0.198"/>
  <system-out/>
  <testcase classname="com.CA.qa.TestCases.APITesting" name="testResponsecode" time="0.089"/>
  <system-out/>
  <testcase classname="com.CA.qa.TestCases.APITesting" name="testResponsecode" time="0.777"/>
  <system-out/>
  <testcase classname="com.CA.qa.TestCases.APITesting" name="testResponsecode" time="0.036"/>
  <system-out/>
  <testcase classname="com.CA.qa.TestCases.APITesting" name="testResponsecode" time="0.036"/>
  <system-out/>
  <testcase classname="com.CA.qa.TestCases.APITesting" name="testResponsecode" time="0.037"/>
  <system-out/>
  <testcase classname="com.CA.qa.TestCases.APITesting" name="testResponsecode" time="0.039"/>
  <system-out/>
  <testcase classname="com.CA.qa.TestCases.APITesting" name="testResponsecode" time="0.038"/>
  <system-out/>
  <testcase classname="com.CA.qa.TestCases.APITesting" name="testResponsecode" time="0.134"/>
  <system-out/>
  <testcase classname="com.CA.qa.TestCases.APITesting" name="testResponsecode" time="0.036"/>
  <system-out/>
  <testcase classname="com.CA.qa.TestCases.APITesting" name="testResponsecode" time="0.035"/>
  <system-out/>
  <testcase classname="com.CA.qa.TestCases.APITesting" name="testResponsecode" time="0.220"/>
  <system-out/>
  <testcase classname="com.CA.qa.TestCases.APITesting" name="testResponsecode" time="0.033"/>
  <system-out/>
  <testcase classname="com.CA.qa.TestCases.APITesting" name="testResponsecode" time="0.045"/>
  <system-out/>
  <testcase classname="com.CA.qa.TestCases.APITesting" name="testResponsecode" time="0.032"/>
  <system-out/>
  <testcase classname="com.CA.qa.TestCases.APITesting" name="testResponsecode" time="0.043"/>
  <system-out/>
  <testcase classname="com.CA.qa.TestCases.APITesting" name="testResponsecode" time="0.045"/>
  <system-out/>
  <testcase classname="com.CA.qa.TestCases.APITesting" name="testResponsecode" time="0.142"/>
  <system-out/>
  <testcase classname="com.CA.qa.TestCases.APITesting" name="testResponsecode" time="0.041"/>
  <system-out/>
  <testcase classname="com.CA.qa.TestCases.APITesting" name="testResponsecode" time="0.033"/>
  <system-out/>
  <testcase classname="com.CA.qa.TestCases.APITesting" name="testResponsecode" time="0.039"/>
  <system-out/>
  <testcase classname="com.CA.qa.TestCases.APITesting" name="testResponsecode" time="0.035"/>
  <system-out/>
  <testcase classname="com.CA.qa.TestCases.APITesting" name="testResponsecode" time="0.035"/>
  <system-out/>
  <testcase classname="com.CA.qa.TestCases.APITesting" name="testResponsecode" time="0.033"/>
  <system-out/>
  <testcase classname="com.CA.qa.TestCases.APITesting" name="testResponsecode" time="0.034"/>
  <system-out/>
  <testcase classname="com.CA.qa.TestCases.APITesting" name="testResponsecode" time="0.034"/>
  <system-out/>
  <testcase classname="com.CA.qa.TestCases.APITesting" name="testResponsecode" time="0.034"/>
  <system-out/>
  <testcase classname="com.CA.qa.TestCases.APITesting" name="testResponsecode" time="1.003"/>
  <system-out/>
  <testcase classname="com.CA.qa.TestCases.APITesting" name="testResponsecode" time="0.033"/>
  <system-out/>
  <testcase classname="com.CA.qa.TestCases.APITesting" name="testResponsecode" time="0.032"/>
  <system-out/>
  <testcase classname="com.CA.qa.TestCases.APITesting" name="testResponsecode" time="0.036"/>
  <system-out/>
  <testcase classname="com.CA.qa.TestCases.APITesting" name="testResponsecode" time="0.145"/>
  <system-out/>
  <testcase classname="com.CA.qa.TestCases.APITesting" name="testResponsecode" time="0.035"/>
  <system-out/>
  <testcase classname="com.CA.qa.TestCases.APITesting" name="testResponsecode" time="0.041"/>
  <system-out/>
  <testcase classname="com.CA.qa.TestCases.APITesting" name="testResponsecode" time="0.032"/>
  <system-out/>
  <testcase classname="com.CA.qa.TestCases.APITesting" name="testResponsecode" time="0.042"/>
  <system-out/>
  <testcase classname="com.CA.qa.TestCases.APITesting" name="testResponsecode" time="0.037"/>
  <system-out/>
  <testcase classname="com.CA.qa.TestCases.APITesting" name="testResponsecode" time="0.032"/>
  <system-out/>
  <testcase classname="com.CA.qa.TestCases.APITesting" name="testResponsecode" time="0.033"/>
  <system-out/>
  <testcase classname="com.CA.qa.TestCases.APITesting" name="testResponsecode" time="0.042"/>
  <system-out/>
  <testcase classname="com.CA.qa.TestCases.APITesting" name="testResponsecode" time="0.044"/>
  <system-out/>
  <testcase classname="com.CA.qa.TestCases.APITesting" name="testResponsecode" time="0.041"/>
  <system-out/>
  <testcase classname="com.CA.qa.TestCases.APITesting" name="testResponsecode" time="0.031"/>
  <system-out/>
  <testcase classname="com.CA.qa.TestCases.APITesting" name="testResponsecode" time="0.039"/>
  <system-out/>
  <testcase classname="com.CA.qa.TestCases.APITesting" name="testResponsecode" time="0.032"/>
  <system-out/>
  <testcase classname="com.CA.qa.TestCases.APITesting" name="testResponsecode" time="0.034"/>
  <system-out/>
  <testcase classname="com.CA.qa.TestCases.APITesting" name="testResponsecode" time="0.087"/>
  <system-out/>
  <testcase classname="com.CA.qa.TestCases.APITesting" name="testResponsecode" time="0.033"/>
  <system-out/>
  <testcase classname="com.CA.qa.TestCases.APITesting" name="testResponsecode" time="0.049"/>
  <system-out/>
  <testcase classname="com.CA.qa.TestCases.APITesting" name="testResponsecode" time="0.035"/>
  <system-out/>
  <testcase classname="com.CA.qa.TestCases.APITesting" name="testResponsecode" time="0.045"/>
  <system-out/>
  <testcase classname="com.CA.qa.TestCases.APITesting" name="testResponsecode" time="0.034"/>
  <system-out/>
  <testcase classname="com.CA.qa.TestCases.APITesting" name="testResponsecode" time="0.049"/>
  <system-out/>
  <testcase classname="com.CA.qa.TestCases.APITesting" name="testResponsecode" time="0.034"/>
  <system-out/>
  <testcase classname="com.CA.qa.TestCases.APITesting" name="testResponsecode" time="0.032"/>
  <system-out/>
  <testcase classname="com.CA.qa.TestCases.APITesting" name="testResponsecode" time="0.039"/>
  <system-out/>
  <testcase classname="com.CA.qa.TestCases.APITesting" name="testResponsecode" time="0.045"/>
  <system-out/>
  <testcase classname="com.CA.qa.TestCases.APITesting" name="testResponsecode" time="0.039"/>
  <system-out/>
  <testcase classname="com.CA.qa.TestCases.APITesting" name="testResponsecode" time="0.034"/>
  <system-out/>
  <testcase classname="com.CA.qa.TestCases.APITesting" name="testResponsecode" time="0.061"/>
  <system-out/>
  <testcase classname="com.CA.qa.TestCases.APITesting" name="testResponsecode" time="0.033"/>
  <system-out/>
  <testcase classname="com.CA.qa.TestCases.APITesting" name="testResponsecode" time="1.004"/>
  <system-out/>
  <testcase classname="com.CA.qa.TestCases.APITesting" name="testResponsecode" time="0.038"/>
  <system-out/>
  <testcase classname="com.CA.qa.TestCases.APITesting" name="testResponsecode" time="0.035"/>
  <system-out/>
  <testcase classname="com.CA.qa.TestCases.APITesting" name="testResponsecode" time="0.031"/>
  <system-out/>
  <testcase classname="com.CA.qa.TestCases.APITesting" name="testResponsecode" time="0.034"/>
  <system-out/>
  <testcase classname="com.CA.qa.TestCases.APITesting" name="testResponsecode" time="0.033"/>
  <system-out/>
  <testcase classname="com.CA.qa.TestCases.APITesting" name="testResponsecode" time="0.032"/>
  <system-out/>
  <testcase classname="com.CA.qa.TestCases.APITesting" name="testResponsecode" time="0.035"/>
  <system-out/>
  <testcase classname="com.CA.qa.TestCases.APITesting" name="testResponsecode" time="0.038"/>
  <system-out/>
  <testcase classname="com.CA.qa.TestCases.APITesting" name="testResponsecode" time="0.041"/>
  <system-out/>
  <testcase classname="com.CA.qa.TestCases.APITesting" name="testResponsecode" time="0.041"/>
  <system-out/>
  <testcase classname="com.CA.qa.TestCases.APITesting" name="testResponsecode" time="0.037"/>
  <system-out/>
  <testcase classname="com.CA.qa.TestCases.APITesting" name="testResponsecode" time="0.034"/>
  <system-out/>
  <testcase classname="com.CA.qa.TestCases.APITesting" name="testResponsecode" time="0.039"/>
  <system-out/>
  <testcase classname="com.CA.qa.TestCases.APITesting" name="testResponsecode" time="0.033"/>
  <system-out/>
  <testcase classname="com.CA.qa.TestCases.APITesting" name="testResponsecode" time="0.036"/>
  <system-out/>
  <testcase classname="com.CA.qa.TestCases.APITesting" name="testResponsecode" time="0.033"/>
  <system-out/>
  <testcase classname="com.CA.qa.TestCases.APITesting" name="testResponsecode" time="0.038"/>
  <system-out/>
  <testcase classname="com.CA.qa.TestCases.APITesting" name="testResponsecode" time="0.033"/>
  <system-out/>
  <testcase classname="com.CA.qa.TestCases.APITesting" name="testResponsecode" time="0.035"/>
  <system-out/>
  <testcase classname="com.CA.qa.TestCases.APITesting" name="testResponsecode" time="0.034"/>
  <system-out/>
  <testcase classname="com.CA.qa.TestCases.APITesting" name="testResponsecode" time="0.047"/>
  <system-out/>
  <testcase classname="com.CA.qa.TestCases.APITesting" name="testResponsecode" time="0.156"/>
  <system-out/>
  <testcase classname="com.CA.qa.TestCases.APITesting" name="testResponsecode" time="0.032"/>
  <system-out/>
  <testcase classname="com.CA.qa.TestCases.APITesting" name="testResponsecode" time="0.034"/>
  <system-out/>
  <testcase classname="com.CA.qa.TestCases.APITesting" name="testResponsecode" time="0.042"/>
  <system-out/>
  <testcase classname="com.CA.qa.TestCases.APITesting" name="testResponsecode" time="0.040"/>
  <system-out/>
  <testcase classname="com.CA.qa.TestCases.APITesting" name="testResponsecode" time="0.032"/>
  <system-out/>
  <testcase classname="com.CA.qa.TestCases.APITesting" name="testResponsecode" time="0.033"/>
  <system-out/>
  <testcase classname="com.CA.qa.TestCases.APITesting" name="testResponsecode" time="0.038"/>
  <system-out/>
  <testcase classname="com.CA.qa.TestCases.APITesting" name="testResponsecode" time="0.162"/>
  <system-out/>
  <testcase classname="com.CA.qa.TestCases.APITesting" name="testResponsecode" time="0.037"/>
  <system-out/>
  <testcase classname="com.CA.qa.TestCases.APITesting" name="testResponsecode" time="0.033"/>
  <system-out/>
  <testcase classname="com.CA.qa.TestCases.APITesting" name="testResponsecode" time="0.059"/>
  <system-out/>
  <testcase classname="com.CA.qa.TestCases.APITesting" name="testResponsecode" time="0.970"/>
  <system-out/>
  <testcase classname="com.CA.qa.TestCases.APITesting" name="testResponsecode" time="0.044"/>
  <system-out/>
  <testcase classname="com.CA.qa.TestCases.APITesting" name="testResponsecode" time="0.036"/>
  <system-out/>
  <testcase classname="com.CA.qa.TestCases.APITesting" name="testResponsecode" time="0.036"/>
  <system-out/>
  <testcase classname="com.CA.qa.TestCases.APITesting" name="testResponsecode" time="0.036"/>
  <system-out/>
  <testcase classname="com.CA.qa.TestCases.APITesting" name="testResponsecode" time="0.053"/>
  <system-out/>
  <testcase classname="com.CA.qa.TestCases.APITesting" name="testResponsecode" time="0.042"/>
  <system-out/>
  <testcase classname="com.CA.qa.TestCases.APITesting" name="testResponsecode" time="0.035"/>
  <system-out/>
  <testcase classname="com.CA.qa.TestCases.APITesting" name="testResponsecode" time="0.182"/>
  <system-out/>
  <testcase classname="com.CA.qa.TestCases.APITesting" name="testResponsecode" time="0.033"/>
  <system-out/>
  <testcase classname="com.CA.qa.TestCases.APITesting" name="testResponsecode" time="0.034"/>
  <system-out/>
  <testcase classname="com.CA.qa.TestCases.APITesting" name="testResponsecode" time="0.033"/>
  <system-out/>
  <testcase classname="com.CA.qa.TestCases.APITesting" name="testResponsecode" time="0.034"/>
  <system-out/>
  <testcase classname="com.CA.qa.TestCases.APITesting" name="testResponsecode" time="0.035"/>
  <system-out/>
  <testcase classname="com.CA.qa.TestCases.APITesting" name="testResponsecode" time="0.035"/>
  <system-out/>
  <testcase classname="com.CA.qa.TestCases.APITesting" name="testResponsecode" time="0.034"/>
  <system-out/>
  <testcase classname="com.CA.qa.TestCases.APITesting" name="testResponsecode" time="0.036"/>
  <system-out/>
  <testcase classname="com.CA.qa.TestCases.APITesting" name="testResponsecode" time="0.040"/>
  <system-out/>
  <testcase classname="com.CA.qa.TestCases.APITesting" name="testResponsecode" time="0.047"/>
  <system-out/>
  <testcase classname="com.CA.qa.TestCases.APITesting" name="testResponsecode" time="0.037"/>
  <system-out/>
  <testcase classname="com.CA.qa.TestCases.APITesting" name="testResponsecode" time="0.033"/>
  <system-out/>
  <testcase classname="com.CA.qa.TestCases.APITesting" name="testResponsecode" time="0.034"/>
  <system-out/>
  <testcase classname="com.CA.qa.TestCases.APITesting" name="testResponsecode" time="0.038"/>
  <system-out/>
  <testcase classname="com.CA.qa.TestCases.APITesting" name="testResponsecode" time="0.033"/>
  <system-out/>
  <testcase classname="com.CA.qa.TestCases.APITesting" name="testResponsecode" time="0.033"/>
  <system-out/>
  <testcase classname="com.CA.qa.TestCases.APITesting" name="testResponsecode" time="0.324"/>
  <system-out/>
  <testcase classname="com.CA.qa.TestCases.APITesting" name="testResponsecode" time="0.038"/>
  <system-out/>
  <testcase classname="com.CA.qa.TestCases.APITesting" name="testResponsecode" time="0.033"/>
  <system-out/>
  <testcase classname="com.CA.qa.TestCases.APITesting" name="testResponsecode" time="0.035"/>
  <system-out/>
  <testcase classname="com.CA.qa.TestCases.APITesting" name="testResponsecode" time="0.034"/>
  <system-out/>
  <testcase classname="com.CA.qa.TestCases.APITesting" name="testResponsecode" time="0.041"/>
  <system-out/>
  <testcase classname="com.CA.qa.TestCases.APITesting" name="testResponsecode" time="0.038"/>
  <system-out/>
  <testcase classname="com.CA.qa.TestCases.APITesting" name="testResponsecode" time="0.036"/>
  <system-out/>
  <testcase classname="com.CA.qa.TestCases.APITesting" name="testResponsecode" time="0.032"/>
  <system-out/>
  <testcase classname="com.CA.qa.TestCases.APITesting" name="testResponsecode" time="0.034"/>
  <system-out/>
  <testcase classname="com.CA.qa.TestCases.APITesting" name="testResponsecode" time="0.045"/>
  <system-out/>
  <testcase classname="com.CA.qa.TestCases.APITesting" name="testResponsecode" time="0.112"/>
  <system-out/>
  <testcase classname="com.CA.qa.TestCases.APITesting" name="testResponsecode" time="0.048"/>
  <system-out/>
  <testcase classname="com.CA.qa.TestCases.APITesting" name="testResponsecode" time="0.032"/>
  <system-out/>
  <testcase classname="com.CA.qa.TestCases.APITesting" name="testResponsecode" time="0.035"/>
  <system-out/>
  <testcase classname="com.CA.qa.TestCases.APITesting" name="testResponsecode" time="0.037"/>
  <system-out/>
  <testcase classname="com.CA.qa.TestCases.APITesting" name="testResponsecode" time="0.037"/>
  <system-out/>
  <testcase classname="com.CA.qa.TestCases.APITesting" name="testResponsecode" time="0.034"/>
  <system-out/>
  <testcase classname="com.CA.qa.TestCases.APITesting" name="testResponsecode" time="0.098"/>
  <system-out/>
  <testcase classname="com.CA.qa.TestCases.APITesting" name="testResponsecode" time="0.538"/>
  <system-out/>
  <testcase classname="com.CA.qa.TestCases.APITesting" name="testResponsecode" time="0.038"/>
  <system-out/>
  <testcase classname="com.CA.qa.TestCases.APITesting" name="testResponsecode" time="0.033"/>
  <system-out/>
  <testcase classname="com.CA.qa.TestCases.APITesting" name="testResponsecode" time="0.032"/>
  <system-out/>
  <testcase classname="com.CA.qa.TestCases.APITesting" name="testResponsecode" time="0.033"/>
  <system-out/>
  <testcase classname="com.CA.qa.TestCases.APITesting" name="testResponsecode" time="0.032"/>
  <system-out/>
  <testcase classname="com.CA.qa.TestCases.APITesting" name="testResponsecode" time="0.036"/>
  <system-out/>
  <testcase classname="com.CA.qa.TestCases.APITesting" name="testResponsecode" time="0.033"/>
  <system-out/>
  <testcase classname="com.CA.qa.TestCases.APITesting" name="testResponsecode" time="0.209"/>
  <system-out/>
  <testcase classname="com.CA.qa.TestCases.APITesting" name="testResponsecode" time="0.037"/>
  <system-out/>
  <testcase classname="com.CA.qa.TestCases.APITesting" name="testResponsecode" time="0.033"/>
  <system-out/>
  <testcase classname="com.CA.qa.TestCases.APITesting" name="testResponsecode" time="0.035"/>
  <system-out/>
  <testcase classname="com.CA.qa.TestCases.APITesting" name="testResponsecode" time="0.038"/>
  <system-out/>
  <testcase classname="com.CA.qa.TestCases.APITesting" name="testResponsecode" time="0.033"/>
  <system-out/>
  <testcase classname="com.CA.qa.TestCases.APITesting" name="testResponsecode" time="0.038"/>
  <system-out/>
  <testcase classname="com.CA.qa.TestCases.APITesting" name="testResponsecode" time="0.036"/>
  <system-out/>
  <testcase classname="com.CA.qa.TestCases.APITesting" name="testResponsecode" time="0.046"/>
  <system-out/>
  <testcase classname="com.CA.qa.TestCases.APITesting" name="testResponsecode" time="0.039"/>
  <system-out/>
  <testcase classname="com.CA.qa.TestCases.APITesting" name="testResponsecode" time="0.035"/>
  <system-out/>
  <testcase classname="com.CA.qa.TestCases.APITesting" name="testResponsecode" time="0.089"/>
  <system-out/>
  <testcase classname="com.CA.qa.TestCases.APITesting" name="testResponsecode" time="0.034"/>
  <system-out/>
  <testcase classname="com.CA.qa.TestCases.APITesting" name="testResponsecode" time="0.077"/>
  <system-out/>
  <testcase classname="com.CA.qa.TestCases.APITesting" name="testResponsecode" time="0.033"/>
  <system-out/>
  <testcase classname="com.CA.qa.TestCases.APITesting" name="testResponsecode" time="0.176"/>
  <system-out/>
  <testcase classname="com.CA.qa.TestCases.APITesting" name="testResponsecode" time="0.132"/>
  <system-out/>
  <testcase classname="com.CA.qa.TestCases.APITesting" name="testResponsecode" time="0.033"/>
  <system-out/>
  <testcase classname="com.CA.qa.TestCases.APITesting" name="testResponsecode" time="0.039"/>
  <system-out/>
  <testcase classname="com.CA.qa.TestCases.APITesting" name="testResponsecode" time="0.045"/>
  <system-out/>
  <testcase classname="com.CA.qa.TestCases.APITesting" name="testResponsecode" time="0.036"/>
  <system-out/>
  <testcase classname="com.CA.qa.TestCases.APITesting" name="testResponsecode" time="0.034"/>
  <system-out/>
  <testcase classname="com.CA.qa.TestCases.APITesting" name="testResponsecode" time="0.032"/>
  <system-out/>
  <testcase classname="com.CA.qa.TestCases.APITesting" name="testResponsecode" time="0.033"/>
  <system-out/>
  <testcase classname="com.CA.qa.TestCases.APITesting" name="testResponsecode" time="0.034"/>
  <system-out/>
  <testcase classname="com.CA.qa.TestCases.APITesting" name="testResponsecode" time="0.033"/>
  <system-out/>
  <testcase classname="com.CA.qa.TestCases.APITesting" name="testResponsecode" time="0.039"/>
  <system-out/>
  <testcase classname="com.CA.qa.TestCases.APITesting" name="testResponsecode" time="0.839"/>
  <system-out/>
  <testcase classname="com.CA.qa.TestCases.APITesting" name="testResponsecode" time="0.083"/>
  <system-out/>
  <testcase classname="com.CA.qa.TestCases.APITesting" name="testResponsecode" time="0.034"/>
  <system-out/>
  <testcase classname="com.CA.qa.TestCases.APITesting" name="testResponsecode" time="0.035"/>
  <system-out/>
  <testcase classname="com.CA.qa.TestCases.APITesting" name="testResponsecode" time="0.060"/>
  <system-out/>
  <testcase classname="com.CA.qa.TestCases.APITesting" name="testResponsecode" time="0.041"/>
  <system-out/>
  <testcase classname="com.CA.qa.TestCases.APITesting" name="testResponsecode" time="0.035"/>
  <system-out/>
  <testcase classname="com.CA.qa.TestCases.APITesting" name="testResponsecode" time="0.380"/>
  <system-out/>
  <testcase classname="com.CA.qa.TestCases.APITesting" name="testResponsecode" time="0.143"/>
  <system-out/>
  <testcase classname="com.CA.qa.TestCases.APITesting" name="testResponsecode" time="0.038"/>
  <system-out/>
  <testcase classname="com.CA.qa.TestCases.APITesting" name="testResponsecode" time="0.037"/>
  <system-out/>
  <testcase classname="com.CA.qa.TestCases.APITesting" name="testResponsecode" time="0.033"/>
  <system-out/>
  <testcase classname="com.CA.qa.TestCases.APITesting" name="testResponsecode" time="0.034"/>
  <system-out/>
  <testcase classname="com.CA.qa.TestCases.APITesting" name="testResponsecode" time="0.031"/>
  <system-out/>
  <testcase classname="com.CA.qa.TestCases.APITesting" name="testResponsecode" time="0.041"/>
  <system-out/>
  <testcase classname="com.CA.qa.TestCases.APITesting" name="testResponsecode" time="0.033"/>
  <system-out/>
  <testcase classname="com.CA.qa.TestCases.APITesting" name="testResponsecode" time="0.043"/>
  <system-out/>
  <testcase classname="com.CA.qa.TestCases.APITesting" name="testResponsecode" time="0.041"/>
  <system-out/>
  <testcase classname="com.CA.qa.TestCases.APITesting" name="testResponsecode" time="0.032"/>
  <system-out/>
  <testcase classname="com.CA.qa.TestCases.APITesting" name="testResponsecode" time="0.044"/>
  <system-out/>
  <testcase classname="com.CA.qa.TestCases.APITesting" name="testResponsecode" time="0.035"/>
  <system-out/>
  <testcase classname="com.CA.qa.TestCases.APITesting" name="testResponsecode" time="0.054"/>
  <system-out/>
  <testcase classname="com.CA.qa.TestCases.APITesting" name="testResponsecode" time="0.036"/>
  <system-out/>
  <testcase classname="com.CA.qa.TestCases.APITesting" name="testResponsecode" time="0.031"/>
  <system-out/>
  <testcase classname="com.CA.qa.TestCases.APITesting" name="testResponsecode" time="0.037"/>
  <system-out/>
  <testcase classname="com.CA.qa.TestCases.APITesting" name="testResponsecode" time="0.035"/>
  <system-out/>
  <testcase classname="com.CA.qa.TestCases.APITesting" name="testResponsecode" time="0.038"/>
  <system-out/>
  <testcase classname="com.CA.qa.TestCases.APITesting" name="testResponsecode" time="0.033"/>
  <system-out/>
  <testcase classname="com.CA.qa.TestCases.APITesting" name="testResponsecode" time="0.031"/>
  <system-out/>
  <testcase classname="com.CA.qa.TestCases.APITesting" name="testResponsecode" time="0.037"/>
  <system-out/>
  <testcase classname="com.CA.qa.TestCases.APITesting" name="testResponsecode" time="0.034"/>
  <system-out/>
  <testcase classname="com.CA.qa.TestCases.APITesting" name="testResponsecode" time="0.035"/>
  <system-out/>
  <testcase classname="com.CA.qa.TestCases.APITesting" name="testResponsecode" time="0.033"/>
  <system-out/>
  <testcase classname="com.CA.qa.TestCases.APITesting" name="testResponsecode" time="0.035"/>
  <system-out/>
  <testcase classname="com.CA.qa.TestCases.APITesting" name="testResponsecode" time="0.037"/>
  <system-out/>
  <testcase classname="com.CA.qa.TestCases.APITesting" name="testResponsecode" time="0.039"/>
  <system-out/>
  <testcase classname="com.CA.qa.TestCases.APITesting" name="testResponsecode" time="0.036"/>
  <system-out/>
  <testcase classname="com.CA.qa.TestCases.APITesting" name="testResponsecode" time="0.093"/>
  <system-out/>
  <testcase classname="com.CA.qa.TestCases.APITesting" name="testResponsecode" time="0.043"/>
  <system-out/>
  <testcase classname="com.CA.qa.TestCases.APITesting" name="testResponsecode" time="0.042"/>
  <system-out/>
  <testcase classname="com.CA.qa.TestCases.APITesting" name="testResponsecode" time="0.038"/>
  <system-out/>
  <testcase classname="com.CA.qa.TestCases.APITesting" name="testResponsecode" time="0.056"/>
  <system-out/>
  <testcase classname="com.CA.qa.TestCases.APITesting" name="testResponsecode" time="0.035"/>
  <system-out/>
  <testcase classname="com.CA.qa.TestCases.APITesting" name="testResponsecode" time="0.033"/>
  <system-out/>
  <testcase classname="com.CA.qa.TestCases.APITesting" name="testResponsecode" time="0.036"/>
  <system-out/>
  <testcase classname="com.CA.qa.TestCases.APITesting" name="testResponsecode" time="0.035"/>
  <system-out/>
  <testcase classname="com.CA.qa.TestCases.APITesting" name="testResponsecode" time="0.036"/>
  <system-out/>
  <testcase classname="com.CA.qa.TestCases.APITesting" name="testResponsecode" time="0.032"/>
  <system-out/>
  <testcase classname="com.CA.qa.TestCases.APITesting" name="testResponsecode" time="0.034"/>
  <system-out/>
  <testcase classname="com.CA.qa.TestCases.APITesting" name="testResponsecode" time="0.181"/>
  <system-out/>
  <testcase classname="com.CA.qa.TestCases.APITesting" name="testResponsecode" time="0.035"/>
  <system-out/>
  <testcase classname="com.CA.qa.TestCases.APITesting" name="testResponsecode" time="0.036"/>
  <system-out/>
  <testcase classname="com.CA.qa.TestCases.APITesting" name="testResponsecode" time="0.034"/>
  <system-out/>
  <testcase classname="com.CA.qa.TestCases.APITesting" name="testResponsecode" time="0.949"/>
  <system-out/>
  <testcase classname="com.CA.qa.TestCases.APITesting" name="testResponsecode" time="0.036"/>
  <system-out/>
  <testcase classname="com.CA.qa.TestCases.APITesting" name="testResponsecode" time="0.037"/>
  <system-out/>
  <testcase classname="com.CA.qa.TestCases.APITesting" name="testResponsecode" time="0.032"/>
  <system-out/>
  <testcase classname="com.CA.qa.TestCases.APITesting" name="testResponsecode" time="0.046"/>
  <system-out/>
  <testcase classname="com.CA.qa.TestCases.APITesting" name="testResponsecode" time="0.057"/>
  <system-out/>
  <testcase classname="com.CA.qa.TestCases.APITesting" name="testResponsecode" time="0.038"/>
  <system-out/>
  <testcase classname="com.CA.qa.TestCases.APITesting" name="testResponsecode" time="0.035"/>
  <system-out/>
  <testcase classname="com.CA.qa.TestCases.APITesting" name="testResponsecode" time="0.044"/>
  <system-out/>
  <testcase classname="com.CA.qa.TestCases.APITesting" name="testResponsecode" time="0.032"/>
  <system-out/>
  <testcase classname="com.CA.qa.TestCases.APITesting" name="testResponsecode" time="0.034"/>
  <system-out/>
  <testcase classname="com.CA.qa.TestCases.APITesting" name="testResponsecode" time="0.068"/>
  <system-out/>
  <testcase classname="com.CA.qa.TestCases.APITesting" name="testResponsecode" time="0.040"/>
  <system-out/>
  <testcase classname="com.CA.qa.TestCases.APITesting" name="testResponsecode" time="0.040"/>
  <system-out/>
  <testcase classname="com.CA.qa.TestCases.APITesting" name="testResponsecode" time="0.033"/>
  <system-out/>
  <testcase classname="com.CA.qa.TestCases.APITesting" name="testResponsecode" time="0.120"/>
  <system-out/>
  <testcase classname="com.CA.qa.TestCases.APITesting" name="testResponsecode" time="0.036"/>
  <system-out/>
  <testcase classname="com.CA.qa.TestCases.APITesting" name="testResponsecode" time="0.033"/>
  <system-out/>
  <testcase classname="com.CA.qa.TestCases.APITesting" name="testResponsecode" time="0.046"/>
  <system-out/>
  <testcase classname="com.CA.qa.TestCases.APITesting" name="testResponsecode" time="0.036"/>
  <system-out/>
  <testcase classname="com.CA.qa.TestCases.APITesting" name="testResponsecode" time="0.212"/>
  <system-out/>
  <testcase classname="com.CA.qa.TestCases.APITesting" name="testResponsecode" time="0.034"/>
  <system-out/>
  <testcase classname="com.CA.qa.TestCases.APITesting" name="testResponsecode" time="0.038"/>
  <system-out/>
  <testcase classname="com.CA.qa.TestCases.APITesting" name="testResponsecode" time="0.035"/>
  <system-out/>
  <testcase classname="com.CA.qa.TestCases.APITesting" name="testResponsecode" time="0.034"/>
  <system-out/>
  <testcase classname="com.CA.qa.TestCases.APITesting" name="testResponsecode" time="0.032"/>
  <system-out/>
  <testcase classname="com.CA.qa.TestCases.APITesting" name="testResponsecode" time="0.138"/>
  <system-out/>
  <testcase classname="com.CA.qa.TestCases.APITesting" name="testResponsecode" time="0.033"/>
  <system-out/>
  <testcase classname="com.CA.qa.TestCases.APITesting" name="testResponsecode" time="0.039"/>
  <system-out/>
  <testcase classname="com.CA.qa.TestCases.APITesting" name="testResponsecode" time="0.033"/>
  <system-out/>
  <testcase classname="com.CA.qa.TestCases.APITesting" name="testResponsecode" time="0.139"/>
  <system-out/>
  <testcase classname="com.CA.qa.TestCases.APITesting" name="testResponsecode" time="0.034"/>
  <system-out/>
  <testcase classname="com.CA.qa.TestCases.APITesting" name="testResponsecode" time="0.032"/>
  <system-out/>
  <testcase classname="com.CA.qa.TestCases.APITesting" name="testResponsecode" time="0.034"/>
  <system-out/>
  <testcase classname="com.CA.qa.TestCases.APITesting" name="testResponsecode" time="0.052"/>
  <system-out/>
  <testcase classname="com.CA.qa.TestCases.APITesting" name="testResponsecode" time="0.034"/>
  <system-out/>
  <testcase classname="com.CA.qa.TestCases.APITesting" name="testResponsecode" time="0.038"/>
  <system-out/>
  <testcase classname="com.CA.qa.TestCases.APITesting" name="testResponsecode" time="0.034"/>
  <system-out/>
  <testcase classname="com.CA.qa.TestCases.APITesting" name="testResponsecode" time="0.130"/>
  <system-out/>
  <testcase classname="com.CA.qa.TestCases.APITesting" name="testResponsecode" time="0.034"/>
  <system-out/>
  <testcase classname="com.CA.qa.TestCases.APITesting" name="testResponsecode" time="0.032"/>
  <system-out/>
  <testcase classname="com.CA.qa.TestCases.APITesting" name="testResponsecode" time="0.037"/>
  <system-out/>
  <testcase classname="com.CA.qa.TestCases.APITesting" name="testResponsecode" time="0.035"/>
  <system-out/>
  <testcase classname="com.CA.qa.TestCases.APITesting" name="testResponsecode" time="0.079"/>
  <system-out/>
  <testcase classname="com.CA.qa.TestCases.APITesting" name="testResponsecode" time="0.037"/>
  <system-out/>
  <testcase classname="com.CA.qa.TestCases.APITesting" name="testResponsecode" time="0.034"/>
  <system-out/>
  <testcase classname="com.CA.qa.TestCases.APITesting" name="testResponsecode" time="0.038"/>
  <system-out/>
  <testcase classname="com.CA.qa.TestCases.APITesting" name="testResponsecode" time="0.037"/>
  <system-out/>
  <testcase classname="com.CA.qa.TestCases.APITesting" name="testResponsecode" time="0.033"/>
  <system-out/>
  <testcase classname="com.CA.qa.TestCases.APITesting" name="testResponsecode" time="0.035"/>
  <system-out/>
  <testcase classname="com.CA.qa.TestCases.APITesting" name="testResponsecode" time="0.042"/>
  <system-out/>
  <testcase classname="com.CA.qa.TestCases.APITesting" name="testResponsecode" time="0.032"/>
  <system-out/>
  <testcase classname="com.CA.qa.TestCases.APITesting" name="testResponsecode" time="0.032"/>
  <system-out/>
  <testcase classname="com.CA.qa.TestCases.APITesting" name="testResponsecode" time="0.034"/>
  <system-out/>
  <testcase classname="com.CA.qa.TestCases.APITesting" name="testResponsecode" time="0.044"/>
  <system-out/>
  <testcase classname="com.CA.qa.TestCases.APITesting" name="testResponsecode" time="0.034"/>
  <system-out/>
  <testcase classname="com.CA.qa.TestCases.APITesting" name="testResponsecode" time="0.038"/>
  <system-out/>
  <testcase classname="com.CA.qa.TestCases.APITesting" name="testResponsecode" time="0.034"/>
  <system-out/>
  <testcase classname="com.CA.qa.TestCases.APITesting" name="testResponsecode" time="0.034"/>
  <system-out/>
  <testcase classname="com.CA.qa.TestCases.APITesting" name="testResponsecode" time="0.038"/>
  <system-out/>
  <testcase classname="com.CA.qa.TestCases.APITesting" name="testResponsecode" time="0.033"/>
  <system-out/>
  <testcase classname="com.CA.qa.TestCases.APITesting" name="testResponsecode" time="0.034"/>
  <system-out/>
  <testcase classname="com.CA.qa.TestCases.APITesting" name="testResponsecode" time="0.051"/>
  <system-out/>
  <testcase classname="com.CA.qa.TestCases.APITesting" name="testResponsecode" time="0.033"/>
  <system-out/>
  <testcase classname="com.CA.qa.TestCases.APITesting" name="testResponsecode" time="0.038"/>
  <system-out/>
  <testcase classname="com.CA.qa.TestCases.APITesting" name="testResponsecode" time="0.037"/>
  <system-out/>
  <testcase classname="com.CA.qa.TestCases.APITesting" name="testResponsecode" time="0.034"/>
  <system-out/>
  <testcase classname="com.CA.qa.TestCases.APITesting" name="testResponsecode" time="0.032"/>
  <system-out/>
  <testcase classname="com.CA.qa.TestCases.APITesting" name="testResponsecode" time="0.035"/>
  <system-out/>
  <testcase classname="com.CA.qa.TestCases.APITesting" name="testResponsecode" time="0.045"/>
  <system-out/>
  <testcase classname="com.CA.qa.TestCases.APITesting" name="testResponsecode" time="0.032"/>
  <system-out/>
  <testcase classname="com.CA.qa.TestCases.APITesting" name="testResponsecode" time="0.032"/>
  <system-out/>
  <testcase classname="com.CA.qa.TestCases.APITesting" name="testResponsecode" time="0.102"/>
  <system-out/>
  <testcase classname="com.CA.qa.TestCases.APITesting" name="testResponsecode" time="0.033"/>
  <system-out/>
  <testcase classname="com.CA.qa.TestCases.APITesting" name="testResponsecode" time="0.034"/>
  <system-out/>
  <testcase classname="com.CA.qa.TestCases.APITesting" name="testResponsecode" time="0.050"/>
  <system-out/>
  <testcase classname="com.CA.qa.TestCases.APITesting" name="testResponsecode" time="0.032"/>
  <system-out/>
  <testcase classname="com.CA.qa.TestCases.APITesting" name="testResponsecode" time="0.036"/>
  <system-out/>
  <testcase classname="com.CA.qa.TestCases.APITesting" name="testResponsecode" time="0.034"/>
  <system-out/>
  <testcase classname="com.CA.qa.TestCases.APITesting" name="testResponsecode" time="0.354"/>
  <system-out/>
  <testcase classname="com.CA.qa.TestCases.APITesting" name="testResponsecode" time="0.034"/>
  <system-out/>
  <testcase classname="com.CA.qa.TestCases.APITesting" name="testResponsecode" time="0.042"/>
  <system-out/>
  <testcase classname="com.CA.qa.TestCases.APITesting" name="testResponsecode" time="0.129"/>
  <system-out/>
  <testcase classname="com.CA.qa.TestCases.APITesting" name="testResponsecode" time="0.190"/>
  <system-out/>
  <testcase classname="com.CA.qa.TestCases.APITesting" name="testResponsecode" time="0.036"/>
  <system-out/>
  <testcase classname="com.CA.qa.TestCases.APITesting" name="testResponsecode" time="0.044"/>
  <system-out/>
  <testcase classname="com.CA.qa.TestCases.APITesting" name="testResponsecode" time="0.172"/>
  <system-out/>
  <testcase classname="com.CA.qa.TestCases.APITesting" name="testResponsecode" time="0.057"/>
  <system-out/>
  <testcase classname="com.CA.qa.TestCases.APITesting" name="testResponsecode" time="0.036"/>
  <system-out/>
  <testcase classname="com.CA.qa.TestCases.APITesting" name="testResponsecode" time="0.034"/>
  <system-out/>
  <testcase classname="com.CA.qa.TestCases.APITesting" name="testResponsecode" time="0.048"/>
  <system-out/>
  <testcase classname="com.CA.qa.TestCases.APITesting" name="testResponsecode" time="0.038"/>
  <system-out/>
  <testcase classname="com.CA.qa.TestCases.APITesting" name="testResponsecode" time="0.052"/>
  <system-out/>
  <testcase classname="com.CA.qa.TestCases.APITesting" name="testResponsecode" time="0.034"/>
  <system-out/>
  <testcase classname="com.CA.qa.TestCases.APITesting" name="testResponsecode" time="0.037"/>
  <system-out/>
  <testcase classname="com.CA.qa.TestCases.APITesting" name="testResponsecode" time="0.037"/>
  <system-out/>
  <testcase classname="com.CA.qa.TestCases.APITesting" name="testResponsecode" time="0.161"/>
  <system-out/>
  <testcase classname="com.CA.qa.TestCases.APITesting" name="testResponsecode" time="0.036"/>
  <system-out/>
  <testcase classname="com.CA.qa.TestCases.APITesting" name="testResponsecode" time="0.034"/>
  <system-out/>
  <testcase classname="com.CA.qa.TestCases.APITesting" name="testResponsecode" time="0.035"/>
  <system-out/>
  <testcase classname="com.CA.qa.TestCases.APITesting" name="testResponsecode" time="0.147"/>
  <system-out/>
  <testcase classname="com.CA.qa.TestCases.APITesting" name="testResponsecode" time="0.033"/>
  <system-out/>
  <testcase classname="com.CA.qa.TestCases.APITesting" name="testResponsecode" time="0.045"/>
  <system-out/>
  <testcase classname="com.CA.qa.TestCases.APITesting" name="testResponsecode" time="0.037"/>
  <system-out/>
  <testcase classname="com.CA.qa.TestCases.APITesting" name="testResponsecode" time="0.032"/>
  <system-out/>
  <testcase classname="com.CA.qa.TestCases.APITesting" name="testResponsecode" time="0.033"/>
  <system-out/>
  <testcase classname="com.CA.qa.TestCases.APITesting" name="testResponsecode" time="0.036"/>
  <system-out/>
  <testcase classname="com.CA.qa.TestCases.APITesting" name="testResponsecode" time="0.660"/>
  <system-out/>
  <testcase classname="com.CA.qa.TestCases.APITesting" name="testResponsecode" time="0.050"/>
  <system-out/>
  <testcase classname="com.CA.qa.TestCases.APITesting" name="testResponsecode" time="0.043"/>
  <system-out/>
  <testcase classname="com.CA.qa.TestCases.APITesting" name="testResponsecode" time="0.033"/>
  <system-out/>
  <testcase classname="com.CA.qa.TestCases.APITesting" name="testResponsecode" time="0.033"/>
  <system-out/>
  <testcase classname="com.CA.qa.TestCases.APITesting" name="testResponsecode" time="0.034"/>
  <system-out/>
  <testcase classname="com.CA.qa.TestCases.APITesting" name="testResponsecode" time="0.034"/>
  <system-out/>
  <testcase classname="com.CA.qa.TestCases.APITesting" name="testResponsecode" time="0.074"/>
  <system-out/>
  <testcase classname="com.CA.qa.TestCases.APITesting" name="testResponsecode" time="0.033"/>
  <system-out/>
  <testcase classname="com.CA.qa.TestCases.APITesting" name="testResponsecode" time="1.003"/>
  <system-out/>
  <testcase classname="com.CA.qa.TestCases.APITesting" name="testResponsecode" time="0.039"/>
  <system-out/>
  <testcase classname="com.CA.qa.TestCases.APITesting" name="testResponsecode" time="0.035"/>
  <system-out/>
  <testcase classname="com.CA.qa.TestCases.APITesting" name="testResponsecode" time="0.032"/>
  <system-out/>
  <testcase classname="com.CA.qa.TestCases.APITesting" name="testResponsecode" time="0.035"/>
  <system-out/>
  <testcase classname="com.CA.qa.TestCases.APITesting" name="testResponsecode" time="0.071"/>
  <system-out/>
  <testcase classname="com.CA.qa.TestCases.APITesting" name="testResponsecode" time="0.034"/>
  <system-out/>
  <testcase classname="com.CA.qa.TestCases.APITesting" name="testResponsecode" time="0.059"/>
  <system-out/>
  <testcase classname="com.CA.qa.TestCases.APITesting" name="testResponsecode" time="0.033"/>
  <system-out/>
  <testcase classname="com.CA.qa.TestCases.APITesting" name="testResponsecode" time="0.033"/>
  <system-out/>
  <testcase classname="com.CA.qa.TestCases.APITesting" name="testResponsecode" time="0.125"/>
  <system-out/>
  <testcase classname="com.CA.qa.TestCases.APITesting" name="testResponsecode" time="0.162"/>
  <system-out/>
  <testcase classname="com.CA.qa.TestCases.APITesting" name="testResponsecode" time="0.041"/>
  <system-out/>
  <testcase classname="com.CA.qa.TestCases.APITesting" name="testResponsecode" time="0.043"/>
  <system-out/>
  <testcase classname="com.CA.qa.TestCases.APITesting" name="testResponsecode" time="0.034"/>
  <system-out/>
  <testcase classname="com.CA.qa.TestCases.APITesting" name="testResponsecode" time="0.036"/>
  <system-out/>
  <testcase classname="com.CA.qa.TestCases.APITesting" name="testResponsecode" time="0.033"/>
  <system-out/>
  <testcase classname="com.CA.qa.TestCases.APITesting" name="testResponsecode" time="0.242"/>
  <system-out/>
  <testcase classname="com.CA.qa.TestCases.APITesting" name="testResponsecode" time="0.033"/>
  <system-out/>
  <testcase classname="com.CA.qa.TestCases.APITesting" name="testResponsecode" time="0.034"/>
  <system-out/>
  <testcase classname="com.CA.qa.TestCases.APITesting" name="testResponsecode" time="0.036"/>
  <system-out/>
  <testcase classname="com.CA.qa.TestCases.APITesting" name="testResponsecode" time="0.044"/>
  <system-out/>
  <testcase classname="com.CA.qa.TestCases.APITesting" name="testResponsecode" time="0.035"/>
  <system-out/>
  <testcase classname="com.CA.qa.TestCases.APITesting" name="testResponsecode" time="0.046"/>
  <system-out/>
  <testcase classname="com.CA.qa.TestCases.APITesting" name="testResponsecode" time="0.035"/>
  <system-out/>
  <testcase classname="com.CA.qa.TestCases.APITesting" name="testResponsecode" time="0.058"/>
  <system-out/>
  <testcase classname="com.CA.qa.TestCases.APITesting" name="testResponsecode" time="0.047"/>
  <system-out/>
  <testcase classname="com.CA.qa.TestCases.APITesting" name="testResponsecode" time="0.036"/>
  <system-out/>
  <testcase classname="com.CA.qa.TestCases.APITesting" name="testResponsecode" time="0.034"/>
  <system-out/>
  <testcase classname="com.CA.qa.TestCases.APITesting" name="testResponsecode" time="0.037"/>
  <system-out/>
  <testcase classname="com.CA.qa.TestCases.APITesting" name="testResponsecode" time="0.090"/>
  <system-out/>
  <testcase classname="com.CA.qa.TestCases.APITesting" name="testResponsecode" time="0.044"/>
  <system-out/>
  <testcase classname="com.CA.qa.TestCases.APITesting" name="testResponsecode" time="0.033"/>
  <system-out/>
  <testcase classname="com.CA.qa.TestCases.APITesting" name="testResponsecode" time="0.034"/>
  <system-out/>
  <testcase classname="com.CA.qa.TestCases.APITesting" name="testResponsecode" time="0.034"/>
  <system-out/>
  <testcase classname="com.CA.qa.TestCases.APITesting" name="testResponsecode" time="0.064"/>
  <system-out/>
  <testcase classname="com.CA.qa.TestCases.APITesting" name="testResponsecode" time="0.038"/>
  <system-out/>
  <testcase classname="com.CA.qa.TestCases.APITesting" name="testResponsecode" time="0.415"/>
  <system-out/>
  <testcase classname="com.CA.qa.TestCases.APITesting" name="testResponsecode" time="0.042"/>
  <system-out/>
  <testcase classname="com.CA.qa.TestCases.APITesting" name="testResponsecode" time="0.036"/>
  <system-out/>
  <testcase classname="com.CA.qa.TestCases.APITesting" name="testResponsecode" time="0.038"/>
  <system-out/>
  <testcase classname="com.CA.qa.TestCases.APITesting" name="testResponsecode" time="0.039"/>
  <system-out/>
  <testcase classname="com.CA.qa.TestCases.APITesting" name="testResponsecode" time="0.039"/>
  <system-out/>
  <testcase classname="com.CA.qa.TestCases.APITesting" name="testResponsecode" time="1.082"/>
  <system-out/>
  <testcase classname="com.CA.qa.TestCases.APITesting" name="testResponsecode" time="0.041"/>
  <system-out/>
  <testcase classname="com.CA.qa.TestCases.APITesting" name="testResponsecode" time="0.035"/>
  <system-out/>
  <testcase classname="com.CA.qa.TestCases.APITesting" name="testResponsecode" time="0.041"/>
  <system-out/>
  <testcase classname="com.CA.qa.TestCases.APITesting" name="testResponsecode" time="0.144"/>
  <system-out/>
  <testcase classname="com.CA.qa.TestCases.APITesting" name="testResponsecode" time="0.040"/>
  <system-out/>
  <testcase classname="com.CA.qa.TestCases.APITesting" name="testResponsecode" time="0.032"/>
  <system-out/>
  <testcase classname="com.CA.qa.TestCases.APITesting" name="testResponsecode" time="0.039"/>
  <system-out/>
  <testcase classname="com.CA.qa.TestCases.APITesting" name="testResponsecode" time="0.033"/>
  <system-out/>
  <testcase classname="com.CA.qa.TestCases.APITesting" name="testResponsecode" time="0.034"/>
  <system-out/>
  <testcase classname="com.CA.qa.TestCases.APITesting" name="testResponsecode" time="0.035"/>
  <system-out/>
  <testcase classname="com.CA.qa.TestCases.APITesting" name="testResponsecode" time="0.061"/>
  <system-out/>
  <testcase classname="com.CA.qa.TestCases.APITesting" name="testResponsecode" time="0.177"/>
  <system-out/>
  <testcase classname="com.CA.qa.TestCases.APITesting" name="testResponsecode" time="0.035"/>
  <system-out/>
  <testcase classname="com.CA.qa.TestCases.APITesting" name="testResponsecode" time="0.039"/>
  <system-out/>
  <testcase classname="com.CA.qa.TestCases.APITesting" name="testResponsecode" time="0.032"/>
  <system-out/>
  <testcase classname="com.CA.qa.TestCases.APITesting" name="testResponsecode" time="0.033"/>
  <system-out/>
  <testcase classname="com.CA.qa.TestCases.APITesting" name="testResponsecode" time="0.038"/>
  <system-out/>
  <testcase classname="com.CA.qa.TestCases.APITesting" name="testResponsecode" time="0.033"/>
  <system-out/>
  <testcase classname="com.CA.qa.TestCases.APITesting" name="testResponsecode" time="0.043"/>
  <system-out/>
  <testcase classname="com.CA.qa.TestCases.APITesting" name="testResponsecode" time="0.039"/>
  <system-out/>
  <testcase classname="com.CA.qa.TestCases.APITesting" name="testResponsecode" time="0.032"/>
  <system-out/>
  <testcase classname="com.CA.qa.TestCases.APITesting" name="testResponsecode" time="0.042"/>
  <system-out/>
  <testcase classname="com.CA.qa.TestCases.APITesting" name="testResponsecode" time="0.036"/>
  <system-out/>
  <testcase classname="com.CA.qa.TestCases.APITesting" name="testResponsecode" time="0.040"/>
  <system-out/>
  <testcase classname="com.CA.qa.TestCases.APITesting" name="testResponsecode" time="0.036"/>
  <system-out/>
  <testcase classname="com.CA.qa.TestCases.APITesting" name="testResponsecode" time="0.034"/>
  <system-out/>
  <testcase classname="com.CA.qa.TestCases.APITesting" name="testResponsecode" time="0.152"/>
  <system-out/>
  <testcase classname="com.CA.qa.TestCases.APITesting" name="testResponsecode" time="0.033"/>
  <system-out/>
  <testcase classname="com.CA.qa.TestCases.APITesting" name="testResponsecode" time="0.034"/>
  <system-out/>
  <testcase classname="com.CA.qa.TestCases.APITesting" name="testResponsecode" time="0.040"/>
  <system-out/>
  <testcase classname="com.CA.qa.TestCases.APITesting" name="testResponsecode" time="0.033"/>
  <system-out/>
  <testcase classname="com.CA.qa.TestCases.APITesting" name="testResponsecode" time="0.035"/>
  <system-out/>
  <testcase classname="com.CA.qa.TestCases.APITesting" name="testResponsecode" time="0.033"/>
  <system-out/>
  <testcase classname="com.CA.qa.TestCases.APITesting" name="testResponsecode" time="0.032"/>
  <system-out/>
  <testcase classname="com.CA.qa.TestCases.APITesting" name="testResponsecode" time="0.035"/>
  <system-out/>
  <testcase classname="com.CA.qa.TestCases.APITesting" name="testResponsecode" time="0.045"/>
  <system-out/>
  <testcase classname="com.CA.qa.TestCases.APITesting" name="testResponsecode" time="0.063"/>
  <system-out/>
  <testcase classname="com.CA.qa.TestCases.APITesting" name="testResponsecode" time="0.033"/>
  <system-out/>
  <testcase classname="com.CA.qa.TestCases.APITesting" name="testResponsecode" time="0.040"/>
  <system-out/>
  <testcase classname="com.CA.qa.TestCases.APITesting" name="testResponsecode" time="0.033"/>
  <system-out/>
  <testcase classname="com.CA.qa.TestCases.APITesting" name="testResponsecode" time="0.033"/>
  <system-out/>
  <testcase classname="com.CA.qa.TestCases.APITesting" name="testResponsecode" time="0.034"/>
  <system-out/>
  <testcase classname="com.CA.qa.TestCases.APITesting" name="testResponsecode" time="0.233"/>
  <system-out/>
  <testcase classname="com.CA.qa.TestCases.APITesting" name="testResponsecode" time="0.034"/>
  <system-out/>
  <testcase classname="com.CA.qa.TestCases.APITesting" name="testResponsecode" time="0.032"/>
  <system-out/>
  <testcase classname="com.CA.qa.TestCases.APITesting" name="testResponsecode" time="0.036"/>
  <system-out/>
  <testcase classname="com.CA.qa.TestCases.APITesting" name="testResponsecode" time="0.038"/>
  <system-out/>
  <testcase classname="com.CA.qa.TestCases.APITesting" name="testResponsecode" time="0.038"/>
  <system-out/>
  <testcase classname="com.CA.qa.TestCases.APITesting" name="testResponsecode" time="0.035"/>
  <system-out/>
  <testcase classname="com.CA.qa.TestCases.APITesting" name="testResponsecode" time="1.040"/>
  <system-out/>
  <testcase classname="com.CA.qa.TestCases.APITesting" name="testResponsecode" time="0.032"/>
  <system-out/>
  <testcase classname="com.CA.qa.TestCases.APITesting" name="testResponsecode" time="0.035"/>
  <system-out/>
  <testcase classname="com.CA.qa.TestCases.APITesting" name="testResponsecode" time="0.038"/>
  <system-out/>
  <testcase classname="com.CA.qa.TestCases.APITesting" name="testResponsecode" time="0.181"/>
  <system-out/>
  <testcase classname="com.CA.qa.TestCases.APITesting" name="testResponsecode" time="0.033"/>
  <system-out/>
  <testcase classname="com.CA.qa.TestCases.APITesting" name="testResponsecode" time="0.033"/>
  <system-out/>
  <testcase classname="com.CA.qa.TestCases.APITesting" name="testResponsecode" time="0.034"/>
  <system-out/>
  <testcase classname="com.CA.qa.TestCases.APITesting" name="testResponsecode" time="0.045"/>
  <system-out/>
  <testcase classname="com.CA.qa.TestCases.APITesting" name="testResponsecode" time="0.037"/>
  <system-out/>
  <testcase classname="com.CA.qa.TestCases.APITesting" name="testResponsecode" time="0.034"/>
  <system-out/>
  <testcase classname="com.CA.qa.TestCases.APITesting" name="testResponsecode" time="0.033"/>
  <system-out/>
  <testcase classname="com.CA.qa.TestCases.APITesting" name="testResponsecode" time="0.038"/>
  <system-out/>
  <testcase classname="com.CA.qa.TestCases.APITesting" name="testResponsecode" time="0.035"/>
  <system-out/>
  <testcase classname="com.CA.qa.TestCases.APITesting" name="testResponsecode" time="0.050"/>
  <system-out/>
  <testcase classname="com.CA.qa.TestCases.APITesting" name="testResponsecode" time="0.034"/>
  <system-out/>
  <testcase classname="com.CA.qa.TestCases.APITesting" name="testResponsecode" time="1.003"/>
  <system-out/>
  <testcase classname="com.CA.qa.TestCases.APITesting" name="testResponsecode" time="0.038"/>
  <system-out/>
  <testcase classname="com.CA.qa.TestCases.APITesting" name="testResponsecode" time="0.042"/>
  <system-out/>
  <testcase classname="com.CA.qa.TestCases.APITesting" name="testResponsecode" time="0.047"/>
  <system-out/>
  <testcase classname="com.CA.qa.TestCases.APITesting" name="testResponsecode" time="0.037"/>
  <system-out/>
  <testcase classname="com.CA.qa.TestCases.APITesting" name="testResponsecode" time="0.035"/>
  <system-out/>
  <testcase classname="com.CA.qa.TestCases.APITesting" name="testResponsecode" time="0.034"/>
  <system-out/>
  <testcase classname="com.CA.qa.TestCases.APITesting" name="testResponsecode" time="0.037"/>
  <system-out/>
  <testcase classname="com.CA.qa.TestCases.APITesting" name="testResponsecode" time="0.041"/>
  <system-out/>
  <testcase classname="com.CA.qa.TestCases.APITesting" name="testResponsecode" time="0.033"/>
  <system-out/>
  <testcase classname="com.CA.qa.TestCases.APITesting" name="testResponsecode" time="0.032"/>
  <system-out/>
  <testcase classname="com.CA.qa.TestCases.APITesting" name="testResponsecode" time="0.179"/>
  <system-out/>
  <testcase classname="com.CA.qa.TestCases.APITesting" name="testResponsecode" time="0.040"/>
  <system-out/>
  <testcase classname="com.CA.qa.TestCases.APITesting" name="testResponsecode" time="0.045"/>
  <system-out/>
  <testcase classname="com.CA.qa.TestCases.APITesting" name="testResponsecode" time="0.039"/>
  <system-out/>
  <testcase classname="com.CA.qa.TestCases.APITesting" name="testResponsecode" time="0.037"/>
  <system-out/>
  <testcase classname="com.CA.qa.TestCases.APITesting" name="testResponsecode" time="0.039"/>
  <system-out/>
  <testcase classname="com.CA.qa.TestCases.APITesting" name="testResponsecode" time="0.044"/>
  <system-out/>
  <testcase classname="com.CA.qa.TestCases.APITesting" name="testResponsecode" time="0.034"/>
  <system-out/>
  <testcase classname="com.CA.qa.TestCases.APITesting" name="testResponsecode" time="0.191"/>
  <system-out/>
  <testcase classname="com.CA.qa.TestCases.APITesting" name="testResponsecode" time="0.034"/>
  <system-out/>
  <testcase classname="com.CA.qa.TestCases.APITesting" name="testResponsecode" time="0.032"/>
  <system-out/>
  <testcase classname="com.CA.qa.TestCases.APITesting" name="testResponsecode" time="0.040"/>
  <system-out/>
  <testcase classname="com.CA.qa.TestCases.APITesting" name="testResponsecode" time="0.035"/>
  <system-out/>
  <testcase classname="com.CA.qa.TestCases.APITesting" name="testResponsecode" time="0.085"/>
  <system-out/>
  <testcase classname="com.CA.qa.TestCases.APITesting" name="testResponsecode" time="0.033"/>
  <system-out/>
  <testcase classname="com.CA.qa.TestCases.APITesting" name="testResponsecode" time="0.052"/>
  <system-out/>
  <testcase classname="com.CA.qa.TestCases.APITesting" name="testResponsecode" time="0.038"/>
  <system-out/>
  <testcase classname="com.CA.qa.TestCases.APITesting" name="testResponsecode" time="0.033"/>
  <system-out/>
  <testcase classname="com.CA.qa.TestCases.APITesting" name="testResponsecode" time="0.039"/>
  <system-out/>
  <testcase classname="com.CA.qa.TestCases.APITesting" name="testResponsecode" time="0.031"/>
  <system-out/>
  <testcase classname="com.CA.qa.TestCases.APITesting" name="testResponsecode" time="0.041"/>
  <system-out/>
  <testcase classname="com.CA.qa.TestCases.APITesting" name="testResponsecode" time="0.033"/>
  <system-out/>
  <testcase classname="com.CA.qa.TestCases.APITesting" name="testResponsecode" time="0.037"/>
  <system-out/>
  <testcase classname="com.CA.qa.TestCases.APITesting" name="testResponsecode" time="0.033"/>
  <system-out/>
  <testcase classname="com.CA.qa.TestCases.APITesting" name="testResponsecode" time="0.068"/>
  <system-out/>
  <testcase classname="com.CA.qa.TestCases.APITesting" name="testResponsecode" time="0.035"/>
  <system-out/>
  <testcase classname="com.CA.qa.TestCases.APITesting" name="testResponsecode" time="0.155"/>
  <system-out/>
  <testcase classname="com.CA.qa.TestCases.APITesting" name="testResponsecode" time="0.035"/>
  <system-out/>
  <testcase classname="com.CA.qa.TestCases.APITesting" name="testResponsecode" time="0.033"/>
  <system-out/>
  <testcase classname="com.CA.qa.TestCases.APITesting" name="testResponsecode" time="0.039"/>
  <system-out/>
  <testcase classname="com.CA.qa.TestCases.APITesting" name="testResponsecode" time="0.036"/>
  <system-out/>
  <testcase classname="com.CA.qa.TestCases.APITesting" name="testResponsecode" time="0.035"/>
  <system-out/>
  <testcase classname="com.CA.qa.TestCases.APITesting" name="testResponsecode" time="0.153"/>
  <system-out/>
  <testcase classname="com.CA.qa.TestCases.APITesting" name="testResponsecode" time="0.045"/>
  <system-out/>
  <testcase classname="com.CA.qa.TestCases.APITesting" name="testResponsecode" time="0.143"/>
  <system-out/>
  <testcase classname="com.CA.qa.TestCases.APITesting" name="testResponsecode" time="0.034"/>
  <system-out/>
  <testcase classname="com.CA.qa.TestCases.APITesting" name="testResponsecode" time="0.061"/>
  <system-out/>
  <testcase classname="com.CA.qa.TestCases.APITesting" name="testResponsecode" time="0.032"/>
  <system-out/>
  <testcase classname="com.CA.qa.TestCases.APITesting" name="testResponsecode" time="0.034"/>
  <system-out/>
  <testcase classname="com.CA.qa.TestCases.APITesting" name="testResponsecode" time="0.032"/>
  <system-out/>
  <testcase classname="com.CA.qa.TestCases.APITesting" name="testResponsecode" time="0.051"/>
  <system-out/>
  <testcase classname="com.CA.qa.TestCases.APITesting" name="testResponsecode" time="0.037"/>
  <system-out/>
  <testcase classname="com.CA.qa.TestCases.APITesting" name="testResponsecode" time="0.050"/>
  <system-out/>
  <testcase classname="com.CA.qa.TestCases.APITesting" name="testResponsecode" time="0.061"/>
  <system-out/>
  <testcase classname="com.CA.qa.TestCases.APITesting" name="testResponsecode" time="0.033"/>
  <system-out/>
  <testcase classname="com.CA.qa.TestCases.APITesting" name="testResponsecode" time="0.031"/>
  <system-out/>
  <testcase classname="com.CA.qa.TestCases.APITesting" name="testResponsecode" time="0.034"/>
  <system-out/>
  <testcase classname="com.CA.qa.TestCases.APITesting" name="testResponsecode" time="0.037"/>
  <system-out/>
  <testcase classname="com.CA.qa.TestCases.APITesting" name="testResponsecode" time="0.134"/>
  <system-out/>
  <testcase classname="com.CA.qa.TestCases.APITesting" name="testResponsecode" time="0.036"/>
  <system-out/>
  <testcase classname="com.CA.qa.TestCases.APITesting" name="testResponsecode" time="0.037"/>
  <system-out/>
  <testcase classname="com.CA.qa.TestCases.APITesting" name="testResponsecode" time="0.033"/>
  <system-out/>
  <testcase classname="com.CA.qa.TestCases.APITesting" name="testResponsecode" time="0.032"/>
  <system-out/>
  <testcase classname="com.CA.qa.TestCases.APITesting" name="testResponsecode" time="0.146"/>
  <system-out/>
  <testcase classname="com.CA.qa.TestCases.APITesting" name="testResponsecode" time="0.034"/>
  <system-out/>
  <testcase classname="com.CA.qa.TestCases.APITesting" name="testResponsecode" time="0.117"/>
  <system-out/>
  <testcase classname="com.CA.qa.TestCases.APITesting" name="testResponsecode" time="0.035"/>
  <system-out/>
  <testcase classname="com.CA.qa.TestCases.APITesting" name="testResponsecode" time="0.065"/>
  <system-out/>
  <testcase classname="com.CA.qa.TestCases.APITesting" name="testResponsecode" time="0.037"/>
  <system-out/>
  <testcase classname="com.CA.qa.TestCases.APITesting" name="testResponsecode" time="0.038"/>
  <system-out/>
  <testcase classname="com.CA.qa.TestCases.APITesting" name="testResponsecode" time="0.053"/>
  <system-out/>
  <testcase classname="com.CA.qa.TestCases.APITesting" name="testResponsecode" time="0.090"/>
  <system-out/>
  <testcase classname="com.CA.qa.TestCases.APITesting" name="testResponsecode" time="0.156"/>
  <system-out/>
  <testcase classname="com.CA.qa.TestCases.APITesting" name="testResponsecode" time="0.036"/>
  <system-out/>
  <testcase classname="com.CA.qa.TestCases.APITesting" name="testResponsecode" time="0.034"/>
  <system-out/>
  <testcase classname="com.CA.qa.TestCases.APITesting" name="testResponsecode" time="0.031"/>
  <system-out/>
  <testcase classname="com.CA.qa.TestCases.APITesting" name="testResponsecode" time="0.040"/>
  <system-out/>
  <testcase classname="com.CA.qa.TestCases.APITesting" name="testResponsecode" time="0.039"/>
  <system-out/>
  <testcase classname="com.CA.qa.TestCases.APITesting" name="testResponsecode" time="0.168"/>
  <system-out/>
  <testcase classname="com.CA.qa.TestCases.APITesting" name="testResponsecode" time="0.033"/>
  <system-out/>
  <testcase classname="com.CA.qa.TestCases.APITesting" name="testResponsecode" time="0.033"/>
  <system-out/>
  <testcase classname="com.CA.qa.TestCases.APITesting" name="testResponsecode" time="0.034"/>
  <system-out/>
  <testcase classname="com.CA.qa.TestCases.APITesting" name="testResponsecode" time="0.032"/>
  <system-out/>
  <testcase classname="com.CA.qa.TestCases.APITesting" name="testResponsecode" time="0.036"/>
  <system-out/>
  <testcase classname="com.CA.qa.TestCases.APITesting" name="testResponsecode" time="0.034"/>
  <system-out/>
  <testcase classname="com.CA.qa.TestCases.APITesting" name="testResponsecode" time="0.127"/>
  <system-out/>
  <testcase classname="com.CA.qa.TestCases.APITesting" name="testResponsecode" time="0.036"/>
  <system-out/>
  <testcase classname="com.CA.qa.TestCases.APITesting" name="testResponsecode" time="0.037"/>
  <system-out/>
  <testcase classname="com.CA.qa.TestCases.APITesting" name="testResponsecode" time="0.037"/>
  <system-out/>
  <testcase classname="com.CA.qa.TestCases.APITesting" name="testResponsecode" time="0.037"/>
  <system-out/>
  <testcase classname="com.CA.qa.TestCases.APITesting" name="testResponsecode" time="0.039"/>
  <system-out/>
  <testcase classname="com.CA.qa.TestCases.APITesting" name="testResponsecode" time="0.036"/>
  <system-out/>
  <testcase classname="com.CA.qa.TestCases.APITesting" name="testResponsecode" time="0.032"/>
  <system-out/>
  <testcase classname="com.CA.qa.TestCases.APITesting" name="testResponsecode" time="0.041"/>
  <system-out/>
  <testcase classname="com.CA.qa.TestCases.APITesting" name="testResponsecode" time="0.034"/>
  <system-out/>
  <testcase classname="com.CA.qa.TestCases.APITesting" name="testResponsecode" time="0.038"/>
  <system-out/>
  <testcase classname="com.CA.qa.TestCases.APITesting" name="testResponsecode" time="0.043"/>
  <system-out/>
  <testcase classname="com.CA.qa.TestCases.APITesting" name="testResponsecode" time="0.034"/>
  <system-out/>
  <testcase classname="com.CA.qa.TestCases.APITesting" name="testResponsecode" time="0.034"/>
  <system-out/>
  <testcase classname="com.CA.qa.TestCases.APITesting" name="testResponsecode" time="0.036"/>
  <system-out/>
  <testcase classname="com.CA.qa.TestCases.APITesting" name="testResponsecode" time="0.033"/>
  <system-out/>
  <testcase classname="com.CA.qa.TestCases.APITesting" name="testResponsecode" time="0.042"/>
  <system-out/>
  <testcase classname="com.CA.qa.TestCases.APITesting" name="testResponsecode" time="0.034"/>
  <system-out/>
  <testcase classname="com.CA.qa.TestCases.APITesting" name="testResponsecode" time="0.032"/>
  <system-out/>
  <testcase classname="com.CA.qa.TestCases.APITesting" name="testResponsecode" time="0.033"/>
  <system-out/>
  <testcase classname="com.CA.qa.TestCases.APITesting" name="testResponsecode" time="0.053"/>
  <system-out/>
  <testcase classname="com.CA.qa.TestCases.APITesting" name="testResponsecode" time="0.036"/>
  <system-out/>
  <testcase classname="com.CA.qa.TestCases.APITesting" name="testResponsecode" time="0.035"/>
  <system-out/>
  <testcase classname="com.CA.qa.TestCases.APITesting" name="testResponsecode" time="0.036"/>
  <system-out/>
  <testcase classname="com.CA.qa.TestCases.APITesting" name="testResponsecode" time="0.033"/>
  <system-out/>
  <testcase classname="com.CA.qa.TestCases.APITesting" name="testResponsecode" time="0.162"/>
  <system-out/>
  <testcase classname="com.CA.qa.TestCases.APITesting" name="testResponsecode" time="0.037"/>
  <system-out/>
  <testcase classname="com.CA.qa.TestCases.APITesting" name="testResponsecode" time="0.063"/>
  <system-out/>
  <testcase classname="com.CA.qa.TestCases.APITesting" name="testResponsecode" time="0.035"/>
  <system-out/>
  <testcase classname="com.CA.qa.TestCases.APITesting" name="testResponsecode" time="0.045"/>
  <system-out/>
  <testcase classname="com.CA.qa.TestCases.APITesting" name="testResponsecode" time="0.033"/>
  <system-out/>
  <testcase classname="com.CA.qa.TestCases.APITesting" name="testResponsecode" time="0.135"/>
  <system-out/>
  <testcase classname="com.CA.qa.TestCases.APITesting" name="testResponsecode" time="0.033"/>
  <system-out/>
  <testcase classname="com.CA.qa.TestCases.APITesting" name="testResponsecode" time="0.167"/>
  <system-out/>
  <testcase classname="com.CA.qa.TestCases.APITesting" name="testResponsecode" time="0.252"/>
  <system-out/>
  <testcase classname="com.CA.qa.TestCases.APITesting" name="testResponsecode" time="0.038"/>
  <system-out/>
  <testcase classname="com.CA.qa.TestCases.APITesting" name="testResponsecode" time="0.101"/>
  <system-out/>
  <testcase classname="com.CA.qa.TestCases.APITesting" name="testResponsecode" time="0.043"/>
  <system-out/>
  <testcase classname="com.CA.qa.TestCases.APITesting" name="testResponsecode" time="0.038"/>
  <system-out/>
  <testcase classname="com.CA.qa.TestCases.APITesting" name="testResponsecode" time="0.035"/>
  <system-out/>
  <testcase classname="com.CA.qa.TestCases.APITesting" name="testResponsecode" time="0.038"/>
  <system-out/>
  <testcase classname="com.CA.qa.TestCases.APITesting" name="testResponsecode" time="0.033"/>
  <system-out/>
  <testcase classname="com.CA.qa.TestCases.APITesting" name="testResponsecode" time="0.053"/>
  <system-out/>
  <testcase classname="com.CA.qa.TestCases.APITesting" name="testResponsecode" time="0.033"/>
  <system-out/>
  <testcase classname="com.CA.qa.TestCases.APITesting" name="testResponsecode" time="0.066"/>
  <system-out/>
  <testcase classname="com.CA.qa.TestCases.APITesting" name="testResponsecode" time="0.044"/>
  <system-out/>
  <testcase classname="com.CA.qa.TestCases.APITesting" name="testResponsecode" time="0.040"/>
  <system-out/>
  <testcase classname="com.CA.qa.TestCases.APITesting" name="testResponsecode" time="0.040"/>
  <system-out/>
  <testcase classname="com.CA.qa.TestCases.APITesting" name="testResponsecode" time="0.033"/>
  <system-out/>
  <testcase classname="com.CA.qa.TestCases.APITesting" name="testResponsecode" time="0.039"/>
  <system-out/>
  <testcase classname="com.CA.qa.TestCases.APITesting" name="testResponsecode" time="0.034"/>
  <system-out/>
  <testcase classname="com.CA.qa.TestCases.APITesting" name="testResponsecode" time="0.034"/>
  <system-out/>
  <testcase classname="com.CA.qa.TestCases.APITesting" name="testResponsecode" time="0.037"/>
  <system-out/>
  <testcase classname="com.CA.qa.TestCases.APITesting" name="testResponsecode" time="0.122"/>
  <system-out/>
  <testcase classname="com.CA.qa.TestCases.APITesting" name="testResponsecode" time="0.035"/>
  <system-out/>
  <testcase classname="com.CA.qa.TestCases.APITesting" name="testResponsecode" time="0.046"/>
  <system-out/>
  <testcase classname="com.CA.qa.TestCases.APITesting" name="testResponsecode" time="0.035"/>
  <system-out/>
  <testcase classname="com.CA.qa.TestCases.APITesting" name="testResponsecode" time="0.068"/>
  <system-out/>
  <testcase classname="com.CA.qa.TestCases.APITesting" name="testResponsecode" time="0.039"/>
  <system-out/>
  <testcase classname="com.CA.qa.TestCases.APITesting" name="testResponsecode" time="0.032"/>
  <system-out/>
  <testcase classname="com.CA.qa.TestCases.APITesting" name="testResponsecode" time="0.044"/>
  <system-out/>
  <testcase classname="com.CA.qa.TestCases.APITesting" name="testResponsecode" time="0.037"/>
  <system-out/>
  <testcase classname="com.CA.qa.TestCases.APITesting" name="testResponsecode" time="0.032"/>
  <system-out/>
  <testcase classname="com.CA.qa.TestCases.APITesting" name="testResponsecode" time="0.032"/>
  <system-out/>
  <testcase classname="com.CA.qa.TestCases.APITesting" name="testResponsecode" time="0.037"/>
  <system-out/>
  <testcase classname="com.CA.qa.TestCases.APITesting" name="testResponsecode" time="0.045"/>
  <system-out/>
  <testcase classname="com.CA.qa.TestCases.APITesting" name="testResponsecode" time="0.034"/>
  <system-out/>
  <testcase classname="com.CA.qa.TestCases.APITesting" name="testResponsecode" time="0.032"/>
  <system-out/>
  <testcase classname="com.CA.qa.TestCases.APITesting" name="testResponsecode" time="0.035"/>
  <system-out/>
  <testcase classname="com.CA.qa.TestCases.APITesting" name="testResponsecode" time="0.040"/>
  <system-out/>
  <testcase classname="com.CA.qa.TestCases.APITesting" name="testResponsecode" time="0.038"/>
  <system-out/>
  <testcase classname="com.CA.qa.TestCases.APITesting" name="testResponsecode" time="0.034"/>
  <system-out/>
  <testcase classname="com.CA.qa.TestCases.APITesting" name="testResponsecode" time="0.033"/>
  <system-out/>
  <testcase classname="com.CA.qa.TestCases.APITesting" name="testResponsecode" time="0.051"/>
  <system-out/>
  <testcase classname="com.CA.qa.TestCases.APITesting" name="testResponsecode" time="0.034"/>
  <system-out/>
  <testcase classname="com.CA.qa.TestCases.APITesting" name="testResponsecode" time="0.038"/>
  <system-out/>
  <testcase classname="com.CA.qa.TestCases.APITesting" name="testResponsecode" time="0.039"/>
  <system-out/>
  <testcase classname="com.CA.qa.TestCases.APITesting" name="testResponsecode" time="0.037"/>
  <system-out/>
  <testcase classname="com.CA.qa.TestCases.APITesting" name="testResponsecode" time="0.033"/>
  <system-out/>
  <testcase classname="com.CA.qa.TestCases.APITesting" name="testResponsecode" time="0.034"/>
  <system-out/>
  <testcase classname="com.CA.qa.TestCases.APITesting" name="testResponsecode" time="0.034"/>
  <system-out/>
  <testcase classname="com.CA.qa.TestCases.APITesting" name="testResponsecode" time="0.049"/>
  <system-out/>
  <testcase classname="com.CA.qa.TestCases.APITesting" name="testResponsecode" time="0.042"/>
  <system-out/>
  <testcase classname="com.CA.qa.TestCases.APITesting" name="testResponsecode" time="0.079"/>
  <system-out/>
  <testcase classname="com.CA.qa.TestCases.APITesting" name="testResponsecode" time="0.032"/>
  <system-out/>
  <testcase classname="com.CA.qa.TestCases.APITesting" name="testResponsecode" time="0.035"/>
  <system-out/>
  <testcase classname="com.CA.qa.TestCases.APITesting" name="testResponsecode" time="0.035"/>
  <system-out/>
  <testcase classname="com.CA.qa.TestCases.APITesting" name="testResponsecode" time="0.037"/>
  <system-out/>
  <testcase classname="com.CA.qa.TestCases.APITesting" name="testResponsecode" time="0.130"/>
  <system-out/>
  <testcase classname="com.CA.qa.TestCases.APITesting" name="testResponsecode" time="0.040"/>
  <system-out/>
  <testcase classname="com.CA.qa.TestCases.APITesting" name="testResponsecode" time="0.150"/>
  <system-out/>
  <testcase classname="com.CA.qa.TestCases.APITesting" name="testResponsecode" time="0.034"/>
  <system-out/>
  <testcase classname="com.CA.qa.TestCases.APITesting" name="testResponsecode" time="0.034"/>
  <system-out/>
  <testcase classname="com.CA.qa.TestCases.APITesting" name="testResponsecode" time="0.035"/>
  <system-out/>
  <testcase classname="com.CA.qa.TestCases.APITesting" name="testResponsecode" time="0.040"/>
  <system-out/>
  <testcase classname="com.CA.qa.TestCases.APITesting" name="testResponsecode" time="0.033"/>
  <system-out/>
  <testcase classname="com.CA.qa.TestCases.APITesting" name="testResponsecode" time="0.035"/>
  <system-out/>
  <testcase classname="com.CA.qa.TestCases.APITesting" name="testResponsecode" time="0.032"/>
  <system-out/>
  <testcase classname="com.CA.qa.TestCases.APITesting" name="testResponsecode" time="0.032"/>
  <system-out/>
  <testcase classname="com.CA.qa.TestCases.APITesting" name="testResponsecode" time="0.034"/>
  <system-out/>
  <testcase classname="com.CA.qa.TestCases.APITesting" name="testResponsecode" time="0.035"/>
  <system-out/>
  <testcase classname="com.CA.qa.TestCases.APITesting" name="testResponsecode" time="0.036"/>
  <system-out/>
  <testcase classname="com.CA.qa.TestCases.APITesting" name="testResponsecode" time="0.052"/>
  <system-out/>
  <testcase classname="com.CA.qa.TestCases.APITesting" name="testResponsecode" time="0.034"/>
  <system-out/>
  <testcase classname="com.CA.qa.TestCases.APITesting" name="testResponsecode" time="0.034"/>
  <system-out/>
  <testcase classname="com.CA.qa.TestCases.APITesting" name="testResponsecode" time="0.042"/>
  <system-out/>
  <testcase classname="com.CA.qa.TestCases.APITesting" name="testResponsecode" time="0.035"/>
  <system-out/>
  <testcase classname="com.CA.qa.TestCases.APITesting" name="testResponsecode" time="0.039"/>
  <system-out/>
  <testcase classname="com.CA.qa.TestCases.APITesting" name="testResponsecode" time="0.032"/>
  <system-out/>
  <testcase classname="com.CA.qa.TestCases.APITesting" name="testResponsecode" time="0.032"/>
  <system-out/>
  <testcase classname="com.CA.qa.TestCases.APITesting" name="testResponsecode" time="0.033"/>
  <system-out/>
  <testcase classname="com.CA.qa.TestCases.APITesting" name="testResponsecode" time="0.039"/>
  <system-out/>
  <testcase classname="com.CA.qa.TestCases.APITesting" name="testResponsecode" time="0.038"/>
  <system-out/>
  <testcase classname="com.CA.qa.TestCases.APITesting" name="testResponsecode" time="0.043"/>
  <system-out/>
  <testcase classname="com.CA.qa.TestCases.APITesting" name="testResponsecode" time="0.055"/>
  <system-out/>
  <testcase classname="com.CA.qa.TestCases.APITesting" name="testResponsecode" time="0.046"/>
  <system-out/>
  <testcase classname="com.CA.qa.TestCases.APITesting" name="testResponsecode" time="0.033"/>
  <system-out/>
  <testcase classname="com.CA.qa.TestCases.APITesting" name="testResponsecode" time="0.052"/>
  <system-out/>
  <testcase classname="com.CA.qa.TestCases.APITesting" name="testResponsecode" time="0.035"/>
  <system-out/>
  <testcase classname="com.CA.qa.TestCases.APITesting" name="testResponsecode" time="0.044"/>
  <system-out/>
  <testcase classname="com.CA.qa.TestCases.APITesting" name="testResponsecode" time="0.040"/>
  <system-out/>
  <testcase classname="com.CA.qa.TestCases.APITesting" name="testResponsecode" time="0.035"/>
  <system-out/>
  <testcase classname="com.CA.qa.TestCases.APITesting" name="testResponsecode" time="0.033"/>
  <system-out/>
  <testcase classname="com.CA.qa.TestCases.APITesting" name="testResponsecode" time="0.033"/>
  <system-out/>
  <testcase classname="com.CA.qa.TestCases.APITesting" name="testResponsecode" time="0.036"/>
  <system-out/>
  <testcase classname="com.CA.qa.TestCases.APITesting" name="testResponsecode" time="0.033"/>
  <system-out/>
  <testcase classname="com.CA.qa.TestCases.APITesting" name="testResponsecode" time="0.045"/>
  <system-out/>
  <testcase classname="com.CA.qa.TestCases.APITesting" name="testResponsecode" time="0.036"/>
  <system-out/>
  <testcase classname="com.CA.qa.TestCases.APITesting" name="testResponsecode" time="0.039"/>
  <system-out/>
  <testcase classname="com.CA.qa.TestCases.APITesting" name="testResponsecode" time="0.041"/>
  <system-out/>
  <testcase classname="com.CA.qa.TestCases.APITesting" name="testResponsecode" time="0.036"/>
  <system-out/>
  <testcase classname="com.CA.qa.TestCases.APITesting" name="testResponsecode" time="0.033"/>
  <system-out/>
  <testcase classname="com.CA.qa.TestCases.APITesting" name="testResponsecode" time="0.034"/>
  <system-out/>
  <testcase classname="com.CA.qa.TestCases.APITesting" name="testResponsecode" time="0.265"/>
  <system-out/>
  <testcase classname="com.CA.qa.TestCases.APITesting" name="testResponsecode" time="0.036"/>
  <system-out/>
  <testcase classname="com.CA.qa.TestCases.APITesting" name="testResponsecode" time="0.039"/>
  <system-out/>
  <testcase classname="com.CA.qa.TestCases.APITesting" name="testResponsecode" time="0.040"/>
  <system-out/>
  <testcase classname="com.CA.qa.TestCases.APITesting" name="testResponsecode" time="0.150"/>
  <system-out/>
  <testcase classname="com.CA.qa.TestCases.APITesting" name="testResponsecode" time="0.034"/>
  <system-out/>
  <testcase classname="com.CA.qa.TestCases.APITesting" name="testResponsecode" time="0.041"/>
  <system-out/>
  <testcase classname="com.CA.qa.TestCases.APITesting" name="testResponsecode" time="0.162"/>
  <system-out/>
  <testcase classname="com.CA.qa.TestCases.APITesting" name="testResponsecode" time="0.035"/>
  <system-out/>
  <testcase classname="com.CA.qa.TestCases.APITesting" name="testResponsecode" time="0.141"/>
  <system-out/>
  <testcase classname="com.CA.qa.TestCases.APITesting" name="testResponsecode" time="0.036"/>
  <system-out/>
  <testcase classname="com.CA.qa.TestCases.APITesting" name="testResponsecode" time="0.143"/>
  <system-out/>
  <testcase classname="com.CA.qa.TestCases.APITesting" name="testResponsecode" time="0.036"/>
  <system-out/>
  <testcase classname="com.CA.qa.TestCases.APITesting" name="testResponsecode" time="0.040"/>
  <system-out/>
  <testcase classname="com.CA.qa.TestCases.APITesting" name="testResponsecode" time="0.039"/>
  <system-out/>
  <testcase classname="com.CA.qa.TestCases.APITesting" name="testResponsecode" time="0.034"/>
  <system-out/>
  <testcase classname="com.CA.qa.TestCases.APITesting" name="testResponsecode" time="0.046"/>
  <system-out/>
  <testcase classname="com.CA.qa.TestCases.APITesting" name="testResponsecode" time="0.037"/>
  <system-out/>
  <testcase classname="com.CA.qa.TestCases.APITesting" name="testResponsecode" time="0.185"/>
  <system-out/>
  <testcase classname="com.CA.qa.TestCases.APITesting" name="testResponsecode" time="0.032"/>
  <system-out/>
  <testcase classname="com.CA.qa.TestCases.APITesting" name="testResponsecode" time="0.035"/>
  <system-out/>
  <testcase classname="com.CA.qa.TestCases.APITesting" name="testResponsecode" time="0.055"/>
  <system-out/>
  <testcase classname="com.CA.qa.TestCases.APITesting" name="testResponsecode" time="0.037"/>
  <system-out/>
  <testcase classname="com.CA.qa.TestCases.APITesting" name="testResponsecode" time="0.041"/>
  <system-out/>
  <testcase classname="com.CA.qa.TestCases.APITesting" name="testResponsecode" time="0.035"/>
  <system-out/>
  <testcase classname="com.CA.qa.TestCases.APITesting" name="testResponsecode" time="0.065"/>
  <system-out/>
  <testcase classname="com.CA.qa.TestCases.APITesting" name="testResponsecode" time="0.131"/>
  <system-out/>
  <testcase classname="com.CA.qa.TestCases.APITesting" name="testResponsecode" time="0.134"/>
  <system-out/>
  <testcase classname="com.CA.qa.TestCases.APITesting" name="testResponsecode" time="0.040"/>
  <system-out/>
  <testcase classname="com.CA.qa.TestCases.APITesting" name="testResponsecode" time="0.036"/>
  <system-out/>
  <testcase classname="com.CA.qa.TestCases.APITesting" name="testResponsecode" time="0.033"/>
  <system-out/>
  <testcase classname="com.CA.qa.TestCases.APITesting" name="testResponsecode" time="0.046"/>
  <system-out/>
  <testcase classname="com.CA.qa.TestCases.APITesting" name="testResponsecode" time="0.039"/>
  <system-out/>
  <testcase classname="com.CA.qa.TestCases.APITesting" name="testResponsecode" time="0.034"/>
  <system-out/>
  <testcase classname="com.CA.qa.TestCases.APITesting" name="testResponsecode" time="0.037"/>
  <system-out/>
  <testcase classname="com.CA.qa.TestCases.APITesting" name="testResponsecode" time="0.048"/>
  <system-out/>
  <testcase classname="com.CA.qa.TestCases.APITesting" name="testResponsecode" time="0.033"/>
  <system-out/>
  <testcase classname="com.CA.qa.TestCases.APITesting" name="testResponsecode" time="0.035"/>
  <system-out/>
  <testcase classname="com.CA.qa.TestCases.APITesting" name="testResponsecode" time="0.037"/>
  <system-out/>
  <testcase classname="com.CA.qa.TestCases.APITesting" name="testResponsecode" time="0.045"/>
  <system-out/>
  <testcase classname="com.CA.qa.TestCases.APITesting" name="testResponsecode" time="0.035"/>
  <system-out/>
  <testcase classname="com.CA.qa.TestCases.APITesting" name="testResponsecode" time="0.040"/>
  <system-out/>
  <testcase classname="com.CA.qa.TestCases.APITesting" name="testResponsecode" time="0.050"/>
  <system-out/>
  <testcase classname="com.CA.qa.TestCases.APITesting" name="testResponsecode" time="0.034"/>
  <system-out/>
  <testcase classname="com.CA.qa.TestCases.APITesting" name="testResponsecode" time="0.036"/>
  <system-out/>
  <testcase classname="com.CA.qa.TestCases.APITesting" name="testResponsecode" time="0.034"/>
  <system-out/>
  <testcase classname="com.CA.qa.TestCases.APITesting" name="testResponsecode" time="0.070"/>
  <system-out/>
  <testcase classname="com.CA.qa.TestCases.APITesting" name="testResponsecode" time="0.038"/>
  <system-out/>
  <testcase classname="com.CA.qa.TestCases.APITesting" name="testResponsecode" time="0.041"/>
  <system-out/>
  <testcase classname="com.CA.qa.TestCases.APITesting" name="testResponsecode" time="0.041"/>
  <system-out/>
  <testcase classname="com.CA.qa.TestCases.APITesting" name="testResponsecode" time="0.162"/>
  <system-out/>
  <testcase classname="com.CA.qa.TestCases.APITesting" name="testResponsecode" time="0.033"/>
  <system-out/>
  <testcase classname="com.CA.qa.TestCases.APITesting" name="testResponsecode" time="0.033"/>
  <system-out/>
  <testcase classname="com.CA.qa.TestCases.APITesting" name="testResponsecode" time="0.036"/>
  <system-out/>
  <testcase classname="com.CA.qa.TestCases.APITesting" name="testResponsecode" time="0.043"/>
  <system-out/>
  <testcase classname="com.CA.qa.TestCases.APITesting" name="testResponsecode" time="0.037"/>
  <system-out/>
  <testcase classname="com.CA.qa.TestCases.APITesting" name="testResponsecode" time="0.034"/>
  <system-out/>
  <testcase classname="com.CA.qa.TestCases.APITesting" name="testResponsecode" time="0.034"/>
  <system-out/>
  <testcase classname="com.CA.qa.TestCases.APITesting" name="testResponsecode" time="0.044"/>
  <system-out/>
  <testcase classname="com.CA.qa.TestCases.APITesting" name="testResponsecode" time="0.158"/>
  <system-out/>
  <testcase classname="com.CA.qa.TestCases.APITesting" name="testResponsecode" time="0.032"/>
  <system-out/>
  <testcase classname="com.CA.qa.TestCases.APITesting" name="testResponsecode" time="0.033"/>
  <system-out/>
  <testcase classname="com.CA.qa.TestCases.APITesting" name="testResponsecode" time="0.038"/>
  <system-out/>
  <testcase classname="com.CA.qa.TestCases.APITesting" name="testResponsecode" time="0.038"/>
  <system-out/>
  <testcase classname="com.CA.qa.TestCases.APITesting" name="testResponsecode" time="0.032"/>
  <system-out/>
  <testcase classname="com.CA.qa.TestCases.APITesting" name="testResponsecode" time="0.034"/>
  <system-out/>
  <testcase classname="com.CA.qa.TestCases.APITesting" name="testResponsecode" time="0.289"/>
  <system-out/>
  <testcase classname="com.CA.qa.TestCases.APITesting" name="testResponsecode" time="0.033"/>
  <system-out/>
  <testcase classname="com.CA.qa.TestCases.APITesting" name="testResponsecode" time="0.040"/>
  <system-out/>
  <testcase classname="com.CA.qa.TestCases.APITesting" name="testResponsecode" time="0.033"/>
  <system-out/>
  <testcase classname="com.CA.qa.TestCases.APITesting" name="testResponsecode" time="0.036"/>
  <system-out/>
  <testcase classname="com.CA.qa.TestCases.APITesting" name="testResponsecode" time="0.043"/>
  <system-out/>
  <testcase classname="com.CA.qa.TestCases.APITesting" name="testResponsecode" time="0.032"/>
  <system-out/>
  <testcase classname="com.CA.qa.TestCases.APITesting" name="testResponsecode" time="0.034"/>
  <system-out/>
  <testcase classname="com.CA.qa.TestCases.APITesting" name="testResponsecode" time="0.032"/>
  <system-out/>
  <testcase classname="com.CA.qa.TestCases.APITesting" name="testResponsecode" time="0.033"/>
  <system-out/>
  <testcase classname="com.CA.qa.TestCases.APITesting" name="testResponsecode" time="0.040"/>
  <system-out/>
  <testcase classname="com.CA.qa.TestCases.APITesting" name="testResponsecode" time="0.037"/>
  <system-out/>
  <testcase classname="com.CA.qa.TestCases.APITesting" name="testResponsecode" time="0.045"/>
  <system-out/>
  <testcase classname="com.CA.qa.TestCases.APITesting" name="testResponsecode" time="0.038"/>
  <system-out/>
  <testcase classname="com.CA.qa.TestCases.APITesting" name="testResponsecode" time="0.040"/>
  <system-out/>
  <testcase classname="com.CA.qa.TestCases.APITesting" name="testResponsecode" time="0.043"/>
  <system-out/>
  <testcase classname="com.CA.qa.TestCases.APITesting" name="testResponsecode" time="0.033"/>
  <system-out/>
  <testcase classname="com.CA.qa.TestCases.APITesting" name="testResponsecode" time="0.036"/>
  <system-out/>
  <testcase classname="com.CA.qa.TestCases.APITesting" name="testResponsecode" time="0.036"/>
  <system-out/>
  <testcase classname="com.CA.qa.TestCases.APITesting" name="testResponsecode" time="0.034"/>
  <system-out/>
  <testcase classname="com.CA.qa.TestCases.APITesting" name="testResponsecode" time="0.041"/>
  <system-out/>
  <testcase classname="com.CA.qa.TestCases.APITesting" name="testResponsecode" time="0.041"/>
  <system-out/>
  <testcase classname="com.CA.qa.TestCases.APITesting" name="testResponsecode" time="0.032"/>
  <system-out/>
  <testcase classname="com.CA.qa.TestCases.APITesting" name="testResponsecode" time="0.037"/>
  <system-out/>
  <testcase classname="com.CA.qa.TestCases.APITesting" name="testResponsecode" time="0.037"/>
  <system-out/>
  <testcase classname="com.CA.qa.TestCases.APITesting" name="testResponsecode" time="0.041"/>
  <system-out/>
  <testcase classname="com.CA.qa.TestCases.APITesting" name="testResponsecode" time="0.036"/>
  <system-out/>
  <testcase classname="com.CA.qa.TestCases.APITesting" name="testResponsecode" time="0.035"/>
  <system-out/>
  <testcase classname="com.CA.qa.TestCases.APITesting" name="testResponsecode" time="0.033"/>
  <system-out/>
  <testcase classname="com.CA.qa.TestCases.APITesting" name="testResponsecode" time="0.033"/>
  <system-out/>
  <testcase classname="com.CA.qa.TestCases.APITesting" name="testResponsecode" time="0.058"/>
  <system-out/>
  <testcase classname="com.CA.qa.TestCases.APITesting" name="testResponsecode" time="0.034"/>
  <system-out/>
  <testcase classname="com.CA.qa.TestCases.APITesting" name="testResponsecode" time="0.135"/>
  <system-out/>
  <testcase classname="com.CA.qa.TestCases.APITesting" name="testResponsecode" time="0.031"/>
  <system-out/>
  <testcase classname="com.CA.qa.TestCases.APITesting" name="testResponsecode" time="0.849"/>
  <system-out/>
  <testcase classname="com.CA.qa.TestCases.APITesting" name="testResponsecode" time="0.036"/>
  <system-out/>
  <testcase classname="com.CA.qa.TestCases.APITesting" name="testResponsecode" time="0.037"/>
  <system-out/>
  <testcase classname="com.CA.qa.TestCases.APITesting" name="testResponsecode" time="0.033"/>
  <system-out/>
  <testcase classname="com.CA.qa.TestCases.APITesting" name="testResponsecode" time="0.037"/>
  <system-out/>
  <testcase classname="com.CA.qa.TestCases.APITesting" name="testResponsecode" time="0.032"/>
  <system-out/>
  <testcase classname="com.CA.qa.TestCases.APITesting" name="testResponsecode" time="0.051"/>
  <system-out/>
  <testcase classname="com.CA.qa.TestCases.APITesting" name="testResponsecode" time="0.033"/>
  <system-out/>
  <testcase classname="com.CA.qa.TestCases.APITesting" name="testResponsecode" time="0.033"/>
  <system-out/>
  <testcase classname="com.CA.qa.TestCases.APITesting" name="testResponsecode" time="0.036"/>
  <system-out/>
  <testcase classname="com.CA.qa.TestCases.APITesting" name="testResponsecode" time="0.035"/>
  <system-out/>
  <testcase classname="com.CA.qa.TestCases.APITesting" name="testResponsecode" time="0.032"/>
  <system-out/>
  <testcase classname="com.CA.qa.TestCases.APITesting" name="testResponsecode" time="0.033"/>
  <system-out/>
  <testcase classname="com.CA.qa.TestCases.APITesting" name="testResponsecode" time="0.035"/>
  <system-out/>
  <testcase classname="com.CA.qa.TestCases.APITesting" name="testResponsecode" time="0.039"/>
  <system-out/>
  <testcase classname="com.CA.qa.TestCases.APITesting" name="testResponsecode" time="0.037"/>
  <system-out/>
  <testcase classname="com.CA.qa.TestCases.APITesting" name="testResponsecode" time="0.034"/>
  <system-out/>
  <testcase classname="com.CA.qa.TestCases.APITesting" name="testResponsecode" time="0.037"/>
  <system-out/>
  <testcase classname="com.CA.qa.TestCases.APITesting" name="testResponsecode" time="0.178"/>
  <system-out/>
  <testcase classname="com.CA.qa.TestCases.APITesting" name="testResponsecode" time="0.053"/>
  <system-out/>
  <testcase classname="com.CA.qa.TestCases.APITesting" name="testResponsecode" time="0.034"/>
  <system-out/>
  <testcase classname="com.CA.qa.TestCases.APITesting" name="testResponsecode" time="0.033"/>
  <system-out/>
  <testcase classname="com.CA.qa.TestCases.APITesting" name="testResponsecode" time="0.037"/>
  <system-out/>
  <testcase classname="com.CA.qa.TestCases.APITesting" name="testResponsecode" time="0.142"/>
  <system-out/>
  <testcase classname="com.CA.qa.TestCases.APITesting" name="testResponsecode" time="0.037"/>
  <system-out/>
  <testcase classname="com.CA.qa.TestCases.APITesting" name="testResponsecode" time="0.034"/>
  <system-out/>
  <testcase classname="com.CA.qa.TestCases.APITesting" name="testResponsecode" time="0.033"/>
  <system-out/>
  <testcase classname="com.CA.qa.TestCases.APITesting" name="testResponsecode" time="0.032"/>
  <system-out/>
  <testcase classname="com.CA.qa.TestCases.APITesting" name="testResponsecode" time="0.043"/>
  <system-out/>
  <testcase classname="com.CA.qa.TestCases.APITesting" name="testResponsecode" time="0.032"/>
  <system-out/>
  <testcase classname="com.CA.qa.TestCases.APITesting" name="testResponsecode" time="0.036"/>
  <system-out/>
  <testcase classname="com.CA.qa.TestCases.APITesting" name="testResponsecode" time="0.158"/>
  <system-out/>
  <testcase classname="com.CA.qa.TestCases.APITesting" name="testResponsecode" time="0.036"/>
  <system-out/>
  <testcase classname="com.CA.qa.TestCases.APITesting" name="testResponsecode" time="0.034"/>
  <system-out/>
  <testcase classname="com.CA.qa.TestCases.APITesting" name="testResponsecode" time="0.033"/>
  <system-out/>
  <testcase classname="com.CA.qa.TestCases.APITesting" name="testResponsecode" time="0.034"/>
  <system-out/>
  <testcase classname="com.CA.qa.TestCases.APITesting" name="testResponsecode" time="0.034"/>
  <system-out/>
  <testcase classname="com.CA.qa.TestCases.APITesting" name="testResponsecode" time="0.034"/>
  <system-out/>
  <testcase classname="com.CA.qa.TestCases.APITesting" name="testResponsecode" time="0.791"/>
  <system-out/>
  <testcase classname="com.CA.qa.TestCases.APITesting" name="testResponsecode" time="0.032"/>
  <system-out/>
  <testcase classname="com.CA.qa.TestCases.APITesting" name="testResponsecode" time="0.044"/>
  <system-out/>
  <testcase classname="com.CA.qa.TestCases.APITesting" name="testResponsecode" time="0.037"/>
  <system-out/>
  <testcase classname="com.CA.qa.TestCases.APITesting" name="testResponsecode" time="0.038"/>
  <system-out/>
  <testcase classname="com.CA.qa.TestCases.APITesting" name="testResponsecode" time="0.033"/>
  <system-out/>
  <testcase classname="com.CA.qa.TestCases.APITesting" name="testResponsecode" time="0.034"/>
  <system-out/>
  <testcase classname="com.CA.qa.TestCases.APITesting" name="testResponsecode" time="0.042"/>
  <system-out/>
  <testcase classname="com.CA.qa.TestCases.APITesting" name="testResponsecode" time="0.146"/>
  <system-out/>
  <testcase classname="com.CA.qa.TestCases.APITesting" name="testResponsecode" time="0.165"/>
  <system-out/>
  <testcase classname="com.CA.qa.TestCases.APITesting" name="testResponsecode" time="0.036"/>
  <system-out/>
  <testcase classname="com.CA.qa.TestCases.APITesting" name="testResponsecode" time="0.034"/>
  <system-out/>
  <testcase classname="com.CA.qa.TestCases.APITesting" name="testResponsecode" time="0.037"/>
  <system-out/>
  <testcase classname="com.CA.qa.TestCases.APITesting" name="testResponsecode" time="0.052"/>
  <system-out/>
  <testcase classname="com.CA.qa.TestCases.APITesting" name="testResponsecode" time="0.052"/>
  <system-out/>
  <testcase classname="com.CA.qa.TestCases.APITesting" name="testResponsecode" time="0.033"/>
  <system-out/>
  <testcase classname="com.CA.qa.TestCases.APITesting" name="testResponsecode" time="0.034"/>
  <system-out/>
  <testcase classname="com.CA.qa.TestCases.APITesting" name="testResponsecode" time="0.075"/>
  <system-out/>
  <testcase classname="com.CA.qa.TestCases.APITesting" name="testResponsecode" time="0.041"/>
  <system-out/>
  <testcase classname="com.CA.qa.TestCases.APITesting" name="testResponsecode" time="0.037"/>
  <system-out/>
  <testcase classname="com.CA.qa.TestCases.APITesting" name="testResponsecode" time="0.038"/>
  <system-out/>
  <testcase classname="com.CA.qa.TestCases.APITesting" name="testResponsecode" time="0.033"/>
  <system-out/>
  <testcase classname="com.CA.qa.TestCases.APITesting" name="testResponsecode" time="0.035"/>
  <system-out/>
  <testcase classname="com.CA.qa.TestCases.APITesting" name="testResponsecode" time="0.033"/>
  <system-out/>
  <testcase classname="com.CA.qa.TestCases.APITesting" name="testResponsecode" time="0.034"/>
  <system-out/>
  <testcase classname="com.CA.qa.TestCases.APITesting" name="testResponsecode" time="0.035"/>
  <system-out/>
  <testcase classname="com.CA.qa.TestCases.APITesting" name="testResponsecode" time="0.037"/>
  <system-out/>
  <testcase classname="com.CA.qa.TestCases.APITesting" name="testResponsecode" time="0.046"/>
  <system-out/>
  <testcase classname="com.CA.qa.TestCases.APITesting" name="testResponsecode" time="0.837"/>
  <system-out/>
  <testcase classname="com.CA.qa.TestCases.APITesting" name="testResponsecode" time="0.041"/>
  <system-out/>
  <testcase classname="com.CA.qa.TestCases.APITesting" name="testResponsecode" time="0.037"/>
  <system-out/>
  <testcase classname="com.CA.qa.TestCases.APITesting" name="testResponsecode" time="0.041"/>
  <system-out/>
  <testcase classname="com.CA.qa.TestCases.APITesting" name="testResponsecode" time="0.045"/>
  <system-out/>
  <testcase classname="com.CA.qa.TestCases.APITesting" name="testResponsecode" time="0.040"/>
  <system-out/>
  <testcase classname="com.CA.qa.TestCases.APITesting" name="testResponsecode" time="0.043"/>
  <system-out/>
  <testcase classname="com.CA.qa.TestCases.APITesting" name="testResponsecode" time="0.035"/>
  <system-out/>
  <testcase classname="com.CA.qa.TestCases.APITesting" name="testResponsecode" time="0.036"/>
  <system-out/>
  <testcase classname="com.CA.qa.TestCases.APITesting" name="testResponsecode" time="0.036"/>
  <system-out/>
  <testcase classname="com.CA.qa.TestCases.APITesting" name="testResponsecode" time="0.036"/>
  <system-out/>
  <testcase classname="com.CA.qa.TestCases.APITesting" name="testResponsecode" time="0.034"/>
  <system-out/>
  <testcase classname="com.CA.qa.TestCases.APITesting" name="testResponsecode" time="0.038"/>
  <system-out/>
  <testcase classname="com.CA.qa.TestCases.APITesting" name="testResponsecode" time="0.032"/>
  <system-out/>
  <testcase classname="com.CA.qa.TestCases.APITesting" name="testResponsecode" time="0.033"/>
  <system-out/>
  <testcase classname="com.CA.qa.TestCases.APITesting" name="testResponsecode" time="0.073"/>
  <system-out/>
  <testcase classname="com.CA.qa.TestCases.APITesting" name="testResponsecode" time="0.033"/>
  <system-out/>
  <testcase classname="com.CA.qa.TestCases.APITesting" name="testResponsecode" time="0.032"/>
  <system-out/>
  <testcase classname="com.CA.qa.TestCases.APITesting" name="testResponsecode" time="0.034"/>
  <system-out/>
  <testcase classname="com.CA.qa.TestCases.APITesting" name="testResponsecode" time="0.041"/>
  <system-out/>
  <testcase classname="com.CA.qa.TestCases.APITesting" name="testResponsecode" time="0.037"/>
  <system-out/>
  <testcase classname="com.CA.qa.TestCases.APITesting" name="testResponsecode" time="0.032"/>
  <system-out/>
  <testcase classname="com.CA.qa.TestCases.APITesting" name="testResponsecode" time="0.033"/>
  <system-out/>
  <testcase classname="com.CA.qa.TestCases.APITesting" name="testResponsecode" time="0.083"/>
  <system-out/>
  <testcase classname="com.CA.qa.TestCases.APITesting" name="testResponsecode" time="0.139"/>
  <system-out/>
  <testcase classname="com.CA.qa.TestCases.APITesting" name="testResponsecode" time="0.043"/>
  <system-out/>
  <testcase classname="com.CA.qa.TestCases.APITesting" name="testResponsecode" time="0.034"/>
  <system-out/>
  <testcase classname="com.CA.qa.TestCases.APITesting" name="testResponsecode" time="0.043"/>
  <system-out/>
  <testcase classname="com.CA.qa.TestCases.APITesting" name="testResponsecode" time="0.033"/>
  <system-out/>
  <testcase classname="com.CA.qa.TestCases.APITesting" name="testResponsecode" time="0.034"/>
  <system-out/>
  <testcase classname="com.CA.qa.TestCases.APITesting" name="testResponsecode" time="0.038"/>
  <system-out/>
  <testcase classname="com.CA.qa.TestCases.APITesting" name="testResponsecode" time="0.032"/>
  <system-out/>
  <testcase classname="com.CA.qa.TestCases.APITesting" name="testResponsecode" time="0.053"/>
  <system-out/>
  <testcase classname="com.CA.qa.TestCases.APITesting" name="testResponsecode" time="0.071"/>
  <system-out/>
  <testcase classname="com.CA.qa.TestCases.APITesting" name="testResponsecode" time="0.033"/>
  <system-out/>
  <testcase classname="com.CA.qa.TestCases.APITesting" name="testResponsecode" time="0.034"/>
  <system-out/>
  <testcase classname="com.CA.qa.TestCases.APITesting" name="testResponsecode" time="0.039"/>
  <system-out/>
  <testcase classname="com.CA.qa.TestCases.APITesting" name="testResponsecode" time="0.049"/>
  <system-out/>
  <testcase classname="com.CA.qa.TestCases.APITesting" name="testResponsecode" time="0.063"/>
  <system-out/>
  <testcase classname="com.CA.qa.TestCases.APITesting" name="testResponsecode" time="0.044"/>
  <system-out/>
  <testcase classname="com.CA.qa.TestCases.APITesting" name="testResponsecode" time="0.034"/>
  <system-out/>
  <testcase classname="com.CA.qa.TestCases.APITesting" name="testResponsecode" time="0.034"/>
  <system-out/>
  <testcase classname="com.CA.qa.TestCases.APITesting" name="testResponsecode" time="0.033"/>
  <system-out/>
  <testcase classname="com.CA.qa.TestCases.APITesting" name="testResponsecode" time="0.033"/>
  <system-out/>
  <testcase classname="com.CA.qa.TestCases.APITesting" name="testResponsecode" time="0.044"/>
  <system-out/>
  <testcase classname="com.CA.qa.TestCases.APITesting" name="testResponsecode" time="0.036"/>
  <system-out/>
  <testcase classname="com.CA.qa.TestCases.APITesting" name="testResponsecode" time="0.032"/>
  <system-out/>
  <testcase classname="com.CA.qa.TestCases.APITesting" name="testResponsecode" time="0.038"/>
  <system-out/>
  <testcase classname="com.CA.qa.TestCases.APITesting" name="testResponsecode" time="0.036"/>
  <system-out/>
  <testcase classname="com.CA.qa.TestCases.APITesting" name="testResponsecode" time="0.044"/>
  <system-out/>
  <testcase classname="com.CA.qa.TestCases.APITesting" name="testResponsecode" time="0.035"/>
  <system-out/>
  <testcase classname="com.CA.qa.TestCases.APITesting" name="testResponsecode" time="0.032"/>
  <system-out/>
  <testcase classname="com.CA.qa.TestCases.APITesting" name="testResponsecode" time="0.084"/>
  <system-out/>
  <testcase classname="com.CA.qa.TestCases.APITesting" name="testResponsecode" time="0.168"/>
  <system-out/>
  <testcase classname="com.CA.qa.TestCases.APITesting" name="testResponsecode" time="0.037"/>
  <system-out/>
  <testcase classname="com.CA.qa.TestCases.APITesting" name="testResponsecode" time="0.038"/>
  <system-out/>
  <testcase classname="com.CA.qa.TestCases.APITesting" name="testResponsecode" time="0.074"/>
  <system-out/>
  <testcase classname="com.CA.qa.TestCases.APITesting" name="testResponsecode" time="0.261"/>
  <system-out/>
  <testcase classname="com.CA.qa.TestCases.APITesting" name="testResponsecode" time="0.042"/>
  <system-out/>
  <testcase classname="com.CA.qa.TestCases.APITesting" name="testResponsecode" time="0.437"/>
  <system-out/>
  <testcase classname="com.CA.qa.TestCases.APITesting" name="testResponsecode" time="0.056"/>
  <system-out/>
  <testcase classname="com.CA.qa.TestCases.APITesting" name="testResponsecode" time="0.036"/>
  <system-out/>
  <testcase classname="com.CA.qa.TestCases.APITesting" name="testResponsecode" time="0.033"/>
  <system-out/>
  <testcase classname="com.CA.qa.TestCases.APITesting" name="testResponsecode" time="0.042"/>
  <system-out/>
  <testcase classname="com.CA.qa.TestCases.APITesting" name="testResponsecode" time="0.038"/>
  <system-out/>
  <testcase classname="com.CA.qa.TestCases.APITesting" name="testResponsecode" time="0.033"/>
  <system-out/>
  <testcase classname="com.CA.qa.TestCases.APITesting" name="testResponsecode" time="0.038"/>
  <system-out/>
  <testcase classname="com.CA.qa.TestCases.APITesting" name="testResponsecode" time="0.039"/>
  <system-out/>
  <testcase classname="com.CA.qa.TestCases.APITesting" name="testResponsecode" time="0.035"/>
  <system-out/>
  <testcase classname="com.CA.qa.TestCases.APITesting" name="testResponsecode" time="0.031"/>
  <system-out/>
  <testcase classname="com.CA.qa.TestCases.APITesting" name="testResponsecode" time="0.034"/>
  <system-out/>
  <testcase classname="com.CA.qa.TestCases.APITesting" name="testResponsecode" time="0.047"/>
  <system-out/>
  <testcase classname="com.CA.qa.TestCases.APITesting" name="testResponsecode" time="0.035"/>
  <system-out/>
  <testcase classname="com.CA.qa.TestCases.APITesting" name="testResponsecode" time="0.032"/>
  <system-out/>
  <testcase classname="com.CA.qa.TestCases.APITesting" name="testResponsecode" time="0.307"/>
  <system-out/>
  <testcase classname="com.CA.qa.TestCases.APITesting" name="testResponsecode" time="0.174"/>
  <system-out/>
  <testcase classname="com.CA.qa.TestCases.APITesting" name="testResponsecode" time="0.034"/>
  <system-out/>
  <testcase classname="com.CA.qa.TestCases.APITesting" name="testResponsecode" time="0.038"/>
  <system-out/>
  <testcase classname="com.CA.qa.TestCases.APITesting" name="testResponsecode" time="0.051"/>
  <system-out/>
  <testcase classname="com.CA.qa.TestCases.APITesting" name="testResponsecode" time="0.037"/>
  <system-out/>
  <testcase classname="com.CA.qa.TestCases.APITesting" name="testResponsecode" time="0.055"/>
  <system-out/>
  <testcase classname="com.CA.qa.TestCases.APITesting" name="testResponsecode" time="0.034"/>
  <system-out/>
  <testcase classname="com.CA.qa.TestCases.APITesting" name="testResponsecode" time="0.038"/>
  <system-out/>
  <testcase classname="com.CA.qa.TestCases.APITesting" name="testResponsecode" time="0.161"/>
  <system-out/>
  <testcase classname="com.CA.qa.TestCases.APITesting" name="testResponsecode" time="0.039"/>
  <system-out/>
  <testcase classname="com.CA.qa.TestCases.APITesting" name="testResponsecode" time="0.049"/>
  <system-out/>
  <testcase classname="com.CA.qa.TestCases.APITesting" name="testResponsecode" time="0.032"/>
  <system-out/>
  <testcase classname="com.CA.qa.TestCases.APITesting" name="testResponsecode" time="0.034"/>
  <system-out/>
  <testcase classname="com.CA.qa.TestCases.APITesting" name="testResponsecode" time="0.033"/>
  <system-out/>
  <testcase classname="com.CA.qa.TestCases.APITesting" name="testResponsecode" time="0.040"/>
  <system-out/>
  <testcase classname="com.CA.qa.TestCases.APITesting" name="testResponsecode" time="0.034"/>
  <system-out/>
  <testcase classname="com.CA.qa.TestCases.APITesting" name="testResponsecode" time="0.038"/>
  <system-out/>
  <testcase classname="com.CA.qa.TestCases.APITesting" name="testResponsecode" time="0.034"/>
  <system-out/>
  <testcase classname="com.CA.qa.TestCases.APITesting" name="testResponsecode" time="0.052"/>
  <system-out/>
  <testcase classname="com.CA.qa.TestCases.APITesting" name="testResponsecode" time="0.030"/>
  <system-out/>
  <testcase classname="com.CA.qa.TestCases.APITesting" name="testResponsecode" time="0.044"/>
  <system-out/>
  <testcase classname="com.CA.qa.TestCases.APITesting" name="testResponsecode" time="0.038"/>
  <system-out/>
  <testcase classname="com.CA.qa.TestCases.APITesting" name="testResponsecode" time="0.051"/>
  <system-out/>
  <testcase classname="com.CA.qa.TestCases.APITesting" name="testResponsecode" time="0.033"/>
  <system-out/>
  <testcase classname="com.CA.qa.TestCases.APITesting" name="testResponsecode" time="0.442"/>
  <system-out/>
  <testcase classname="com.CA.qa.TestCases.APITesting" name="testResponsecode" time="0.036"/>
  <system-out/>
  <testcase classname="com.CA.qa.TestCases.APITesting" name="testResponsecode" time="0.032"/>
  <system-out/>
  <testcase classname="com.CA.qa.TestCases.APITesting" name="testResponsecode" time="0.044"/>
  <system-out/>
  <testcase classname="com.CA.qa.TestCases.APITesting" name="testResponsecode" time="0.040"/>
  <system-out/>
  <testcase classname="com.CA.qa.TestCases.APITesting" name="testResponsecode" time="0.034"/>
  <system-out/>
  <testcase classname="com.CA.qa.TestCases.APITesting" name="testResponsecode" time="0.034"/>
  <system-out/>
  <testcase classname="com.CA.qa.TestCases.APITesting" name="testResponsecode" time="0.045"/>
  <system-out/>
  <testcase classname="com.CA.qa.TestCases.APITesting" name="testResponsecode" time="0.036"/>
  <system-out/>
  <testcase classname="com.CA.qa.TestCases.APITesting" name="testResponsecode" time="0.034"/>
  <system-out/>
  <testcase classname="com.CA.qa.TestCases.APITesting" name="testResponsecode" time="0.429"/>
  <system-out/>
  <testcase classname="com.CA.qa.TestCases.APITesting" name="testResponsecode" time="0.032"/>
  <system-out/>
  <testcase classname="com.CA.qa.TestCases.APITesting" name="testResponsecode" time="0.033"/>
  <system-out/>
  <testcase classname="com.CA.qa.TestCases.APITesting" name="testResponsecode" time="0.033"/>
  <system-out/>
  <testcase classname="com.CA.qa.TestCases.APITesting" name="testResponsecode" time="0.037"/>
  <system-out/>
  <testcase classname="com.CA.qa.TestCases.APITesting" name="testResponsecode" time="0.045"/>
  <system-out/>
  <testcase classname="com.CA.qa.TestCases.APITesting" name="testResponsecode" time="0.036"/>
  <system-out/>
  <testcase classname="com.CA.qa.TestCases.APITesting" name="testResponsecode" time="0.064"/>
  <system-out/>
  <testcase classname="com.CA.qa.TestCases.APITesting" name="testResponsecode" time="0.047"/>
  <system-out/>
  <testcase classname="com.CA.qa.TestCases.APITesting" name="testResponsecode" time="0.033"/>
  <system-out/>
  <testcase classname="com.CA.qa.TestCases.APITesting" name="testResponsecode" time="0.036"/>
  <system-out/>
  <testcase classname="com.CA.qa.TestCases.APITesting" name="testResponsecode" time="0.033"/>
  <system-out/>
  <testcase classname="com.CA.qa.TestCases.APITesting" name="testResponsecode" time="0.032"/>
  <system-out/>
  <testcase classname="com.CA.qa.TestCases.APITesting" name="testResponsecode" time="0.034"/>
  <system-out/>
  <testcase classname="com.CA.qa.TestCases.APITesting" name="testResponsecode" time="0.037"/>
  <system-out/>
  <testcase classname="com.CA.qa.TestCases.APITesting" name="testResponsecode" time="0.035"/>
  <system-out/>
  <testcase classname="com.CA.qa.TestCases.APITesting" name="testResponsecode" time="0.034"/>
  <system-out/>
  <testcase classname="com.CA.qa.TestCases.APITesting" name="testResponsecode" time="0.140"/>
  <system-out/>
  <testcase classname="com.CA.qa.TestCases.APITesting" name="testResponsecode" time="0.034"/>
  <system-out/>
  <testcase classname="com.CA.qa.TestCases.APITesting" name="testResponsecode" time="0.034"/>
  <system-out/>
  <testcase classname="com.CA.qa.TestCases.APITesting" name="testResponsecode" time="0.036"/>
  <system-out/>
  <testcase classname="com.CA.qa.TestCases.APITesting" name="testResponsecode" time="0.205"/>
  <system-out/>
  <testcase classname="com.CA.qa.TestCases.APITesting" name="testResponsecode" time="0.037"/>
  <system-out/>
  <testcase classname="com.CA.qa.TestCases.APITesting" name="testResponsecode" time="0.048"/>
  <system-out/>
  <testcase classname="com.CA.qa.TestCases.APITesting" name="testResponsecode" time="0.183"/>
  <system-out/>
  <testcase classname="com.CA.qa.TestCases.APITesting" name="testResponsecode" time="0.036"/>
  <system-out/>
  <testcase classname="com.CA.qa.TestCases.APITesting" name="testResponsecode" time="0.038"/>
  <system-out/>
  <testcase classname="com.CA.qa.TestCases.APITesting" name="testResponsecode" time="0.033"/>
  <system-out/>
  <testcase classname="com.CA.qa.TestCases.APITesting" name="testResponsecode" time="0.037"/>
  <system-out/>
  <testcase classname="com.CA.qa.TestCases.APITesting" name="testResponsecode" time="0.036"/>
  <system-out/>
  <testcase classname="com.CA.qa.TestCases.APITesting" name="testResponsecode" time="0.033"/>
  <system-out/>
  <testcase classname="com.CA.qa.TestCases.APITesting" name="testResponsecode" time="0.034"/>
  <system-out/>
  <testcase classname="com.CA.qa.TestCases.APITesting" name="testResponsecode" time="0.137"/>
  <system-out/>
  <testcase classname="com.CA.qa.TestCases.APITesting" name="testResponsecode" time="0.036"/>
  <system-out/>
  <testcase classname="com.CA.qa.TestCases.APITesting" name="testResponsecode" time="0.039"/>
  <system-out/>
  <testcase classname="com.CA.qa.TestCases.APITesting" name="testResponsecode" time="0.063"/>
  <system-out/>
  <testcase classname="com.CA.qa.TestCases.APITesting" name="testResponsecode" time="0.035"/>
  <system-out/>
  <testcase classname="com.CA.qa.TestCases.APITesting" name="testResponsecode" time="0.035"/>
  <system-out/>
  <testcase classname="com.CA.qa.TestCases.APITesting" name="testResponsecode" time="0.138"/>
  <system-out/>
  <testcase classname="com.CA.qa.TestCases.APITesting" name="testResponsecode" time="0.033"/>
  <system-out/>
  <testcase classname="com.CA.qa.TestCases.APITesting" name="testResponsecode" time="0.049"/>
  <system-out/>
  <testcase classname="com.CA.qa.TestCases.APITesting" name="testResponsecode" time="0.126"/>
  <system-out/>
  <testcase classname="com.CA.qa.TestCases.APITesting" name="testResponsecode" time="0.039"/>
  <system-out/>
  <testcase classname="com.CA.qa.TestCases.APITesting" name="testResponsecode" time="0.036"/>
  <system-out/>
  <testcase classname="com.CA.qa.TestCases.APITesting" name="testResponsecode" time="0.036"/>
  <system-out/>
  <testcase classname="com.CA.qa.TestCases.APITesting" name="testResponsecode" time="0.040"/>
  <system-out/>
  <testcase classname="com.CA.qa.TestCases.APITesting" name="testResponsecode" time="0.032"/>
  <system-out/>
  <testcase classname="com.CA.qa.TestCases.APITesting" name="testResponsecode" time="0.034"/>
  <system-out/>
  <testcase classname="com.CA.qa.TestCases.APITesting" name="testResponsecode" time="0.058"/>
  <system-out/>
  <testcase classname="com.CA.qa.TestCases.APITesting" name="testResponsecode" time="0.032"/>
  <system-out/>
  <testcase classname="com.CA.qa.TestCases.APITesting" name="testResponsecode" time="0.036"/>
  <system-out/>
  <testcase classname="com.CA.qa.TestCases.APITesting" name="testResponsecode" time="0.039"/>
  <system-out/>
  <testcase classname="com.CA.qa.TestCases.APITesting" name="testResponsecode" time="0.108"/>
  <system-out/>
  <testcase classname="com.CA.qa.TestCases.APITesting" name="testResponsecode" time="0.033"/>
  <system-out/>
  <testcase classname="com.CA.qa.TestCases.APITesting" name="testResponsecode" time="0.142"/>
  <system-out/>
  <testcase classname="com.CA.qa.TestCases.APITesting" name="testResponsecode" time="0.036"/>
  <system-out/>
  <testcase classname="com.CA.qa.TestCases.APITesting" name="testResponsecode" time="0.035"/>
  <system-out/>
  <testcase classname="com.CA.qa.TestCases.APITesting" name="testResponsecode" time="0.034"/>
  <system-out/>
  <testcase classname="com.CA.qa.TestCases.APITesting" name="testResponsecode" time="0.043"/>
  <system-out/>
  <testcase classname="com.CA.qa.TestCases.APITesting" name="testResponsecode" time="0.035"/>
  <system-out/>
  <testcase classname="com.CA.qa.TestCases.APITesting" name="testResponsecode" time="0.036"/>
  <system-out/>
  <testcase classname="com.CA.qa.TestCases.APITesting" name="testResponsecode" time="0.033"/>
  <system-out/>
  <testcase classname="com.CA.qa.TestCases.APITesting" name="testResponsecode" time="0.043"/>
  <system-out/>
  <testcase classname="com.CA.qa.TestCases.APITesting" name="testResponsecode" time="0.035"/>
  <system-out/>
  <testcase classname="com.CA.qa.TestCases.APITesting" name="testResponsecode" time="0.036"/>
  <system-out/>
  <testcase classname="com.CA.qa.TestCases.APITesting" name="testResponsecode" time="0.034"/>
  <system-out/>
  <testcase classname="com.CA.qa.TestCases.APITesting" name="testResponsecode" time="0.040"/>
  <system-out/>
  <testcase classname="com.CA.qa.TestCases.APITesting" name="testResponsecode" time="0.033"/>
  <system-out/>
  <testcase classname="com.CA.qa.TestCases.APITesting" name="testResponsecode" time="0.037"/>
  <system-out/>
  <testcase classname="com.CA.qa.TestCases.APITesting" name="testResponsecode" time="0.033"/>
  <system-out/>
  <testcase classname="com.CA.qa.TestCases.APITesting" name="testResponsecode" time="0.036"/>
  <system-out/>
  <testcase classname="com.CA.qa.TestCases.APITesting" name="testResponsecode" time="0.038"/>
  <system-out/>
  <testcase classname="com.CA.qa.TestCases.APITesting" name="testResponsecode" time="0.143"/>
  <system-out/>
  <testcase classname="com.CA.qa.TestCases.APITesting" name="testResponsecode" time="0.033"/>
  <system-out/>
  <testcase classname="com.CA.qa.TestCases.APITesting" name="testResponsecode" time="0.032"/>
  <system-out/>
  <testcase classname="com.CA.qa.TestCases.APITesting" name="testResponsecode" time="0.032"/>
  <system-out/>
  <testcase classname="com.CA.qa.TestCases.APITesting" name="testResponsecode" time="0.033"/>
  <system-out/>
  <testcase classname="com.CA.qa.TestCases.APITesting" name="testResponsecode" time="0.041"/>
  <system-out/>
  <testcase classname="com.CA.qa.TestCases.APITesting" name="testResponsecode" time="0.039"/>
  <system-out/>
  <testcase classname="com.CA.qa.TestCases.APITesting" name="testResponsecode" time="0.033"/>
  <system-out/>
  <testcase classname="com.CA.qa.TestCases.APITesting" name="testResponsecode" time="0.036"/>
  <system-out/>
  <testcase classname="com.CA.qa.TestCases.APITesting" name="testResponsecode" time="0.033"/>
  <system-out/>
  <testcase classname="com.CA.qa.TestCases.APITesting" name="testResponsecode" time="0.034"/>
  <system-out/>
  <testcase classname="com.CA.qa.TestCases.APITesting" name="testResponsecode" time="0.036"/>
  <system-out/>
  <testcase classname="com.CA.qa.TestCases.APITesting" name="testResponsecode" time="0.036"/>
  <system-out/>
  <testcase classname="com.CA.qa.TestCases.APITesting" name="testResponsecode" time="0.051"/>
  <system-out/>
  <testcase classname="com.CA.qa.TestCases.APITesting" name="testResponsecode" time="0.036"/>
  <system-out/>
  <testcase classname="com.CA.qa.TestCases.APITesting" name="testResponsecode" time="0.034"/>
  <system-out/>
  <testcase classname="com.CA.qa.TestCases.APITesting" name="testResponsecode" time="0.037"/>
  <system-out/>
  <testcase classname="com.CA.qa.TestCases.APITesting" name="testResponsecode" time="0.040"/>
  <system-out/>
  <testcase classname="com.CA.qa.TestCases.APITesting" name="testResponsecode" time="0.034"/>
  <system-out/>
  <testcase classname="com.CA.qa.TestCases.APITesting" name="testResponsecode" time="0.047"/>
  <system-out/>
  <testcase classname="com.CA.qa.TestCases.APITesting" name="testResponsecode" time="0.048"/>
  <system-out/>
  <testcase classname="com.CA.qa.TestCases.APITesting" name="testResponsecode" time="0.054"/>
  <system-out/>
  <testcase classname="com.CA.qa.TestCases.APITesting" name="testResponsecode" time="0.033"/>
  <system-out/>
  <testcase classname="com.CA.qa.TestCases.APITesting" name="testResponsecode" time="0.037"/>
  <system-out/>
  <testcase classname="com.CA.qa.TestCases.APITesting" name="testResponsecode" time="0.120"/>
  <system-out/>
  <testcase classname="com.CA.qa.TestCases.APITesting" name="testResponsecode" time="0.051"/>
  <system-out/>
  <testcase classname="com.CA.qa.TestCases.APITesting" name="testResponsecode" time="0.042"/>
  <system-out/>
  <testcase classname="com.CA.qa.TestCases.APITesting" name="testResponsecode" time="0.042"/>
  <system-out/>
  <testcase classname="com.CA.qa.TestCases.APITesting" name="testResponsecode" time="0.035"/>
  <system-out/>
  <testcase classname="com.CA.qa.TestCases.APITesting" name="testResponsecode" time="0.148"/>
  <system-out/>
  <testcase classname="com.CA.qa.TestCases.APITesting" name="testResponsecode" time="0.033"/>
  <system-out/>
  <testcase classname="com.CA.qa.TestCases.APITesting" name="testResponsecode" time="0.038"/>
  <system-out/>
  <testcase classname="com.CA.qa.TestCases.APITesting" name="testResponsecode" time="0.035"/>
  <system-out/>
  <testcase classname="com.CA.qa.TestCases.APITesting" name="testResponsecode" time="0.037"/>
  <system-out/>
  <testcase classname="com.CA.qa.TestCases.APITesting" name="testResponsecode" time="0.036"/>
  <system-out/>
  <testcase classname="com.CA.qa.TestCases.APITesting" name="testResponsecode" time="0.049"/>
  <system-out/>
  <testcase classname="com.CA.qa.TestCases.APITesting" name="testResponsecode" time="0.044"/>
  <system-out/>
  <testcase classname="com.CA.qa.TestCases.APITesting" name="testResponsecode" time="0.036"/>
  <system-out/>
  <testcase classname="com.CA.qa.TestCases.APITesting" name="testResponsecode" time="0.034"/>
  <system-out/>
  <testcase classname="com.CA.qa.TestCases.APITesting" name="testResponsecode" time="0.037"/>
  <system-out/>
  <testcase classname="com.CA.qa.TestCases.APITesting" name="testResponsecode" time="0.899"/>
  <system-out/>
  <testcase classname="com.CA.qa.TestCases.APITesting" name="testResponsecode" time="0.033"/>
  <system-out/>
  <testcase classname="com.CA.qa.TestCases.APITesting" name="testResponsecode" time="0.033"/>
  <system-out/>
  <testcase classname="com.CA.qa.TestCases.APITesting" name="testResponsecode" time="0.035"/>
  <system-out/>
  <testcase classname="com.CA.qa.TestCases.APITesting" name="testResponsecode" time="0.034"/>
  <system-out/>
  <testcase classname="com.CA.qa.TestCases.APITesting" name="testResponsecode" time="0.036"/>
  <system-out/>
  <testcase classname="com.CA.qa.TestCases.APITesting" name="testResponsecode" time="0.035"/>
  <system-out/>
  <testcase classname="com.CA.qa.TestCases.APITesting" name="testResponsecode" time="0.044"/>
  <system-out/>
  <testcase classname="com.CA.qa.TestCases.APITesting" name="testResponsecode" time="0.032"/>
  <system-out/>
  <testcase classname="com.CA.qa.TestCases.APITesting" name="testResponsecode" time="0.035"/>
  <system-out/>
  <testcase classname="com.CA.qa.TestCases.APITesting" name="testResponsecode" time="0.152"/>
  <system-out/>
  <testcase classname="com.CA.qa.TestCases.APITesting" name="testResponsecode" time="0.034"/>
  <system-out/>
  <testcase classname="com.CA.qa.TestCases.APITesting" name="testResponsecode" time="0.041"/>
  <system-out/>
  <testcase classname="com.CA.qa.TestCases.APITesting" name="testResponsecode" time="0.034"/>
  <system-out/>
  <testcase classname="com.CA.qa.TestCases.APITesting" name="testResponsecode" time="0.045"/>
  <system-out/>
  <testcase classname="com.CA.qa.TestCases.APITesting" name="testResponsecode" time="0.035"/>
  <system-out/>
  <testcase classname="com.CA.qa.TestCases.APITesting" name="testResponsecode" time="0.037"/>
  <system-out/>
  <testcase classname="com.CA.qa.TestCases.APITesting" name="testResponsecode" time="0.037"/>
  <system-out/>
  <testcase classname="com.CA.qa.TestCases.APITesting" name="testResponsecode" time="0.084"/>
  <system-out/>
  <testcase classname="com.CA.qa.TestCases.APITesting" name="testResponsecode" time="0.035"/>
  <system-out/>
  <testcase classname="com.CA.qa.TestCases.APITesting" name="testResponsecode" time="0.034"/>
  <system-out/>
  <testcase classname="com.CA.qa.TestCases.APITesting" name="testResponsecode" time="0.033"/>
  <system-out/>
  <testcase classname="com.CA.qa.TestCases.APITesting" name="testResponsecode" time="0.125"/>
  <system-out/>
  <testcase classname="com.CA.qa.TestCases.APITesting" name="testResponsecode" time="0.034"/>
  <system-out/>
  <testcase classname="com.CA.qa.TestCases.APITesting" name="testResponsecode" time="0.053"/>
  <system-out/>
  <testcase classname="com.CA.qa.TestCases.APITesting" name="testResponsecode" time="0.034"/>
  <system-out/>
  <testcase classname="com.CA.qa.TestCases.APITesting" name="testResponsecode" time="0.044"/>
  <system-out/>
  <testcase classname="com.CA.qa.TestCases.APITesting" name="testResponsecode" time="0.041"/>
  <system-out/>
  <testcase classname="com.CA.qa.TestCases.APITesting" name="testResponsecode" time="0.033"/>
  <system-out/>
  <testcase classname="com.CA.qa.TestCases.APITesting" name="testResponsecode" time="0.129"/>
  <system-out/>
  <testcase classname="com.CA.qa.TestCases.APITesting" name="testResponsecode" time="0.035"/>
  <system-out/>
  <testcase classname="com.CA.qa.TestCases.APITesting" name="testResponsecode" time="0.238"/>
  <system-out/>
  <testcase classname="com.CA.qa.TestCases.APITesting" name="testResponsecode" time="0.033"/>
  <system-out/>
  <testcase classname="com.CA.qa.TestCases.APITesting" name="testResponsecode" time="0.041"/>
  <system-out/>
  <testcase classname="com.CA.qa.TestCases.APITesting" name="testResponsecode" time="0.031"/>
  <system-out/>
  <testcase classname="com.CA.qa.TestCases.APITesting" name="testResponsecode" time="0.033"/>
  <system-out/>
  <testcase classname="com.CA.qa.TestCases.APITesting" name="testResponsecode" time="0.034"/>
  <system-out/>
  <testcase classname="com.CA.qa.TestCases.APITesting" name="testResponsecode" time="0.040"/>
  <system-out/>
  <testcase classname="com.CA.qa.TestCases.APITesting" name="testResponsecode" time="0.161"/>
  <system-out/>
  <testcase classname="com.CA.qa.TestCases.APITesting" name="testResponsecode" time="0.903"/>
  <system-out/>
  <testcase classname="com.CA.qa.TestCases.APITesting" name="testResponsecode" time="0.048"/>
  <system-out/>
  <testcase classname="com.CA.qa.TestCases.APITesting" name="testResponsecode" time="0.031"/>
  <system-out/>
  <testcase classname="com.CA.qa.TestCases.APITesting" name="testResponsecode" time="0.040"/>
  <system-out/>
  <testcase classname="com.CA.qa.TestCases.APITesting" name="testResponsecode" time="0.037"/>
  <system-out/>
  <testcase classname="com.CA.qa.TestCases.APITesting" name="testResponsecode" time="0.048"/>
  <system-out/>
  <testcase classname="com.CA.qa.TestCases.APITesting" name="testResponsecode" time="0.035"/>
  <system-out/>
  <testcase classname="com.CA.qa.TestCases.APITesting" name="testResponsecode" time="0.038"/>
  <system-out/>
  <testcase classname="com.CA.qa.TestCases.APITesting" name="testResponsecode" time="0.043"/>
  <system-out/>
  <testcase classname="com.CA.qa.TestCases.APITesting" name="testResponsecode" time="0.036"/>
  <system-out/>
  <testcase classname="com.CA.qa.TestCases.APITesting" name="testResponsecode" time="0.966"/>
  <system-out/>
  <testcase classname="com.CA.qa.TestCases.APITesting" name="testResponsecode" time="0.044"/>
  <system-out/>
  <testcase classname="com.CA.qa.TestCases.APITesting" name="testResponsecode" time="0.140"/>
  <system-out/>
  <testcase classname="com.CA.qa.TestCases.APITesting" name="testResponsecode" time="0.042"/>
  <system-out/>
  <testcase classname="com.CA.qa.TestCases.APITesting" name="testResponsecode" time="0.041"/>
  <system-out/>
  <testcase classname="com.CA.qa.TestCases.APITesting" name="testResponsecode" time="0.040"/>
  <system-out/>
  <testcase classname="com.CA.qa.TestCases.APITesting" name="testResponsecode" time="1.007"/>
  <system-out/>
  <testcase classname="com.CA.qa.TestCases.APITesting" name="testResponsecode" time="0.044"/>
  <system-out/>
  <testcase classname="com.CA.qa.TestCases.APITesting" name="testResponsecode" time="0.033"/>
  <system-out/>
  <testcase classname="com.CA.qa.TestCases.APITesting" name="testResponsecode" time="0.036"/>
  <system-out/>
  <testcase classname="com.CA.qa.TestCases.APITesting" name="testResponsecode" time="0.034"/>
  <system-out/>
  <testcase classname="com.CA.qa.TestCases.APITesting" name="testResponsecode" time="0.035"/>
  <system-out/>
  <testcase classname="com.CA.qa.TestCases.APITesting" name="testResponsecode" time="0.038"/>
  <system-out/>
  <testcase classname="com.CA.qa.TestCases.APITesting" name="testResponsecode" time="0.581"/>
  <system-out/>
  <testcase classname="com.CA.qa.TestCases.APITesting" name="testResponsecode" time="0.036"/>
  <system-out/>
  <testcase classname="com.CA.qa.TestCases.APITesting" name="testResponsecode" time="0.037"/>
  <system-out/>
  <testcase classname="com.CA.qa.TestCases.APITesting" name="testResponsecode" time="0.046"/>
  <system-out/>
  <testcase classname="com.CA.qa.TestCases.APITesting" name="testResponsecode" time="0.038"/>
  <system-out/>
  <testcase classname="com.CA.qa.TestCases.APITesting" name="testResponsecode" time="0.032"/>
  <system-out/>
  <testcase classname="com.CA.qa.TestCases.APITesting" name="testResponsecode" time="0.139"/>
  <system-out/>
  <testcase classname="com.CA.qa.TestCases.APITesting" name="testResponsecode" time="0.039"/>
  <system-out/>
  <testcase classname="com.CA.qa.TestCases.APITesting" name="testResponsecode" time="0.036"/>
  <system-out/>
  <testcase classname="com.CA.qa.TestCases.APITesting" name="testResponsecode" time="0.051"/>
  <system-out/>
  <testcase classname="com.CA.qa.TestCases.APITesting" name="testResponsecode" time="0.039"/>
  <system-out/>
  <testcase classname="com.CA.qa.TestCases.APITesting" name="testResponsecode" time="0.032"/>
  <system-out/>
  <testcase classname="com.CA.qa.TestCases.APITesting" name="testResponsecode" time="0.118"/>
  <system-out/>
  <testcase classname="com.CA.qa.TestCases.APITesting" name="testResponsecode" time="0.207"/>
  <system-out/>
  <testcase classname="com.CA.qa.TestCases.APITesting" name="testResponsecode" time="0.139"/>
  <system-out/>
  <testcase classname="com.CA.qa.TestCases.APITesting" name="testResponsecode" time="0.034"/>
  <system-out/>
  <testcase classname="com.CA.qa.TestCases.APITesting" name="testResponsecode" time="0.046"/>
  <system-out/>
  <testcase classname="com.CA.qa.TestCases.APITesting" name="testResponsecode" time="0.042"/>
  <system-out/>
  <testcase classname="com.CA.qa.TestCases.APITesting" name="testResponsecode" time="0.033"/>
  <system-out/>
  <testcase classname="com.CA.qa.TestCases.APITesting" name="testResponsecode" time="0.034"/>
  <system-out/>
  <testcase classname="com.CA.qa.TestCases.APITesting" name="testResponsecode" time="0.038"/>
  <system-out/>
  <testcase classname="com.CA.qa.TestCases.APITesting" name="testResponsecode" time="0.039"/>
  <system-out/>
  <testcase classname="com.CA.qa.TestCases.APITesting" name="testResponsecode" time="0.035"/>
  <system-out/>
  <testcase classname="com.CA.qa.TestCases.APITesting" name="testResponsecode" time="0.043"/>
  <system-out/>
  <testcase classname="com.CA.qa.TestCases.APITesting" name="testResponsecode" time="0.034"/>
  <system-out/>
  <testcase classname="com.CA.qa.TestCases.APITesting" name="testResponsecode" time="0.814"/>
  <system-out/>
  <testcase classname="com.CA.qa.TestCases.APITesting" name="testResponsecode" time="0.039"/>
  <system-out/>
  <testcase classname="com.CA.qa.TestCases.APITesting" name="testResponsecode" time="0.082"/>
  <system-out/>
  <testcase classname="com.CA.qa.TestCases.APITesting" name="testResponsecode" time="0.035"/>
  <system-out/>
  <testcase classname="com.CA.qa.TestCases.APITesting" name="testResponsecode" time="0.035"/>
  <system-out/>
  <testcase classname="com.CA.qa.TestCases.APITesting" name="testResponsecode" time="0.044"/>
  <system-out/>
  <testcase classname="com.CA.qa.TestCases.APITesting" name="testResponsecode" time="0.040"/>
  <system-out/>
  <testcase classname="com.CA.qa.TestCases.APITesting" name="testResponsecode" time="0.038"/>
  <system-out/>
  <testcase classname="com.CA.qa.TestCases.APITesting" name="testResponsecode" time="0.038"/>
  <system-out/>
  <testcase classname="com.CA.qa.TestCases.APITesting" name="testResponsecode" time="0.034"/>
  <system-out/>
  <testcase classname="com.CA.qa.TestCases.APITesting" name="testResponsecode" time="0.052"/>
  <system-out/>
  <testcase classname="com.CA.qa.TestCases.APITesting" name="testResponsecode" time="0.032"/>
  <system-out/>
  <testcase classname="com.CA.qa.TestCases.APITesting" name="testResponsecode" time="0.133"/>
  <system-out/>
  <testcase classname="com.CA.qa.TestCases.APITesting" name="testResponsecode" time="0.032"/>
  <system-out/>
  <testcase classname="com.CA.qa.TestCases.APITesting" name="testResponsecode" time="0.039"/>
  <system-out/>
  <testcase classname="com.CA.qa.TestCases.APITesting" name="testResponsecode" time="0.059"/>
  <system-out/>
  <testcase classname="com.CA.qa.TestCases.APITesting" name="testResponsecode" time="0.035"/>
  <system-out/>
  <testcase classname="com.CA.qa.TestCases.APITesting" name="testResponsecode" time="0.033"/>
  <system-out/>
  <testcase classname="com.CA.qa.TestCases.APITesting" name="testResponsecode" time="0.040"/>
  <system-out/>
  <testcase classname="com.CA.qa.TestCases.APITesting" name="testResponsecode" time="0.034"/>
  <system-out/>
  <testcase classname="com.CA.qa.TestCases.APITesting" name="testResponsecode" time="0.041"/>
  <system-out/>
  <testcase classname="com.CA.qa.TestCases.APITesting" name="testResponsecode" time="0.035"/>
  <system-out/>
  <testcase classname="com.CA.qa.TestCases.APITesting" name="testResponsecode" time="0.035"/>
  <system-out/>
  <testcase classname="com.CA.qa.TestCases.APITesting" name="testResponsecode" time="0.052"/>
  <system-out/>
  <testcase classname="com.CA.qa.TestCases.APITesting" name="testResponsecode" time="0.034"/>
  <system-out/>
  <testcase classname="com.CA.qa.TestCases.APITesting" name="testResponsecode" time="0.033"/>
  <system-out/>
  <testcase classname="com.CA.qa.TestCases.APITesting" name="testResponsecode" time="0.034"/>
  <system-out/>
  <testcase classname="com.CA.qa.TestCases.APITesting" name="testResponsecode" time="0.037"/>
  <system-out/>
  <testcase classname="com.CA.qa.TestCases.APITesting" name="testResponsecode" time="0.033"/>
  <system-out/>
  <testcase classname="com.CA.qa.TestCases.APITesting" name="testResponsecode" time="0.033"/>
  <system-out/>
  <testcase classname="com.CA.qa.TestCases.APITesting" name="testResponsecode" time="0.049"/>
  <system-out/>
  <testcase classname="com.CA.qa.TestCases.APITesting" name="testResponsecode" time="0.034"/>
  <system-out/>
  <testcase classname="com.CA.qa.TestCases.APITesting" name="testResponsecode" time="0.033"/>
  <system-out/>
  <testcase classname="com.CA.qa.TestCases.APITesting" name="testResponsecode" time="0.036"/>
  <system-out/>
  <testcase classname="com.CA.qa.TestCases.APITesting" name="testResponsecode" time="0.041"/>
  <system-out/>
  <testcase classname="com.CA.qa.TestCases.APITesting" name="testResponsecode" time="0.036"/>
  <system-out/>
  <testcase classname="com.CA.qa.TestCases.APITesting" name="testResponsecode" time="0.035"/>
  <system-out/>
  <testcase classname="com.CA.qa.TestCases.APITesting" name="testResponsecode" time="0.036"/>
  <system-out/>
  <testcase classname="com.CA.qa.TestCases.APITesting" name="testResponsecode" time="0.040"/>
  <system-out/>
  <testcase classname="com.CA.qa.TestCases.APITesting" name="testResponsecode" time="0.064"/>
  <system-out/>
  <testcase classname="com.CA.qa.TestCases.APITesting" name="testResponsecode" time="0.033"/>
  <system-out/>
  <testcase classname="com.CA.qa.TestCases.APITesting" name="testResponsecode" time="0.044"/>
  <system-out/>
  <testcase classname="com.CA.qa.TestCases.APITesting" name="testResponsecode" time="0.039"/>
  <system-out/>
  <testcase classname="com.CA.qa.TestCases.APITesting" name="testResponsecode" time="0.035"/>
  <system-out/>
  <testcase classname="com.CA.qa.TestCases.APITesting" name="testResponsecode" time="0.035"/>
  <system-out/>
  <testcase classname="com.CA.qa.TestCases.APITesting" name="testResponsecode" time="0.038"/>
  <system-out/>
  <testcase classname="com.CA.qa.TestCases.APITesting" name="testResponsecode" time="0.056"/>
  <system-out/>
  <testcase classname="com.CA.qa.TestCases.APITesting" name="testResponsecode" time="0.039"/>
  <system-out/>
  <testcase classname="com.CA.qa.TestCases.APITesting" name="testResponsecode" time="0.049"/>
  <system-out/>
  <testcase classname="com.CA.qa.TestCases.APITesting" name="testResponsecode" time="0.037"/>
  <system-out/>
  <testcase classname="com.CA.qa.TestCases.APITesting" name="testResponsecode" time="0.034"/>
  <system-out/>
  <testcase classname="com.CA.qa.TestCases.APITesting" name="testResponsecode" time="0.270"/>
  <system-out/>
  <testcase classname="com.CA.qa.TestCases.APITesting" name="testResponsecode" time="0.035"/>
  <system-out/>
  <testcase classname="com.CA.qa.TestCases.APITesting" name="testResponsecode" time="0.034"/>
  <system-out/>
  <testcase classname="com.CA.qa.TestCases.APITesting" name="testResponsecode" time="0.034"/>
  <system-out/>
  <testcase classname="com.CA.qa.TestCases.APITesting" name="testResponsecode" time="0.143"/>
  <system-out/>
  <testcase classname="com.CA.qa.TestCases.APITesting" name="testResponsecode" time="0.034"/>
  <system-out/>
  <testcase classname="com.CA.qa.TestCases.APITesting" name="testResponsecode" time="0.039"/>
  <system-out/>
  <testcase classname="com.CA.qa.TestCases.APITesting" name="testResponsecode" time="0.033"/>
  <system-out/>
  <testcase classname="com.CA.qa.TestCases.APITesting" name="testResponsecode" time="0.043"/>
  <system-out/>
  <testcase classname="com.CA.qa.TestCases.APITesting" name="testResponsecode" time="0.044"/>
  <system-out/>
  <testcase classname="com.CA.qa.TestCases.APITesting" name="testResponsecode" time="0.167"/>
  <system-out/>
  <testcase classname="com.CA.qa.TestCases.APITesting" name="testResponsecode" time="0.053"/>
  <system-out/>
  <testcase classname="com.CA.qa.TestCases.APITesting" name="testResponsecode" time="0.034"/>
  <system-out/>
  <testcase classname="com.CA.qa.TestCases.APITesting" name="testResponsecode" time="0.036"/>
  <system-out/>
  <testcase classname="com.CA.qa.TestCases.APITesting" name="testResponsecode" time="0.038"/>
  <system-out/>
  <testcase classname="com.CA.qa.TestCases.APITesting" name="testResponsecode" time="0.033"/>
  <system-out/>
  <testcase classname="com.CA.qa.TestCases.APITesting" name="testResponsecode" time="0.038"/>
  <system-out/>
  <testcase classname="com.CA.qa.TestCases.APITesting" name="testResponsecode" time="0.036"/>
  <system-out/>
  <testcase classname="com.CA.qa.TestCases.APITesting" name="testResponsecode" time="0.035"/>
  <system-out/>
  <testcase classname="com.CA.qa.TestCases.APITesting" name="testResponsecode" time="0.036"/>
  <system-out/>
  <testcase classname="com.CA.qa.TestCases.APITesting" name="testResponsecode" time="0.035"/>
  <system-out/>
  <testcase classname="com.CA.qa.TestCases.APITesting" name="testResponsecode" time="0.033"/>
  <system-out/>
  <testcase classname="com.CA.qa.TestCases.APITesting" name="testResponsecode" time="0.036"/>
  <system-out/>
  <testcase classname="com.CA.qa.TestCases.APITesting" name="testResponsecode" time="0.038"/>
  <system-out/>
  <testcase classname="com.CA.qa.TestCases.APITesting" name="testResponsecode" time="0.041"/>
  <system-out/>
  <testcase classname="com.CA.qa.TestCases.APITesting" name="testResponsecode" time="0.055"/>
  <system-out/>
  <testcase classname="com.CA.qa.TestCases.APITesting" name="testResponsecode" time="0.035"/>
  <system-out/>
  <testcase classname="com.CA.qa.TestCases.APITesting" name="testResponsecode" time="0.045"/>
  <system-out/>
  <testcase classname="com.CA.qa.TestCases.APITesting" name="testResponsecode" time="0.042"/>
  <system-out/>
  <testcase classname="com.CA.qa.TestCases.APITesting" name="testResponsecode" time="0.035"/>
  <system-out/>
  <testcase classname="com.CA.qa.TestCases.APITesting" name="testResponsecode" time="0.033"/>
  <system-out/>
  <testcase classname="com.CA.qa.TestCases.APITesting" name="testResponsecode" time="0.129"/>
  <system-out/>
  <testcase classname="com.CA.qa.TestCases.APITesting" name="testResponsecode" time="0.156"/>
  <system-out/>
  <testcase classname="com.CA.qa.TestCases.APITesting" name="testResponsecode" time="0.040"/>
  <system-out/>
  <testcase classname="com.CA.qa.TestCases.APITesting" name="testResponsecode" time="0.034"/>
  <system-out/>
  <testcase classname="com.CA.qa.TestCases.APITesting" name="testResponsecode" time="0.045"/>
  <system-out/>
  <testcase classname="com.CA.qa.TestCases.APITesting" name="testResponsecode" time="0.042"/>
  <system-out/>
  <testcase classname="com.CA.qa.TestCases.APITesting" name="testResponsecode" time="0.033"/>
  <system-out/>
  <testcase classname="com.CA.qa.TestCases.APITesting" name="testResponsecode" time="0.032"/>
  <system-out/>
  <testcase classname="com.CA.qa.TestCases.APITesting" name="testResponsecode" time="0.037"/>
  <system-out/>
  <testcase classname="com.CA.qa.TestCases.APITesting" name="testResponsecode" time="0.033"/>
  <system-out/>
  <testcase classname="com.CA.qa.TestCases.APITesting" name="testResponsecode" time="0.036"/>
  <system-out/>
  <testcase classname="com.CA.qa.TestCases.APITesting" name="testResponsecode" time="0.038"/>
  <system-out/>
  <testcase classname="com.CA.qa.TestCases.APITesting" name="testResponsecode" time="0.035"/>
  <system-out/>
  <testcase classname="com.CA.qa.TestCases.APITesting" name="testResponsecode" time="0.041"/>
  <system-out/>
  <testcase classname="com.CA.qa.TestCases.APITesting" name="testResponsecode" time="0.033"/>
  <system-out/>
  <testcase classname="com.CA.qa.TestCases.APITesting" name="testResponsecode" time="0.031"/>
  <system-out/>
  <testcase classname="com.CA.qa.TestCases.APITesting" name="testResponsecode" time="0.035"/>
  <system-out/>
  <testcase classname="com.CA.qa.TestCases.APITesting" name="testResponsecode" time="0.034"/>
  <system-out/>
  <testcase classname="com.CA.qa.TestCases.APITesting" name="testResponsecode" time="0.035"/>
  <system-out/>
  <testcase classname="com.CA.qa.TestCases.APITesting" name="testResponsecode" time="0.036"/>
  <system-out/>
  <testcase classname="com.CA.qa.TestCases.APITesting" name="testResponsecode" time="0.042"/>
  <system-out/>
  <testcase classname="com.CA.qa.TestCases.APITesting" name="testResponsecode" time="0.032"/>
  <system-out/>
  <testcase classname="com.CA.qa.TestCases.APITesting" name="testResponsecode" time="0.044"/>
  <system-out/>
  <testcase classname="com.CA.qa.TestCases.APITesting" name="testResponsecode" time="0.042"/>
  <system-out/>
  <testcase classname="com.CA.qa.TestCases.APITesting" name="testResponsecode" time="0.036"/>
  <system-out/>
  <testcase classname="com.CA.qa.TestCases.APITesting" name="testResponsecode" time="0.036"/>
  <system-out/>
  <testcase classname="com.CA.qa.TestCases.APITesting" name="testResponsecode" time="0.041"/>
  <system-out/>
  <testcase classname="com.CA.qa.TestCases.APITesting" name="testResponsecode" time="0.126"/>
  <system-out/>
  <testcase classname="com.CA.qa.TestCases.APITesting" name="testResponsecode" time="0.033"/>
  <system-out/>
  <testcase classname="com.CA.qa.TestCases.APITesting" name="testResponsecode" time="0.035"/>
  <system-out/>
  <testcase classname="com.CA.qa.TestCases.APITesting" name="testResponsecode" time="0.035"/>
  <system-out/>
  <testcase classname="com.CA.qa.TestCases.APITesting" name="testResponsecode" time="0.034"/>
  <system-out/>
  <testcase classname="com.CA.qa.TestCases.APITesting" name="testResponsecode" time="0.038"/>
  <system-out/>
  <testcase classname="com.CA.qa.TestCases.APITesting" name="testResponsecode" time="0.033"/>
  <system-out/>
  <testcase classname="com.CA.qa.TestCases.APITesting" name="testResponsecode" time="0.033"/>
  <system-out/>
  <testcase classname="com.CA.qa.TestCases.APITesting" name="testResponsecode" time="0.034"/>
  <system-out/>
  <testcase classname="com.CA.qa.TestCases.APITesting" name="testResponsecode" time="0.044"/>
  <system-out/>
  <testcase classname="com.CA.qa.TestCases.APITesting" name="testResponsecode" time="0.038"/>
  <system-out/>
  <testcase classname="com.CA.qa.TestCases.APITesting" name="testResponsecode" time="0.033"/>
  <system-out/>
  <testcase classname="com.CA.qa.TestCases.APITesting" name="testResponsecode" time="0.046"/>
  <system-out/>
  <testcase classname="com.CA.qa.TestCases.APITesting" name="testResponsecode" time="0.034"/>
  <system-out/>
  <testcase classname="com.CA.qa.TestCases.APITesting" name="testResponsecode" time="0.039"/>
  <system-out/>
  <testcase classname="com.CA.qa.TestCases.APITesting" name="testResponsecode" time="0.041"/>
  <system-out/>
  <testcase classname="com.CA.qa.TestCases.APITesting" name="testResponsecode" time="0.035"/>
  <system-out/>
  <testcase classname="com.CA.qa.TestCases.APITesting" name="testResponsecode" time="0.035"/>
  <system-out/>
  <testcase classname="com.CA.qa.TestCases.APITesting" name="testResponsecode" time="0.033"/>
  <system-out/>
  <testcase classname="com.CA.qa.TestCases.APITesting" name="testResponsecode" time="0.033"/>
  <system-out/>
  <testcase classname="com.CA.qa.TestCases.APITesting" name="testResponsecode" time="0.045"/>
  <system-out/>
  <testcase classname="com.CA.qa.TestCases.APITesting" name="testResponsecode" time="1.006"/>
  <system-out/>
  <testcase classname="com.CA.qa.TestCases.APITesting" name="testResponsecode" time="0.061"/>
  <system-out/>
  <testcase classname="com.CA.qa.TestCases.APITesting" name="testResponsecode" time="0.034"/>
  <system-out/>
  <testcase classname="com.CA.qa.TestCases.APITesting" name="testResponsecode" time="0.041"/>
  <system-out/>
  <testcase classname="com.CA.qa.TestCases.APITesting" name="testResponsecode" time="0.039"/>
  <system-out/>
  <testcase classname="com.CA.qa.TestCases.APITesting" name="testResponsecode" time="0.045"/>
  <system-out/>
  <testcase classname="com.CA.qa.TestCases.APITesting" name="testResponsecode" time="0.070"/>
  <system-out/>
  <testcase classname="com.CA.qa.TestCases.APITesting" name="testResponsecode" time="0.038"/>
  <system-out/>
  <testcase classname="com.CA.qa.TestCases.APITesting" name="testResponsecode" time="0.140"/>
  <system-out/>
  <testcase classname="com.CA.qa.TestCases.APITesting" name="testResponsecode" time="0.033"/>
  <system-out/>
  <testcase classname="com.CA.qa.TestCases.APITesting" name="testResponsecode" time="0.172"/>
  <system-out/>
  <testcase classname="com.CA.qa.TestCases.APITesting" name="testResponsecode" time="0.037"/>
  <system-out/>
  <testcase classname="com.CA.qa.TestCases.APITesting" name="testResponsecode" time="0.044"/>
  <system-out/>
  <testcase classname="com.CA.qa.TestCases.APITesting" name="testResponsecode" time="0.032"/>
  <system-out/>
  <testcase classname="com.CA.qa.TestCases.APITesting" name="testResponsecode" time="0.038"/>
  <system-out/>
  <testcase classname="com.CA.qa.TestCases.APITesting" name="testResponsecode" time="0.034"/>
  <system-out/>
  <testcase classname="com.CA.qa.TestCases.APITesting" name="testResponsecode" time="0.044"/>
  <system-out/>
  <testcase classname="com.CA.qa.TestCases.APITesting" name="testResponsecode" time="0.036"/>
  <system-out/>
  <testcase classname="com.CA.qa.TestCases.APITesting" name="testResponsecode" time="0.035"/>
  <system-out/>
  <testcase classname="com.CA.qa.TestCases.APITesting" name="testResponsecode" time="0.035"/>
  <system-out/>
  <testcase classname="com.CA.qa.TestCases.APITesting" name="testResponsecode" time="0.041"/>
  <system-out/>
  <testcase classname="com.CA.qa.TestCases.APITesting" name="testResponsecode" time="0.032"/>
  <system-out/>
  <testcase classname="com.CA.qa.TestCases.APITesting" name="testResponsecode" time="0.033"/>
  <system-out/>
  <testcase classname="com.CA.qa.TestCases.APITesting" name="testResponsecode" time="0.036"/>
  <system-out/>
  <testcase classname="com.CA.qa.TestCases.APITesting" name="testResponsecode" time="0.033"/>
  <system-out/>
  <testcase classname="com.CA.qa.TestCases.APITesting" name="testResponsecode" time="0.038"/>
  <system-out/>
  <testcase classname="com.CA.qa.TestCases.APITesting" name="testResponsecode" time="0.067"/>
  <system-out/>
  <testcase classname="com.CA.qa.TestCases.APITesting" name="testResponsecode" time="0.074"/>
  <system-out/>
  <testcase classname="com.CA.qa.TestCases.APITesting" name="testResponsecode" time="0.041"/>
  <system-out/>
  <testcase classname="com.CA.qa.TestCases.APITesting" name="testResponsecode" time="0.034"/>
  <system-out/>
  <testcase classname="com.CA.qa.TestCases.APITesting" name="testResponsecode" time="0.034"/>
  <system-out/>
  <testcase classname="com.CA.qa.TestCases.APITesting" name="testResponsecode" time="0.032"/>
  <system-out/>
  <testcase classname="com.CA.qa.TestCases.APITesting" name="testResponsecode" time="0.143"/>
  <system-out/>
  <testcase classname="com.CA.qa.TestCases.APITesting" name="testResponsecode" time="0.040"/>
  <system-out/>
  <testcase classname="com.CA.qa.TestCases.APITesting" name="testResponsecode" time="0.045"/>
  <system-out/>
  <testcase classname="com.CA.qa.TestCases.APITesting" name="testResponsecode" time="0.035"/>
  <system-out/>
  <testcase classname="com.CA.qa.TestCases.APITesting" name="testResponsecode" time="0.033"/>
  <system-out/>
  <testcase classname="com.CA.qa.TestCases.APITesting" name="testResponsecode" time="0.037"/>
  <system-out/>
  <testcase classname="com.CA.qa.TestCases.APITesting" name="testResponsecode" time="0.035"/>
  <system-out/>
  <testcase classname="com.CA.qa.TestCases.APITesting" name="testResponsecode" time="0.033"/>
  <system-out/>
  <testcase classname="com.CA.qa.TestCases.APITesting" name="testResponsecode" time="0.037"/>
  <system-out/>
  <testcase classname="com.CA.qa.TestCases.APITesting" name="testResponsecode" time="0.033"/>
  <system-out/>
  <testcase classname="com.CA.qa.TestCases.APITesting" name="testResponsecode" time="0.035"/>
  <system-out/>
  <testcase classname="com.CA.qa.TestCases.APITesting" name="testResponsecode" time="0.045"/>
  <system-out/>
  <testcase classname="com.CA.qa.TestCases.APITesting" name="testResponsecode" time="0.034"/>
  <system-out/>
  <testcase classname="com.CA.qa.TestCases.APITesting" name="testResponsecode" time="0.037"/>
  <system-out/>
  <testcase classname="com.CA.qa.TestCases.APITesting" name="testResponsecode" time="0.162"/>
  <system-out/>
  <testcase classname="com.CA.qa.TestCases.APITesting" name="testResponsecode" time="0.033"/>
  <system-out/>
  <testcase classname="com.CA.qa.TestCases.APITesting" name="testResponsecode" time="0.033"/>
  <system-out/>
  <testcase classname="com.CA.qa.TestCases.APITesting" name="testResponsecode" time="0.036"/>
  <system-out/>
  <testcase classname="com.CA.qa.TestCases.APITesting" name="testResponsecode" time="0.034"/>
  <system-out/>
  <testcase classname="com.CA.qa.TestCases.APITesting" name="testResponsecode" time="0.034"/>
  <system-out/>
  <testcase classname="com.CA.qa.TestCases.APITesting" name="testResponsecode" time="0.043"/>
  <system-out/>
  <testcase classname="com.CA.qa.TestCases.APITesting" name="testResponsecode" time="0.038"/>
  <system-out/>
  <testcase classname="com.CA.qa.TestCases.APITesting" name="testResponsecode" time="0.038"/>
  <system-out/>
  <testcase classname="com.CA.qa.TestCases.APITesting" name="testResponsecode" time="0.039"/>
  <system-out/>
  <testcase classname="com.CA.qa.TestCases.APITesting" name="testResponsecode" time="0.033"/>
  <system-out/>
  <testcase classname="com.CA.qa.TestCases.APITesting" name="testResponsecode" time="0.044"/>
  <system-out/>
  <testcase classname="com.CA.qa.TestCases.APITesting" name="testResponsecode" time="0.033"/>
  <system-out/>
  <testcase classname="com.CA.qa.TestCases.APITesting" name="testResponsecode" time="0.032"/>
  <system-out/>
  <testcase classname="com.CA.qa.TestCases.APITesting" name="testResponsecode" time="0.038"/>
  <system-out/>
  <testcase classname="com.CA.qa.TestCases.APITesting" name="testResponsecode" time="0.033"/>
  <system-out/>
  <testcase classname="com.CA.qa.TestCases.APITesting" name="testResponsecode" time="0.044"/>
  <system-out/>
  <testcase classname="com.CA.qa.TestCases.APITesting" name="testResponsecode" time="0.033"/>
  <system-out/>
  <testcase classname="com.CA.qa.TestCases.APITesting" name="testResponsecode" time="0.037"/>
  <system-out/>
  <testcase classname="com.CA.qa.TestCases.APITesting" name="testResponsecode" time="0.033"/>
  <system-out/>
  <testcase classname="com.CA.qa.TestCases.APITesting" name="testResponsecode" time="0.042"/>
  <system-out/>
  <testcase classname="com.CA.qa.TestCases.APITesting" name="testResponsecode" time="0.037"/>
  <system-out/>
  <testcase classname="com.CA.qa.TestCases.APITesting" name="testResponsecode" time="0.034"/>
  <system-out/>
  <testcase classname="com.CA.qa.TestCases.APITesting" name="testResponsecode" time="0.033"/>
  <system-out/>
  <testcase classname="com.CA.qa.TestCases.APITesting" name="testResponsecode" time="0.039"/>
  <system-out/>
  <testcase classname="com.CA.qa.TestCases.APITesting" name="testResponsecode" time="0.036"/>
  <system-out/>
  <testcase classname="com.CA.qa.TestCases.APITesting" name="testResponsecode" time="0.032"/>
  <system-out/>
  <testcase classname="com.CA.qa.TestCases.APITesting" name="testResponsecode" time="0.035"/>
  <system-out/>
  <testcase classname="com.CA.qa.TestCases.APITesting" name="testResponsecode" time="0.035"/>
  <system-out/>
  <testcase classname="com.CA.qa.TestCases.APITesting" name="testResponsecode" time="0.050"/>
  <system-out/>
  <testcase classname="com.CA.qa.TestCases.APITesting" name="testResponsecode" time="0.035"/>
  <system-out/>
  <testcase classname="com.CA.qa.TestCases.APITesting" name="testResponsecode" time="0.036"/>
  <system-out/>
  <testcase classname="com.CA.qa.TestCases.APITesting" name="testResponsecode" time="0.133"/>
  <system-out/>
  <testcase classname="com.CA.qa.TestCases.APITesting" name="testResponsecode" time="0.211"/>
  <system-out/>
  <testcase classname="com.CA.qa.TestCases.APITesting" name="testResponsecode" time="0.032"/>
  <system-out/>
  <testcase classname="com.CA.qa.TestCases.APITesting" name="testResponsecode" time="0.047"/>
  <system-out/>
  <testcase classname="com.CA.qa.TestCases.APITesting" name="testResponsecode" time="0.041"/>
  <system-out/>
  <testcase classname="com.CA.qa.TestCases.APITesting" name="testResponsecode" time="0.037"/>
  <system-out/>
  <testcase classname="com.CA.qa.TestCases.APITesting" name="testResponsecode" time="0.041"/>
  <system-out/>
  <testcase classname="com.CA.qa.TestCases.APITesting" name="testResponsecode" time="0.035"/>
  <system-out/>
  <testcase classname="com.CA.qa.TestCases.APITesting" name="testResponsecode" time="0.033"/>
  <system-out/>
  <testcase classname="com.CA.qa.TestCases.APITesting" name="testResponsecode" time="0.128"/>
  <system-out/>
  <testcase classname="com.CA.qa.TestCases.APITesting" name="testResponsecode" time="0.034"/>
  <system-out/>
  <testcase classname="com.CA.qa.TestCases.APITesting" name="testResponsecode" time="1.053"/>
  <system-out/>
  <testcase classname="com.CA.qa.TestCases.APITesting" name="testResponsecode" time="0.035"/>
  <system-out/>
  <testcase classname="com.CA.qa.TestCases.APITesting" name="testResponsecode" time="0.040"/>
  <system-out/>
  <testcase classname="com.CA.qa.TestCases.APITesting" name="testResponsecode" time="0.080"/>
  <system-out/>
  <testcase classname="com.CA.qa.TestCases.APITesting" name="testResponsecode" time="0.036"/>
  <system-out/>
  <testcase classname="com.CA.qa.TestCases.APITesting" name="testResponsecode" time="0.043"/>
  <system-out/>
  <testcase classname="com.CA.qa.TestCases.APITesting" name="testResponsecode" time="0.038"/>
  <system-out/>
  <testcase classname="com.CA.qa.TestCases.APITesting" name="testResponsecode" time="0.040"/>
  <system-out/>
  <testcase classname="com.CA.qa.TestCases.APITesting" name="testResponsecode" time="0.033"/>
  <system-out/>
  <testcase classname="com.CA.qa.TestCases.APITesting" name="testResponsecode" time="0.035"/>
  <system-out/>
  <testcase classname="com.CA.qa.TestCases.APITesting" name="testResponsecode" time="0.033"/>
  <system-out/>
  <testcase classname="com.CA.qa.TestCases.APITesting" name="testResponsecode" time="0.033"/>
  <system-out/>
  <testcase classname="com.CA.qa.TestCases.APITesting" name="testResponsecode" time="0.037"/>
  <system-out/>
  <testcase classname="com.CA.qa.TestCases.APITesting" name="testResponsecode" time="0.038"/>
  <system-out/>
  <testcase classname="com.CA.qa.TestCases.APITesting" name="testResponsecode" time="0.050"/>
  <system-out/>
  <testcase classname="com.CA.qa.TestCases.APITesting" name="testResponsecode" time="0.037"/>
  <system-out/>
  <testcase classname="com.CA.qa.TestCases.APITesting" name="testResponsecode" time="0.039"/>
  <system-out/>
  <testcase classname="com.CA.qa.TestCases.APITesting" name="testResponsecode" time="0.033"/>
  <system-out/>
  <testcase classname="com.CA.qa.TestCases.APITesting" name="testResponsecode" time="0.034"/>
  <system-out/>
  <testcase classname="com.CA.qa.TestCases.APITesting" name="testResponsecode" time="0.063"/>
  <system-out/>
  <testcase classname="com.CA.qa.TestCases.APITesting" name="testResponsecode" time="0.052"/>
  <system-out/>
  <testcase classname="com.CA.qa.TestCases.APITesting" name="testResponsecode" time="0.037"/>
  <system-out/>
  <testcase classname="com.CA.qa.TestCases.APITesting" name="testResponsecode" time="0.035"/>
  <system-out/>
  <testcase classname="com.CA.qa.TestCases.APITesting" name="testResponsecode" time="0.036"/>
  <system-out/>
  <testcase classname="com.CA.qa.TestCases.APITesting" name="testResponsecode" time="0.033"/>
  <system-out/>
  <testcase classname="com.CA.qa.TestCases.APITesting" name="testResponsecode" time="0.035"/>
  <system-out/>
  <testcase classname="com.CA.qa.TestCases.APITesting" name="testResponsecode" time="0.033"/>
  <system-out/>
  <testcase classname="com.CA.qa.TestCases.APITesting" name="testResponsecode" time="0.037"/>
  <system-out/>
  <testcase classname="com.CA.qa.TestCases.APITesting" name="testResponsecode" time="0.150"/>
  <system-out/>
  <testcase classname="com.CA.qa.TestCases.APITesting" name="testResponsecode" time="0.044"/>
  <system-out/>
  <testcase classname="com.CA.qa.TestCases.APITesting" name="testResponsecode" time="0.179"/>
  <system-out/>
  <testcase classname="com.CA.qa.TestCases.APITesting" name="testResponsecode" time="0.033"/>
  <system-out/>
  <testcase classname="com.CA.qa.TestCases.APITesting" name="testResponsecode" time="0.040"/>
  <system-out/>
  <testcase classname="com.CA.qa.TestCases.APITesting" name="testResponsecode" time="0.049"/>
  <system-out/>
  <testcase classname="com.CA.qa.TestCases.APITesting" name="testResponsecode" time="0.035"/>
  <system-out/>
  <testcase classname="com.CA.qa.TestCases.APITesting" name="testResponsecode" time="0.036"/>
  <system-out/>
  <testcase classname="com.CA.qa.TestCases.APITesting" name="testResponsecode" time="0.033"/>
  <system-out/>
  <testcase classname="com.CA.qa.TestCases.APITesting" name="testResponsecode" time="0.041"/>
  <system-out/>
  <testcase classname="com.CA.qa.TestCases.APITesting" name="testResponsecode" time="0.033"/>
  <system-out/>
  <testcase classname="com.CA.qa.TestCases.APITesting" name="testResponsecode" time="0.050"/>
  <system-out/>
  <testcase classname="com.CA.qa.TestCases.APITesting" name="testResponsecode" time="0.037"/>
  <system-out/>
  <testcase classname="com.CA.qa.TestCases.APITesting" name="testResponsecode" time="0.033"/>
  <system-out/>
  <testcase classname="com.CA.qa.TestCases.APITesting" name="testResponsecode" time="0.134"/>
  <system-out/>
  <testcase classname="com.CA.qa.TestCases.APITesting" name="testResponsecode" time="0.033"/>
  <system-out/>
  <testcase classname="com.CA.qa.TestCases.APITesting" name="testResponsecode" time="0.046"/>
  <system-out/>
  <testcase classname="com.CA.qa.TestCases.APITesting" name="testResponsecode" time="0.034"/>
  <system-out/>
  <testcase classname="com.CA.qa.TestCases.APITesting" name="testResponsecode" time="0.036"/>
  <system-out/>
  <testcase classname="com.CA.qa.TestCases.APITesting" name="testResponsecode" time="0.039"/>
  <system-out/>
  <testcase classname="com.CA.qa.TestCases.APITesting" name="testResponsecode" time="0.033"/>
  <system-out/>
  <testcase classname="com.CA.qa.TestCases.APITesting" name="testResponsecode" time="0.033"/>
  <system-out/>
  <testcase classname="com.CA.qa.TestCases.APITesting" name="testResponsecode" time="0.074"/>
  <system-out/>
  <testcase classname="com.CA.qa.TestCases.APITesting" name="testResponsecode" time="0.037"/>
  <system-out/>
  <testcase classname="com.CA.qa.TestCases.APITesting" name="testResponsecode" time="0.035"/>
  <system-out/>
  <testcase classname="com.CA.qa.TestCases.APITesting" name="testResponsecode" time="0.036"/>
  <system-out/>
  <testcase classname="com.CA.qa.TestCases.APITesting" name="testResponsecode" time="0.032"/>
  <system-out/>
  <testcase classname="com.CA.qa.TestCases.APITesting" name="testResponsecode" time="0.038"/>
  <system-out/>
  <testcase classname="com.CA.qa.TestCases.APITesting" name="testResponsecode" time="0.048"/>
  <system-out/>
  <testcase classname="com.CA.qa.TestCases.APITesting" name="testResponsecode" time="0.053"/>
  <system-out/>
  <testcase classname="com.CA.qa.TestCases.APITesting" name="testResponsecode" time="0.035"/>
  <system-out/>
  <testcase classname="com.CA.qa.TestCases.APITesting" name="testResponsecode" time="0.034"/>
  <system-out/>
  <testcase classname="com.CA.qa.TestCases.APITesting" name="testResponsecode" time="0.035"/>
  <system-out/>
  <testcase classname="com.CA.qa.TestCases.APITesting" name="testResponsecode" time="0.049"/>
  <system-out/>
  <testcase classname="com.CA.qa.TestCases.APITesting" name="testResponsecode" time="0.034"/>
  <system-out/>
  <testcase classname="com.CA.qa.TestCases.APITesting" name="testResponsecode" time="0.046"/>
  <system-out/>
  <testcase classname="com.CA.qa.TestCases.APITesting" name="testResponsecode" time="0.046"/>
  <system-out/>
  <testcase classname="com.CA.qa.TestCases.APITesting" name="testResponsecode" time="0.034"/>
  <system-out/>
  <testcase classname="com.CA.qa.TestCases.APITesting" name="testResponsecode" time="0.036"/>
  <system-out/>
  <testcase classname="com.CA.qa.TestCases.APITesting" name="testResponsecode" time="0.034"/>
  <system-out/>
  <testcase classname="com.CA.qa.TestCases.APITesting" name="testResponsecode" time="0.031"/>
  <system-out/>
  <testcase classname="com.CA.qa.TestCases.APITesting" name="testResponsecode" time="0.035"/>
  <system-out/>
  <testcase classname="com.CA.qa.TestCases.APITesting" name="testResponsecode" time="0.035"/>
  <system-out/>
  <testcase classname="com.CA.qa.TestCases.APITesting" name="testResponsecode" time="0.036"/>
  <system-out/>
  <testcase classname="com.CA.qa.TestCases.APITesting" name="testResponsecode" time="0.035"/>
  <system-out/>
  <testcase classname="com.CA.qa.TestCases.APITesting" name="testResponsecode" time="0.033"/>
  <system-out/>
  <testcase classname="com.CA.qa.TestCases.APITesting" name="testResponsecode" time="0.034"/>
  <system-out/>
  <testcase classname="com.CA.qa.TestCases.APITesting" name="testResponsecode" time="0.970"/>
  <system-out/>
  <testcase classname="com.CA.qa.TestCases.APITesting" name="testResponsecode" time="0.043"/>
  <system-out/>
  <testcase classname="com.CA.qa.TestCases.APITesting" name="testResponsecode" time="0.042"/>
  <system-out/>
  <testcase classname="com.CA.qa.TestCases.APITesting" name="testResponsecode" time="0.033"/>
  <system-out/>
  <testcase classname="com.CA.qa.TestCases.APITesting" name="testResponsecode" time="0.034"/>
  <system-out/>
  <testcase classname="com.CA.qa.TestCases.APITesting" name="testResponsecode" time="0.050"/>
  <system-out/>
  <testcase classname="com.CA.qa.TestCases.APITesting" name="testResponsecode" time="0.047"/>
  <system-out/>
  <testcase classname="com.CA.qa.TestCases.APITesting" name="testResponsecode" time="0.033"/>
  <system-out/>
  <testcase classname="com.CA.qa.TestCases.APITesting" name="testResponsecode" time="0.035"/>
  <system-out/>
  <testcase classname="com.CA.qa.TestCases.APITesting" name="testResponsecode" time="0.078"/>
  <system-out/>
  <testcase classname="com.CA.qa.TestCases.APITesting" name="testResponsecode" time="0.032"/>
  <system-out/>
  <testcase classname="com.CA.qa.TestCases.APITesting" name="testResponsecode" time="0.935"/>
  <system-out/>
  <testcase classname="com.CA.qa.TestCases.APITesting" name="testResponsecode" time="0.035"/>
  <system-out/>
  <testcase classname="com.CA.qa.TestCases.APITesting" name="testResponsecode" time="0.033"/>
  <system-out/>
  <testcase classname="com.CA.qa.TestCases.APITesting" name="testResponsecode" time="0.634"/>
  <system-out/>
  <testcase classname="com.CA.qa.TestCases.APITesting" name="testResponsecode" time="0.035"/>
  <system-out/>
  <testcase classname="com.CA.qa.TestCases.APITesting" name="testResponsecode" time="0.035"/>
  <system-out/>
  <testcase classname="com.CA.qa.TestCases.APITesting" name="testResponsecode" time="0.850"/>
  <system-out/>
  <testcase classname="com.CA.qa.TestCases.APITesting" name="testResponsecode" time="0.033"/>
  <system-out/>
  <testcase classname="com.CA.qa.TestCases.APITesting" name="testResponsecode" time="0.037"/>
  <system-out/>
  <testcase classname="com.CA.qa.TestCases.APITesting" name="testResponsecode" time="0.035"/>
  <system-out/>
  <testcase classname="com.CA.qa.TestCases.APITesting" name="testResponsecode" time="0.038"/>
  <system-out/>
  <testcase classname="com.CA.qa.TestCases.APITesting" name="testResponsecode" time="0.034"/>
  <system-out/>
  <testcase classname="com.CA.qa.TestCases.APITesting" name="testResponsecode" time="0.035"/>
  <system-out/>
  <testcase classname="com.CA.qa.TestCases.APITesting" name="testResponsecode" time="0.033"/>
  <system-out/>
  <testcase classname="com.CA.qa.TestCases.APITesting" name="testResponsecode" time="0.037"/>
  <system-out/>
  <testcase classname="com.CA.qa.TestCases.APITesting" name="testResponsecode" time="0.048"/>
  <system-out/>
  <testcase classname="com.CA.qa.TestCases.APITesting" name="testResponsecode" time="0.033"/>
  <system-out/>
  <testcase classname="com.CA.qa.TestCases.APITesting" name="testResponsecode" time="0.033"/>
  <system-out/>
  <testcase classname="com.CA.qa.TestCases.APITesting" name="testResponsecode" time="0.036"/>
  <system-out/>
  <testcase classname="com.CA.qa.TestCases.APITesting" name="testResponsecode" time="0.038"/>
  <system-out/>
  <testcase classname="com.CA.qa.TestCases.APITesting" name="testResponsecode" time="0.033"/>
  <system-out/>
  <testcase classname="com.CA.qa.TestCases.APITesting" name="testResponsecode" time="0.041"/>
  <system-out/>
  <testcase classname="com.CA.qa.TestCases.APITesting" name="testResponsecode" time="0.227"/>
  <system-out/>
  <testcase classname="com.CA.qa.TestCases.APITesting" name="testResponsecode" time="0.044"/>
  <system-out/>
  <testcase classname="com.CA.qa.TestCases.APITesting" name="testResponsecode" time="0.072"/>
  <system-out/>
  <testcase classname="com.CA.qa.TestCases.APITesting" name="testResponsecode" time="0.215"/>
  <system-out/>
  <testcase classname="com.CA.qa.TestCases.APITesting" name="testResponsecode" time="0.035"/>
  <system-out/>
  <testcase classname="com.CA.qa.TestCases.APITesting" name="testResponsecode" time="0.032"/>
  <system-out/>
  <testcase classname="com.CA.qa.TestCases.APITesting" name="testResponsecode" time="0.070"/>
  <system-out/>
  <testcase classname="com.CA.qa.TestCases.APITesting" name="testResponsecode" time="0.034"/>
  <system-out/>
  <testcase classname="com.CA.qa.TestCases.APITesting" name="testResponsecode" time="0.032"/>
  <system-out/>
  <testcase classname="com.CA.qa.TestCases.APITesting" name="testResponsecode" time="0.032"/>
  <system-out/>
  <testcase classname="com.CA.qa.TestCases.APITesting" name="testResponsecode" time="0.032"/>
  <system-out/>
  <testcase classname="com.CA.qa.TestCases.APITesting" name="testResponsecode" time="0.168"/>
  <system-out/>
  <testcase classname="com.CA.qa.TestCases.APITesting" name="testResponsecode" time="0.034"/>
  <system-out/>
  <testcase classname="com.CA.qa.TestCases.APITesting" name="testResponsecode" time="0.034"/>
  <system-out/>
  <testcase classname="com.CA.qa.TestCases.APITesting" name="testResponsecode" time="0.181"/>
  <system-out/>
  <testcase classname="com.CA.qa.TestCases.APITesting" name="testResponsecode" time="0.034"/>
  <system-out/>
  <testcase classname="com.CA.qa.TestCases.APITesting" name="testResponsecode" time="0.032"/>
  <system-out/>
  <testcase classname="com.CA.qa.TestCases.APITesting" name="testResponsecode" time="0.033"/>
  <system-out/>
  <testcase classname="com.CA.qa.TestCases.APITesting" name="testResponsecode" time="0.032"/>
  <system-out/>
  <testcase classname="com.CA.qa.TestCases.APITesting" name="testResponsecode" time="0.037"/>
  <system-out/>
  <testcase classname="com.CA.qa.TestCases.APITesting" name="testResponsecode" time="0.036"/>
  <system-out/>
  <testcase classname="com.CA.qa.TestCases.APITesting" name="testResponsecode" time="0.034"/>
  <system-out/>
  <testcase classname="com.CA.qa.TestCases.APITesting" name="testResponsecode" time="0.040"/>
  <system-out/>
  <testcase classname="com.CA.qa.TestCases.APITesting" name="testResponsecode" time="0.035"/>
  <system-out/>
  <testcase classname="com.CA.qa.TestCases.APITesting" name="testResponsecode" time="0.033"/>
  <system-out/>
  <testcase classname="com.CA.qa.TestCases.APITesting" name="testResponsecode" time="0.042"/>
  <system-out/>
  <testcase classname="com.CA.qa.TestCases.APITesting" name="testResponsecode" time="0.035"/>
  <system-out/>
  <testcase classname="com.CA.qa.TestCases.APITesting" name="testResponsecode" time="0.038"/>
  <system-out/>
  <testcase classname="com.CA.qa.TestCases.APITesting" name="testResponsecode" time="0.032"/>
  <system-out/>
  <testcase classname="com.CA.qa.TestCases.APITesting" name="testResponsecode" time="0.143"/>
  <system-out/>
  <testcase classname="com.CA.qa.TestCases.APITesting" name="testResponsecode" time="0.034"/>
  <system-out/>
  <testcase classname="com.CA.qa.TestCases.APITesting" name="testResponsecode" time="0.036"/>
  <system-out/>
  <testcase classname="com.CA.qa.TestCases.APITesting" name="testResponsecode" time="0.134"/>
  <system-out/>
  <testcase classname="com.CA.qa.TestCases.APITesting" name="testResponsecode" time="0.208"/>
  <system-out/>
  <testcase classname="com.CA.qa.TestCases.APITesting" name="testResponsecode" time="0.034"/>
  <system-out/>
  <testcase classname="com.CA.qa.TestCases.APITesting" name="testResponsecode" time="0.032"/>
  <system-out/>
  <testcase classname="com.CA.qa.TestCases.APITesting" name="testResponsecode" time="0.036"/>
  <system-out/>
  <testcase classname="com.CA.qa.TestCases.APITesting" name="testResponsecode" time="0.038"/>
  <system-out/>
  <testcase classname="com.CA.qa.TestCases.APITesting" name="testResponsecode" time="0.033"/>
  <system-out/>
  <testcase classname="com.CA.qa.TestCases.APITesting" name="testResponsecode" time="0.040"/>
  <system-out/>
  <testcase classname="com.CA.qa.TestCases.APITesting" name="testResponsecode" time="0.034"/>
  <system-out/>
  <testcase classname="com.CA.qa.TestCases.APITesting" name="testResponsecode" time="0.035"/>
  <system-out/>
  <testcase classname="com.CA.qa.TestCases.APITesting" name="testResponsecode" time="0.034"/>
  <system-out/>
  <testcase classname="com.CA.qa.TestCases.APITesting" name="testResponsecode" time="0.042"/>
  <system-out/>
  <testcase classname="com.CA.qa.TestCases.APITesting" name="testResponsecode" time="0.040"/>
  <system-out/>
  <testcase classname="com.CA.qa.TestCases.APITesting" name="testResponsecode" time="0.229"/>
  <system-out/>
  <testcase classname="com.CA.qa.TestCases.APITesting" name="testResponsecode" time="0.049"/>
  <system-out/>
  <testcase classname="com.CA.qa.TestCases.APITesting" name="testResponsecode" time="0.034"/>
  <system-out/>
  <testcase classname="com.CA.qa.TestCases.APITesting" name="testResponsecode" time="0.032"/>
  <system-out/>
  <testcase classname="com.CA.qa.TestCases.APITesting" name="testResponsecode" time="0.038"/>
  <system-out/>
  <testcase classname="com.CA.qa.TestCases.APITesting" name="testResponsecode" time="0.038"/>
  <system-out/>
  <testcase classname="com.CA.qa.TestCases.APITesting" name="testResponsecode" time="0.035"/>
  <system-out/>
  <testcase classname="com.CA.qa.TestCases.APITesting" name="testResponsecode" time="0.035"/>
  <system-out/>
  <testcase classname="com.CA.qa.TestCases.APITesting" name="testResponsecode" time="0.032"/>
  <system-out/>
  <testcase classname="com.CA.qa.TestCases.APITesting" name="testResponsecode" time="0.268"/>
  <system-out/>
  <testcase classname="com.CA.qa.TestCases.APITesting" name="testResponsecode" time="0.032"/>
  <system-out/>
  <testcase classname="com.CA.qa.TestCases.APITesting" name="testResponsecode" time="0.034"/>
  <system-out/>
  <testcase classname="com.CA.qa.TestCases.APITesting" name="testResponsecode" time="0.034"/>
  <system-out/>
  <testcase classname="com.CA.qa.TestCases.APITesting" name="testResponsecode" time="0.142"/>
  <system-out/>
  <testcase classname="com.CA.qa.TestCases.APITesting" name="testResponsecode" time="0.033"/>
  <system-out/>
  <testcase classname="com.CA.qa.TestCases.APITesting" name="testResponsecode" time="0.055"/>
  <system-out/>
  <testcase classname="com.CA.qa.TestCases.APITesting" name="testResponsecode" time="0.034"/>
  <system-out/>
  <testcase classname="com.CA.qa.TestCases.APITesting" name="testResponsecode" time="0.036"/>
  <system-out/>
  <testcase classname="com.CA.qa.TestCases.APITesting" name="testResponsecode" time="0.035"/>
  <system-out/>
  <testcase classname="com.CA.qa.TestCases.APITesting" name="testResponsecode" time="0.038"/>
  <system-out/>
  <testcase classname="com.CA.qa.TestCases.APITesting" name="testResponsecode" time="0.040"/>
  <system-out/>
  <testcase classname="com.CA.qa.TestCases.APITesting" name="testResponsecode" time="0.036"/>
  <system-out/>
  <testcase classname="com.CA.qa.TestCases.APITesting" name="testResponsecode" time="0.034"/>
  <system-out/>
  <testcase classname="com.CA.qa.TestCases.APITesting" name="testResponsecode" time="0.033"/>
  <system-out/>
  <testcase classname="com.CA.qa.TestCases.APITesting" name="testResponsecode" time="0.036"/>
  <system-out/>
  <testcase classname="com.CA.qa.TestCases.APITesting" name="testResponsecode" time="0.035"/>
  <system-out/>
  <testcase classname="com.CA.qa.TestCases.APITesting" name="testResponsecode" time="0.044"/>
  <system-out/>
  <testcase classname="com.CA.qa.TestCases.APITesting" name="testResponsecode" time="0.036"/>
  <system-out/>
  <testcase classname="com.CA.qa.TestCases.APITesting" name="testResponsecode" time="0.034"/>
  <system-out/>
  <testcase classname="com.CA.qa.TestCases.APITesting" name="testResponsecode" time="0.033"/>
  <system-out/>
  <testcase classname="com.CA.qa.TestCases.APITesting" name="testResponsecode" time="0.034"/>
  <system-out/>
  <testcase classname="com.CA.qa.TestCases.APITesting" name="testResponsecode" time="1.002"/>
  <system-out/>
  <testcase classname="com.CA.qa.TestCases.APITesting" name="testResponsecode" time="0.037"/>
  <system-out/>
  <testcase classname="com.CA.qa.TestCases.APITesting" name="testResponsecode" time="0.853"/>
  <system-out/>
  <testcase classname="com.CA.qa.TestCases.APITesting" name="testResponsecode" time="0.145"/>
  <system-out/>
  <testcase classname="com.CA.qa.TestCases.APITesting" name="testResponsecode" time="0.035"/>
  <system-out/>
  <testcase classname="com.CA.qa.TestCases.APITesting" name="testResponsecode" time="0.034"/>
  <system-out/>
  <testcase classname="com.CA.qa.TestCases.APITesting" name="testResponsecode" time="0.033"/>
  <system-out/>
  <testcase classname="com.CA.qa.TestCases.APITesting" name="testResponsecode" time="0.034"/>
  <system-out/>
  <testcase classname="com.CA.qa.TestCases.APITesting" name="testResponsecode" time="0.038"/>
  <system-out/>
  <testcase classname="com.CA.qa.TestCases.APITesting" name="testResponsecode" time="0.174"/>
  <system-out/>
  <testcase classname="com.CA.qa.TestCases.APITesting" name="testResponsecode" time="0.034"/>
  <system-out/>
  <testcase classname="com.CA.qa.TestCases.APITesting" name="testResponsecode" time="0.037"/>
  <system-out/>
  <testcase classname="com.CA.qa.TestCases.APITesting" name="testResponsecode" time="0.033"/>
  <system-out/>
  <testcase classname="com.CA.qa.TestCases.APITesting" name="testResponsecode" time="0.032"/>
  <system-out/>
  <testcase classname="com.CA.qa.TestCases.APITesting" name="testResponsecode" time="0.035"/>
  <system-out/>
  <testcase classname="com.CA.qa.TestCases.APITesting" name="testResponsecode" time="0.035"/>
  <system-out/>
  <testcase classname="com.CA.qa.TestCases.APITesting" name="testResponsecode" time="0.033"/>
  <system-out/>
  <testcase classname="com.CA.qa.TestCases.APITesting" name="testResponsecode" time="0.046"/>
  <system-out/>
  <testcase classname="com.CA.qa.TestCases.APITesting" name="testResponsecode" time="0.032"/>
  <system-out/>
  <testcase classname="com.CA.qa.TestCases.APITesting" name="testResponsecode" time="0.047"/>
  <system-out/>
  <testcase classname="com.CA.qa.TestCases.APITesting" name="testResponsecode" time="0.034"/>
  <system-out/>
  <testcase classname="com.CA.qa.TestCases.APITesting" name="testResponsecode" time="0.976"/>
  <system-out/>
  <testcase classname="com.CA.qa.TestCases.APITesting" name="testResponsecode" time="0.036"/>
  <system-out/>
  <testcase classname="com.CA.qa.TestCases.APITesting" name="testResponsecode" time="0.038"/>
  <system-out/>
  <testcase classname="com.CA.qa.TestCases.APITesting" name="testResponsecode" time="0.036"/>
  <system-out/>
  <testcase classname="com.CA.qa.TestCases.APITesting" name="testResponsecode" time="0.060"/>
  <system-out/>
  <testcase classname="com.CA.qa.TestCases.APITesting" name="testResponsecode" time="0.045"/>
  <system-out/>
  <testcase classname="com.CA.qa.TestCases.APITesting" name="testResponsecode" time="0.032"/>
  <system-out/>
  <testcase classname="com.CA.qa.TestCases.APITesting" name="testResponsecode" time="0.035"/>
  <system-out/>
  <testcase classname="com.CA.qa.TestCases.APITesting" name="testResponsecode" time="0.038"/>
  <system-out/>
  <testcase classname="com.CA.qa.TestCases.APITesting" name="testResponsecode" time="0.037"/>
  <system-out/>
  <testcase classname="com.CA.qa.TestCases.APITesting" name="testResponsecode" time="0.036"/>
  <system-out/>
  <testcase classname="com.CA.qa.TestCases.APITesting" name="testResponsecode" time="0.039"/>
  <system-out/>
  <testcase classname="com.CA.qa.TestCases.APITesting" name="testResponsecode" time="0.034"/>
  <system-out/>
  <testcase classname="com.CA.qa.TestCases.APITesting" name="testResponsecode" time="0.036"/>
  <system-out/>
  <testcase classname="com.CA.qa.TestCases.APITesting" name="testResponsecode" time="0.033"/>
  <system-out/>
  <testcase classname="com.CA.qa.TestCases.APITesting" name="testResponsecode" time="0.035"/>
  <system-out/>
  <testcase classname="com.CA.qa.TestCases.APITesting" name="testResponsecode" time="0.032"/>
  <system-out/>
  <testcase classname="com.CA.qa.TestCases.APITesting" name="testResponsecode" time="0.037"/>
  <system-out/>
  <testcase classname="com.CA.qa.TestCases.APITesting" name="testResponsecode" time="1.547"/>
  <system-out/>
  <testcase classname="com.CA.qa.TestCases.APITesting" name="testResponsecode" time="0.036"/>
  <system-out/>
  <testcase classname="com.CA.qa.TestCases.APITesting" name="testResponsecode" time="0.035"/>
  <system-out/>
  <testcase classname="com.CA.qa.TestCases.APITesting" name="testResponsecode" time="0.035"/>
  <system-out/>
  <testcase classname="com.CA.qa.TestCases.APITesting" name="testResponsecode" time="0.037"/>
  <system-out/>
  <testcase classname="com.CA.qa.TestCases.APITesting" name="testResponsecode" time="0.033"/>
  <system-out/>
  <testcase classname="com.CA.qa.TestCases.APITesting" name="testResponsecode" time="0.040"/>
  <system-out/>
  <testcase classname="com.CA.qa.TestCases.APITesting" name="testResponsecode" time="0.039"/>
  <system-out/>
  <testcase classname="com.CA.qa.TestCases.APITesting" name="testResponsecode" time="0.032"/>
  <system-out/>
  <testcase classname="com.CA.qa.TestCases.APITesting" name="testResponsecode" time="0.035"/>
  <system-out/>
  <testcase classname="com.CA.qa.TestCases.APITesting" name="testResponsecode" time="0.241"/>
  <system-out/>
  <testcase classname="com.CA.qa.TestCases.APITesting" name="testResponsecode" time="0.035"/>
  <system-out/>
  <testcase classname="com.CA.qa.TestCases.APITesting" name="testResponsecode" time="0.051"/>
  <system-out/>
  <testcase classname="com.CA.qa.TestCases.APITesting" name="testResponsecode" time="0.226"/>
  <system-out/>
  <testcase classname="com.CA.qa.TestCases.APITesting" name="testResponsecode" time="0.034"/>
  <system-out/>
  <testcase classname="com.CA.qa.TestCases.APITesting" name="testResponsecode" time="0.039"/>
  <system-out/>
  <testcase classname="com.CA.qa.TestCases.APITesting" name="testResponsecode" time="0.153"/>
  <system-out/>
  <testcase classname="com.CA.qa.TestCases.APITesting" name="testResponsecode" time="0.035"/>
  <system-out/>
  <testcase classname="com.CA.qa.TestCases.APITesting" name="testResponsecode" time="0.032"/>
  <system-out/>
  <testcase classname="com.CA.qa.TestCases.APITesting" name="testResponsecode" time="0.036"/>
  <system-out/>
  <testcase classname="com.CA.qa.TestCases.APITesting" name="testResponsecode" time="0.037"/>
  <system-out/>
  <testcase classname="com.CA.qa.TestCases.APITesting" name="testResponsecode" time="0.033"/>
  <system-out/>
  <testcase classname="com.CA.qa.TestCases.APITesting" name="testResponsecode" time="0.038"/>
  <system-out/>
  <testcase classname="com.CA.qa.TestCases.APITesting" name="testResponsecode" time="0.034"/>
  <system-out/>
  <testcase classname="com.CA.qa.TestCases.APITesting" name="testResponsecode" time="0.034"/>
  <system-out/>
  <testcase classname="com.CA.qa.TestCases.APITesting" name="testResponsecode" time="0.032"/>
  <system-out/>
  <testcase classname="com.CA.qa.TestCases.APITesting" name="testResponsecode" time="0.033"/>
  <system-out/>
  <testcase classname="com.CA.qa.TestCases.APITesting" name="testResponsecode" time="0.033"/>
  <system-out/>
  <testcase classname="com.CA.qa.TestCases.APITesting" name="testResponsecode" time="0.037"/>
  <system-out/>
  <testcase classname="com.CA.qa.TestCases.APITesting" name="testResponsecode" time="0.035"/>
  <system-out/>
  <testcase classname="com.CA.qa.TestCases.APITesting" name="testResponsecode" time="0.090"/>
  <system-out/>
  <testcase classname="com.CA.qa.TestCases.APITesting" name="testResponsecode" time="0.044"/>
  <system-out/>
  <testcase classname="com.CA.qa.TestCases.APITesting" name="testResponsecode" time="0.039"/>
  <system-out/>
  <testcase classname="com.CA.qa.TestCases.APITesting" name="testResponsecode" time="0.033"/>
  <system-out/>
  <testcase classname="com.CA.qa.TestCases.APITesting" name="testResponsecode" time="0.156"/>
  <system-out/>
  <testcase classname="com.CA.qa.TestCases.APITesting" name="testResponsecode" time="0.031"/>
  <system-out/>
  <testcase classname="com.CA.qa.TestCases.APITesting" name="testResponsecode" time="0.129"/>
  <system-out/>
  <testcase classname="com.CA.qa.TestCases.APITesting" name="testResponsecode" time="0.035"/>
  <system-out/>
  <testcase classname="com.CA.qa.TestCases.APITesting" name="testResponsecode" time="0.033"/>
  <system-out/>
  <testcase classname="com.CA.qa.TestCases.APITesting" name="testResponsecode" time="0.034"/>
  <system-out/>
  <testcase classname="com.CA.qa.TestCases.APITesting" name="testResponsecode" time="0.036"/>
  <system-out/>
  <testcase classname="com.CA.qa.TestCases.APITesting" name="testResponsecode" time="0.034"/>
  <system-out/>
  <testcase classname="com.CA.qa.TestCases.APITesting" name="testResponsecode" time="0.037"/>
  <system-out/>
  <testcase classname="com.CA.qa.TestCases.APITesting" name="testResponsecode" time="0.047"/>
  <system-out/>
  <testcase classname="com.CA.qa.TestCases.APITesting" name="testResponsecode" time="0.036"/>
  <system-out/>
  <testcase classname="com.CA.qa.TestCases.APITesting" name="testResponsecode" time="0.039"/>
  <system-out/>
  <testcase classname="com.CA.qa.TestCases.APITesting" name="testResponsecode" time="0.038"/>
  <system-out/>
  <testcase classname="com.CA.qa.TestCases.APITesting" name="testResponsecode" time="0.032"/>
  <system-out/>
  <testcase classname="com.CA.qa.TestCases.APITesting" name="testResponsecode" time="0.034"/>
  <system-out/>
  <testcase classname="com.CA.qa.TestCases.APITesting" name="testResponsecode" time="0.036"/>
  <system-out/>
  <testcase classname="com.CA.qa.TestCases.APITesting" name="testResponsecode" time="0.033"/>
  <system-out/>
  <testcase classname="com.CA.qa.TestCases.APITesting" name="testResponsecode" time="0.039"/>
  <system-out/>
  <testcase classname="com.CA.qa.TestCases.APITesting" name="testResponsecode" time="0.034"/>
  <system-out/>
  <testcase classname="com.CA.qa.TestCases.APITesting" name="testResponsecode" time="0.033"/>
  <system-out/>
  <testcase classname="com.CA.qa.TestCases.APITesting" name="testResponsecode" time="0.035"/>
  <system-out/>
  <testcase classname="com.CA.qa.TestCases.APITesting" name="testResponsecode" time="0.135"/>
  <system-out/>
  <testcase classname="com.CA.qa.TestCases.APITesting" name="testResponsecode" time="0.035"/>
  <system-out/>
  <testcase classname="com.CA.qa.TestCases.APITesting" name="testResponsecode" time="0.036"/>
  <system-out/>
  <testcase classname="com.CA.qa.TestCases.APITesting" name="testResponsecode" time="0.038"/>
  <system-out/>
  <testcase classname="com.CA.qa.TestCases.APITesting" name="testResponsecode" time="0.225"/>
  <system-out/>
  <testcase classname="com.CA.qa.TestCases.APITesting" name="testResponsecode" time="0.034"/>
  <system-out/>
  <testcase classname="com.CA.qa.TestCases.APITesting" name="testResponsecode" time="0.037"/>
  <system-out/>
  <testcase classname="com.CA.qa.TestCases.APITesting" name="testResponsecode" time="0.033"/>
  <system-out/>
  <testcase classname="com.CA.qa.TestCases.APITesting" name="testResponsecode" time="0.032"/>
  <system-out/>
  <testcase classname="com.CA.qa.TestCases.APITesting" name="testResponsecode" time="0.105"/>
  <system-out/>
  <testcase classname="com.CA.qa.TestCases.APITesting" name="testResponsecode" time="0.036"/>
  <system-out/>
  <testcase classname="com.CA.qa.TestCases.APITesting" name="testResponsecode" time="0.032"/>
  <system-out/>
  <testcase classname="com.CA.qa.TestCases.APITesting" name="testResponsecode" time="0.032"/>
  <system-out/>
  <testcase classname="com.CA.qa.TestCases.APITesting" name="testResponsecode" time="0.132"/>
  <system-out/>
  <testcase classname="com.CA.qa.TestCases.APITesting" name="testResponsecode" time="0.033"/>
  <system-out/>
  <testcase classname="com.CA.qa.TestCases.APITesting" name="testResponsecode" time="0.033"/>
  <system-out/>
  <testcase classname="com.CA.qa.TestCases.APITesting" name="testResponsecode" time="5.355"/>
  <system-out/>
  <testcase classname="com.CA.qa.TestCases.APITesting" name="testResponsecode" time="0.035"/>
  <system-out/>
  <testcase classname="com.CA.qa.TestCases.APITesting" name="testResponsecode" time="0.035"/>
  <system-out/>
  <testcase classname="com.CA.qa.TestCases.APITesting" name="testResponsecode" time="0.048"/>
  <system-out/>
  <testcase classname="com.CA.qa.TestCases.APITesting" name="testResponsecode" time="0.038"/>
  <system-out/>
  <testcase classname="com.CA.qa.TestCases.APITesting" name="testResponsecode" time="0.038"/>
  <system-out/>
  <testcase classname="com.CA.qa.TestCases.APITesting" name="testResponsecode" time="0.036"/>
  <system-out/>
  <testcase classname="com.CA.qa.TestCases.APITesting" name="testResponsecode" time="0.033"/>
  <system-out/>
  <testcase classname="com.CA.qa.TestCases.APITesting" name="testResponsecode" time="0.035"/>
  <system-out/>
  <testcase classname="com.CA.qa.TestCases.APITesting" name="testResponsecode" time="0.039"/>
  <system-out/>
  <testcase classname="com.CA.qa.TestCases.APITesting" name="testResponsecode" time="0.130"/>
  <system-out/>
  <testcase classname="com.CA.qa.TestCases.APITesting" name="testResponsecode" time="0.034"/>
  <system-out/>
  <testcase classname="com.CA.qa.TestCases.APITesting" name="testResponsecode" time="0.035"/>
  <system-out/>
  <testcase classname="com.CA.qa.TestCases.APITesting" name="testResponsecode" time="0.037"/>
  <system-out/>
  <testcase classname="com.CA.qa.TestCases.APITesting" name="testResponsecode" time="0.035"/>
  <system-out/>
  <testcase classname="com.CA.qa.TestCases.APITesting" name="testResponsecode" time="0.185"/>
  <system-out/>
  <testcase classname="com.CA.qa.TestCases.APITesting" name="testResponsecode" time="0.056"/>
  <system-out/>
  <testcase classname="com.CA.qa.TestCases.APITesting" name="testResponsecode" time="0.035"/>
  <system-out/>
  <testcase classname="com.CA.qa.TestCases.APITesting" name="testResponsecode" time="0.034"/>
  <system-out/>
  <testcase classname="com.CA.qa.TestCases.APITesting" name="testResponsecode" time="0.032"/>
  <system-out/>
  <testcase classname="com.CA.qa.TestCases.APITesting" name="testResponsecode" time="0.032"/>
  <system-out/>
  <testcase classname="com.CA.qa.TestCases.APITesting" name="testResponsecode" time="0.035"/>
  <system-out/>
  <testcase classname="com.CA.qa.TestCases.APITesting" name="testResponsecode" time="0.039"/>
  <system-out/>
  <testcase classname="com.CA.qa.TestCases.APITesting" name="testResponsecode" time="0.033"/>
  <system-out/>
  <testcase classname="com.CA.qa.TestCases.APITesting" name="testResponsecode" time="0.036"/>
  <system-out/>
  <testcase classname="com.CA.qa.TestCases.APITesting" name="testResponsecode" time="0.035"/>
  <system-out/>
  <testcase classname="com.CA.qa.TestCases.APITesting" name="testResponsecode" time="0.043"/>
  <system-out/>
  <testcase classname="com.CA.qa.TestCases.APITesting" name="testResponsecode" time="0.042"/>
  <system-out/>
  <testcase classname="com.CA.qa.TestCases.APITesting" name="testResponsecode" time="0.034"/>
  <system-out/>
  <testcase classname="com.CA.qa.TestCases.APITesting" name="testResponsecode" time="0.144"/>
  <system-out/>
  <testcase classname="com.CA.qa.TestCases.APITesting" name="testResponsecode" time="0.053"/>
  <system-out/>
  <testcase classname="com.CA.qa.TestCases.APITesting" name="testResponsecode" time="0.040"/>
  <system-out/>
  <testcase classname="com.CA.qa.TestCases.APITesting" name="testResponsecode" time="0.205"/>
  <system-out/>
  <testcase classname="com.CA.qa.TestCases.APITesting" name="testResponsecode" time="0.040"/>
  <system-out/>
  <testcase classname="com.CA.qa.TestCases.APITesting" name="testResponsecode" time="0.034"/>
  <system-out/>
  <testcase classname="com.CA.qa.TestCases.APITesting" name="testResponsecode" time="0.051"/>
  <system-out/>
  <testcase classname="com.CA.qa.TestCases.APITesting" name="testResponsecode" time="0.034"/>
  <system-out/>
  <testcase classname="com.CA.qa.TestCases.APITesting" name="testResponsecode" time="0.035"/>
  <system-out/>
  <testcase classname="com.CA.qa.TestCases.APITesting" name="testResponsecode" time="0.035"/>
  <system-out/>
  <testcase classname="com.CA.qa.TestCases.APITesting" name="testResponsecode" time="0.035"/>
  <system-out/>
  <testcase classname="com.CA.qa.TestCases.APITesting" name="testResponsecode" time="0.037"/>
  <system-out/>
  <testcase classname="com.CA.qa.TestCases.APITesting" name="testResponsecode" time="0.046"/>
  <system-out/>
  <testcase classname="com.CA.qa.TestCases.APITesting" name="testResponsecode" time="0.032"/>
  <system-out/>
  <testcase classname="com.CA.qa.TestCases.APITesting" name="testResponsecode" time="0.032"/>
  <system-out/>
  <testcase classname="com.CA.qa.TestCases.APITesting" name="testResponsecode" time="0.042"/>
  <system-out/>
  <testcase classname="com.CA.qa.TestCases.APITesting" name="testResponsecode" time="0.033"/>
  <system-out/>
  <testcase classname="com.CA.qa.TestCases.APITesting" name="testResponsecode" time="0.155"/>
  <system-out/>
  <testcase classname="com.CA.qa.TestCases.APITesting" name="testResponsecode" time="0.295"/>
  <system-out/>
  <testcase classname="com.CA.qa.TestCases.APITesting" name="testResponsecode" time="0.037"/>
  <system-out/>
  <testcase classname="com.CA.qa.TestCases.APITesting" name="testResponsecode" time="0.039"/>
  <system-out/>
  <testcase classname="com.CA.qa.TestCases.APITesting" name="testResponsecode" time="0.051"/>
  <system-out/>
  <testcase classname="com.CA.qa.TestCases.APITesting" name="testResponsecode" time="0.034"/>
  <system-out/>
  <testcase classname="com.CA.qa.TestCases.APITesting" name="testResponsecode" time="0.035"/>
  <system-out/>
  <testcase classname="com.CA.qa.TestCases.APITesting" name="testResponsecode" time="0.169"/>
  <system-out/>
  <testcase classname="com.CA.qa.TestCases.APITesting" name="testResponsecode" time="0.035"/>
  <system-out/>
  <testcase classname="com.CA.qa.TestCases.APITesting" name="testResponsecode" time="0.037"/>
  <system-out/>
  <testcase classname="com.CA.qa.TestCases.APITesting" name="testResponsecode" time="0.033"/>
  <system-out/>
  <testcase classname="com.CA.qa.TestCases.APITesting" name="testResponsecode" time="0.038"/>
  <system-out/>
  <testcase classname="com.CA.qa.TestCases.APITesting" name="testResponsecode" time="0.034"/>
  <system-out/>
  <testcase classname="com.CA.qa.TestCases.APITesting" name="testResponsecode" time="0.062"/>
  <system-out/>
  <testcase classname="com.CA.qa.TestCases.APITesting" name="testResponsecode" time="0.038"/>
  <system-out/>
  <testcase classname="com.CA.qa.TestCases.APITesting" name="testResponsecode" time="0.040"/>
  <system-out/>
  <testcase classname="com.CA.qa.TestCases.APITesting" name="testResponsecode" time="0.036"/>
  <system-out/>
  <testcase classname="com.CA.qa.TestCases.APITesting" name="testResponsecode" time="0.040"/>
  <system-out/>
  <testcase classname="com.CA.qa.TestCases.APITesting" name="testResponsecode" time="0.033"/>
  <system-out/>
  <testcase classname="com.CA.qa.TestCases.APITesting" name="testResponsecode" time="0.034"/>
  <system-out/>
  <testcase classname="com.CA.qa.TestCases.APITesting" name="testResponsecode" time="0.037"/>
  <system-out/>
  <testcase classname="com.CA.qa.TestCases.APITesting" name="testResponsecode" time="0.033"/>
  <system-out/>
  <testcase classname="com.CA.qa.TestCases.APITesting" name="testResponsecode" time="0.182"/>
  <system-out/>
  <testcase classname="com.CA.qa.TestCases.APITesting" name="testResponsecode" time="0.034"/>
  <system-out/>
  <testcase classname="com.CA.qa.TestCases.APITesting" name="testResponsecode" time="0.033"/>
  <system-out/>
  <testcase classname="com.CA.qa.TestCases.APITesting" name="testResponsecode" time="0.037"/>
  <system-out/>
  <testcase classname="com.CA.qa.TestCases.APITesting" name="testResponsecode" time="0.034"/>
  <system-out/>
  <testcase classname="com.CA.qa.TestCases.APITesting" name="testResponsecode" time="0.032"/>
  <system-out/>
  <testcase classname="com.CA.qa.TestCases.APITesting" name="testResponsecode" time="0.033"/>
  <system-out/>
  <testcase classname="com.CA.qa.TestCases.APITesting" name="testResponsecode" time="0.035"/>
  <system-out/>
  <testcase classname="com.CA.qa.TestCases.APITesting" name="testResponsecode" time="0.034"/>
  <system-out/>
  <testcase classname="com.CA.qa.TestCases.APITesting" name="testResponsecode" time="0.034"/>
  <system-out/>
  <testcase classname="com.CA.qa.TestCases.APITesting" name="testResponsecode" time="0.046"/>
  <system-out/>
  <testcase classname="com.CA.qa.TestCases.APITesting" name="testResponsecode" time="0.032"/>
  <system-out/>
  <testcase classname="com.CA.qa.TestCases.APITesting" name="testResponsecode" time="0.036"/>
  <system-out/>
  <testcase classname="com.CA.qa.TestCases.APITesting" name="testResponsecode" time="0.038"/>
  <system-out/>
  <testcase classname="com.CA.qa.TestCases.APITesting" name="testResponsecode" time="0.182"/>
  <system-out/>
  <testcase classname="com.CA.qa.TestCases.APITesting" name="testResponsecode" time="0.054"/>
  <system-out/>
  <testcase classname="com.CA.qa.TestCases.APITesting" name="testResponsecode" time="0.033"/>
  <system-out/>
  <testcase classname="com.CA.qa.TestCases.APITesting" name="testResponsecode" time="0.040"/>
  <system-out/>
  <testcase classname="com.CA.qa.TestCases.APITesting" name="testResponsecode" time="0.033"/>
  <system-out/>
  <testcase classname="com.CA.qa.TestCases.APITesting" name="testResponsecode" time="0.036"/>
  <system-out/>
  <testcase classname="com.CA.qa.TestCases.APITesting" name="testResponsecode" time="0.033"/>
  <system-out/>
  <testcase classname="com.CA.qa.TestCases.APITesting" name="testResponsecode" time="0.038"/>
  <system-out/>
  <testcase classname="com.CA.qa.TestCases.APITesting" name="testResponsecode" time="0.033"/>
  <system-out/>
  <testcase classname="com.CA.qa.TestCases.APITesting" name="testResponsecode" time="0.124"/>
  <system-out/>
  <testcase classname="com.CA.qa.TestCases.APITesting" name="testResponsecode" time="0.041"/>
  <system-out/>
  <testcase classname="com.CA.qa.TestCases.APITesting" name="testResponsecode" time="0.154"/>
  <system-out/>
  <testcase classname="com.CA.qa.TestCases.APITesting" name="testResponsecode" time="0.051"/>
  <system-out/>
  <testcase classname="com.CA.qa.TestCases.APITesting" name="testResponsecode" time="0.038"/>
  <system-out/>
  <testcase classname="com.CA.qa.TestCases.APITesting" name="testResponsecode" time="0.033"/>
  <system-out/>
  <testcase classname="com.CA.qa.TestCases.APITesting" name="testResponsecode" time="0.038"/>
  <system-out/>
  <testcase classname="com.CA.qa.TestCases.APITesting" name="testResponsecode" time="0.134"/>
  <system-out/>
  <testcase classname="com.CA.qa.TestCases.APITesting" name="testResponsecode" time="0.043"/>
  <system-out/>
  <testcase classname="com.CA.qa.TestCases.APITesting" name="testResponsecode" time="0.045"/>
  <system-out/>
  <testcase classname="com.CA.qa.TestCases.APITesting" name="testResponsecode" time="0.037"/>
  <system-out/>
  <testcase classname="com.CA.qa.TestCases.APITesting" name="testResponsecode" time="0.034"/>
  <system-out/>
  <testcase classname="com.CA.qa.TestCases.APITesting" name="testResponsecode" time="0.031"/>
  <system-out/>
  <testcase classname="com.CA.qa.TestCases.APITesting" name="testResponsecode" time="0.036"/>
  <system-out/>
  <testcase classname="com.CA.qa.TestCases.APITesting" name="testResponsecode" time="0.033"/>
  <system-out/>
  <testcase classname="com.CA.qa.TestCases.APITesting" name="testResponsecode" time="0.031"/>
  <system-out/>
  <testcase classname="com.CA.qa.TestCases.APITesting" name="testResponsecode" time="0.035"/>
  <system-out/>
  <testcase classname="com.CA.qa.TestCases.APITesting" name="testResponsecode" time="0.032"/>
  <system-out/>
  <testcase classname="com.CA.qa.TestCases.APITesting" name="testResponsecode" time="0.034"/>
  <system-out/>
  <testcase classname="com.CA.qa.TestCases.APITesting" name="testResponsecode" time="0.040"/>
  <system-out/>
  <testcase classname="com.CA.qa.TestCases.APITesting" name="testResponsecode" time="0.037"/>
  <system-out/>
  <testcase classname="com.CA.qa.TestCases.APITesting" name="testResponsecode" time="0.034"/>
  <system-out/>
  <testcase classname="com.CA.qa.TestCases.APITesting" name="testResponsecode" time="0.037"/>
  <system-out/>
  <testcase classname="com.CA.qa.TestCases.APITesting" name="testResponsecode" time="0.033"/>
  <system-out/>
  <testcase classname="com.CA.qa.TestCases.APITesting" name="testResponsecode" time="0.033"/>
  <system-out/>
  <testcase classname="com.CA.qa.TestCases.APITesting" name="testResponsecode" time="0.035"/>
  <system-out/>
  <testcase classname="com.CA.qa.TestCases.APITesting" name="testResponsecode" time="1.018"/>
  <system-out/>
  <testcase classname="com.CA.qa.TestCases.APITesting" name="testResponsecode" time="0.034"/>
  <system-out/>
  <testcase classname="com.CA.qa.TestCases.APITesting" name="testResponsecode" time="0.034"/>
  <system-out/>
  <testcase classname="com.CA.qa.TestCases.APITesting" name="testResponsecode" time="0.035"/>
  <system-out/>
  <testcase classname="com.CA.qa.TestCases.APITesting" name="testResponsecode" time="0.135"/>
  <system-out/>
  <testcase classname="com.CA.qa.TestCases.APITesting" name="testResponsecode" time="0.154"/>
  <system-out/>
  <testcase classname="com.CA.qa.TestCases.APITesting" name="testResponsecode" time="0.044"/>
  <system-out/>
  <testcase classname="com.CA.qa.TestCases.APITesting" name="testResponsecode" time="0.032"/>
  <system-out/>
  <testcase classname="com.CA.qa.TestCases.APITesting" name="testResponsecode" time="0.035"/>
  <system-out/>
  <testcase classname="com.CA.qa.TestCases.APITesting" name="testResponsecode" time="0.053"/>
  <system-out/>
  <testcase classname="com.CA.qa.TestCases.APITesting" name="testResponsecode" time="0.035"/>
  <system-out/>
  <testcase classname="com.CA.qa.TestCases.APITesting" name="testResponsecode" time="0.038"/>
  <system-out/>
  <testcase classname="com.CA.qa.TestCases.APITesting" name="testResponsecode" time="0.036"/>
  <system-out/>
  <testcase classname="com.CA.qa.TestCases.APITesting" name="testResponsecode" time="0.041"/>
  <system-out/>
  <testcase classname="com.CA.qa.TestCases.APITesting" name="testResponsecode" time="0.033"/>
  <system-out/>
  <testcase classname="com.CA.qa.TestCases.APITesting" name="testResponsecode" time="0.045"/>
  <system-out/>
  <testcase classname="com.CA.qa.TestCases.APITesting" name="testResponsecode" time="0.045"/>
  <system-out/>
  <testcase classname="com.CA.qa.TestCases.APITesting" name="testResponsecode" time="0.034"/>
  <system-out/>
  <testcase classname="com.CA.qa.TestCases.APITesting" name="testResponsecode" time="0.037"/>
  <system-out/>
  <testcase classname="com.CA.qa.TestCases.APITesting" name="testResponsecode" time="0.034"/>
  <system-out/>
  <testcase classname="com.CA.qa.TestCases.APITesting" name="testResponsecode" time="0.253"/>
  <system-out/>
  <testcase classname="com.CA.qa.TestCases.APITesting" name="testResponsecode" time="0.032"/>
  <system-out/>
  <testcase classname="com.CA.qa.TestCases.APITesting" name="testResponsecode" time="0.033"/>
  <system-out/>
  <testcase classname="com.CA.qa.TestCases.APITesting" name="testResponsecode" time="0.032"/>
  <system-out/>
  <testcase classname="com.CA.qa.TestCases.APITesting" name="testResponsecode" time="0.037"/>
  <system-out/>
  <testcase classname="com.CA.qa.TestCases.APITesting" name="testResponsecode" time="0.036"/>
  <system-out/>
  <testcase classname="com.CA.qa.TestCases.APITesting" name="testResponsecode" time="0.072"/>
  <system-out/>
  <testcase classname="com.CA.qa.TestCases.APITesting" name="testResponsecode" time="0.153"/>
  <system-out/>
  <testcase classname="com.CA.qa.TestCases.APITesting" name="testResponsecode" time="0.040"/>
  <system-out/>
  <testcase classname="com.CA.qa.TestCases.APITesting" name="testResponsecode" time="0.033"/>
  <system-out/>
  <testcase classname="com.CA.qa.TestCases.APITesting" name="testResponsecode" time="0.040"/>
  <system-out/>
  <testcase classname="com.CA.qa.TestCases.APITesting" name="testResponsecode" time="0.035"/>
  <system-out/>
  <testcase classname="com.CA.qa.TestCases.APITesting" name="testResponsecode" time="1.013"/>
  <system-out/>
  <testcase classname="com.CA.qa.TestCases.APITesting" name="testResponsecode" time="0.046"/>
  <system-out/>
  <testcase classname="com.CA.qa.TestCases.APITesting" name="testResponsecode" time="0.035"/>
  <system-out/>
  <testcase classname="com.CA.qa.TestCases.APITesting" name="testResponsecode" time="0.032"/>
  <system-out/>
  <testcase classname="com.CA.qa.TestCases.APITesting" name="testResponsecode" time="0.033"/>
  <system-out/>
  <testcase classname="com.CA.qa.TestCases.APITesting" name="testResponsecode" time="0.034"/>
  <system-out/>
  <testcase classname="com.CA.qa.TestCases.APITesting" name="testResponsecode" time="0.035"/>
  <system-out/>
  <testcase classname="com.CA.qa.TestCases.APITesting" name="testResponsecode" time="0.050"/>
  <system-out/>
  <testcase classname="com.CA.qa.TestCases.APITesting" name="testResponsecode" time="0.040"/>
  <system-out/>
  <testcase classname="com.CA.qa.TestCases.APITesting" name="testResponsecode" time="0.126"/>
  <system-out/>
  <testcase classname="com.CA.qa.TestCases.APITesting" name="testResponsecode" time="0.044"/>
  <system-out/>
  <testcase classname="com.CA.qa.TestCases.APITesting" name="testResponsecode" time="0.035"/>
  <system-out/>
  <testcase classname="com.CA.qa.TestCases.APITesting" name="testResponsecode" time="0.034"/>
  <system-out/>
  <testcase classname="com.CA.qa.TestCases.APITesting" name="testResponsecode" time="0.140"/>
  <system-out/>
  <testcase classname="com.CA.qa.TestCases.APITesting" name="testResponsecode" time="0.034"/>
  <system-out/>
  <testcase classname="com.CA.qa.TestCases.APITesting" name="testResponsecode" time="0.032"/>
  <system-out/>
  <testcase classname="com.CA.qa.TestCases.APITesting" name="testResponsecode" time="0.035"/>
  <system-out/>
  <testcase classname="com.CA.qa.TestCases.APITesting" name="testResponsecode" time="0.035"/>
  <system-out/>
  <testcase classname="com.CA.qa.TestCases.APITesting" name="testResponsecode" time="0.034"/>
  <system-out/>
  <testcase classname="com.CA.qa.TestCases.APITesting" name="testResponsecode" time="0.047"/>
  <system-out/>
  <testcase classname="com.CA.qa.TestCases.APITesting" name="testResponsecode" time="0.033"/>
  <system-out/>
  <testcase classname="com.CA.qa.TestCases.APITesting" name="testResponsecode" time="0.200"/>
  <system-out/>
  <testcase classname="com.CA.qa.TestCases.APITesting" name="testResponsecode" time="0.033"/>
  <system-out/>
  <testcase classname="com.CA.qa.TestCases.APITesting" name="testResponsecode" time="0.038"/>
  <system-out/>
  <testcase classname="com.CA.qa.TestCases.APITesting" name="testResponsecode" time="0.041"/>
  <system-out/>
  <testcase classname="com.CA.qa.TestCases.APITesting" name="testResponsecode" time="0.035"/>
  <system-out/>
  <testcase classname="com.CA.qa.TestCases.APITesting" name="testResponsecode" time="0.044"/>
  <system-out/>
  <testcase classname="com.CA.qa.TestCases.APITesting" name="testResponsecode" time="0.980"/>
  <system-out/>
  <testcase classname="com.CA.qa.TestCases.APITesting" name="testResponsecode" time="0.035"/>
  <system-out/>
  <testcase classname="com.CA.qa.TestCases.APITesting" name="testResponsecode" time="0.057"/>
  <system-out/>
  <testcase classname="com.CA.qa.TestCases.APITesting" name="testResponsecode" time="0.035"/>
  <system-out/>
  <testcase classname="com.CA.qa.TestCases.APITesting" name="testResponsecode" time="0.046"/>
  <system-out/>
  <testcase classname="com.CA.qa.TestCases.APITesting" name="testResponsecode" time="0.079"/>
  <system-out/>
  <testcase classname="com.CA.qa.TestCases.APITesting" name="testResponsecode" time="0.033"/>
  <system-out/>
  <testcase classname="com.CA.qa.TestCases.APITesting" name="testResponsecode" time="1.013"/>
  <system-out/>
  <testcase classname="com.CA.qa.TestCases.APITesting" name="testResponsecode" time="0.038"/>
  <system-out/>
  <testcase classname="com.CA.qa.TestCases.APITesting" name="testResponsecode" time="0.033"/>
  <system-out/>
  <testcase classname="com.CA.qa.TestCases.APITesting" name="testResponsecode" time="0.036"/>
  <system-out/>
  <testcase classname="com.CA.qa.TestCases.APITesting" name="testResponsecode" time="0.041"/>
  <system-out/>
  <testcase classname="com.CA.qa.TestCases.APITesting" name="testResponsecode" time="0.034"/>
  <system-out/>
  <testcase classname="com.CA.qa.TestCases.APITesting" name="testResponsecode" time="0.183"/>
  <system-out/>
  <testcase classname="com.CA.qa.TestCases.APITesting" name="testResponsecode" time="0.033"/>
  <system-out/>
  <testcase classname="com.CA.qa.TestCases.APITesting" name="testResponsecode" time="0.033"/>
  <system-out/>
  <testcase classname="com.CA.qa.TestCases.APITesting" name="testResponsecode" time="0.034"/>
  <system-out/>
  <testcase classname="com.CA.qa.TestCases.APITesting" name="testResponsecode" time="0.034"/>
  <system-out/>
  <testcase classname="com.CA.qa.TestCases.APITesting" name="testResponsecode" time="0.045"/>
  <system-out/>
  <testcase classname="com.CA.qa.TestCases.APITesting" name="testResponsecode" time="0.120"/>
  <system-out/>
  <testcase classname="com.CA.qa.TestCases.APITesting" name="testResponsecode" time="0.033"/>
  <system-out/>
  <testcase classname="com.CA.qa.TestCases.APITesting" name="testResponsecode" time="0.040"/>
  <system-out/>
  <testcase classname="com.CA.qa.TestCases.APITesting" name="testResponsecode" time="0.054"/>
  <system-out/>
  <testcase classname="com.CA.qa.TestCases.APITesting" name="testResponsecode" time="0.040"/>
  <system-out/>
  <testcase classname="com.CA.qa.TestCases.APITesting" name="testResponsecode" time="0.032"/>
  <system-out/>
  <testcase classname="com.CA.qa.TestCases.APITesting" name="testResponsecode" time="0.039"/>
  <system-out/>
  <testcase classname="com.CA.qa.TestCases.APITesting" name="testResponsecode" time="0.034"/>
  <system-out/>
  <testcase classname="com.CA.qa.TestCases.APITesting" name="testResponsecode" time="0.038"/>
  <system-out/>
  <testcase classname="com.CA.qa.TestCases.APITesting" name="testResponsecode" time="0.033"/>
  <system-out/>
  <testcase classname="com.CA.qa.TestCases.APITesting" name="testResponsecode" time="0.034"/>
  <system-out/>
  <testcase classname="com.CA.qa.TestCases.APITesting" name="testResponsecode" time="0.035"/>
  <system-out/>
  <testcase classname="com.CA.qa.TestCases.APITesting" name="testResponsecode" time="0.037"/>
  <system-out/>
  <testcase classname="com.CA.qa.TestCases.APITesting" name="testResponsecode" time="0.045"/>
  <system-out/>
  <testcase classname="com.CA.qa.TestCases.APITesting" name="testResponsecode" time="0.046"/>
  <system-out/>
  <testcase classname="com.CA.qa.TestCases.APITesting" name="testResponsecode" time="0.036"/>
  <system-out/>
  <testcase classname="com.CA.qa.TestCases.APITesting" name="testResponsecode" time="0.037"/>
  <system-out/>
  <testcase classname="com.CA.qa.TestCases.APITesting" name="testResponsecode" time="0.033"/>
  <system-out/>
  <testcase classname="com.CA.qa.TestCases.APITesting" name="testResponsecode" time="0.034"/>
  <system-out/>
  <testcase classname="com.CA.qa.TestCases.APITesting" name="testResponsecode" time="0.034"/>
  <system-out/>
  <testcase classname="com.CA.qa.TestCases.APITesting" name="testResponsecode" time="0.149"/>
  <system-out/>
  <testcase classname="com.CA.qa.TestCases.APITesting" name="testResponsecode" time="0.036"/>
  <system-out/>
  <testcase classname="com.CA.qa.TestCases.APITesting" name="testResponsecode" time="0.037"/>
  <system-out/>
  <testcase classname="com.CA.qa.TestCases.APITesting" name="testResponsecode" time="0.036"/>
  <system-out/>
  <testcase classname="com.CA.qa.TestCases.APITesting" name="testResponsecode" time="0.035"/>
  <system-out/>
  <testcase classname="com.CA.qa.TestCases.APITesting" name="testResponsecode" time="0.035"/>
  <system-out/>
  <testcase classname="com.CA.qa.TestCases.APITesting" name="testResponsecode" time="0.045"/>
  <system-out/>
  <testcase classname="com.CA.qa.TestCases.APITesting" name="testResponsecode" time="0.032"/>
  <system-out/>
  <testcase classname="com.CA.qa.TestCases.APITesting" name="testResponsecode" time="0.036"/>
  <system-out/>
  <testcase classname="com.CA.qa.TestCases.APITesting" name="testResponsecode" time="0.034"/>
  <system-out/>
  <testcase classname="com.CA.qa.TestCases.APITesting" name="testResponsecode" time="0.060"/>
  <system-out/>
  <testcase classname="com.CA.qa.TestCases.APITesting" name="testResponsecode" time="0.126"/>
  <system-out/>
  <testcase classname="com.CA.qa.TestCases.APITesting" name="testResponsecode" time="0.048"/>
  <system-out/>
  <testcase classname="com.CA.qa.TestCases.APITesting" name="testResponsecode" time="0.045"/>
  <system-out/>
  <testcase classname="com.CA.qa.TestCases.APITesting" name="testResponsecode" time="0.249"/>
  <system-out/>
  <testcase classname="com.CA.qa.TestCases.APITesting" name="testResponsecode" time="0.034"/>
  <system-out/>
  <testcase classname="com.CA.qa.TestCases.APITesting" name="testResponsecode" time="0.032"/>
  <system-out/>
  <testcase classname="com.CA.qa.TestCases.APITesting" name="testResponsecode" time="0.151"/>
  <system-out/>
  <testcase classname="com.CA.qa.TestCases.APITesting" name="testResponsecode" time="0.038"/>
  <system-out/>
  <testcase classname="com.CA.qa.TestCases.APITesting" name="testResponsecode" time="0.052"/>
  <system-out/>
  <testcase classname="com.CA.qa.TestCases.APITesting" name="testResponsecode" time="0.035"/>
  <system-out/>
  <testcase classname="com.CA.qa.TestCases.APITesting" name="testResponsecode" time="0.077"/>
  <system-out/>
  <testcase classname="com.CA.qa.TestCases.APITesting" name="testResponsecode" time="0.155"/>
  <system-out/>
  <testcase classname="com.CA.qa.TestCases.APITesting" name="testResponsecode" time="0.034"/>
  <system-out/>
  <testcase classname="com.CA.qa.TestCases.APITesting" name="testResponsecode" time="0.034"/>
  <system-out/>
  <testcase classname="com.CA.qa.TestCases.APITesting" name="testResponsecode" time="0.034"/>
  <system-out/>
  <testcase classname="com.CA.qa.TestCases.APITesting" name="testResponsecode" time="0.035"/>
  <system-out/>
  <testcase classname="com.CA.qa.TestCases.APITesting" name="testResponsecode" time="0.039"/>
  <system-out/>
  <testcase classname="com.CA.qa.TestCases.APITesting" name="testResponsecode" time="0.041"/>
  <system-out/>
  <testcase classname="com.CA.qa.TestCases.APITesting" name="testResponsecode" time="0.152"/>
  <system-out/>
  <testcase classname="com.CA.qa.TestCases.APITesting" name="testResponsecode" time="0.181"/>
  <system-out/>
  <testcase classname="com.CA.qa.TestCases.APITesting" name="testResponsecode" time="0.034"/>
  <system-out/>
  <testcase classname="com.CA.qa.TestCases.APITesting" name="testResponsecode" time="0.143"/>
  <system-out/>
  <testcase classname="com.CA.qa.TestCases.APITesting" name="testResponsecode" time="0.032"/>
  <system-out/>
  <testcase classname="com.CA.qa.TestCases.APITesting" name="testResponsecode" time="0.031"/>
  <system-out/>
  <testcase classname="com.CA.qa.TestCases.APITesting" name="testResponsecode" time="0.032"/>
  <system-out/>
  <testcase classname="com.CA.qa.TestCases.APITesting" name="testResponsecode" time="0.035"/>
  <system-out/>
  <testcase classname="com.CA.qa.TestCases.APITesting" name="testResponsecode" time="0.033"/>
  <system-out/>
  <testcase classname="com.CA.qa.TestCases.APITesting" name="testResponsecode" time="0.035"/>
  <system-out/>
  <testcase classname="com.CA.qa.TestCases.APITesting" name="testResponsecode" time="0.137"/>
  <system-out/>
  <testcase classname="com.CA.qa.TestCases.APITesting" name="testResponsecode" time="0.034"/>
  <system-out/>
  <testcase classname="com.CA.qa.TestCases.APITesting" name="testResponsecode" time="0.034"/>
  <system-out/>
  <testcase classname="com.CA.qa.TestCases.APITesting" name="testResponsecode" time="0.044"/>
  <system-out/>
  <testcase classname="com.CA.qa.TestCases.APITesting" name="testResponsecode" time="0.035"/>
  <system-out/>
  <testcase classname="com.CA.qa.TestCases.APITesting" name="testResponsecode" time="0.045"/>
  <system-out/>
  <testcase classname="com.CA.qa.TestCases.APITesting" name="testResponsecode" time="0.036"/>
  <system-out/>
  <testcase classname="com.CA.qa.TestCases.APITesting" name="testResponsecode" time="0.041"/>
  <system-out/>
  <testcase classname="com.CA.qa.TestCases.APITesting" name="testResponsecode" time="0.042"/>
  <system-out/>
  <testcase classname="com.CA.qa.TestCases.APITesting" name="testResponsecode" time="0.033"/>
  <system-out/>
  <testcase classname="com.CA.qa.TestCases.APITesting" name="testResponsecode" time="0.165"/>
  <system-out/>
  <testcase classname="com.CA.qa.TestCases.APITesting" name="testResponsecode" time="0.034"/>
  <system-out/>
  <testcase classname="com.CA.qa.TestCases.APITesting" name="testResponsecode" time="0.036"/>
  <system-out/>
  <testcase classname="com.CA.qa.TestCases.APITesting" name="testResponsecode" time="0.040"/>
  <system-out/>
  <testcase classname="com.CA.qa.TestCases.APITesting" name="testResponsecode" time="0.033"/>
  <system-out/>
  <testcase classname="com.CA.qa.TestCases.APITesting" name="testResponsecode" time="0.045"/>
  <system-out/>
  <testcase classname="com.CA.qa.TestCases.APITesting" name="testResponsecode" time="0.034"/>
  <system-out/>
  <testcase classname="com.CA.qa.TestCases.APITesting" name="testResponsecode" time="0.032"/>
  <system-out/>
  <testcase classname="com.CA.qa.TestCases.APITesting" name="testResponsecode" time="0.033"/>
  <system-out/>
  <testcase classname="com.CA.qa.TestCases.APITesting" name="testResponsecode" time="0.033"/>
  <system-out/>
  <testcase classname="com.CA.qa.TestCases.APITesting" name="testResponsecode" time="0.044"/>
  <system-out/>
  <testcase classname="com.CA.qa.TestCases.APITesting" name="testResponsecode" time="0.050"/>
  <system-out/>
  <testcase classname="com.CA.qa.TestCases.APITesting" name="testResponsecode" time="0.034"/>
  <system-out/>
  <testcase classname="com.CA.qa.TestCases.APITesting" name="testResponsecode" time="0.036"/>
  <system-out/>
  <testcase classname="com.CA.qa.TestCases.APITesting" name="testResponsecode" time="0.037"/>
  <system-out/>
  <testcase classname="com.CA.qa.TestCases.APITesting" name="testResponsecode" time="0.054"/>
  <system-out/>
  <testcase classname="com.CA.qa.TestCases.APITesting" name="testResponsecode" time="0.039"/>
  <system-out/>
  <testcase classname="com.CA.qa.TestCases.APITesting" name="testResponsecode" time="0.034"/>
  <system-out/>
  <testcase classname="com.CA.qa.TestCases.APITesting" name="testResponsecode" time="0.035"/>
  <system-out/>
  <testcase classname="com.CA.qa.TestCases.APITesting" name="testResponsecode" time="0.034"/>
  <system-out/>
  <testcase classname="com.CA.qa.TestCases.APITesting" name="testResponsecode" time="0.038"/>
  <system-out/>
  <testcase classname="com.CA.qa.TestCases.APITesting" name="testResponsecode" time="0.150"/>
  <system-out/>
  <testcase classname="com.CA.qa.TestCases.APITesting" name="testResponsecode" time="0.042"/>
  <system-out/>
  <testcase classname="com.CA.qa.TestCases.APITesting" name="testResponsecode" time="0.034"/>
  <system-out/>
  <testcase classname="com.CA.qa.TestCases.APITesting" name="testResponsecode" time="0.168"/>
  <system-out/>
  <testcase classname="com.CA.qa.TestCases.APITesting" name="testResponsecode" time="0.034"/>
  <system-out/>
  <testcase classname="com.CA.qa.TestCases.APITesting" name="testResponsecode" time="0.039"/>
  <system-out/>
  <testcase classname="com.CA.qa.TestCases.APITesting" name="testResponsecode" time="0.038"/>
  <system-out/>
  <testcase classname="com.CA.qa.TestCases.APITesting" name="testResponsecode" time="0.038"/>
  <system-out/>
  <testcase classname="com.CA.qa.TestCases.APITesting" name="testResponsecode" time="0.033"/>
  <system-out/>
  <testcase classname="com.CA.qa.TestCases.APITesting" name="testResponsecode" time="0.038"/>
  <system-out/>
  <testcase classname="com.CA.qa.TestCases.APITesting" name="testResponsecode" time="0.047"/>
  <system-out/>
  <testcase classname="com.CA.qa.TestCases.APITesting" name="testResponsecode" time="0.038"/>
  <system-out/>
  <testcase classname="com.CA.qa.TestCases.APITesting" name="testResponsecode" time="0.035"/>
  <system-out/>
  <testcase classname="com.CA.qa.TestCases.APITesting" name="testResponsecode" time="0.042"/>
  <system-out/>
  <testcase classname="com.CA.qa.TestCases.APITesting" name="testResponsecode" time="0.034"/>
  <system-out/>
  <testcase classname="com.CA.qa.TestCases.APITesting" name="testResponsecode" time="0.043"/>
  <system-out/>
  <testcase classname="com.CA.qa.TestCases.APITesting" name="testResponsecode" time="0.035"/>
  <system-out/>
  <testcase classname="com.CA.qa.TestCases.APITesting" name="testResponsecode" time="0.033"/>
  <system-out/>
  <testcase classname="com.CA.qa.TestCases.APITesting" name="testResponsecode" time="0.033"/>
  <system-out/>
  <testcase classname="com.CA.qa.TestCases.APITesting" name="testResponsecode" time="0.045"/>
  <system-out/>
  <testcase classname="com.CA.qa.TestCases.APITesting" name="testResponsecode" time="0.032"/>
  <system-out/>
  <testcase classname="com.CA.qa.TestCases.APITesting" name="testResponsecode" time="0.033"/>
  <system-out/>
  <testcase classname="com.CA.qa.TestCases.APITesting" name="testResponsecode" time="0.466"/>
  <system-out/>
  <testcase classname="com.CA.qa.TestCases.APITesting" name="testResponsecode" time="0.033"/>
  <system-out/>
  <testcase classname="com.CA.qa.TestCases.APITesting" name="testResponsecode" time="0.035"/>
  <system-out/>
  <testcase classname="com.CA.qa.TestCases.APITesting" name="testResponsecode" time="0.033"/>
  <system-out/>
  <testcase classname="com.CA.qa.TestCases.APITesting" name="testResponsecode" time="0.041"/>
  <system-out/>
  <testcase classname="com.CA.qa.TestCases.APITesting" name="testResponsecode" time="0.035"/>
  <system-out/>
  <testcase classname="com.CA.qa.TestCases.APITesting" name="testResponsecode" time="0.211"/>
  <system-out/>
  <testcase classname="com.CA.qa.TestCases.APITesting" name="testResponsecode" time="0.035"/>
  <system-out/>
  <testcase classname="com.CA.qa.TestCases.APITesting" name="testResponsecode" time="0.034"/>
  <system-out/>
  <testcase classname="com.CA.qa.TestCases.APITesting" name="testResponsecode" time="0.036"/>
  <system-out/>
  <testcase classname="com.CA.qa.TestCases.APITesting" name="testResponsecode" time="0.037"/>
  <system-out/>
  <testcase classname="com.CA.qa.TestCases.APITesting" name="testResponsecode" time="0.132"/>
  <system-out/>
  <testcase classname="com.CA.qa.TestCases.APITesting" name="testResponsecode" time="0.035"/>
  <system-out/>
  <testcase classname="com.CA.qa.TestCases.APITesting" name="testResponsecode" time="0.045"/>
  <system-out/>
  <testcase classname="com.CA.qa.TestCases.APITesting" name="testResponsecode" time="0.032"/>
  <system-out/>
  <testcase classname="com.CA.qa.TestCases.APITesting" name="testResponsecode" time="0.034"/>
  <system-out/>
  <testcase classname="com.CA.qa.TestCases.APITesting" name="testResponsecode" time="0.040"/>
  <system-out/>
  <testcase classname="com.CA.qa.TestCases.APITesting" name="testResponsecode" time="0.036"/>
  <system-out/>
  <testcase classname="com.CA.qa.TestCases.APITesting" name="testResponsecode" time="0.038"/>
  <system-out/>
  <testcase classname="com.CA.qa.TestCases.APITesting" name="testResponsecode" time="0.038"/>
  <system-out/>
  <testcase classname="com.CA.qa.TestCases.APITesting" name="testResponsecode" time="0.041"/>
  <system-out/>
  <testcase classname="com.CA.qa.TestCases.APITesting" name="testResponsecode" time="0.050"/>
  <system-out/>
  <testcase classname="com.CA.qa.TestCases.APITesting" name="testResponsecode" time="0.034"/>
  <system-out/>
  <testcase classname="com.CA.qa.TestCases.APITesting" name="testResponsecode" time="0.034"/>
  <system-out/>
  <testcase classname="com.CA.qa.TestCases.APITesting" name="testResponsecode" time="0.132"/>
  <system-out/>
  <testcase classname="com.CA.qa.TestCases.APITesting" name="testResponsecode" time="0.038"/>
  <system-out/>
  <testcase classname="com.CA.qa.TestCases.APITesting" name="testResponsecode" time="0.053"/>
  <system-out/>
  <testcase classname="com.CA.qa.TestCases.APITesting" name="testResponsecode" time="0.033"/>
  <system-out/>
  <testcase classname="com.CA.qa.TestCases.APITesting" name="testResponsecode" time="0.033"/>
  <system-out/>
  <testcase classname="com.CA.qa.TestCases.APITesting" name="testResponsecode" time="0.036"/>
  <system-out/>
  <testcase classname="com.CA.qa.TestCases.APITesting" name="testResponsecode" time="0.041"/>
  <system-out/>
  <testcase classname="com.CA.qa.TestCases.APITesting" name="testResponsecode" time="0.034"/>
  <system-out/>
  <testcase classname="com.CA.qa.TestCases.APITesting" name="testResponsecode" time="0.035"/>
  <system-out/>
  <testcase classname="com.CA.qa.TestCases.APITesting" name="testResponsecode" time="0.034"/>
  <system-out/>
  <testcase classname="com.CA.qa.TestCases.APITesting" name="testResponsecode" time="0.034"/>
  <system-out/>
  <testcase classname="com.CA.qa.TestCases.APITesting" name="testResponsecode" time="0.035"/>
  <system-out/>
  <testcase classname="com.CA.qa.TestCases.APITesting" name="testResponsecode" time="0.034"/>
  <system-out/>
  <testcase classname="com.CA.qa.TestCases.APITesting" name="testResponsecode" time="0.707"/>
  <system-out/>
  <testcase classname="com.CA.qa.TestCases.APITesting" name="testResponsecode" time="0.038"/>
  <system-out/>
  <testcase classname="com.CA.qa.TestCases.APITesting" name="testResponsecode" time="0.032"/>
  <system-out/>
  <testcase classname="com.CA.qa.TestCases.APITesting" name="testResponsecode" time="0.040"/>
  <system-out/>
  <testcase classname="com.CA.qa.TestCases.APITesting" name="testResponsecode" time="0.042"/>
  <system-out/>
  <testcase classname="com.CA.qa.TestCases.APITesting" name="testResponsecode" time="0.033"/>
  <system-out/>
  <testcase classname="com.CA.qa.TestCases.APITesting" name="testResponsecode" time="0.036"/>
  <system-out/>
  <testcase classname="com.CA.qa.TestCases.APITesting" name="testResponsecode" time="0.043"/>
  <system-out/>
  <testcase classname="com.CA.qa.TestCases.APITesting" name="testResponsecode" time="0.045"/>
  <system-out/>
  <testcase classname="com.CA.qa.TestCases.APITesting" name="testResponsecode" time="0.036"/>
  <system-out/>
  <testcase classname="com.CA.qa.TestCases.APITesting" name="testResponsecode" time="0.038"/>
  <system-out/>
  <testcase classname="com.CA.qa.TestCases.APITesting" name="testResponsecode" time="0.042"/>
  <system-out/>
  <testcase classname="com.CA.qa.TestCases.APITesting" name="testResponsecode" time="0.036"/>
  <system-out/>
  <testcase classname="com.CA.qa.TestCases.APITesting" name="testResponsecode" time="0.040"/>
  <system-out/>
  <testcase classname="com.CA.qa.TestCases.APITesting" name="testResponsecode" time="0.033"/>
  <system-out/>
  <testcase classname="com.CA.qa.TestCases.APITesting" name="testResponsecode" time="0.036"/>
  <system-out/>
  <testcase classname="com.CA.qa.TestCases.APITesting" name="testResponsecode" time="0.033"/>
  <system-out/>
  <testcase classname="com.CA.qa.TestCases.APITesting" name="testResponsecode" time="0.233"/>
  <system-out/>
  <testcase classname="com.CA.qa.TestCases.APITesting" name="testResponsecode" time="0.032"/>
  <system-out/>
  <testcase classname="com.CA.qa.TestCases.APITesting" name="testResponsecode" time="0.035"/>
  <system-out/>
  <testcase classname="com.CA.qa.TestCases.APITesting" name="testResponsecode" time="2.736"/>
  <system-out/>
  <testcase classname="com.CA.qa.TestCases.APITesting" name="testResponsecode" time="0.034"/>
  <system-out/>
  <testcase classname="com.CA.qa.TestCases.APITesting" name="testResponsecode" time="0.038"/>
  <system-out/>
  <testcase classname="com.CA.qa.TestCases.APITesting" name="testResponsecode" time="0.034"/>
  <system-out/>
  <testcase classname="com.CA.qa.TestCases.APITesting" name="testResponsecode" time="0.086"/>
  <system-out/>
  <testcase classname="com.CA.qa.TestCases.APITesting" name="testResponsecode" time="0.034"/>
  <system-out/>
  <testcase classname="com.CA.qa.TestCases.APITesting" name="testResponsecode" time="0.052"/>
  <system-out/>
  <testcase classname="com.CA.qa.TestCases.APITesting" name="testResponsecode" time="0.035"/>
  <system-out/>
  <testcase classname="com.CA.qa.TestCases.APITesting" name="testResponsecode" time="0.035"/>
  <system-out/>
  <testcase classname="com.CA.qa.TestCases.APITesting" name="testResponsecode" time="0.033"/>
  <system-out/>
  <testcase classname="com.CA.qa.TestCases.APITesting" name="testResponsecode" time="0.034"/>
  <system-out/>
  <testcase classname="com.CA.qa.TestCases.APITesting" name="testResponsecode" time="0.142"/>
  <system-out/>
  <testcase classname="com.CA.qa.TestCases.APITesting" name="testResponsecode" time="0.036"/>
  <system-out/>
  <testcase classname="com.CA.qa.TestCases.APITesting" name="testResponsecode" time="0.040"/>
  <system-out/>
  <testcase classname="com.CA.qa.TestCases.APITesting" name="testResponsecode" time="0.037"/>
  <system-out/>
  <testcase classname="com.CA.qa.TestCases.APITesting" name="testResponsecode" time="0.037"/>
  <system-out/>
  <testcase classname="com.CA.qa.TestCases.APITesting" name="testResponsecode" time="0.045"/>
  <system-out/>
  <testcase classname="com.CA.qa.TestCases.APITesting" name="testResponsecode" time="0.039"/>
  <system-out/>
  <testcase classname="com.CA.qa.TestCases.APITesting" name="testResponsecode" time="0.050"/>
  <system-out/>
  <testcase classname="com.CA.qa.TestCases.APITesting" name="testResponsecode" time="0.040"/>
  <system-out/>
  <testcase classname="com.CA.qa.TestCases.APITesting" name="testResponsecode" time="0.042"/>
  <system-out/>
  <testcase classname="com.CA.qa.TestCases.APITesting" name="testResponsecode" time="0.036"/>
  <system-out/>
  <testcase classname="com.CA.qa.TestCases.APITesting" name="testResponsecode" time="0.037"/>
  <system-out/>
  <testcase classname="com.CA.qa.TestCases.APITesting" name="testResponsecode" time="0.041"/>
  <system-out/>
  <testcase classname="com.CA.qa.TestCases.APITesting" name="testResponsecode" time="0.037"/>
  <system-out/>
  <testcase classname="com.CA.qa.TestCases.APITesting" name="testResponsecode" time="0.037"/>
  <system-out/>
  <testcase classname="com.CA.qa.TestCases.APITesting" name="testResponsecode" time="0.032"/>
  <system-out/>
  <testcase classname="com.CA.qa.TestCases.APITesting" name="testResponsecode" time="0.040"/>
  <system-out/>
  <testcase classname="com.CA.qa.TestCases.APITesting" name="testResponsecode" time="0.036"/>
  <system-out/>
  <testcase classname="com.CA.qa.TestCases.APITesting" name="testResponsecode" time="0.038"/>
  <system-out/>
  <testcase classname="com.CA.qa.TestCases.APITesting" name="testResponsecode" time="0.039"/>
  <system-out/>
  <testcase classname="com.CA.qa.TestCases.APITesting" name="testResponsecode" time="0.032"/>
  <system-out/>
  <testcase classname="com.CA.qa.TestCases.APITesting" name="testResponsecode" time="0.081"/>
  <system-out/>
  <testcase classname="com.CA.qa.TestCases.APITesting" name="testResponsecode" time="0.048"/>
  <system-out/>
  <testcase classname="com.CA.qa.TestCases.APITesting" name="testResponsecode" time="0.130"/>
  <system-out/>
  <testcase classname="com.CA.qa.TestCases.APITesting" name="testResponsecode" time="0.037"/>
  <system-out/>
  <testcase classname="com.CA.qa.TestCases.APITesting" name="testResponsecode" time="0.044"/>
  <system-out/>
  <testcase classname="com.CA.qa.TestCases.APITesting" name="testResponsecode" time="0.036"/>
  <system-out/>
  <testcase classname="com.CA.qa.TestCases.APITesting" name="testResponsecode" time="0.152"/>
  <system-out/>
  <testcase classname="com.CA.qa.TestCases.APITesting" name="testResponsecode" time="0.034"/>
  <system-out/>
  <testcase classname="com.CA.qa.TestCases.APITesting" name="testResponsecode" time="0.031"/>
  <system-out/>
  <testcase classname="com.CA.qa.TestCases.APITesting" name="testResponsecode" time="0.043"/>
  <system-out/>
  <testcase classname="com.CA.qa.TestCases.APITesting" name="testResponsecode" time="0.034"/>
  <system-out/>
  <testcase classname="com.CA.qa.TestCases.APITesting" name="testResponsecode" time="0.039"/>
  <system-out/>
  <testcase classname="com.CA.qa.TestCases.APITesting" name="testResponsecode" time="0.034"/>
  <system-out/>
  <testcase classname="com.CA.qa.TestCases.APITesting" name="testResponsecode" time="0.125"/>
  <system-out/>
  <testcase classname="com.CA.qa.TestCases.APITesting" name="testResponsecode" time="0.046"/>
  <system-out/>
  <testcase classname="com.CA.qa.TestCases.APITesting" name="testResponsecode" time="0.043"/>
  <system-out/>
  <testcase classname="com.CA.qa.TestCases.APITesting" name="testResponsecode" time="0.039"/>
  <system-out/>
  <testcase classname="com.CA.qa.TestCases.APITesting" name="testResponsecode" time="0.034"/>
  <system-out/>
  <testcase classname="com.CA.qa.TestCases.APITesting" name="testResponsecode" time="0.032"/>
  <system-out/>
  <testcase classname="com.CA.qa.TestCases.APITesting" name="testResponsecode" time="0.037"/>
  <system-out/>
  <testcase classname="com.CA.qa.TestCases.APITesting" name="testResponsecode" time="0.036"/>
  <system-out/>
  <testcase classname="com.CA.qa.TestCases.APITesting" name="testResponsecode" time="0.033"/>
  <system-out/>
  <testcase classname="com.CA.qa.TestCases.APITesting" name="testResponsecode" time="0.036"/>
  <system-out/>
  <testcase classname="com.CA.qa.TestCases.APITesting" name="testResponsecode" time="0.040"/>
  <system-out/>
  <testcase classname="com.CA.qa.TestCases.APITesting" name="testResponsecode" time="0.034"/>
  <system-out/>
  <testcase classname="com.CA.qa.TestCases.APITesting" name="testResponsecode" time="0.154"/>
  <system-out/>
  <testcase classname="com.CA.qa.TestCases.APITesting" name="testResponsecode" time="0.033"/>
  <system-out/>
  <testcase classname="com.CA.qa.TestCases.APITesting" name="testResponsecode" time="0.042"/>
  <system-out/>
  <testcase classname="com.CA.qa.TestCases.APITesting" name="testResponsecode" time="0.032"/>
  <system-out/>
  <testcase classname="com.CA.qa.TestCases.APITesting" name="testResponsecode" time="0.054"/>
  <system-out/>
  <testcase classname="com.CA.qa.TestCases.APITesting" name="testResponsecode" time="0.032"/>
  <system-out/>
  <testcase classname="com.CA.qa.TestCases.APITesting" name="testResponsecode" time="0.038"/>
  <system-out/>
  <testcase classname="com.CA.qa.TestCases.APITesting" name="testResponsecode" time="0.049"/>
  <system-out/>
  <testcase classname="com.CA.qa.TestCases.APITesting" name="testResponsecode" time="0.034"/>
  <system-out/>
  <testcase classname="com.CA.qa.TestCases.APITesting" name="testResponsecode" time="0.131"/>
  <system-out/>
  <testcase classname="com.CA.qa.TestCases.APITesting" name="testResponsecode" time="0.033"/>
  <system-out/>
  <testcase classname="com.CA.qa.TestCases.APITesting" name="testResponsecode" time="0.043"/>
  <system-out/>
  <testcase classname="com.CA.qa.TestCases.APITesting" name="testResponsecode" time="0.044"/>
  <system-out/>
  <testcase classname="com.CA.qa.TestCases.APITesting" name="testResponsecode" time="0.035"/>
  <system-out/>
  <testcase classname="com.CA.qa.TestCases.APITesting" name="testResponsecode" time="0.033"/>
  <system-out/>
  <testcase classname="com.CA.qa.TestCases.APITesting" name="testResponsecode" time="0.033"/>
  <system-out/>
  <testcase classname="com.CA.qa.TestCases.APITesting" name="testResponsecode" time="0.032"/>
  <system-out/>
  <testcase classname="com.CA.qa.TestCases.APITesting" name="testResponsecode" time="0.035"/>
  <system-out/>
  <testcase classname="com.CA.qa.TestCases.APITesting" name="testResponsecode" time="0.043"/>
  <system-out/>
  <testcase classname="com.CA.qa.TestCases.APITesting" name="testResponsecode" time="0.033"/>
  <system-out/>
  <testcase classname="com.CA.qa.TestCases.APITesting" name="testResponsecode" time="0.036"/>
  <system-out/>
  <testcase classname="com.CA.qa.TestCases.APITesting" name="testResponsecode" time="0.037"/>
  <system-out/>
  <testcase classname="com.CA.qa.TestCases.APITesting" name="testResponsecode" time="0.033"/>
  <system-out/>
  <testcase classname="com.CA.qa.TestCases.APITesting" name="testResponsecode" time="0.032"/>
  <system-out/>
  <testcase classname="com.CA.qa.TestCases.APITesting" name="testResponsecode" time="0.050"/>
  <system-out/>
  <testcase classname="com.CA.qa.TestCases.APITesting" name="testResponsecode" time="0.039"/>
  <system-out/>
  <testcase classname="com.CA.qa.TestCases.APITesting" name="testResponsecode" time="0.039"/>
  <system-out/>
  <testcase classname="com.CA.qa.TestCases.APITesting" name="testResponsecode" time="0.035"/>
  <system-out/>
  <testcase classname="com.CA.qa.TestCases.APITesting" name="testResponsecode" time="0.036"/>
  <system-out/>
  <testcase classname="com.CA.qa.TestCases.APITesting" name="testResponsecode" time="0.037"/>
  <system-out/>
  <testcase classname="com.CA.qa.TestCases.APITesting" name="testResponsecode" time="0.034"/>
  <system-out/>
  <testcase classname="com.CA.qa.TestCases.APITesting" name="testResponsecode" time="0.037"/>
  <system-out/>
  <testcase classname="com.CA.qa.TestCases.APITesting" name="testResponsecode" time="0.036"/>
  <system-out/>
  <testcase classname="com.CA.qa.TestCases.APITesting" name="testResponsecode" time="0.038"/>
  <system-out/>
  <testcase classname="com.CA.qa.TestCases.APITesting" name="testResponsecode" time="0.042"/>
  <system-out/>
  <testcase classname="com.CA.qa.TestCases.APITesting" name="testResponsecode" time="0.141"/>
  <system-out/>
  <testcase classname="com.CA.qa.TestCases.APITesting" name="testResponsecode" time="0.034"/>
  <system-out/>
  <testcase classname="com.CA.qa.TestCases.APITesting" name="testResponsecode" time="0.055"/>
  <system-out/>
  <testcase classname="com.CA.qa.TestCases.APITesting" name="testResponsecode" time="0.042"/>
  <system-out/>
  <testcase classname="com.CA.qa.TestCases.APITesting" name="testResponsecode" time="0.034"/>
  <system-out/>
  <testcase classname="com.CA.qa.TestCases.APITesting" name="testResponsecode" time="0.046"/>
  <system-out/>
  <testcase classname="com.CA.qa.TestCases.APITesting" name="testResponsecode" time="0.035"/>
  <system-out/>
  <testcase classname="com.CA.qa.TestCases.APITesting" name="testResponsecode" time="0.040"/>
  <system-out/>
  <testcase classname="com.CA.qa.TestCases.APITesting" name="testResponsecode" time="0.037"/>
  <system-out/>
  <testcase classname="com.CA.qa.TestCases.APITesting" name="testResponsecode" time="0.036"/>
  <system-out/>
  <testcase classname="com.CA.qa.TestCases.APITesting" name="testResponsecode" time="0.040"/>
  <system-out/>
  <testcase classname="com.CA.qa.TestCases.APITesting" name="testResponsecode" time="0.043"/>
  <system-out/>
  <testcase classname="com.CA.qa.TestCases.APITesting" name="testResponsecode" time="0.034"/>
  <system-out/>
  <testcase classname="com.CA.qa.TestCases.APITesting" name="testResponsecode" time="0.039"/>
  <system-out/>
  <testcase classname="com.CA.qa.TestCases.APITesting" name="testResponsecode" time="0.033"/>
  <system-out/>
  <testcase classname="com.CA.qa.TestCases.APITesting" name="testResponsecode" time="0.088"/>
  <system-out/>
  <testcase classname="com.CA.qa.TestCases.APITesting" name="testResponsecode" time="0.034"/>
  <system-out/>
  <testcase classname="com.CA.qa.TestCases.APITesting" name="testResponsecode" time="0.036"/>
  <system-out/>
  <testcase classname="com.CA.qa.TestCases.APITesting" name="testResponsecode" time="0.034"/>
  <system-out/>
  <testcase classname="com.CA.qa.TestCases.APITesting" name="testResponsecode" time="0.031"/>
  <system-out/>
  <testcase classname="com.CA.qa.TestCases.APITesting" name="testResponsecode" time="0.037"/>
  <system-out/>
  <testcase classname="com.CA.qa.TestCases.APITesting" name="testResponsecode" time="0.044"/>
  <system-out/>
  <testcase classname="com.CA.qa.TestCases.APITesting" name="testResponsecode" time="0.048"/>
  <system-out/>
  <testcase classname="com.CA.qa.TestCases.APITesting" name="testResponsecode" time="0.033"/>
  <system-out/>
  <testcase classname="com.CA.qa.TestCases.APITesting" name="testResponsecode" time="0.066"/>
  <system-out/>
  <testcase classname="com.CA.qa.TestCases.APITesting" name="testResponsecode" time="0.033"/>
  <system-out/>
  <testcase classname="com.CA.qa.TestCases.APITesting" name="testResponsecode" time="0.057"/>
  <system-out/>
  <testcase classname="com.CA.qa.TestCases.APITesting" name="testResponsecode" time="0.034"/>
  <system-out/>
  <testcase classname="com.CA.qa.TestCases.APITesting" name="testResponsecode" time="0.036"/>
  <system-out/>
  <testcase classname="com.CA.qa.TestCases.APITesting" name="testResponsecode" time="0.032"/>
  <system-out/>
  <testcase classname="com.CA.qa.TestCases.APITesting" name="testResponsecode" time="0.038"/>
  <system-out/>
  <testcase classname="com.CA.qa.TestCases.APITesting" name="testResponsecode" time="0.127"/>
  <system-out/>
  <testcase classname="com.CA.qa.TestCases.APITesting" name="testResponsecode" time="0.039"/>
  <system-out/>
  <testcase classname="com.CA.qa.TestCases.APITesting" name="testResponsecode" time="0.032"/>
  <system-out/>
  <testcase classname="com.CA.qa.TestCases.APITesting" name="testResponsecode" time="0.035"/>
  <system-out/>
  <testcase classname="com.CA.qa.TestCases.APITesting" name="testResponsecode" time="0.033"/>
  <system-out/>
  <testcase classname="com.CA.qa.TestCases.APITesting" name="testResponsecode" time="0.034"/>
  <system-out/>
  <testcase classname="com.CA.qa.TestCases.APITesting" name="testResponsecode" time="0.037"/>
  <system-out/>
  <testcase classname="com.CA.qa.TestCases.APITesting" name="testResponsecode" time="0.033"/>
  <system-out/>
  <testcase classname="com.CA.qa.TestCases.APITesting" name="testResponsecode" time="0.039"/>
  <system-out/>
  <testcase classname="com.CA.qa.TestCases.APITesting" name="testResponsecode" time="0.040"/>
  <system-out/>
  <testcase classname="com.CA.qa.TestCases.APITesting" name="testResponsecode" time="0.213"/>
  <system-out/>
  <testcase classname="com.CA.qa.TestCases.APITesting" name="testResponsecode" time="0.033"/>
  <system-out/>
  <testcase classname="com.CA.qa.TestCases.APITesting" name="testResponsecode" time="0.036"/>
  <system-out/>
  <testcase classname="com.CA.qa.TestCases.APITesting" name="testResponsecode" time="0.039"/>
  <system-out/>
  <testcase classname="com.CA.qa.TestCases.APITesting" name="testResponsecode" time="0.035"/>
  <system-out/>
  <testcase classname="com.CA.qa.TestCases.APITesting" name="testResponsecode" time="0.034"/>
  <system-out/>
  <testcase classname="com.CA.qa.TestCases.APITesting" name="testResponsecode" time="0.948"/>
  <system-out/>
  <testcase classname="com.CA.qa.TestCases.APITesting" name="testResponsecode" time="0.095"/>
  <system-out/>
  <testcase classname="com.CA.qa.TestCases.APITesting" name="testResponsecode" time="0.035"/>
  <system-out/>
  <testcase classname="com.CA.qa.TestCases.APITesting" name="testResponsecode" time="0.035"/>
  <system-out/>
  <testcase classname="com.CA.qa.TestCases.APITesting" name="testResponsecode" time="0.034"/>
  <system-out/>
  <testcase classname="com.CA.qa.TestCases.APITesting" name="testResponsecode" time="0.043"/>
  <system-out/>
  <testcase classname="com.CA.qa.TestCases.APITesting" name="testResponsecode" time="0.040"/>
  <system-out/>
  <testcase classname="com.CA.qa.TestCases.APITesting" name="testResponsecode" time="0.037"/>
  <system-out/>
  <testcase classname="com.CA.qa.TestCases.APITesting" name="testResponsecode" time="0.035"/>
  <system-out/>
  <testcase classname="com.CA.qa.TestCases.APITesting" name="testResponsecode" time="0.033"/>
  <system-out/>
  <testcase classname="com.CA.qa.TestCases.APITesting" name="testResponsecode" time="0.036"/>
  <system-out/>
  <testcase classname="com.CA.qa.TestCases.APITesting" name="testResponsecode" time="0.134"/>
  <system-out/>
  <testcase classname="com.CA.qa.TestCases.APITesting" name="testResponsecode" time="0.051"/>
  <system-out/>
  <testcase classname="com.CA.qa.TestCases.APITesting" name="testResponsecode" time="0.033"/>
  <system-out/>
  <testcase classname="com.CA.qa.TestCases.APITesting" name="testResponsecode" time="0.038"/>
  <system-out/>
  <testcase classname="com.CA.qa.TestCases.APITesting" name="testResponsecode" time="0.036"/>
  <system-out/>
  <testcase classname="com.CA.qa.TestCases.APITesting" name="testResponsecode" time="0.037"/>
  <system-out/>
  <testcase classname="com.CA.qa.TestCases.APITesting" name="testResponsecode" time="0.033"/>
  <system-out/>
  <testcase classname="com.CA.qa.TestCases.APITesting" name="testResponsecode" time="0.035"/>
  <system-out/>
  <testcase classname="com.CA.qa.TestCases.APITesting" name="testResponsecode" time="0.089"/>
  <system-out/>
  <testcase classname="com.CA.qa.TestCases.APITesting" name="testResponsecode" time="0.034"/>
  <system-out/>
  <testcase classname="com.CA.qa.TestCases.APITesting" name="testResponsecode" time="0.037"/>
  <system-out/>
  <testcase classname="com.CA.qa.TestCases.APITesting" name="testResponsecode" time="0.043"/>
  <system-out/>
  <testcase classname="com.CA.qa.TestCases.APITesting" name="testResponsecode" time="0.037"/>
  <system-out/>
  <testcase classname="com.CA.qa.TestCases.APITesting" name="testResponsecode" time="0.039"/>
  <system-out/>
  <testcase classname="com.CA.qa.TestCases.APITesting" name="testResponsecode" time="0.051"/>
  <system-out/>
  <testcase classname="com.CA.qa.TestCases.APITesting" name="testResponsecode" time="0.202"/>
  <system-out/>
  <testcase classname="com.CA.qa.TestCases.APITesting" name="testResponsecode" time="0.035"/>
  <system-out/>
  <testcase classname="com.CA.qa.TestCases.APITesting" name="testResponsecode" time="0.040"/>
  <system-out/>
  <testcase classname="com.CA.qa.TestCases.APITesting" name="testResponsecode" time="0.035"/>
  <system-out/>
  <testcase classname="com.CA.qa.TestCases.APITesting" name="testResponsecode" time="0.039"/>
  <system-out/>
  <testcase classname="com.CA.qa.TestCases.APITesting" name="testResponsecode" time="0.038"/>
  <system-out/>
  <testcase classname="com.CA.qa.TestCases.APITesting" name="testResponsecode" time="0.150"/>
  <system-out/>
  <testcase classname="com.CA.qa.TestCases.APITesting" name="testResponsecode" time="0.038"/>
  <system-out/>
  <testcase classname="com.CA.qa.TestCases.APITesting" name="testResponsecode" time="0.035"/>
  <system-out/>
  <testcase classname="com.CA.qa.TestCases.APITesting" name="testResponsecode" time="0.033"/>
  <system-out/>
  <testcase classname="com.CA.qa.TestCases.APITesting" name="testResponsecode" time="0.035"/>
  <system-out/>
  <testcase classname="com.CA.qa.TestCases.APITesting" name="testResponsecode" time="0.033"/>
  <system-out/>
  <testcase classname="com.CA.qa.TestCases.APITesting" name="testResponsecode" time="0.033"/>
  <system-out/>
  <testcase classname="com.CA.qa.TestCases.APITesting" name="testResponsecode" time="0.036"/>
  <system-out/>
  <testcase classname="com.CA.qa.TestCases.APITesting" name="testResponsecode" time="0.043"/>
  <system-out/>
  <testcase classname="com.CA.qa.TestCases.APITesting" name="testResponsecode" time="0.037"/>
  <system-out/>
  <testcase classname="com.CA.qa.TestCases.APITesting" name="testResponsecode" time="0.036"/>
  <system-out/>
  <testcase classname="com.CA.qa.TestCases.APITesting" name="testResponsecode" time="0.039"/>
  <system-out/>
  <testcase classname="com.CA.qa.TestCases.APITesting" name="testResponsecode" time="0.059"/>
  <system-out/>
  <testcase classname="com.CA.qa.TestCases.APITesting" name="testResponsecode" time="0.033"/>
  <system-out/>
  <testcase classname="com.CA.qa.TestCases.APITesting" name="testResponsecode" time="0.034"/>
  <system-out/>
  <testcase classname="com.CA.qa.TestCases.APITesting" name="testResponsecode" time="0.034"/>
  <system-out/>
  <testcase classname="com.CA.qa.TestCases.APITesting" name="testResponsecode" time="0.035"/>
  <system-out/>
  <testcase classname="com.CA.qa.TestCases.APITesting" name="testResponsecode" time="0.033"/>
  <system-out/>
  <testcase classname="com.CA.qa.TestCases.APITesting" name="testResponsecode" time="0.041"/>
  <system-out/>
  <testcase classname="com.CA.qa.TestCases.APITesting" name="testResponsecode" time="0.036"/>
  <system-out/>
  <testcase classname="com.CA.qa.TestCases.APITesting" name="testResponsecode" time="0.039"/>
  <system-out/>
  <testcase classname="com.CA.qa.TestCases.APITesting" name="testResponsecode" time="0.040"/>
  <system-out/>
  <testcase classname="com.CA.qa.TestCases.APITesting" name="testResponsecode" time="0.039"/>
  <system-out/>
  <testcase classname="com.CA.qa.TestCases.APITesting" name="testResponsecode" time="0.056"/>
  <system-out/>
  <testcase classname="com.CA.qa.TestCases.APITesting" name="testResponsecode" time="0.097"/>
  <system-out/>
  <testcase classname="com.CA.qa.TestCases.APITesting" name="testResponsecode" time="0.034"/>
  <system-out/>
  <testcase classname="com.CA.qa.TestCases.APITesting" name="testResponsecode" time="0.034"/>
  <system-out/>
  <testcase classname="com.CA.qa.TestCases.APITesting" name="testResponsecode" time="0.793"/>
  <system-out/>
  <testcase classname="com.CA.qa.TestCases.APITesting" name="testResponsecode" time="0.033"/>
  <system-out/>
  <testcase classname="com.CA.qa.TestCases.APITesting" name="testResponsecode" time="0.045"/>
  <system-out/>
  <testcase classname="com.CA.qa.TestCases.APITesting" name="testResponsecode" time="0.037"/>
  <system-out/>
  <testcase classname="com.CA.qa.TestCases.APITesting" name="testResponsecode" time="0.040"/>
  <system-out/>
  <testcase classname="com.CA.qa.TestCases.APITesting" name="testResponsecode" time="0.044"/>
  <system-out/>
  <testcase classname="com.CA.qa.TestCases.APITesting" name="testResponsecode" time="0.094"/>
  <system-out/>
  <testcase classname="com.CA.qa.TestCases.APITesting" name="testResponsecode" time="0.046"/>
  <system-out/>
  <testcase classname="com.CA.qa.TestCases.APITesting" name="testResponsecode" time="0.038"/>
  <system-out/>
  <testcase classname="com.CA.qa.TestCases.APITesting" name="testResponsecode" time="0.048"/>
  <system-out/>
  <testcase classname="com.CA.qa.TestCases.APITesting" name="testResponsecode" time="0.032"/>
  <system-out/>
  <testcase classname="com.CA.qa.TestCases.APITesting" name="testResponsecode" time="0.045"/>
  <system-out/>
  <testcase classname="com.CA.qa.TestCases.APITesting" name="testResponsecode" time="0.033"/>
  <system-out/>
  <testcase classname="com.CA.qa.TestCases.APITesting" name="testResponsecode" time="0.100"/>
  <system-out/>
  <testcase classname="com.CA.qa.TestCases.APITesting" name="testResponsecode" time="0.032"/>
  <system-out/>
  <testcase classname="com.CA.qa.TestCases.APITesting" name="testResponsecode" time="0.033"/>
  <system-out/>
  <testcase classname="com.CA.qa.TestCases.APITesting" name="testResponsecode" time="0.033"/>
  <system-out/>
  <testcase classname="com.CA.qa.TestCases.APITesting" name="testResponsecode" time="0.036"/>
  <system-out/>
  <testcase classname="com.CA.qa.TestCases.APITesting" name="testResponsecode" time="0.039"/>
  <system-out/>
  <testcase classname="com.CA.qa.TestCases.APITesting" name="testResponsecode" time="0.057"/>
  <system-out/>
  <testcase classname="com.CA.qa.TestCases.APITesting" name="testResponsecode" time="0.148"/>
  <system-out/>
  <testcase classname="com.CA.qa.TestCases.APITesting" name="testResponsecode" time="0.035"/>
  <system-out/>
  <testcase classname="com.CA.qa.TestCases.APITesting" name="testResponsecode" time="0.035"/>
  <system-out/>
  <testcase classname="com.CA.qa.TestCases.APITesting" name="testResponsecode" time="0.048"/>
  <system-out/>
  <testcase classname="com.CA.qa.TestCases.APITesting" name="testResponsecode" time="0.035"/>
  <system-out/>
  <testcase classname="com.CA.qa.TestCases.APITesting" name="testResponsecode" time="0.034"/>
  <system-out/>
  <testcase classname="com.CA.qa.TestCases.APITesting" name="testResponsecode" time="0.044"/>
  <system-out/>
  <testcase classname="com.CA.qa.TestCases.APITesting" name="testResponsecode" time="0.035"/>
  <system-out/>
  <testcase classname="com.CA.qa.TestCases.APITesting" name="testResponsecode" time="0.034"/>
  <system-out/>
  <testcase classname="com.CA.qa.TestCases.APITesting" name="testResponsecode" time="0.034"/>
  <system-out/>
  <testcase classname="com.CA.qa.TestCases.APITesting" name="testResponsecode" time="0.034"/>
  <system-out/>
  <testcase classname="com.CA.qa.TestCases.APITesting" name="testResponsecode" time="0.033"/>
  <system-out/>
  <testcase classname="com.CA.qa.TestCases.APITesting" name="testResponsecode" time="0.044"/>
  <system-out/>
  <testcase classname="com.CA.qa.TestCases.APITesting" name="testResponsecode" time="0.035"/>
  <system-out/>
  <testcase classname="com.CA.qa.TestCases.APITesting" name="testResponsecode" time="0.034"/>
  <system-out/>
  <testcase classname="com.CA.qa.TestCases.APITesting" name="testResponsecode" time="0.038"/>
  <system-out/>
  <testcase classname="com.CA.qa.TestCases.APITesting" name="testResponsecode" time="0.095"/>
  <system-out/>
  <testcase classname="com.CA.qa.TestCases.APITesting" name="testResponsecode" time="0.036"/>
  <system-out/>
  <testcase classname="com.CA.qa.TestCases.APITesting" name="testResponsecode" time="0.032"/>
  <system-out/>
  <testcase classname="com.CA.qa.TestCases.APITesting" name="testResponsecode" time="0.043"/>
  <system-out/>
  <testcase classname="com.CA.qa.TestCases.APITesting" name="testResponsecode" time="0.034"/>
  <system-out/>
  <testcase classname="com.CA.qa.TestCases.APITesting" name="testResponsecode" time="0.040"/>
  <system-out/>
  <testcase classname="com.CA.qa.TestCases.APITesting" name="testResponsecode" time="0.038"/>
  <system-out/>
  <testcase classname="com.CA.qa.TestCases.APITesting" name="testResponsecode" time="0.033"/>
  <system-out/>
  <testcase classname="com.CA.qa.TestCases.APITesting" name="testResponsecode" time="0.040"/>
  <system-out/>
  <testcase classname="com.CA.qa.TestCases.APITesting" name="testResponsecode" time="0.066"/>
  <system-out/>
  <testcase classname="com.CA.qa.TestCases.APITesting" name="testResponsecode" time="0.034"/>
  <system-out/>
  <testcase classname="com.CA.qa.TestCases.APITesting" name="testResponsecode" time="0.143"/>
  <system-out/>
  <testcase classname="com.CA.qa.TestCases.APITesting" name="testResponsecode" time="0.037"/>
  <system-out/>
  <testcase classname="com.CA.qa.TestCases.APITesting" name="testResponsecode" time="0.047"/>
  <system-out/>
  <testcase classname="com.CA.qa.TestCases.APITesting" name="testResponsecode" time="0.032"/>
  <system-out/>
  <testcase classname="com.CA.qa.TestCases.APITesting" name="testResponsecode" time="0.034"/>
  <system-out/>
  <testcase classname="com.CA.qa.TestCases.APITesting" name="testResponsecode" time="0.040"/>
  <system-out/>
  <testcase classname="com.CA.qa.TestCases.APITesting" name="testResponsecode" time="0.033"/>
  <system-out/>
  <testcase classname="com.CA.qa.TestCases.APITesting" name="testResponsecode" time="0.036"/>
  <system-out/>
  <testcase classname="com.CA.qa.TestCases.APITesting" name="testResponsecode" time="0.033"/>
  <system-out/>
  <testcase classname="com.CA.qa.TestCases.APITesting" name="testResponsecode" time="0.036"/>
  <system-out/>
  <testcase classname="com.CA.qa.TestCases.APITesting" name="testResponsecode" time="0.034"/>
  <system-out/>
  <testcase classname="com.CA.qa.TestCases.APITesting" name="testResponsecode" time="0.046"/>
  <system-out/>
  <testcase classname="com.CA.qa.TestCases.APITesting" name="testResponsecode" time="0.040"/>
  <system-out/>
  <testcase classname="com.CA.qa.TestCases.APITesting" name="testResponsecode" time="0.034"/>
  <system-out/>
  <testcase classname="com.CA.qa.TestCases.APITesting" name="testResponsecode" time="0.038"/>
  <system-out/>
  <testcase classname="com.CA.qa.TestCases.APITesting" name="testResponsecode" time="0.036"/>
  <system-out/>
  <testcase classname="com.CA.qa.TestCases.APITesting" name="testResponsecode" time="0.034"/>
  <system-out/>
  <testcase classname="com.CA.qa.TestCases.APITesting" name="testResponsecode" time="0.035"/>
  <system-out/>
  <testcase classname="com.CA.qa.TestCases.APITesting" name="testResponsecode" time="0.036"/>
  <system-out/>
  <testcase classname="com.CA.qa.TestCases.APITesting" name="testResponsecode" time="0.037"/>
  <system-out/>
  <testcase classname="com.CA.qa.TestCases.APITesting" name="testResponsecode" time="0.274"/>
  <system-out/>
  <testcase classname="com.CA.qa.TestCases.APITesting" name="testResponsecode" time="0.039"/>
  <system-out/>
  <testcase classname="com.CA.qa.TestCases.APITesting" name="testResponsecode" time="1.005"/>
  <system-out/>
  <testcase classname="com.CA.qa.TestCases.APITesting" name="testResponsecode" time="0.112"/>
  <system-out/>
  <testcase classname="com.CA.qa.TestCases.APITesting" name="testResponsecode" time="0.035"/>
  <system-out/>
  <testcase classname="com.CA.qa.TestCases.APITesting" name="testResponsecode" time="0.034"/>
  <system-out/>
  <testcase classname="com.CA.qa.TestCases.APITesting" name="testResponsecode" time="0.045"/>
  <system-out/>
  <testcase classname="com.CA.qa.TestCases.APITesting" name="testResponsecode" time="0.034"/>
  <system-out/>
  <testcase classname="com.CA.qa.TestCases.APITesting" name="testResponsecode" time="0.033"/>
  <system-out/>
  <testcase classname="com.CA.qa.TestCases.APITesting" name="testResponsecode" time="0.035"/>
  <system-out/>
  <testcase classname="com.CA.qa.TestCases.APITesting" name="testResponsecode" time="0.035"/>
  <system-out/>
  <testcase classname="com.CA.qa.TestCases.APITesting" name="testResponsecode" time="0.036"/>
  <system-out/>
  <testcase classname="com.CA.qa.TestCases.APITesting" name="testResponsecode" time="0.042"/>
  <system-out/>
  <testcase classname="com.CA.qa.TestCases.APITesting" name="testResponsecode" time="0.069"/>
  <system-out/>
  <testcase classname="com.CA.qa.TestCases.APITesting" name="testResponsecode" time="0.034"/>
  <system-out/>
  <testcase classname="com.CA.qa.TestCases.APITesting" name="testResponsecode" time="0.040"/>
  <system-out/>
  <testcase classname="com.CA.qa.TestCases.APITesting" name="testResponsecode" time="0.034"/>
  <system-out/>
  <testcase classname="com.CA.qa.TestCases.APITesting" name="testResponsecode" time="0.039"/>
  <system-out/>
  <testcase classname="com.CA.qa.TestCases.APITesting" name="testResponsecode" time="0.032"/>
  <system-out/>
  <testcase classname="com.CA.qa.TestCases.APITesting" name="testResponsecode" time="0.039"/>
  <system-out/>
  <testcase classname="com.CA.qa.TestCases.APITesting" name="testResponsecode" time="0.038"/>
  <system-out/>
  <testcase classname="com.CA.qa.TestCases.APITesting" name="testResponsecode" time="0.035"/>
  <system-out/>
  <testcase classname="com.CA.qa.TestCases.APITesting" name="testResponsecode" time="0.035"/>
  <system-out/>
  <testcase classname="com.CA.qa.TestCases.APITesting" name="testResponsecode" time="0.034"/>
  <system-out/>
  <testcase classname="com.CA.qa.TestCases.APITesting" name="testResponsecode" time="0.037"/>
  <system-out/>
  <testcase classname="com.CA.qa.TestCases.APITesting" name="testResponsecode" time="0.040"/>
  <system-out/>
  <testcase classname="com.CA.qa.TestCases.APITesting" name="testResponsecode" time="0.034"/>
  <system-out/>
  <testcase classname="com.CA.qa.TestCases.APITesting" name="testResponsecode" time="0.048"/>
  <system-out/>
  <testcase classname="com.CA.qa.TestCases.APITesting" name="testResponsecode" time="0.032"/>
  <system-out/>
  <testcase classname="com.CA.qa.TestCases.APITesting" name="testResponsecode" time="0.035"/>
  <system-out/>
  <testcase classname="com.CA.qa.TestCases.APITesting" name="testResponsecode" time="0.042"/>
  <system-out/>
  <testcase classname="com.CA.qa.TestCases.APITesting" name="testResponsecode" time="0.050"/>
  <system-out/>
  <testcase classname="com.CA.qa.TestCases.APITesting" name="testResponsecode" time="0.032"/>
  <system-out/>
  <testcase classname="com.CA.qa.TestCases.APITesting" name="testResponsecode" time="0.070"/>
  <system-out/>
  <testcase classname="com.CA.qa.TestCases.APITesting" name="testResponsecode" time="0.035"/>
  <system-out/>
  <testcase classname="com.CA.qa.TestCases.APITesting" name="testResponsecode" time="0.158"/>
  <system-out/>
  <testcase classname="com.CA.qa.TestCases.APITesting" name="testResponsecode" time="0.034"/>
  <system-out/>
  <testcase classname="com.CA.qa.TestCases.APITesting" name="testResponsecode" time="0.032"/>
  <system-out/>
  <testcase classname="com.CA.qa.TestCases.APITesting" name="testResponsecode" time="0.034"/>
  <system-out/>
  <testcase classname="com.CA.qa.TestCases.APITesting" name="testResponsecode" time="0.033"/>
  <system-out/>
  <testcase classname="com.CA.qa.TestCases.APITesting" name="testResponsecode" time="0.032"/>
  <system-out/>
  <testcase classname="com.CA.qa.TestCases.APITesting" name="testResponsecode" time="0.045"/>
  <system-out/>
  <testcase classname="com.CA.qa.TestCases.APITesting" name="testResponsecode" time="0.137"/>
  <system-out/>
  <testcase classname="com.CA.qa.TestCases.APITesting" name="testResponsecode" time="0.042"/>
  <system-out/>
  <testcase classname="com.CA.qa.TestCases.APITesting" name="testResponsecode" time="0.170"/>
  <system-out/>
  <testcase classname="com.CA.qa.TestCases.APITesting" name="testResponsecode" time="0.035"/>
  <system-out/>
  <testcase classname="com.CA.qa.TestCases.APITesting" name="testResponsecode" time="0.035"/>
  <system-out/>
  <testcase classname="com.CA.qa.TestCases.APITesting" name="testResponsecode" time="0.033"/>
  <system-out/>
  <testcase classname="com.CA.qa.TestCases.APITesting" name="testResponsecode" time="0.067"/>
  <system-out/>
  <testcase classname="com.CA.qa.TestCases.APITesting" name="testResponsecode" time="0.049"/>
  <system-out/>
  <testcase classname="com.CA.qa.TestCases.APITesting" name="testResponsecode" time="0.035"/>
  <system-out/>
  <testcase classname="com.CA.qa.TestCases.APITesting" name="testResponsecode" time="0.040"/>
  <system-out/>
  <testcase classname="com.CA.qa.TestCases.APITesting" name="testResponsecode" time="0.034"/>
  <system-out/>
  <testcase classname="com.CA.qa.TestCases.APITesting" name="testResponsecode" time="0.043"/>
  <system-out/>
  <testcase classname="com.CA.qa.TestCases.APITesting" name="testResponsecode" time="0.035"/>
  <system-out/>
  <testcase classname="com.CA.qa.TestCases.APITesting" name="testResponsecode" time="0.044"/>
  <system-out/>
  <testcase classname="com.CA.qa.TestCases.APITesting" name="testResponsecode" time="0.224"/>
  <system-out/>
  <testcase classname="com.CA.qa.TestCases.APITesting" name="testResponsecode" time="0.034"/>
  <system-out/>
  <testcase classname="com.CA.qa.TestCases.APITesting" name="testResponsecode" time="0.820"/>
  <system-out/>
  <testcase classname="com.CA.qa.TestCases.APITesting" name="testResponsecode" time="0.041"/>
  <system-out/>
  <testcase classname="com.CA.qa.TestCases.APITesting" name="testResponsecode" time="0.036"/>
  <system-out/>
  <testcase classname="com.CA.qa.TestCases.APITesting" name="testResponsecode" time="0.034"/>
  <system-out/>
  <testcase classname="com.CA.qa.TestCases.APITesting" name="testResponsecode" time="0.037"/>
  <system-out/>
  <testcase classname="com.CA.qa.TestCases.APITesting" name="testResponsecode" time="0.042"/>
  <system-out/>
  <testcase classname="com.CA.qa.TestCases.APITesting" name="testResponsecode" time="0.040"/>
  <system-out/>
  <testcase classname="com.CA.qa.TestCases.APITesting" name="testResponsecode" time="0.037"/>
  <system-out/>
  <testcase classname="com.CA.qa.TestCases.APITesting" name="testResponsecode" time="0.056"/>
  <system-out/>
  <testcase classname="com.CA.qa.TestCases.APITesting" name="testResponsecode" time="0.032"/>
  <system-out/>
  <testcase classname="com.CA.qa.TestCases.APITesting" name="testResponsecode" time="0.033"/>
  <system-out/>
  <testcase classname="com.CA.qa.TestCases.APITesting" name="testResponsecode" time="0.032"/>
  <system-out/>
  <testcase classname="com.CA.qa.TestCases.APITesting" name="testResponsecode" time="0.043"/>
  <system-out/>
  <testcase classname="com.CA.qa.TestCases.APITesting" name="testResponsecode" time="0.155"/>
  <system-out/>
  <testcase classname="com.CA.qa.TestCases.APITesting" name="testResponsecode" time="0.038"/>
  <system-out/>
  <testcase classname="com.CA.qa.TestCases.APITesting" name="testResponsecode" time="0.926"/>
  <system-out/>
  <testcase classname="com.CA.qa.TestCases.APITesting" name="testResponsecode" time="0.036"/>
  <system-out/>
  <testcase classname="com.CA.qa.TestCases.APITesting" name="testResponsecode" time="0.034"/>
  <system-out/>
  <testcase classname="com.CA.qa.TestCases.APITesting" name="testResponsecode" time="0.038"/>
  <system-out/>
  <testcase classname="com.CA.qa.TestCases.APITesting" name="testResponsecode" time="0.034"/>
  <system-out/>
  <testcase classname="com.CA.qa.TestCases.APITesting" name="testResponsecode" time="0.035"/>
  <system-out/>
  <testcase classname="com.CA.qa.TestCases.APITesting" name="testResponsecode" time="0.034"/>
  <system-out/>
  <testcase classname="com.CA.qa.TestCases.APITesting" name="testResponsecode" time="0.034"/>
  <system-out/>
  <testcase classname="com.CA.qa.TestCases.APITesting" name="testResponsecode" time="0.053"/>
  <system-out/>
  <testcase classname="com.CA.qa.TestCases.APITesting" name="testResponsecode" time="0.033"/>
  <system-out/>
  <testcase classname="com.CA.qa.TestCases.APITesting" name="testResponsecode" time="0.036"/>
  <system-out/>
  <testcase classname="com.CA.qa.TestCases.APITesting" name="testResponsecode" time="0.042"/>
  <system-out/>
  <testcase classname="com.CA.qa.TestCases.APITesting" name="testResponsecode" time="0.034"/>
  <system-out/>
  <testcase classname="com.CA.qa.TestCases.APITesting" name="testResponsecode" time="0.037"/>
  <system-out/>
  <testcase classname="com.CA.qa.TestCases.APITesting" name="testResponsecode" time="0.033"/>
  <system-out/>
  <testcase classname="com.CA.qa.TestCases.APITesting" name="testResponsecode" time="0.034"/>
  <system-out/>
  <testcase classname="com.CA.qa.TestCases.APITesting" name="testResponsecode" time="0.038"/>
  <system-out/>
  <testcase classname="com.CA.qa.TestCases.APITesting" name="testResponsecode" time="0.038"/>
  <system-out/>
  <testcase classname="com.CA.qa.TestCases.APITesting" name="testResponsecode" time="0.031"/>
  <system-out/>
  <testcase classname="com.CA.qa.TestCases.APITesting" name="testResponsecode" time="0.042"/>
  <system-out/>
  <testcase classname="com.CA.qa.TestCases.APITesting" name="testResponsecode" time="0.058"/>
  <system-out/>
  <testcase classname="com.CA.qa.TestCases.APITesting" name="testResponsecode" time="0.177"/>
  <system-out/>
  <testcase classname="com.CA.qa.TestCases.APITesting" name="testResponsecode" time="0.033"/>
  <system-out/>
  <testcase classname="com.CA.qa.TestCases.APITesting" name="testResponsecode" time="0.033"/>
  <system-out/>
  <testcase classname="com.CA.qa.TestCases.APITesting" name="testResponsecode" time="0.033"/>
  <system-out/>
  <testcase classname="com.CA.qa.TestCases.APITesting" name="testResponsecode" time="0.036"/>
  <system-out/>
  <testcase classname="com.CA.qa.TestCases.APITesting" name="testResponsecode" time="0.039"/>
  <system-out/>
  <testcase classname="com.CA.qa.TestCases.APITesting" name="testResponsecode" time="0.077"/>
  <system-out/>
  <testcase classname="com.CA.qa.TestCases.APITesting" name="testResponsecode" time="0.034"/>
  <system-out/>
  <testcase classname="com.CA.qa.TestCases.APITesting" name="testResponsecode" time="0.042"/>
  <system-out/>
  <testcase classname="com.CA.qa.TestCases.APITesting" name="testResponsecode" time="0.037"/>
  <system-out/>
  <testcase classname="com.CA.qa.TestCases.APITesting" name="testResponsecode" time="0.034"/>
  <system-out/>
  <testcase classname="com.CA.qa.TestCases.APITesting" name="testResponsecode" time="0.035"/>
  <system-out/>
  <testcase classname="com.CA.qa.TestCases.APITesting" name="testResponsecode" time="0.048"/>
  <system-out/>
  <testcase classname="com.CA.qa.TestCases.APITesting" name="testResponsecode" time="0.034"/>
  <system-out/>
  <testcase classname="com.CA.qa.TestCases.APITesting" name="testResponsecode" time="0.036"/>
  <system-out/>
  <testcase classname="com.CA.qa.TestCases.APITesting" name="testResponsecode" time="0.036"/>
  <system-out/>
  <testcase classname="com.CA.qa.TestCases.APITesting" name="testResponsecode" time="0.037"/>
  <system-out/>
  <testcase classname="com.CA.qa.TestCases.APITesting" name="testResponsecode" time="0.045"/>
  <system-out/>
  <testcase classname="com.CA.qa.TestCases.APITesting" name="testResponsecode" time="0.037"/>
  <system-out/>
  <testcase classname="com.CA.qa.TestCases.APITesting" name="testResponsecode" time="0.032"/>
  <system-out/>
  <testcase classname="com.CA.qa.TestCases.APITesting" name="testResponsecode" time="0.042"/>
  <system-out/>
  <testcase classname="com.CA.qa.TestCases.APITesting" name="testResponsecode" time="0.041"/>
  <system-out/>
  <testcase classname="com.CA.qa.TestCases.APITesting" name="testResponsecode" time="0.032"/>
  <system-out/>
  <testcase classname="com.CA.qa.TestCases.APITesting" name="testResponsecode" time="0.034"/>
  <system-out/>
  <testcase classname="com.CA.qa.TestCases.APITesting" name="testResponsecode" time="0.036"/>
  <system-out/>
  <testcase classname="com.CA.qa.TestCases.APITesting" name="testResponsecode" time="0.042"/>
  <system-out/>
  <testcase classname="com.CA.qa.TestCases.APITesting" name="testResponsecode" time="0.031"/>
  <system-out/>
  <testcase classname="com.CA.qa.TestCases.APITesting" name="testResponsecode" time="0.215"/>
  <system-out/>
  <testcase classname="com.CA.qa.TestCases.APITesting" name="testResponsecode" time="0.039"/>
  <system-out/>
  <testcase classname="com.CA.qa.TestCases.APITesting" name="testResponsecode" time="0.172"/>
  <system-out/>
  <testcase classname="com.CA.qa.TestCases.APITesting" name="testResponsecode" time="0.033"/>
  <system-out/>
  <testcase classname="com.CA.qa.TestCases.APITesting" name="testResponsecode" time="0.034"/>
  <system-out/>
  <testcase classname="com.CA.qa.TestCases.APITesting" name="testResponsecode" time="0.036"/>
  <system-out/>
  <testcase classname="com.CA.qa.TestCases.APITesting" name="testResponsecode" time="0.034"/>
  <system-out/>
  <testcase classname="com.CA.qa.TestCases.APITesting" name="testResponsecode" time="0.035"/>
  <system-out/>
  <testcase classname="com.CA.qa.TestCases.APITesting" name="testResponsecode" time="0.162"/>
  <system-out/>
  <testcase classname="com.CA.qa.TestCases.APITesting" name="testResponsecode" time="0.035"/>
  <system-out/>
  <testcase classname="com.CA.qa.TestCases.APITesting" name="testResponsecode" time="0.033"/>
  <system-out/>
  <testcase classname="com.CA.qa.TestCases.APITesting" name="testResponsecode" time="0.236"/>
  <system-out/>
  <testcase classname="com.CA.qa.TestCases.APITesting" name="testResponsecode" time="0.036"/>
  <system-out/>
  <testcase classname="com.CA.qa.TestCases.APITesting" name="testResponsecode" time="0.032"/>
  <system-out/>
  <testcase classname="com.CA.qa.TestCases.APITesting" name="testResponsecode" time="0.213"/>
  <system-out/>
  <testcase classname="com.CA.qa.TestCases.APITesting" name="testResponsecode" time="0.034"/>
  <system-out/>
  <testcase classname="com.CA.qa.TestCases.APITesting" name="testResponsecode" time="0.044"/>
  <system-out/>
  <testcase classname="com.CA.qa.TestCases.APITesting" name="testResponsecode" time="0.033"/>
  <system-out/>
  <testcase classname="com.CA.qa.TestCases.APITesting" name="testResponsecode" time="0.034"/>
  <system-out/>
  <testcase classname="com.CA.qa.TestCases.APITesting" name="testResponsecode" time="0.033"/>
  <system-out/>
  <testcase classname="com.CA.qa.TestCases.APITesting" name="testResponsecode" time="0.037"/>
  <system-out/>
  <testcase classname="com.CA.qa.TestCases.APITesting" name="testResponsecode" time="0.036"/>
  <system-out/>
  <testcase classname="com.CA.qa.TestCases.APITesting" name="testResponsecode" time="0.036"/>
  <system-out/>
  <testcase classname="com.CA.qa.TestCases.APITesting" name="testResponsecode" time="0.037"/>
  <system-out/>
  <testcase classname="com.CA.qa.TestCases.APITesting" name="testResponsecode" time="0.057"/>
  <system-out/>
  <testcase classname="com.CA.qa.TestCases.APITesting" name="testResponsecode" time="0.038"/>
  <system-out/>
  <testcase classname="com.CA.qa.TestCases.APITesting" name="testResponsecode" time="0.045"/>
  <system-out/>
  <testcase classname="com.CA.qa.TestCases.APITesting" name="testResponsecode" time="0.040"/>
  <system-out/>
  <testcase classname="com.CA.qa.TestCases.APITesting" name="testResponsecode" time="0.071"/>
  <system-out/>
  <testcase classname="com.CA.qa.TestCases.APITesting" name="testResponsecode" time="0.033"/>
  <system-out/>
  <testcase classname="com.CA.qa.TestCases.APITesting" name="testResponsecode" time="0.036"/>
  <system-out/>
  <testcase classname="com.CA.qa.TestCases.APITesting" name="testResponsecode" time="0.032"/>
  <system-out/>
  <testcase classname="com.CA.qa.TestCases.APITesting" name="testResponsecode" time="0.035"/>
  <system-out/>
  <testcase classname="com.CA.qa.TestCases.APITesting" name="testResponsecode" time="0.039"/>
  <system-out/>
  <testcase classname="com.CA.qa.TestCases.APITesting" name="testResponsecode" time="0.034"/>
  <system-out/>
  <testcase classname="com.CA.qa.TestCases.APITesting" name="testResponsecode" time="0.342"/>
  <system-out/>
  <testcase classname="com.CA.qa.TestCases.APITesting" name="testResponsecode" time="0.086"/>
  <system-out/>
  <testcase classname="com.CA.qa.TestCases.APITesting" name="testResponsecode" time="0.047"/>
  <system-out/>
  <testcase classname="com.CA.qa.TestCases.APITesting" name="testResponsecode" time="0.046"/>
  <system-out/>
  <testcase classname="com.CA.qa.TestCases.APITesting" name="testResponsecode" time="0.035"/>
  <system-out/>
  <testcase classname="com.CA.qa.TestCases.APITesting" name="testResponsecode" time="0.060"/>
  <system-out/>
  <testcase classname="com.CA.qa.TestCases.APITesting" name="testResponsecode" time="0.032"/>
  <system-out/>
  <testcase classname="com.CA.qa.TestCases.APITesting" name="testResponsecode" time="0.063"/>
  <system-out/>
  <testcase classname="com.CA.qa.TestCases.APITesting" name="testResponsecode" time="0.035"/>
  <system-out/>
  <testcase classname="com.CA.qa.TestCases.APITesting" name="testResponsecode" time="0.034"/>
  <system-out/>
  <testcase classname="com.CA.qa.TestCases.APITesting" name="testResponsecode" time="0.035"/>
  <system-out/>
  <testcase classname="com.CA.qa.TestCases.APITesting" name="testResponsecode" time="0.036"/>
  <system-out/>
  <testcase classname="com.CA.qa.TestCases.APITesting" name="testResponsecode" time="0.035"/>
  <system-out/>
  <testcase classname="com.CA.qa.TestCases.APITesting" name="testResponsecode" time="0.034"/>
  <system-out/>
  <testcase classname="com.CA.qa.TestCases.APITesting" name="testResponsecode" time="0.047"/>
  <system-out/>
  <testcase classname="com.CA.qa.TestCases.APITesting" name="testResponsecode" time="0.037"/>
  <system-out/>
  <testcase classname="com.CA.qa.TestCases.APITesting" name="testResponsecode" time="0.035"/>
  <system-out/>
  <testcase classname="com.CA.qa.TestCases.APITesting" name="testResponsecode" time="0.039"/>
  <system-out/>
  <testcase classname="com.CA.qa.TestCases.APITesting" name="testResponsecode" time="0.036"/>
  <system-out/>
  <testcase classname="com.CA.qa.TestCases.APITesting" name="testResponsecode" time="0.155"/>
  <system-out/>
  <testcase classname="com.CA.qa.TestCases.APITesting" name="testResponsecode" time="0.034"/>
  <system-out/>
  <testcase classname="com.CA.qa.TestCases.APITesting" name="testResponsecode" time="0.034"/>
  <system-out/>
  <testcase classname="com.CA.qa.TestCases.APITesting" name="testResponsecode" time="0.039"/>
  <system-out/>
  <testcase classname="com.CA.qa.TestCases.APITesting" name="testResponsecode" time="0.038"/>
  <system-out/>
  <testcase classname="com.CA.qa.TestCases.APITesting" name="testResponsecode" time="0.034"/>
  <system-out/>
  <testcase classname="com.CA.qa.TestCases.APITesting" name="testResponsecode" time="0.035"/>
  <system-out/>
  <testcase classname="com.CA.qa.TestCases.APITesting" name="testResponsecode" time="0.036"/>
  <system-out/>
  <testcase classname="com.CA.qa.TestCases.APITesting" name="testResponsecode" time="0.032"/>
  <system-out/>
  <testcase classname="com.CA.qa.TestCases.APITesting" name="testResponsecode" time="0.032"/>
  <system-out/>
  <testcase classname="com.CA.qa.TestCases.APITesting" name="testResponsecode" time="0.037"/>
  <system-out/>
  <testcase classname="com.CA.qa.TestCases.APITesting" name="testResponsecode" time="0.059"/>
  <system-out/>
  <testcase classname="com.CA.qa.TestCases.APITesting" name="testResponsecode" time="0.275"/>
  <system-out/>
  <testcase classname="com.CA.qa.TestCases.APITesting" name="testResponsecode" time="0.034"/>
  <system-out/>
  <testcase classname="com.CA.qa.TestCases.APITesting" name="testResponsecode" time="0.033"/>
  <system-out/>
  <testcase classname="com.CA.qa.TestCases.APITesting" name="testResponsecode" time="0.034"/>
  <system-out/>
  <testcase classname="com.CA.qa.TestCases.APITesting" name="testResponsecode" time="0.041"/>
  <system-out/>
  <testcase classname="com.CA.qa.TestCases.APITesting" name="testResponsecode" time="0.040"/>
  <system-out/>
  <testcase classname="com.CA.qa.TestCases.APITesting" name="testResponsecode" time="0.035"/>
  <system-out/>
  <testcase classname="com.CA.qa.TestCases.APITesting" name="testResponsecode" time="0.035"/>
  <system-out/>
  <testcase classname="com.CA.qa.TestCases.APITesting" name="testResponsecode" time="0.040"/>
  <system-out/>
  <testcase classname="com.CA.qa.TestCases.APITesting" name="testResponsecode" time="0.034"/>
  <system-out/>
  <testcase classname="com.CA.qa.TestCases.APITesting" name="testResponsecode" time="0.847"/>
  <system-out/>
  <testcase classname="com.CA.qa.TestCases.APITesting" name="testResponsecode" time="0.039"/>
  <system-out/>
  <testcase classname="com.CA.qa.TestCases.APITesting" name="testResponsecode" time="0.037"/>
  <system-out/>
  <testcase classname="com.CA.qa.TestCases.APITesting" name="testResponsecode" time="0.032"/>
  <system-out/>
  <testcase classname="com.CA.qa.TestCases.APITesting" name="testResponsecode" time="0.037"/>
  <system-out/>
  <testcase classname="com.CA.qa.TestCases.APITesting" name="testResponsecode" time="0.034"/>
  <system-out/>
  <testcase classname="com.CA.qa.TestCases.APITesting" name="testResponsecode" time="0.070"/>
  <system-out/>
  <testcase classname="com.CA.qa.TestCases.APITesting" name="testResponsecode" time="0.125"/>
  <system-out/>
  <testcase classname="com.CA.qa.TestCases.APITesting" name="testResponsecode" time="0.043"/>
  <system-out/>
  <testcase classname="com.CA.qa.TestCases.APITesting" name="testResponsecode" time="0.222"/>
  <system-out/>
  <testcase classname="com.CA.qa.TestCases.APITesting" name="testResponsecode" time="0.033"/>
  <system-out/>
  <testcase classname="com.CA.qa.TestCases.APITesting" name="testResponsecode" time="0.034"/>
  <system-out/>
  <testcase classname="com.CA.qa.TestCases.APITesting" name="testResponsecode" time="1.002"/>
  <system-out/>
  <testcase classname="com.CA.qa.TestCases.APITesting" name="testResponsecode" time="0.141"/>
  <system-out/>
  <testcase classname="com.CA.qa.TestCases.APITesting" name="testResponsecode" time="0.033"/>
  <system-out/>
  <testcase classname="com.CA.qa.TestCases.APITesting" name="testResponsecode" time="0.035"/>
  <system-out/>
  <testcase classname="com.CA.qa.TestCases.APITesting" name="testResponsecode" time="0.033"/>
  <system-out/>
  <testcase classname="com.CA.qa.TestCases.APITesting" name="testResponsecode" time="0.033"/>
  <system-out/>
  <testcase classname="com.CA.qa.TestCases.APITesting" name="testResponsecode" time="0.035"/>
  <system-out/>
  <testcase classname="com.CA.qa.TestCases.APITesting" name="testResponsecode" time="0.846"/>
  <system-out/>
  <testcase classname="com.CA.qa.TestCases.APITesting" name="testResponsecode" time="0.033"/>
  <system-out/>
  <testcase classname="com.CA.qa.TestCases.APITesting" name="testResponsecode" time="0.039"/>
  <system-out/>
  <testcase classname="com.CA.qa.TestCases.APITesting" name="testResponsecode" time="0.035"/>
  <system-out/>
  <testcase classname="com.CA.qa.TestCases.APITesting" name="testResponsecode" time="0.038"/>
  <system-out/>
  <testcase classname="com.CA.qa.TestCases.APITesting" name="testResponsecode" time="0.886"/>
  <system-out/>
  <testcase classname="com.CA.qa.TestCases.APITesting" name="testResponsecode" time="0.039"/>
  <system-out/>
  <testcase classname="com.CA.qa.TestCases.APITesting" name="testResponsecode" time="0.033"/>
  <system-out/>
  <testcase classname="com.CA.qa.TestCases.APITesting" name="testResponsecode" time="0.135"/>
  <system-out/>
  <testcase classname="com.CA.qa.TestCases.APITesting" name="testResponsecode" time="0.053"/>
  <system-out/>
  <testcase classname="com.CA.qa.TestCases.APITesting" name="testResponsecode" time="0.055"/>
  <system-out/>
  <testcase classname="com.CA.qa.TestCases.APITesting" name="testResponsecode" time="0.034"/>
  <system-out/>
  <testcase classname="com.CA.qa.TestCases.APITesting" name="testResponsecode" time="0.042"/>
  <system-out/>
  <testcase classname="com.CA.qa.TestCases.APITesting" name="testResponsecode" time="0.033"/>
  <system-out/>
  <testcase classname="com.CA.qa.TestCases.APITesting" name="testResponsecode" time="0.056"/>
  <system-out/>
  <testcase classname="com.CA.qa.TestCases.APITesting" name="testResponsecode" time="0.042"/>
  <system-out/>
  <testcase classname="com.CA.qa.TestCases.APITesting" name="testResponsecode" time="0.122"/>
  <system-out/>
  <testcase classname="com.CA.qa.TestCases.APITesting" name="testResponsecode" time="0.103"/>
  <system-out/>
  <testcase classname="com.CA.qa.TestCases.APITesting" name="testResponsecode" time="0.032"/>
  <system-out/>
  <testcase classname="com.CA.qa.TestCases.APITesting" name="testResponsecode" time="0.038"/>
  <system-out/>
  <testcase classname="com.CA.qa.TestCases.APITesting" name="testResponsecode" time="0.038"/>
  <system-out/>
  <testcase classname="com.CA.qa.TestCases.APITesting" name="testResponsecode" time="0.033"/>
  <system-out/>
  <testcase classname="com.CA.qa.TestCases.APITesting" name="testResponsecode" time="0.032"/>
  <system-out/>
  <testcase classname="com.CA.qa.TestCases.APITesting" name="testResponsecode" time="0.032"/>
  <system-out/>
  <testcase classname="com.CA.qa.TestCases.APITesting" name="testResponsecode" time="0.037"/>
  <system-out/>
  <testcase classname="com.CA.qa.TestCases.APITesting" name="testResponsecode" time="0.037"/>
  <system-out/>
  <testcase classname="com.CA.qa.TestCases.APITesting" name="testResponsecode" time="0.038"/>
  <system-out/>
  <testcase classname="com.CA.qa.TestCases.APITesting" name="testResponsecode" time="0.037"/>
  <system-out/>
  <testcase classname="com.CA.qa.TestCases.APITesting" name="testResponsecode" time="0.043"/>
  <system-out/>
  <testcase classname="com.CA.qa.TestCases.APITesting" name="testResponsecode" time="0.035"/>
  <system-out/>
  <testcase classname="com.CA.qa.TestCases.APITesting" name="testResponsecode" time="0.049"/>
  <system-out/>
  <testcase classname="com.CA.qa.TestCases.APITesting" name="testResponsecode" time="0.036"/>
  <system-out/>
  <testcase classname="com.CA.qa.TestCases.APITesting" name="testResponsecode" time="0.049"/>
  <system-out/>
  <testcase classname="com.CA.qa.TestCases.APITesting" name="testResponsecode" time="0.033"/>
  <system-out/>
  <testcase classname="com.CA.qa.TestCases.APITesting" name="testResponsecode" time="0.239"/>
  <system-out/>
  <testcase classname="com.CA.qa.TestCases.APITesting" name="testResponsecode" time="0.423"/>
  <system-out/>
  <testcase classname="com.CA.qa.TestCases.APITesting" name="testResponsecode" time="0.032"/>
  <system-out/>
  <testcase classname="com.CA.qa.TestCases.APITesting" name="testResponsecode" time="0.032"/>
  <system-out/>
  <testcase classname="com.CA.qa.TestCases.APITesting" name="testResponsecode" time="0.033"/>
  <system-out/>
  <testcase classname="com.CA.qa.TestCases.APITesting" name="testResponsecode" time="0.034"/>
  <system-out/>
  <testcase classname="com.CA.qa.TestCases.APITesting" name="testResponsecode" time="0.100"/>
  <system-out/>
  <testcase classname="com.CA.qa.TestCases.APITesting" name="testResponsecode" time="0.033"/>
  <system-out/>
  <testcase classname="com.CA.qa.TestCases.APITesting" name="testResponsecode" time="0.033"/>
  <system-out/>
  <testcase classname="com.CA.qa.TestCases.APITesting" name="testResponsecode" time="0.036"/>
  <system-out/>
  <testcase classname="com.CA.qa.TestCases.APITesting" name="testResponsecode" time="0.034"/>
  <system-out/>
  <testcase classname="com.CA.qa.TestCases.APITesting" name="testResponsecode" time="0.152"/>
  <system-out/>
  <testcase classname="com.CA.qa.TestCases.APITesting" name="testResponsecode" time="0.033"/>
  <system-out/>
  <testcase classname="com.CA.qa.TestCases.APITesting" name="testResponsecode" time="0.034"/>
  <system-out/>
  <testcase classname="com.CA.qa.TestCases.APITesting" name="testResponsecode" time="0.036"/>
  <system-out/>
  <testcase classname="com.CA.qa.TestCases.APITesting" name="testResponsecode" time="0.049"/>
  <system-out/>
  <testcase classname="com.CA.qa.TestCases.APITesting" name="testResponsecode" time="0.033"/>
  <system-out/>
  <testcase classname="com.CA.qa.TestCases.APITesting" name="testResponsecode" time="0.034"/>
  <system-out/>
  <testcase classname="com.CA.qa.TestCases.APITesting" name="testResponsecode" time="0.036"/>
  <system-out/>
  <testcase classname="com.CA.qa.TestCases.APITesting" name="testResponsecode" time="0.036"/>
  <system-out/>
  <testcase classname="com.CA.qa.TestCases.APITesting" name="testResponsecode" time="0.033"/>
  <system-out/>
  <testcase classname="com.CA.qa.TestCases.APITesting" name="testResponsecode" time="0.042"/>
  <system-out/>
  <testcase classname="com.CA.qa.TestCases.APITesting" name="testResponsecode" time="0.066"/>
  <system-out/>
  <testcase classname="com.CA.qa.TestCases.APITesting" name="testResponsecode" time="1.000"/>
  <system-out/>
  <testcase classname="com.CA.qa.TestCases.APITesting" name="testResponsecode" time="0.034"/>
  <system-out/>
  <testcase classname="com.CA.qa.TestCases.APITesting" name="testResponsecode" time="0.033"/>
  <system-out/>
  <testcase classname="com.CA.qa.TestCases.APITesting" name="testResponsecode" time="0.044"/>
  <system-out/>
  <testcase classname="com.CA.qa.TestCases.APITesting" name="testResponsecode" time="0.039"/>
  <system-out/>
  <testcase classname="com.CA.qa.TestCases.APITesting" name="testResponsecode" time="0.134"/>
  <system-out/>
  <testcase classname="com.CA.qa.TestCases.APITesting" name="testResponsecode" time="0.039"/>
  <system-out/>
  <testcase classname="com.CA.qa.TestCases.APITesting" name="testResponsecode" time="0.035"/>
  <system-out/>
  <testcase classname="com.CA.qa.TestCases.APITesting" name="testResponsecode" time="0.036"/>
  <system-out/>
  <testcase classname="com.CA.qa.TestCases.APITesting" name="testResponsecode" time="0.033"/>
  <system-out/>
  <testcase classname="com.CA.qa.TestCases.APITesting" name="testResponsecode" time="0.057"/>
  <system-out/>
  <testcase classname="com.CA.qa.TestCases.APITesting" name="testResponsecode" time="0.032"/>
  <system-out/>
  <testcase classname="com.CA.qa.TestCases.APITesting" name="testResponsecode" time="0.032"/>
  <system-out/>
  <testcase classname="com.CA.qa.TestCases.APITesting" name="testResponsecode" time="0.045"/>
  <system-out/>
  <testcase classname="com.CA.qa.TestCases.APITesting" name="testResponsecode" time="0.126"/>
  <system-out/>
  <testcase classname="com.CA.qa.TestCases.APITesting" name="testResponsecode" time="0.036"/>
  <system-out/>
  <testcase classname="com.CA.qa.TestCases.APITesting" name="testResponsecode" time="0.043"/>
  <system-out/>
  <testcase classname="com.CA.qa.TestCases.APITesting" name="testResponsecode" time="0.032"/>
  <system-out/>
  <testcase classname="com.CA.qa.TestCases.APITesting" name="testResponsecode" time="0.036"/>
  <system-out/>
  <testcase classname="com.CA.qa.TestCases.APITesting" name="testResponsecode" time="0.055"/>
  <system-out/>
  <testcase classname="com.CA.qa.TestCases.APITesting" name="testResponsecode" time="0.042"/>
  <system-out/>
  <testcase classname="com.CA.qa.TestCases.APITesting" name="testResponsecode" time="0.034"/>
  <system-out/>
  <testcase classname="com.CA.qa.TestCases.APITesting" name="testResponsecode" time="0.038"/>
  <system-out/>
  <testcase classname="com.CA.qa.TestCases.APITesting" name="testResponsecode" time="0.033"/>
  <system-out/>
  <testcase classname="com.CA.qa.TestCases.APITesting" name="testResponsecode" time="0.032"/>
  <system-out/>
  <testcase classname="com.CA.qa.TestCases.APITesting" name="testResponsecode" time="0.034"/>
  <system-out/>
  <testcase classname="com.CA.qa.TestCases.APITesting" name="testResponsecode" time="0.033"/>
  <system-out/>
  <testcase classname="com.CA.qa.TestCases.APITesting" name="testResponsecode" time="0.044"/>
  <system-out/>
  <testcase classname="com.CA.qa.TestCases.APITesting" name="testResponsecode" time="0.035"/>
  <system-out/>
  <testcase classname="com.CA.qa.TestCases.APITesting" name="testResponsecode" time="0.036"/>
  <system-out/>
  <testcase classname="com.CA.qa.TestCases.APITesting" name="testResponsecode" time="0.035"/>
  <system-out/>
  <testcase classname="com.CA.qa.TestCases.APITesting" name="testResponsecode" time="0.036"/>
  <system-out/>
  <testcase classname="com.CA.qa.TestCases.APITesting" name="testResponsecode" time="0.038"/>
  <system-out/>
  <testcase classname="com.CA.qa.TestCases.APITesting" name="testResponsecode" time="0.035"/>
  <system-out/>
  <testcase classname="com.CA.qa.TestCases.APITesting" name="testResponsecode" time="0.080"/>
  <system-out/>
  <testcase classname="com.CA.qa.TestCases.APITesting" name="testResponsecode" time="0.033"/>
  <system-out/>
  <testcase classname="com.CA.qa.TestCases.APITesting" name="testResponsecode" time="0.031"/>
  <system-out/>
  <testcase classname="com.CA.qa.TestCases.APITesting" name="testResponsecode" time="0.041"/>
  <system-out/>
  <testcase classname="com.CA.qa.TestCases.APITesting" name="testResponsecode" time="0.032"/>
  <system-out/>
  <testcase classname="com.CA.qa.TestCases.APITesting" name="testResponsecode" time="0.036"/>
  <system-out/>
  <testcase classname="com.CA.qa.TestCases.APITesting" name="testResponsecode" time="0.034"/>
  <system-out/>
  <testcase classname="com.CA.qa.TestCases.APITesting" name="testResponsecode" time="0.041"/>
  <system-out/>
  <testcase classname="com.CA.qa.TestCases.APITesting" name="testResponsecode" time="0.044"/>
  <system-out/>
  <testcase classname="com.CA.qa.TestCases.APITesting" name="testResponsecode" time="0.035"/>
  <system-out/>
  <testcase classname="com.CA.qa.TestCases.APITesting" name="testResponsecode" time="0.034"/>
  <system-out/>
  <testcase classname="com.CA.qa.TestCases.APITesting" name="testResponsecode" time="0.034"/>
  <system-out/>
  <testcase classname="com.CA.qa.TestCases.APITesting" name="testResponsecode" time="0.044"/>
  <system-out/>
  <testcase classname="com.CA.qa.TestCases.APITesting" name="testResponsecode" time="0.040"/>
  <system-out/>
  <testcase classname="com.CA.qa.TestCases.APITesting" name="testResponsecode" time="0.034"/>
  <system-out/>
  <testcase classname="com.CA.qa.TestCases.APITesting" name="testResponsecode" time="0.035"/>
  <system-out/>
  <testcase classname="com.CA.qa.TestCases.APITesting" name="testResponsecode" time="0.034"/>
  <system-out/>
  <testcase classname="com.CA.qa.TestCases.APITesting" name="testResponsecode" time="0.034"/>
  <system-out/>
  <testcase classname="com.CA.qa.TestCases.APITesting" name="testResponsecode" time="0.041"/>
  <system-out/>
  <testcase classname="com.CA.qa.TestCases.APITesting" name="testResponsecode" time="0.032"/>
  <system-out/>
  <testcase classname="com.CA.qa.TestCases.APITesting" name="testResponsecode" time="0.125"/>
  <system-out/>
  <testcase classname="com.CA.qa.TestCases.APITesting" name="testResponsecode" time="0.032"/>
  <system-out/>
  <testcase classname="com.CA.qa.TestCases.APITesting" name="testResponsecode" time="0.035"/>
  <system-out/>
  <testcase classname="com.CA.qa.TestCases.APITesting" name="testResponsecode" time="0.035"/>
  <system-out/>
  <testcase classname="com.CA.qa.TestCases.APITesting" name="testResponsecode" time="0.034"/>
  <system-out/>
  <testcase classname="com.CA.qa.TestCases.APITesting" name="testResponsecode" time="0.035"/>
  <system-out/>
  <testcase classname="com.CA.qa.TestCases.APITesting" name="testResponsecode" time="0.033"/>
  <system-out/>
  <testcase classname="com.CA.qa.TestCases.APITesting" name="testResponsecode" time="0.034"/>
  <system-out/>
  <testcase classname="com.CA.qa.TestCases.APITesting" name="testResponsecode" time="0.066"/>
  <system-out/>
  <testcase classname="com.CA.qa.TestCases.APITesting" name="testResponsecode" time="0.035"/>
  <system-out/>
  <testcase classname="com.CA.qa.TestCases.APITesting" name="testResponsecode" time="0.034"/>
  <system-out/>
  <testcase classname="com.CA.qa.TestCases.APITesting" name="testResponsecode" time="0.036"/>
  <system-out/>
  <testcase classname="com.CA.qa.TestCases.APITesting" name="testResponsecode" time="0.034"/>
  <system-out/>
  <testcase classname="com.CA.qa.TestCases.APITesting" name="testResponsecode" time="0.035"/>
  <system-out/>
  <testcase classname="com.CA.qa.TestCases.APITesting" name="testResponsecode" time="0.161"/>
  <system-out/>
  <testcase classname="com.CA.qa.TestCases.APITesting" name="testResponsecode" time="0.035"/>
  <system-out/>
  <testcase classname="com.CA.qa.TestCases.APITesting" name="testResponsecode" time="0.173"/>
  <system-out/>
  <testcase classname="com.CA.qa.TestCases.APITesting" name="testResponsecode" time="0.096"/>
  <system-out/>
  <testcase classname="com.CA.qa.TestCases.APITesting" name="testResponsecode" time="0.036"/>
  <system-out/>
  <testcase classname="com.CA.qa.TestCases.APITesting" name="testResponsecode" time="0.042"/>
  <system-out/>
  <testcase classname="com.CA.qa.TestCases.APITesting" name="testResponsecode" time="0.035"/>
  <system-out/>
  <testcase classname="com.CA.qa.TestCases.APITesting" name="testResponsecode" time="0.037"/>
  <system-out/>
  <testcase classname="com.CA.qa.TestCases.APITesting" name="testResponsecode" time="0.037"/>
  <system-out/>
  <testcase classname="com.CA.qa.TestCases.APITesting" name="testResponsecode" time="0.034"/>
  <system-out/>
  <testcase classname="com.CA.qa.TestCases.APITesting" name="testResponsecode" time="0.035"/>
  <system-out/>
  <testcase classname="com.CA.qa.TestCases.APITesting" name="testResponsecode" time="0.033"/>
  <system-out/>
  <testcase classname="com.CA.qa.TestCases.APITesting" name="testResponsecode" time="0.034"/>
  <system-out/>
  <testcase classname="com.CA.qa.TestCases.APITesting" name="testResponsecode" time="0.056"/>
  <system-out/>
  <testcase classname="com.CA.qa.TestCases.APITesting" name="testResponsecode" time="0.031"/>
  <system-out/>
  <testcase classname="com.CA.qa.TestCases.APITesting" name="testResponsecode" time="0.036"/>
  <system-out/>
  <testcase classname="com.CA.qa.TestCases.APITesting" name="testResponsecode" time="0.033"/>
  <system-out/>
  <testcase classname="com.CA.qa.TestCases.APITesting" name="testResponsecode" time="0.043"/>
  <system-out/>
  <testcase classname="com.CA.qa.TestCases.APITesting" name="testResponsecode" time="0.037"/>
  <system-out/>
  <testcase classname="com.CA.qa.TestCases.APITesting" name="testResponsecode" time="0.047"/>
  <system-out/>
  <testcase classname="com.CA.qa.TestCases.APITesting" name="testResponsecode" time="0.033"/>
  <system-out/>
  <testcase classname="com.CA.qa.TestCases.APITesting" name="testResponsecode" time="0.041"/>
  <system-out/>
  <testcase classname="com.CA.qa.TestCases.APITesting" name="testResponsecode" time="0.135"/>
  <system-out/>
  <testcase classname="com.CA.qa.TestCases.APITesting" name="testResponsecode" time="0.042"/>
  <system-out/>
  <testcase classname="com.CA.qa.TestCases.APITesting" name="testResponsecode" time="0.035"/>
  <system-out/>
  <testcase classname="com.CA.qa.TestCases.APITesting" name="testResponsecode" time="0.150"/>
  <system-out/>
  <testcase classname="com.CA.qa.TestCases.APITesting" name="testResponsecode" time="0.038"/>
  <system-out/>
  <testcase classname="com.CA.qa.TestCases.APITesting" name="testResponsecode" time="0.042"/>
  <system-out/>
  <testcase classname="com.CA.qa.TestCases.APITesting" name="testResponsecode" time="0.041"/>
  <system-out/>
  <testcase classname="com.CA.qa.TestCases.APITesting" name="testResponsecode" time="0.033"/>
  <system-out/>
  <testcase classname="com.CA.qa.TestCases.APITesting" name="testResponsecode" time="0.038"/>
  <system-out/>
  <testcase classname="com.CA.qa.TestCases.APITesting" name="testResponsecode" time="0.037"/>
  <system-out/>
  <testcase classname="com.CA.qa.TestCases.APITesting" name="testResponsecode" time="0.189"/>
  <system-out/>
  <testcase classname="com.CA.qa.TestCases.APITesting" name="testResponsecode" time="0.039"/>
  <system-out/>
  <testcase classname="com.CA.qa.TestCases.APITesting" name="testResponsecode" time="0.038"/>
  <system-out/>
  <testcase classname="com.CA.qa.TestCases.APITesting" name="testResponsecode" time="0.038"/>
  <system-out/>
  <testcase classname="com.CA.qa.TestCases.APITesting" name="testResponsecode" time="0.158"/>
  <system-out/>
  <testcase classname="com.CA.qa.TestCases.APITesting" name="testResponsecode" time="0.040"/>
  <system-out/>
  <testcase classname="com.CA.qa.TestCases.APITesting" name="testResponsecode" time="0.045"/>
  <system-out/>
  <testcase classname="com.CA.qa.TestCases.APITesting" name="testResponsecode" time="0.183"/>
  <system-out/>
  <testcase classname="com.CA.qa.TestCases.APITesting" name="testResponsecode" time="0.034"/>
  <system-out/>
  <testcase classname="com.CA.qa.TestCases.APITesting" name="testResponsecode" time="0.043"/>
  <system-out/>
  <testcase classname="com.CA.qa.TestCases.APITesting" name="testResponsecode" time="0.040"/>
  <system-out/>
  <testcase classname="com.CA.qa.TestCases.APITesting" name="testResponsecode" time="0.036"/>
  <system-out/>
  <testcase classname="com.CA.qa.TestCases.APITesting" name="testResponsecode" time="0.032"/>
  <system-out/>
  <testcase classname="com.CA.qa.TestCases.APITesting" name="testResponsecode" time="0.078"/>
  <system-out/>
  <testcase classname="com.CA.qa.TestCases.APITesting" name="testResponsecode" time="0.034"/>
  <system-out/>
  <testcase classname="com.CA.qa.TestCases.APITesting" name="testResponsecode" time="0.033"/>
  <system-out/>
  <testcase classname="com.CA.qa.TestCases.APITesting" name="testResponsecode" time="0.034"/>
  <system-out/>
  <testcase classname="com.CA.qa.TestCases.APITesting" name="testResponsecode" time="0.035"/>
  <system-out/>
  <testcase classname="com.CA.qa.TestCases.APITesting" name="testResponsecode" time="0.034"/>
  <system-out/>
  <testcase classname="com.CA.qa.TestCases.APITesting" name="testResponsecode" time="0.032"/>
  <system-out/>
  <testcase classname="com.CA.qa.TestCases.APITesting" name="testResponsecode" time="0.036"/>
  <system-out/>
  <testcase classname="com.CA.qa.TestCases.APITesting" name="testResponsecode" time="0.034"/>
  <system-out/>
  <testcase classname="com.CA.qa.TestCases.APITesting" name="testResponsecode" time="0.035"/>
  <system-out/>
  <testcase classname="com.CA.qa.TestCases.APITesting" name="testResponsecode" time="0.032"/>
  <system-out/>
  <testcase classname="com.CA.qa.TestCases.APITesting" name="testResponsecode" time="0.031"/>
  <system-out/>
  <testcase classname="com.CA.qa.TestCases.APITesting" name="testResponsecode" time="0.045"/>
  <system-out/>
  <testcase classname="com.CA.qa.TestCases.APITesting" name="testResponsecode" time="0.036"/>
  <system-out/>
  <testcase classname="com.CA.qa.TestCases.APITesting" name="testResponsecode" time="0.036"/>
  <system-out/>
  <testcase classname="com.CA.qa.TestCases.APITesting" name="testResponsecode" time="0.041"/>
  <system-out/>
  <testcase classname="com.CA.qa.TestCases.APITesting" name="testResponsecode" time="0.044"/>
  <system-out/>
  <testcase classname="com.CA.qa.TestCases.APITesting" name="testResponsecode" time="0.042"/>
  <system-out/>
  <testcase classname="com.CA.qa.TestCases.APITesting" name="testResponsecode" time="0.052"/>
  <system-out/>
  <testcase classname="com.CA.qa.TestCases.APITesting" name="testResponsecode" time="0.082"/>
  <system-out/>
  <testcase classname="com.CA.qa.TestCases.APITesting" name="testResponsecode" time="0.037"/>
  <system-out/>
  <testcase classname="com.CA.qa.TestCases.APITesting" name="testResponsecode" time="0.035"/>
  <system-out/>
  <testcase classname="com.CA.qa.TestCases.APITesting" name="testResponsecode" time="0.048"/>
  <system-out/>
  <testcase classname="com.CA.qa.TestCases.APITesting" name="testResponsecode" time="0.039"/>
  <system-out/>
  <testcase classname="com.CA.qa.TestCases.APITesting" name="testResponsecode" time="0.033"/>
  <system-out/>
  <testcase classname="com.CA.qa.TestCases.APITesting" name="testResponsecode" time="0.036"/>
  <system-out/>
  <testcase classname="com.CA.qa.TestCases.APITesting" name="testResponsecode" time="0.032"/>
  <system-out/>
  <testcase classname="com.CA.qa.TestCases.APITesting" name="testResponsecode" time="0.058"/>
  <system-out/>
  <testcase classname="com.CA.qa.TestCases.APITesting" name="testResponsecode" time="0.033"/>
  <system-out/>
  <testcase classname="com.CA.qa.TestCases.APITesting" name="testResponsecode" time="0.037"/>
  <system-out/>
  <testcase classname="com.CA.qa.TestCases.APITesting" name="testResponsecode" time="0.032"/>
  <system-out/>
  <testcase classname="com.CA.qa.TestCases.APITesting" name="testResponsecode" time="0.034"/>
  <system-out/>
  <testcase classname="com.CA.qa.TestCases.APITesting" name="testResponsecode" time="0.047"/>
  <system-out/>
  <testcase classname="com.CA.qa.TestCases.APITesting" name="testResponsecode" time="0.032"/>
  <system-out/>
  <testcase classname="com.CA.qa.TestCases.APITesting" name="testResponsecode" time="0.033"/>
  <system-out/>
  <testcase classname="com.CA.qa.TestCases.APITesting" name="testResponsecode" time="0.043"/>
  <system-out/>
  <testcase classname="com.CA.qa.TestCases.APITesting" name="testResponsecode" time="0.032"/>
  <system-out/>
  <testcase classname="com.CA.qa.TestCases.APITesting" name="testResponsecode" time="0.035"/>
  <system-out/>
  <testcase classname="com.CA.qa.TestCases.APITesting" name="testResponsecode" time="0.033"/>
  <system-out/>
  <testcase classname="com.CA.qa.TestCases.APITesting" name="testResponsecode" time="0.033"/>
  <system-out/>
  <testcase classname="com.CA.qa.TestCases.APITesting" name="testResponsecode" time="0.035"/>
  <system-out/>
  <testcase classname="com.CA.qa.TestCases.APITesting" name="testResponsecode" time="0.141"/>
  <system-out/>
  <testcase classname="com.CA.qa.TestCases.APITesting" name="testResponsecode" time="0.033"/>
  <system-out/>
  <testcase classname="com.CA.qa.TestCases.APITesting" name="testResponsecode" time="0.036"/>
  <system-out/>
  <testcase classname="com.CA.qa.TestCases.APITesting" name="testResponsecode" time="0.032"/>
  <system-out/>
  <testcase classname="com.CA.qa.TestCases.APITesting" name="testResponsecode" time="0.157"/>
  <system-out/>
  <testcase classname="com.CA.qa.TestCases.APITesting" name="testResponsecode" time="0.035"/>
  <system-out/>
  <testcase classname="com.CA.qa.TestCases.APITesting" name="testResponsecode" time="0.032"/>
  <system-out/>
  <testcase classname="com.CA.qa.TestCases.APITesting" name="testResponsecode" time="0.044"/>
  <system-out/>
  <testcase classname="com.CA.qa.TestCases.APITesting" name="testResponsecode" time="0.035"/>
  <system-out/>
  <testcase classname="com.CA.qa.TestCases.APITesting" name="testResponsecode" time="0.032"/>
  <system-out/>
  <testcase classname="com.CA.qa.TestCases.APITesting" name="testResponsecode" time="0.036"/>
  <system-out/>
  <testcase classname="com.CA.qa.TestCases.APITesting" name="testResponsecode" time="0.036"/>
  <system-out/>
  <testcase classname="com.CA.qa.TestCases.APITesting" name="testResponsecode" time="0.034"/>
  <system-out/>
  <testcase classname="com.CA.qa.TestCases.APITesting" name="testResponsecode" time="0.033"/>
  <system-out/>
  <testcase classname="com.CA.qa.TestCases.APITesting" name="testResponsecode" time="0.040"/>
  <system-out/>
  <testcase classname="com.CA.qa.TestCases.APITesting" name="testResponsecode" time="0.040"/>
  <system-out/>
  <testcase classname="com.CA.qa.TestCases.APITesting" name="testResponsecode" time="0.234"/>
  <system-out/>
  <testcase classname="com.CA.qa.TestCases.APITesting" name="testResponsecode" time="0.063"/>
  <system-out/>
  <testcase classname="com.CA.qa.TestCases.APITesting" name="testResponsecode" time="0.033"/>
  <system-out/>
  <testcase classname="com.CA.qa.TestCases.APITesting" name="testResponsecode" time="0.036"/>
  <system-out/>
  <testcase classname="com.CA.qa.TestCases.APITesting" name="testResponsecode" time="0.034"/>
  <system-out/>
  <testcase classname="com.CA.qa.TestCases.APITesting" name="testResponsecode" time="0.039"/>
  <system-out/>
  <testcase classname="com.CA.qa.TestCases.APITesting" name="testResponsecode" time="0.046"/>
  <system-out/>
  <testcase classname="com.CA.qa.TestCases.APITesting" name="testResponsecode" time="0.033"/>
  <system-out/>
  <testcase classname="com.CA.qa.TestCases.APITesting" name="testResponsecode" time="0.037"/>
  <system-out/>
  <testcase classname="com.CA.qa.TestCases.APITesting" name="testResponsecode" time="0.034"/>
  <system-out/>
  <testcase classname="com.CA.qa.TestCases.APITesting" name="testResponsecode" time="0.033"/>
  <system-out/>
  <testcase classname="com.CA.qa.TestCases.APITesting" name="testResponsecode" time="0.167"/>
  <system-out/>
  <testcase classname="com.CA.qa.TestCases.APITesting" name="testResponsecode" time="0.069"/>
  <system-out/>
  <testcase classname="com.CA.qa.TestCases.APITesting" name="testResponsecode" time="0.037"/>
  <system-out/>
  <testcase classname="com.CA.qa.TestCases.APITesting" name="testResponsecode" time="0.163"/>
  <system-out/>
  <testcase classname="com.CA.qa.TestCases.APITesting" name="testResponsecode" time="0.040"/>
  <system-out/>
  <testcase classname="com.CA.qa.TestCases.APITesting" name="testResponsecode" time="0.039"/>
  <system-out/>
  <testcase classname="com.CA.qa.TestCases.APITesting" name="testResponsecode" time="0.032"/>
  <system-out/>
  <testcase classname="com.CA.qa.TestCases.APITesting" name="testResponsecode" time="0.040"/>
  <system-out/>
  <testcase classname="com.CA.qa.TestCases.APITesting" name="testResponsecode" time="0.041"/>
  <system-out/>
  <testcase classname="com.CA.qa.TestCases.APITesting" name="testResponsecode" time="0.046"/>
  <system-out/>
  <testcase classname="com.CA.qa.TestCases.APITesting" name="testResponsecode" time="0.037"/>
  <system-out/>
  <testcase classname="com.CA.qa.TestCases.APITesting" name="testResponsecode" time="0.037"/>
  <system-out/>
  <testcase classname="com.CA.qa.TestCases.APITesting" name="testResponsecode" time="0.057"/>
  <system-out/>
  <testcase classname="com.CA.qa.TestCases.APITesting" name="testResponsecode" time="0.034"/>
  <system-out/>
  <testcase classname="com.CA.qa.TestCases.APITesting" name="testResponsecode" time="0.039"/>
  <system-out/>
  <testcase classname="com.CA.qa.TestCases.APITesting" name="testResponsecode" time="0.035"/>
  <system-out/>
  <testcase classname="com.CA.qa.TestCases.APITesting" name="testResponsecode" time="0.035"/>
  <system-out/>
  <testcase classname="com.CA.qa.TestCases.APITesting" name="testResponsecode" time="0.048"/>
  <system-out/>
  <testcase classname="com.CA.qa.TestCases.APITesting" name="testResponsecode" time="0.041"/>
  <system-out/>
  <testcase classname="com.CA.qa.TestCases.APITesting" name="testResponsecode" time="0.033"/>
  <system-out/>
  <testcase classname="com.CA.qa.TestCases.APITesting" name="testResponsecode" time="0.034"/>
  <system-out/>
  <testcase classname="com.CA.qa.TestCases.APITesting" name="testResponsecode" time="0.202"/>
  <system-out/>
  <testcase classname="com.CA.qa.TestCases.APITesting" name="testResponsecode" time="0.048"/>
  <system-out/>
  <testcase classname="com.CA.qa.TestCases.APITesting" name="testResponsecode" time="0.032"/>
  <system-out/>
  <testcase classname="com.CA.qa.TestCases.APITesting" name="testResponsecode" time="0.032"/>
  <system-out/>
  <testcase classname="com.CA.qa.TestCases.APITesting" name="testResponsecode" time="0.039"/>
  <system-out/>
  <testcase classname="com.CA.qa.TestCases.APITesting" name="testResponsecode" time="0.132"/>
  <system-out/>
  <testcase classname="com.CA.qa.TestCases.APITesting" name="testResponsecode" time="0.153"/>
  <system-out/>
  <testcase classname="com.CA.qa.TestCases.APITesting" name="testResponsecode" time="0.036"/>
  <system-out/>
  <testcase classname="com.CA.qa.TestCases.APITesting" name="testResponsecode" time="0.041"/>
  <system-out/>
  <testcase classname="com.CA.qa.TestCases.APITesting" name="testResponsecode" time="0.042"/>
  <system-out/>
  <testcase classname="com.CA.qa.TestCases.APITesting" name="testResponsecode" time="0.135"/>
  <system-out/>
  <testcase classname="com.CA.qa.TestCases.APITesting" name="testResponsecode" time="0.038"/>
  <system-out/>
  <testcase classname="com.CA.qa.TestCases.APITesting" name="testResponsecode" time="0.057"/>
  <system-out/>
  <testcase classname="com.CA.qa.TestCases.APITesting" name="testResponsecode" time="0.036"/>
  <system-out/>
  <testcase classname="com.CA.qa.TestCases.APITesting" name="testResponsecode" time="0.046"/>
  <system-out/>
  <testcase classname="com.CA.qa.TestCases.APITesting" name="testResponsecode" time="0.037"/>
  <system-out/>
  <testcase classname="com.CA.qa.TestCases.APITesting" name="testResponsecode" time="0.035"/>
  <system-out/>
  <testcase classname="com.CA.qa.TestCases.APITesting" name="testResponsecode" time="0.039"/>
  <system-out/>
  <testcase classname="com.CA.qa.TestCases.APITesting" name="testResponsecode" time="0.036"/>
  <system-out/>
  <testcase classname="com.CA.qa.TestCases.APITesting" name="testResponsecode" time="0.038"/>
  <system-out/>
  <testcase classname="com.CA.qa.TestCases.APITesting" name="testResponsecode" time="0.037"/>
  <system-out/>
  <testcase classname="com.CA.qa.TestCases.APITesting" name="testResponsecode" time="0.036"/>
  <system-out/>
  <testcase classname="com.CA.qa.TestCases.APITesting" name="testResponsecode" time="0.036"/>
  <system-out/>
  <testcase classname="com.CA.qa.TestCases.APITesting" name="testResponsecode" time="0.036"/>
  <system-out/>
  <testcase classname="com.CA.qa.TestCases.APITesting" name="testResponsecode" time="0.042"/>
  <system-out/>
  <testcase classname="com.CA.qa.TestCases.APITesting" name="testResponsecode" time="0.049"/>
  <system-out/>
  <testcase classname="com.CA.qa.TestCases.APITesting" name="testResponsecode" time="0.040"/>
  <system-out/>
  <testcase classname="com.CA.qa.TestCases.APITesting" name="testResponsecode" time="0.042"/>
  <system-out/>
  <testcase classname="com.CA.qa.TestCases.APITesting" name="testResponsecode" time="0.035"/>
  <system-out/>
  <testcase classname="com.CA.qa.TestCases.APITesting" name="testResponsecode" time="0.033"/>
  <system-out/>
  <testcase classname="com.CA.qa.TestCases.APITesting" name="testResponsecode" time="0.038"/>
  <system-out/>
  <testcase classname="com.CA.qa.TestCases.APITesting" name="testResponsecode" time="0.080"/>
  <system-out/>
  <testcase classname="com.CA.qa.TestCases.APITesting" name="testResponsecode" time="0.034"/>
  <system-out/>
  <testcase classname="com.CA.qa.TestCases.APITesting" name="testResponsecode" time="0.972"/>
  <system-out/>
</testsuite> <!-- com.CA.qa.TestCases.APITesting -->
