<?xml version="1.0" encoding="UTF-8"?>
<!-- Generated by org.testng.reporters.JUnitReportReporter -->
<testsuite hostname="ozonetel-santosh" failures="0" tests="3" name="com.CA.qa.TestCases.ConfigurationPageTest" time="67.853" errors="0" timestamp="2021-01-18T11:25:14 IST" skipped="0">
  <testcase classname="com.CA.qa.TestCases.ConfigurationPageTest" name="AddAgents" time="29.813"/>
  <system-out/>
  <testcase classname="com.CA.qa.TestCases.ConfigurationPageTest" name="AddAgents" time="17.154"/>
  <system-out/>
  <testcase classname="com.CA.qa.TestCases.ConfigurationPageTest" name="AddAgents" time="20.886"/>
  <system-out/>
</testsuite> <!-- com.CA.qa.TestCases.ConfigurationPageTest -->
