<?xml version="1.0" encoding="UTF-8"?>
<!-- Generated by org.testng.reporters.JUnitReportReporter -->
<testsuite hostname="ozonetel-santosh" failures="0" tests="1" name="com.CA.qa.TestCases.DashBoardPageTest" time="8.758" errors="0" timestamp="2021-06-03T11:19:11 IST" skipped="0">
  <testcase classname="com.CA.qa.TestCases.DashBoardPageTest" name="verifyConferenceReport_DisplayedTest" time="8.758"/>
  <system-out/>
</testsuite> <!-- com.CA.qa.TestCases.DashBoardPageTest -->
