<?xml version="1.0" encoding="UTF-8"?>
<!-- Generated by org.testng.reporters.JUnitReportReporter -->
<testsuite hostname="ozonetel-santosh" failures="0" tests="12" name="com.CA.qa.TestCases.AgentToolBarLoginPageTest" time="136.147" errors="0" timestamp="2020-12-08T11:12:07 IST" skipped="0">
  <testcase classname="com.CA.qa.TestCases.AgentToolBarLoginPageTest" name="VerifyATBLoginPage_TitleTest" time="8.266"/>
  <system-out/>
  <testcase classname="com.CA.qa.TestCases.AgentToolBarLoginPageTest" name="verifyATBLoginpage_logoTest" time="10.102"/>
  <system-out/>
  <testcase classname="com.CA.qa.TestCases.AgentToolBarLoginPageTest" name="verifyATBLoginpage_EmptycustomerErrMsg" time="7.575"/>
  <system-out/>
  <testcase classname="com.CA.qa.TestCases.AgentToolBarLoginPageTest" name="verifyATBLoginpage_EmptyAgentIdErrMsg" time="9.076"/>
  <system-out/>
  <testcase classname="com.CA.qa.TestCases.AgentToolBarLoginPageTest" name="verifyATBLoginpage_EmptyPhoneNoErrMsg" time="8.157"/>
  <system-out/>
  <testcase classname="com.CA.qa.TestCases.AgentToolBarLoginPageTest" name="verifyATBLoginpage_EmptyPinErrMsg" time="8.410"/>
  <system-out/>
  <testcase classname="com.CA.qa.TestCases.AgentToolBarLoginPageTest" name="verifyATBLoginpage_invalidAgentErrMsg" time="11.820"/>
  <system-out/>
  <testcase classname="com.CA.qa.TestCases.AgentToolBarLoginPageTest" name="verifyATBLoginpage_invalidUserErrMsg" time="9.795"/>
  <system-out/>
  <testcase classname="com.CA.qa.TestCases.AgentToolBarLoginPageTest" name="verifyATBLoginpage_PhoneNumberDoesnotexistErrMsg" time="9.679"/>
  <system-out/>
  <testcase classname="com.CA.qa.TestCases.AgentToolBarLoginPageTest" name="verifyATBLoginpage_PhoneNumberInvalidErrMsg" time="11.043"/>
  <system-out/>
  <testcase classname="com.CA.qa.TestCases.AgentToolBarLoginPageTest" name="verifyATBLoginpage_wrong_password_errMsg" time="11.355"/>
  <system-out/>
  <testcase classname="com.CA.qa.TestCases.AgentToolBarLoginPageTest" name="ATBloginTest" time="30.869"/>
  <system-out/>
</testsuite> <!-- com.CA.qa.TestCases.AgentToolBarLoginPageTest -->
