<?xml version="1.0" encoding="UTF-8"?>
<!-- Generated by org.testng.reporters.JUnitReportReporter -->
<testsuite hostname="ozonetel-santosh" failures="0" tests="14" name="com.CA.qa.TestCases.ValidateConfigurationsPage" time="24.512" errors="0" timestamp="2021-01-20T22:11:49 IST" skipped="0">
  <testcase classname="com.CA.qa.TestCases.ValidateConfigurationsPage" name="ValidateFeedBackNameEmptyErrorMsg15_1" time="1.757"/>
  <system-out/>
  <testcase classname="com.CA.qa.TestCases.ValidateConfigurationsPage" name="ValidateFeedBackNameRangeErrorMsg15_12" time="1.645"/>
  <system-out/>
  <testcase classname="com.CA.qa.TestCases.ValidateConfigurationsPage" name="ValidateFeedBackNameRangeErrorMsg15_13" time="1.634"/>
  <system-out/>
  <testcase classname="com.CA.qa.TestCases.ValidateConfigurationsPage" name="ValidateFeedBackNameRangeErrorMsg15_14" time="1.661"/>
  <system-out/>
  <testcase classname="com.CA.qa.TestCases.ValidateConfigurationsPage" name="ValidateFeedBackNameRangeErrorMsg15_15" time="1.736"/>
  <system-out/>
  <testcase classname="com.CA.qa.TestCases.ValidateConfigurationsPage" name="ValidateFeedBackMasterNameEmptyErrorMsg16_1" time="1.657"/>
  <system-out/>
  <testcase classname="com.CA.qa.TestCases.ValidateConfigurationsPage" name="ValidateFeedBackMasterFeedbackRangeErrorMsg16_11" time="2.135"/>
  <system-out/>
  <testcase classname="com.CA.qa.TestCases.ValidateConfigurationsPage" name="ValidateFeedBackMasterFeedbackRangeErrorMsg16_12" time="1.705"/>
  <system-out/>
  <testcase classname="com.CA.qa.TestCases.ValidateConfigurationsPage" name="ValidateFeedBackMasterFeedbackRange1ErrorMsg16_13" time="1.701"/>
  <system-out/>
  <testcase classname="com.CA.qa.TestCases.ValidateConfigurationsPage" name="ValidateFeedBackMasterFeedbackRange1ErrorMsg16_14" time="1.702"/>
  <system-out/>
  <testcase classname="com.CA.qa.TestCases.ValidateConfigurationsPage" name="ValidateFeedBackMasterFeedbackRange1ErrorMsg16_2" time="1.969"/>
  <system-out/>
  <testcase classname="com.CA.qa.TestCases.ValidateConfigurationsPage" name="ValidateFeedBackMasterFeedbackRange1ErrorMsg16_23" time="1.710"/>
  <system-out/>
  <testcase classname="com.CA.qa.TestCases.ValidateConfigurationsPage" name="ValidateFeedBackMasterFeedbackRange1ErrorMsg16_21" time="1.754"/>
  <system-out/>
  <testcase classname="com.CA.qa.TestCases.ValidateConfigurationsPage" name="ValidateFeedBackMasterFeedbackRange1ErrorMsg16_22" time="1.746"/>
  <system-out/>
</testsuite> <!-- com.CA.qa.TestCases.ValidateConfigurationsPage -->
