<?xml version="1.0" encoding="UTF-8"?>
<!-- Generated by org.testng.reporters.JUnitReportReporter -->
<testsuite hostname="ozonetel-santosh" failures="0" tests="1" name="com.CA.qa.TestCases.DashBoardPageTest" time="12.468" errors="0" timestamp="2021-06-09T21:49:44 IST" skipped="0">
  <testcase classname="com.CA.qa.TestCases.DashBoardPageTest" name="verifySkillReport_DisplayedTest" time="12.468"/>
  <system-out/>
</testsuite> <!-- com.CA.qa.TestCases.DashBoardPageTest -->
