<?xml version="1.0" encoding="UTF-8"?>
<!-- Generated by org.testng.reporters.JUnitReportReporter -->
<testsuite hostname="ozonetel-santosh" failures="0" tests="59" name="com.CA.qa.TestCases.ValidateOutboundCampaignPageTest" time="198.792" errors="0" timestamp="2021-04-07T16:44:34 IST" skipped="0">
  <testcase classname="com.CA.qa.TestCases.ValidateOutboundCampaignPageTest" name="ValidateCampaignNameErrorMsg26_1" time="1.153"/>
  <system-out/>
  <testcase classname="com.CA.qa.TestCases.ValidateOutboundCampaignPageTest" name="ValidateCampaignNameRangeErrorMsg26_12" time="1.156"/>
  <system-out/>
  <testcase classname="com.CA.qa.TestCases.ValidateOutboundCampaignPageTest" name="ValidateCampaignNameDuplicateErrorMsg25_11" time="1.183"/>
  <system-out/>
  <testcase classname="com.CA.qa.TestCases.ValidateOutboundCampaignPageTest" name="ValidateCampaignNameSplRangeErrorMsg26_13" time="1.157"/>
  <system-out/>
  <testcase classname="com.CA.qa.TestCases.ValidateOutboundCampaignPageTest" name="ValidateCampaignNameSplRangeErrorMsg26_14" time="1.160"/>
  <system-out/>
  <testcase classname="com.CA.qa.TestCases.ValidateOutboundCampaignPageTest" name="ValidateCampaignTypeErrorMsg26_2" time="1.090"/>
  <system-out/>
  <testcase classname="com.CA.qa.TestCases.ValidateOutboundCampaignPageTest" name="ValidateDidErrorMsg26_3" time="1.127"/>
  <system-out/>
  <testcase classname="com.CA.qa.TestCases.ValidateOutboundCampaignPageTest" name="ValidateDidRangeErrorMsg26_31" time="1.187"/>
  <system-out/>
  <testcase classname="com.CA.qa.TestCases.ValidateOutboundCampaignPageTest" name="ValidateDidRangeErrorMsg26_32" time="1.160"/>
  <system-out/>
  <testcase classname="com.CA.qa.TestCases.ValidateOutboundCampaignPageTest" name="ValidateDidRangeErrorMsg26_33" time="1.152"/>
  <system-out/>
  <testcase classname="com.CA.qa.TestCases.ValidateOutboundCampaignPageTest" name="ValidateDidRangeErrorMsg26_34" time="1.163"/>
  <system-out/>
  <testcase classname="com.CA.qa.TestCases.ValidateOutboundCampaignPageTest" name="ValidateDidRangeMaxErrorMsg" time="1.179"/>
  <system-out/>
  <testcase classname="com.CA.qa.TestCases.ValidateOutboundCampaignPageTest" name="ValidateFallbackDidRangeMaxErrorMsg26_4" time="1.183"/>
  <system-out/>
  <testcase classname="com.CA.qa.TestCases.ValidateOutboundCampaignPageTest" name="ValidateFallbackDidRangeMaxErrorMsg26_41" time="1.155"/>
  <system-out/>
  <testcase classname="com.CA.qa.TestCases.ValidateOutboundCampaignPageTest" name="ValidateFallbackDidRangeMaxErrorMsg26_42" time="1.175"/>
  <system-out/>
  <testcase classname="com.CA.qa.TestCases.ValidateOutboundCampaignPageTest" name="ValidateFallbackDidRangeMaxErrorMsg26_43" time="1.167"/>
  <system-out/>
  <testcase classname="com.CA.qa.TestCases.ValidateOutboundCampaignPageTest" name="ValidateStartTimeErrorMsg26_5" time="1.099"/>
  <system-out/>
  <testcase classname="com.CA.qa.TestCases.ValidateOutboundCampaignPageTest" name="ValidateEndTimeErrorMsg26_51" time="1.097"/>
  <system-out/>
  <testcase classname="com.CA.qa.TestCases.ValidateOutboundCampaignPageTest" name="ValidateGreaterEndTimeErrorMsg26_52" time="1.324"/>
  <system-out/>
  <testcase classname="com.CA.qa.TestCases.ValidateOutboundCampaignPageTest" name="ValidatePriorityErrorMsg26_6" time="1.092"/>
  <system-out/>
  <testcase classname="com.CA.qa.TestCases.ValidateOutboundCampaignPageTest" name="ValidatePriorityRangeErrorMsg26_61" time="1.192"/>
  <system-out/>
  <testcase classname="com.CA.qa.TestCases.ValidateOutboundCampaignPageTest" name="ValidatePrefixRangeErrorMsg26_7" time="1.204"/>
  <system-out/>
  <testcase classname="com.CA.qa.TestCases.ValidateOutboundCampaignPageTest" name="ValidatePrefixRangeErrorMsg26_71" time="1.200"/>
  <system-out/>
  <testcase classname="com.CA.qa.TestCases.ValidateOutboundCampaignPageTest" name="ValidatePrefixRangeErrorMsg26_72" time="1.194"/>
  <system-out/>
  <testcase classname="com.CA.qa.TestCases.ValidateOutboundCampaignPageTest" name="ValidatePluginNameErrorMsg" time="1.201"/>
  <system-out/>
  <testcase classname="com.CA.qa.TestCases.ValidateOutboundCampaignPageTest" name="ValidateTriesErrorMsg26_8" time="1.106"/>
  <system-out/>
  <testcase classname="com.CA.qa.TestCases.ValidateOutboundCampaignPageTest" name="ValidateTriesRangeErrorMsg26_81" time="1.205"/>
  <system-out/>
  <testcase classname="com.CA.qa.TestCases.ValidateOutboundCampaignPageTest" name="ValidateTriesRangemaxErrorMsg26_82" time="1.166"/>
  <system-out/>
  <testcase classname="com.CA.qa.TestCases.ValidateOutboundCampaignPageTest" name="ValidateBlockNoEmptyErrorMsg26_9" time="1.193"/>
  <system-out/>
  <testcase classname="com.CA.qa.TestCases.ValidateOutboundCampaignPageTest" name="ValidateWrapupErrorMsg26_10" time="1.108"/>
  <system-out/>
  <testcase classname="com.CA.qa.TestCases.ValidateOutboundCampaignPageTest" name="ValidateDispositionErrorMsg26_111" time="1.105"/>
  <system-out/>
  <testcase classname="com.CA.qa.TestCases.ValidateOutboundCampaignPageTest" name="ValidateSkillErrorMsg26_121" time="1.098"/>
  <system-out/>
  <testcase classname="com.CA.qa.TestCases.ValidateOutboundCampaignPageTest" name="ValidateMapErrorMsg26_131" time="1.091"/>
  <system-out/>
  <testcase classname="com.CA.qa.TestCases.ValidateOutboundCampaignPageTest" name="ValidateUploadErrorMsg26_141" time="1.095"/>
  <system-out/>
  <testcase classname="com.CA.qa.TestCases.ValidateOutboundCampaignPageTest" name="ValidateCustomerRingTimeEmptyErrorMsg26_151" time="1.234"/>
  <system-out/>
  <testcase classname="com.CA.qa.TestCases.ValidateOutboundCampaignPageTest" name="ValidateCustomerRingTimeRangeErrorMsg26_152" time="1.278"/>
  <system-out/>
  <testcase classname="com.CA.qa.TestCases.ValidateOutboundCampaignPageTest" name="ValidateCustomerRingTimeRangeMaxErrorMsg26_153" time="1.261"/>
  <system-out/>
  <testcase classname="com.CA.qa.TestCases.ValidateOutboundCampaignPageTest" name="ValidateAppUrlEmptyErrorMsg26_16_1" time="1.178"/>
  <system-out/>
  <testcase classname="com.CA.qa.TestCases.ValidateOutboundCampaignPageTest" name="ValidateAppUrlInvalidErrorMsg26_16_2" time="1.282"/>
  <system-out/>
  <testcase classname="com.CA.qa.TestCases.ValidateOutboundCampaignPageTest" name="ValidateConcurrentCallsEmptyErrorMsg26_17_1" time="1.176"/>
  <system-out/>
  <testcase classname="com.CA.qa.TestCases.ValidateOutboundCampaignPageTest" name="ValidateConcurrentCallsRangeErrorMsg26_17_2" time="1.293"/>
  <system-out/>
  <testcase classname="com.CA.qa.TestCases.ValidateOutboundCampaignPageTest" name="ValidatePacingRatioEmptyErrorMsg26_18_1" time="4.322"/>
  <system-out/>
  <testcase classname="com.CA.qa.TestCases.ValidateOutboundCampaignPageTest" name="ValidatePacingRatioInvalidErrorMsg26_18_2" time="1.284"/>
  <system-out/>
  <testcase classname="com.CA.qa.TestCases.ValidateOutboundCampaignPageTest" name="ValidatePacingRatioInvalidErrorMsg26_18_3" time="1.263"/>
  <system-out/>
  <testcase classname="com.CA.qa.TestCases.ValidateOutboundCampaignPageTest" name="ValidatePacingRatioInvalidErrorMsg26_18_4" time="1.303"/>
  <system-out/>
  <testcase classname="com.CA.qa.TestCases.ValidateOutboundCampaignPageTest" name="ValidatePacingRatioInvalidErrorMsg26_18_5" time="1.286"/>
  <system-out/>
  <testcase classname="com.CA.qa.TestCases.ValidateOutboundCampaignPageTest" name="ValidateMaxDropRatioEmptyErrorMsg26_19_1" time="1.169"/>
  <system-out/>
  <testcase classname="com.CA.qa.TestCases.ValidateOutboundCampaignPageTest" name="ValidateMaxDropRatioRangeErrorMsg26_19_2" time="1.266"/>
  <system-out/>
  <testcase classname="com.CA.qa.TestCases.ValidateOutboundCampaignPageTest" name="ValidateDialIntervalErrorMsg26_201" time="1.217"/>
  <system-out/>
  <testcase classname="com.CA.qa.TestCases.ValidateOutboundCampaignPageTest" name="ValidateEmptyMapNameErrorMsg26_202" time="21.253"/>
  <system-out/>
  <testcase classname="com.CA.qa.TestCases.ValidateOutboundCampaignPageTest" name="ValidateMapNameRangeErrorMsg26_203" time="31.329"/>
  <system-out/>
  <testcase classname="com.CA.qa.TestCases.ValidateOutboundCampaignPageTest" name="ValidateMapNameSplRangeErrorMsg26_204" time="31.344"/>
  <system-out/>
  <testcase classname="com.CA.qa.TestCases.ValidateOutboundCampaignPageTest" name="ValidateMapFileErrorMsg26_205" time="21.288"/>
  <system-out/>
  <testcase classname="com.CA.qa.TestCases.ValidateOutboundCampaignPageTest" name="ValidateMapFileSampleTooltipMsg26_206" time="11.171"/>
  <system-out/>
  <testcase classname="com.CA.qa.TestCases.ValidateOutboundCampaignPageTest" name="ValidateMapFileXlsOnlyTooltipMsg26_207" time="11.147"/>
  <system-out/>
  <testcase classname="com.CA.qa.TestCases.ValidateOutboundCampaignPageTest" name="ValidateFileUploadSampleTooltipMsg26_208" time="0.020"/>
  <system-out/>
  <testcase classname="com.CA.qa.TestCases.ValidateOutboundCampaignPageTest" name="ValidateFileUploadXlsOnlyTooltipMsg26_209" time="0.018"/>
  <system-out/>
  <testcase classname="com.CA.qa.TestCases.ValidateOutboundCampaignPageTest" name="ValidateMappingTooltipMsg26_210" time="0.011"/>
  <system-out/>
  <testcase classname="com.CA.qa.TestCases.ValidateOutboundCampaignPageTest" name="ValidateConsolidatedErrMsg" time="10.082"/>
  <system-out/>
</testsuite> <!-- com.CA.qa.TestCases.ValidateOutboundCampaignPageTest -->
