<?xml version="1.0" encoding="UTF-8"?>
<!-- Generated by org.testng.reporters.JUnitReportReporter -->
<testsuite hostname="ozonetel-santosh" failures="0" tests="16" name="com.CA.qa.TestCases.AddCampaignPageTest" time="376.919" errors="0" timestamp="2021-07-30T12:59:00 IST" skipped="0">
  <testcase classname="com.CA.qa.TestCases.AddCampaignPageTest" name="AddCampaign" time="18.073"/>
  <system-out/>
  <testcase classname="com.CA.qa.TestCases.AddCampaignPageTest" name="AddCampaign" time="17.524"/>
  <system-out/>
  <testcase classname="com.CA.qa.TestCases.AddCampaignPageTest" name="AddCampaign" time="17.021"/>
  <system-out/>
  <testcase classname="com.CA.qa.TestCases.AddCampaignPageTest" name="AddCampaign" time="16.939"/>
  <system-out/>
  <testcase classname="com.CA.qa.TestCases.AddCampaignPageTest" name="AddCampaign" time="20.282"/>
  <system-out/>
  <testcase classname="com.CA.qa.TestCases.AddCampaignPageTest" name="AddCampaign" time="18.230"/>
  <system-out/>
  <testcase classname="com.CA.qa.TestCases.AddCampaignPageTest" name="AddCampaign" time="47.924"/>
  <system-out/>
  <testcase classname="com.CA.qa.TestCases.AddCampaignPageTest" name="AddCampaign" time="19.575"/>
  <system-out/>
  <testcase classname="com.CA.qa.TestCases.AddCampaignPageTest" name="AddCampaign" time="41.633"/>
  <system-out/>
  <testcase classname="com.CA.qa.TestCases.AddCampaignPageTest" name="AddCampaign" time="21.243"/>
  <system-out/>
  <testcase classname="com.CA.qa.TestCases.AddCampaignPageTest" name="AddCampaign" time="45.866"/>
  <system-out/>
  <testcase classname="com.CA.qa.TestCases.AddCampaignPageTest" name="AddCampaign" time="15.994"/>
  <system-out/>
  <testcase classname="com.CA.qa.TestCases.AddCampaignPageTest" name="AddCampaign" time="22.262"/>
  <system-out/>
  <testcase classname="com.CA.qa.TestCases.AddCampaignPageTest" name="AddCampaign" time="17.448"/>
  <system-out/>
  <testcase classname="com.CA.qa.TestCases.AddCampaignPageTest" name="AddCampaign" time="19.786"/>
  <system-out/>
  <testcase classname="com.CA.qa.TestCases.AddCampaignPageTest" name="AddCampaign" time="17.119"/>
  <system-out/>
</testsuite> <!-- com.CA.qa.TestCases.AddCampaignPageTest -->
