<?xml version="1.0" encoding="UTF-8"?>
<!-- Generated by org.testng.reporters.JUnitReportReporter -->
<testsuite hostname="ozonetel-Vostro-270s" failures="0" tests="39" name="com.CA.qa.TestCases.ValidateConfigurationsPage" time="36.245" errors="0" timestamp="02 Mar 2020 11:31:32 GMT" skipped="0">
  <testcase classname="com.CA.qa.TestCases.ValidateConfigurationsPage" name="ValidateAgentIdErrorMsg" time="1.078"/>
  <testcase classname="com.CA.qa.TestCases.ValidateConfigurationsPage" name="ValidateAgentIdRAngeErrorMsg" time="1.069"/>
  <testcase classname="com.CA.qa.TestCases.ValidateConfigurationsPage" name="ValidateAgentIdSplRAngeErrorMsg" time="1.014"/>
  <testcase classname="com.CA.qa.TestCases.ValidateConfigurationsPage" name="ValidateAgentPasswordEmptyErrorMsg" time="0.930"/>
  <testcase classname="com.CA.qa.TestCases.ValidateConfigurationsPage" name="ValidateAgentPasswordRAngeErrorMsg" time="1.124"/>
  <testcase classname="com.CA.qa.TestCases.ValidateConfigurationsPage" name="ValidateAgentNameEmptyErrorMsg" time="0.901"/>
  <testcase classname="com.CA.qa.TestCases.ValidateConfigurationsPage" name="ValidateAgentNameRangeErrorMsg" time="1.009"/>
  <testcase classname="com.CA.qa.TestCases.ValidateConfigurationsPage" name="ValidateAgentNameSplRangeErrorMsg" time="1.050"/>
  <testcase classname="com.CA.qa.TestCases.ValidateConfigurationsPage" name="ValidateAgentPriorityEmptyErrorMsg" time="0.952"/>
  <testcase classname="com.CA.qa.TestCases.ValidateConfigurationsPage" name="ValidateAgentPriorityRangeErrorMsg" time="1.064"/>
  <testcase classname="com.CA.qa.TestCases.ValidateConfigurationsPage" name="ValidateAgentEmailErrorMsg" time="1.150"/>
  <testcase classname="com.CA.qa.TestCases.ValidateConfigurationsPage" name="ValidateAgentDataErrorMsg" time="1.067"/>
  <testcase classname="com.CA.qa.TestCases.ValidateConfigurationsPage" name="ValidateAgentDataSplRangeErrorMsg" time="1.050"/>
  <testcase classname="com.CA.qa.TestCases.ValidateConfigurationsPage" name="ValidateAgentModeNotEnabledErrorMsg" time="1.036"/>
  <testcase classname="com.CA.qa.TestCases.ValidateConfigurationsPage" name="ValidatePhoneNameEmptyErrorMsg" time="0.838"/>
  <testcase classname="com.CA.qa.TestCases.ValidateConfigurationsPage" name="ValidatePhoneNameRangeErrorMsg" time="0.853"/>
  <testcase classname="com.CA.qa.TestCases.ValidateConfigurationsPage" name="ValidatePhoneNameSplRangeErrorMsg" time="0.917"/>
  <testcase classname="com.CA.qa.TestCases.ValidateConfigurationsPage" name="ValidatePhoneNumberEmptyErrorMsg" time="0.757"/>
  <testcase classname="com.CA.qa.TestCases.ValidateConfigurationsPage" name="ValidatePhoneNumberRangeErrorMsg" time="0.858"/>
  <testcase classname="com.CA.qa.TestCases.ValidateConfigurationsPage" name="ValidatePhoneNumberSplRangeErrorMsg" time="0.907"/>
  <testcase classname="com.CA.qa.TestCases.ValidateConfigurationsPage" name="ValidatePriorityEmptyErrorMsg" time="0.774"/>
  <testcase classname="com.CA.qa.TestCases.ValidateConfigurationsPage" name="ValidatePriorityRangeErrorMsg" time="0.808"/>
  <testcase classname="com.CA.qa.TestCases.ValidateConfigurationsPage" name="ValidatePriorityMaxRangeErrorMsg" time="0.927"/>
  <testcase classname="com.CA.qa.TestCases.ValidateConfigurationsPage" name="ValidateTransferNameEmptyErrorMsg" time="0.731"/>
  <testcase classname="com.CA.qa.TestCases.ValidateConfigurationsPage" name="ValidateTransferNameRangeErrorMsg" time="0.840"/>
  <testcase classname="com.CA.qa.TestCases.ValidateConfigurationsPage" name="ValidateTransferNameSplRangeErrorMsg" time="0.867"/>
  <testcase classname="com.CA.qa.TestCases.ValidateConfigurationsPage" name="ValidateTransferNumberEmptyErrorMsg" time="0.778"/>
  <testcase classname="com.CA.qa.TestCases.ValidateConfigurationsPage" name="ValidateTransferNumberRangeErrorMsg" time="0.902"/>
  <testcase classname="com.CA.qa.TestCases.ValidateConfigurationsPage" name="ValidateTransferNumberSplRangeErrorMsg" time="0.913"/>
  <testcase classname="com.CA.qa.TestCases.ValidateConfigurationsPage" name="ValidatedispositionEmptyErrorMsg" time="0.708"/>
  <testcase classname="com.CA.qa.TestCases.ValidateConfigurationsPage" name="ValidatedispositionRangeErrorMsg" time="0.852"/>
  <testcase classname="com.CA.qa.TestCases.ValidateConfigurationsPage" name="ValidatedispositionSplRangeErrorMsg" time="0.865"/>
  <testcase classname="com.CA.qa.TestCases.ValidateConfigurationsPage" name="ValidateAgentGroupNameEmptyErrorMsg" time="0.862"/>
  <testcase classname="com.CA.qa.TestCases.ValidateConfigurationsPage" name="ValidateAgentGroupNameRangeErrorMsg" time="1.039"/>
  <testcase classname="com.CA.qa.TestCases.ValidateConfigurationsPage" name="ValidateAgentGroupNameSplRangeErrorMsg" time="1.047"/>
  <testcase classname="com.CA.qa.TestCases.ValidateConfigurationsPage" name="ValidateAgentGroupDesriptionEmptyErrorMsg" time="0.946"/>
  <testcase classname="com.CA.qa.TestCases.ValidateConfigurationsPage" name="ValidateAgentGroupDesriptionRangeErrorMsg" time="0.980"/>
  <testcase classname="com.CA.qa.TestCases.ValidateConfigurationsPage" name="ValidateAgentGroupAssignedAgentsEmptyErrorMsg" time="0.937"/>
  <testcase classname="com.CA.qa.TestCases.ValidateConfigurationsPage" name="ValidateAgentGroupAssignedUsersEmptyErrorMsg" time="0.845"/>
</testsuite> <!-- com.CA.qa.TestCases.ValidateConfigurationsPage -->
