<?xml version="1.0" encoding="UTF-8"?>
<!-- Generated by org.testng.reporters.JUnitReportReporter -->
<testsuite hostname="ozonetel-santosh" failures="0" tests="1" name="com.CA.qa.TestCases.DashBoardPageTest" time="21.679" errors="0" timestamp="2021-04-28T22:36:13 IST" skipped="0">
  <testcase classname="com.CA.qa.TestCases.DashBoardPageTest" name="verifyTotalRecordsOnDialCountReportTest" time="21.679"/>
  <system-out/>
</testsuite> <!-- com.CA.qa.TestCases.DashBoardPageTest -->
