<?xml version="1.0" encoding="UTF-8"?>
<!-- Generated by org.testng.reporters.JUnitReportReporter -->
<testsuite hostname="DESKTOP-Q9LCM9F" failures="0" tests="12" name="com.CA.qa.TestCases.AgentToolBarHomePageTest" time="245.682" errors="0" timestamp="2020-12-03T19:04:59 IST" skipped="0">
  <testcase classname="com.CA.qa.TestCases.AgentToolBarHomePageTest" name="verifyATBHomePage_TitleTest" time="19.703"/>
  <system-out/>
  <testcase classname="com.CA.qa.TestCases.AgentToolBarHomePageTest" name="verifyAgentStatusTestAtStart" time="17.769"/>
  <system-out/>
  <testcase classname="com.CA.qa.TestCases.AgentToolBarHomePageTest" name="VerifyAgentStatusToPause" time="21.249"/>
  <system-out/>
  <testcase classname="com.CA.qa.TestCases.AgentToolBarHomePageTest" name="VerifyAgentStatusToReady" time="13.141"/>
  <system-out/>
  <testcase classname="com.CA.qa.TestCases.AgentToolBarHomePageTest" name="VerifyAgentModeAtStart" time="18.194"/>
  <system-out/>
  <testcase classname="com.CA.qa.TestCases.AgentToolBarHomePageTest" name="VerifyAgentModeAfterManual" time="19.531"/>
  <system-out/>
  <testcase classname="com.CA.qa.TestCases.AgentToolBarHomePageTest" name="VerifyAgentModeAfterInbound" time="30.243"/>
  <system-out/>
  <testcase classname="com.CA.qa.TestCases.AgentToolBarHomePageTest" name="VerifyAgentModeAfterPreview" time="20.091"/>
  <system-out/>
  <testcase classname="com.CA.qa.TestCases.AgentToolBarHomePageTest" name="VerifyAgentModeAfterProgressive" time="18.700"/>
  <system-out/>
  <testcase classname="com.CA.qa.TestCases.AgentToolBarHomePageTest" name="VerifyAgentModeAfterBlended" time="22.406"/>
  <system-out/>
  <testcase classname="com.CA.qa.TestCases.AgentToolBarHomePageTest" name="VerifyAgentATBForceRelease" time="20.516"/>
  <system-out/>
  <testcase classname="com.CA.qa.TestCases.AgentToolBarHomePageTest" name="VerifyAgentATBLogout" time="24.139"/>
  <system-out/>
</testsuite> <!-- com.CA.qa.TestCases.AgentToolBarHomePageTest -->
