<?xml version="1.0" encoding="UTF-8"?>
<!-- Generated by org.testng.reporters.JUnitReportReporter -->
<testsuite hostname="ozonetel-santosh" failures="0" tests="6" name="com.CA.qa.TestCases.AdminLoginPageTest" time="48.582" errors="0" timestamp="2021-01-04T13:25:19 IST" skipped="0">
  <testcase classname="com.CA.qa.TestCases.AdminLoginPageTest" name="verifyAdminLoginPage_TitleTest" time="6.948"/>
  <system-out/>
  <testcase classname="com.CA.qa.TestCases.AdminLoginPageTest" name="verifyAdminLoginpage_logoTest" time="7.324"/>
  <system-out/>
  <testcase classname="com.CA.qa.TestCases.AdminLoginPageTest" name="verifyAdminEmptyUserNameErrorMessageTest" time="6.745"/>
  <system-out/>
  <testcase classname="com.CA.qa.TestCases.AdminLoginPageTest" name="verifyAdminEmptyPasswordErrorMessageTest" time="6.843"/>
  <system-out/>
  <testcase classname="com.CA.qa.TestCases.AdminLoginPageTest" name="verifyAdminInvalidUserErrorMessageTest" time="10.480"/>
  <system-out/>
  <testcase classname="com.CA.qa.TestCases.AdminLoginPageTest" name="verifyAdminloginTest" time="10.242"/>
  <system-out/>
</testsuite> <!-- com.CA.qa.TestCases.AdminLoginPageTest -->
