<?xml version="1.0" encoding="UTF-8"?>
<!-- Generated by org.testng.reporters.JUnitReportReporter -->
<testsuite hostname="ozonetel-santosh" failures="0" tests="1" name="com.CA.qa.TestCases.DashBoardPageTest" time="10.213" errors="0" timestamp="2021-05-03T20:59:46 IST" skipped="0">
  <testcase classname="com.CA.qa.TestCases.DashBoardPageTest" name="verifyAgentDashBoardGroupWiseMenutDisplayedTest" time="10.213"/>
  <system-out/>
</testsuite> <!-- com.CA.qa.TestCases.DashBoardPageTest -->
