<?xml version="1.0" encoding="UTF-8"?>
<!-- Generated by org.testng.reporters.JUnitReportReporter -->
<testsuite hostname="ozonetel-santosh" failures="0" tests="1" name="com.CA.qa.TestCases.Paralleltest2" time="6.890" errors="0" timestamp="2021-06-08T17:35:30 IST" skipped="0">
  <testcase classname="com.CA.qa.TestCases.Paralleltest2" name="verifyAdminloginTest1_1" time="6.890"/>
  <system-out/>
</testsuite> <!-- com.CA.qa.TestCases.Paralleltest2 -->
