<?xml version="1.0" encoding="UTF-8"?>
<!-- Generated by org.testng.reporters.JUnitReportReporter -->
<testsuite hostname="ozonetel-santosh" failures="0" tests="2" name="com.CA.qa.TestCases.AdminHomePageTest" time="46.733" errors="0" timestamp="2021-02-18T22:07:57 IST" skipped="0">
  <testcase classname="com.CA.qa.TestCases.AdminHomePageTest" name="verifyAdminHomePage_TitleTest" time="25.759"/>
  <system-out/>
  <testcase classname="com.CA.qa.TestCases.AdminHomePageTest" name="verifyclickingoninbound" time="20.974"/>
  <system-out/>
</testsuite> <!-- com.CA.qa.TestCases.AdminHomePageTest -->
