<?xml version="1.0" encoding="UTF-8"?>
<!-- Generated by org.testng.reporters.JUnitReportReporter -->
<testsuite hostname="ozonetel-santosh" failures="2" tests="59" name="com.CA.qa.TestCases.ValidateOutboundCampaignPageTest" time="229.974" errors="0" timestamp="2021-06-09T15:36:26 IST" skipped="0">
  <testcase classname="com.CA.qa.TestCases.ValidateOutboundCampaignPageTest" name="ValidateCampaignNameErrorMsg26_1" time="1.274"/>
  <system-out/>
  <testcase classname="com.CA.qa.TestCases.ValidateOutboundCampaignPageTest" name="ValidateCampaignNameDuplicateErrorMsg25_11" time="1.401"/>
  <system-out/>
  <testcase classname="com.CA.qa.TestCases.ValidateOutboundCampaignPageTest" name="ValidateCampaignNameRangeErrorMsg26_12" time="1.341"/>
  <system-out/>
  <testcase classname="com.CA.qa.TestCases.ValidateOutboundCampaignPageTest" name="ValidateCampaignNameSplRangeErrorMsg26_13" time="1.303"/>
  <system-out/>
  <testcase classname="com.CA.qa.TestCases.ValidateOutboundCampaignPageTest" name="ValidateCampaignNameSplRangeErrorMsg26_14" time="1.318"/>
  <system-out/>
  <testcase classname="com.CA.qa.TestCases.ValidateOutboundCampaignPageTest" name="ValidateCampaignTypeErrorMsg26_2" time="1.218"/>
  <system-out/>
  <testcase classname="com.CA.qa.TestCases.ValidateOutboundCampaignPageTest" name="ValidateDidErrorMsg26_3" time="1.221"/>
  <system-out/>
  <testcase classname="com.CA.qa.TestCases.ValidateOutboundCampaignPageTest" name="ValidateDidRangeErrorMsg26_31" time="1.378"/>
  <system-out/>
  <testcase classname="com.CA.qa.TestCases.ValidateOutboundCampaignPageTest" name="ValidateDidRangeErrorMsg26_32" time="1.326"/>
  <system-out/>
  <testcase classname="com.CA.qa.TestCases.ValidateOutboundCampaignPageTest" name="ValidateDidRangeErrorMsg26_33" time="1.306"/>
  <system-out/>
  <testcase classname="com.CA.qa.TestCases.ValidateOutboundCampaignPageTest" name="ValidateDidRangeErrorMsg26_34" time="1.345"/>
  <system-out/>
  <testcase classname="com.CA.qa.TestCases.ValidateOutboundCampaignPageTest" name="ValidateDidRangeMaxErrorMsg" time="1.383"/>
  <system-out/>
  <testcase classname="com.CA.qa.TestCases.ValidateOutboundCampaignPageTest" name="ValidateFallbackDidRangeMaxErrorMsg26_4" time="1.408"/>
  <system-out/>
  <testcase classname="com.CA.qa.TestCases.ValidateOutboundCampaignPageTest" name="ValidateFallbackDidRangeMaxErrorMsg26_41" time="1.372"/>
  <system-out/>
  <testcase classname="com.CA.qa.TestCases.ValidateOutboundCampaignPageTest" name="ValidateFallbackDidRangeMaxErrorMsg26_42" time="1.360"/>
  <system-out/>
  <testcase classname="com.CA.qa.TestCases.ValidateOutboundCampaignPageTest" name="ValidateFallbackDidRangeMaxErrorMsg26_43" time="1.368"/>
  <system-out/>
  <testcase classname="com.CA.qa.TestCases.ValidateOutboundCampaignPageTest" name="ValidateStartTimeErrorMsg26_5" time="1.236"/>
  <system-out/>
  <testcase classname="com.CA.qa.TestCases.ValidateOutboundCampaignPageTest" name="ValidateEndTimeErrorMsg26_51" time="1.210"/>
  <system-out/>
  <testcase classname="com.CA.qa.TestCases.ValidateOutboundCampaignPageTest" name="ValidateGreaterEndTimeErrorMsg26_52" time="1.613"/>
  <system-out/>
  <testcase classname="com.CA.qa.TestCases.ValidateOutboundCampaignPageTest" name="ValidatePriorityErrorMsg26_6" time="1.255"/>
  <system-out/>
  <testcase classname="com.CA.qa.TestCases.ValidateOutboundCampaignPageTest" name="ValidatePriorityRangeErrorMsg26_61" time="1.379"/>
  <system-out/>
  <testcase classname="com.CA.qa.TestCases.ValidateOutboundCampaignPageTest" name="ValidatePrefixRangeErrorMsg26_7" time="1.452"/>
  <system-out/>
  <testcase classname="com.CA.qa.TestCases.ValidateOutboundCampaignPageTest" name="ValidatePrefixRangeErrorMsg26_71" time="1.389"/>
  <system-out/>
  <testcase classname="com.CA.qa.TestCases.ValidateOutboundCampaignPageTest" name="ValidatePrefixRangeErrorMsg26_72" time="1.362"/>
  <system-out/>
  <testcase classname="com.CA.qa.TestCases.ValidateOutboundCampaignPageTest" name="ValidatePluginNameErrorMsg" time="1.452"/>
  <system-out/>
  <testcase classname="com.CA.qa.TestCases.ValidateOutboundCampaignPageTest" name="ValidateTriesErrorMsg26_8" time="1.268"/>
  <system-out/>
  <testcase classname="com.CA.qa.TestCases.ValidateOutboundCampaignPageTest" name="ValidateTriesRangeErrorMsg26_81" time="1.428"/>
  <system-out/>
  <testcase classname="com.CA.qa.TestCases.ValidateOutboundCampaignPageTest" name="ValidateTriesRangemaxErrorMsg26_82" time="1.352"/>
  <system-out/>
  <testcase classname="com.CA.qa.TestCases.ValidateOutboundCampaignPageTest" name="ValidateBlockNoEmptyErrorMsg26_9" time="1.420"/>
  <system-out/>
  <testcase classname="com.CA.qa.TestCases.ValidateOutboundCampaignPageTest" name="ValidateWrapupErrorMsg26_10" time="1.240"/>
  <system-out/>
  <testcase classname="com.CA.qa.TestCases.ValidateOutboundCampaignPageTest" name="ValidateDispositionErrorMsg26_111" time="1.248"/>
  <system-out/>
  <testcase classname="com.CA.qa.TestCases.ValidateOutboundCampaignPageTest" name="ValidateSkillErrorMsg26_121" time="1.247"/>
  <system-out/>
  <testcase classname="com.CA.qa.TestCases.ValidateOutboundCampaignPageTest" name="ValidateMapErrorMsg26_131" time="1.250"/>
  <system-out/>
  <testcase classname="com.CA.qa.TestCases.ValidateOutboundCampaignPageTest" name="ValidateUploadErrorMsg26_141" time="1.205"/>
  <system-out/>
  <testcase classname="com.CA.qa.TestCases.ValidateOutboundCampaignPageTest" name="ValidateCustomerRingTimeEmptyErrorMsg26_151" time="1.374"/>
  <system-out/>
  <testcase classname="com.CA.qa.TestCases.ValidateOutboundCampaignPageTest" name="ValidateCustomerRingTimeRangeErrorMsg26_152" time="1.507"/>
  <system-out/>
  <testcase classname="com.CA.qa.TestCases.ValidateOutboundCampaignPageTest" name="ValidateCustomerRingTimeRangeMaxErrorMsg26_153" time="1.452"/>
  <system-out/>
  <testcase classname="com.CA.qa.TestCases.ValidateOutboundCampaignPageTest" name="ValidateAppUrlEmptyErrorMsg26_16_1" time="11.306">
    <failure message="expected [App. URL is required.] but found []" type="java.lang.AssertionError">
      <![CDATA[java.lang.AssertionError: expected [App. URL is required.] but found []
at org.testng.Assert.fail(Assert.java:99)
at org.testng.Assert.failNotEquals(Assert.java:1037)
at org.testng.Assert.assertEqualsImpl(Assert.java:140)
at org.testng.Assert.assertEquals(Assert.java:122)
at org.testng.Assert.assertEquals(Assert.java:629)
at org.testng.Assert.assertEquals(Assert.java:639)
at com.CA.qa.TestCases.ValidateOutboundCampaignPageTest.ValidateAppUrlEmptyErrorMsg26_16_1(ValidateOutboundCampaignPageTest.java:411)
at java.base/jdk.internal.reflect.NativeMethodAccessorImpl.invoke0(Native Method)
at java.base/jdk.internal.reflect.NativeMethodAccessorImpl.invoke(NativeMethodAccessorImpl.java:62)
at java.base/jdk.internal.reflect.DelegatingMethodAccessorImpl.invoke(DelegatingMethodAccessorImpl.java:43)
at java.base/java.lang.reflect.Method.invoke(Method.java:564)
at org.testng.internal.MethodInvocationHelper.invokeMethod(MethodInvocationHelper.java:132)
at org.testng.internal.TestInvoker.invokeMethod(TestInvoker.java:599)
at org.testng.internal.TestInvoker.invokeTestMethod(TestInvoker.java:174)
at org.testng.internal.MethodRunner.runInSequence(MethodRunner.java:46)
at org.testng.internal.TestInvoker$MethodInvocationAgent.invoke(TestInvoker.java:822)
at org.testng.internal.TestInvoker.invokeTestMethods(TestInvoker.java:147)
at org.testng.internal.TestMethodWorker.invokeTestMethods(TestMethodWorker.java:146)
at org.testng.internal.TestMethodWorker.run(TestMethodWorker.java:128)
at java.base/java.util.ArrayList.forEach(ArrayList.java:1511)
at org.testng.TestRunner.privateRun(TestRunner.java:764)
at org.testng.TestRunner.run(TestRunner.java:585)
at org.testng.SuiteRunner.runTest(SuiteRunner.java:384)
at org.testng.SuiteRunner.runSequentially(SuiteRunner.java:378)
at org.testng.SuiteRunner.privateRun(SuiteRunner.java:337)
at org.testng.SuiteRunner.run(SuiteRunner.java:286)
at org.testng.SuiteRunnerWorker.runSuite(SuiteRunnerWorker.java:53)
at org.testng.SuiteRunnerWorker.run(SuiteRunnerWorker.java:96)
at org.testng.TestNG.runSuitesSequentially(TestNG.java:1218)
at org.testng.TestNG.runSuitesLocally(TestNG.java:1140)
at org.testng.TestNG.runSuites(TestNG.java:1069)
at org.testng.TestNG.run(TestNG.java:1037)
at org.testng.remote.AbstractRemoteTestNG.run(AbstractRemoteTestNG.java:115)
at org.testng.remote.RemoteTestNG.initAndRun(RemoteTestNG.java:251)
at org.testng.remote.RemoteTestNG.main(RemoteTestNG.java:77)
]]>
    </failure>
  </testcase> <!-- ValidateAppUrlEmptyErrorMsg26_16_1 -->
  <system-out/>
  <testcase classname="com.CA.qa.TestCases.ValidateOutboundCampaignPageTest" name="ValidateAppUrlInvalidErrorMsg26_16_2" time="11.459">
    <failure message="expected [App. URL seems to be invalid.] but found []" type="java.lang.AssertionError">
      <![CDATA[java.lang.AssertionError: expected [App. URL seems to be invalid.] but found []
at org.testng.Assert.fail(Assert.java:99)
at org.testng.Assert.failNotEquals(Assert.java:1037)
at org.testng.Assert.assertEqualsImpl(Assert.java:140)
at org.testng.Assert.assertEquals(Assert.java:122)
at org.testng.Assert.assertEquals(Assert.java:629)
at org.testng.Assert.assertEquals(Assert.java:639)
at com.CA.qa.TestCases.ValidateOutboundCampaignPageTest.ValidateAppUrlInvalidErrorMsg26_16_2(ValidateOutboundCampaignPageTest.java:421)
at java.base/jdk.internal.reflect.NativeMethodAccessorImpl.invoke0(Native Method)
at java.base/jdk.internal.reflect.NativeMethodAccessorImpl.invoke(NativeMethodAccessorImpl.java:62)
at java.base/jdk.internal.reflect.DelegatingMethodAccessorImpl.invoke(DelegatingMethodAccessorImpl.java:43)
at java.base/java.lang.reflect.Method.invoke(Method.java:564)
at org.testng.internal.MethodInvocationHelper.invokeMethod(MethodInvocationHelper.java:132)
at org.testng.internal.TestInvoker.invokeMethod(TestInvoker.java:599)
at org.testng.internal.TestInvoker.invokeTestMethod(TestInvoker.java:174)
at org.testng.internal.MethodRunner.runInSequence(MethodRunner.java:46)
at org.testng.internal.TestInvoker$MethodInvocationAgent.invoke(TestInvoker.java:822)
at org.testng.internal.TestInvoker.invokeTestMethods(TestInvoker.java:147)
at org.testng.internal.TestMethodWorker.invokeTestMethods(TestMethodWorker.java:146)
at org.testng.internal.TestMethodWorker.run(TestMethodWorker.java:128)
at java.base/java.util.ArrayList.forEach(ArrayList.java:1511)
at org.testng.TestRunner.privateRun(TestRunner.java:764)
at org.testng.TestRunner.run(TestRunner.java:585)
at org.testng.SuiteRunner.runTest(SuiteRunner.java:384)
at org.testng.SuiteRunner.runSequentially(SuiteRunner.java:378)
at org.testng.SuiteRunner.privateRun(SuiteRunner.java:337)
at org.testng.SuiteRunner.run(SuiteRunner.java:286)
at org.testng.SuiteRunnerWorker.runSuite(SuiteRunnerWorker.java:53)
at org.testng.SuiteRunnerWorker.run(SuiteRunnerWorker.java:96)
at org.testng.TestNG.runSuitesSequentially(TestNG.java:1218)
at org.testng.TestNG.runSuitesLocally(TestNG.java:1140)
at org.testng.TestNG.runSuites(TestNG.java:1069)
at org.testng.TestNG.run(TestNG.java:1037)
at org.testng.remote.AbstractRemoteTestNG.run(AbstractRemoteTestNG.java:115)
at org.testng.remote.RemoteTestNG.initAndRun(RemoteTestNG.java:251)
at org.testng.remote.RemoteTestNG.main(RemoteTestNG.java:77)
]]>
    </failure>
  </testcase> <!-- ValidateAppUrlInvalidErrorMsg26_16_2 -->
  <system-out/>
  <testcase classname="com.CA.qa.TestCases.ValidateOutboundCampaignPageTest" name="ValidateConcurrentCallsEmptyErrorMsg26_17_1" time="1.471"/>
  <system-out/>
  <testcase classname="com.CA.qa.TestCases.ValidateOutboundCampaignPageTest" name="ValidateConcurrentCallsRangeErrorMsg26_17_2" time="1.534"/>
  <system-out/>
  <testcase classname="com.CA.qa.TestCases.ValidateOutboundCampaignPageTest" name="ValidatePacingRatioEmptyErrorMsg26_18_1" time="4.630"/>
  <system-out/>
  <testcase classname="com.CA.qa.TestCases.ValidateOutboundCampaignPageTest" name="ValidatePacingRatioInvalidErrorMsg26_18_2" time="1.566"/>
  <system-out/>
  <testcase classname="com.CA.qa.TestCases.ValidateOutboundCampaignPageTest" name="ValidatePacingRatioInvalidErrorMsg26_18_3" time="1.537"/>
  <system-out/>
  <testcase classname="com.CA.qa.TestCases.ValidateOutboundCampaignPageTest" name="ValidatePacingRatioInvalidErrorMsg26_18_4" time="1.530"/>
  <system-out/>
  <testcase classname="com.CA.qa.TestCases.ValidateOutboundCampaignPageTest" name="ValidatePacingRatioInvalidErrorMsg26_18_5" time="1.528"/>
  <system-out/>
  <testcase classname="com.CA.qa.TestCases.ValidateOutboundCampaignPageTest" name="ValidateMaxDropRatioEmptyErrorMsg26_19_1" time="1.355"/>
  <system-out/>
  <testcase classname="com.CA.qa.TestCases.ValidateOutboundCampaignPageTest" name="ValidateMaxDropRatioRangeErrorMsg26_19_2" time="1.487"/>
  <system-out/>
  <testcase classname="com.CA.qa.TestCases.ValidateOutboundCampaignPageTest" name="ValidateDialIntervalErrorMsg26_201" time="1.399"/>
  <system-out/>
  <testcase classname="com.CA.qa.TestCases.ValidateOutboundCampaignPageTest" name="ValidateEmptyMapNameErrorMsg26_202" time="21.565"/>
  <system-out/>
  <testcase classname="com.CA.qa.TestCases.ValidateOutboundCampaignPageTest" name="ValidateMapNameRangeErrorMsg26_203" time="31.718"/>
  <system-out/>
  <testcase classname="com.CA.qa.TestCases.ValidateOutboundCampaignPageTest" name="ValidateMapNameSplRangeErrorMsg26_204" time="31.632"/>
  <system-out/>
  <testcase classname="com.CA.qa.TestCases.ValidateOutboundCampaignPageTest" name="ValidateMapFileErrorMsg26_205" time="21.469"/>
  <system-out/>
  <testcase classname="com.CA.qa.TestCases.ValidateOutboundCampaignPageTest" name="ValidateMapFileSampleTooltipMsg26_206" time="11.410"/>
  <system-out/>
  <testcase classname="com.CA.qa.TestCases.ValidateOutboundCampaignPageTest" name="ValidateMapFileXlsOnlyTooltipMsg26_207" time="11.384"/>
  <system-out/>
  <testcase classname="com.CA.qa.TestCases.ValidateOutboundCampaignPageTest" name="ValidateFileUploadSampleTooltipMsg26_208" time="0.037"/>
  <system-out/>
  <testcase classname="com.CA.qa.TestCases.ValidateOutboundCampaignPageTest" name="ValidateFileUploadXlsOnlyTooltipMsg26_209" time="0.027"/>
  <system-out/>
  <testcase classname="com.CA.qa.TestCases.ValidateOutboundCampaignPageTest" name="ValidateMappingTooltipMsg26_210" time="0.032"/>
  <system-out/>
  <testcase classname="com.CA.qa.TestCases.ValidateOutboundCampaignPageTest" name="ValidateConsolidatedErrMsg" time="10.237"/>
  <system-out/>
</testsuite> <!-- com.CA.qa.TestCases.ValidateOutboundCampaignPageTest -->
