<?xml version="1.0" encoding="UTF-8"?>
<!-- Generated by org.testng.reporters.JUnitReportReporter -->
<testsuite hostname="ozonetel-santosh" failures="0" tests="12" name="com.CA.qa.TestCases.AgentToolBarLoginPageTest" time="60.414" errors="0" timestamp="2021-02-18T22:21:57 IST" skipped="0">
  <testcase classname="com.CA.qa.TestCases.AgentToolBarLoginPageTest" name="VerifyATBLoginPage_TitleTest" time="3.496"/>
  <system-out/>
  <testcase classname="com.CA.qa.TestCases.AgentToolBarLoginPageTest" name="verifyATBLoginpage_logoTest" time="3.597"/>
  <system-out/>
  <testcase classname="com.CA.qa.TestCases.AgentToolBarLoginPageTest" name="verifyATBLoginpage_EmptycustomerErrMsg" time="3.393"/>
  <system-out/>
  <testcase classname="com.CA.qa.TestCases.AgentToolBarLoginPageTest" name="verifyATBLoginpage_EmptyAgentIdErrMsg" time="5.596"/>
  <system-out/>
  <testcase classname="com.CA.qa.TestCases.AgentToolBarLoginPageTest" name="verifyATBLoginpage_EmptyPhoneNoErrMsg" time="3.770"/>
  <system-out/>
  <testcase classname="com.CA.qa.TestCases.AgentToolBarLoginPageTest" name="verifyATBLoginpage_EmptyPinErrMsg" time="3.652"/>
  <system-out/>
  <testcase classname="com.CA.qa.TestCases.AgentToolBarLoginPageTest" name="verifyATBLoginpage_invalidAgentErrMsg" time="5.272"/>
  <system-out/>
  <testcase classname="com.CA.qa.TestCases.AgentToolBarLoginPageTest" name="verifyATBLoginpage_invalidUserErrMsg" time="4.805"/>
  <system-out/>
  <testcase classname="com.CA.qa.TestCases.AgentToolBarLoginPageTest" name="verifyATBLoginpage_PhoneNumberDoesnotexistErrMsg" time="6.522"/>
  <system-out/>
  <testcase classname="com.CA.qa.TestCases.AgentToolBarLoginPageTest" name="verifyATBLoginpage_PhoneNumberInvalidErrMsg" time="4.924"/>
  <system-out/>
  <testcase classname="com.CA.qa.TestCases.AgentToolBarLoginPageTest" name="verifyATBLoginpage_wrong_password_errMsg" time="5.113"/>
  <system-out/>
  <testcase classname="com.CA.qa.TestCases.AgentToolBarLoginPageTest" name="ATBloginTest" time="10.274"/>
  <system-out/>
</testsuite> <!-- com.CA.qa.TestCases.AgentToolBarLoginPageTest -->
