<?xml version="1.0" encoding="UTF-8"?>
<!-- Generated by org.testng.reporters.JUnitReportReporter -->
<testsuite hostname="DESKTOP-Q9LCM9F" failures="0" tests="12" name="com.CA.qa.TestCases.AgentToolBarLoginPageTest" time="96.960" errors="0" timestamp="2020-12-03T18:41:10 IST" skipped="0">
  <testcase classname="com.CA.qa.TestCases.AgentToolBarLoginPageTest" name="VerifyATBLoginPage_TitleTest" time="6.807"/>
  <system-out/>
  <testcase classname="com.CA.qa.TestCases.AgentToolBarLoginPageTest" name="verifyATBLoginpage_logoTest" time="7.027"/>
  <system-out/>
  <testcase classname="com.CA.qa.TestCases.AgentToolBarLoginPageTest" name="verifyATBLoginpage_EmptycustomerErrMsg" time="6.879"/>
  <system-out/>
  <testcase classname="com.CA.qa.TestCases.AgentToolBarLoginPageTest" name="verifyATBLoginpage_EmptyAgentIdErrMsg" time="7.027"/>
  <system-out/>
  <testcase classname="com.CA.qa.TestCases.AgentToolBarLoginPageTest" name="verifyATBLoginpage_EmptyPhoneNoErrMsg" time="7.119"/>
  <system-out/>
  <testcase classname="com.CA.qa.TestCases.AgentToolBarLoginPageTest" name="verifyATBLoginpage_EmptyPinErrMsg" time="7.307"/>
  <system-out/>
  <testcase classname="com.CA.qa.TestCases.AgentToolBarLoginPageTest" name="verifyATBLoginpage_invalidAgentErrMsg" time="8.354"/>
  <system-out/>
  <testcase classname="com.CA.qa.TestCases.AgentToolBarLoginPageTest" name="verifyATBLoginpage_invalidUserErrMsg" time="8.552"/>
  <system-out/>
  <testcase classname="com.CA.qa.TestCases.AgentToolBarLoginPageTest" name="verifyATBLoginpage_PhoneNumberDoesnotexistErrMsg" time="8.785"/>
  <system-out/>
  <testcase classname="com.CA.qa.TestCases.AgentToolBarLoginPageTest" name="verifyATBLoginpage_PhoneNumberInvalidErrMsg" time="8.358"/>
  <system-out/>
  <testcase classname="com.CA.qa.TestCases.AgentToolBarLoginPageTest" name="verifyATBLoginpage_wrong_password_errMsg" time="8.799"/>
  <system-out/>
  <testcase classname="com.CA.qa.TestCases.AgentToolBarLoginPageTest" name="ATBloginTest" time="11.946"/>
  <system-out/>
</testsuite> <!-- com.CA.qa.TestCases.AgentToolBarLoginPageTest -->
