<?xml version="1.0" encoding="UTF-8"?>
<!-- Generated by org.testng.reporters.JUnitReportReporter -->
<testsuite hostname="ozonetel-santosh" failures="0" tests="1" name="com.CA.qa.TestCases.AgentToolBarHomePageTest" time="19.793" errors="0" timestamp="2021-02-19T17:26:24 IST" skipped="0">
  <testcase classname="com.CA.qa.TestCases.AgentToolBarHomePageTest" name="verifyATBHomePage_TitleTest" time="19.793"/>
  <system-out/>
</testsuite> <!-- com.CA.qa.TestCases.AgentToolBarHomePageTest -->
