<?xml version="1.0" encoding="UTF-8"?>
<!-- Generated by org.testng.reporters.JUnitReportReporter -->
<testsuite hostname="ozonetel-santosh" failures="0" tests="6" name="com.CA.qa.TestCases.AdminLoginPageTest" time="44.811" errors="0" timestamp="2021-01-25T14:47:13 IST" skipped="0">
  <testcase classname="com.CA.qa.TestCases.AdminLoginPageTest" name="verifyAdminLoginPage_TitleTest" time="7.440"/>
  <system-out/>
  <testcase classname="com.CA.qa.TestCases.AdminLoginPageTest" name="verifyAdminLoginpage_logoTest" time="6.662"/>
  <system-out/>
  <testcase classname="com.CA.qa.TestCases.AdminLoginPageTest" name="verifyAdminEmptyUserNameErrorMessageTest" time="6.758"/>
  <system-out/>
  <testcase classname="com.CA.qa.TestCases.AdminLoginPageTest" name="verifyAdminEmptyPasswordErrorMessageTest" time="6.986"/>
  <system-out/>
  <testcase classname="com.CA.qa.TestCases.AdminLoginPageTest" name="verifyAdminInvalidUserErrorMessageTest" time="7.308"/>
  <system-out/>
  <testcase classname="com.CA.qa.TestCases.AdminLoginPageTest" name="verifyAdminloginTest" time="9.657"/>
  <system-out/>
</testsuite> <!-- com.CA.qa.TestCases.AdminLoginPageTest -->
