<?xml version="1.0" encoding="UTF-8"?>
<!-- Generated by org.testng.reporters.JUnitReportReporter -->
<testsuite hostname="ozonetel-santosh" failures="0" tests="2" name="com.CA.qa.TestCases.AddCampaignPageTest" time="85.724" errors="0" timestamp="2021-01-07T23:43:20 IST" skipped="0">
  <testcase classname="com.CA.qa.TestCases.AddCampaignPageTest" name="AddCampaign" time="42.108"/>
  <system-out/>
  <testcase classname="com.CA.qa.TestCases.AddCampaignPageTest" name="AddCampaign" time="43.616"/>
  <system-out/>
</testsuite> <!-- com.CA.qa.TestCases.AddCampaignPageTest -->
