<?xml version="1.0" encoding="UTF-8"?>
<!-- Generated by org.testng.reporters.JUnitReportReporter -->
<testsuite hostname="ozonetel-santosh" failures="0" tests="35" name="com.CA.qa.TestCases.ValidateUserPageTest" time="12.570" errors="0" timestamp="2021-06-09T15:36:26 IST" skipped="0">
  <testcase classname="com.CA.qa.TestCases.ValidateUserPageTest" name="ValidateUserNameEmptyErrorMsg27_1" time="0.303"/>
  <system-out/>
  <testcase classname="com.CA.qa.TestCases.ValidateUserPageTest" name="ValidateUserNameErrorMsg27_11" time="0.420"/>
  <system-out/>
  <testcase classname="com.CA.qa.TestCases.ValidateUserPageTest" name="ValidateUserNameErrorMsg27_12" time="0.366"/>
  <system-out/>
  <testcase classname="com.CA.qa.TestCases.ValidateUserPageTest" name="ValidateUserNameErrorMsg27_13" time="0.388"/>
  <system-out/>
  <testcase classname="com.CA.qa.TestCases.ValidateUserPageTest" name="ValidateUserNameErrorMsg27_14" time="0.398"/>
  <system-out/>
  <testcase classname="com.CA.qa.TestCases.ValidateUserPageTest" name="ValidatePasswordEmptyErrorMsg27_2" time="0.276"/>
  <system-out/>
  <testcase classname="com.CA.qa.TestCases.ValidateUserPageTest" name="ValidatePasswordRangeErrorMsg27_21" time="0.441"/>
  <system-out/>
  <testcase classname="com.CA.qa.TestCases.ValidateUserPageTest" name="ValidateConfirmPasswordRangeErrorMsg27_3" time="0.292"/>
  <system-out/>
  <testcase classname="com.CA.qa.TestCases.ValidateUserPageTest" name="ValidateConfirmPasswordRangeErrorMsg27_31" time="0.570"/>
  <system-out/>
  <testcase classname="com.CA.qa.TestCases.ValidateUserPageTest" name="ValidatePasswordHintMtErrorMsg27_4" time="0.271"/>
  <system-out/>
  <testcase classname="com.CA.qa.TestCases.ValidateUserPageTest" name="ValidatePasswordHintErrorMsg27_41" time="0.411"/>
  <system-out/>
  <testcase classname="com.CA.qa.TestCases.ValidateUserPageTest" name="ValidateFirstNameMtErrorMsg27_5" time="0.283"/>
  <system-out/>
  <testcase classname="com.CA.qa.TestCases.ValidateUserPageTest" name="ValidateFirstNameRangeErrorMsg27_51" time="0.425"/>
  <system-out/>
  <testcase classname="com.CA.qa.TestCases.ValidateUserPageTest" name="ValidateFirstNameRangeErrorMsg27_52" time="0.340"/>
  <system-out/>
  <testcase classname="com.CA.qa.TestCases.ValidateUserPageTest" name="ValidateFirstNameRangeErrorMsg27_53" time="0.395"/>
  <system-out/>
  <testcase classname="com.CA.qa.TestCases.ValidateUserPageTest" name="ValidateFirstNameRangeErrorMsg27_54" time="0.342"/>
  <system-out/>
  <testcase classname="com.CA.qa.TestCases.ValidateUserPageTest" name="ValidateLastNameRangeMtMsg27_6" time="0.267"/>
  <system-out/>
  <testcase classname="com.CA.qa.TestCases.ValidateUserPageTest" name="ValidateLastNameRangeErrorMsg27_61" time="0.456"/>
  <system-out/>
  <testcase classname="com.CA.qa.TestCases.ValidateUserPageTest" name="ValidateLastNameRangeErrorMsg27_62" time="0.392"/>
  <system-out/>
  <testcase classname="com.CA.qa.TestCases.ValidateUserPageTest" name="ValidateLastNameRangeErrorMsg27_63" time="0.349"/>
  <system-out/>
  <testcase classname="com.CA.qa.TestCases.ValidateUserPageTest" name="ValidateLastNameRangeErrorMsg27_64" time="0.373"/>
  <system-out/>
  <testcase classname="com.CA.qa.TestCases.ValidateUserPageTest" name="ValidateEmailMtErrorMsg27_7" time="0.272"/>
  <system-out/>
  <testcase classname="com.CA.qa.TestCases.ValidateUserPageTest" name="ValidateEmailRangeErrorMsg27_71" time="0.468"/>
  <system-out/>
  <testcase classname="com.CA.qa.TestCases.ValidateUserPageTest" name="ValidateExtnMtErrorMsg27_8" time="0.270"/>
  <system-out/>
  <testcase classname="com.CA.qa.TestCases.ValidateUserPageTest" name="ValidateExtnRangeErrorMsg27_81" time="0.365"/>
  <system-out/>
  <testcase classname="com.CA.qa.TestCases.ValidateUserPageTest" name="ValidatePhNoMtErrorMsg27_9" time="0.264"/>
  <system-out/>
  <testcase classname="com.CA.qa.TestCases.ValidateUserPageTest" name="ValidatePhNoRangeErrorMsg27_91" time="0.411"/>
  <system-out/>
  <testcase classname="com.CA.qa.TestCases.ValidateUserPageTest" name="ValidatePhNoRangeErrorMsg27_92" time="0.363"/>
  <system-out/>
  <testcase classname="com.CA.qa.TestCases.ValidateUserPageTest" name="ValidatePhNoRangeErrorMsg27_93" time="0.402"/>
  <system-out/>
  <testcase classname="com.CA.qa.TestCases.ValidateUserPageTest" name="ValidateCityMtErrorMsg27_10" time="0.255"/>
  <system-out/>
  <testcase classname="com.CA.qa.TestCases.ValidateUserPageTest" name="ValidateStateMtErrorMsg27_10_1" time="0.296"/>
  <system-out/>
  <testcase classname="com.CA.qa.TestCases.ValidateUserPageTest" name="ValidateZipMtErrorMsg27_10_2" time="0.279"/>
  <system-out/>
  <testcase classname="com.CA.qa.TestCases.ValidateUserPageTest" name="ValidateCountryMtErrorMsg27_10_3" time="0.279"/>
  <system-out/>
  <testcase classname="com.CA.qa.TestCases.ValidateUserPageTest" name="ValidateAllowedIPErrorMsg27_10_4" time="0.452"/>
  <system-out/>
  <testcase classname="com.CA.qa.TestCases.ValidateUserPageTest" name="ValidateAdminModulesErrorMsg27_10_5" time="0.436"/>
  <system-out/>
</testsuite> <!-- com.CA.qa.TestCases.ValidateUserPageTest -->
