<?xml version="1.0" encoding="UTF-8"?>
<!-- Generated by org.testng.reporters.JUnitReportReporter -->
<testsuite hostname="ozonetel-santosh" failures="0" tests="59" name="com.CA.qa.TestCases.ConfigurationPageTest" time="884.440" errors="0" timestamp="2020-12-14T19:39:22 IST" skipped="0">
  <testcase classname="com.CA.qa.TestCases.ConfigurationPageTest" name="AddPhoneNos" time="15.612"/>
  <system-out/>
  <testcase classname="com.CA.qa.TestCases.ConfigurationPageTest" name="AddPhoneNos" time="14.168"/>
  <system-out/>
  <testcase classname="com.CA.qa.TestCases.ConfigurationPageTest" name="AddPhoneNos" time="15.276"/>
  <system-out/>
  <testcase classname="com.CA.qa.TestCases.ConfigurationPageTest" name="AddPhoneNos" time="16.055"/>
  <system-out/>
  <testcase classname="com.CA.qa.TestCases.ConfigurationPageTest" name="AddPhoneNos" time="14.824"/>
  <system-out/>
  <testcase classname="com.CA.qa.TestCases.ConfigurationPageTest" name="AddPhoneNos" time="14.416"/>
  <system-out/>
  <testcase classname="com.CA.qa.TestCases.ConfigurationPageTest" name="AddPhoneNos" time="14.435"/>
  <system-out/>
  <testcase classname="com.CA.qa.TestCases.ConfigurationPageTest" name="AddPhoneNos" time="15.599"/>
  <system-out/>
  <testcase classname="com.CA.qa.TestCases.ConfigurationPageTest" name="AddPhoneNos" time="14.885"/>
  <system-out/>
  <testcase classname="com.CA.qa.TestCases.ConfigurationPageTest" name="AddPhoneNos" time="14.341"/>
  <system-out/>
  <testcase classname="com.CA.qa.TestCases.ConfigurationPageTest" name="AddPhoneNos" time="15.535"/>
  <system-out/>
  <testcase classname="com.CA.qa.TestCases.ConfigurationPageTest" name="AddPhoneNos" time="14.594"/>
  <system-out/>
  <testcase classname="com.CA.qa.TestCases.ConfigurationPageTest" name="AddPhoneNos" time="15.227"/>
  <system-out/>
  <testcase classname="com.CA.qa.TestCases.ConfigurationPageTest" name="AddPhoneNos" time="15.275"/>
  <system-out/>
  <testcase classname="com.CA.qa.TestCases.ConfigurationPageTest" name="AddPhoneNos" time="14.366"/>
  <system-out/>
  <testcase classname="com.CA.qa.TestCases.ConfigurationPageTest" name="AddPhoneNos" time="14.670"/>
  <system-out/>
  <testcase classname="com.CA.qa.TestCases.ConfigurationPageTest" name="AddPhoneNos" time="14.793"/>
  <system-out/>
  <testcase classname="com.CA.qa.TestCases.ConfigurationPageTest" name="AddPhoneNos" time="14.279"/>
  <system-out/>
  <testcase classname="com.CA.qa.TestCases.ConfigurationPageTest" name="AddPhoneNos" time="15.184"/>
  <system-out/>
  <testcase classname="com.CA.qa.TestCases.ConfigurationPageTest" name="AddPhoneNos" time="15.175"/>
  <system-out/>
  <testcase classname="com.CA.qa.TestCases.ConfigurationPageTest" name="AddPhoneNos" time="14.986"/>
  <system-out/>
  <testcase classname="com.CA.qa.TestCases.ConfigurationPageTest" name="AddPhoneNos" time="15.127"/>
  <system-out/>
  <testcase classname="com.CA.qa.TestCases.ConfigurationPageTest" name="AddPhoneNos" time="14.460"/>
  <system-out/>
  <testcase classname="com.CA.qa.TestCases.ConfigurationPageTest" name="AddPhoneNos" time="14.165"/>
  <system-out/>
  <testcase classname="com.CA.qa.TestCases.ConfigurationPageTest" name="AddPhoneNos" time="14.748"/>
  <system-out/>
  <testcase classname="com.CA.qa.TestCases.ConfigurationPageTest" name="AddPhoneNos" time="14.810"/>
  <system-out/>
  <testcase classname="com.CA.qa.TestCases.ConfigurationPageTest" name="AddPhoneNos" time="14.644"/>
  <system-out/>
  <testcase classname="com.CA.qa.TestCases.ConfigurationPageTest" name="AddPhoneNos" time="15.058"/>
  <system-out/>
  <testcase classname="com.CA.qa.TestCases.ConfigurationPageTest" name="AddPhoneNos" time="14.379"/>
  <system-out/>
  <testcase classname="com.CA.qa.TestCases.ConfigurationPageTest" name="AddPhoneNos" time="14.864"/>
  <system-out/>
  <testcase classname="com.CA.qa.TestCases.ConfigurationPageTest" name="AddPhoneNos" time="14.953"/>
  <system-out/>
  <testcase classname="com.CA.qa.TestCases.ConfigurationPageTest" name="AddPhoneNos" time="18.324"/>
  <system-out/>
  <testcase classname="com.CA.qa.TestCases.ConfigurationPageTest" name="AddPhoneNos" time="15.423"/>
  <system-out/>
  <testcase classname="com.CA.qa.TestCases.ConfigurationPageTest" name="AddPhoneNos" time="14.885"/>
  <system-out/>
  <testcase classname="com.CA.qa.TestCases.ConfigurationPageTest" name="AddPhoneNos" time="15.196"/>
  <system-out/>
  <testcase classname="com.CA.qa.TestCases.ConfigurationPageTest" name="AddPhoneNos" time="15.792"/>
  <system-out/>
  <testcase classname="com.CA.qa.TestCases.ConfigurationPageTest" name="AddPhoneNos" time="14.807"/>
  <system-out/>
  <testcase classname="com.CA.qa.TestCases.ConfigurationPageTest" name="AddPhoneNos" time="14.606"/>
  <system-out/>
  <testcase classname="com.CA.qa.TestCases.ConfigurationPageTest" name="AddPhoneNos" time="15.080"/>
  <system-out/>
  <testcase classname="com.CA.qa.TestCases.ConfigurationPageTest" name="AddPhoneNos" time="14.445"/>
  <system-out/>
  <testcase classname="com.CA.qa.TestCases.ConfigurationPageTest" name="AddPhoneNos" time="14.714"/>
  <system-out/>
  <testcase classname="com.CA.qa.TestCases.ConfigurationPageTest" name="AddPhoneNos" time="14.427"/>
  <system-out/>
  <testcase classname="com.CA.qa.TestCases.ConfigurationPageTest" name="AddPhoneNos" time="14.251"/>
  <system-out/>
  <testcase classname="com.CA.qa.TestCases.ConfigurationPageTest" name="AddPhoneNos" time="14.641"/>
  <system-out/>
  <testcase classname="com.CA.qa.TestCases.ConfigurationPageTest" name="AddPhoneNos" time="14.960"/>
  <system-out/>
  <testcase classname="com.CA.qa.TestCases.ConfigurationPageTest" name="AddPhoneNos" time="14.301"/>
  <system-out/>
  <testcase classname="com.CA.qa.TestCases.ConfigurationPageTest" name="AddPhoneNos" time="14.539"/>
  <system-out/>
  <testcase classname="com.CA.qa.TestCases.ConfigurationPageTest" name="AddPhoneNos" time="15.700"/>
  <system-out/>
  <testcase classname="com.CA.qa.TestCases.ConfigurationPageTest" name="AddPhoneNos" time="14.407"/>
  <system-out/>
  <testcase classname="com.CA.qa.TestCases.ConfigurationPageTest" name="AddPhoneNos" time="17.826"/>
  <system-out/>
  <testcase classname="com.CA.qa.TestCases.ConfigurationPageTest" name="AddPhoneNos" time="14.346"/>
  <system-out/>
  <testcase classname="com.CA.qa.TestCases.ConfigurationPageTest" name="AddPhoneNos" time="14.576"/>
  <system-out/>
  <testcase classname="com.CA.qa.TestCases.ConfigurationPageTest" name="AddPhoneNos" time="14.530"/>
  <system-out/>
  <testcase classname="com.CA.qa.TestCases.ConfigurationPageTest" name="AddPhoneNos" time="14.815"/>
  <system-out/>
  <testcase classname="com.CA.qa.TestCases.ConfigurationPageTest" name="AddPhoneNos" time="17.155"/>
  <system-out/>
  <testcase classname="com.CA.qa.TestCases.ConfigurationPageTest" name="AddPhoneNos" time="14.690"/>
  <system-out/>
  <testcase classname="com.CA.qa.TestCases.ConfigurationPageTest" name="AddPhoneNos" time="15.234"/>
  <system-out/>
  <testcase classname="com.CA.qa.TestCases.ConfigurationPageTest" name="AddPhoneNos" time="15.443"/>
  <system-out/>
  <testcase classname="com.CA.qa.TestCases.ConfigurationPageTest" name="AddPhoneNos" time="14.424"/>
  <system-out/>
</testsuite> <!-- com.CA.qa.TestCases.ConfigurationPageTest -->
