<?xml version="1.0" encoding="UTF-8"?>
<!-- Generated by org.testng.reporters.JUnitReportReporter -->
<testsuite hostname="ozonetel-santosh" failures="0" tests="37" name="com.CA.qa.TestCases.ValidateConfigurationsPage" time="67.153" errors="0" timestamp="2020-12-29T20:02:58 IST" skipped="0">
  <testcase classname="com.CA.qa.TestCases.ValidateConfigurationsPage" name="ValidateAgentIdErrorMsg" time="3.247"/>
  <system-out/>
  <testcase classname="com.CA.qa.TestCases.ValidateConfigurationsPage" name="ValidateAgentIdRAngeErrorMsg" time="3.515"/>
  <system-out/>
  <testcase classname="com.CA.qa.TestCases.ValidateConfigurationsPage" name="ValidateAgentIdSplRAngeErrorMsg" time="3.242"/>
  <system-out/>
  <testcase classname="com.CA.qa.TestCases.ValidateConfigurationsPage" name="ValidateAgentPasswordEmptyErrorMsg" time="3.030"/>
  <system-out/>
  <testcase classname="com.CA.qa.TestCases.ValidateConfigurationsPage" name="ValidateAgentPasswordRAngeErrorMsg" time="3.062"/>
  <system-out/>
  <testcase classname="com.CA.qa.TestCases.ValidateConfigurationsPage" name="ValidateAgentNameEmptyErrorMsg" time="3.652"/>
  <system-out/>
  <testcase classname="com.CA.qa.TestCases.ValidateConfigurationsPage" name="ValidateAgentNameRangeErrorMsg" time="3.410"/>
  <system-out/>
  <testcase classname="com.CA.qa.TestCases.ValidateConfigurationsPage" name="ValidateAgentNameSplRangeErrorMsg" time="3.335"/>
  <system-out/>
  <testcase classname="com.CA.qa.TestCases.ValidateConfigurationsPage" name="ValidateAgentEmailErrorMsg" time="3.324"/>
  <system-out/>
  <testcase classname="com.CA.qa.TestCases.ValidateConfigurationsPage" name="ValidateAgentDataErrorMsg" time="3.143"/>
  <system-out/>
  <testcase classname="com.CA.qa.TestCases.ValidateConfigurationsPage" name="ValidateAgentDataSplRangeErrorMsg" time="3.023"/>
  <system-out/>
  <testcase classname="com.CA.qa.TestCases.ValidateConfigurationsPage" name="ValidateAgentModeNotEnabledErrorMsg" time="2.809"/>
  <system-out/>
  <testcase classname="com.CA.qa.TestCases.ValidateConfigurationsPage" name="ValidatePhoneNameEmptyErrorMsg" time="0.964"/>
  <system-out/>
  <testcase classname="com.CA.qa.TestCases.ValidateConfigurationsPage" name="ValidatePhoneNameRangeErrorMsg" time="1.241"/>
  <system-out/>
  <testcase classname="com.CA.qa.TestCases.ValidateConfigurationsPage" name="ValidatePhoneNameSplRangeErrorMsg" time="1.117"/>
  <system-out/>
  <testcase classname="com.CA.qa.TestCases.ValidateConfigurationsPage" name="ValidatePhoneNumberEmptyErrorMsg" time="1.146"/>
  <system-out/>
  <testcase classname="com.CA.qa.TestCases.ValidateConfigurationsPage" name="ValidatePhoneNumberRangeErrorMsg" time="1.206"/>
  <system-out/>
  <testcase classname="com.CA.qa.TestCases.ValidateConfigurationsPage" name="ValidatePhoneNumberSplRangeErrorMsg" time="1.084"/>
  <system-out/>
  <testcase classname="com.CA.qa.TestCases.ValidateConfigurationsPage" name="ValidatePriorityEmptyErrorMsg" time="1.016"/>
  <system-out/>
  <testcase classname="com.CA.qa.TestCases.ValidateConfigurationsPage" name="ValidatePriorityRangeErrorMsg" time="1.050"/>
  <system-out/>
  <testcase classname="com.CA.qa.TestCases.ValidateConfigurationsPage" name="ValidatePriorityMaxRangeErrorMsg" time="1.003"/>
  <system-out/>
  <testcase classname="com.CA.qa.TestCases.ValidateConfigurationsPage" name="ValidateTransferNameEmptyErrorMsg" time="0.835"/>
  <system-out/>
  <testcase classname="com.CA.qa.TestCases.ValidateConfigurationsPage" name="ValidateTransferNameRangeErrorMsg" time="1.233"/>
  <system-out/>
  <testcase classname="com.CA.qa.TestCases.ValidateConfigurationsPage" name="ValidateTransferNameSplRangeErrorMsg" time="0.998"/>
  <system-out/>
  <testcase classname="com.CA.qa.TestCases.ValidateConfigurationsPage" name="ValidateTransferNumberEmptyErrorMsg" time="0.856"/>
  <system-out/>
  <testcase classname="com.CA.qa.TestCases.ValidateConfigurationsPage" name="ValidateTransferNumberRangeErrorMsg" time="1.062"/>
  <system-out/>
  <testcase classname="com.CA.qa.TestCases.ValidateConfigurationsPage" name="ValidateTransferNumberSplRangeErrorMsg" time="0.997"/>
  <system-out/>
  <testcase classname="com.CA.qa.TestCases.ValidateConfigurationsPage" name="ValidatedispositionEmptyErrorMsg" time="0.921"/>
  <system-out/>
  <testcase classname="com.CA.qa.TestCases.ValidateConfigurationsPage" name="ValidatedispositionRangeErrorMsg" time="1.105"/>
  <system-out/>
  <testcase classname="com.CA.qa.TestCases.ValidateConfigurationsPage" name="ValidatedispositionSplRangeErrorMsg" time="1.072"/>
  <system-out/>
  <testcase classname="com.CA.qa.TestCases.ValidateConfigurationsPage" name="ValidateAgentGroupNameEmptyErrorMsg" time="1.360"/>
  <system-out/>
  <testcase classname="com.CA.qa.TestCases.ValidateConfigurationsPage" name="ValidateAgentGroupNameRangeErrorMsg" time="1.397"/>
  <system-out/>
  <testcase classname="com.CA.qa.TestCases.ValidateConfigurationsPage" name="ValidateAgentGroupNameSplRangeErrorMsg" time="1.418"/>
  <system-out/>
  <testcase classname="com.CA.qa.TestCases.ValidateConfigurationsPage" name="ValidateAgentGroupDesriptionEmptyErrorMsg" time="1.359"/>
  <system-out/>
  <testcase classname="com.CA.qa.TestCases.ValidateConfigurationsPage" name="ValidateAgentGroupDesriptionRangeErrorMsg" time="1.338"/>
  <system-out/>
  <testcase classname="com.CA.qa.TestCases.ValidateConfigurationsPage" name="ValidateAgentGroupAssignedAgentsEmptyErrorMsg" time="1.344"/>
  <system-out/>
  <testcase classname="com.CA.qa.TestCases.ValidateConfigurationsPage" name="ValidateAgentGroupAssignedUsersEmptyErrorMsg" time="1.239"/>
  <system-out/>
</testsuite> <!-- com.CA.qa.TestCases.ValidateConfigurationsPage -->
