<?xml version="1.0" encoding="UTF-8"?>
<!-- Generated by org.testng.reporters.JUnitReportReporter -->
<testsuite hostname="ozonetel-santosh" failures="0" tests="10" name="com.CA.qa.TestCases.AddCampaignPageTest" time="232.851" errors="0" timestamp="2021-01-18T12:38:27 IST" skipped="0">
  <testcase classname="com.CA.qa.TestCases.AddCampaignPageTest" name="AddCampaign" time="22.727"/>
  <system-out/>
  <testcase classname="com.CA.qa.TestCases.AddCampaignPageTest" name="AddCampaign" time="10.400"/>
  <system-out/>
  <testcase classname="com.CA.qa.TestCases.AddCampaignPageTest" name="AddCampaign" time="10.818"/>
  <system-out/>
  <testcase classname="com.CA.qa.TestCases.AddCampaignPageTest" name="AddCampaign" time="21.068"/>
  <system-out/>
  <testcase classname="com.CA.qa.TestCases.AddCampaignPageTest" name="AddCampaign" time="43.365"/>
  <system-out/>
  <testcase classname="com.CA.qa.TestCases.AddCampaignPageTest" name="AddCampaign" time="19.296"/>
  <system-out/>
  <testcase classname="com.CA.qa.TestCases.AddCampaignPageTest" name="AddCampaign" time="68.953"/>
  <system-out/>
  <testcase classname="com.CA.qa.TestCases.AddCampaignPageTest" name="AddCampaign" time="10.288"/>
  <system-out/>
  <testcase classname="com.CA.qa.TestCases.AddCampaignPageTest" name="AddCampaign" time="11.613"/>
  <system-out/>
  <testcase classname="com.CA.qa.TestCases.AddCampaignPageTest" name="AddCampaign" time="14.323"/>
  <system-out/>
</testsuite> <!-- com.CA.qa.TestCases.AddCampaignPageTest -->
