<?xml version="1.0" encoding="UTF-8"?>
<!-- Generated by org.testng.reporters.JUnitReportReporter -->
<testsuite skipped="0" hostname="ozonetel-Vostro-270s" name="com.CA.qa.TestCases.createAgents" tests="2" failures="0" timestamp="27 Sep 2019 05:03:56 GMT" time="958.699" errors="0">
  <testcase name="AddAgents" time="390.165" classname="com.CA.qa.TestCases.createAgents"/>
  <testcase name="AddPhoneNos" time="568.534" classname="com.CA.qa.TestCases.createAgents"/>
</testsuite> <!-- com.CA.qa.TestCases.createAgents -->
