<?xml version="1.0" encoding="UTF-8"?>
<!-- Generated by org.testng.reporters.JUnitReportReporter -->
<testsuite hostname="ozonetel-santosh" failures="0" tests="1" name="com.CA.qa.TestCases.ConfigurationPageTest" time="29.393" errors="0" timestamp="2021-02-11T19:17:55 IST" skipped="0">
  <testcase classname="com.CA.qa.TestCases.ConfigurationPageTest" name="ShowFunctionalityOfDispositions" time="29.393"/>
  <system-out/>
</testsuite> <!-- com.CA.qa.TestCases.ConfigurationPageTest -->
