<?xml version="1.0" encoding="UTF-8"?>
<!-- Generated by org.testng.reporters.JUnitReportReporter -->
<testsuite hostname="ozonetel-santosh" failures="1" tests="44" name="com.CA.qa.TestCases.ValidateCampaignPageTest" time="157.125" errors="0" timestamp="2021-01-25T14:47:13 IST" skipped="0">
  <testcase classname="com.CA.qa.TestCases.ValidateCampaignPageTest" name="ValidateCampaignNameErrorMsg" time="0.146"/>
  <system-out/>
  <testcase classname="com.CA.qa.TestCases.ValidateCampaignPageTest" name="ValidateCampaignNameRangeErrorMsg" time="0.174"/>
  <system-out/>
  <testcase classname="com.CA.qa.TestCases.ValidateCampaignPageTest" name="ValidateCampaignNameSplRangeErrorMsg" time="0.169"/>
  <system-out/>
  <testcase classname="com.CA.qa.TestCases.ValidateCampaignPageTest" name="ValidateCampaignTypeErrorMsg" time="0.092"/>
  <system-out/>
  <testcase classname="com.CA.qa.TestCases.ValidateCampaignPageTest" name="ValidateDidErrorMsg" time="0.107"/>
  <system-out/>
  <testcase classname="com.CA.qa.TestCases.ValidateCampaignPageTest" name="ValidateDidRangeErrorMsg" time="0.160"/>
  <system-out/>
  <testcase classname="com.CA.qa.TestCases.ValidateCampaignPageTest" name="ValidateDidRangeMaxErrorMsg" time="0.174"/>
  <system-out/>
  <testcase classname="com.CA.qa.TestCases.ValidateCampaignPageTest" name="ValidateStartTimeErrorMsg" time="0.097"/>
  <system-out/>
  <testcase classname="com.CA.qa.TestCases.ValidateCampaignPageTest" name="ValidateEndTimeErrorMsg" time="0.098"/>
  <system-out/>
  <testcase classname="com.CA.qa.TestCases.ValidateCampaignPageTest" name="ValidateGreaterEndTimeErrorMsg" time="0.323"/>
  <system-out/>
  <testcase classname="com.CA.qa.TestCases.ValidateCampaignPageTest" name="ValidatePriorityErrorMsg" time="0.105"/>
  <system-out/>
  <testcase classname="com.CA.qa.TestCases.ValidateCampaignPageTest" name="ValidatePriorityRangeErrorMsg" time="0.193"/>
  <system-out/>
  <testcase classname="com.CA.qa.TestCases.ValidateCampaignPageTest" name="ValidatePluginNameErrorMsg" time="0.235"/>
  <system-out/>
  <testcase classname="com.CA.qa.TestCases.ValidateCampaignPageTest" name="ValidateTriesErrorMsg" time="0.092"/>
  <system-out/>
  <testcase classname="com.CA.qa.TestCases.ValidateCampaignPageTest" name="ValidateTriesRangeErrorMsg" time="0.202"/>
  <system-out/>
  <testcase classname="com.CA.qa.TestCases.ValidateCampaignPageTest" name="ValidateTriesRangemaxErrorMsg" time="0.177"/>
  <system-out/>
  <testcase classname="com.CA.qa.TestCases.ValidateCampaignPageTest" name="ValidateWrapupErrorMsg" time="0.088"/>
  <system-out/>
  <testcase classname="com.CA.qa.TestCases.ValidateCampaignPageTest" name="ValidateDispositionErrorMsg" time="0.080"/>
  <system-out/>
  <testcase classname="com.CA.qa.TestCases.ValidateCampaignPageTest" name="ValidateSkillErrorMsg" time="0.083"/>
  <system-out/>
  <testcase classname="com.CA.qa.TestCases.ValidateCampaignPageTest" name="ValidateMapErrorMsg" time="0.097"/>
  <system-out/>
  <testcase classname="com.CA.qa.TestCases.ValidateCampaignPageTest" name="ValidateUploadErrorMsg" time="0.085"/>
  <system-out/>
  <testcase classname="com.CA.qa.TestCases.ValidateCampaignPageTest" name="ValidateDialIntervalErrorMsg" time="0.219"/>
  <system-out/>
  <testcase classname="com.CA.qa.TestCases.ValidateCampaignPageTest" name="ValidateAppUrlEmptyErrorMsg" time="0.214"/>
  <system-out/>
  <testcase classname="com.CA.qa.TestCases.ValidateCampaignPageTest" name="ValidateAppUrlInvalidErrorMsg" time="0.304"/>
  <system-out/>
  <testcase classname="com.CA.qa.TestCases.ValidateCampaignPageTest" name="ValidateConcurrentCallsEmptyErrorMsg" time="0.225"/>
  <system-out/>
  <testcase classname="com.CA.qa.TestCases.ValidateCampaignPageTest" name="ValidateConcurrentCallsRangeErrorMsg" time="0.281"/>
  <system-out/>
  <testcase classname="com.CA.qa.TestCases.ValidateCampaignPageTest" name="ValidateConcurrentCallsMaxRangeErrorMsg" time="10.267">
    <failure message="expected [Max Concurrent Calls should be between 1 and 9999.] but found []" type="java.lang.AssertionError">
      <![CDATA[java.lang.AssertionError: expected [Max Concurrent Calls should be between 1 and 9999.] but found []
at org.testng.Assert.fail(Assert.java:99)
at org.testng.Assert.failNotEquals(Assert.java:1037)
at org.testng.Assert.assertEqualsImpl(Assert.java:140)
at org.testng.Assert.assertEquals(Assert.java:122)
at org.testng.Assert.assertEquals(Assert.java:629)
at org.testng.Assert.assertEquals(Assert.java:639)
at com.CA.qa.TestCases.ValidateCampaignPageTest.ValidateConcurrentCallsMaxRangeErrorMsg(ValidateCampaignPageTest.java:312)
at java.base/jdk.internal.reflect.NativeMethodAccessorImpl.invoke0(Native Method)
at java.base/jdk.internal.reflect.NativeMethodAccessorImpl.invoke(NativeMethodAccessorImpl.java:62)
at java.base/jdk.internal.reflect.DelegatingMethodAccessorImpl.invoke(DelegatingMethodAccessorImpl.java:43)
at java.base/java.lang.reflect.Method.invoke(Method.java:564)
at org.testng.internal.MethodInvocationHelper.invokeMethod(MethodInvocationHelper.java:132)
at org.testng.internal.TestInvoker.invokeMethod(TestInvoker.java:599)
at org.testng.internal.TestInvoker.invokeTestMethod(TestInvoker.java:174)
at org.testng.internal.MethodRunner.runInSequence(MethodRunner.java:46)
at org.testng.internal.TestInvoker$MethodInvocationAgent.invoke(TestInvoker.java:822)
at org.testng.internal.TestInvoker.invokeTestMethods(TestInvoker.java:147)
at org.testng.internal.TestMethodWorker.invokeTestMethods(TestMethodWorker.java:146)
at org.testng.internal.TestMethodWorker.run(TestMethodWorker.java:128)
at java.base/java.util.ArrayList.forEach(ArrayList.java:1511)
at org.testng.TestRunner.privateRun(TestRunner.java:764)
at org.testng.TestRunner.run(TestRunner.java:585)
at org.testng.SuiteRunner.runTest(SuiteRunner.java:384)
at org.testng.SuiteRunner.runSequentially(SuiteRunner.java:378)
at org.testng.SuiteRunner.privateRun(SuiteRunner.java:337)
at org.testng.SuiteRunner.run(SuiteRunner.java:286)
at org.testng.SuiteRunnerWorker.runSuite(SuiteRunnerWorker.java:53)
at org.testng.SuiteRunnerWorker.run(SuiteRunnerWorker.java:96)
at org.testng.TestNG.runSuitesSequentially(TestNG.java:1218)
at org.testng.TestNG.runSuitesLocally(TestNG.java:1140)
at org.testng.TestNG.runSuites(TestNG.java:1069)
at org.testng.TestNG.run(TestNG.java:1037)
at org.testng.remote.AbstractRemoteTestNG.run(AbstractRemoteTestNG.java:115)
at org.testng.remote.RemoteTestNG.initAndRun(RemoteTestNG.java:251)
at org.testng.remote.RemoteTestNG.main(RemoteTestNG.java:77)
]]>
    </failure>
  </testcase> <!-- ValidateConcurrentCallsMaxRangeErrorMsg -->
  <system-out/>
  <testcase classname="com.CA.qa.TestCases.ValidateCampaignPageTest" name="ValidateCustomerRingTimeEmptyErrorMsg" time="0.181"/>
  <system-out/>
  <testcase classname="com.CA.qa.TestCases.ValidateCampaignPageTest" name="ValidateCustomerRingTimeRangeErrorMsg" time="0.300"/>
  <system-out/>
  <testcase classname="com.CA.qa.TestCases.ValidateCampaignPageTest" name="ValidateCustomerRingTimeRangeMaxErrorMsg" time="0.254"/>
  <system-out/>
  <testcase classname="com.CA.qa.TestCases.ValidateCampaignPageTest" name="ValidatePacingRatioEmptyErrorMsg" time="3.322"/>
  <system-out/>
  <testcase classname="com.CA.qa.TestCases.ValidateCampaignPageTest" name="ValidatePacingRatioInvalidErrorMsg" time="0.267"/>
  <system-out/>
  <testcase classname="com.CA.qa.TestCases.ValidateCampaignPageTest" name="ValidateMaxDropRatioEmptyErrorMsg" time="0.190"/>
  <system-out/>
  <testcase classname="com.CA.qa.TestCases.ValidateCampaignPageTest" name="ValidateMaxDropRatioRangeErrorMsg" time="0.241"/>
  <system-out/>
  <testcase classname="com.CA.qa.TestCases.ValidateCampaignPageTest" name="ValidateEmptyMapNameErrorMsg" time="21.327"/>
  <system-out/>
  <testcase classname="com.CA.qa.TestCases.ValidateCampaignPageTest" name="ValidateMapNameRangeErrorMsg" time="31.396"/>
  <system-out/>
  <testcase classname="com.CA.qa.TestCases.ValidateCampaignPageTest" name="ValidateMapNameSplRangeErrorMsg" time="31.330"/>
  <system-out/>
  <testcase classname="com.CA.qa.TestCases.ValidateCampaignPageTest" name="ValidateMapFileErrorMsg" time="21.314"/>
  <system-out/>
  <testcase classname="com.CA.qa.TestCases.ValidateCampaignPageTest" name="ValidateMapFileSampleTooltipMsg" time="11.153"/>
  <system-out/>
  <testcase classname="com.CA.qa.TestCases.ValidateCampaignPageTest" name="ValidateMapFileXlsOnlyTooltipMsg" time="11.157"/>
  <system-out/>
  <testcase classname="com.CA.qa.TestCases.ValidateCampaignPageTest" name="ValidateFileUploadSampleTooltipMsg" time="0.016"/>
  <system-out/>
  <testcase classname="com.CA.qa.TestCases.ValidateCampaignPageTest" name="ValidateFileUploadXlsOnlyTooltipMsg" time="0.017"/>
  <system-out/>
  <testcase classname="com.CA.qa.TestCases.ValidateCampaignPageTest" name="ValidateMappingTooltipMsg" time="0.015"/>
  <system-out/>
  <testcase classname="com.CA.qa.TestCases.ValidateCampaignPageTest" name="ValidateConsolidatedErrMsg" time="10.158"/>
  <system-out/>
</testsuite> <!-- com.CA.qa.TestCases.ValidateCampaignPageTest -->
