<?xml version="1.0" encoding="UTF-8"?>
<!-- Generated by org.testng.reporters.JUnitReportReporter -->
<testsuite hostname="ozonetel-santosh" failures="0" tests="13" name="com.CA.qa.TestCases.AdminHomePageTest" time="965.788" errors="0" timestamp="2021-02-15T23:30:05 IST" skipped="0">
  <testcase classname="com.CA.qa.TestCases.AdminHomePageTest" name="verifyAdminHomePage_TitleTest" time="50.042"/>
  <system-out/>
  <testcase classname="com.CA.qa.TestCases.AdminHomePageTest" name="verifyclickingoninbound" time="72.916"/>
  <system-out/>
  <testcase classname="com.CA.qa.TestCases.AdminHomePageTest" name="verifyclickingonOutbound" time="73.142"/>
  <system-out/>
  <testcase classname="com.CA.qa.TestCases.AdminHomePageTest" name="verifyAdminLogout" time="72.183"/>
  <system-out/>
  <testcase classname="com.CA.qa.TestCases.AdminHomePageTest" name="verifyOutboundAddCampaignButton" time="97.962"/>
  <system-out/>
  <testcase classname="com.CA.qa.TestCases.AdminHomePageTest" name="verifyInboundAddCampaignButton" time="97.597"/>
  <system-out/>
  <testcase classname="com.CA.qa.TestCases.AdminHomePageTest" name="verifyEditProfileIcon1_17" time="72.189"/>
  <system-out/>
  <testcase classname="com.CA.qa.TestCases.AdminHomePageTest" name="verifyInBoundCampaignIcon1_17" time="72.006"/>
  <system-out/>
  <testcase classname="com.CA.qa.TestCases.AdminHomePageTest" name="verifyoutBoundCampaignIcon1_17" time="72.567"/>
  <system-out/>
  <testcase classname="com.CA.qa.TestCases.AdminHomePageTest" name="verifyAgentsIcon1_17" time="71.290"/>
  <system-out/>
  <testcase classname="com.CA.qa.TestCases.AdminHomePageTest" name="verifyFwpNumberIcon1_17" time="71.302"/>
  <system-out/>
  <testcase classname="com.CA.qa.TestCases.AdminHomePageTest" name="verifySkillIcon1_17" time="71.404"/>
  <system-out/>
  <testcase classname="com.CA.qa.TestCases.AdminHomePageTest" name="verifyPauseReasonIcon1_17" time="71.188"/>
  <system-out/>
</testsuite> <!-- com.CA.qa.TestCases.AdminHomePageTest -->
