<?xml version="1.0" encoding="UTF-8"?>
<!-- Generated by org.testng.reporters.JUnitReportReporter -->
<testsuite hostname="ozonetel-santosh" failures="0" tests="25" name="com.CA.qa.TestCases.ValidateInboundCampaignPageTest" time="27.696" errors="0" timestamp="2021-04-07T16:44:34 IST" skipped="0">
  <testcase classname="com.CA.qa.TestCases.ValidateInboundCampaignPageTest" name="ValidateCampaignNameErrorMsg25_1" time="1.138"/>
  <system-out/>
  <testcase classname="com.CA.qa.TestCases.ValidateInboundCampaignPageTest" name="ValidateCampaignNameDuplicateErrorMsg25_11" time="1.168"/>
  <system-out/>
  <testcase classname="com.CA.qa.TestCases.ValidateInboundCampaignPageTest" name="ValidateCampaignNameRangeErrorMsg25_12" time="1.170"/>
  <system-out/>
  <testcase classname="com.CA.qa.TestCases.ValidateInboundCampaignPageTest" name="ValidateCampaignNameSplRangeErrorMsg25_13" time="1.144"/>
  <system-out/>
  <testcase classname="com.CA.qa.TestCases.ValidateInboundCampaignPageTest" name="ValidateCampaignNameSplRangeErrorMsg25_14" time="1.174"/>
  <system-out/>
  <testcase classname="com.CA.qa.TestCases.ValidateInboundCampaignPageTest" name="ValidateDidErrorMsg25_2" time="1.085"/>
  <system-out/>
  <testcase classname="com.CA.qa.TestCases.ValidateInboundCampaignPageTest" name="ValidateDidRangeErrorMsg25_21" time="1.185"/>
  <system-out/>
  <testcase classname="com.CA.qa.TestCases.ValidateInboundCampaignPageTest" name="ValidateDidRangeErrorMsg25_23" time="1.142"/>
  <system-out/>
  <testcase classname="com.CA.qa.TestCases.ValidateInboundCampaignPageTest" name="ValidateDidDuplicateErrorMsg25_22" time="1.161"/>
  <system-out/>
  <testcase classname="com.CA.qa.TestCases.ValidateInboundCampaignPageTest" name="ValidateDidRangeErrorMsg25_24" time="1.138"/>
  <system-out/>
  <testcase classname="com.CA.qa.TestCases.ValidateInboundCampaignPageTest" name="ValidateDidRangeErrorMsg25_25" time="1.164"/>
  <system-out/>
  <testcase classname="com.CA.qa.TestCases.ValidateInboundCampaignPageTest" name="ValidateDidRangeMaxErrorMsg" time="1.161"/>
  <system-out/>
  <testcase classname="com.CA.qa.TestCases.ValidateInboundCampaignPageTest" name="ValidateFallbackDidRangeMaxErrorMsg25_3" time="1.150"/>
  <system-out/>
  <testcase classname="com.CA.qa.TestCases.ValidateInboundCampaignPageTest" name="ValidateFallbackDidRangeMaxErrorMsg25_31" time="1.145"/>
  <system-out/>
  <testcase classname="com.CA.qa.TestCases.ValidateInboundCampaignPageTest" name="ValidateFallbackDidRangeMaxErrorMsg25_32" time="1.156"/>
  <system-out/>
  <testcase classname="com.CA.qa.TestCases.ValidateInboundCampaignPageTest" name="ValidateFallbackDidRangeMaxErrorMsg25_33" time="1.146"/>
  <system-out/>
  <testcase classname="com.CA.qa.TestCases.ValidateInboundCampaignPageTest" name="ValidatePrefixRangeErrorMsg25_4" time="1.192"/>
  <system-out/>
  <testcase classname="com.CA.qa.TestCases.ValidateInboundCampaignPageTest" name="ValidatePrefixRangeErrorMsg25_41" time="1.183"/>
  <system-out/>
  <testcase classname="com.CA.qa.TestCases.ValidateInboundCampaignPageTest" name="ValidateBlockNoEmptyErrorMsg25_8" time="1.186"/>
  <system-out/>
  <testcase classname="com.CA.qa.TestCases.ValidateInboundCampaignPageTest" name="ValidatePrefixRangeErrorMsg25_42" time="1.204"/>
  <system-out/>
  <testcase classname="com.CA.qa.TestCases.ValidateInboundCampaignPageTest" name="ValidateSkillErrorMsg25_5" time="1.087"/>
  <system-out/>
  <testcase classname="com.CA.qa.TestCases.ValidateInboundCampaignPageTest" name="ValidateWrapupErrorMsg25_6" time="1.093"/>
  <system-out/>
  <testcase classname="com.CA.qa.TestCases.ValidateInboundCampaignPageTest" name="ValidateDispositionErrorMsg25_7" time="1.080"/>
  <system-out/>
  <testcase classname="com.CA.qa.TestCases.ValidateInboundCampaignPageTest" name="ValidatePluginNameErrorMsg25_9" time="1.214"/>
  <system-out/>
  <testcase classname="com.CA.qa.TestCases.ValidateInboundCampaignPageTest" name="ValidateDefaultManualDialDisabledOrNot" time="0.030"/>
  <system-out/>
</testsuite> <!-- com.CA.qa.TestCases.ValidateInboundCampaignPageTest -->
