<?xml version="1.0" encoding="UTF-8"?>
<!-- Generated by org.testng.reporters.JUnitReportReporter -->
<testsuite hostname="ozonetel-santosh" failures="0" tests="21" name="com.CA.qa.TestCases.ValidateInboundCampaignPageTest" time="3.494" errors="0" timestamp="2021-01-27T12:27:11 IST" skipped="0">
  <testcase classname="com.CA.qa.TestCases.ValidateInboundCampaignPageTest" name="ValidateCampaignNameErrorMsg25_1" time="0.129"/>
  <system-out/>
  <testcase classname="com.CA.qa.TestCases.ValidateInboundCampaignPageTest" name="ValidateCampaignNameRangeErrorMsg25_12" time="0.172"/>
  <system-out/>
  <testcase classname="com.CA.qa.TestCases.ValidateInboundCampaignPageTest" name="ValidateCampaignNameSplRangeErrorMsg25_13" time="0.168"/>
  <system-out/>
  <testcase classname="com.CA.qa.TestCases.ValidateInboundCampaignPageTest" name="ValidateCampaignNameSplRangeErrorMsg25_14" time="0.166"/>
  <system-out/>
  <testcase classname="com.CA.qa.TestCases.ValidateInboundCampaignPageTest" name="ValidateDidErrorMsg25_2" time="0.102"/>
  <system-out/>
  <testcase classname="com.CA.qa.TestCases.ValidateInboundCampaignPageTest" name="ValidateDidRangeErrorMsg25_21" time="0.174"/>
  <system-out/>
  <testcase classname="com.CA.qa.TestCases.ValidateInboundCampaignPageTest" name="ValidateDidRangeErrorMsg25_23" time="0.155"/>
  <system-out/>
  <testcase classname="com.CA.qa.TestCases.ValidateInboundCampaignPageTest" name="ValidateDidRangeErrorMsg25_24" time="0.171"/>
  <system-out/>
  <testcase classname="com.CA.qa.TestCases.ValidateInboundCampaignPageTest" name="ValidateDidRangeErrorMsg25_25" time="0.173"/>
  <system-out/>
  <testcase classname="com.CA.qa.TestCases.ValidateInboundCampaignPageTest" name="ValidateDidRangeMaxErrorMsg" time="0.199"/>
  <system-out/>
  <testcase classname="com.CA.qa.TestCases.ValidateInboundCampaignPageTest" name="ValidateFallbackDidRangeMaxErrorMsg25_3" time="0.202"/>
  <system-out/>
  <testcase classname="com.CA.qa.TestCases.ValidateInboundCampaignPageTest" name="ValidateFallbackDidRangeMaxErrorMsg25_31" time="0.187"/>
  <system-out/>
  <testcase classname="com.CA.qa.TestCases.ValidateInboundCampaignPageTest" name="ValidateFallbackDidRangeMaxErrorMsg25_32" time="0.189"/>
  <system-out/>
  <testcase classname="com.CA.qa.TestCases.ValidateInboundCampaignPageTest" name="ValidateFallbackDidRangeMaxErrorMsg25_33" time="0.164"/>
  <system-out/>
  <testcase classname="com.CA.qa.TestCases.ValidateInboundCampaignPageTest" name="ValidatePrefixRangeErrorMsg25_4" time="0.222"/>
  <system-out/>
  <testcase classname="com.CA.qa.TestCases.ValidateInboundCampaignPageTest" name="ValidatePrefixRangeErrorMsg25_41" time="0.204"/>
  <system-out/>
  <testcase classname="com.CA.qa.TestCases.ValidateInboundCampaignPageTest" name="ValidatePrefixRangeErrorMsg25_42" time="0.198"/>
  <system-out/>
  <testcase classname="com.CA.qa.TestCases.ValidateInboundCampaignPageTest" name="ValidateSkillErrorMsg25_5" time="0.095"/>
  <system-out/>
  <testcase classname="com.CA.qa.TestCases.ValidateInboundCampaignPageTest" name="ValidateWrapupErrorMsg25_6" time="0.085"/>
  <system-out/>
  <testcase classname="com.CA.qa.TestCases.ValidateInboundCampaignPageTest" name="ValidateDispositionErrorMsg25_7" time="0.089"/>
  <system-out/>
  <testcase classname="com.CA.qa.TestCases.ValidateInboundCampaignPageTest" name="ValidatePluginNameErrorMsg25_9" time="0.250"/>
  <system-out/>
</testsuite> <!-- com.CA.qa.TestCases.ValidateInboundCampaignPageTest -->
