<?xml version="1.0" encoding="UTF-8"?>
<!-- Generated by org.testng.reporters.JUnitReportReporter -->
<testsuite skipped="1" hostname="ozonetel-Vostro-270s" name="com.CA.qa.TestCases.LoginAgents" tests="41" failures="0" timestamp="27 Sep 2019 06:43:15 GMT" time="294.964" errors="1">
  <testcase name="setup" time="4.564" classname="com.CA.qa.TestCases.LoginAgents">
    <error type="org.openqa.selenium.WebDriverException" message="unknown error: Chrome failed to start: exited abnormally
  (unknown error: DevToolsActivePort file doesn&#039;t exist)
  (The process started from chrome location /usr/bin/google-chrome is no longer running, so ChromeDriver is assuming that Chrome has crashed.)
  (Driver info: chromedriver=2.46.628388 (4a34a70827ac54148e092aafb70504c4ea7ae926),platform=Linux 4.15.0-64-generic x86_64) (WARNING: The server did not provide any stacktrace information)
Command duration or timeout: 1.36 seconds
Build info: version: &#039;3.5.3&#039;, revision: &#039;a88d25fe6b&#039;, time: &#039;2017-08-29T12:42:44.417Z&#039;
System info: host: &#039;ozonetel-Vostro-270s&#039;, ip: &#039;127.0.1.1&#039;, os.name: &#039;Linux&#039;, os.arch: &#039;amd64&#039;, os.version: &#039;4.15.0-64-generic&#039;, java.version: &#039;1.8.0_222&#039;
Driver info: driver.version: ChromeDriver">
      <![CDATA[org.openqa.selenium.WebDriverException: unknown error: Chrome failed to start: exited abnormally
  (unknown error: DevToolsActivePort file doesn't exist)
  (The process started from chrome location /usr/bin/google-chrome is no longer running, so ChromeDriver is assuming that Chrome has crashed.)
  (Driver info: chromedriver=2.46.628388 (4a34a70827ac54148e092aafb70504c4ea7ae926),platform=Linux 4.15.0-64-generic x86_64) (WARNING: The server did not provide any stacktrace information)
Command duration or timeout: 1.36 seconds
Build info: version: '3.5.3', revision: 'a88d25fe6b', time: '2017-08-29T12:42:44.417Z'
System info: host: 'ozonetel-Vostro-270s', ip: '127.0.1.1', os.name: 'Linux', os.arch: 'amd64', os.version: '4.15.0-64-generic', java.version: '1.8.0_222'
Driver info: driver.version: ChromeDriver
at sun.reflect.NativeConstructorAccessorImpl.newInstance0(Native Method)
at sun.reflect.NativeConstructorAccessorImpl.newInstance(NativeConstructorAccessorImpl.java:62)
at sun.reflect.DelegatingConstructorAccessorImpl.newInstance(DelegatingConstructorAccessorImpl.java:45)
at java.lang.reflect.Constructor.newInstance(Constructor.java:423)
at org.openqa.selenium.remote.ErrorHandler.createThrowable(ErrorHandler.java:215)
at org.openqa.selenium.remote.ErrorHandler.throwIfResponseFailed(ErrorHandler.java:167)
at org.openqa.selenium.remote.JsonWireProtocolResponse.lambda$new$0(JsonWireProtocolResponse.java:53)
at org.openqa.selenium.remote.JsonWireProtocolResponse.lambda$getResponseFunction$2(JsonWireProtocolResponse.java:91)
at org.openqa.selenium.remote.ProtocolHandshake.lambda$createSession$24(ProtocolHandshake.java:359)
at java.util.stream.ReferencePipeline$3$1.accept(ReferencePipeline.java:193)
at java.util.Spliterators$ArraySpliterator.tryAdvance(Spliterators.java:958)
at java.util.stream.ReferencePipeline.forEachWithCancel(ReferencePipeline.java:126)
at java.util.stream.AbstractPipeline.copyIntoWithCancel(AbstractPipeline.java:499)
at java.util.stream.AbstractPipeline.copyInto(AbstractPipeline.java:486)
at java.util.stream.AbstractPipeline.wrapAndCopyInto(AbstractPipeline.java:472)
at java.util.stream.FindOps$FindOp.evaluateSequential(FindOps.java:152)
at java.util.stream.AbstractPipeline.evaluate(AbstractPipeline.java:234)
at java.util.stream.ReferencePipeline.findFirst(ReferencePipeline.java:531)
at org.openqa.selenium.remote.ProtocolHandshake.createSession(ProtocolHandshake.java:362)
at org.openqa.selenium.remote.ProtocolHandshake.createSession(ProtocolHandshake.java:136)
at org.openqa.selenium.remote.HttpCommandExecutor.execute(HttpCommandExecutor.java:142)
at org.openqa.selenium.remote.service.DriverCommandExecutor.execute(DriverCommandExecutor.java:82)
at org.openqa.selenium.remote.RemoteWebDriver.execute(RemoteWebDriver.java:646)
at org.openqa.selenium.remote.RemoteWebDriver.startSession(RemoteWebDriver.java:255)
at org.openqa.selenium.remote.RemoteWebDriver.startSession(RemoteWebDriver.java:237)
at org.openqa.selenium.remote.RemoteWebDriver.<init>(RemoteWebDriver.java:138)
at org.openqa.selenium.chrome.ChromeDriver.<init>(ChromeDriver.java:178)
at org.openqa.selenium.chrome.ChromeDriver.<init>(ChromeDriver.java:167)
at org.openqa.selenium.chrome.ChromeDriver.<init>(ChromeDriver.java:156)
at com.CA.qa.Base.TestBase.ATBLogin(TestBase.java:73)
at com.CA.qa.TestCases.LoginAgents.setup(LoginAgents.java:26)
at sun.reflect.GeneratedMethodAccessor9.invoke(Unknown Source)
at sun.reflect.DelegatingMethodAccessorImpl.invoke(DelegatingMethodAccessorImpl.java:43)
at java.lang.reflect.Method.invoke(Method.java:498)
at org.testng.internal.MethodInvocationHelper.invokeMethod(MethodInvocationHelper.java:124)
at org.testng.internal.MethodInvocationHelper.invokeMethodConsideringTimeout(MethodInvocationHelper.java:59)
at org.testng.internal.Invoker.invokeConfigurationMethod(Invoker.java:458)
at org.testng.internal.Invoker.invokeConfigurations(Invoker.java:222)
at org.testng.internal.Invoker.invokeMethod(Invoker.java:523)
at org.testng.internal.Invoker.invokeTestMethod(Invoker.java:719)
at org.testng.internal.Invoker.invokeTestMethods(Invoker.java:989)
at org.testng.internal.TestMethodWorker.invokeTestMethods(TestMethodWorker.java:125)
at org.testng.internal.TestMethodWorker.run(TestMethodWorker.java:109)
at org.testng.TestRunner.privateRun(TestRunner.java:648)
at org.testng.TestRunner.run(TestRunner.java:505)
at org.testng.SuiteRunner.runTest(SuiteRunner.java:455)
at org.testng.SuiteRunner.runSequentially(SuiteRunner.java:450)
at org.testng.SuiteRunner.privateRun(SuiteRunner.java:415)
at org.testng.SuiteRunner.run(SuiteRunner.java:364)
at org.testng.SuiteRunnerWorker.runSuite(SuiteRunnerWorker.java:52)
at org.testng.SuiteRunnerWorker.run(SuiteRunnerWorker.java:84)
at org.testng.TestNG.runSuitesSequentially(TestNG.java:1208)
at org.testng.TestNG.runSuitesLocally(TestNG.java:1137)
at org.testng.TestNG.runSuites(TestNG.java:1049)
at org.testng.TestNG.run(TestNG.java:1017)
at org.testng.remote.AbstractRemoteTestNG.run(AbstractRemoteTestNG.java:115)
at org.testng.remote.RemoteTestNG.initAndRun(RemoteTestNG.java:251)
at org.testng.remote.RemoteTestNG.main(RemoteTestNG.java:77)
]]>
    </error>
  </testcase> <!-- setup -->
  <testcase name="LoginAgentsIntoATB" time="15.810" classname="com.CA.qa.TestCases.LoginAgents"/>
  <testcase name="LoginAgentsIntoATB" time="6.393" classname="com.CA.qa.TestCases.LoginAgents"/>
  <testcase name="LoginAgentsIntoATB" time="6.816" classname="com.CA.qa.TestCases.LoginAgents"/>
  <testcase name="LoginAgentsIntoATB" time="6.392" classname="com.CA.qa.TestCases.LoginAgents"/>
  <testcase name="LoginAgentsIntoATB" time="16.438" classname="com.CA.qa.TestCases.LoginAgents"/>
  <testcase name="LoginAgentsIntoATB" time="6.866" classname="com.CA.qa.TestCases.LoginAgents"/>
  <testcase name="LoginAgentsIntoATB" time="6.921" classname="com.CA.qa.TestCases.LoginAgents"/>
  <testcase name="LoginAgentsIntoATB" time="9.043" classname="com.CA.qa.TestCases.LoginAgents"/>
  <testcase name="LoginAgentsIntoATB" time="6.566" classname="com.CA.qa.TestCases.LoginAgents"/>
  <testcase name="LoginAgentsIntoATB" time="6.759" classname="com.CA.qa.TestCases.LoginAgents"/>
  <testcase name="LoginAgentsIntoATB" time="6.476" classname="com.CA.qa.TestCases.LoginAgents"/>
  <testcase name="LoginAgentsIntoATB" time="6.694" classname="com.CA.qa.TestCases.LoginAgents"/>
  <testcase name="LoginAgentsIntoATB" time="9.358" classname="com.CA.qa.TestCases.LoginAgents"/>
  <testcase name="LoginAgentsIntoATB" time="6.428" classname="com.CA.qa.TestCases.LoginAgents"/>
  <testcase name="LoginAgentsIntoATB" time="6.597" classname="com.CA.qa.TestCases.LoginAgents"/>
  <testcase name="LoginAgentsIntoATB" time="8.875" classname="com.CA.qa.TestCases.LoginAgents"/>
  <testcase name="LoginAgentsIntoATB" time="6.857" classname="com.CA.qa.TestCases.LoginAgents"/>
  <testcase name="LoginAgentsIntoATB" time="6.765" classname="com.CA.qa.TestCases.LoginAgents"/>
  <testcase name="LoginAgentsIntoATB" time="6.555" classname="com.CA.qa.TestCases.LoginAgents"/>
  <testcase name="LoginAgentsIntoATB" time="7.972" classname="com.CA.qa.TestCases.LoginAgents"/>
  <testcase name="LoginAgentsIntoATB" time="7.177" classname="com.CA.qa.TestCases.LoginAgents"/>
  <testcase name="LoginAgentsIntoATB" time="6.973" classname="com.CA.qa.TestCases.LoginAgents"/>
  <testcase name="LoginAgentsIntoATB" time="6.436" classname="com.CA.qa.TestCases.LoginAgents"/>
  <testcase name="LoginAgentsIntoATB" time="8.708" classname="com.CA.qa.TestCases.LoginAgents"/>
  <testcase name="LoginAgentsIntoATB" time="6.676" classname="com.CA.qa.TestCases.LoginAgents"/>
  <testcase name="LoginAgentsIntoATB" time="6.660" classname="com.CA.qa.TestCases.LoginAgents"/>
  <testcase name="LoginAgentsIntoATB" time="6.568" classname="com.CA.qa.TestCases.LoginAgents"/>
  <testcase name="LoginAgentsIntoATB" time="7.081" classname="com.CA.qa.TestCases.LoginAgents"/>
  <testcase name="LoginAgentsIntoATB" time="6.650" classname="com.CA.qa.TestCases.LoginAgents"/>
  <testcase name="LoginAgentsIntoATB" time="6.671" classname="com.CA.qa.TestCases.LoginAgents"/>
  <testcase name="LoginAgentsIntoATB" time="7.068" classname="com.CA.qa.TestCases.LoginAgents"/>
  <testcase name="LoginAgentsIntoATB" time="1.729" classname="com.CA.qa.TestCases.LoginAgents">
    <skipped/>
  </testcase> <!-- LoginAgentsIntoATB -->
  <testcase name="LoginAgentsIntoATB" time="6.772" classname="com.CA.qa.TestCases.LoginAgents"/>
  <testcase name="LoginAgentsIntoATB" time="6.563" classname="com.CA.qa.TestCases.LoginAgents"/>
  <testcase name="LoginAgentsIntoATB" time="7.525" classname="com.CA.qa.TestCases.LoginAgents"/>
  <testcase name="LoginAgentsIntoATB" time="6.812" classname="com.CA.qa.TestCases.LoginAgents"/>
  <testcase name="LoginAgentsIntoATB" time="6.965" classname="com.CA.qa.TestCases.LoginAgents"/>
  <testcase name="LoginAgentsIntoATB" time="6.818" classname="com.CA.qa.TestCases.LoginAgents"/>
  <testcase name="LoginAgentsIntoATB" time="4.995" classname="com.CA.qa.TestCases.LoginAgents"/>
  <testcase name="LoginAgentsIntoATB" time="4.972" classname="com.CA.qa.TestCases.LoginAgents"/>
</testsuite> <!-- com.CA.qa.TestCases.LoginAgents -->
